C:\FREEDOS\freedos
C:\FREEDOS\appinfo
C:\FREEDOS\appinfo\assign.de
C:\FREEDOS\appinfo\assign.fr
C:\FREEDOS\appinfo\assign.lsm
C:\FREEDOS\appinfo\assign.sv
C:\FREEDOS\appinfo\assign.tr
C:\FREEDOS\bin
C:\FREEDOS\bin\assign.com
C:\FREEDOS\doc
C:\FREEDOS\doc\assign
C:\FREEDOS\doc\assign\assign.1
C:\FREEDOS\doc\assign\bugs
C:\FREEDOS\doc\assign\files
C:\FREEDOS\doc\assign\history
C:\FREEDOS\doc\assign\notes
C:\FREEDOS\help
C:\FREEDOS\help\assign.de
C:\FREEDOS\help\assign.en
C:\FREEDOS\help\assign.es
C:\FREEDOS\help\assign.fr
C:\FREEDOS\help\assign.ptb
C:\FREEDOS\help\assign.sv
C:\FREEDOS\help\assign.tr
C:\FREEDOS\source
C:\FREEDOS\source\assign
C:\FREEDOS\source\assign\sources.zip
