C:\FREEDOS\freedos
C:\FREEDOS\appinfo
C:\FREEDOS\appinfo\choice.de
C:\FREEDOS\appinfo\choice.fr
C:\FREEDOS\appinfo\choice.lsm
C:\FREEDOS\appinfo\choice.sv
C:\FREEDOS\appinfo\choice.tr
C:\FREEDOS\bin
C:\FREEDOS\bin\_choice.exe
C:\FREEDOS\bin\choice.exe
C:\FREEDOS\doc
C:\FREEDOS\doc\choice
C:\FREEDOS\doc\choice\bugs
C:\FREEDOS\doc\choice\install
C:\FREEDOS\doc\choice\news
C:\FREEDOS\doc\choice\readme
C:\FREEDOS\help
C:\FREEDOS\help\choice.de
C:\FREEDOS\help\choice.en
C:\FREEDOS\help\choice.es
C:\FREEDOS\help\choice.fr
C:\FREEDOS\help\choice.ptb
C:\FREEDOS\help\choice.sv
C:\FREEDOS\help\choice.tr
C:\FREEDOS\nls
C:\FREEDOS\nls\choice.de
C:\FREEDOS\nls\choice.dk
C:\FREEDOS\nls\choice.en
C:\FREEDOS\nls\choice.es
C:\FREEDOS\nls\choice.fi
C:\FREEDOS\nls\choice.fr
C:\FREEDOS\nls\choice.hu
C:\FREEDOS\nls\choice.it
C:\FREEDOS\nls\choice.lv
C:\FREEDOS\nls\choice.nl
C:\FREEDOS\nls\choice.pl
C:\FREEDOS\nls\choice.pt
C:\FREEDOS\nls\choice.ru
C:\FREEDOS\nls\choice.sl
C:\FREEDOS\nls\choice.sv
C:\FREEDOS\nls\choice.tr
C:\FREEDOS\source
C:\FREEDOS\source\choice
C:\FREEDOS\source\choice\sources.zip
