C:\FREEDOS\freedos
C:\FREEDOS\appinfo
C:\FREEDOS\appinfo\cpidos.de
C:\FREEDOS\appinfo\cpidos.fr
C:\FREEDOS\appinfo\cpidos.lsm
C:\FREEDOS\appinfo\cpidos.sv
C:\FREEDOS\appinfo\cpidos.tr
C:\FREEDOS\cpi
C:\FREEDOS\cpi\ega10.cpx
C:\FREEDOS\cpi\ega11.cpx
C:\FREEDOS\cpi\ega12.cpx
C:\FREEDOS\cpi\ega13.cpx
C:\FREEDOS\cpi\ega14.cpx
C:\FREEDOS\cpi\ega15.cpx
C:\FREEDOS\cpi\ega16.cpx
C:\FREEDOS\cpi\ega17.cpx
C:\FREEDOS\cpi\ega18.cpx
C:\FREEDOS\cpi\ega2.cpx
C:\FREEDOS\cpi\ega3.cpx
C:\FREEDOS\cpi\ega4.cpx
C:\FREEDOS\cpi\ega5.cpx
C:\FREEDOS\cpi\ega6.cpx
C:\FREEDOS\cpi\ega7.cpx
C:\FREEDOS\cpi\ega8.cpx
C:\FREEDOS\cpi\ega9.cpx
C:\FREEDOS\cpi\ega.cpx
C:\FREEDOS\doc
C:\FREEDOS\doc\cpidos
C:\FREEDOS\doc\cpidos\codepage.txt
C:\FREEDOS\doc\cpidos\copying.txt
C:\FREEDOS\doc\cpidos\history.txt
C:\FREEDOS\doc\cpidos\readme.txt
