C:\FREEDOS\freedos
C:\FREEDOS\appinfo
C:\FREEDOS\appinfo\cwsdpmi.de
C:\FREEDOS\appinfo\cwsdpmi.fr
C:\FREEDOS\appinfo\cwsdpmi.lsm
C:\FREEDOS\appinfo\cwsdpmi.sv
C:\FREEDOS\appinfo\cwsdpmi.tr
C:\FREEDOS\bin
C:\FREEDOS\bin\cwsdpmi.exe
C:\FREEDOS\bin\cwsdpr0.exe
C:\FREEDOS\bin\cwsdstr0.exe
C:\FREEDOS\bin\cwsdstub.exe
C:\FREEDOS\bin\cwsparam.exe
C:\FREEDOS\doc
C:\FREEDOS\doc\cwsdpmi
C:\FREEDOS\doc\cwsdpmi\copying.cws
C:\FREEDOS\doc\cwsdpmi\csdpmi7b.ver
C:\FREEDOS\doc\cwsdpmi\cwsdpmi.doc
C:\FREEDOS\doc\cwsdpmi\cwsparam.doc
C:\FREEDOS\source
C:\FREEDOS\source\cwsdpmi
C:\FREEDOS\source\cwsdpmi\sources.zip
