C:\FREEDOS\freedos
C:\FREEDOS\appinfo
C:\FREEDOS\appinfo\dosfsck.de
C:\FREEDOS\appinfo\dosfsck.fr
C:\FREEDOS\appinfo\dosfsck.lsm
C:\FREEDOS\appinfo\dosfsck.sv
C:\FREEDOS\appinfo\dosfsck.tr
C:\FREEDOS\bin
C:\FREEDOS\bin\dosfsck.exe
C:\FREEDOS\doc
C:\FREEDOS\doc\dosfsck
C:\FREEDOS\doc\dosfsck\changes
C:\FREEDOS\doc\dosfsck\copying
C:\FREEDOS\doc\dosfsck\dosfsck.8
C:\FREEDOS\doc\dosfsck\help.txt
C:\FREEDOS\doc\dosfsck\patches.zip
C:\FREEDOS\doc\dosfsck\readme.ata
C:\FREEDOS\doc\dosfsck\readme.v1
C:\FREEDOS\doc\dosfsck\todo
C:\FREEDOS\source
C:\FREEDOS\source\dosfsck
C:\FREEDOS\source\dosfsck\sources.zip
