C:\FREEDOS\freedos
C:\FREEDOS\appinfo
C:\FREEDOS\appinfo\doslfn.de
C:\FREEDOS\appinfo\doslfn.fr
C:\FREEDOS\appinfo\doslfn.lsm
C:\FREEDOS\appinfo\doslfn.sv
C:\FREEDOS\appinfo\doslfn.tr
C:\FREEDOS\bin
C:\FREEDOS\bin\c1258uni.tbl
C:\FREEDOS\bin\cp437uni.tbl
C:\FREEDOS\bin\cp720uni.tbl
C:\FREEDOS\bin\cp737uni.tbl
C:\FREEDOS\bin\cp775uni.tbl
C:\FREEDOS\bin\cp850uni.tbl
C:\FREEDOS\bin\cp852uni.tbl
C:\FREEDOS\bin\cp855uni.tbl
C:\FREEDOS\bin\cp857uni.tbl
C:\FREEDOS\bin\cp858uni.tbl
C:\FREEDOS\bin\cp860uni.tbl
C:\FREEDOS\bin\cp861uni.tbl
C:\FREEDOS\bin\cp862uni.tbl
C:\FREEDOS\bin\cp863uni.tbl
C:\FREEDOS\bin\cp864uni.tbl
C:\FREEDOS\bin\cp865uni.tbl
C:\FREEDOS\bin\cp866uni.tbl
C:\FREEDOS\bin\cp869uni.tbl
C:\FREEDOS\bin\cp874uni.tbl
C:\FREEDOS\bin\cp932uni.tbl
C:\FREEDOS\bin\cp936uni.gbk
C:\FREEDOS\bin\cp936uni.tbl
C:\FREEDOS\bin\cp949uni.tbl
C:\FREEDOS\bin\cp950uni.tbl
C:\FREEDOS\bin\doslfn.com
C:\FREEDOS\bin\doslfnms.com
C:\FREEDOS\doc
C:\FREEDOS\doc\doslfn
C:\FREEDOS\doc\doslfn\doslfn.txt
C:\FREEDOS\doc\doslfn\lowdma.txt
C:\FREEDOS\doc\doslfn\tbl.txt
C:\FREEDOS\doc\doslfn\todo.txt
C:\FREEDOS\help
C:\FREEDOS\help\doslfn.de
C:\FREEDOS\help\doslfn.en
C:\FREEDOS\help\doslfn.es
C:\FREEDOS\help\doslfn.fr
C:\FREEDOS\source
C:\FREEDOS\source\doslfn
C:\FREEDOS\source\doslfn\sources.zip
