C:\FREEDOS\freedos
C:\FREEDOS\appinfo
C:\FREEDOS\appinfo\edict.de
C:\FREEDOS\appinfo\edict.fr
C:\FREEDOS\appinfo\edict.lsm
C:\FREEDOS\appinfo\edict.sv
C:\FREEDOS\appinfo\edict.tr
C:\FREEDOS\bin
C:\FREEDOS\bin\edict.com
C:\FREEDOS\doc
C:\FREEDOS\doc\edict
C:\FREEDOS\doc\edict\language.txt
C:\FREEDOS\doc\edict\license
C:\FREEDOS\doc\edict\readme.md
C:\FREEDOS\nls
C:\FREEDOS\nls\edict.de
C:\FREEDOS\nls\edict.en
C:\FREEDOS\nls\edict.es
C:\FREEDOS\nls\edict.fr
C:\FREEDOS\nls\edict.tr
C:\FREEDOS\source
C:\FREEDOS\source\edict
C:\FREEDOS\source\edict\sources.zip
