C:\FREEDOS\freedos
C:\FREEDOS\appinfo
C:\FREEDOS\appinfo\edlin.de
C:\FREEDOS\appinfo\edlin.fr
C:\FREEDOS\appinfo\edlin.lsm
C:\FREEDOS\appinfo\edlin.sv
C:\FREEDOS\appinfo\edlin.tr
C:\FREEDOS\bin
C:\FREEDOS\bin\edlin32.exe
C:\FREEDOS\bin\edlin.exe
C:\FREEDOS\doc
C:\FREEDOS\doc\edlin
C:\FREEDOS\doc\edlin\authors
C:\FREEDOS\doc\edlin\changes
C:\FREEDOS\doc\edlin\copying
C:\FREEDOS\doc\edlin\edlin-de.htm
C:\FREEDOS\doc\edlin\edlin-en.htm
C:\FREEDOS\doc\edlin\edlin-fr.htm
C:\FREEDOS\doc\edlin\edlin-ja.htm
C:\FREEDOS\doc\edlin\edlin-ja.txt
C:\FREEDOS\doc\edlin\edlin-sv.htm
C:\FREEDOS\doc\edlin\edlin-tr.htm
C:\FREEDOS\doc\edlin\edlin-tr.txt
C:\FREEDOS\doc\edlin\edlin-tr.utf
C:\FREEDOS\doc\edlin\edlin.htm
C:\FREEDOS\doc\edlin\install
C:\FREEDOS\doc\edlin\news
C:\FREEDOS\doc\edlin\readme
C:\FREEDOS\doc\edlin\todo
C:\FREEDOS\nls
C:\FREEDOS\nls\edlin.da
C:\FREEDOS\nls\edlin.de
C:\FREEDOS\nls\edlin.en
C:\FREEDOS\nls\edlin.eo
C:\FREEDOS\nls\edlin.es
C:\FREEDOS\nls\edlin.eu
C:\FREEDOS\nls\edlin.fi
C:\FREEDOS\nls\edlin.fr
C:\FREEDOS\nls\edlin.is
C:\FREEDOS\nls\edlin.it
C:\FREEDOS\nls\edlin.ja
C:\FREEDOS\nls\edlin.la
C:\FREEDOS\nls\edlin.nl
C:\FREEDOS\nls\edlin.no
C:\FREEDOS\nls\edlin.pl
C:\FREEDOS\nls\edlin.pt
C:\FREEDOS\nls\edlin.sl
C:\FREEDOS\nls\edlin.sv
C:\FREEDOS\nls\edlin.tr
C:\FREEDOS\source
C:\FREEDOS\source\edlin
C:\FREEDOS\source\edlin\sources.zip
