C:\FREEDOS\freedos
C:\FREEDOS\appinfo
C:\FREEDOS\appinfo\exe2bin.de
C:\FREEDOS\appinfo\exe2bin.fr
C:\FREEDOS\appinfo\exe2bin.lsm
C:\FREEDOS\appinfo\exe2bin.sv
C:\FREEDOS\appinfo\exe2bin.tr
C:\FREEDOS\bin
C:\FREEDOS\bin\exe2bin.com
C:\FREEDOS\doc
C:\FREEDOS\doc\exe2bin
C:\FREEDOS\doc\exe2bin\exe2bin.txt
C:\FREEDOS\doc\exe2bin\license.txt
C:\FREEDOS\help
C:\FREEDOS\help\exe2bin.de
C:\FREEDOS\help\exe2bin.en
C:\FREEDOS\help\exe2bin.es
C:\FREEDOS\help\exe2bin.fr
C:\FREEDOS\help\exe2bin.sv
C:\FREEDOS\help\exe2bin.tr
C:\FREEDOS\source
C:\FREEDOS\source\exe2bin
C:\FREEDOS\source\exe2bin\sources.zip
