C:\FREEDOS\freedos
C:\FREEDOS\appinfo
C:\FREEDOS\appinfo\fc.de
C:\FREEDOS\appinfo\fc.fr
C:\FREEDOS\appinfo\fc.lsm
C:\FREEDOS\appinfo\fc.sv
C:\FREEDOS\appinfo\fc.tr
C:\FREEDOS\bin
C:\FREEDOS\bin\fc.exe
C:\FREEDOS\doc
C:\FREEDOS\doc\fc
C:\FREEDOS\doc\fc\copying
C:\FREEDOS\doc\fc\fc.txt
C:\FREEDOS\doc\fc\history.txt
C:\FREEDOS\help
C:\FREEDOS\help\fc.de
C:\FREEDOS\help\fc.en
C:\FREEDOS\help\fc.es
C:\FREEDOS\help\fc.fr
C:\FREEDOS\help\fc.tr
C:\FREEDOS\nls
C:\FREEDOS\nls\fc.de
C:\FREEDOS\nls\fc.dk
C:\FREEDOS\nls\fc.en
C:\FREEDOS\nls\fc.es
C:\FREEDOS\nls\fc.fr
C:\FREEDOS\nls\fc.it
C:\FREEDOS\nls\fc.lv
C:\FREEDOS\nls\fc.nl
C:\FREEDOS\nls\fc.pl
C:\FREEDOS\nls\fc.sl
C:\FREEDOS\nls\fc.sv
C:\FREEDOS\nls\fc.tr
C:\FREEDOS\source
C:\FREEDOS\source\fc
C:\FREEDOS\source\fc\sources.zip
