C:\FREEDOS\freedos
C:\FREEDOS\appinfo
C:\FREEDOS\appinfo\fdhelper.de
C:\FREEDOS\appinfo\fdhelper.fr
C:\FREEDOS\appinfo\fdhelper.lsm
C:\FREEDOS\appinfo\fdhelper.sv
C:\FREEDOS\appinfo\fdhelper.tr
C:\FREEDOS\bin
C:\FREEDOS\bin\apropos.bat
C:\FREEDOS\bin\cdrom.bat
C:\FREEDOS\bin\fasthelp.bat
C:\FREEDOS\bin\fdhelp.bat
C:\FREEDOS\bin\help.bat
C:\FREEDOS\bin\onelang.bat
C:\FREEDOS\bin\setlang.bat
C:\FREEDOS\bin\welcome.bat
C:\FREEDOS\bin\whatis.bat
C:\FREEDOS\help
C:\FREEDOS\help\cdrom.de
C:\FREEDOS\help\cdrom.en
C:\FREEDOS\help\cdrom.es
C:\FREEDOS\help\cdrom.fr
C:\FREEDOS\help\cdrom.sv
C:\FREEDOS\help\cdrom.tr
C:\FREEDOS\nls
C:\FREEDOS\nls\cdrom.de
C:\FREEDOS\nls\cdrom.en
C:\FREEDOS\nls\cdrom.es
C:\FREEDOS\nls\cdrom.fr
C:\FREEDOS\nls\cdrom.sv
C:\FREEDOS\nls\cdrom.tr
C:\FREEDOS\nls\welcome.de
C:\FREEDOS\nls\welcome.en
C:\FREEDOS\nls\welcome.eo
C:\FREEDOS\nls\welcome.es
C:\FREEDOS\nls\welcome.fr
C:\FREEDOS\nls\welcome.nl
C:\FREEDOS\nls\welcome.sv
C:\FREEDOS\nls\welcome.tr
C:\FREEDOS\source
C:\FREEDOS\source\fdhelper
C:\FREEDOS\source\fdhelper\sources.zip
