C:\FREEDOS\freedos
C:\FREEDOS\appinfo
C:\FREEDOS\appinfo\fdisk.de
C:\FREEDOS\appinfo\fdisk.fr
C:\FREEDOS\appinfo\fdisk.lsm
C:\FREEDOS\appinfo\fdisk.sv
C:\FREEDOS\appinfo\fdisk.tr
C:\FREEDOS\bin
C:\FREEDOS\bin\fdisk.exe
C:\FREEDOS\bin\fdisk.ini
C:\FREEDOS\bin\fdiskpt.ini
C:\FREEDOS\doc
C:\FREEDOS\doc\fdisk
C:\FREEDOS\doc\fdisk\bloader.txt
C:\FREEDOS\doc\fdisk\bugs.txt
C:\FREEDOS\doc\fdisk\contrib.txt
C:\FREEDOS\doc\fdisk\faq.txt
C:\FREEDOS\doc\fdisk\filelist.txt
C:\FREEDOS\doc\fdisk\help.txt
C:\FREEDOS\doc\fdisk\history.txt
C:\FREEDOS\doc\fdisk\install.txt
C:\FREEDOS\doc\fdisk\license.txt
C:\FREEDOS\doc\fdisk\news.txt
C:\FREEDOS\doc\fdisk\partn.htm
C:\FREEDOS\doc\fdisk\partn.txt
C:\FREEDOS\doc\fdisk\readme.txt
C:\FREEDOS\help
C:\FREEDOS\help\fdisk.de
C:\FREEDOS\help\fdisk.en
C:\FREEDOS\help\fdisk.es
C:\FREEDOS\help\fdisk.fr
C:\FREEDOS\help\fdisk.sv
C:\FREEDOS\help\fdisk.tr
C:\FREEDOS\source
C:\FREEDOS\source\fdisk
C:\FREEDOS\source\fdisk\sources.zip
