C:\FREEDOS\freedos
C:\FREEDOS\appinfo
C:\FREEDOS\appinfo\fdnpkg.de
C:\FREEDOS\appinfo\fdnpkg.fr
C:\FREEDOS\appinfo\fdnpkg.lsm
C:\FREEDOS\appinfo\fdnpkg.sv
C:\FREEDOS\appinfo\fdnpkg.tr
C:\FREEDOS\bin
C:\FREEDOS\bin\fdinst.exe
C:\FREEDOS\bin\fdnpkg.cfg
C:\FREEDOS\bin\fdnpkg.exe
C:\FREEDOS\bin\fdnpkg.oem
C:\FREEDOS\doc
C:\FREEDOS\doc\fdnpkg
C:\FREEDOS\doc\fdnpkg\fdinst.txt
C:\FREEDOS\doc\fdnpkg\fdnpkg.txt
C:\FREEDOS\doc\fdnpkg\history.txt
C:\FREEDOS\nls
C:\FREEDOS\nls\fdnpkg.de
C:\FREEDOS\nls\fdnpkg.dk
C:\FREEDOS\nls\fdnpkg.en
C:\FREEDOS\nls\fdnpkg.es
C:\FREEDOS\nls\fdnpkg.fr
C:\FREEDOS\nls\fdnpkg.pl
C:\FREEDOS\nls\fdnpkg.si
C:\FREEDOS\nls\fdnpkg.sl
C:\FREEDOS\nls\fdnpkg.tr
C:\FREEDOS\source
C:\FREEDOS\source\fdnpkg
C:\FREEDOS\source\fdnpkg\sources.zip
