C:\FREEDOS\freedos
C:\FREEDOS\appinfo
C:\FREEDOS\appinfo\fdxms286.de
C:\FREEDOS\appinfo\fdxms286.fr
C:\FREEDOS\appinfo\fdxms286.lsm
C:\FREEDOS\appinfo\fdxms286.sv
C:\FREEDOS\appinfo\fdxms286.tr
C:\FREEDOS\bin
C:\FREEDOS\bin\fdxm286t.sys
C:\FREEDOS\bin\fdxms286.sys
C:\FREEDOS\bin\xmstest.exe
C:\FREEDOS\doc
C:\FREEDOS\doc\fdxms286
C:\FREEDOS\doc\fdxms286\fdxms286.txt
C:\FREEDOS\doc\fdxms286\history.txt
C:\FREEDOS\doc\fdxms286\license.txt
C:\FREEDOS\doc\fdxms286\todo.txt
C:\FREEDOS\source
C:\FREEDOS\source\fdxms286
C:\FREEDOS\source\fdxms286\sources.zip
