C:\FREEDOS\freedos
C:\FREEDOS\appinfo
C:\FREEDOS\appinfo\fdxms.de
C:\FREEDOS\appinfo\fdxms.fr
C:\FREEDOS\appinfo\fdxms.lsm
C:\FREEDOS\appinfo\fdxms.sv
C:\FREEDOS\appinfo\fdxms.tr
C:\FREEDOS\bin
C:\FREEDOS\bin\fdxms.sys
C:\FREEDOS\bin\fdxmst.sys
C:\FREEDOS\bin\fdxxms.sys
C:\FREEDOS\bin\fdxxmst.sys
C:\FREEDOS\doc
C:\FREEDOS\doc\fdxms
C:\FREEDOS\doc\fdxms\fdxms.txt
C:\FREEDOS\doc\fdxms\history.txt
C:\FREEDOS\doc\fdxms\license.txt
C:\FREEDOS\doc\fdxms\todo.txt
C:\FREEDOS\source
C:\FREEDOS\source\fdxms
C:\FREEDOS\source\fdxms\sources.zip
