C:\FREEDOS\freedos
C:\FREEDOS\appinfo
C:\FREEDOS\appinfo\jemm.de
C:\FREEDOS\appinfo\jemm.fr
C:\FREEDOS\appinfo\jemm.lsm
C:\FREEDOS\appinfo\jemm.sv
C:\FREEDOS\appinfo\jemm.tr
C:\FREEDOS\bin
C:\FREEDOS\bin\cpustat.exe
C:\FREEDOS\bin\emsstat.exe
C:\FREEDOS\bin\jemfbhlp.exe
C:\FREEDOS\bin\jemm386.exe
C:\FREEDOS\bin\jemmex.exe
C:\FREEDOS\bin\memstat.exe
C:\FREEDOS\bin\movexbda.exe
C:\FREEDOS\bin\umbm-old.exe
C:\FREEDOS\bin\xcdrom32.dll
C:\FREEDOS\bin\xdma32.dll
C:\FREEDOS\bin\xmsstat.exe
C:\FREEDOS\doc
C:\FREEDOS\doc\jemm
C:\FREEDOS\doc\jemm\artistic.txt
C:\FREEDOS\doc\jemm\gnu_gpl.txt
C:\FREEDOS\doc\jemm\history.txt
C:\FREEDOS\doc\jemm\jload.exe
C:\FREEDOS\doc\jemm\jload.txt
C:\FREEDOS\doc\jemm\readme.txt
C:\FREEDOS\doc\jemm\xcdrom32.txt
C:\FREEDOS\doc\jemm\xdma32.txt
C:\FREEDOS\source
C:\FREEDOS\source\jemm
C:\FREEDOS\source\jemm\sources.zip
