C:\FREEDOS\freedos
C:\FREEDOS\appinfo
C:\FREEDOS\appinfo\kernel.de
C:\FREEDOS\appinfo\kernel.fr
C:\FREEDOS\appinfo\kernel.lsm
C:\FREEDOS\appinfo\kernel.sv
C:\FREEDOS\appinfo\kernel.tr
C:\FREEDOS\bin
C:\FREEDOS\bin\country.sys
C:\FREEDOS\bin\kernl386.sys
C:\FREEDOS\bin\kernl86n.sys
C:\FREEDOS\bin\kernl86.sys
C:\FREEDOS\bin\setver.sys
C:\FREEDOS\bin\sys.com
C:\FREEDOS\doc
C:\FREEDOS\doc\kernel
C:\FREEDOS\doc\kernel\copying
C:\FREEDOS\doc\kernel\bugs.txt
C:\FREEDOS\doc\kernel\build.txt
C:\FREEDOS\doc\kernel\config.txt
C:\FREEDOS\doc\kernel\contrib.txt
C:\FREEDOS\doc\kernel\history.txt
C:\FREEDOS\doc\kernel\index.md
C:\FREEDOS\doc\kernel\intfns.txt
C:\FREEDOS\doc\kernel\lfnapi.txt
C:\FREEDOS\doc\kernel\memdisk.txt
C:\FREEDOS\doc\kernel\mkboot.txt
C:\FREEDOS\doc\kernel\nls.txt
C:\FREEDOS\doc\kernel\readme.cvs
C:\FREEDOS\doc\kernel\readme.txt
C:\FREEDOS\doc\kernel\sys.txt
C:\FREEDOS\source
C:\FREEDOS\source\kernel
C:\FREEDOS\source\kernel\sources.zip
