C:\FREEDOS\freedos
C:\FREEDOS\appinfo
C:\FREEDOS\appinfo\label.de
C:\FREEDOS\appinfo\label.fr
C:\FREEDOS\appinfo\label.lsm
C:\FREEDOS\appinfo\label.sv
C:\FREEDOS\appinfo\label.tr
C:\FREEDOS\bin
C:\FREEDOS\bin\_label.exe
C:\FREEDOS\bin\label.exe
C:\FREEDOS\doc
C:\FREEDOS\doc\label
C:\FREEDOS\doc\label\history.txt
C:\FREEDOS\doc\label\license
C:\FREEDOS\nls
C:\FREEDOS\nls\label.de
C:\FREEDOS\nls\label.en
C:\FREEDOS\nls\label.fr
C:\FREEDOS\nls\label.sv
C:\FREEDOS\nls\label.tr
C:\FREEDOS\source
C:\FREEDOS\source\label
C:\FREEDOS\source\label\sources.zip
