C:\FREEDOS\freedos
C:\FREEDOS\appinfo
C:\FREEDOS\appinfo\lbacache.de
C:\FREEDOS\appinfo\lbacache.fr
C:\FREEDOS\appinfo\lbacache.lsm
C:\FREEDOS\appinfo\lbacache.sv
C:\FREEDOS\appinfo\lbacache.tr
C:\FREEDOS\bin
C:\FREEDOS\bin\lbacache.com
C:\FREEDOS\bin\tickle.com
C:\FREEDOS\doc
C:\FREEDOS\doc\lbacache
C:\FREEDOS\doc\lbacache\caches.txt
C:\FREEDOS\doc\lbacache\copying.txt
C:\FREEDOS\doc\lbacache\history.txt
C:\FREEDOS\doc\lbacache\lbacache.lsm
C:\FREEDOS\doc\lbacache\lbacache.txt
C:\FREEDOS\doc\lbacache\ticklehd.txt
C:\FREEDOS\source
C:\FREEDOS\source\lbacache
C:\FREEDOS\source\lbacache\sources.zip
