C:\FREEDOS\freedos
C:\FREEDOS\appinfo
C:\FREEDOS\appinfo\mem.de
C:\FREEDOS\appinfo\mem.fr
C:\FREEDOS\appinfo\mem.lsm
C:\FREEDOS\appinfo\mem.sv
C:\FREEDOS\appinfo\mem.tr
C:\FREEDOS\bin
C:\FREEDOS\bin\mem.exe
C:\FREEDOS\doc
C:\FREEDOS\doc\mem
C:\FREEDOS\doc\mem\license.txt
C:\FREEDOS\doc\mem\mem.lsm
C:\FREEDOS\doc\mem\readme
C:\FREEDOS\nls
C:\FREEDOS\nls\mem.de
C:\FREEDOS\nls\mem.en
C:\FREEDOS\nls\mem.es
C:\FREEDOS\nls\mem.fi
C:\FREEDOS\nls\mem.fr
C:\FREEDOS\nls\mem.it
C:\FREEDOS\nls\mem.nl
C:\FREEDOS\nls\mem.pl
C:\FREEDOS\nls\mem.sl
C:\FREEDOS\nls\mem.sv
C:\FREEDOS\nls\mem.tr
C:\FREEDOS\source
C:\FREEDOS\source\mem
C:\FREEDOS\source\mem\sources.zip
