C:\FREEDOS\freedos
C:\FREEDOS\appinfo
C:\FREEDOS\appinfo\mirror.de
C:\FREEDOS\appinfo\mirror.fr
C:\FREEDOS\appinfo\mirror.lsm
C:\FREEDOS\appinfo\mirror.sv
C:\FREEDOS\appinfo\mirror.tr
C:\FREEDOS\bin
C:\FREEDOS\bin\mirror.exe
C:\FREEDOS\doc
C:\FREEDOS\doc\mirror
C:\FREEDOS\doc\mirror\bugs.txt
C:\FREEDOS\doc\mirror\contrib.txt
C:\FREEDOS\doc\mirror\help.txt
C:\FREEDOS\doc\mirror\license.txt
C:\FREEDOS\doc\mirror\news.txt
C:\FREEDOS\doc\mirror\readme.txt
C:\FREEDOS\help
C:\FREEDOS\help\mirror.de
C:\FREEDOS\help\mirror.en
C:\FREEDOS\help\mirror.fr
C:\FREEDOS\help\mirror.sv
C:\FREEDOS\help\mirror.tr
C:\FREEDOS\source
C:\FREEDOS\source\mirror
C:\FREEDOS\source\mirror\sources.zip
