C:\FREEDOS\freedos
C:\FREEDOS\appinfo
C:\FREEDOS\appinfo\move.de
C:\FREEDOS\appinfo\move.fr
C:\FREEDOS\appinfo\move.lsm
C:\FREEDOS\appinfo\move.sv
C:\FREEDOS\appinfo\move.tr
C:\FREEDOS\bin
C:\FREEDOS\bin\_move.exe
C:\FREEDOS\bin\move.exe
C:\FREEDOS\doc
C:\FREEDOS\doc\move
C:\FREEDOS\doc\move\bugs.txt
C:\FREEDOS\doc\move\copying.txt
C:\FREEDOS\doc\move\readme
C:\FREEDOS\nls
C:\FREEDOS\nls\move.de
C:\FREEDOS\nls\move.en
C:\FREEDOS\nls\move.eo
C:\FREEDOS\nls\move.es
C:\FREEDOS\nls\move.fr
C:\FREEDOS\nls\move.it
C:\FREEDOS\nls\move.pl
C:\FREEDOS\nls\move.sl
C:\FREEDOS\nls\move.sv
C:\FREEDOS\nls\move.tr
C:\FREEDOS\source
C:\FREEDOS\source\move
C:\FREEDOS\source\move\sources.zip
