C:\FREEDOS\freedos
C:\FREEDOS\appinfo
C:\FREEDOS\appinfo\nlsfunc.de
C:\FREEDOS\appinfo\nlsfunc.fr
C:\FREEDOS\appinfo\nlsfunc.lsm
C:\FREEDOS\appinfo\nlsfunc.sv
C:\FREEDOS\appinfo\nlsfunc.tr
C:\FREEDOS\bin
C:\FREEDOS\bin\nlsfunc.exe
C:\FREEDOS\doc
C:\FREEDOS\doc\nlsfunc
C:\FREEDOS\doc\nlsfunc\copying
C:\FREEDOS\help
C:\FREEDOS\help\nlsfunc.de
C:\FREEDOS\help\nlsfunc.en
C:\FREEDOS\help\nlsfunc.fr
C:\FREEDOS\help\nlsfunc.sv
C:\FREEDOS\help\nlsfunc.tr
C:\FREEDOS\source
C:\FREEDOS\source\nlsfunc
C:\FREEDOS\source\nlsfunc\sources.zip
