C:\FREEDOS\freedos
C:\FREEDOS\appinfo
C:\FREEDOS\appinfo\p7zip.de
C:\FREEDOS\appinfo\p7zip.fr
C:\FREEDOS\appinfo\p7zip.lsm
C:\FREEDOS\appinfo\p7zip.sv
C:\FREEDOS\appinfo\p7zip.tr
C:\FREEDOS\links
C:\FREEDOS\links\p7zip.bat
C:\FREEDOS\source
C:\FREEDOS\source\p7zip
C:\FREEDOS\source\p7zip\sources.zip
C:\FREEDOS\util
C:\FREEDOS\util\p7zip
C:\FREEDOS\util\p7zip\7za.1
C:\FREEDOS\util\p7zip\7zc.txt
C:\FREEDOS\util\p7zip\7zcon.sfx
C:\FREEDOS\util\p7zip\7zformat.txt
C:\FREEDOS\util\p7zip\7zr.1
C:\FREEDOS\util\p7zip\copying.txt
C:\FREEDOS\util\p7zip\history.txt
C:\FREEDOS\util\p7zip\license.txt
C:\FREEDOS\util\p7zip\lzma.txt
C:\FREEDOS\util\p7zip\manual
C:\FREEDOS\util\p7zip\manual\commands
C:\FREEDOS\util\p7zip\manual\commands\add.htm
C:\FREEDOS\util\p7zip\manual\commands\bench.htm
C:\FREEDOS\util\p7zip\manual\commands\delete.htm
C:\FREEDOS\util\p7zip\manual\commands\extract.htm
C:\FREEDOS\util\p7zip\manual\commands\extract_.htm
C:\FREEDOS\util\p7zip\manual\commands\index.htm
C:\FREEDOS\util\p7zip\manual\commands\list.htm
C:\FREEDOS\util\p7zip\manual\commands\style.css
C:\FREEDOS\util\p7zip\manual\commands\test.htm
C:\FREEDOS\util\p7zip\manual\commands\update.htm
C:\FREEDOS\util\p7zip\manual\exit_cod.htm
C:\FREEDOS\util\p7zip\manual\index.htm
C:\FREEDOS\util\p7zip\manual\style.css
C:\FREEDOS\util\p7zip\manual\switches
C:\FREEDOS\util\p7zip\manual\switches\ar_exclu.htm
C:\FREEDOS\util\p7zip\manual\switches\ar_inclu.htm
C:\FREEDOS\util\p7zip\manual\switches\ar_no.htm
C:\FREEDOS\util\p7zip\manual\switches\charset.htm
C:\FREEDOS\util\p7zip\manual\switches\exclude.htm
C:\FREEDOS\util\p7zip\manual\switches\include.htm
C:\FREEDOS\util\p7zip\manual\switches\index.htm
C:\FREEDOS\util\p7zip\manual\switches\list_tec.htm
C:\FREEDOS\util\p7zip\manual\switches\method.htm
C:\FREEDOS\util\p7zip\manual\switches\output_d.htm
C:\FREEDOS\util\p7zip\manual\switches\overwrit.htm
C:\FREEDOS\util\p7zip\manual\switches\password.htm
C:\FREEDOS\util\p7zip\manual\switches\recurse.htm
C:\FREEDOS\util\p7zip\manual\switches\sfx.htm
C:\FREEDOS\util\p7zip\manual\switches\ssc.htm
C:\FREEDOS\util\p7zip\manual\switches\stdin.htm
C:\FREEDOS\util\p7zip\manual\switches\stdout.htm
C:\FREEDOS\util\p7zip\manual\switches\stop_swi.htm
C:\FREEDOS\util\p7zip\manual\switches\style.css
C:\FREEDOS\util\p7zip\manual\switches\type.htm
C:\FREEDOS\util\p7zip\manual\switches\update.htm
C:\FREEDOS\util\p7zip\manual\switches\volume.htm
C:\FREEDOS\util\p7zip\manual\switches\working_.htm
C:\FREEDOS\util\p7zip\manual\switches\yes.htm
C:\FREEDOS\util\p7zip\manual\syntax.htm
C:\FREEDOS\util\p7zip\methods.txt
C:\FREEDOS\util\p7zip\p7zip.exe
C:\FREEDOS\util\p7zip\p7zipr.exe
C:\FREEDOS\util\p7zip\p7zip_sh.1
C:\FREEDOS\util\p7zip\readme.txt
