C:\FREEDOS\freedos
C:\FREEDOS\appinfo
C:\FREEDOS\appinfo\pkgtools.de
C:\FREEDOS\appinfo\pkgtools.fr
C:\FREEDOS\appinfo\pkgtools.lsm
C:\FREEDOS\appinfo\pkgtools.sv
C:\FREEDOS\appinfo\pkgtools.tr
C:\FREEDOS\bin
C:\FREEDOS\bin\pkginfo.exe
C:\FREEDOS\bin\pkgmaker.cfg
C:\FREEDOS\bin\pkgmaker.exe
C:\FREEDOS\bin\pkgzipit.bat
C:\FREEDOS\doc
C:\FREEDOS\doc\pkgtools.en
C:\FREEDOS\doc\pkgtools.fr
C:\FREEDOS\doc\pkgtools.tr
C:\FREEDOS\nls
C:\FREEDOS\nls\pkginfo.de
C:\FREEDOS\nls\pkginfo.en
C:\FREEDOS\nls\pkginfo.es
C:\FREEDOS\nls\pkginfo.fr
C:\FREEDOS\nls\pkginfo.tr
C:\FREEDOS\nls\pkgmaker.de
C:\FREEDOS\nls\pkgmaker.en
C:\FREEDOS\nls\pkgmaker.fr
C:\FREEDOS\nls\pkgmaker.tr
C:\FREEDOS\source
C:\FREEDOS\source\pkgtools
C:\FREEDOS\source\pkgtools\sources.zip
