C:\FREEDOS\freedos
C:\FREEDOS\appinfo
C:\FREEDOS\appinfo\shsufdrv.de
C:\FREEDOS\appinfo\shsufdrv.fr
C:\FREEDOS\appinfo\shsufdrv.lsm
C:\FREEDOS\appinfo\shsufdrv.sv
C:\FREEDOS\appinfo\shsufdrv.tr
C:\FREEDOS\bin
C:\FREEDOS\bin\drvon.com
C:\FREEDOS\bin\shfdrv86.exe
C:\FREEDOS\bin\shrdrv86.exe
C:\FREEDOS\bin\shsufdrv.exe
C:\FREEDOS\bin\shsurdrv.exe
C:\FREEDOS\doc
C:\FREEDOS\doc\shsufdrv
C:\FREEDOS\doc\shsufdrv\readme.txt
C:\FREEDOS\doc\shsufdrv\zlibcdrd.txt
C:\FREEDOS\source
C:\FREEDOS\source\shsufdrv
C:\FREEDOS\source\shsufdrv\sources.zip
