C:\FREEDOS\freedos
C:\FREEDOS\appinfo
C:\FREEDOS\appinfo\slowdown.de
C:\FREEDOS\appinfo\slowdown.fr
C:\FREEDOS\appinfo\slowdown.lsm
C:\FREEDOS\appinfo\slowdown.sv
C:\FREEDOS\appinfo\slowdown.tr
C:\FREEDOS\bin
C:\FREEDOS\bin\cpucache.com
C:\FREEDOS\bin\slowdown.com
C:\FREEDOS\bin\slowint1.com
C:\FREEDOS\doc
C:\FREEDOS\doc\slowdown
C:\FREEDOS\doc\slowdown\cpucache.doc
C:\FREEDOS\doc\slowdown\file_id.diz
C:\FREEDOS\doc\slowdown\slowdown.doc
C:\FREEDOS\doc\slowdown\slowint1.doc
C:\FREEDOS\source
C:\FREEDOS\source\slowdown
C:\FREEDOS\source\slowdown\sources.zip
