C:\FREEDOS\freedos
C:\FREEDOS\appinfo
C:\FREEDOS\appinfo\sort.de
C:\FREEDOS\appinfo\sort.fr
C:\FREEDOS\appinfo\sort.lsm
C:\FREEDOS\appinfo\sort.sv
C:\FREEDOS\appinfo\sort.tr
C:\FREEDOS\bin
C:\FREEDOS\bin\sort.exe
C:\FREEDOS\doc
C:\FREEDOS\doc\sort
C:\FREEDOS\doc\sort\changes
C:\FREEDOS\doc\sort\sort.1
C:\FREEDOS\doc\sort\sort.rof
C:\FREEDOS\nls
C:\FREEDOS\nls\sort.de
C:\FREEDOS\nls\sort.en
C:\FREEDOS\nls\sort.es
C:\FREEDOS\nls\sort.fi
C:\FREEDOS\nls\sort.fr
C:\FREEDOS\nls\sort.it
C:\FREEDOS\nls\sort.lv
C:\FREEDOS\nls\sort.nl
C:\FREEDOS\nls\sort.pl
C:\FREEDOS\nls\sort.pt
C:\FREEDOS\nls\sort.sl
C:\FREEDOS\nls\sort.sv
C:\FREEDOS\nls\sort.tr
C:\FREEDOS\source
C:\FREEDOS\source\sort
C:\FREEDOS\source\sort\sources.zip
