C:\FREEDOS\freedos
C:\FREEDOS\appinfo
C:\FREEDOS\appinfo\tree.de
C:\FREEDOS\appinfo\tree.fr
C:\FREEDOS\appinfo\tree.lsm
C:\FREEDOS\appinfo\tree.sv
C:\FREEDOS\appinfo\tree.tr
C:\FREEDOS\bin
C:\FREEDOS\bin\tree.com
C:\FREEDOS\doc
C:\FREEDOS\doc\tree
C:\FREEDOS\doc\tree\bugs.txt
C:\FREEDOS\doc\tree\history.txt
C:\FREEDOS\doc\tree\license.txt
C:\FREEDOS\help
C:\FREEDOS\help\tree.de
C:\FREEDOS\help\tree.en
C:\FREEDOS\help\tree.fr
C:\FREEDOS\help\tree.sv
C:\FREEDOS\help\tree.tr
C:\FREEDOS\nls
C:\FREEDOS\nls\tree.de
C:\FREEDOS\nls\tree.en
C:\FREEDOS\nls\tree.es
C:\FREEDOS\nls\tree.fr
C:\FREEDOS\nls\tree.it
C:\FREEDOS\nls\tree.pl
C:\FREEDOS\nls\tree.ru
C:\FREEDOS\nls\tree.sl
C:\FREEDOS\nls\tree.sv
C:\FREEDOS\nls\tree.tr
C:\FREEDOS\source
C:\FREEDOS\source\tree
C:\FREEDOS\source\tree\sources.zip
