C:\FREEDOS\freedos
C:\FREEDOS\appinfo
C:\FREEDOS\appinfo\xcopy.de
C:\FREEDOS\appinfo\xcopy.fr
C:\FREEDOS\appinfo\xcopy.lsm
C:\FREEDOS\appinfo\xcopy.sv
C:\FREEDOS\appinfo\xcopy.tr
C:\FREEDOS\bin
C:\FREEDOS\bin\xcopy.exe
C:\FREEDOS\doc
C:\FREEDOS\doc\rxcopy
C:\FREEDOS\doc\rxcopy\copying.txt
C:\FREEDOS\doc\rxcopy\history.txt
C:\FREEDOS\doc\rxcopy\xcopy.txt
C:\FREEDOS\nls
C:\FREEDOS\nls\xcopy.de
C:\FREEDOS\nls\xcopy.en
C:\FREEDOS\nls\xcopy.es
C:\FREEDOS\nls\xcopy.fi
C:\FREEDOS\nls\xcopy.fr
C:\FREEDOS\nls\xcopy.it
C:\FREEDOS\nls\xcopy.pl
C:\FREEDOS\nls\xcopy.ru
C:\FREEDOS\nls\xcopy.sl
C:\FREEDOS\nls\xcopy.sv
C:\FREEDOS\nls\xcopy.tr
C:\FREEDOS\source
C:\FREEDOS\source\xcopy
C:\FREEDOS\source\xcopy\sources.zip
