C:\FREEDOS\freedos
C:\FREEDOS\appinfo
C:\FREEDOS\appinfo\zip.de
C:\FREEDOS\appinfo\zip.fr
C:\FREEDOS\appinfo\zip.lsm
C:\FREEDOS\appinfo\zip.sv
C:\FREEDOS\appinfo\zip.tr
C:\FREEDOS\bin
C:\FREEDOS\bin\zip16.exe
C:\FREEDOS\bin\zipcloak.exe
C:\FREEDOS\bin\zip.exe
C:\FREEDOS\bin\zipnote.exe
C:\FREEDOS\bin\zipsplit.exe
C:\FREEDOS\doc
C:\FREEDOS\doc\zip
C:\FREEDOS\doc\zip\bugs
C:\FREEDOS\doc\zip\changes
C:\FREEDOS\doc\zip\install
C:\FREEDOS\doc\zip\license
C:\FREEDOS\doc\zip\manual
C:\FREEDOS\doc\zip\readme
C:\FREEDOS\doc\zip\readme.cr
C:\FREEDOS\doc\zip\readme.dos
C:\FREEDOS\doc\zip\todo
C:\FREEDOS\doc\zip\whatsnew
C:\FREEDOS\doc\zip\where
C:\FREEDOS\doc\zip\zipcloak.txt
C:\FREEDOS\doc\zip\zipnote.txt
C:\FREEDOS\doc\zip\zipsplit.txt
C:\FREEDOS\source
C:\FREEDOS\source\zip
C:\FREEDOS\source\zip\sources.zip
