C:\FREEDOS\freedos
C:\FREEDOS\appinfo
C:\FREEDOS\appinfo\append.de
C:\FREEDOS\appinfo\append.fr
C:\FREEDOS\appinfo\append.lsm
C:\FREEDOS\appinfo\append.sv
C:\FREEDOS\appinfo\append.tr
C:\FREEDOS\bin
C:\FREEDOS\bin\append.exe
C:\FREEDOS\doc
C:\FREEDOS\doc\append
C:\FREEDOS\doc\append\copying
C:\FREEDOS\doc\append\readme.txt
C:\FREEDOS\help
C:\FREEDOS\help\append.de
C:\FREEDOS\help\append.en
C:\FREEDOS\help\append.es
C:\FREEDOS\help\append.fr
C:\FREEDOS\help\append.ptb
C:\FREEDOS\help\append.sv
C:\FREEDOS\help\append.tr
C:\FREEDOS\source
C:\FREEDOS\source\append
C:\FREEDOS\source\append\sources.zip
