C:\FREEDOS\freedos
C:\FREEDOS\appinfo
C:\FREEDOS\appinfo\attrib.de
C:\FREEDOS\appinfo\attrib.fr
C:\FREEDOS\appinfo\attrib.lsm
C:\FREEDOS\appinfo\attrib.sv
C:\FREEDOS\appinfo\attrib.tr
C:\FREEDOS\bin
C:\FREEDOS\bin\attrib.com
C:\FREEDOS\doc
C:\FREEDOS\doc\attrib
C:\FREEDOS\doc\attrib\copying
C:\FREEDOS\doc\attrib\files.lst
C:\FREEDOS\doc\attrib\history.txt
C:\FREEDOS\doc\attrib\plans.txt
C:\FREEDOS\help
C:\FREEDOS\help\attrib.txt
C:\FREEDOS\source
C:\FREEDOS\source\attrib
C:\FREEDOS\source\attrib\sources.zip
