C:\FREEDOS\freedos
C:\FREEDOS\appinfo
C:\FREEDOS\appinfo\bz2.de
C:\FREEDOS\appinfo\bz2.fr
C:\FREEDOS\appinfo\bz2.lsm
C:\FREEDOS\appinfo\bz2.sv
C:\FREEDOS\appinfo\bz2.tr
C:\FREEDOS\bin
C:\FREEDOS\bin\bunzip2.exe
C:\FREEDOS\bin\bzcat.exe
C:\FREEDOS\bin\bzip2.exe
C:\FREEDOS\bin\bzip2rec.exe
C:\FREEDOS\doc
C:\FREEDOS\doc\bz2
C:\FREEDOS\doc\bz2\license
C:\FREEDOS\doc\bz2\manual.htm
C:\FREEDOS\doc\bz2\manual.pdf
C:\FREEDOS\doc\bz2\manual.ps
C:\FREEDOS\doc\bz2\readme
C:\FREEDOS\doc\bz2\readme.dj
C:\FREEDOS\source
C:\FREEDOS\source\bz2
C:\FREEDOS\source\bz2\sources.zip
