C:\FREEDOS\freedos
C:\FREEDOS\appinfo
C:\FREEDOS\appinfo\ctmouse.de
C:\FREEDOS\appinfo\ctmouse.fr
C:\FREEDOS\appinfo\ctmouse.lsm
C:\FREEDOS\appinfo\ctmouse.sv
C:\FREEDOS\appinfo\ctmouse.tr
C:\FREEDOS\bin
C:\FREEDOS\bin\ctmouse
C:\FREEDOS\bin\ctmouse\com2exe.exe
C:\FREEDOS\bin\ctmouse\comtest.com
C:\FREEDOS\bin\ctmouse\ctm-br.exe
C:\FREEDOS\bin\ctmouse\ctm-de.exe
C:\FREEDOS\bin\ctmouse\ctm-en.exe
C:\FREEDOS\bin\ctmouse\ctm-es.exe
C:\FREEDOS\bin\ctmouse\ctm-fr.exe
C:\FREEDOS\bin\ctmouse\ctm-hu.exe
C:\FREEDOS\bin\ctmouse\ctm-it.exe
C:\FREEDOS\bin\ctmouse\ctm-lv.exe
C:\FREEDOS\bin\ctmouse\ctm-nl.exe
C:\FREEDOS\bin\ctmouse\ctm-pl.exe
C:\FREEDOS\bin\ctmouse\ctm-pt.exe
C:\FREEDOS\bin\ctmouse\ctm-sk.exe
C:\FREEDOS\bin\ctmouse\ctmdebug.exe
C:\FREEDOS\bin\ctmouse\mousetst.com
C:\FREEDOS\bin\ctmouse\protocol.com
C:\FREEDOS\bin\ctmouse.exe
C:\FREEDOS\doc
C:\FREEDOS\doc\ctmouse
C:\FREEDOS\doc\ctmouse\ctmouse.txt
C:\FREEDOS\doc\ctmouse\extend.txt
C:\FREEDOS\doc\ctmouse\files.lst
C:\FREEDOS\doc\ctmouse\history.txt
C:\FREEDOS\doc\ctmouse\int10.lst
C:\FREEDOS\doc\ctmouse\int33.lst
C:\FREEDOS\doc\ctmouse\jwasm.txt
C:\FREEDOS\doc\ctmouse\protocol.txt
C:\FREEDOS\doc\ctmouse\technote.txt
C:\FREEDOS\doc\ctmouse\uartnote.txt
C:\FREEDOS\doc\ctmouse\wheelapi.txt
C:\FREEDOS\source
C:\FREEDOS\source\ctmouse
C:\FREEDOS\source\ctmouse\sources.zip
