C:\FREEDOS\freedos
C:\FREEDOS\appinfo
C:\FREEDOS\appinfo\debug.de
C:\FREEDOS\appinfo\debug.fr
C:\FREEDOS\appinfo\debug.lsm
C:\FREEDOS\appinfo\debug.sv
C:\FREEDOS\appinfo\debug.tr
C:\FREEDOS\bin
C:\FREEDOS\bin\debug.com
C:\FREEDOS\bin\debugx.com
C:\FREEDOS\bin\debxxvdd.dll
C:\FREEDOS\doc
C:\FREEDOS\doc\debug
C:\FREEDOS\doc\debug\debug.txt
C:\FREEDOS\doc\debug\history.txt
C:\FREEDOS\doc\debug\readme.txt
C:\FREEDOS\doc\debug\samples
C:\FREEDOS\doc\debug\samples\dpmibk16.asm
C:\FREEDOS\doc\debug\samples\dpmibk32.asm
C:\FREEDOS\doc\debug\samples\dpmicl16.asm
C:\FREEDOS\doc\debug\samples\dpmicl16.scr
C:\FREEDOS\doc\debug\samples\dpmicl32.asm
C:\FREEDOS\doc\debug\samples\makej.bat
C:\FREEDOS\source
C:\FREEDOS\source\debug
C:\FREEDOS\source\debug\sources.zip
