C:\FREEDOS\freedos
C:\FREEDOS\appinfo
C:\FREEDOS\appinfo\diskcopy.de
C:\FREEDOS\appinfo\diskcopy.fr
C:\FREEDOS\appinfo\diskcopy.lsm
C:\FREEDOS\appinfo\diskcopy.sv
C:\FREEDOS\appinfo\diskcopy.tr
C:\FREEDOS\bin
C:\FREEDOS\bin\diskcopy.exe
C:\FREEDOS\doc
C:\FREEDOS\doc\diskcopy
C:\FREEDOS\doc\diskcopy\copying.txt
C:\FREEDOS\doc\diskcopy\diskcopy
C:\FREEDOS\nls
C:\FREEDOS\nls\diskcopy.de
C:\FREEDOS\nls\diskcopy.dk
C:\FREEDOS\nls\diskcopy.en
C:\FREEDOS\nls\diskcopy.es
C:\FREEDOS\nls\diskcopy.fi
C:\FREEDOS\nls\diskcopy.fr
C:\FREEDOS\nls\diskcopy.it
C:\FREEDOS\nls\diskcopy.nl
C:\FREEDOS\nls\diskcopy.pl
C:\FREEDOS\nls\diskcopy.sl
C:\FREEDOS\nls\diskcopy.sv
C:\FREEDOS\nls\diskcopy.tr
C:\FREEDOS\source
C:\FREEDOS\source\diskcopy
C:\FREEDOS\source\diskcopy\sources.zip
