C:\FREEDOS\freedos
C:\FREEDOS\appinfo
C:\FREEDOS\appinfo\fdimples.de
C:\FREEDOS\appinfo\fdimples.fr
C:\FREEDOS\appinfo\fdimples.lsm
C:\FREEDOS\appinfo\fdimples.sv
C:\FREEDOS\appinfo\fdimples.tr
C:\FREEDOS\bin
C:\FREEDOS\bin\fdimples.exe
C:\FREEDOS\doc
C:\FREEDOS\doc\fdimples
C:\FREEDOS\doc\fdimples\license
C:\FREEDOS\doc\fdimples\readme.md
C:\FREEDOS\nls
C:\FREEDOS\nls\fdimples.de
C:\FREEDOS\nls\fdimples.en
C:\FREEDOS\nls\fdimples.eo
C:\FREEDOS\nls\fdimples.es
C:\FREEDOS\nls\fdimples.fr
C:\FREEDOS\nls\fdimples.nl
C:\FREEDOS\nls\fdimples.ru
C:\FREEDOS\nls\fdimples.sv
C:\FREEDOS\nls\fdimples.tr
C:\FREEDOS\source
C:\FREEDOS\source\fdimples
C:\FREEDOS\source\fdimples\sources.zip
