C:\FREEDOS\freedos
C:\FREEDOS\appinfo
C:\FREEDOS\appinfo\fdnet.de
C:\FREEDOS\appinfo\fdnet.fr
C:\FREEDOS\appinfo\fdnet.lsm
C:\FREEDOS\appinfo\fdnet.sv
C:\FREEDOS\appinfo\fdnet.tr
C:\FREEDOS\bin
C:\FREEDOS\bin\fdnet.bat
C:\FREEDOS\nls
C:\FREEDOS\nls\fdnet.de
C:\FREEDOS\nls\fdnet.en
C:\FREEDOS\nls\fdnet.es
C:\FREEDOS\nls\fdnet.fr
C:\FREEDOS\nls\fdnet.sv
C:\FREEDOS\nls\fdnet.tr
C:\FREEDOS\source
C:\FREEDOS\source\fdnet
C:\FREEDOS\source\fdnet\sources.zip
C:\FREEDOS\net
C:\FREEDOS\net\fdnet
C:\FREEDOS\net\fdnet\berndpci.com
C:\FREEDOS\net\fdnet\changes
C:\FREEDOS\net\fdnet\dhcp.exe
C:\FREEDOS\net\fdnet\fdnetpd.ba~
C:\FREEDOS\net\fdnet\license
C:\FREEDOS\net\fdnet\mtcp.cfg
C:\FREEDOS\net\fdnet\ne2000.com
C:\FREEDOS\net\fdnet\pcntpk.com
C:\FREEDOS\net\fdnet\wattcp.cfg
