C:\FREEDOS\freedos
C:\FREEDOS\appinfo
C:\FREEDOS\appinfo\find.de
C:\FREEDOS\appinfo\find.fr
C:\FREEDOS\appinfo\find.lsm
C:\FREEDOS\appinfo\find.sv
C:\FREEDOS\appinfo\find.tr
C:\FREEDOS\bin
C:\FREEDOS\bin\find.com
C:\FREEDOS\doc
C:\FREEDOS\doc\find
C:\FREEDOS\doc\find\bugs
C:\FREEDOS\doc\find\copying
C:\FREEDOS\doc\find\install
C:\FREEDOS\doc\find\news
C:\FREEDOS\doc\find\readme
C:\FREEDOS\nls
C:\FREEDOS\nls\find.de
C:\FREEDOS\nls\find.dk
C:\FREEDOS\nls\find.en
C:\FREEDOS\nls\find.es
C:\FREEDOS\nls\find.fi
C:\FREEDOS\nls\find.fr
C:\FREEDOS\nls\find.hu
C:\FREEDOS\nls\find.it
C:\FREEDOS\nls\find.lv
C:\FREEDOS\nls\find.nl
C:\FREEDOS\nls\find.pl
C:\FREEDOS\nls\find.pt
C:\FREEDOS\nls\find.ru
C:\FREEDOS\nls\find.sl
C:\FREEDOS\nls\find.sv
C:\FREEDOS\nls\find.tr
C:\FREEDOS\source
C:\FREEDOS\source\find
C:\FREEDOS\source\find\sources.zip
