C:\FREEDOS\freedos
C:\FREEDOS\appinfo
C:\FREEDOS\appinfo\flashrom.de
C:\FREEDOS\appinfo\flashrom.fr
C:\FREEDOS\appinfo\flashrom.lsm
C:\FREEDOS\appinfo\flashrom.sv
C:\FREEDOS\appinfo\flashrom.tr
C:\FREEDOS\bin
C:\FREEDOS\bin\flashrom.exe
C:\FREEDOS\doc
C:\FREEDOS\doc\flashrom
C:\FREEDOS\doc\flashrom\readme.txt
C:\FREEDOS\help
C:\FREEDOS\help\flashrom.de
C:\FREEDOS\help\flashrom.en
C:\FREEDOS\help\flashrom.es
C:\FREEDOS\help\flashrom.fr
C:\FREEDOS\help\flashrom.sv
C:\FREEDOS\help\flashrom.tr
C:\FREEDOS\source
C:\FREEDOS\source\flashrom
C:\FREEDOS\source\flashrom\sources.zip
