C:\FREEDOS\freedos
C:\FREEDOS\appinfo
C:\FREEDOS\appinfo\format.de
C:\FREEDOS\appinfo\format.fr
C:\FREEDOS\appinfo\format.lsm
C:\FREEDOS\appinfo\format.sv
C:\FREEDOS\appinfo\format.tr
C:\FREEDOS\bin
C:\FREEDOS\bin\format.exe
C:\FREEDOS\doc
C:\FREEDOS\doc\format
C:\FREEDOS\doc\format\bugs.txt
C:\FREEDOS\doc\format\contrib.txt
C:\FREEDOS\doc\format\help.txt
C:\FREEDOS\doc\format\license.txt
C:\FREEDOS\doc\format\news.txt
C:\FREEDOS\doc\format\readme.txt
C:\FREEDOS\doc\format\todo.txt
C:\FREEDOS\source
C:\FREEDOS\source\format
C:\FREEDOS\source\format\sources.zip
