C:\FREEDOS\freedos
C:\FREEDOS\appinfo
C:\FREEDOS\appinfo\freecom.de
C:\FREEDOS\appinfo\freecom.fr
C:\FREEDOS\appinfo\freecom.lsm
C:\FREEDOS\appinfo\freecom.sv
C:\FREEDOS\appinfo\freecom.tr
C:\FREEDOS\bin
C:\FREEDOS\bin\command.com
C:\FREEDOS\bin\freecom
C:\FREEDOS\bin\freecom\28.com
C:\FREEDOS\bin\freecom\50.com
C:\FREEDOS\bin\freecom\fdcom.ico
C:\FREEDOS\bin\freecom\kswap
C:\FREEDOS\bin\freecom\kswap\cmd-si.com
C:\FREEDOS\bin\freecom\kswap\cmd-sv.com
C:\FREEDOS\bin\freecom\kswap\cmd-de.com
C:\FREEDOS\bin\freecom\kswap\cmd-en.com
C:\FREEDOS\bin\freecom\kswap\cmd-es.com
C:\FREEDOS\bin\freecom\kswap\cmd-fi.com
C:\FREEDOS\bin\freecom\kswap\cmd-fr.com
C:\FREEDOS\bin\freecom\kswap\cmd-it.com
C:\FREEDOS\bin\freecom\kswap\cmd-nl.com
C:\FREEDOS\bin\freecom\kswap\cmd-pl.com
C:\FREEDOS\bin\freecom\kswap\cmd-ptb.com
C:\FREEDOS\bin\freecom\kswap\cmd-rs.com
C:\FREEDOS\bin\freecom\kswap\cmd-ru.com
C:\FREEDOS\bin\freecom\kswap\cmd-tr.com
C:\FREEDOS\bin\freecom\kswap\cmd-ua.com
C:\FREEDOS\bin\freecom\kswap\cmd-yu.com
C:\FREEDOS\bin\freecom\kswap\k-swap.txt
C:\FREEDOS\bin\freecom\kswap\kssf.com
C:\FREEDOS\bin\freecom\kswap\vspawn.com
C:\FREEDOS\bin\freecom\license.txt
C:\FREEDOS\bin\freecom\readme.txt
C:\FREEDOS\bin\freecom\version.txt
C:\FREEDOS\bin\freecom\xswap
C:\FREEDOS\bin\freecom\xswap\cmd-si.com
C:\FREEDOS\bin\freecom\xswap\cmd-sv.com
C:\FREEDOS\bin\freecom\xswap\cmd-de.com
C:\FREEDOS\bin\freecom\xswap\cmd-en.com
C:\FREEDOS\bin\freecom\xswap\cmd-es.com
C:\FREEDOS\bin\freecom\xswap\cmd-fi.com
C:\FREEDOS\bin\freecom\xswap\cmd-fr.com
C:\FREEDOS\bin\freecom\xswap\cmd-it.com
C:\FREEDOS\bin\freecom\xswap\cmd-nl.com
C:\FREEDOS\bin\freecom\xswap\cmd-pl.com
C:\FREEDOS\bin\freecom\xswap\cmd-ptb.com
C:\FREEDOS\bin\freecom\xswap\cmd-rs.com
C:\FREEDOS\bin\freecom\xswap\cmd-ru.com
C:\FREEDOS\bin\freecom\xswap\cmd-tr.com
C:\FREEDOS\bin\freecom\xswap\cmd-ua.com
C:\FREEDOS\bin\freecom\xswap\cmd-yu.com
C:\FREEDOS\bin\freecom\load_icd.exe
C:\FREEDOS\source
C:\FREEDOS\source\freecom
C:\FREEDOS\source\freecom\sources.zip
