C:\FREEDOS\freedos
C:\FREEDOS\appinfo
C:\FREEDOS\appinfo\keyb_lay.de
C:\FREEDOS\appinfo\keyb_lay.fr
C:\FREEDOS\appinfo\keyb_lay.lsm
C:\FREEDOS\appinfo\keyb_lay.sv
C:\FREEDOS\appinfo\keyb_lay.tr
C:\FREEDOS\bin
C:\FREEDOS\bin\keyboard.sys
C:\FREEDOS\bin\keybrd2.sys
C:\FREEDOS\bin\keybrd3.sys
C:\FREEDOS\bin\keybrd4.sys
C:\FREEDOS\doc
C:\FREEDOS\doc\keyb
C:\FREEDOS\doc\keyb\layouts
C:\FREEDOS\doc\keyb\layouts\be-intl.txt
C:\FREEDOS\doc\keyb\layouts\cherokee.txt
C:\FREEDOS\doc\keyb\layouts\copying.txt
C:\FREEDOS\doc\keyb\layouts\enhanced.txt
C:\FREEDOS\doc\keyb\layouts\fr-intl.txt
C:\FREEDOS\doc\keyb\layouts\georgia.txt
C:\FREEDOS\doc\keyb\layouts\history.txt
C:\FREEDOS\doc\keyb\layouts\it-intl.txt
C:\FREEDOS\doc\keyb\layouts\jp106.txt
C:\FREEDOS\doc\keyb\layouts\layouts.txt
C:\FREEDOS\doc\keyb\layouts\po-intl.txt
C:\FREEDOS\doc\keyb\layouts\readme.txt
C:\FREEDOS\doc\keyb\layouts\russia.txt
C:\FREEDOS\doc\keyb\layouts\sp-intl.txt
C:\FREEDOS\doc\keyb\layouts\uk-intl.txt
C:\FREEDOS\doc\keyb\layouts\us-intl.txt
C:\FREEDOS\source
C:\FREEDOS\source\keyb
C:\FREEDOS\source\keyb\layouts
C:\FREEDOS\source\keyb\layouts\ar462.key
C:\FREEDOS\source\keyb\layouts\ar470.key
C:\FREEDOS\source\keyb\layouts\az.key
C:\FREEDOS\source\keyb\layouts\be.key
C:\FREEDOS\source\keyb\layouts\bg.key
C:\FREEDOS\source\keyb\layouts\bg103.key
C:\FREEDOS\source\keyb\layouts\bg241.key
C:\FREEDOS\source\keyb\layouts\bl.key
C:\FREEDOS\source\keyb\layouts\bn.key
C:\FREEDOS\source\keyb\layouts\br.key
C:\FREEDOS\source\keyb\layouts\br274.key
C:\FREEDOS\source\keyb\layouts\bx.key
C:\FREEDOS\source\keyb\layouts\ce.key
C:\FREEDOS\source\keyb\layouts\ce443.key
C:\FREEDOS\source\keyb\layouts\cf.key
C:\FREEDOS\source\keyb\layouts\cf445.key
C:\FREEDOS\source\keyb\layouts\co.key
C:\FREEDOS\source\keyb\layouts\cz.key
C:\FREEDOS\source\keyb\layouts\cz244.key
C:\FREEDOS\source\keyb\layouts\cz489.key
C:\FREEDOS\source\keyb\layouts\dk.key
C:\FREEDOS\source\keyb\layouts\dv.key
C:\FREEDOS\source\keyb\layouts\et.key
C:\FREEDOS\source\keyb\layouts\fo.key
C:\FREEDOS\source\keyb\layouts\fr.key
C:\FREEDOS\source\keyb\layouts\fx.key
C:\FREEDOS\source\keyb\layouts\gk.key
C:\FREEDOS\source\keyb\layouts\gk220.key
C:\FREEDOS\source\keyb\layouts\gk459.key
C:\FREEDOS\source\keyb\layouts\gr.key
C:\FREEDOS\source\keyb\layouts\gr453.key
C:\FREEDOS\source\keyb\layouts\hu.key
C:\FREEDOS\source\keyb\layouts\hu208.key
C:\FREEDOS\source\keyb\layouts\hy.key
C:\FREEDOS\source\keyb\layouts\il.key
C:\FREEDOS\source\keyb\layouts\is.key
C:\FREEDOS\source\keyb\layouts\is161.key
C:\FREEDOS\source\keyb\layouts\it.key
C:\FREEDOS\source\keyb\layouts\it142.key
C:\FREEDOS\source\keyb\layouts\ix.key
C:\FREEDOS\source\keyb\layouts\jp.key
C:\FREEDOS\source\keyb\layouts\ka.key
C:\FREEDOS\source\keyb\layouts\kk.key
C:\FREEDOS\source\keyb\layouts\kk476.key
C:\FREEDOS\source\keyb\layouts\kx.key
C:\FREEDOS\source\keyb\layouts\ky.key
C:\FREEDOS\source\keyb\layouts\la.key
C:\FREEDOS\source\keyb\layouts\lh.key
C:\FREEDOS\source\keyb\layouts\lt.key
C:\FREEDOS\source\keyb\layouts\lt210.key
C:\FREEDOS\source\keyb\layouts\lt211.key
C:\FREEDOS\source\keyb\layouts\lt221.key
C:\FREEDOS\source\keyb\layouts\lt456.key
C:\FREEDOS\source\keyb\layouts\lv.key
C:\FREEDOS\source\keyb\layouts\lv455.key
C:\FREEDOS\source\keyb\layouts\mk.key
C:\FREEDOS\source\keyb\layouts\mn.key
C:\FREEDOS\source\keyb\layouts\mt.key
C:\FREEDOS\source\keyb\layouts\mt103.key
C:\FREEDOS\source\keyb\layouts\ne.key
C:\FREEDOS\source\keyb\layouts\ng.key
C:\FREEDOS\source\keyb\layouts\nl.key
C:\FREEDOS\source\keyb\layouts\no.key
C:\FREEDOS\source\keyb\layouts\ph.key
C:\FREEDOS\source\keyb\layouts\pl.key
C:\FREEDOS\source\keyb\layouts\pl214.key
C:\FREEDOS\source\keyb\layouts\po.key
C:\FREEDOS\source\keyb\layouts\px.key
C:\FREEDOS\source\keyb\layouts\rh.key
C:\FREEDOS\source\keyb\layouts\ro.key
C:\FREEDOS\source\keyb\layouts\ro446.key
C:\FREEDOS\source\keyb\layouts\ru.key
C:\FREEDOS\source\keyb\layouts\ru443.key
C:\FREEDOS\source\keyb\layouts\rx.key
C:\FREEDOS\source\keyb\layouts\rx443.key
C:\FREEDOS\source\keyb\layouts\sf.key
C:\FREEDOS\source\keyb\layouts\sg.key
C:\FREEDOS\source\keyb\layouts\sk.key
C:\FREEDOS\source\keyb\layouts\sp.key
C:\FREEDOS\source\keyb\layouts\sq.key
C:\FREEDOS\source\keyb\layouts\sq448.key
C:\FREEDOS\source\keyb\layouts\su.key
C:\FREEDOS\source\keyb\layouts\sx.key
C:\FREEDOS\source\keyb\layouts\tj.key
C:\FREEDOS\source\keyb\layouts\tm.key
C:\FREEDOS\source\keyb\layouts\tr.key
C:\FREEDOS\source\keyb\layouts\tr440.key
C:\FREEDOS\source\keyb\layouts\tt.key
C:\FREEDOS\source\keyb\layouts\tt443.key
C:\FREEDOS\source\keyb\layouts\uk.key
C:\FREEDOS\source\keyb\layouts\uk168.key
C:\FREEDOS\source\keyb\layouts\ur.key
C:\FREEDOS\source\keyb\layouts\ur1996.key
C:\FREEDOS\source\keyb\layouts\ur2001.key
C:\FREEDOS\source\keyb\layouts\ur2007.key
C:\FREEDOS\source\keyb\layouts\ur465.key
C:\FREEDOS\source\keyb\layouts\us.key
C:\FREEDOS\source\keyb\layouts\ux.key
C:\FREEDOS\source\keyb\layouts\uz.key
C:\FREEDOS\source\keyb\layouts\vi.key
C:\FREEDOS\source\keyb\layouts\yc.key
C:\FREEDOS\source\keyb\layouts\yc450.key
C:\FREEDOS\source\keyb\layouts\yu.key
