C:\FREEDOS\freedos
C:\FREEDOS\appinfo
C:\FREEDOS\appinfo\md5sum.de
C:\FREEDOS\appinfo\md5sum.fr
C:\FREEDOS\appinfo\md5sum.lsm
C:\FREEDOS\appinfo\md5sum.sv
C:\FREEDOS\appinfo\md5sum.tr
C:\FREEDOS\bin
C:\FREEDOS\bin\md5sum.exe
C:\FREEDOS\doc
C:\FREEDOS\doc\md5sum
C:\FREEDOS\doc\md5sum\md5sum.txt
C:\FREEDOS\doc\md5sum\todo.txt
C:\FREEDOS\nls
C:\FREEDOS\nls\md5sum.de
C:\FREEDOS\nls\md5sum.en
C:\FREEDOS\nls\md5sum.es
C:\FREEDOS\nls\md5sum.fr
C:\FREEDOS\nls\md5sum.nl
C:\FREEDOS\nls\md5sum.pl
C:\FREEDOS\nls\md5sum.sv
C:\FREEDOS\nls\md5sum.tr
C:\FREEDOS\source
C:\FREEDOS\source\md5sum
C:\FREEDOS\source\md5sum\sources.zip
