C:\FREEDOS\freedos
C:\FREEDOS\appinfo
C:\FREEDOS\appinfo\more.de
C:\FREEDOS\appinfo\more.fr
C:\FREEDOS\appinfo\more.lsm
C:\FREEDOS\appinfo\more.sv
C:\FREEDOS\appinfo\more.tr
C:\FREEDOS\bin
C:\FREEDOS\bin\_more.exe
C:\FREEDOS\bin\more.exe
C:\FREEDOS\doc
C:\FREEDOS\doc\more
C:\FREEDOS\doc\more\bugs
C:\FREEDOS\doc\more\gpl-20.txt
C:\FREEDOS\doc\more\install
C:\FREEDOS\doc\more\news
C:\FREEDOS\doc\more\readme
C:\FREEDOS\help
C:\FREEDOS\help\more.de
C:\FREEDOS\help\more.en
C:\FREEDOS\help\more.fr
C:\FREEDOS\help\more.sv
C:\FREEDOS\help\more.tr
C:\FREEDOS\nls
C:\FREEDOS\nls\more.de
C:\FREEDOS\nls\more.dk
C:\FREEDOS\nls\more.en
C:\FREEDOS\nls\more.eo
C:\FREEDOS\nls\more.es
C:\FREEDOS\nls\more.fi
C:\FREEDOS\nls\more.fr
C:\FREEDOS\nls\more.hu
C:\FREEDOS\nls\more.it
C:\FREEDOS\nls\more.lv
C:\FREEDOS\nls\more.nl
C:\FREEDOS\nls\more.pl
C:\FREEDOS\nls\more.pt
C:\FREEDOS\nls\more.ru
C:\FREEDOS\nls\more.sl
C:\FREEDOS\nls\more.sv
C:\FREEDOS\nls\more.tr
C:\FREEDOS\source
C:\FREEDOS\source\more
C:\FREEDOS\source\more\sources.zip
