C:\FREEDOS\freedos
C:\FREEDOS\appinfo
C:\FREEDOS\appinfo\senet.de
C:\FREEDOS\appinfo\senet.fr
C:\FREEDOS\appinfo\senet.lsm
C:\FREEDOS\appinfo\senet.sv
C:\FREEDOS\appinfo\senet.tr
C:\FREEDOS\links
C:\FREEDOS\links\senet.bat
C:\FREEDOS\doc
C:\FREEDOS\doc\senet
C:\FREEDOS\doc\senet\copying
C:\FREEDOS\doc\senet\news.txt
C:\FREEDOS\doc\senet\readme.txt
C:\FREEDOS\source
C:\FREEDOS\source\senet
C:\FREEDOS\source\senet\sources.zip
C:\FREEDOS\games
C:\FREEDOS\games\senet
C:\FREEDOS\games\senet\senet.exe
