C:\FREEDOS\freedos
C:\FREEDOS\appinfo
C:\FREEDOS\appinfo\srdisk.de
C:\FREEDOS\appinfo\srdisk.fr
C:\FREEDOS\appinfo\srdisk.lsm
C:\FREEDOS\appinfo\srdisk.sv
C:\FREEDOS\appinfo\srdisk.tr
C:\FREEDOS\bin
C:\FREEDOS\bin\srdems3.sys
C:\FREEDOS\bin\srdemss.sys
C:\FREEDOS\bin\srdems.sys
C:\FREEDOS\bin\srdisk.exe
C:\FREEDOS\bin\srdummy.sys
C:\FREEDOS\bin\srdxmss.sys
C:\FREEDOS\bin\srdxms.sys
C:\FREEDOS\doc
C:\FREEDOS\doc\srdisk
C:\FREEDOS\doc\srdisk\read.me
C:\FREEDOS\doc\srdisk\srdisk.doc
C:\FREEDOS\doc\srdisk\whatsnew.doc
C:\FREEDOS\source
C:\FREEDOS\source\srdisk
C:\FREEDOS\source\srdisk\sources.zip
