C:\FREEDOS\freedos
C:\FREEDOS\appinfo
C:\FREEDOS\appinfo\tar.de
C:\FREEDOS\appinfo\tar.fr
C:\FREEDOS\appinfo\tar.lsm
C:\FREEDOS\appinfo\tar.sv
C:\FREEDOS\appinfo\tar.tr
C:\FREEDOS\bin
C:\FREEDOS\bin\tar.exe
C:\FREEDOS\doc
C:\FREEDOS\doc\tar
C:\FREEDOS\doc\tar\file_id.diz
C:\FREEDOS\doc\tar\read.me
C:\FREEDOS\doc\tar\readme.1st
C:\FREEDOS\doc\tar\tar.txt
C:\FREEDOS\doc\tar\thanks.to
C:\FREEDOS\doc\tar\to.do
C:\FREEDOS\source
C:\FREEDOS\source\tar
C:\FREEDOS\source\tar\sources.zip
