C:\FREEDOS\freedos
C:\FREEDOS\appinfo
C:\FREEDOS\appinfo\tee.de
C:\FREEDOS\appinfo\tee.fr
C:\FREEDOS\appinfo\tee.lsm
C:\FREEDOS\appinfo\tee.sv
C:\FREEDOS\appinfo\tee.tr
C:\FREEDOS\bin
C:\FREEDOS\bin\_tee.exe
C:\FREEDOS\bin\tee.exe
C:\FREEDOS\doc
C:\FREEDOS\doc\tee
C:\FREEDOS\doc\tee\changes
C:\FREEDOS\doc\tee\gpl.txt
C:\FREEDOS\doc\tee\lgpl.txt
C:\FREEDOS\doc\tee\readme.txt
C:\FREEDOS\doc\tee\tee-de.htm
C:\FREEDOS\doc\tee\tee-fr.htm
C:\FREEDOS\doc\tee\tee-sv.htm
C:\FREEDOS\doc\tee\tee-tr.htm
C:\FREEDOS\doc\tee\tee.htm
C:\FREEDOS\doc\tee\tee_de.htm
C:\FREEDOS\doc\tee\lfnfiles.zip
C:\FREEDOS\nls
C:\FREEDOS\nls\tee.de
C:\FREEDOS\nls\tee.en
C:\FREEDOS\nls\tee.eo
C:\FREEDOS\nls\tee.es
C:\FREEDOS\nls\tee.fr
C:\FREEDOS\nls\tee.pl
C:\FREEDOS\nls\tee.pt
C:\FREEDOS\nls\tee.sl
C:\FREEDOS\nls\tee.sv
C:\FREEDOS\nls\tee.tr
C:\FREEDOS\source
C:\FREEDOS\source\tee
C:\FREEDOS\source\tee\sources.zip
