C:\FREEDOS\freedos
C:\FREEDOS\appinfo
C:\FREEDOS\appinfo\unformat.de
C:\FREEDOS\appinfo\unformat.fr
C:\FREEDOS\appinfo\unformat.lsm
C:\FREEDOS\appinfo\unformat.sv
C:\FREEDOS\appinfo\unformat.tr
C:\FREEDOS\bin
C:\FREEDOS\bin\unformat.exe
C:\FREEDOS\doc
C:\FREEDOS\doc\unformat
C:\FREEDOS\doc\unformat\bugs.txt
C:\FREEDOS\doc\unformat\help.txt
C:\FREEDOS\doc\unformat\install.txt
C:\FREEDOS\doc\unformat\license.txt
C:\FREEDOS\doc\unformat\news.txt
C:\FREEDOS\doc\unformat\readme.txt
C:\FREEDOS\source
C:\FREEDOS\source\unformat
C:\FREEDOS\source\unformat\sources.zip
