C:\FREEDOS\freedos
C:\FREEDOS\appinfo
C:\FREEDOS\appinfo\upx.de
C:\FREEDOS\appinfo\upx.fr
C:\FREEDOS\appinfo\upx.lsm
C:\FREEDOS\appinfo\upx.sv
C:\FREEDOS\appinfo\upx.tr
C:\FREEDOS\links
C:\FREEDOS\links\upx.bat
C:\FREEDOS\source
C:\FREEDOS\source\upx
C:\FREEDOS\source\upx\sources.zip
C:\FREEDOS\devel
C:\FREEDOS\devel\upx
C:\FREEDOS\devel\upx\bugs
C:\FREEDOS\devel\upx\copying
C:\FREEDOS\devel\upx\license
C:\FREEDOS\devel\upx\news
C:\FREEDOS\devel\upx\readme
C:\FREEDOS\devel\upx\readme.1st
C:\FREEDOS\devel\upx\thanks
C:\FREEDOS\devel\upx\upx.1
C:\FREEDOS\devel\upx\upx.doc
C:\FREEDOS\devel\upx\upx.exe
C:\FREEDOS\devel\upx\lfnfiles.zip
