C:\FREEDOS\freedos
C:\FREEDOS\appinfo
C:\FREEDOS\appinfo\v8power.de
C:\FREEDOS\appinfo\v8power.fr
C:\FREEDOS\appinfo\v8power.lsm
C:\FREEDOS\appinfo\v8power.sv
C:\FREEDOS\appinfo\v8power.tr
C:\FREEDOS\bin
C:\FREEDOS\bin\vask.com
C:\FREEDOS\bin\vchkbox.com
C:\FREEDOS\bin\vchoice.com
C:\FREEDOS\bin\vcls.com
C:\FREEDOS\bin\vcursor.com
C:\FREEDOS\bin\vdelay.com
C:\FREEDOS\bin\vdelete.com
C:\FREEDOS\bin\veach.com
C:\FREEDOS\bin\vecho.com
C:\FREEDOS\bin\verrlvl.com
C:\FREEDOS\bin\vfdutil.com
C:\FREEDOS\bin\vfont.com
C:\FREEDOS\bin\vframe.com
C:\FREEDOS\bin\vgotoxy.com
C:\FREEDOS\bin\vinfo.com
C:\FREEDOS\bin\vinsert.com
C:\FREEDOS\bin\vline.com
C:\FREEDOS\bin\vmath.com
C:\FREEDOS\bin\vmode.com
C:\FREEDOS\bin\vpause.com
C:\FREEDOS\bin\vpcspkr.com
C:\FREEDOS\bin\vprogres.com
C:\FREEDOS\bin\vreadkey.com
C:\FREEDOS\bin\vstr.com
C:\FREEDOS\bin\vver.com
C:\FREEDOS\bin\vview.com
C:\FREEDOS\doc
C:\FREEDOS\doc\v8power
C:\FREEDOS\doc\v8power\demos
C:\FREEDOS\doc\v8power\demos\demo.bat
C:\FREEDOS\doc\v8power\examples
C:\FREEDOS\doc\v8power\examples\ex00.bat
C:\FREEDOS\doc\v8power\examples\ex01.bat
C:\FREEDOS\doc\v8power\examples\ex02.bat
C:\FREEDOS\doc\v8power\examples\ex03.bat
C:\FREEDOS\doc\v8power\examples\ex04.bat
C:\FREEDOS\doc\v8power\examples\ex05.bat
C:\FREEDOS\doc\v8power\examples\ex06.bat
C:\FREEDOS\doc\v8power\examples\ex07.bat
C:\FREEDOS\doc\v8power\examples\ex08.bat
C:\FREEDOS\doc\v8power\examples\ex09.bat
C:\FREEDOS\doc\v8power\examples\ex10.bat
C:\FREEDOS\doc\v8power\examples\ex11.bat
C:\FREEDOS\doc\v8power\examples\ex12.bat
C:\FREEDOS\doc\v8power\examples\readme.txt
C:\FREEDOS\doc\v8power\license
C:\FREEDOS\doc\v8power\roadmap.txt
C:\FREEDOS\help
C:\FREEDOS\help\v8power.de
C:\FREEDOS\help\v8power.en
C:\FREEDOS\help\v8power.fr
C:\FREEDOS\help\v8power.sv
C:\FREEDOS\help\v8power.tr
C:\FREEDOS\help\vask.de
C:\FREEDOS\help\vask.en
C:\FREEDOS\help\vask.fr
C:\FREEDOS\help\vask.sv
C:\FREEDOS\help\vask.tr
C:\FREEDOS\help\vchkbox.de
C:\FREEDOS\help\vchkbox.en
C:\FREEDOS\help\vchkbox.fr
C:\FREEDOS\help\vchkbox.sv
C:\FREEDOS\help\vchkbox.tr
C:\FREEDOS\help\vchoice.de
C:\FREEDOS\help\vchoice.en
C:\FREEDOS\help\vchoice.fr
C:\FREEDOS\help\vchoice.sv
C:\FREEDOS\help\vchoice.tr
C:\FREEDOS\help\vcls.de
C:\FREEDOS\help\vcls.en
C:\FREEDOS\help\vcls.fr
C:\FREEDOS\help\vcls.sv
C:\FREEDOS\help\vcls.tr
C:\FREEDOS\help\vcursor.de
C:\FREEDOS\help\vcursor.en
C:\FREEDOS\help\vcursor.fr
C:\FREEDOS\help\vcursor.sv
C:\FREEDOS\help\vcursor.tr
C:\FREEDOS\help\vdelay.de
C:\FREEDOS\help\vdelay.en
C:\FREEDOS\help\vdelay.fr
C:\FREEDOS\help\vdelay.sv
C:\FREEDOS\help\vdelay.tr
C:\FREEDOS\help\vdelete.de
C:\FREEDOS\help\vdelete.en
C:\FREEDOS\help\vdelete.fr
C:\FREEDOS\help\vdelete.sv
C:\FREEDOS\help\vdelete.tr
C:\FREEDOS\help\veach.de
C:\FREEDOS\help\veach.en
C:\FREEDOS\help\veach.fr
C:\FREEDOS\help\veach.sv
C:\FREEDOS\help\veach.tr
C:\FREEDOS\help\vecho.de
C:\FREEDOS\help\vecho.en
C:\FREEDOS\help\vecho.fr
C:\FREEDOS\help\vecho.sv
C:\FREEDOS\help\vecho.tr
C:\FREEDOS\help\verrlvl.de
C:\FREEDOS\help\verrlvl.en
C:\FREEDOS\help\verrlvl.fr
C:\FREEDOS\help\verrlvl.sv
C:\FREEDOS\help\verrlvl.tr
C:\FREEDOS\help\vfdutil.de
C:\FREEDOS\help\vfdutil.en
C:\FREEDOS\help\vfdutil.fr
C:\FREEDOS\help\vfdutil.sv
C:\FREEDOS\help\vfdutil.tr
C:\FREEDOS\help\vfont.de
C:\FREEDOS\help\vfont.en
C:\FREEDOS\help\vfont.fr
C:\FREEDOS\help\vfont.sv
C:\FREEDOS\help\vfont.tr
C:\FREEDOS\help\vframe.de
C:\FREEDOS\help\vframe.en
C:\FREEDOS\help\vframe.fr
C:\FREEDOS\help\vframe.sv
C:\FREEDOS\help\vframe.tr
C:\FREEDOS\help\vgotoxy.de
C:\FREEDOS\help\vgotoxy.en
C:\FREEDOS\help\vgotoxy.fr
C:\FREEDOS\help\vgotoxy.sv
C:\FREEDOS\help\vgotoxy.tr
C:\FREEDOS\help\vinfo.de
C:\FREEDOS\help\vinfo.en
C:\FREEDOS\help\vinfo.fr
C:\FREEDOS\help\vinfo.sv
C:\FREEDOS\help\vinfo.tr
C:\FREEDOS\help\vinsert.de
C:\FREEDOS\help\vinsert.en
C:\FREEDOS\help\vinsert.fr
C:\FREEDOS\help\vinsert.sv
C:\FREEDOS\help\vinsert.tr
C:\FREEDOS\help\vline.de
C:\FREEDOS\help\vline.en
C:\FREEDOS\help\vline.fr
C:\FREEDOS\help\vline.sv
C:\FREEDOS\help\vline.tr
C:\FREEDOS\help\vmath.de
C:\FREEDOS\help\vmath.en
C:\FREEDOS\help\vmath.fr
C:\FREEDOS\help\vmath.sv
C:\FREEDOS\help\vmath.tr
C:\FREEDOS\help\vmode.de
C:\FREEDOS\help\vmode.en
C:\FREEDOS\help\vmode.fr
C:\FREEDOS\help\vmode.sv
C:\FREEDOS\help\vmode.tr
C:\FREEDOS\help\vpause.de
C:\FREEDOS\help\vpause.en
C:\FREEDOS\help\vpause.fr
C:\FREEDOS\help\vpause.sv
C:\FREEDOS\help\vpause.tr
C:\FREEDOS\help\vpcspkr.de
C:\FREEDOS\help\vpcspkr.en
C:\FREEDOS\help\vpcspkr.fr
C:\FREEDOS\help\vpcspkr.sv
C:\FREEDOS\help\vpcspkr.tr
C:\FREEDOS\help\vprogres.de
C:\FREEDOS\help\vprogres.en
C:\FREEDOS\help\vprogres.fr
C:\FREEDOS\help\vprogres.sv
C:\FREEDOS\help\vprogres.tr
C:\FREEDOS\help\vreadkey.de
C:\FREEDOS\help\vreadkey.en
C:\FREEDOS\help\vreadkey.fr
C:\FREEDOS\help\vreadkey.sv
C:\FREEDOS\help\vreadkey.tr
C:\FREEDOS\help\vstr.de
C:\FREEDOS\help\vstr.en
C:\FREEDOS\help\vstr.fr
C:\FREEDOS\help\vstr.sv
C:\FREEDOS\help\vstr.tr
C:\FREEDOS\help\vver.de
C:\FREEDOS\help\vver.en
C:\FREEDOS\help\vver.fr
C:\FREEDOS\help\vver.sv
C:\FREEDOS\help\vver.tr
C:\FREEDOS\help\vview.de
C:\FREEDOS\help\vview.en
C:\FREEDOS\help\vview.fr
C:\FREEDOS\help\vview.sv
C:\FREEDOS\help\vview.tr
C:\FREEDOS\source
C:\FREEDOS\source\v8power
C:\FREEDOS\source\v8power\sources.zip
