C:\FREEDOS\freedos
C:\FREEDOS\appinfo
C:\FREEDOS\appinfo\wcd.de
C:\FREEDOS\appinfo\wcd.fr
C:\FREEDOS\appinfo\wcd.lsm
C:\FREEDOS\appinfo\wcd.sv
C:\FREEDOS\appinfo\wcd.tr
C:\FREEDOS\bin
C:\FREEDOS\bin\wcd.exe
C:\FREEDOS\doc
C:\FREEDOS\doc\wcd
C:\FREEDOS\doc\wcd\copying.txt
C:\FREEDOS\doc\wcd\faq.txt
C:\FREEDOS\doc\wcd\install.txt
C:\FREEDOS\doc\wcd\inst_dos.txt
C:\FREEDOS\doc\wcd\problems.txt
C:\FREEDOS\doc\wcd\readme.txt
C:\FREEDOS\doc\wcd\todo.txt
C:\FREEDOS\doc\wcd\wcd.htm
C:\FREEDOS\doc\wcd\wcd.txt
C:\FREEDOS\doc\wcd\whatsnew.txt
C:\FREEDOS\source
C:\FREEDOS\source\wcd
C:\FREEDOS\source\wcd\sources.zip
