/
/APPINFO/
/APPINFO/ADPLAY.DE
/APPINFO/ADPLAY.FR
/APPINFO/ADPLAY.LSM
/APPINFO/ADPLAY.SV
/APPINFO/ADPLAY.TR
/SOUND/
/SOUND/ADPLAY/
/SOUND/ADPLAY/ADPLAY.EXE
/SOUND/ADPLAY/ADPLAY.INI
/SOUND/ADPLAY/README.TXT
/SOURCE/
/SOURCE/ADPLAY/
/SOURCE/ADPLAY/SOURCES.ZIP/
/SOURCE/ADPLAY/SOURCES.ZIP/ADPLAY.CPP
/SOURCE/ADPLAY/SOURCES.ZIP/ADPLAY.INI
/SOURCE/ADPLAY/SOURCES.ZIP/ARCFILE.CPP
/SOURCE/ADPLAY/SOURCES.ZIP/ARCFILE.H
/SOURCE/ADPLAY/SOURCES.ZIP/BUILD.TXT
/SOURCE/ADPLAY/SOURCES.ZIP/CFGPARSE.CPP
/SOURCE/ADPLAY/SOURCES.ZIP/CFGPARSE.H
/SOURCE/ADPLAY/SOURCES.ZIP/FILEWND.CPP
/SOURCE/ADPLAY/SOURCES.ZIP/FILEWND.H
/SOURCE/ADPLAY/SOURCES.ZIP/HELPTXT.H
/SOURCE/ADPLAY/SOURCES.ZIP/INSTALL.WAT
/SOURCE/ADPLAY/SOURCES.ZIP/MAKEFILE.BT
/SOURCE/ADPLAY/SOURCES.ZIP/MAKEFILE.GCC
/SOURCE/ADPLAY/SOURCES.ZIP/MAKEFILE.WCC
/SOURCE/ADPLAY/SOURCES.ZIP/README.TXT
