/
/APPINFO/
/APPINFO/AEFDISK.DE
/APPINFO/AEFDISK.FR
/APPINFO/AEFDISK.LSM
/APPINFO/AEFDISK.SV
/APPINFO/AEFDISK.TR
/BIN/
/BIN/AEFDISK.EXE
/DOC/
/DOC/AEFDISK/
/DOC/AEFDISK/AEFDISK.TXT
/DOC/AEFDISK/LICENSE
/SOURCE/
/SOURCE/AEFDISK/
/SOURCE/AEFDISK/SOURCES.ZIP/
/SOURCE/AEFDISK/SOURCES.ZIP/AEFDISK.ASM
/SOURCE/AEFDISK/SOURCES.ZIP/AEFDISK.TXT
/SOURCE/AEFDISK/SOURCES.ZIP/FAT16.INC
/SOURCE/AEFDISK/SOURCES.ZIP/FAT32.INC
/SOURCE/AEFDISK/SOURCES.ZIP/LICENSE
/SOURCE/AEFDISK/SOURCES.ZIP/MAKEFILE
/SOURCE/AEFDISK/SOURCES.ZIP/README.MD
