/
/APPINFO/
/APPINFO/ARACHNE.DE
/APPINFO/ARACHNE.FR
/APPINFO/ARACHNE.LSM
/APPINFO/ARACHNE.SV
/APPINFO/ARACHNE.TR
/NET/
/NET/ARACHNE/
/NET/ARACHNE/8086/
/NET/ARACHNE/8086/16BIT.TXT
/NET/ARACHNE/8086/386PC.ACF
/NET/ARACHNE/8086/486PC.ACF
/NET/ARACHNE/8086/ABOUT.HTM
/NET/ARACHNE/8086/ADRSBOOK.HTM
/NET/ARACHNE/8086/AEXTHTML.TXT
/NET/ARACHNE/8086/AHTML40.TXT
/NET/ARACHNE/8086/ALT-FONT.HTM
/NET/ARACHNE/8086/APM.EXE
/NET/ARACHNE/8086/APM.HTP
/NET/ARACHNE/8086/APM.TXT
/NET/ARACHNE/8086/ARACHNE.BAT
/NET/ARACHNE/8086/ARACHNE.CFG
/NET/ARACHNE/8086/ARACHNE.PCK
/NET/ARACHNE/8086/ARACOLOR.HTM
/NET/ARACHNE/8086/ARACOLOR.TXT
/NET/ARACHNE/8086/ARACOLR2.HTM
/NET/ARACHNE/8086/ARAMDISK.TXT
/NET/ARACHNE/8086/ARASHADE.HTM
/NET/ARACHNE/8086/ASF_HELP.ASF
/NET/ARACHNE/8086/BACK.GIF
/NET/ARACHNE/8086/BACKUP/
/NET/ARACHNE/8086/BACKUP/!
/NET/ARACHNE/8086/BBSPPP.ACF
/NET/ARACHNE/8086/BLUE.SKN
/NET/ARACHNE/8086/CACHE.IDX
/NET/ARACHNE/8086/CACHE/
/NET/ARACHNE/8086/CACHE/!
/NET/ARACHNE/8086/CACHE/HEADERS/
/NET/ARACHNE/8086/CACHE/HEADERS/!
/NET/ARACHNE/8086/CAVERGE.SKN
/NET/ARACHNE/8086/CHNGDONE.HTM
/NET/ARACHNE/8086/CLEARLOK.ASF
/NET/ARACHNE/8086/COMTOOL.COM
/NET/ARACHNE/8086/COMTOOL.TXT
/NET/ARACHNE/8086/CONNWORD.HTM
/NET/ARACHNE/8086/CORE.EXE
/NET/ARACHNE/8086/CWSDPMI.EXE
/NET/ARACHNE/8086/DGI.TXT
/NET/ARACHNE/8086/DHCP.ACF
/NET/ARACHNE/8086/DHCPTCP.CFG
/NET/ARACHNE/8086/DIRDGI.HTM
/NET/ARACHNE/8086/DJPEG.TXT
/NET/ARACHNE/8086/DJPEG32.EXE
/NET/ARACHNE/8086/DOC/
/NET/ARACHNE/8086/DOC/ACF_ASF.HTM
/NET/ARACHNE/8086/DOC/APM.HTM
/NET/ARACHNE/8086/DOC/BINHEX.HTM
/NET/ARACHNE/8086/DOC/CABLE.HTM
/NET/ARACHNE/8086/DOC/CHARSETS.HTM
/NET/ARACHNE/8086/DOC/DIR.HTM
/NET/ARACHNE/8086/DOC/DOSSHELL.HTM
/NET/ARACHNE/8086/DOC/EDITOR.HTM
/NET/ARACHNE/8086/DOC/EXT-PROG.HTM
/NET/ARACHNE/8086/DOC/FTPHELP.HTM
/NET/ARACHNE/8086/DOC/HOWTO.HTM
/NET/ARACHNE/8086/DOC/ICONS.HTM
/NET/ARACHNE/8086/DOC/INTERNET.HTM
/NET/ARACHNE/8086/DOC/ISDN.HTM
/NET/ARACHNE/8086/DOC/LAN.HTM
/NET/ARACHNE/8086/DOC/MAILHELP.HTM
/NET/ARACHNE/8086/DOC/MEMMAP.HTM
/NET/ARACHNE/8086/DOC/NETDOS.HTM
/NET/ARACHNE/8086/DOC/PCIMODEM.HTM
/NET/ARACHNE/8086/DOC/PPP_HOW2.HTM
/NET/ARACHNE/8086/DOC/SAVETRIX.GIF
/NET/ARACHNE/8086/DOC/SETUPHOW.HTM
/NET/ARACHNE/8086/DOC/SPECIF.HTM
/NET/ARACHNE/8086/DOC/SPEED.HTM
/NET/ARACHNE/8086/DOC/SURFTIPS.HTM
/NET/ARACHNE/8086/DOC/SYSTEM.HTM
/NET/ARACHNE/8086/DOC/TEMPDIR.HTM
/NET/ARACHNE/8086/DOC/UPGRADE.HTM
/NET/ARACHNE/8086/DOC/VIEWER.HTM
/NET/ARACHNE/8086/DOC/WAVELAN.HTM
/NET/ARACHNE/8086/DOSLYNX.BAT
/NET/ARACHNE/8086/DOSPPPD.TXT
/NET/ARACHNE/8086/DOWNLOAD/
/NET/ARACHNE/8086/DOWNLOAD/!
/NET/ARACHNE/8086/E-DRESS.TXT
/NET/ARACHNE/8086/EDITHELP.HTM
/NET/ARACHNE/8086/EDRESHLP.HTM
/NET/ARACHNE/8086/EGA_CGA.HTM
/NET/ARACHNE/8086/ENTITY.CFG
/NET/ARACHNE/8086/EPPPD.EXE
/NET/ARACHNE/8086/EXAMPLES/
/NET/ARACHNE/8086/EXAMPLES/ARACHNE.GIF
/NET/ARACHNE/8086/EXAMPLES/BUTTON.HTM
/NET/ARACHNE/8086/EXAMPLES/CSIM.GIF
/NET/ARACHNE/8086/EXAMPLES/CSIM.HTM
/NET/ARACHNE/8086/EXAMPLES/CSS.HTM
/NET/ARACHNE/8086/EXAMPLES/DIRDGI.HTM
/NET/ARACHNE/8086/EXAMPLES/EMBED.HTM
/NET/ARACHNE/8086/EXAMPLES/ENTITY.HTM
/NET/ARACHNE/8086/EXAMPLES/FONTS.HTM
/NET/ARACHNE/8086/EXAMPLES/FRAMECOL.HTM
/NET/ARACHNE/8086/EXAMPLES/FRAMES.HTM
/NET/ARACHNE/8086/EXAMPLES/LEFT.HTM
/NET/ARACHNE/8086/EXAMPLES/MOUSE.JPG
/NET/ARACHNE/8086/EXAMPLES/NAVIGATE.HTM
/NET/ARACHNE/8086/EXAMPLES/NESTED.HTM
/NET/ARACHNE/8086/EXAMPLES/NEWFILE.HTM
/NET/ARACHNE/8086/EXAMPLES/NOBREAK.HTM
/NET/ARACHNE/8086/EXAMPLES/NOCSS.HTM
/NET/ARACHNE/8086/EXAMPLES/REDIR.HTM
/NET/ARACHNE/8086/EXAMPLES/RESIZE.HTM
/NET/ARACHNE/8086/EXAMPLES/SAMPLE.CSS
/NET/ARACHNE/8086/EXAMPLES/TABLES.HTM
/NET/ARACHNE/8086/EXAMPLES/TESTDGI.HTM
/NET/ARACHNE/8086/EXPORT/
/NET/ARACHNE/8086/EXPORT/!
/NET/ARACHNE/8086/FAQ.HTM
/NET/ARACHNE/8086/FASTPC.ACF
/NET/ARACHNE/8086/FILE_ID.DIZ
/NET/ARACHNE/8086/FIXMEM.TXT
/NET/ARACHNE/8086/FONTSIZE.HTM
/NET/ARACHNE/8086/FORMFEED
/NET/ARACHNE/8086/GUIDE.HTM
/NET/ARACHNE/8086/HELP-ENG.HTM
/NET/ARACHNE/8086/HELP.HTM
/NET/ARACHNE/8086/HELP2.HTM
/NET/ARACHNE/8086/HGCGEVGA.HTM
/NET/ARACHNE/8086/HISTORY.LST
/NET/ARACHNE/8086/HOME.HTM
/NET/ARACHNE/8086/HOMEBACK.GIF
/NET/ARACHNE/8086/HOTKEYS.HTM
/NET/ARACHNE/8086/HOTLIST.HTM
/NET/ARACHNE/8086/HOT_MGR.HTP
/NET/ARACHNE/8086/HOT_RAW.HTP
/NET/ARACHNE/8086/IBASE.GIF
/NET/ARACHNE/8086/IDXFAST.HTP
/NET/ARACHNE/8086/IDXHEAD.HTP
/NET/ARACHNE/8086/INSIGHT.EXE
/NET/ARACHNE/8086/KEYWORDS.TXT
/NET/ARACHNE/8086/LAN.ACF
/NET/ARACHNE/8086/LANTCP.CFG
/NET/ARACHNE/8086/LICENSE.TXT
/NET/ARACHNE/8086/LSPPP.DOC
/NET/ARACHNE/8086/LSPPP.EXE
/NET/ARACHNE/8086/MAIL.HTM
/NET/ARACHNE/8086/MAIL/
/NET/ARACHNE/8086/MAIL/ARCHIVE/
/NET/ARACHNE/8086/MAIL/ARCHIVE/00000004.MES
/NET/ARACHNE/8086/MAIL/JOKES/
/NET/ARACHNE/8086/MAIL/JOKES/00000000.MES
/NET/ARACHNE/8086/MAIL/LINKS/
/NET/ARACHNE/8086/MAIL/LINKS/00000003.MES
/NET/ARACHNE/8086/MAIL/TRASH/
/NET/ARACHNE/8086/MAIL/TRASH/00000005.MES
/NET/ARACHNE/8086/MAIL/URGENT/
/NET/ARACHNE/8086/MAIL/URGENT/00000002.MES
/NET/ARACHNE/8086/MAIL/WELCOME.CNM
/NET/ARACHNE/8086/MEMCORE.TXT
/NET/ARACHNE/8086/MIME.4DS
/NET/ARACHNE/8086/MIME.CFG
/NET/ARACHNE/8086/MIME.TXT
/NET/ARACHNE/8086/MINITERM.EXE
/NET/ARACHNE/8086/NONPROFI.HTM
/NET/ARACHNE/8086/OOPS/
/NET/ARACHNE/8086/OOPS/DOSSHELL.OOK
/NET/ARACHNE/8086/OOPS/LYNX2851.OOK
/NET/ARACHNE/8086/OOPS/README.OOK
/NET/ARACHNE/8086/OOPS/SETUP_GR.OOK
/NET/ARACHNE/8086/OOPS/SETUP_OS.DGI
/NET/ARACHNE/8086/OOPS/TCPINFO.EEK
/NET/ARACHNE/8086/OOPS/WINDOWS.OOK
/NET/ARACHNE/8086/OPTIONS.HTM
/NET/ARACHNE/8086/ORIGINS.HTM
/NET/ARACHNE/8086/PAPER.GIF
/NET/ARACHNE/8086/PHONE.GIF
/NET/ARACHNE/8086/PLANY.EXE
/NET/ARACHNE/8086/PLANY.TXT
/NET/ARACHNE/8086/PNG2BMP.EXE
/NET/ARACHNE/8086/POP3SMTP.ASF
/NET/ARACHNE/8086/PPPENHAN.HTM
/NET/ARACHNE/8086/PPPFRAME.HTM
/NET/ARACHNE/8086/PPPTCP.CFG
/NET/ARACHNE/8086/PPPVOLNY.ACF
/NET/ARACHNE/8086/PPP_BACK.GIF
/NET/ARACHNE/8086/PPP_FAST.HTM
/NET/ARACHNE/8086/PPP_INIT.HTM
/NET/ARACHNE/8086/QUICKPAD.TXT
/NET/ARACHNE/8086/README.TXT
/NET/ARACHNE/8086/REGISTER.HTM
/NET/ARACHNE/8086/REPLY.HTP
/NET/ARACHNE/8086/RESEND.HTP
/NET/ARACHNE/8086/RTF2HTM.BAT
/NET/ARACHNE/8086/SECURITY.CFG
/NET/ARACHNE/8086/SETUP.BAT
/NET/ARACHNE/8086/SETUP.HTM
/NET/ARACHNE/8086/SETUP2.HTM
/NET/ARACHNE/8086/SIGN.TXT
/NET/ARACHNE/8086/SKIN.CSS
/NET/ARACHNE/8086/SLIP.ACF
/NET/ARACHNE/8086/SLOWPC.ACF
/NET/ARACHNE/8086/SPID.ICO
/NET/ARACHNE/8086/STROBO.GIF
/NET/ARACHNE/8086/SURVIVAL.HTM
/NET/ARACHNE/8086/SYSTEM/
/NET/ARACHNE/8086/SYSTEM/8X14.FNT
/NET/ARACHNE/8086/SYSTEM/APM.DB/
/NET/ARACHNE/8086/SYSTEM/APM.DB/199GPL.HTM
/NET/ARACHNE/8086/SYSTEM/APM.DB/DJPEG32.HTM
/NET/ARACHNE/8086/SYSTEM/APM.DB/GZIP32.HTM
/NET/ARACHNE/8086/SYSTEM/APM.DB/INSIGHT.HTM
/NET/ARACHNE/8086/SYSTEM/APM.DB/ISO88591.HTM
/NET/ARACHNE/8086/SYSTEM/APM.DB/PNG2BMP.HTM
/NET/ARACHNE/8086/SYSTEM/APM.DB/URL2HTM.HTM
/NET/ARACHNE/8086/SYSTEM/APM.DB/WWWMAN.HTM
/NET/ARACHNE/8086/SYSTEM/CODEPAGE.EXT/
/NET/ARACHNE/8086/SYSTEM/CODEPAGE.EXT/1251/
/NET/ARACHNE/8086/SYSTEM/CODEPAGE.EXT/1251/1250.CP
/NET/ARACHNE/8086/SYSTEM/CODEPAGE.EXT/1251/1251.CP
/NET/ARACHNE/8086/SYSTEM/CODEPAGE.EXT/1251/1252.CP
/NET/ARACHNE/8086/SYSTEM/CODEPAGE.EXT/1251/1254.CP
/NET/ARACHNE/8086/SYSTEM/CODEPAGE.EXT/1251/1257.CP
/NET/ARACHNE/8086/SYSTEM/CODEPAGE.EXT/1251/1258.CP
/NET/ARACHNE/8086/SYSTEM/CODEPAGE.EXT/1251/8859-1.CP
/NET/ARACHNE/8086/SYSTEM/CODEPAGE.EXT/1251/8859-10.CP
/NET/ARACHNE/8086/SYSTEM/CODEPAGE.EXT/1251/8859-13.CP
/NET/ARACHNE/8086/SYSTEM/CODEPAGE.EXT/1251/8859-14.CP
/NET/ARACHNE/8086/SYSTEM/CODEPAGE.EXT/1251/8859-15.CP
/NET/ARACHNE/8086/SYSTEM/CODEPAGE.EXT/1251/8859-16.CP
/NET/ARACHNE/8086/SYSTEM/CODEPAGE.EXT/1251/8859-2.CP
/NET/ARACHNE/8086/SYSTEM/CODEPAGE.EXT/1251/8859-3.CP
/NET/ARACHNE/8086/SYSTEM/CODEPAGE.EXT/1251/8859-4.CP
/NET/ARACHNE/8086/SYSTEM/CODEPAGE.EXT/1251/8859-5.CP
/NET/ARACHNE/8086/SYSTEM/CODEPAGE.EXT/1251/8859-9.CP
/NET/ARACHNE/8086/SYSTEM/CODEPAGE.EXT/1251/CP437.CP
/NET/ARACHNE/8086/SYSTEM/CODEPAGE.EXT/1251/CP775.CP
/NET/ARACHNE/8086/SYSTEM/CODEPAGE.EXT/1251/CP850.CP
/NET/ARACHNE/8086/SYSTEM/CODEPAGE.EXT/1251/CP852.CP
/NET/ARACHNE/8086/SYSTEM/CODEPAGE.EXT/1251/CP855.CP
/NET/ARACHNE/8086/SYSTEM/CODEPAGE.EXT/1251/CP857.CP
/NET/ARACHNE/8086/SYSTEM/CODEPAGE.EXT/1251/CP860.CP
/NET/ARACHNE/8086/SYSTEM/CODEPAGE.EXT/1251/CP861.CP
/NET/ARACHNE/8086/SYSTEM/CODEPAGE.EXT/1251/CP863.CP
/NET/ARACHNE/8086/SYSTEM/CODEPAGE.EXT/1251/CP865.CP
/NET/ARACHNE/8086/SYSTEM/CODEPAGE.EXT/1251/CP866.CP
/NET/ARACHNE/8086/SYSTEM/CODEPAGE.EXT/1251/R.CP
/NET/ARACHNE/8086/SYSTEM/CODEPAGE.EXT/8859-1/
/NET/ARACHNE/8086/SYSTEM/CODEPAGE.EXT/8859-1/1250.CP
/NET/ARACHNE/8086/SYSTEM/CODEPAGE.EXT/8859-1/1251.CP
/NET/ARACHNE/8086/SYSTEM/CODEPAGE.EXT/8859-1/1252.CP
/NET/ARACHNE/8086/SYSTEM/CODEPAGE.EXT/8859-1/1254.CP
/NET/ARACHNE/8086/SYSTEM/CODEPAGE.EXT/8859-1/1257.CP
/NET/ARACHNE/8086/SYSTEM/CODEPAGE.EXT/8859-1/1258.CP
/NET/ARACHNE/8086/SYSTEM/CODEPAGE.EXT/8859-1/8859-1.CP
/NET/ARACHNE/8086/SYSTEM/CODEPAGE.EXT/8859-1/8859-10.CP
/NET/ARACHNE/8086/SYSTEM/CODEPAGE.EXT/8859-1/8859-13.CP
/NET/ARACHNE/8086/SYSTEM/CODEPAGE.EXT/8859-1/8859-14.CP
/NET/ARACHNE/8086/SYSTEM/CODEPAGE.EXT/8859-1/8859-15.CP
/NET/ARACHNE/8086/SYSTEM/CODEPAGE.EXT/8859-1/8859-16.CP
/NET/ARACHNE/8086/SYSTEM/CODEPAGE.EXT/8859-1/8859-2.CP
/NET/ARACHNE/8086/SYSTEM/CODEPAGE.EXT/8859-1/8859-3.CP
/NET/ARACHNE/8086/SYSTEM/CODEPAGE.EXT/8859-1/8859-4.CP
/NET/ARACHNE/8086/SYSTEM/CODEPAGE.EXT/8859-1/8859-5.CP
/NET/ARACHNE/8086/SYSTEM/CODEPAGE.EXT/8859-1/8859-9.CP
/NET/ARACHNE/8086/SYSTEM/CODEPAGE.EXT/8859-1/CP437.CP
/NET/ARACHNE/8086/SYSTEM/CODEPAGE.EXT/8859-1/CP775.CP
/NET/ARACHNE/8086/SYSTEM/CODEPAGE.EXT/8859-1/CP850.CP
/NET/ARACHNE/8086/SYSTEM/CODEPAGE.EXT/8859-1/CP852.CP
/NET/ARACHNE/8086/SYSTEM/CODEPAGE.EXT/8859-1/CP855.CP
/NET/ARACHNE/8086/SYSTEM/CODEPAGE.EXT/8859-1/CP857.CP
/NET/ARACHNE/8086/SYSTEM/CODEPAGE.EXT/8859-1/CP860.CP
/NET/ARACHNE/8086/SYSTEM/CODEPAGE.EXT/8859-1/CP861.CP
/NET/ARACHNE/8086/SYSTEM/CODEPAGE.EXT/8859-1/CP863.CP
/NET/ARACHNE/8086/SYSTEM/CODEPAGE.EXT/8859-1/CP865.CP
/NET/ARACHNE/8086/SYSTEM/CODEPAGE.EXT/8859-1/CP866.CP
/NET/ARACHNE/8086/SYSTEM/CODEPAGE.EXT/8859-1/R.CP
/NET/ARACHNE/8086/SYSTEM/CODEPAGE.EXT/8859-2/
/NET/ARACHNE/8086/SYSTEM/CODEPAGE.EXT/8859-2/1250.CP
/NET/ARACHNE/8086/SYSTEM/CODEPAGE.EXT/8859-2/1251.CP
/NET/ARACHNE/8086/SYSTEM/CODEPAGE.EXT/8859-2/1252.CP
/NET/ARACHNE/8086/SYSTEM/CODEPAGE.EXT/8859-2/1254.CP
/NET/ARACHNE/8086/SYSTEM/CODEPAGE.EXT/8859-2/1257.CP
/NET/ARACHNE/8086/SYSTEM/CODEPAGE.EXT/8859-2/1258.CP
/NET/ARACHNE/8086/SYSTEM/CODEPAGE.EXT/8859-2/8859-1.CP
/NET/ARACHNE/8086/SYSTEM/CODEPAGE.EXT/8859-2/8859-10.CP
/NET/ARACHNE/8086/SYSTEM/CODEPAGE.EXT/8859-2/8859-13.CP
/NET/ARACHNE/8086/SYSTEM/CODEPAGE.EXT/8859-2/8859-14.CP
/NET/ARACHNE/8086/SYSTEM/CODEPAGE.EXT/8859-2/8859-15.CP
/NET/ARACHNE/8086/SYSTEM/CODEPAGE.EXT/8859-2/8859-16.CP
/NET/ARACHNE/8086/SYSTEM/CODEPAGE.EXT/8859-2/8859-2.CP
/NET/ARACHNE/8086/SYSTEM/CODEPAGE.EXT/8859-2/8859-3.CP
/NET/ARACHNE/8086/SYSTEM/CODEPAGE.EXT/8859-2/8859-4.CP
/NET/ARACHNE/8086/SYSTEM/CODEPAGE.EXT/8859-2/8859-5.CP
/NET/ARACHNE/8086/SYSTEM/CODEPAGE.EXT/8859-2/8859-9.CP
/NET/ARACHNE/8086/SYSTEM/CODEPAGE.EXT/8859-2/CP437.CP
/NET/ARACHNE/8086/SYSTEM/CODEPAGE.EXT/8859-2/CP775.CP
/NET/ARACHNE/8086/SYSTEM/CODEPAGE.EXT/8859-2/CP850.CP
/NET/ARACHNE/8086/SYSTEM/CODEPAGE.EXT/8859-2/CP852.CP
/NET/ARACHNE/8086/SYSTEM/CODEPAGE.EXT/8859-2/CP855.CP
/NET/ARACHNE/8086/SYSTEM/CODEPAGE.EXT/8859-2/CP857.CP
/NET/ARACHNE/8086/SYSTEM/CODEPAGE.EXT/8859-2/CP860.CP
/NET/ARACHNE/8086/SYSTEM/CODEPAGE.EXT/8859-2/CP861.CP
/NET/ARACHNE/8086/SYSTEM/CODEPAGE.EXT/8859-2/CP863.CP
/NET/ARACHNE/8086/SYSTEM/CODEPAGE.EXT/8859-2/CP865.CP
/NET/ARACHNE/8086/SYSTEM/CODEPAGE.EXT/8859-2/CP866.CP
/NET/ARACHNE/8086/SYSTEM/CODEPAGE.EXT/8859-2/R.CP
/NET/ARACHNE/8086/SYSTEM/CODEPAGE.EXT/KOI8-R/
/NET/ARACHNE/8086/SYSTEM/CODEPAGE.EXT/KOI8-R/1250.CP
/NET/ARACHNE/8086/SYSTEM/CODEPAGE.EXT/KOI8-R/1251.CP
/NET/ARACHNE/8086/SYSTEM/CODEPAGE.EXT/KOI8-R/1252.CP
/NET/ARACHNE/8086/SYSTEM/CODEPAGE.EXT/KOI8-R/1254.CP
/NET/ARACHNE/8086/SYSTEM/CODEPAGE.EXT/KOI8-R/1257.CP
/NET/ARACHNE/8086/SYSTEM/CODEPAGE.EXT/KOI8-R/1258.CP
/NET/ARACHNE/8086/SYSTEM/CODEPAGE.EXT/KOI8-R/8859-1.CP
/NET/ARACHNE/8086/SYSTEM/CODEPAGE.EXT/KOI8-R/8859-10.CP
/NET/ARACHNE/8086/SYSTEM/CODEPAGE.EXT/KOI8-R/8859-13.CP
/NET/ARACHNE/8086/SYSTEM/CODEPAGE.EXT/KOI8-R/8859-14.CP
/NET/ARACHNE/8086/SYSTEM/CODEPAGE.EXT/KOI8-R/8859-15.CP
/NET/ARACHNE/8086/SYSTEM/CODEPAGE.EXT/KOI8-R/8859-16.CP
/NET/ARACHNE/8086/SYSTEM/CODEPAGE.EXT/KOI8-R/8859-2.CP
/NET/ARACHNE/8086/SYSTEM/CODEPAGE.EXT/KOI8-R/8859-3.CP
/NET/ARACHNE/8086/SYSTEM/CODEPAGE.EXT/KOI8-R/8859-4.CP
/NET/ARACHNE/8086/SYSTEM/CODEPAGE.EXT/KOI8-R/8859-5.CP
/NET/ARACHNE/8086/SYSTEM/CODEPAGE.EXT/KOI8-R/8859-9.CP
/NET/ARACHNE/8086/SYSTEM/CODEPAGE.EXT/KOI8-R/CP437.CP
/NET/ARACHNE/8086/SYSTEM/CODEPAGE.EXT/KOI8-R/CP775.CP
/NET/ARACHNE/8086/SYSTEM/CODEPAGE.EXT/KOI8-R/CP850.CP
/NET/ARACHNE/8086/SYSTEM/CODEPAGE.EXT/KOI8-R/CP852.CP
/NET/ARACHNE/8086/SYSTEM/CODEPAGE.EXT/KOI8-R/CP855.CP
/NET/ARACHNE/8086/SYSTEM/CODEPAGE.EXT/KOI8-R/CP857.CP
/NET/ARACHNE/8086/SYSTEM/CODEPAGE.EXT/KOI8-R/CP860.CP
/NET/ARACHNE/8086/SYSTEM/CODEPAGE.EXT/KOI8-R/CP861.CP
/NET/ARACHNE/8086/SYSTEM/CODEPAGE.EXT/KOI8-R/CP863.CP
/NET/ARACHNE/8086/SYSTEM/CODEPAGE.EXT/KOI8-R/CP865.CP
/NET/ARACHNE/8086/SYSTEM/CODEPAGE.EXT/KOI8-R/CP866.CP
/NET/ARACHNE/8086/SYSTEM/CODEPAGE.EXT/KOI8-R/R.CP
/NET/ARACHNE/8086/SYSTEM/CODEPAGE.EXT/READ_1ST.TXT
/NET/ARACHNE/8086/SYSTEM/CODEPAGE/
/NET/ARACHNE/8086/SYSTEM/CODEPAGE/1250.CP
/NET/ARACHNE/8086/SYSTEM/CODEPAGE/8859-2.CP
/NET/ARACHNE/8086/SYSTEM/CODEPAGE/ORIGINAL/
/NET/ARACHNE/8086/SYSTEM/CODEPAGE/ORIGINAL/1250.CP
/NET/ARACHNE/8086/SYSTEM/CODEPAGE/ORIGINAL/8859-2.CP
/NET/ARACHNE/8086/SYSTEM/DEVDRVRS/
/NET/ARACHNE/8086/SYSTEM/DEVDRVRS/CTMOUSE.EXE
/NET/ARACHNE/8086/SYSTEM/DEVDRVRS/CTMOUSE.TXT
/NET/ARACHNE/8086/SYSTEM/DEVDRVRS/HISTORY.TXT
/NET/ARACHNE/8086/SYSTEM/DEVDRVRS/USB/
/NET/ARACHNE/8086/SYSTEM/DEVDRVRS/USB/USB.HTM
/NET/ARACHNE/8086/SYSTEM/DGI/
/NET/ARACHNE/8086/SYSTEM/DGI/CFGWIZ.EXE
/NET/ARACHNE/8086/SYSTEM/DGI/CLR-BAT.TXT
/NET/ARACHNE/8086/SYSTEM/DGI/CLR.BAT
/NET/ARACHNE/8086/SYSTEM/DGI/DOSSHELL.BAT
/NET/ARACHNE/8086/SYSTEM/DGI/FIXMEM.COM
/NET/ARACHNE/8086/SYSTEM/DGI/GOPH2HTM.EXE
/NET/ARACHNE/8086/SYSTEM/DGI/HOTLSMAN.EXE
/NET/ARACHNE/8086/SYSTEM/DGI/REBOOT.COM
/NET/ARACHNE/8086/SYSTEM/DGI/WIZARD.EXE
/NET/ARACHNE/8086/SYSTEM/FIXEDBI1.FNT
/NET/ARACHNE/8086/SYSTEM/FIXEDBI2.FNT
/NET/ARACHNE/8086/SYSTEM/FIXEDBI3.FNT
/NET/ARACHNE/8086/SYSTEM/FIXEDBI4.FNT
/NET/ARACHNE/8086/SYSTEM/FIXEDBI5.FNT
/NET/ARACHNE/8086/SYSTEM/FIXEDBI6.FNT
/NET/ARACHNE/8086/SYSTEM/FIXEDBN1.FNT
/NET/ARACHNE/8086/SYSTEM/FIXEDBN2.FNT
/NET/ARACHNE/8086/SYSTEM/FIXEDBN3.FNT
/NET/ARACHNE/8086/SYSTEM/FIXEDBN4.FNT
/NET/ARACHNE/8086/SYSTEM/FIXEDBN5.FNT
/NET/ARACHNE/8086/SYSTEM/FIXEDBN6.FNT
/NET/ARACHNE/8086/SYSTEM/FIXEDNI1.FNT
/NET/ARACHNE/8086/SYSTEM/FIXEDNI2.FNT
/NET/ARACHNE/8086/SYSTEM/FIXEDNI3.FNT
/NET/ARACHNE/8086/SYSTEM/FIXEDNI4.FNT
/NET/ARACHNE/8086/SYSTEM/FIXEDNI5.FNT
/NET/ARACHNE/8086/SYSTEM/FIXEDNI6.FNT
/NET/ARACHNE/8086/SYSTEM/FIXEDNN1.FNT
/NET/ARACHNE/8086/SYSTEM/FIXEDNN2.FNT
/NET/ARACHNE/8086/SYSTEM/FIXEDNN3.FNT
/NET/ARACHNE/8086/SYSTEM/FIXEDNN4.FNT
/NET/ARACHNE/8086/SYSTEM/FIXEDNN5.FNT
/NET/ARACHNE/8086/SYSTEM/FIXEDNN6.FNT
/NET/ARACHNE/8086/SYSTEM/FONTINFO.BIN
/NET/ARACHNE/8086/SYSTEM/GUI/
/NET/ARACHNE/8086/SYSTEM/GUI/ADRSMAN.AH
/NET/ARACHNE/8086/SYSTEM/GUI/CONF_EXT.AH
/NET/ARACHNE/8086/SYSTEM/GUI/CONF_LAN.AH
/NET/ARACHNE/8086/SYSTEM/GUI/CONF_PPP.AH
/NET/ARACHNE/8086/SYSTEM/GUI/COPY.AH
/NET/ARACHNE/8086/SYSTEM/GUI/DOWNLOAD.AH
/NET/ARACHNE/8086/SYSTEM/GUI/EDITTB.AH
/NET/ARACHNE/8086/SYSTEM/GUI/ERROR.GIF
/NET/ARACHNE/8086/SYSTEM/GUI/ERR_ASF.AH
/NET/ARACHNE/8086/SYSTEM/GUI/ERR_DISK.AH
/NET/ARACHNE/8086/SYSTEM/GUI/ERR_LOAD.AH
/NET/ARACHNE/8086/SYSTEM/GUI/ERR_LOCK.AH
/NET/ARACHNE/8086/SYSTEM/GUI/ERR_MAIL.AH
/NET/ARACHNE/8086/SYSTEM/GUI/ERR_NET.AH
/NET/ARACHNE/8086/SYSTEM/GUI/ERR_NOIP.AH
/NET/ARACHNE/8086/SYSTEM/GUI/ERR_OPEN.AH
/NET/ARACHNE/8086/SYSTEM/GUI/ERR_PKT.AH
/NET/ARACHNE/8086/SYSTEM/GUI/ERR_POP3.AH
/NET/ARACHNE/8086/SYSTEM/GUI/ERR_PPP.AH
/NET/ARACHNE/8086/SYSTEM/GUI/ERR_RED.AH
/NET/ARACHNE/8086/SYSTEM/GUI/ERR_SMTP.AH
/NET/ARACHNE/8086/SYSTEM/GUI/ERR_URL.AH
/NET/ARACHNE/8086/SYSTEM/GUI/ETHERWZ1.AH
/NET/ARACHNE/8086/SYSTEM/GUI/ETHERWZ2.AH
/NET/ARACHNE/8086/SYSTEM/GUI/ETHERWZ3.AH
/NET/ARACHNE/8086/SYSTEM/GUI/ETHERWZN.AH
/NET/ARACHNE/8086/SYSTEM/GUI/ETHERWZY.AH
/NET/ARACHNE/8086/SYSTEM/GUI/FATAL.AH
/NET/ARACHNE/8086/SYSTEM/GUI/FTPLOGIN.AH
/NET/ARACHNE/8086/SYSTEM/GUI/LOGIN.AH
/NET/ARACHNE/8086/SYSTEM/GUI/MAINTAIN.AH
/NET/ARACHNE/8086/SYSTEM/GUI/MAKELIST.AH
/NET/ARACHNE/8086/SYSTEM/GUI/NONFATAL.AH
/NET/ARACHNE/8086/SYSTEM/GUI/OFFLINE1.AH
/NET/ARACHNE/8086/SYSTEM/GUI/OPT_LOC.AH
/NET/ARACHNE/8086/SYSTEM/GUI/OPT_MINE.AH
/NET/ARACHNE/8086/SYSTEM/GUI/OPT_MISC.AH
/NET/ARACHNE/8086/SYSTEM/GUI/OPT_NET.AH
/NET/ARACHNE/8086/SYSTEM/GUI/OPT_PERS.AH
/NET/ARACHNE/8086/SYSTEM/GUI/PRINT.AH
/NET/ARACHNE/8086/SYSTEM/GUI/PROFILES.AH
/NET/ARACHNE/8086/SYSTEM/GUI/PRTBMP.AH
/NET/ARACHNE/8086/SYSTEM/GUI/PS.AH
/NET/ARACHNE/8086/SYSTEM/GUI/QUICKPAD.AH
/NET/ARACHNE/8086/SYSTEM/GUI/SAVEAS.AH
/NET/ARACHNE/8086/SYSTEM/GUI/SEARCH.AH
/NET/ARACHNE/8086/SYSTEM/GUI/SENDFILE.AH
/NET/ARACHNE/8086/SYSTEM/GUI/SENDMAIL.AH
/NET/ARACHNE/8086/SYSTEM/GUI/SETUP.GIF
/NET/ARACHNE/8086/SYSTEM/GUI/TCPSETUP.AH
/NET/ARACHNE/8086/SYSTEM/GUI/TEXTAREA.AH
/NET/ARACHNE/8086/SYSTEM/GUI/TEXTEDIT.AH
/NET/ARACHNE/8086/SYSTEM/GUI/TIPS.AH
/NET/ARACHNE/8086/SYSTEM/GUI/WARN_CLR.AH
/NET/ARACHNE/8086/SYSTEM/GUI/WIZARD1.AH
/NET/ARACHNE/8086/SYSTEM/GUI/WIZARD2.AH
/NET/ARACHNE/8086/SYSTEM/GUI/WIZARD3.AH
/NET/ARACHNE/8086/SYSTEM/GUI/WIZARD4.AH
/NET/ARACHNE/8086/SYSTEM/GUI/WIZARD5.AH
/NET/ARACHNE/8086/SYSTEM/GUI/WIZARD6.AH
/NET/ARACHNE/8086/SYSTEM/GUI/WIZARD7.AH
/NET/ARACHNE/8086/SYSTEM/GUI/WIZARD8.AH
/NET/ARACHNE/8086/SYSTEM/GUI/WIZARD9.AH
/NET/ARACHNE/8086/SYSTEM/GUI/WIZARDA.AH
/NET/ARACHNE/8086/SYSTEM/GUI/WIZARDB.AH
/NET/ARACHNE/8086/SYSTEM/GUI/WIZARDC.AH
/NET/ARACHNE/8086/SYSTEM/GUI/XICHT.GIF
/NET/ARACHNE/8086/SYSTEM/IKONS/
/NET/ARACHNE/8086/SYSTEM/IKONS/ABOUT.IKN
/NET/ARACHNE/8086/SYSTEM/IKONS/ADRSBOOK.IKN
/NET/ARACHNE/8086/SYSTEM/IKONS/ALTICON1.IKN
/NET/ARACHNE/8086/SYSTEM/IKONS/ALTICON2.IKN
/NET/ARACHNE/8086/SYSTEM/IKONS/ALTICONS.IKN
/NET/ARACHNE/8086/SYSTEM/IKONS/BAT.IKN
/NET/ARACHNE/8086/SYSTEM/IKONS/BINARY.IKN
/NET/ARACHNE/8086/SYSTEM/IKONS/BLK_CLIP.IKN
/NET/ARACHNE/8086/SYSTEM/IKONS/BLK_COPY.IKN
/NET/ARACHNE/8086/SYSTEM/IKONS/BLK_CUT.IKN
/NET/ARACHNE/8086/SYSTEM/IKONS/BLK_DEL.IKN
/NET/ARACHNE/8086/SYSTEM/IKONS/BLK_MOVE.IKN
/NET/ARACHNE/8086/SYSTEM/IKONS/BLK_PAST.IKN
/NET/ARACHNE/8086/SYSTEM/IKONS/BUTTONS1.IKN
/NET/ARACHNE/8086/SYSTEM/IKONS/BUTTONS2.IKN
/NET/ARACHNE/8086/SYSTEM/IKONS/BUTTONS3.IKN
/NET/ARACHNE/8086/SYSTEM/IKONS/CANCEL.IKN
/NET/ARACHNE/8086/SYSTEM/IKONS/CDROMDRV.IKN
/NET/ARACHNE/8086/SYSTEM/IKONS/COM.IKN
/NET/ARACHNE/8086/SYSTEM/IKONS/CONFIG.IKN
/NET/ARACHNE/8086/SYSTEM/IKONS/DOSSHELL.IKN
/NET/ARACHNE/8086/SYSTEM/IKONS/ETHERNET.IKN
/NET/ARACHNE/8086/SYSTEM/IKONS/EXE.IKN
/NET/ARACHNE/8086/SYSTEM/IKONS/EXIT.IKN
/NET/ARACHNE/8086/SYSTEM/IKONS/FLOPPY.IKN
/NET/ARACHNE/8086/SYSTEM/IKONS/FONT.IKN
/NET/ARACHNE/8086/SYSTEM/IKONS/HTM.IKN
/NET/ARACHNE/8086/SYSTEM/IKONS/HTMLEDIT.IKN
/NET/ARACHNE/8086/SYSTEM/IKONS/IFRAME.IKN
/NET/ARACHNE/8086/SYSTEM/IKONS/IMAGE.IKN
/NET/ARACHNE/8086/SYSTEM/IKONS/INDEX.IKN
/NET/ARACHNE/8086/SYSTEM/IKONS/KEY.IKN
/NET/ARACHNE/8086/SYSTEM/IKONS/MAIL01.IKN
/NET/ARACHNE/8086/SYSTEM/IKONS/MAIL02.IKN
/NET/ARACHNE/8086/SYSTEM/IKONS/MAIL03.IKN
/NET/ARACHNE/8086/SYSTEM/IKONS/MAIL04.IKN
/NET/ARACHNE/8086/SYSTEM/IKONS/MAIL05.IKN
/NET/ARACHNE/8086/SYSTEM/IKONS/MAIL06.IKN
/NET/ARACHNE/8086/SYSTEM/IKONS/MENU.IKN
/NET/ARACHNE/8086/SYSTEM/IKONS/MIDI.IKN
/NET/ARACHNE/8086/SYSTEM/IKONS/MOVIE.IKN
/NET/ARACHNE/8086/SYSTEM/IKONS/NORTON.IKN
/NET/ARACHNE/8086/SYSTEM/IKONS/PHONE.IKN
/NET/ARACHNE/8086/SYSTEM/IKONS/PIDIMAIL.IKN
/NET/ARACHNE/8086/SYSTEM/IKONS/PIDISAVE.IKN
/NET/ARACHNE/8086/SYSTEM/IKONS/PIDISEND.IKN
/NET/ARACHNE/8086/SYSTEM/IKONS/PIDIZRUS.IKN
/NET/ARACHNE/8086/SYSTEM/IKONS/SENDFILE.IKN
/NET/ARACHNE/8086/SYSTEM/IKONS/SENDMAIL.IKN
/NET/ARACHNE/8086/SYSTEM/IKONS/SIPECKY.IKN
/NET/ARACHNE/8086/SYSTEM/IKONS/SMALL1.IKN
/NET/ARACHNE/8086/SYSTEM/IKONS/SMALL10.IKN
/NET/ARACHNE/8086/SYSTEM/IKONS/SMALL2.IKN
/NET/ARACHNE/8086/SYSTEM/IKONS/SMALL3.IKN
/NET/ARACHNE/8086/SYSTEM/IKONS/SMALL4.IKN
/NET/ARACHNE/8086/SYSTEM/IKONS/SMALL5.IKN
/NET/ARACHNE/8086/SYSTEM/IKONS/SMALL6.IKN
/NET/ARACHNE/8086/SYSTEM/IKONS/SMALL7.IKN
/NET/ARACHNE/8086/SYSTEM/IKONS/SMALL8.IKN
/NET/ARACHNE/8086/SYSTEM/IKONS/SMALL9.IKN
/NET/ARACHNE/8086/SYSTEM/IKONS/SMALL_WM.IKN
/NET/ARACHNE/8086/SYSTEM/IKONS/SMALOGO1.IKN
/NET/ARACHNE/8086/SYSTEM/IKONS/SMALOGO2.IKN
/NET/ARACHNE/8086/SYSTEM/IKONS/SMALOGO3.IKN
/NET/ARACHNE/8086/SYSTEM/IKONS/SMALOGO4.IKN
/NET/ARACHNE/8086/SYSTEM/IKONS/SMALOGOA.IKN
/NET/ARACHNE/8086/SYSTEM/IKONS/SMALOGOB.IKN
/NET/ARACHNE/8086/SYSTEM/IKONS/SMALOGOX.IKN
/NET/ARACHNE/8086/SYSTEM/IKONS/SMALOGOY.IKN
/NET/ARACHNE/8086/SYSTEM/IKONS/SMALOGOZ.IKN
/NET/ARACHNE/8086/SYSTEM/IKONS/SOUND.IKN
/NET/ARACHNE/8086/SYSTEM/IKONS/STAR.IKN
/NET/ARACHNE/8086/SYSTEM/IKONS/SUPLIK.IKN
/NET/ARACHNE/8086/SYSTEM/IKONS/TB800600.IKN
/NET/ARACHNE/8086/SYSTEM/IKONS/TBACF.IKN
/NET/ARACHNE/8086/SYSTEM/IKONS/TBASF.IKN
/NET/ARACHNE/8086/SYSTEM/IKONS/TBBFOLDR.IKN
/NET/ARACHNE/8086/SYSTEM/IKONS/TBCANCEL.IKN
/NET/ARACHNE/8086/SYSTEM/IKONS/TBDIAL.IKN
/NET/ARACHNE/8086/SYSTEM/IKONS/TBFILEOP.IKN
/NET/ARACHNE/8086/SYSTEM/IKONS/TBFULSCR.IKN
/NET/ARACHNE/8086/SYSTEM/IKONS/TBGOWEB.IKN
/NET/ARACHNE/8086/SYSTEM/IKONS/TBHANGUP.IKN
/NET/ARACHNE/8086/SYSTEM/IKONS/TBHELP.IKN
/NET/ARACHNE/8086/SYSTEM/IKONS/TBICQ.IKN
/NET/ARACHNE/8086/SYSTEM/IKONS/TBINBOX.IKN
/NET/ARACHNE/8086/SYSTEM/IKONS/TBKILL.IKN
/NET/ARACHNE/8086/SYSTEM/IKONS/TBMAILOP.IKN
/NET/ARACHNE/8086/SYSTEM/IKONS/TBMYPC.IKN
/NET/ARACHNE/8086/SYSTEM/IKONS/TBPAGEOP.IKN
/NET/ARACHNE/8086/SYSTEM/IKONS/TBPOP3.IKN
/NET/ARACHNE/8086/SYSTEM/IKONS/TBPS.IKN
/NET/ARACHNE/8086/SYSTEM/IKONS/TBREQALL.IKN
/NET/ARACHNE/8086/SYSTEM/IKONS/TBRFOLDR.IKN
/NET/ARACHNE/8086/SYSTEM/IKONS/TBSAVFTP.IKN
/NET/ARACHNE/8086/SYSTEM/IKONS/TBSENDF.IKN
/NET/ARACHNE/8086/SYSTEM/IKONS/TBSETUP.IKN
/NET/ARACHNE/8086/SYSTEM/IKONS/TBSMTP.IKN
/NET/ARACHNE/8086/SYSTEM/IKONS/TBSYSOP.IKN
/NET/ARACHNE/8086/SYSTEM/IKONS/TBURL.IKN
/NET/ARACHNE/8086/SYSTEM/IKONS/TBURLBAR.IKN
/NET/ARACHNE/8086/SYSTEM/IKONS/TBUTILPG.IKN
/NET/ARACHNE/8086/SYSTEM/IKONS/TBVERIFY.IKN
/NET/ARACHNE/8086/SYSTEM/IKONS/TELNET.IKN
/NET/ARACHNE/8086/SYSTEM/IKONS/TEXT.IKN
/NET/ARACHNE/8086/SYSTEM/IKONS/TOOLS.IKN
/NET/ARACHNE/8086/SYSTEM/IKONS/TRASH1.IKN
/NET/ARACHNE/8086/SYSTEM/IKONS/TRASH2.IKN
/NET/ARACHNE/8086/SYSTEM/IKONS/UNKNOWN.IKN
/NET/ARACHNE/8086/SYSTEM/IKONS/WINDOWS.IKN
/NET/ARACHNE/8086/SYSTEM/IKONS/XCHLOGO0.IKN
/NET/ARACHNE/8086/SYSTEM/IKONS/XCHLOGO1.IKN
/NET/ARACHNE/8086/SYSTEM/IKONS/XCHLOGO2.IKN
/NET/ARACHNE/8086/SYSTEM/IKONS/XCHLOGO3.IKN
/NET/ARACHNE/8086/SYSTEM/IKONS/XCHLOGO4.IKN
/NET/ARACHNE/8086/SYSTEM/IKONS/XCHLOGO5.IKN
/NET/ARACHNE/8086/SYSTEM/IKONS/XCHLOGO6.IKN
/NET/ARACHNE/8086/SYSTEM/IKONS/XCHLOGO7.IKN
/NET/ARACHNE/8086/SYSTEM/IKONS/XCHLOGO8.IKN
/NET/ARACHNE/8086/SYSTEM/IKONS/XCHLOGOA.IKN
/NET/ARACHNE/8086/SYSTEM/IKONS/XCHLOGOB.IKN
/NET/ARACHNE/8086/SYSTEM/IKONS/XCHLOGOX.IKN
/NET/ARACHNE/8086/SYSTEM/IKONS/XCHLOGOY.IKN
/NET/ARACHNE/8086/SYSTEM/IKONS/XCHLOGOZ.IKN
/NET/ARACHNE/8086/SYSTEM/IKONS/YOURPC.IKN
/NET/ARACHNE/8086/SYSTEM/IKONS/ZIP.IKN
/NET/ARACHNE/8086/SYSTEM/PKTDRVRS/
/NET/ARACHNE/8086/SYSTEM/PKTDRVRS/3C509.COM
/NET/ARACHNE/8086/SYSTEM/PKTDRVRS/CSLIPPER.EXE
/NET/ARACHNE/8086/SYSTEM/PKTDRVRS/DSL/
/NET/ARACHNE/8086/SYSTEM/PKTDRVRS/DSL/ADSL.HTM
/NET/ARACHNE/8086/SYSTEM/PKTDRVRS/DSL/DSL.MES
/NET/ARACHNE/8086/SYSTEM/PKTDRVRS/IFCONFIG.BAT
/NET/ARACHNE/8086/SYSTEM/PKTDRVRS/NE2000.COM
/NET/ARACHNE/8086/SYSTEM/PKTDRVRS/NET.CFG
/NET/ARACHNE/8086/SYSTEM/PKTDRVRS/ODIPKT.COM
/NET/ARACHNE/8086/SYSTEM/PKTDRVRS/ODIPKT.RME
/NET/ARACHNE/8086/SYSTEM/PKTDRVRS/ODIPKT.TXT
/NET/ARACHNE/8086/SYSTEM/PKTDRVRS/PCIPKT.COM
/NET/ARACHNE/8086/SYSTEM/PKTDRVRS/PKTCHK.COM
/NET/ARACHNE/8086/SYSTEM/PKTDRVRS/PKTDRVRS.AH
/NET/ARACHNE/8086/SYSTEM/PKTDRVRS/PKTSTAT.COM
/NET/ARACHNE/8086/SYSTEM/PROPBI1.FNT
/NET/ARACHNE/8086/SYSTEM/PROPBI2.FNT
/NET/ARACHNE/8086/SYSTEM/PROPBI3.FNT
/NET/ARACHNE/8086/SYSTEM/PROPBI4.FNT
/NET/ARACHNE/8086/SYSTEM/PROPBI5.FNT
/NET/ARACHNE/8086/SYSTEM/PROPBI6.FNT
/NET/ARACHNE/8086/SYSTEM/PROPBN1.FNT
/NET/ARACHNE/8086/SYSTEM/PROPBN2.FNT
/NET/ARACHNE/8086/SYSTEM/PROPBN3.FNT
/NET/ARACHNE/8086/SYSTEM/PROPBN4.FNT
/NET/ARACHNE/8086/SYSTEM/PROPBN5.FNT
/NET/ARACHNE/8086/SYSTEM/PROPBN6.FNT
/NET/ARACHNE/8086/SYSTEM/PROPNI1.FNT
/NET/ARACHNE/8086/SYSTEM/PROPNI2.FNT
/NET/ARACHNE/8086/SYSTEM/PROPNI3.FNT
/NET/ARACHNE/8086/SYSTEM/PROPNI4.FNT
/NET/ARACHNE/8086/SYSTEM/PROPNI5.FNT
/NET/ARACHNE/8086/SYSTEM/PROPNI6.FNT
/NET/ARACHNE/8086/SYSTEM/PROPNN1.FNT
/NET/ARACHNE/8086/SYSTEM/PROPNN2.FNT
/NET/ARACHNE/8086/SYSTEM/PROPNN3.FNT
/NET/ARACHNE/8086/SYSTEM/PROPNN4.FNT
/NET/ARACHNE/8086/SYSTEM/PROPNN5.FNT
/NET/ARACHNE/8086/SYSTEM/PROPNN6.FNT
/NET/ARACHNE/8086/TERMIN.COM
/NET/ARACHNE/8086/TOOLBAR.CFG
/NET/ARACHNE/8086/UNARJ.EXE
/NET/ARACHNE/8086/UNARJ.TXT
/NET/ARACHNE/8086/UNZIP.EXE
/NET/ARACHNE/8086/URL2HTM.EXE
/NET/ARACHNE/8086/UTILS.HTM
/NET/ARACHNE/8086/UUDECODE.EXE
/NET/ARACHNE/8086/UUENCODE.EXE
/NET/ARACHNE/8086/VGA.HTM
/NET/ARACHNE/8086/WATTCP.CFG
/NET/ARACHNE/8086/WAVELAN.TXT
/NET/ARACHNE/8086/WELCOME.HTM
/NET/ARACHNE/8086/WWWMAN.CFG
/NET/ARACHNE/8086/WWWMAN.EXE
/NET/ARACHNE/8086/XCH.GIF
/NET/ARACHNE/8086/XCHAOS.SKN
/NET/ARACHNE/8086/XEDIT.BAT
/NET/ARACHNE/8086/XSWAP.TXT
/NET/ARACHNE/8086/ZIP.EXE
/NET/ARACHNE/8086/ZIPUNZIP.TXT
/NET/ARACHNE/I386/
/NET/ARACHNE/I386/16BIT.TXT
/NET/ARACHNE/I386/386PC.ACF
/NET/ARACHNE/I386/486PC.ACF
/NET/ARACHNE/I386/ABOUT.HTM
/NET/ARACHNE/I386/ADRSBOOK.HTM
/NET/ARACHNE/I386/AEXTHTML.TXT
/NET/ARACHNE/I386/AHTML40.TXT
/NET/ARACHNE/I386/ALT-FONT.HTM
/NET/ARACHNE/I386/APM.EXE
/NET/ARACHNE/I386/APM.HTP
/NET/ARACHNE/I386/APM.TXT
/NET/ARACHNE/I386/ARACHNE.BAT
/NET/ARACHNE/I386/ARACHNE.CFG
/NET/ARACHNE/I386/ARACHNE.PCK
/NET/ARACHNE/I386/ARACOLOR.HTM
/NET/ARACHNE/I386/ARACOLOR.TXT
/NET/ARACHNE/I386/ARACOLR2.HTM
/NET/ARACHNE/I386/ARAMDISK.TXT
/NET/ARACHNE/I386/ARASHADE.HTM
/NET/ARACHNE/I386/ASF_HELP.ASF
/NET/ARACHNE/I386/BACK.GIF
/NET/ARACHNE/I386/BACKUP/
/NET/ARACHNE/I386/BACKUP/!
/NET/ARACHNE/I386/BBSPPP.ACF
/NET/ARACHNE/I386/BLUE.SKN
/NET/ARACHNE/I386/CACHE.IDX
/NET/ARACHNE/I386/CACHE/
/NET/ARACHNE/I386/CACHE/!
/NET/ARACHNE/I386/CACHE/HEADERS/
/NET/ARACHNE/I386/CACHE/HEADERS/!
/NET/ARACHNE/I386/CAVERGE.SKN
/NET/ARACHNE/I386/CHNGDONE.HTM
/NET/ARACHNE/I386/CLEARLOK.ASF
/NET/ARACHNE/I386/COMTOOL.COM
/NET/ARACHNE/I386/COMTOOL.TXT
/NET/ARACHNE/I386/CONNWORD.HTM
/NET/ARACHNE/I386/CORE.EXE
/NET/ARACHNE/I386/CWSDPMI.EXE
/NET/ARACHNE/I386/DGI.TXT
/NET/ARACHNE/I386/DHCP.ACF
/NET/ARACHNE/I386/DHCPTCP.CFG
/NET/ARACHNE/I386/DIRDGI.HTM
/NET/ARACHNE/I386/DJPEG.TXT
/NET/ARACHNE/I386/DJPEG32.EXE
/NET/ARACHNE/I386/DOC/
/NET/ARACHNE/I386/DOC/ACF_ASF.HTM
/NET/ARACHNE/I386/DOC/APM.HTM
/NET/ARACHNE/I386/DOC/BINHEX.HTM
/NET/ARACHNE/I386/DOC/CABLE.HTM
/NET/ARACHNE/I386/DOC/CHARSETS.HTM
/NET/ARACHNE/I386/DOC/DIR.HTM
/NET/ARACHNE/I386/DOC/DOSSHELL.HTM
/NET/ARACHNE/I386/DOC/EDITOR.HTM
/NET/ARACHNE/I386/DOC/EXT-PROG.HTM
/NET/ARACHNE/I386/DOC/FTPHELP.HTM
/NET/ARACHNE/I386/DOC/HOWTO.HTM
/NET/ARACHNE/I386/DOC/ICONS.HTM
/NET/ARACHNE/I386/DOC/INTERNET.HTM
/NET/ARACHNE/I386/DOC/ISDN.HTM
/NET/ARACHNE/I386/DOC/LAN.HTM
/NET/ARACHNE/I386/DOC/MAILHELP.HTM
/NET/ARACHNE/I386/DOC/MEMMAP.HTM
/NET/ARACHNE/I386/DOC/NETDOS.HTM
/NET/ARACHNE/I386/DOC/PCIMODEM.HTM
/NET/ARACHNE/I386/DOC/PPP_HOW2.HTM
/NET/ARACHNE/I386/DOC/SAVETRIX.GIF
/NET/ARACHNE/I386/DOC/SETUPHOW.HTM
/NET/ARACHNE/I386/DOC/SPECIF.HTM
/NET/ARACHNE/I386/DOC/SPEED.HTM
/NET/ARACHNE/I386/DOC/SURFTIPS.HTM
/NET/ARACHNE/I386/DOC/SYSTEM.HTM
/NET/ARACHNE/I386/DOC/TEMPDIR.HTM
/NET/ARACHNE/I386/DOC/UPGRADE.HTM
/NET/ARACHNE/I386/DOC/VIEWER.HTM
/NET/ARACHNE/I386/DOC/WAVELAN.HTM
/NET/ARACHNE/I386/DOSLYNX.BAT
/NET/ARACHNE/I386/DOSPPPD.TXT
/NET/ARACHNE/I386/DOWNLOAD/
/NET/ARACHNE/I386/DOWNLOAD/!
/NET/ARACHNE/I386/E-DRESS.TXT
/NET/ARACHNE/I386/EDITHELP.HTM
/NET/ARACHNE/I386/EDRESHLP.HTM
/NET/ARACHNE/I386/EGA_CGA.HTM
/NET/ARACHNE/I386/ENTITY.CFG
/NET/ARACHNE/I386/EPPPD.EXE
/NET/ARACHNE/I386/EXAMPLES/
/NET/ARACHNE/I386/EXAMPLES/ARACHNE.GIF
/NET/ARACHNE/I386/EXAMPLES/BUTTON.HTM
/NET/ARACHNE/I386/EXAMPLES/CSIM.GIF
/NET/ARACHNE/I386/EXAMPLES/CSIM.HTM
/NET/ARACHNE/I386/EXAMPLES/CSS.HTM
/NET/ARACHNE/I386/EXAMPLES/DIRDGI.HTM
/NET/ARACHNE/I386/EXAMPLES/EMBED.HTM
/NET/ARACHNE/I386/EXAMPLES/ENTITY.HTM
/NET/ARACHNE/I386/EXAMPLES/FONTS.HTM
/NET/ARACHNE/I386/EXAMPLES/FRAMECOL.HTM
/NET/ARACHNE/I386/EXAMPLES/FRAMES.HTM
/NET/ARACHNE/I386/EXAMPLES/LEFT.HTM
/NET/ARACHNE/I386/EXAMPLES/MOUSE.JPG
/NET/ARACHNE/I386/EXAMPLES/NAVIGATE.HTM
/NET/ARACHNE/I386/EXAMPLES/NESTED.HTM
/NET/ARACHNE/I386/EXAMPLES/NEWFILE.HTM
/NET/ARACHNE/I386/EXAMPLES/NOBREAK.HTM
/NET/ARACHNE/I386/EXAMPLES/NOCSS.HTM
/NET/ARACHNE/I386/EXAMPLES/REDIR.HTM
/NET/ARACHNE/I386/EXAMPLES/RESIZE.HTM
/NET/ARACHNE/I386/EXAMPLES/SAMPLE.CSS
/NET/ARACHNE/I386/EXAMPLES/TABLES.HTM
/NET/ARACHNE/I386/EXAMPLES/TESTDGI.HTM
/NET/ARACHNE/I386/EXPORT/
/NET/ARACHNE/I386/EXPORT/!
/NET/ARACHNE/I386/FAQ.HTM
/NET/ARACHNE/I386/FASTPC.ACF
/NET/ARACHNE/I386/FILE_ID.DIZ
/NET/ARACHNE/I386/FIXMEM.TXT
/NET/ARACHNE/I386/FONTSIZE.HTM
/NET/ARACHNE/I386/FORMFEED
/NET/ARACHNE/I386/GUIDE.HTM
/NET/ARACHNE/I386/HELP-ENG.HTM
/NET/ARACHNE/I386/HELP.HTM
/NET/ARACHNE/I386/HELP2.HTM
/NET/ARACHNE/I386/HGCGEVGA.HTM
/NET/ARACHNE/I386/HISTORY.LST
/NET/ARACHNE/I386/HOME.HTM
/NET/ARACHNE/I386/HOMEBACK.GIF
/NET/ARACHNE/I386/HOTKEYS.HTM
/NET/ARACHNE/I386/HOTLIST.HTM
/NET/ARACHNE/I386/HOT_MGR.HTP
/NET/ARACHNE/I386/HOT_RAW.HTP
/NET/ARACHNE/I386/IBASE.GIF
/NET/ARACHNE/I386/IDXFAST.HTP
/NET/ARACHNE/I386/IDXHEAD.HTP
/NET/ARACHNE/I386/INSIGHT.EXE
/NET/ARACHNE/I386/KEYWORDS.TXT
/NET/ARACHNE/I386/LAN.ACF
/NET/ARACHNE/I386/LANTCP.CFG
/NET/ARACHNE/I386/LICENSE.TXT
/NET/ARACHNE/I386/LSPPP.DOC
/NET/ARACHNE/I386/LSPPP.EXE
/NET/ARACHNE/I386/MAIL.HTM
/NET/ARACHNE/I386/MAIL/
/NET/ARACHNE/I386/MAIL/ARCHIVE/
/NET/ARACHNE/I386/MAIL/ARCHIVE/00000004.MES
/NET/ARACHNE/I386/MAIL/JOKES/
/NET/ARACHNE/I386/MAIL/JOKES/00000000.MES
/NET/ARACHNE/I386/MAIL/LINKS/
/NET/ARACHNE/I386/MAIL/LINKS/00000003.MES
/NET/ARACHNE/I386/MAIL/TRASH/
/NET/ARACHNE/I386/MAIL/TRASH/00000005.MES
/NET/ARACHNE/I386/MAIL/URGENT/
/NET/ARACHNE/I386/MAIL/URGENT/00000002.MES
/NET/ARACHNE/I386/MAIL/WELCOME.CNM
/NET/ARACHNE/I386/MEMCORE.TXT
/NET/ARACHNE/I386/MIME.4DS
/NET/ARACHNE/I386/MIME.CFG
/NET/ARACHNE/I386/MIME.TXT
/NET/ARACHNE/I386/MINITERM.EXE
/NET/ARACHNE/I386/NONPROFI.HTM
/NET/ARACHNE/I386/OOPS/
/NET/ARACHNE/I386/OOPS/DOSSHELL.OOK
/NET/ARACHNE/I386/OOPS/LYNX2851.OOK
/NET/ARACHNE/I386/OOPS/README.OOK
/NET/ARACHNE/I386/OOPS/SETUP_GR.OOK
/NET/ARACHNE/I386/OOPS/SETUP_OS.DGI
/NET/ARACHNE/I386/OOPS/TCPINFO.EEK
/NET/ARACHNE/I386/OOPS/WINDOWS.OOK
/NET/ARACHNE/I386/OPTIONS.HTM
/NET/ARACHNE/I386/ORIGINS.HTM
/NET/ARACHNE/I386/PAPER.GIF
/NET/ARACHNE/I386/PHONE.GIF
/NET/ARACHNE/I386/PLANY.EXE
/NET/ARACHNE/I386/PLANY.TXT
/NET/ARACHNE/I386/PNG2BMP.EXE
/NET/ARACHNE/I386/POP3SMTP.ASF
/NET/ARACHNE/I386/PPPENHAN.HTM
/NET/ARACHNE/I386/PPPFRAME.HTM
/NET/ARACHNE/I386/PPPTCP.CFG
/NET/ARACHNE/I386/PPPVOLNY.ACF
/NET/ARACHNE/I386/PPP_BACK.GIF
/NET/ARACHNE/I386/PPP_FAST.HTM
/NET/ARACHNE/I386/PPP_INIT.HTM
/NET/ARACHNE/I386/QUICKPAD.TXT
/NET/ARACHNE/I386/README.TXT
/NET/ARACHNE/I386/REGISTER.HTM
/NET/ARACHNE/I386/REPLY.HTP
/NET/ARACHNE/I386/RESEND.HTP
/NET/ARACHNE/I386/RTF2HTM.BAT
/NET/ARACHNE/I386/SECURITY.CFG
/NET/ARACHNE/I386/SETUP.BAT
/NET/ARACHNE/I386/SETUP.HTM
/NET/ARACHNE/I386/SETUP2.HTM
/NET/ARACHNE/I386/SIGN.TXT
/NET/ARACHNE/I386/SKIN.CSS
/NET/ARACHNE/I386/SLIP.ACF
/NET/ARACHNE/I386/SLOWPC.ACF
/NET/ARACHNE/I386/SPID.ICO
/NET/ARACHNE/I386/STROBO.GIF
/NET/ARACHNE/I386/SURVIVAL.HTM
/NET/ARACHNE/I386/SYSTEM/
/NET/ARACHNE/I386/SYSTEM/8X14.FNT
/NET/ARACHNE/I386/SYSTEM/APM.DB/
/NET/ARACHNE/I386/SYSTEM/APM.DB/199GPL.HTM
/NET/ARACHNE/I386/SYSTEM/APM.DB/DJPEG32.HTM
/NET/ARACHNE/I386/SYSTEM/APM.DB/GZIP32.HTM
/NET/ARACHNE/I386/SYSTEM/APM.DB/INSIGHT.HTM
/NET/ARACHNE/I386/SYSTEM/APM.DB/ISO88591.HTM
/NET/ARACHNE/I386/SYSTEM/APM.DB/PNG2BMP.HTM
/NET/ARACHNE/I386/SYSTEM/APM.DB/URL2HTM.HTM
/NET/ARACHNE/I386/SYSTEM/APM.DB/WWWMAN.HTM
/NET/ARACHNE/I386/SYSTEM/CODEPAGE.EXT/
/NET/ARACHNE/I386/SYSTEM/CODEPAGE.EXT/1251/
/NET/ARACHNE/I386/SYSTEM/CODEPAGE.EXT/1251/1250.CP
/NET/ARACHNE/I386/SYSTEM/CODEPAGE.EXT/1251/1251.CP
/NET/ARACHNE/I386/SYSTEM/CODEPAGE.EXT/1251/1252.CP
/NET/ARACHNE/I386/SYSTEM/CODEPAGE.EXT/1251/1254.CP
/NET/ARACHNE/I386/SYSTEM/CODEPAGE.EXT/1251/1257.CP
/NET/ARACHNE/I386/SYSTEM/CODEPAGE.EXT/1251/1258.CP
/NET/ARACHNE/I386/SYSTEM/CODEPAGE.EXT/1251/8859-1.CP
/NET/ARACHNE/I386/SYSTEM/CODEPAGE.EXT/1251/8859-10.CP
/NET/ARACHNE/I386/SYSTEM/CODEPAGE.EXT/1251/8859-13.CP
/NET/ARACHNE/I386/SYSTEM/CODEPAGE.EXT/1251/8859-14.CP
/NET/ARACHNE/I386/SYSTEM/CODEPAGE.EXT/1251/8859-15.CP
/NET/ARACHNE/I386/SYSTEM/CODEPAGE.EXT/1251/8859-16.CP
/NET/ARACHNE/I386/SYSTEM/CODEPAGE.EXT/1251/8859-2.CP
/NET/ARACHNE/I386/SYSTEM/CODEPAGE.EXT/1251/8859-3.CP
/NET/ARACHNE/I386/SYSTEM/CODEPAGE.EXT/1251/8859-4.CP
/NET/ARACHNE/I386/SYSTEM/CODEPAGE.EXT/1251/8859-5.CP
/NET/ARACHNE/I386/SYSTEM/CODEPAGE.EXT/1251/8859-9.CP
/NET/ARACHNE/I386/SYSTEM/CODEPAGE.EXT/1251/CP437.CP
/NET/ARACHNE/I386/SYSTEM/CODEPAGE.EXT/1251/CP775.CP
/NET/ARACHNE/I386/SYSTEM/CODEPAGE.EXT/1251/CP850.CP
/NET/ARACHNE/I386/SYSTEM/CODEPAGE.EXT/1251/CP852.CP
/NET/ARACHNE/I386/SYSTEM/CODEPAGE.EXT/1251/CP855.CP
/NET/ARACHNE/I386/SYSTEM/CODEPAGE.EXT/1251/CP857.CP
/NET/ARACHNE/I386/SYSTEM/CODEPAGE.EXT/1251/CP860.CP
/NET/ARACHNE/I386/SYSTEM/CODEPAGE.EXT/1251/CP861.CP
/NET/ARACHNE/I386/SYSTEM/CODEPAGE.EXT/1251/CP863.CP
/NET/ARACHNE/I386/SYSTEM/CODEPAGE.EXT/1251/CP865.CP
/NET/ARACHNE/I386/SYSTEM/CODEPAGE.EXT/1251/CP866.CP
/NET/ARACHNE/I386/SYSTEM/CODEPAGE.EXT/1251/R.CP
/NET/ARACHNE/I386/SYSTEM/CODEPAGE.EXT/8859-1/
/NET/ARACHNE/I386/SYSTEM/CODEPAGE.EXT/8859-1/1250.CP
/NET/ARACHNE/I386/SYSTEM/CODEPAGE.EXT/8859-1/1251.CP
/NET/ARACHNE/I386/SYSTEM/CODEPAGE.EXT/8859-1/1252.CP
/NET/ARACHNE/I386/SYSTEM/CODEPAGE.EXT/8859-1/1254.CP
/NET/ARACHNE/I386/SYSTEM/CODEPAGE.EXT/8859-1/1257.CP
/NET/ARACHNE/I386/SYSTEM/CODEPAGE.EXT/8859-1/1258.CP
/NET/ARACHNE/I386/SYSTEM/CODEPAGE.EXT/8859-1/8859-1.CP
/NET/ARACHNE/I386/SYSTEM/CODEPAGE.EXT/8859-1/8859-10.CP
/NET/ARACHNE/I386/SYSTEM/CODEPAGE.EXT/8859-1/8859-13.CP
/NET/ARACHNE/I386/SYSTEM/CODEPAGE.EXT/8859-1/8859-14.CP
/NET/ARACHNE/I386/SYSTEM/CODEPAGE.EXT/8859-1/8859-15.CP
/NET/ARACHNE/I386/SYSTEM/CODEPAGE.EXT/8859-1/8859-16.CP
/NET/ARACHNE/I386/SYSTEM/CODEPAGE.EXT/8859-1/8859-2.CP
/NET/ARACHNE/I386/SYSTEM/CODEPAGE.EXT/8859-1/8859-3.CP
/NET/ARACHNE/I386/SYSTEM/CODEPAGE.EXT/8859-1/8859-4.CP
/NET/ARACHNE/I386/SYSTEM/CODEPAGE.EXT/8859-1/8859-5.CP
/NET/ARACHNE/I386/SYSTEM/CODEPAGE.EXT/8859-1/8859-9.CP
/NET/ARACHNE/I386/SYSTEM/CODEPAGE.EXT/8859-1/CP437.CP
/NET/ARACHNE/I386/SYSTEM/CODEPAGE.EXT/8859-1/CP775.CP
/NET/ARACHNE/I386/SYSTEM/CODEPAGE.EXT/8859-1/CP850.CP
/NET/ARACHNE/I386/SYSTEM/CODEPAGE.EXT/8859-1/CP852.CP
/NET/ARACHNE/I386/SYSTEM/CODEPAGE.EXT/8859-1/CP855.CP
/NET/ARACHNE/I386/SYSTEM/CODEPAGE.EXT/8859-1/CP857.CP
/NET/ARACHNE/I386/SYSTEM/CODEPAGE.EXT/8859-1/CP860.CP
/NET/ARACHNE/I386/SYSTEM/CODEPAGE.EXT/8859-1/CP861.CP
/NET/ARACHNE/I386/SYSTEM/CODEPAGE.EXT/8859-1/CP863.CP
/NET/ARACHNE/I386/SYSTEM/CODEPAGE.EXT/8859-1/CP865.CP
/NET/ARACHNE/I386/SYSTEM/CODEPAGE.EXT/8859-1/CP866.CP
/NET/ARACHNE/I386/SYSTEM/CODEPAGE.EXT/8859-1/R.CP
/NET/ARACHNE/I386/SYSTEM/CODEPAGE.EXT/8859-2/
/NET/ARACHNE/I386/SYSTEM/CODEPAGE.EXT/8859-2/1250.CP
/NET/ARACHNE/I386/SYSTEM/CODEPAGE.EXT/8859-2/1251.CP
/NET/ARACHNE/I386/SYSTEM/CODEPAGE.EXT/8859-2/1252.CP
/NET/ARACHNE/I386/SYSTEM/CODEPAGE.EXT/8859-2/1254.CP
/NET/ARACHNE/I386/SYSTEM/CODEPAGE.EXT/8859-2/1257.CP
/NET/ARACHNE/I386/SYSTEM/CODEPAGE.EXT/8859-2/1258.CP
/NET/ARACHNE/I386/SYSTEM/CODEPAGE.EXT/8859-2/8859-1.CP
/NET/ARACHNE/I386/SYSTEM/CODEPAGE.EXT/8859-2/8859-10.CP
/NET/ARACHNE/I386/SYSTEM/CODEPAGE.EXT/8859-2/8859-13.CP
/NET/ARACHNE/I386/SYSTEM/CODEPAGE.EXT/8859-2/8859-14.CP
/NET/ARACHNE/I386/SYSTEM/CODEPAGE.EXT/8859-2/8859-15.CP
/NET/ARACHNE/I386/SYSTEM/CODEPAGE.EXT/8859-2/8859-16.CP
/NET/ARACHNE/I386/SYSTEM/CODEPAGE.EXT/8859-2/8859-2.CP
/NET/ARACHNE/I386/SYSTEM/CODEPAGE.EXT/8859-2/8859-3.CP
/NET/ARACHNE/I386/SYSTEM/CODEPAGE.EXT/8859-2/8859-4.CP
/NET/ARACHNE/I386/SYSTEM/CODEPAGE.EXT/8859-2/8859-5.CP
/NET/ARACHNE/I386/SYSTEM/CODEPAGE.EXT/8859-2/8859-9.CP
/NET/ARACHNE/I386/SYSTEM/CODEPAGE.EXT/8859-2/CP437.CP
/NET/ARACHNE/I386/SYSTEM/CODEPAGE.EXT/8859-2/CP775.CP
/NET/ARACHNE/I386/SYSTEM/CODEPAGE.EXT/8859-2/CP850.CP
/NET/ARACHNE/I386/SYSTEM/CODEPAGE.EXT/8859-2/CP852.CP
/NET/ARACHNE/I386/SYSTEM/CODEPAGE.EXT/8859-2/CP855.CP
/NET/ARACHNE/I386/SYSTEM/CODEPAGE.EXT/8859-2/CP857.CP
/NET/ARACHNE/I386/SYSTEM/CODEPAGE.EXT/8859-2/CP860.CP
/NET/ARACHNE/I386/SYSTEM/CODEPAGE.EXT/8859-2/CP861.CP
/NET/ARACHNE/I386/SYSTEM/CODEPAGE.EXT/8859-2/CP863.CP
/NET/ARACHNE/I386/SYSTEM/CODEPAGE.EXT/8859-2/CP865.CP
/NET/ARACHNE/I386/SYSTEM/CODEPAGE.EXT/8859-2/CP866.CP
/NET/ARACHNE/I386/SYSTEM/CODEPAGE.EXT/8859-2/R.CP
/NET/ARACHNE/I386/SYSTEM/CODEPAGE.EXT/KOI8-R/
/NET/ARACHNE/I386/SYSTEM/CODEPAGE.EXT/KOI8-R/1250.CP
/NET/ARACHNE/I386/SYSTEM/CODEPAGE.EXT/KOI8-R/1251.CP
/NET/ARACHNE/I386/SYSTEM/CODEPAGE.EXT/KOI8-R/1252.CP
/NET/ARACHNE/I386/SYSTEM/CODEPAGE.EXT/KOI8-R/1254.CP
/NET/ARACHNE/I386/SYSTEM/CODEPAGE.EXT/KOI8-R/1257.CP
/NET/ARACHNE/I386/SYSTEM/CODEPAGE.EXT/KOI8-R/1258.CP
/NET/ARACHNE/I386/SYSTEM/CODEPAGE.EXT/KOI8-R/8859-1.CP
/NET/ARACHNE/I386/SYSTEM/CODEPAGE.EXT/KOI8-R/8859-10.CP
/NET/ARACHNE/I386/SYSTEM/CODEPAGE.EXT/KOI8-R/8859-13.CP
/NET/ARACHNE/I386/SYSTEM/CODEPAGE.EXT/KOI8-R/8859-14.CP
/NET/ARACHNE/I386/SYSTEM/CODEPAGE.EXT/KOI8-R/8859-15.CP
/NET/ARACHNE/I386/SYSTEM/CODEPAGE.EXT/KOI8-R/8859-16.CP
/NET/ARACHNE/I386/SYSTEM/CODEPAGE.EXT/KOI8-R/8859-2.CP
/NET/ARACHNE/I386/SYSTEM/CODEPAGE.EXT/KOI8-R/8859-3.CP
/NET/ARACHNE/I386/SYSTEM/CODEPAGE.EXT/KOI8-R/8859-4.CP
/NET/ARACHNE/I386/SYSTEM/CODEPAGE.EXT/KOI8-R/8859-5.CP
/NET/ARACHNE/I386/SYSTEM/CODEPAGE.EXT/KOI8-R/8859-9.CP
/NET/ARACHNE/I386/SYSTEM/CODEPAGE.EXT/KOI8-R/CP437.CP
/NET/ARACHNE/I386/SYSTEM/CODEPAGE.EXT/KOI8-R/CP775.CP
/NET/ARACHNE/I386/SYSTEM/CODEPAGE.EXT/KOI8-R/CP850.CP
/NET/ARACHNE/I386/SYSTEM/CODEPAGE.EXT/KOI8-R/CP852.CP
/NET/ARACHNE/I386/SYSTEM/CODEPAGE.EXT/KOI8-R/CP855.CP
/NET/ARACHNE/I386/SYSTEM/CODEPAGE.EXT/KOI8-R/CP857.CP
/NET/ARACHNE/I386/SYSTEM/CODEPAGE.EXT/KOI8-R/CP860.CP
/NET/ARACHNE/I386/SYSTEM/CODEPAGE.EXT/KOI8-R/CP861.CP
/NET/ARACHNE/I386/SYSTEM/CODEPAGE.EXT/KOI8-R/CP863.CP
/NET/ARACHNE/I386/SYSTEM/CODEPAGE.EXT/KOI8-R/CP865.CP
/NET/ARACHNE/I386/SYSTEM/CODEPAGE.EXT/KOI8-R/CP866.CP
/NET/ARACHNE/I386/SYSTEM/CODEPAGE.EXT/KOI8-R/R.CP
/NET/ARACHNE/I386/SYSTEM/CODEPAGE.EXT/READ_1ST.TXT
/NET/ARACHNE/I386/SYSTEM/CODEPAGE/
/NET/ARACHNE/I386/SYSTEM/CODEPAGE/1250.CP
/NET/ARACHNE/I386/SYSTEM/CODEPAGE/8859-2.CP
/NET/ARACHNE/I386/SYSTEM/CODEPAGE/ORIGINAL/
/NET/ARACHNE/I386/SYSTEM/CODEPAGE/ORIGINAL/1250.CP
/NET/ARACHNE/I386/SYSTEM/CODEPAGE/ORIGINAL/8859-2.CP
/NET/ARACHNE/I386/SYSTEM/DEVDRVRS/
/NET/ARACHNE/I386/SYSTEM/DEVDRVRS/CTMOUSE.EXE
/NET/ARACHNE/I386/SYSTEM/DEVDRVRS/CTMOUSE.TXT
/NET/ARACHNE/I386/SYSTEM/DEVDRVRS/HISTORY.TXT
/NET/ARACHNE/I386/SYSTEM/DEVDRVRS/USB/
/NET/ARACHNE/I386/SYSTEM/DEVDRVRS/USB/USB.HTM
/NET/ARACHNE/I386/SYSTEM/DGI/
/NET/ARACHNE/I386/SYSTEM/DGI/CFGWIZ.EXE
/NET/ARACHNE/I386/SYSTEM/DGI/CLR-BAT.TXT
/NET/ARACHNE/I386/SYSTEM/DGI/CLR.BAT
/NET/ARACHNE/I386/SYSTEM/DGI/DOSSHELL.BAT
/NET/ARACHNE/I386/SYSTEM/DGI/FIXMEM.COM
/NET/ARACHNE/I386/SYSTEM/DGI/GOPH2HTM.EXE
/NET/ARACHNE/I386/SYSTEM/DGI/HOTLSMAN.EXE
/NET/ARACHNE/I386/SYSTEM/DGI/REBOOT.COM
/NET/ARACHNE/I386/SYSTEM/DGI/WIZARD.EXE
/NET/ARACHNE/I386/SYSTEM/FIXEDBI1.FNT
/NET/ARACHNE/I386/SYSTEM/FIXEDBI2.FNT
/NET/ARACHNE/I386/SYSTEM/FIXEDBI3.FNT
/NET/ARACHNE/I386/SYSTEM/FIXEDBI4.FNT
/NET/ARACHNE/I386/SYSTEM/FIXEDBI5.FNT
/NET/ARACHNE/I386/SYSTEM/FIXEDBI6.FNT
/NET/ARACHNE/I386/SYSTEM/FIXEDBN1.FNT
/NET/ARACHNE/I386/SYSTEM/FIXEDBN2.FNT
/NET/ARACHNE/I386/SYSTEM/FIXEDBN3.FNT
/NET/ARACHNE/I386/SYSTEM/FIXEDBN4.FNT
/NET/ARACHNE/I386/SYSTEM/FIXEDBN5.FNT
/NET/ARACHNE/I386/SYSTEM/FIXEDBN6.FNT
/NET/ARACHNE/I386/SYSTEM/FIXEDNI1.FNT
/NET/ARACHNE/I386/SYSTEM/FIXEDNI2.FNT
/NET/ARACHNE/I386/SYSTEM/FIXEDNI3.FNT
/NET/ARACHNE/I386/SYSTEM/FIXEDNI4.FNT
/NET/ARACHNE/I386/SYSTEM/FIXEDNI5.FNT
/NET/ARACHNE/I386/SYSTEM/FIXEDNI6.FNT
/NET/ARACHNE/I386/SYSTEM/FIXEDNN1.FNT
/NET/ARACHNE/I386/SYSTEM/FIXEDNN2.FNT
/NET/ARACHNE/I386/SYSTEM/FIXEDNN3.FNT
/NET/ARACHNE/I386/SYSTEM/FIXEDNN4.FNT
/NET/ARACHNE/I386/SYSTEM/FIXEDNN5.FNT
/NET/ARACHNE/I386/SYSTEM/FIXEDNN6.FNT
/NET/ARACHNE/I386/SYSTEM/FONTINFO.BIN
/NET/ARACHNE/I386/SYSTEM/GUI/
/NET/ARACHNE/I386/SYSTEM/GUI/ADRSMAN.AH
/NET/ARACHNE/I386/SYSTEM/GUI/CONF_EXT.AH
/NET/ARACHNE/I386/SYSTEM/GUI/CONF_LAN.AH
/NET/ARACHNE/I386/SYSTEM/GUI/CONF_PPP.AH
/NET/ARACHNE/I386/SYSTEM/GUI/COPY.AH
/NET/ARACHNE/I386/SYSTEM/GUI/DOWNLOAD.AH
/NET/ARACHNE/I386/SYSTEM/GUI/EDITTB.AH
/NET/ARACHNE/I386/SYSTEM/GUI/ERROR.GIF
/NET/ARACHNE/I386/SYSTEM/GUI/ERR_ASF.AH
/NET/ARACHNE/I386/SYSTEM/GUI/ERR_DISK.AH
/NET/ARACHNE/I386/SYSTEM/GUI/ERR_LOAD.AH
/NET/ARACHNE/I386/SYSTEM/GUI/ERR_LOCK.AH
/NET/ARACHNE/I386/SYSTEM/GUI/ERR_MAIL.AH
/NET/ARACHNE/I386/SYSTEM/GUI/ERR_NET.AH
/NET/ARACHNE/I386/SYSTEM/GUI/ERR_NOIP.AH
/NET/ARACHNE/I386/SYSTEM/GUI/ERR_OPEN.AH
/NET/ARACHNE/I386/SYSTEM/GUI/ERR_PKT.AH
/NET/ARACHNE/I386/SYSTEM/GUI/ERR_POP3.AH
/NET/ARACHNE/I386/SYSTEM/GUI/ERR_PPP.AH
/NET/ARACHNE/I386/SYSTEM/GUI/ERR_RED.AH
/NET/ARACHNE/I386/SYSTEM/GUI/ERR_SMTP.AH
/NET/ARACHNE/I386/SYSTEM/GUI/ERR_URL.AH
/NET/ARACHNE/I386/SYSTEM/GUI/ETHERWZ1.AH
/NET/ARACHNE/I386/SYSTEM/GUI/ETHERWZ2.AH
/NET/ARACHNE/I386/SYSTEM/GUI/ETHERWZ3.AH
/NET/ARACHNE/I386/SYSTEM/GUI/ETHERWZN.AH
/NET/ARACHNE/I386/SYSTEM/GUI/ETHERWZY.AH
/NET/ARACHNE/I386/SYSTEM/GUI/FATAL.AH
/NET/ARACHNE/I386/SYSTEM/GUI/FTPLOGIN.AH
/NET/ARACHNE/I386/SYSTEM/GUI/LOGIN.AH
/NET/ARACHNE/I386/SYSTEM/GUI/MAINTAIN.AH
/NET/ARACHNE/I386/SYSTEM/GUI/MAKELIST.AH
/NET/ARACHNE/I386/SYSTEM/GUI/NONFATAL.AH
/NET/ARACHNE/I386/SYSTEM/GUI/OFFLINE1.AH
/NET/ARACHNE/I386/SYSTEM/GUI/OPT_LOC.AH
/NET/ARACHNE/I386/SYSTEM/GUI/OPT_MINE.AH
/NET/ARACHNE/I386/SYSTEM/GUI/OPT_MISC.AH
/NET/ARACHNE/I386/SYSTEM/GUI/OPT_NET.AH
/NET/ARACHNE/I386/SYSTEM/GUI/OPT_PERS.AH
/NET/ARACHNE/I386/SYSTEM/GUI/PRINT.AH
/NET/ARACHNE/I386/SYSTEM/GUI/PROFILES.AH
/NET/ARACHNE/I386/SYSTEM/GUI/PRTBMP.AH
/NET/ARACHNE/I386/SYSTEM/GUI/PS.AH
/NET/ARACHNE/I386/SYSTEM/GUI/QUICKPAD.AH
/NET/ARACHNE/I386/SYSTEM/GUI/SAVEAS.AH
/NET/ARACHNE/I386/SYSTEM/GUI/SEARCH.AH
/NET/ARACHNE/I386/SYSTEM/GUI/SENDFILE.AH
/NET/ARACHNE/I386/SYSTEM/GUI/SENDMAIL.AH
/NET/ARACHNE/I386/SYSTEM/GUI/SETUP.GIF
/NET/ARACHNE/I386/SYSTEM/GUI/TCPSETUP.AH
/NET/ARACHNE/I386/SYSTEM/GUI/TEXTAREA.AH
/NET/ARACHNE/I386/SYSTEM/GUI/TEXTEDIT.AH
/NET/ARACHNE/I386/SYSTEM/GUI/TIPS.AH
/NET/ARACHNE/I386/SYSTEM/GUI/WARN_CLR.AH
/NET/ARACHNE/I386/SYSTEM/GUI/WIZARD1.AH
/NET/ARACHNE/I386/SYSTEM/GUI/WIZARD2.AH
/NET/ARACHNE/I386/SYSTEM/GUI/WIZARD3.AH
/NET/ARACHNE/I386/SYSTEM/GUI/WIZARD4.AH
/NET/ARACHNE/I386/SYSTEM/GUI/WIZARD5.AH
/NET/ARACHNE/I386/SYSTEM/GUI/WIZARD6.AH
/NET/ARACHNE/I386/SYSTEM/GUI/WIZARD7.AH
/NET/ARACHNE/I386/SYSTEM/GUI/WIZARD8.AH
/NET/ARACHNE/I386/SYSTEM/GUI/WIZARD9.AH
/NET/ARACHNE/I386/SYSTEM/GUI/WIZARDA.AH
/NET/ARACHNE/I386/SYSTEM/GUI/WIZARDB.AH
/NET/ARACHNE/I386/SYSTEM/GUI/WIZARDC.AH
/NET/ARACHNE/I386/SYSTEM/GUI/XICHT.GIF
/NET/ARACHNE/I386/SYSTEM/IKONS/
/NET/ARACHNE/I386/SYSTEM/IKONS/ABOUT.IKN
/NET/ARACHNE/I386/SYSTEM/IKONS/ADRSBOOK.IKN
/NET/ARACHNE/I386/SYSTEM/IKONS/ALTICON1.IKN
/NET/ARACHNE/I386/SYSTEM/IKONS/ALTICON2.IKN
/NET/ARACHNE/I386/SYSTEM/IKONS/ALTICONS.IKN
/NET/ARACHNE/I386/SYSTEM/IKONS/BAT.IKN
/NET/ARACHNE/I386/SYSTEM/IKONS/BINARY.IKN
/NET/ARACHNE/I386/SYSTEM/IKONS/BLK_CLIP.IKN
/NET/ARACHNE/I386/SYSTEM/IKONS/BLK_COPY.IKN
/NET/ARACHNE/I386/SYSTEM/IKONS/BLK_CUT.IKN
/NET/ARACHNE/I386/SYSTEM/IKONS/BLK_DEL.IKN
/NET/ARACHNE/I386/SYSTEM/IKONS/BLK_MOVE.IKN
/NET/ARACHNE/I386/SYSTEM/IKONS/BLK_PAST.IKN
/NET/ARACHNE/I386/SYSTEM/IKONS/BUTTONS1.IKN
/NET/ARACHNE/I386/SYSTEM/IKONS/BUTTONS2.IKN
/NET/ARACHNE/I386/SYSTEM/IKONS/BUTTONS3.IKN
/NET/ARACHNE/I386/SYSTEM/IKONS/CANCEL.IKN
/NET/ARACHNE/I386/SYSTEM/IKONS/CDROMDRV.IKN
/NET/ARACHNE/I386/SYSTEM/IKONS/COM.IKN
/NET/ARACHNE/I386/SYSTEM/IKONS/CONFIG.IKN
/NET/ARACHNE/I386/SYSTEM/IKONS/DOSSHELL.IKN
/NET/ARACHNE/I386/SYSTEM/IKONS/ETHERNET.IKN
/NET/ARACHNE/I386/SYSTEM/IKONS/EXE.IKN
/NET/ARACHNE/I386/SYSTEM/IKONS/EXIT.IKN
/NET/ARACHNE/I386/SYSTEM/IKONS/FLOPPY.IKN
/NET/ARACHNE/I386/SYSTEM/IKONS/FONT.IKN
/NET/ARACHNE/I386/SYSTEM/IKONS/HTM.IKN
/NET/ARACHNE/I386/SYSTEM/IKONS/HTMLEDIT.IKN
/NET/ARACHNE/I386/SYSTEM/IKONS/IFRAME.IKN
/NET/ARACHNE/I386/SYSTEM/IKONS/IMAGE.IKN
/NET/ARACHNE/I386/SYSTEM/IKONS/INDEX.IKN
/NET/ARACHNE/I386/SYSTEM/IKONS/KEY.IKN
/NET/ARACHNE/I386/SYSTEM/IKONS/MAIL01.IKN
/NET/ARACHNE/I386/SYSTEM/IKONS/MAIL02.IKN
/NET/ARACHNE/I386/SYSTEM/IKONS/MAIL03.IKN
/NET/ARACHNE/I386/SYSTEM/IKONS/MAIL04.IKN
/NET/ARACHNE/I386/SYSTEM/IKONS/MAIL05.IKN
/NET/ARACHNE/I386/SYSTEM/IKONS/MAIL06.IKN
/NET/ARACHNE/I386/SYSTEM/IKONS/MENU.IKN
/NET/ARACHNE/I386/SYSTEM/IKONS/MIDI.IKN
/NET/ARACHNE/I386/SYSTEM/IKONS/MOVIE.IKN
/NET/ARACHNE/I386/SYSTEM/IKONS/NORTON.IKN
/NET/ARACHNE/I386/SYSTEM/IKONS/PHONE.IKN
/NET/ARACHNE/I386/SYSTEM/IKONS/PIDIMAIL.IKN
/NET/ARACHNE/I386/SYSTEM/IKONS/PIDISAVE.IKN
/NET/ARACHNE/I386/SYSTEM/IKONS/PIDISEND.IKN
/NET/ARACHNE/I386/SYSTEM/IKONS/PIDIZRUS.IKN
/NET/ARACHNE/I386/SYSTEM/IKONS/SENDFILE.IKN
/NET/ARACHNE/I386/SYSTEM/IKONS/SENDMAIL.IKN
/NET/ARACHNE/I386/SYSTEM/IKONS/SIPECKY.IKN
/NET/ARACHNE/I386/SYSTEM/IKONS/SMALL1.IKN
/NET/ARACHNE/I386/SYSTEM/IKONS/SMALL10.IKN
/NET/ARACHNE/I386/SYSTEM/IKONS/SMALL2.IKN
/NET/ARACHNE/I386/SYSTEM/IKONS/SMALL3.IKN
/NET/ARACHNE/I386/SYSTEM/IKONS/SMALL4.IKN
/NET/ARACHNE/I386/SYSTEM/IKONS/SMALL5.IKN
/NET/ARACHNE/I386/SYSTEM/IKONS/SMALL6.IKN
/NET/ARACHNE/I386/SYSTEM/IKONS/SMALL7.IKN
/NET/ARACHNE/I386/SYSTEM/IKONS/SMALL8.IKN
/NET/ARACHNE/I386/SYSTEM/IKONS/SMALL9.IKN
/NET/ARACHNE/I386/SYSTEM/IKONS/SMALL_WM.IKN
/NET/ARACHNE/I386/SYSTEM/IKONS/SMALOGO1.IKN
/NET/ARACHNE/I386/SYSTEM/IKONS/SMALOGO2.IKN
/NET/ARACHNE/I386/SYSTEM/IKONS/SMALOGO3.IKN
/NET/ARACHNE/I386/SYSTEM/IKONS/SMALOGO4.IKN
/NET/ARACHNE/I386/SYSTEM/IKONS/SMALOGOA.IKN
/NET/ARACHNE/I386/SYSTEM/IKONS/SMALOGOB.IKN
/NET/ARACHNE/I386/SYSTEM/IKONS/SMALOGOX.IKN
/NET/ARACHNE/I386/SYSTEM/IKONS/SMALOGOY.IKN
/NET/ARACHNE/I386/SYSTEM/IKONS/SMALOGOZ.IKN
/NET/ARACHNE/I386/SYSTEM/IKONS/SOUND.IKN
/NET/ARACHNE/I386/SYSTEM/IKONS/STAR.IKN
/NET/ARACHNE/I386/SYSTEM/IKONS/SUPLIK.IKN
/NET/ARACHNE/I386/SYSTEM/IKONS/TB800600.IKN
/NET/ARACHNE/I386/SYSTEM/IKONS/TBACF.IKN
/NET/ARACHNE/I386/SYSTEM/IKONS/TBASF.IKN
/NET/ARACHNE/I386/SYSTEM/IKONS/TBBFOLDR.IKN
/NET/ARACHNE/I386/SYSTEM/IKONS/TBCANCEL.IKN
/NET/ARACHNE/I386/SYSTEM/IKONS/TBDIAL.IKN
/NET/ARACHNE/I386/SYSTEM/IKONS/TBFILEOP.IKN
/NET/ARACHNE/I386/SYSTEM/IKONS/TBFULSCR.IKN
/NET/ARACHNE/I386/SYSTEM/IKONS/TBGOWEB.IKN
/NET/ARACHNE/I386/SYSTEM/IKONS/TBHANGUP.IKN
/NET/ARACHNE/I386/SYSTEM/IKONS/TBHELP.IKN
/NET/ARACHNE/I386/SYSTEM/IKONS/TBICQ.IKN
/NET/ARACHNE/I386/SYSTEM/IKONS/TBINBOX.IKN
/NET/ARACHNE/I386/SYSTEM/IKONS/TBKILL.IKN
/NET/ARACHNE/I386/SYSTEM/IKONS/TBMAILOP.IKN
/NET/ARACHNE/I386/SYSTEM/IKONS/TBMYPC.IKN
/NET/ARACHNE/I386/SYSTEM/IKONS/TBPAGEOP.IKN
/NET/ARACHNE/I386/SYSTEM/IKONS/TBPOP3.IKN
/NET/ARACHNE/I386/SYSTEM/IKONS/TBPS.IKN
/NET/ARACHNE/I386/SYSTEM/IKONS/TBREQALL.IKN
/NET/ARACHNE/I386/SYSTEM/IKONS/TBRFOLDR.IKN
/NET/ARACHNE/I386/SYSTEM/IKONS/TBSAVFTP.IKN
/NET/ARACHNE/I386/SYSTEM/IKONS/TBSENDF.IKN
/NET/ARACHNE/I386/SYSTEM/IKONS/TBSETUP.IKN
/NET/ARACHNE/I386/SYSTEM/IKONS/TBSMTP.IKN
/NET/ARACHNE/I386/SYSTEM/IKONS/TBSYSOP.IKN
/NET/ARACHNE/I386/SYSTEM/IKONS/TBURL.IKN
/NET/ARACHNE/I386/SYSTEM/IKONS/TBURLBAR.IKN
/NET/ARACHNE/I386/SYSTEM/IKONS/TBUTILPG.IKN
/NET/ARACHNE/I386/SYSTEM/IKONS/TBVERIFY.IKN
/NET/ARACHNE/I386/SYSTEM/IKONS/TELNET.IKN
/NET/ARACHNE/I386/SYSTEM/IKONS/TEXT.IKN
/NET/ARACHNE/I386/SYSTEM/IKONS/TOOLS.IKN
/NET/ARACHNE/I386/SYSTEM/IKONS/TRASH1.IKN
/NET/ARACHNE/I386/SYSTEM/IKONS/TRASH2.IKN
/NET/ARACHNE/I386/SYSTEM/IKONS/UNKNOWN.IKN
/NET/ARACHNE/I386/SYSTEM/IKONS/WINDOWS.IKN
/NET/ARACHNE/I386/SYSTEM/IKONS/XCHLOGO0.IKN
/NET/ARACHNE/I386/SYSTEM/IKONS/XCHLOGO1.IKN
/NET/ARACHNE/I386/SYSTEM/IKONS/XCHLOGO2.IKN
/NET/ARACHNE/I386/SYSTEM/IKONS/XCHLOGO3.IKN
/NET/ARACHNE/I386/SYSTEM/IKONS/XCHLOGO4.IKN
/NET/ARACHNE/I386/SYSTEM/IKONS/XCHLOGO5.IKN
/NET/ARACHNE/I386/SYSTEM/IKONS/XCHLOGO6.IKN
/NET/ARACHNE/I386/SYSTEM/IKONS/XCHLOGO7.IKN
/NET/ARACHNE/I386/SYSTEM/IKONS/XCHLOGO8.IKN
/NET/ARACHNE/I386/SYSTEM/IKONS/XCHLOGOA.IKN
/NET/ARACHNE/I386/SYSTEM/IKONS/XCHLOGOB.IKN
/NET/ARACHNE/I386/SYSTEM/IKONS/XCHLOGOX.IKN
/NET/ARACHNE/I386/SYSTEM/IKONS/XCHLOGOY.IKN
/NET/ARACHNE/I386/SYSTEM/IKONS/XCHLOGOZ.IKN
/NET/ARACHNE/I386/SYSTEM/IKONS/YOURPC.IKN
/NET/ARACHNE/I386/SYSTEM/IKONS/ZIP.IKN
/NET/ARACHNE/I386/SYSTEM/PKTDRVRS/
/NET/ARACHNE/I386/SYSTEM/PKTDRVRS/3C509.COM
/NET/ARACHNE/I386/SYSTEM/PKTDRVRS/CSLIPPER.EXE
/NET/ARACHNE/I386/SYSTEM/PKTDRVRS/DSL/
/NET/ARACHNE/I386/SYSTEM/PKTDRVRS/DSL/ADSL.HTM
/NET/ARACHNE/I386/SYSTEM/PKTDRVRS/DSL/DSL.MES
/NET/ARACHNE/I386/SYSTEM/PKTDRVRS/IFCONFIG.BAT
/NET/ARACHNE/I386/SYSTEM/PKTDRVRS/NE2000.COM
/NET/ARACHNE/I386/SYSTEM/PKTDRVRS/NET.CFG
/NET/ARACHNE/I386/SYSTEM/PKTDRVRS/ODIPKT.COM
/NET/ARACHNE/I386/SYSTEM/PKTDRVRS/ODIPKT.RME
/NET/ARACHNE/I386/SYSTEM/PKTDRVRS/ODIPKT.TXT
/NET/ARACHNE/I386/SYSTEM/PKTDRVRS/PCIPKT.COM
/NET/ARACHNE/I386/SYSTEM/PKTDRVRS/PKTCHK.COM
/NET/ARACHNE/I386/SYSTEM/PKTDRVRS/PKTDRVRS.AH
/NET/ARACHNE/I386/SYSTEM/PKTDRVRS/PKTSTAT.COM
/NET/ARACHNE/I386/SYSTEM/PROPBI1.FNT
/NET/ARACHNE/I386/SYSTEM/PROPBI2.FNT
/NET/ARACHNE/I386/SYSTEM/PROPBI3.FNT
/NET/ARACHNE/I386/SYSTEM/PROPBI4.FNT
/NET/ARACHNE/I386/SYSTEM/PROPBI5.FNT
/NET/ARACHNE/I386/SYSTEM/PROPBI6.FNT
/NET/ARACHNE/I386/SYSTEM/PROPBN1.FNT
/NET/ARACHNE/I386/SYSTEM/PROPBN2.FNT
/NET/ARACHNE/I386/SYSTEM/PROPBN3.FNT
/NET/ARACHNE/I386/SYSTEM/PROPBN4.FNT
/NET/ARACHNE/I386/SYSTEM/PROPBN5.FNT
/NET/ARACHNE/I386/SYSTEM/PROPBN6.FNT
/NET/ARACHNE/I386/SYSTEM/PROPNI1.FNT
/NET/ARACHNE/I386/SYSTEM/PROPNI2.FNT
/NET/ARACHNE/I386/SYSTEM/PROPNI3.FNT
/NET/ARACHNE/I386/SYSTEM/PROPNI4.FNT
/NET/ARACHNE/I386/SYSTEM/PROPNI5.FNT
/NET/ARACHNE/I386/SYSTEM/PROPNI6.FNT
/NET/ARACHNE/I386/SYSTEM/PROPNN1.FNT
/NET/ARACHNE/I386/SYSTEM/PROPNN2.FNT
/NET/ARACHNE/I386/SYSTEM/PROPNN3.FNT
/NET/ARACHNE/I386/SYSTEM/PROPNN4.FNT
/NET/ARACHNE/I386/SYSTEM/PROPNN5.FNT
/NET/ARACHNE/I386/SYSTEM/PROPNN6.FNT
/NET/ARACHNE/I386/TERMIN.COM
/NET/ARACHNE/I386/TOOLBAR.CFG
/NET/ARACHNE/I386/UNARJ.EXE
/NET/ARACHNE/I386/UNARJ.TXT
/NET/ARACHNE/I386/UNZIP.EXE
/NET/ARACHNE/I386/URL2HTM.EXE
/NET/ARACHNE/I386/UTILS.HTM
/NET/ARACHNE/I386/UUDECODE.EXE
/NET/ARACHNE/I386/UUENCODE.EXE
/NET/ARACHNE/I386/VGA.HTM
/NET/ARACHNE/I386/WATTCP.CFG
/NET/ARACHNE/I386/WAVELAN.TXT
/NET/ARACHNE/I386/WELCOME.HTM
/NET/ARACHNE/I386/WWWMAN.CFG
/NET/ARACHNE/I386/WWWMAN.EXE
/NET/ARACHNE/I386/XCH.GIF
/NET/ARACHNE/I386/XCHAOS.SKN
/NET/ARACHNE/I386/XEDIT.BAT
/NET/ARACHNE/I386/XSWAP.TXT
/NET/ARACHNE/I386/ZIP.EXE
/NET/ARACHNE/I386/ZIPUNZIP.TXT
/SOURCE/
/SOURCE/ARACHNE/
/SOURCE/ARACHNE/SOURCES.ZIP/
/SOURCE/ARACHNE/SOURCES.ZIP/ADIAL.C
/SOURCE/ARACHNE/SOURCES.ZIP/AGB_MSG.H
/SOURCE/ARACHNE/SOURCES.ZIP/A_IO.C
/SOURCE/ARACHNE/SOURCES.ZIP/A_IO.H
/SOURCE/ARACHNE/SOURCES.ZIP/ALTTAB.H
/SOURCE/ARACHNE/SOURCES.ZIP/ANYIMAGE.C
/SOURCE/ARACHNE/SOURCES.ZIP/APICK.H
/SOURCE/ARACHNE/SOURCES.ZIP/ARACHNE.H
/SOURCE/ARACHNE/SOURCES.ZIP/ARATRANS.TXT
/SOURCE/ARACHNE/SOURCES.ZIP/ARROW.C
/SOURCE/ARACHNE/SOURCES.ZIP/ASOCKETS.C
/SOURCE/ARACHNE/SOURCES.ZIP/ASOCKETS.H
/SOURCE/ARACHNE/SOURCES.ZIP/ATCPIP.C
/SOURCE/ARACHNE/SOURCES.ZIP/ATOMS.C
/SOURCE/ARACHNE/SOURCES.ZIP/BASE64.C
/SOURCE/ARACHNE/SOURCES.ZIP/BIN_FILE.H
/SOURCE/ARACHNE/SOURCES.ZIP/BITPIX8.C
/SOURCE/ARACHNE/SOURCES.ZIP/BUFBUF.C
/SOURCE/ARACHNE/SOURCES.ZIP/BUFBUF.H
/SOURCE/ARACHNE/SOURCES.ZIP/CACHE.H
/SOURCE/ARACHNE/SOURCES.ZIP/CGIQUERY.C
/SOURCE/ARACHNE/SOURCES.ZIP/CHANGES/
/SOURCE/ARACHNE/SOURCES.ZIP/CHANGES/!!GLENN.MCC
/SOURCE/ARACHNE/SOURCES.ZIP/CHANGES/!ARCHIVE.BAT
/SOURCE/ARACHNE/SOURCES.ZIP/CHANGES/!COMMENT.TXT
/SOURCE/ARACHNE/SOURCES.ZIP/CHANGES/!EXCLUDE.TXT
/SOURCE/ARACHNE/SOURCES.ZIP/CHANGES/ADIAL.C
/SOURCE/ARACHNE/SOURCES.ZIP/CHANGES/APICK.H
/SOURCE/ARACHNE/SOURCES.ZIP/CHANGES/ARACHNE.H
/SOURCE/ARACHNE/SOURCES.ZIP/CHANGES/ARATRANS.TXT
/SOURCE/ARACHNE/SOURCES.ZIP/CHANGES/ARROW.C
/SOURCE/ARACHNE/SOURCES.ZIP/CHANGES/ATCPIP.C
/SOURCE/ARACHNE/SOURCES.ZIP/CHANGES/ATOMS.C
/SOURCE/ARACHNE/SOURCES.ZIP/CHANGES/BIN_FILE.H
/SOURCE/ARACHNE/SOURCES.ZIP/CHANGES/BITPIX8.C
/SOURCE/ARACHNE/SOURCES.ZIP/CHANGES/BUFBUF.C
/SOURCE/ARACHNE/SOURCES.ZIP/CHANGES/BUFBUF.H
/SOURCE/ARACHNE/SOURCES.ZIP/CHANGES/CGIQUERY.C
/SOURCE/ARACHNE/SOURCES.ZIP/CHANGES/CGIQUERY.CBB
/SOURCE/ARACHNE/SOURCES.ZIP/CHANGES/CGIQUERY.CTR
/SOURCE/ARACHNE/SOURCES.ZIP/CHANGES/CLEMKGI.C
/SOURCE/ARACHNE/SOURCES.ZIP/CHANGES/CONFIG.C
/SOURCE/ARACHNE/SOURCES.ZIP/CHANGES/DRAWTIME.C
/SOURCE/ARACHNE/SOURCES.ZIP/CHANGES/ENGLISH.H
/SOURCE/ARACHNE/SOURCES.ZIP/CHANGES/ENTITY.C
/SOURCE/ARACHNE/SOURCES.ZIP/CHANGES/ERRORS.C
/SOURCE/ARACHNE/SOURCES.ZIP/CHANGES/FINGOPHR.C
/SOURCE/ARACHNE/SOURCES.ZIP/CHANGES/FTP.C
/SOURCE/ARACHNE/SOURCES.ZIP/CHANGES/GERMAN.H
/SOURCE/ARACHNE/SOURCES.ZIP/CHANGES/GLFLAG.H
/SOURCE/ARACHNE/SOURCES.ZIP/CHANGES/GLOBALS.C
/SOURCE/ARACHNE/SOURCES.ZIP/CHANGES/GUI.C
/SOURCE/ARACHNE/SOURCES.ZIP/CHANGES/GUI.H
/SOURCE/ARACHNE/SOURCES.ZIP/CHANGES/GUIDRAW.C
/SOURCE/ARACHNE/SOURCES.ZIP/CHANGES/GUIEVEN2.C
/SOURCE/ARACHNE/SOURCES.ZIP/CHANGES/GUIEVENT.C
/SOURCE/ARACHNE/SOURCES.ZIP/CHANGES/GUITICK.C
/SOURCE/ARACHNE/SOURCES.ZIP/CHANGES/HANIMGIF.C
/SOURCE/ARACHNE/SOURCES.ZIP/CHANGES/HDRAWBMP.C
/SOURCE/ARACHNE/SOURCES.ZIP/CHANGES/HDRAWGIF.C
/SOURCE/ARACHNE/SOURCES.ZIP/CHANGES/HIXLOV.LIB
/SOURCE/ARACHNE/SOURCES.ZIP/CHANGES/HTKERNEL.C
/SOURCE/ARACHNE/SOURCES.ZIP/CHANGES/HTML.C
/SOURCE/ARACHNE/SOURCES.ZIP/CHANGES/HTML.H
/SOURCE/ARACHNE/SOURCES.ZIP/CHANGES/HTML256C.C
/SOURCE/ARACHNE/SOURCES.ZIP/CHANGES/HTMLCSIM.C
/SOURCE/ARACHNE/SOURCES.ZIP/CHANGES/HTMLDRAW.C
/SOURCE/ARACHNE/SOURCES.ZIP/CHANGES/HTMLREAD.C
/SOURCE/ARACHNE/SOURCES.ZIP/CHANGES/HTMLREAD.CW
/SOURCE/ARACHNE/SOURCES.ZIP/CHANGES/HTMLSTAT.C
/SOURCE/ARACHNE/SOURCES.ZIP/CHANGES/HTMLUTIL.C
/SOURCE/ARACHNE/SOURCES.ZIP/CHANGES/HTMLUTIL.CW
/SOURCE/ARACHNE/SOURCES.ZIP/CHANGES/HTMTABLE.C
/SOURCE/ARACHNE/SOURCES.ZIP/CHANGES/HTTP.C
/SOURCE/ARACHNE/SOURCES.ZIP/CHANGES/IE.H
/SOURCE/ARACHNE/SOURCES.ZIP/CHANGES/IEKERNEL.C
/SOURCE/ARACHNE/SOURCES.ZIP/CHANGES/IE_BIN.C
/SOURCE/ARACHNE/SOURCES.ZIP/CHANGES/IE_FCE.C
/SOURCE/ARACHNE/SOURCES.ZIP/CHANGES/IE_KEY.C
/SOURCE/ARACHNE/SOURCES.ZIP/CHANGES/IMA.H
/SOURCE/ARACHNE/SOURCES.ZIP/CHANGES/INETSTR.C
/SOURCE/ARACHNE/SOURCES.ZIP/CHANGES/INIHIMEM.C
/SOURCE/ARACHNE/SOURCES.ZIP/CHANGES/INIT.C
/SOURCE/ARACHNE/SOURCES.ZIP/CHANGES/INT09.C
/SOURCE/ARACHNE/SOURCES.ZIP/CHANGES/INTERNET.H
/SOURCE/ARACHNE/SOURCES.ZIP/CHANGES/IPALPAL.C
/SOURCE/ARACHNE/SOURCES.ZIP/CHANGES/LINGLUE.C
/SOURCE/ARACHNE/SOURCES.ZIP/CHANGES/MAIN.C
/SOURCE/ARACHNE/SOURCES.ZIP/CHANGES/MESSAGES.H
/SOURCE/ARACHNE/SOURCES.ZIP/CHANGES/MIME.C
/SOURCE/ARACHNE/SOURCES.ZIP/CHANGES/MISC.C
/SOURCE/ARACHNE/SOURCES.ZIP/CHANGES/ONMOUSE.181
/SOURCE/ARACHNE/SOURCES.ZIP/CHANGES/ONMOUSE.191
/SOURCE/ARACHNE/SOURCES.ZIP/CHANGES/ONMOUSE.C
/SOURCE/ARACHNE/SOURCES.ZIP/CHANGES/OUTS.C
/SOURCE/ARACHNE/SOURCES.ZIP/CHANGES/PARSECSS.C
/SOURCE/ARACHNE/SOURCES.ZIP/CHANGES/PICINFO.H
/SOURCE/ARACHNE/SOURCES.ZIP/CHANGES/POPGET.C
/SOURCE/ARACHNE/SOURCES.ZIP/CHANGES/PRINT.C
/SOURCE/ARACHNE/SOURCES.ZIP/CHANGES/PRJ/
/SOURCE/ARACHNE/SOURCES.ZIP/CHANGES/PRJ/171/
/SOURCE/ARACHNE/SOURCES.ZIP/CHANGES/PRJ/171/CORE.PRJ
/SOURCE/ARACHNE/SOURCES.ZIP/CHANGES/PRJ/171/CORE171B.173
/SOURCE/ARACHNE/SOURCES.ZIP/CHANGES/PRJ/171/HIXLOV.LIB
/SOURCE/ARACHNE/SOURCES.ZIP/CHANGES/PRJ/171/MAXMEM.PRO
/SOURCE/ARACHNE/SOURCES.ZIP/CHANGES/PRJ/171/NOKEY.PRJ
/SOURCE/ARACHNE/SOURCES.ZIP/CHANGES/PRJ/171/NOKEY.PRO
/SOURCE/ARACHNE/SOURCES.ZIP/CHANGES/PRJ/171/NOKY171B.179
/SOURCE/ARACHNE/SOURCES.ZIP/CHANGES/PRJ/171/STAT.PRO
/SOURCE/ARACHNE/SOURCES.ZIP/CHANGES/PRJ/171/SVGA.PRO
/SOURCE/ARACHNE/SOURCES.ZIP/CHANGES/PRJ/171/WATTCPLG.LIB
/SOURCE/ARACHNE/SOURCES.ZIP/CHANGES/PRJ/171/WITHKEY.PRO
/SOURCE/ARACHNE/SOURCES.ZIP/CHANGES/PRJ/CAV/
/SOURCE/ARACHNE/SOURCES.ZIP/CHANGES/PRJ/CAV/CORE386.OLD
/SOURCE/ARACHNE/SOURCES.ZIP/CHANGES/PRJ/CAV/CORE386.OVR
/SOURCE/ARACHNE/SOURCES.ZIP/CHANGES/PRJ/CAV/CORE386.PRJ
/SOURCE/ARACHNE/SOURCES.ZIP/CHANGES/PRJ/CAV/CORE386.STA
/SOURCE/ARACHNE/SOURCES.ZIP/CHANGES/PRJ/CAV/OVRLSTAT.TXT
/SOURCE/ARACHNE/SOURCES.ZIP/CHANGES/PRJ/CAV/STAT/
/SOURCE/ARACHNE/SOURCES.ZIP/CHANGES/PRJ/CAV/STAT/CORE.PRJ
/SOURCE/ARACHNE/SOURCES.ZIP/CHANGES/PRJ/CORE086.PRJ
/SOURCE/ARACHNE/SOURCES.ZIP/CHANGES/PRJ/CORE386.PRJ
/SOURCE/ARACHNE/SOURCES.ZIP/CHANGES/PRJ/MAX/
/SOURCE/ARACHNE/SOURCES.ZIP/CHANGES/PRJ/MAX/CORE386.PRJ
/SOURCE/ARACHNE/SOURCES.ZIP/CHANGES/PRJ/MAX/NOKEY386.PRJ
/SOURCE/ARACHNE/SOURCES.ZIP/CHANGES/PRJ/NOKEY!87.PRJ
/SOURCE/ARACHNE/SOURCES.ZIP/CHANGES/PRJ/NOKEY086.PRJ
/SOURCE/ARACHNE/SOURCES.ZIP/CHANGES/PRJ/NOKEY386.PRJ
/SOURCE/ARACHNE/SOURCES.ZIP/CHANGES/PRJ/OVERLAY/
/SOURCE/ARACHNE/SOURCES.ZIP/CHANGES/PRJ/OVERLAY/CORE386.PRJ
/SOURCE/ARACHNE/SOURCES.ZIP/CHANGES/PRJ/OVERLAY/NOKEY386.PRJ
/SOURCE/ARACHNE/SOURCES.ZIP/CHANGES/PRJ/STATIC/
/SOURCE/ARACHNE/SOURCES.ZIP/CHANGES/PRJ/STATIC/CORE386.PRJ
/SOURCE/ARACHNE/SOURCES.ZIP/CHANGES/PRJ/STATIC/NOKEY386.PRJ
/SOURCE/ARACHNE/SOURCES.ZIP/CHANGES/PROTOCOL.C
/SOURCE/ARACHNE/SOURCES.ZIP/CHANGES/PRTSCR.C
/SOURCE/ARACHNE/SOURCES.ZIP/CHANGES/PS.C
/SOURCE/ARACHNE/SOURCES.ZIP/CHANGES/PUTIKONS.H
/SOURCE/ARACHNE/SOURCES.ZIP/CHANGES/PUTIKONW.C
/SOURCE/ARACHNE/SOURCES.ZIP/CHANGES/SCROLBAR.C
/SOURCE/ARACHNE/SOURCES.ZIP/CHANGES/SEARCH.C
/SOURCE/ARACHNE/SOURCES.ZIP/CHANGES/SENDMAIL.C
/SOURCE/ARACHNE/SOURCES.ZIP/CHANGES/SOCK_INI.C
/SOURCE/ARACHNE/SOURCES.ZIP/CHANGES/STATANIM.C
/SOURCE/ARACHNE/SOURCES.ZIP/CHANGES/STR.C
/SOURCE/ARACHNE/SOURCES.ZIP/CHANGES/STR.H
/SOURCE/ARACHNE/SOURCES.ZIP/CHANGES/SVGA.H
/SOURCE/ARACHNE/SOURCES.ZIP/CHANGES/SVGAOVRL.C
/SOURCE/ARACHNE/SOURCES.ZIP/CHANGES/TAGSORT.C
/SOURCE/ARACHNE/SOURCES.ZIP/CHANGES/UIFACE.H
/SOURCE/ARACHNE/SOURCES.ZIP/CHANGES/URL.H
/SOURCE/ARACHNE/SOURCES.ZIP/CHANGES/URLOVRL.C
/SOURCE/ARACHNE/SOURCES.ZIP/CHANGES/URLSTAT.C
/SOURCE/ARACHNE/SOURCES.ZIP/CHANGES/VERSION.C
/SOURCE/ARACHNE/SOURCES.ZIP/CHANGES/V_PUTIMG.C
/SOURCE/ARACHNE/SOURCES.ZIP/CHANGES/WATTCPLG.LIB
/SOURCE/ARACHNE/SOURCES.ZIP/CHANGES/WHEELMOU.C
/SOURCE/ARACHNE/SOURCES.ZIP/CHANGES/XANIMGIF.H
/SOURCE/ARACHNE/SOURCES.ZIP/CHANGES/XH_RGBHI.C
/SOURCE/ARACHNE/SOURCES.ZIP/CHANGES/X_CHAR.C
/SOURCE/ARACHNE/SOURCES.ZIP/CHANGES/X_CHARMA.C
/SOURCE/ARACHNE/SOURCES.ZIP/CHANGES/X_CURSOR.C
/SOURCE/ARACHNE/SOURCES.ZIP/CHANGES/X_LOPIF.H
/SOURCE/ARACHNE/SOURCES.ZIP/CLEMGLUE.C
/SOURCE/ARACHNE/SOURCES.ZIP/CLEMKGI.C
/SOURCE/ARACHNE/SOURCES.ZIP/CONFIG.C
/SOURCE/ARACHNE/SOURCES.ZIP/CORE-086.PRJ
/SOURCE/ARACHNE/SOURCES.ZIP/CORE-386.DSK
/SOURCE/ARACHNE/SOURCES.ZIP/CORE-386.PRJ
/SOURCE/ARACHNE/SOURCES.ZIP/CORE-!87.PRJ
/SOURCE/ARACHNE/SOURCES.ZIP/CORE.CFG
/SOURCE/ARACHNE/SOURCES.ZIP/CORE.DSK
/SOURCE/ARACHNE/SOURCES.ZIP/COREEXE.BAT
/SOURCE/ARACHNE/SOURCES.ZIP/CORE.PRJ
/SOURCE/ARACHNE/SOURCES.ZIP/CUSTOMER.C
/SOURCE/ARACHNE/SOURCES.ZIP/CUSTOMER.H
/SOURCE/ARACHNE/SOURCES.ZIP/CZECH.H
/SOURCE/ARACHNE/SOURCES.ZIP/DRAWTIME.C
/SOURCE/ARACHNE/SOURCES.ZIP/DUMMY.C
/SOURCE/ARACHNE/SOURCES.ZIP/ELIB.H
/SOURCE/ARACHNE/SOURCES.ZIP/ENGLISH.H
/SOURCE/ARACHNE/SOURCES.ZIP/ENTITY.C
/SOURCE/ARACHNE/SOURCES.ZIP/ERRORS.C
/SOURCE/ARACHNE/SOURCES.ZIP/ETHDEV.H
/SOURCE/ARACHNE/SOURCES.ZIP/FEXISTS.C
/SOURCE/ARACHNE/SOURCES.ZIP/FINGOPHR.C
/SOURCE/ARACHNE/SOURCES.ZIP/FIRSTLK.C
/SOURCE/ARACHNE/SOURCES.ZIP/FIRSTLK.H
/SOURCE/ARACHNE/SOURCES.ZIP/FRAGMENT.C
/SOURCE/ARACHNE/SOURCES.ZIP/FTP.C
/SOURCE/ARACHNE/SOURCES.ZIP/GERMAN.H
/SOURCE/ARACHNE/SOURCES.ZIP/GGI/
/SOURCE/ARACHNE/SOURCES.ZIP/GGI/MAKEFILE
/SOURCE/ARACHNE/SOURCES.ZIP/GLFLAG.H
/SOURCE/ARACHNE/SOURCES.ZIP/GLOBALS.C
/SOURCE/ARACHNE/SOURCES.ZIP/GUI.C
/SOURCE/ARACHNE/SOURCES.ZIP/GUIDRAW.C
/SOURCE/ARACHNE/SOURCES.ZIP/GUIEVEN2.C
/SOURCE/ARACHNE/SOURCES.ZIP/GUIEVENT.C
/SOURCE/ARACHNE/SOURCES.ZIP/GUI.H
/SOURCE/ARACHNE/SOURCES.ZIP/GUITICK.C
/SOURCE/ARACHNE/SOURCES.ZIP/HANIMGIF.C
/SOURCE/ARACHNE/SOURCES.ZIP/HDRAWBMP.C
/SOURCE/ARACHNE/SOURCES.ZIP/HDRAWGIF.C
/SOURCE/ARACHNE/SOURCES.ZIP/HIGHLIGH.C
/SOURCE/ARACHNE/SOURCES.ZIP/HIXLOV.LIB
/SOURCE/ARACHNE/SOURCES.ZIP/HTKERNEL.C
/SOURCE/ARACHNE/SOURCES.ZIP/HTML256C.C
/SOURCE/ARACHNE/SOURCES.ZIP/HTML.C
/SOURCE/ARACHNE/SOURCES.ZIP/HTMLCSIM.C
/SOURCE/ARACHNE/SOURCES.ZIP/HTMLDRAW.C
/SOURCE/ARACHNE/SOURCES.ZIP/HTML.H
/SOURCE/ARACHNE/SOURCES.ZIP/HTMLREAD.C
/SOURCE/ARACHNE/SOURCES.ZIP/HTMLSTAT.C
/SOURCE/ARACHNE/SOURCES.ZIP/HTMLUTIL.C
/SOURCE/ARACHNE/SOURCES.ZIP/HTMTABLE.C
/SOURCE/ARACHNE/SOURCES.ZIP/HTMTABLE.H
/SOURCE/ARACHNE/SOURCES.ZIP/HTTP.C
/SOURCE/ARACHNE/SOURCES.ZIP/ICQ/
/SOURCE/ARACHNE/SOURCES.ZIP/ICQ/DATATYPE.H
/SOURCE/ARACHNE/SOURCES.ZIP/ICQ/ELIB.H
/SOURCE/ARACHNE/SOURCES.ZIP/ICQ/FILE.C
/SOURCE/ARACHNE/SOURCES.ZIP/ICQ/GLOBALS.C
/SOURCE/ARACHNE/SOURCES.ZIP/ICQ/ICQMAIN.C
/SOURCE/ARACHNE/SOURCES.ZIP/ICQ/ICQPROTO.H
/SOURCE/ARACHNE/SOURCES.ZIP/ICQ/LOGIN.C
/SOURCE/ARACHNE/SOURCES.ZIP/ICQ/LSICQ.H
/SOURCE/ARACHNE/SOURCES.ZIP/ICQ/MSG.C
/SOURCE/ARACHNE/SOURCES.ZIP/ICQ/MSGQUEUE.C
/SOURCE/ARACHNE/SOURCES.ZIP/ICQ/MSGQUEUE.H
/SOURCE/ARACHNE/SOURCES.ZIP/ICQ/SENDMSG.C
/SOURCE/ARACHNE/SOURCES.ZIP/ICQ/SERVER.C
/SOURCE/ARACHNE/SOURCES.ZIP/ICQ/UI.C
/SOURCE/ARACHNE/SOURCES.ZIP/ICQ/UTIL.C
/SOURCE/ARACHNE/SOURCES.ZIP/ICQ/WATTCP.H
/SOURCE/ARACHNE/SOURCES.ZIP/IE_BIN.C
/SOURCE/ARACHNE/SOURCES.ZIP/IE_FCE.C
/SOURCE/ARACHNE/SOURCES.ZIP/IE.H
/SOURCE/ARACHNE/SOURCES.ZIP/IEKERNEL.C
/SOURCE/ARACHNE/SOURCES.ZIP/IE_KEY.C
/SOURCE/ARACHNE/SOURCES.ZIP/IMA.H
/SOURCE/ARACHNE/SOURCES.ZIP/INETSTR.C
/SOURCE/ARACHNE/SOURCES.ZIP/INETTIME.C
/SOURCE/ARACHNE/SOURCES.ZIP/INIHIMEM.C
/SOURCE/ARACHNE/SOURCES.ZIP/INIT.C
/SOURCE/ARACHNE/SOURCES.ZIP/INT09.C
/SOURCE/ARACHNE/SOURCES.ZIP/INTERNET.H
/SOURCE/ARACHNE/SOURCES.ZIP/IPALPAL.C
/SOURCE/ARACHNE/SOURCES.ZIP/JS/
/SOURCE/ARACHNE/SOURCES.ZIP/JS/JS.H
/SOURCE/ARACHNE/SOURCES.ZIP/JS/JSBIND.C
/SOURCE/ARACHNE/SOURCES.ZIP/JS/JSENGINE.C
/SOURCE/ARACHNE/SOURCES.ZIP/JS/JSIFACE.C
/SOURCE/ARACHNE/SOURCES.ZIP/JS/JSOBJECT.C
/SOURCE/ARACHNE/SOURCES.ZIP/JS/JSPARSE.C
/SOURCE/ARACHNE/SOURCES.ZIP/KAMENIK.C
/SOURCE/ARACHNE/SOURCES.ZIP/LICENSE.TXT
/SOURCE/ARACHNE/SOURCES.ZIP/LINGLUE.C
/SOURCE/ARACHNE/SOURCES.ZIP/LINMAIN.C
/SOURCE/ARACHNE/SOURCES.ZIP/LOPIF/
/SOURCE/ARACHNE/SOURCES.ZIP/LOPIF/!README.TXT
/SOURCE/ARACHNE/SOURCES.ZIP/LOPIF/ARAXLO.BAT
/SOURCE/ARACHNE/SOURCES.ZIP/LOPIF/ARAXLO.DSK
/SOURCE/ARACHNE/SOURCES.ZIP/LOPIF/ARAXLO.GNL
/SOURCE/ARACHNE/SOURCES.ZIP/LOPIF/ARAXLO.PRO
/SOURCE/ARACHNE/SOURCES.ZIP/LOPIF/ARAXLOV.BAT
/SOURCE/ARACHNE/SOURCES.ZIP/LOPIF/ARAXLOV.GNL
/SOURCE/ARACHNE/SOURCES.ZIP/LOPIF/BITPIX8.C
/SOURCE/ARACHNE/SOURCES.ZIP/LOPIF/BUBU1
/SOURCE/ARACHNE/SOURCES.ZIP/LOPIF/BUBU2
/SOURCE/ARACHNE/SOURCES.ZIP/LOPIF/BUBU3
/SOURCE/ARACHNE/SOURCES.ZIP/LOPIF/CHANGES.TXT
/SOURCE/ARACHNE/SOURCES.ZIP/LOPIF/COPYING.TXT
/SOURCE/ARACHNE/SOURCES.ZIP/LOPIF/EMSMEM.C
/SOURCE/ARACHNE/SOURCES.ZIP/LOPIF/HIXLO.BAT
/SOURCE/ARACHNE/SOURCES.ZIP/LOPIF/HIXLO.GNL
/SOURCE/ARACHNE/SOURCES.ZIP/LOPIF/HIXLOV.086
/SOURCE/ARACHNE/SOURCES.ZIP/LOPIF/HIXLOV.387
/SOURCE/ARACHNE/SOURCES.ZIP/LOPIF/HIXLOV.BAT
/SOURCE/ARACHNE/SOURCES.ZIP/LOPIF/HIXLOV.GNL
/SOURCE/ARACHNE/SOURCES.ZIP/LOPIF/HIXLOV.TXT
/SOURCE/ARACHNE/SOURCES.ZIP/LOPIF/HX_MOVE.C
/SOURCE/ARACHNE/SOURCES.ZIP/LOPIF/IMOUSE.C
/SOURCE/ARACHNE/SOURCES.ZIP/LOPIF/IMOUSE.H
/SOURCE/ARACHNE/SOURCES.ZIP/LOPIF/INEARCOL.C
/SOURCE/ARACHNE/SOURCES.ZIP/LOPIF/IPALPAL.C
/SOURCE/ARACHNE/SOURCES.ZIP/LOPIF/OBR.OBR
/SOURCE/ARACHNE/SOURCES.ZIP/LOPIF/PRESPALP.C
/SOURCE/ARACHNE/SOURCES.ZIP/LOPIF/README.TXT
/SOURCE/ARACHNE/SOURCES.ZIP/LOPIF/REA_BCGA.ASM
/SOURCE/ARACHNE/SOURCES.ZIP/LOPIF/REA_W256.ASM
/SOURCE/ARACHNE/SOURCES.ZIP/LOPIF/SVGA_MAC.INC
/SOURCE/ARACHNE/SOURCES.ZIP/LOPIF/TAGSORT.C
/SOURCE/ARACHNE/SOURCES.ZIP/LOPIF/VESA.H
/SOURCE/ARACHNE/SOURCES.ZIP/LOPIF/VV.CC
/SOURCE/ARACHNE/SOURCES.ZIP/LOPIF/VV.DSK
/SOURCE/ARACHNE/SOURCES.ZIP/LOPIF/VV.PRJ
/SOURCE/ARACHNE/SOURCES.ZIP/LOPIF/VV.TST
/SOURCE/ARACHNE/SOURCES.ZIP/LOPIF/WRT_BCGA.ASM
/SOURCE/ARACHNE/SOURCES.ZIP/LOPIF/WRT_CHR.ASM
/SOURCE/ARACHNE/SOURCES.ZIP/LOPIF/WRT_VIDE.ASM
/SOURCE/ARACHNE/SOURCES.ZIP/LOPIF/XH_BARX.ASM
/SOURCE/ARACHNE/SOURCES.ZIP/LOPIF/XH_GETPX.ASM
/SOURCE/ARACHNE/SOURCES.ZIP/LOPIF/XH_PUTPX.ASM
/SOURCE/ARACHNE/SOURCES.ZIP/LOPIF/XH_READ.ASM
/SOURCE/ARACHNE/SOURCES.ZIP/LOPIF/XH_RGBHI.C
/SOURCE/ARACHNE/SOURCES.ZIP/LOPIF/XH_WRCHR.ASM
/SOURCE/ARACHNE/SOURCES.ZIP/LOPIF/XH_WRITE.ASM
/SOURCE/ARACHNE/SOURCES.ZIP/LOPIF/XMSADD.ASM
/SOURCE/ARACHNE/SOURCES.ZIP/LOPIF/XMSMEM.ASM
/SOURCE/ARACHNE/SOURCES.ZIP/LOPIF/XV_CLSVV.C
/SOURCE/ARACHNE/SOURCES.ZIP/LOPIF/XV_NEWVV.C
/SOURCE/ARACHNE/SOURCES.ZIP/LOPIF/XV_OPNVV.C
/SOURCE/ARACHNE/SOURCES.ZIP/LOPIF/XV_TOSCR.C
/SOURCE/ARACHNE/SOURCES.ZIP/LOPIF/XV_TXTVV.C
/SOURCE/ARACHNE/SOURCES.ZIP/LOPIF/XV_VWIR2.C
/SOURCE/ARACHNE/SOURCES.ZIP/LOPIF/XV_WRBUF.C
/SOURCE/ARACHNE/SOURCES.ZIP/LOPIF/XV_WRTCH.C
/SOURCE/ARACHNE/SOURCES.ZIP/LOPIF/XV_WVIR1.C
/SOURCE/ARACHNE/SOURCES.ZIP/LOPIF/X_ARC.C
/SOURCE/ARACHNE/SOURCES.ZIP/LOPIF/X_B16.ASM
/SOURCE/ARACHNE/SOURCES.ZIP/LOPIF/X_BAR.C
/SOURCE/ARACHNE/SOURCES.ZIP/LOPIF/X_BAR256.ASM
/SOURCE/ARACHNE/SOURCES.ZIP/LOPIF/X_BARPAT.C
/SOURCE/ARACHNE/SOURCES.ZIP/LOPIF/X_CLEAR.C
/SOURCE/ARACHNE/SOURCES.ZIP/LOPIF/X_CROSS.C
/SOURCE/ARACHNE/SOURCES.ZIP/LOPIF/X_CROSS2.C
/SOURCE/ARACHNE/SOURCES.ZIP/LOPIF/X_CURSOR.C
/SOURCE/ARACHNE/SOURCES.ZIP/LOPIF/X_DETECT.C
/SOURCE/ARACHNE/SOURCES.ZIP/LOPIF/X_ELIP.C
/SOURCE/ARACHNE/SOURCES.ZIP/LOPIF/X_FNT.C
/SOURCE/ARACHNE/SOURCES.ZIP/LOPIF/X_FNTCLS.C
/SOURCE/ARACHNE/SOURCES.ZIP/LOPIF/X_GETCOL.C
/SOURCE/ARACHNE/SOURCES.ZIP/LOPIF/X_GETIMG.C
/SOURCE/ARACHNE/SOURCES.ZIP/LOPIF/X_GETMOD.C
/SOURCE/ARACHNE/SOURCES.ZIP/LOPIF/X_GETPAL.C
/SOURCE/ARACHNE/SOURCES.ZIP/LOPIF/X_GETPIX.ASM
/SOURCE/ARACHNE/SOURCES.ZIP/LOPIF/X_GETPX.C
/SOURCE/ARACHNE/SOURCES.ZIP/LOPIF/X_GETSIZ.C
/SOURCE/ARACHNE/SOURCES.ZIP/LOPIF/X_GIMG16.ASM
/SOURCE/ARACHNE/SOURCES.ZIP/LOPIF/X_GMAXC.C
/SOURCE/ARACHNE/SOURCES.ZIP/LOPIF/X_IDELIP.C
/SOURCE/ARACHNE/SOURCES.ZIP/LOPIF/X_LINE.C
/SOURCE/ARACHNE/SOURCES.ZIP/LOPIF/X_LOPIF.H
/SOURCE/ARACHNE/SOURCES.ZIP/LOPIF/X_MAP.C
/SOURCE/ARACHNE/SOURCES.ZIP/LOPIF/X_MAX.C
/SOURCE/ARACHNE/SOURCES.ZIP/LOPIF/X_MOD.C
/SOURCE/ARACHNE/SOURCES.ZIP/LOPIF/X_PAL.C
/SOURCE/ARACHNE/SOURCES.ZIP/LOPIF/X_PALEGA.C
/SOURCE/ARACHNE/SOURCES.ZIP/LOPIF/X_PALRET.C
/SOURCE/ARACHNE/SOURCES.ZIP/LOPIF/X_PAL_1.C
/SOURCE/ARACHNE/SOURCES.ZIP/LOPIF/X_PIMG16.ASM
/SOURCE/ARACHNE/SOURCES.ZIP/LOPIF/X_POLY.C
/SOURCE/ARACHNE/SOURCES.ZIP/LOPIF/X_PUTIMG.C
/SOURCE/ARACHNE/SOURCES.ZIP/LOPIF/X_PUTPIX.ASM
/SOURCE/ARACHNE/SOURCES.ZIP/LOPIF/X_PUTX.C
/SOURCE/ARACHNE/SOURCES.ZIP/LOPIF/X_REAVGA.C
/SOURCE/ARACHNE/SOURCES.ZIP/LOPIF/X_RECT.C
/SOURCE/ARACHNE/SOURCES.ZIP/LOPIF/X_RECTS.ASM
/SOURCE/ARACHNE/SOURCES.ZIP/LOPIF/X_SETCOL.C
/SOURCE/ARACHNE/SOURCES.ZIP/LOPIF/X_SETPAT.C
/SOURCE/ARACHNE/SOURCES.ZIP/LOPIF/X_SETZAL.C
/SOURCE/ARACHNE/SOURCES.ZIP/LOPIF/X_STRCMP.C
/SOURCE/ARACHNE/SOURCES.ZIP/LOPIF/X_SVGAR.ASM
/SOURCE/ARACHNE/SOURCES.ZIP/LOPIF/X_SVGAW.ASM
/SOURCE/ARACHNE/SOURCES.ZIP/LOPIF/X_TEXMUJ.C
/SOURCE/ARACHNE/SOURCES.ZIP/LOPIF/X_TEXTXY.C
/SOURCE/ARACHNE/SOURCES.ZIP/LOPIF/X_TOFILE.C
/SOURCE/ARACHNE/SOURCES.ZIP/LOPIF/X_TXATRI.C
/SOURCE/ARACHNE/SOURCES.ZIP/LOPIF/X_TXTGET.C
/SOURCE/ARACHNE/SOURCES.ZIP/LOPIF/X_TXTJST.C
/SOURCE/ARACHNE/SOURCES.ZIP/LOPIF/X_TXTWH.C
/SOURCE/ARACHNE/SOURCES.ZIP/LOPIF/X_VIDXMS.C
/SOURCE/ARACHNE/SOURCES.ZIP/LOPIF/X_VIEW.C
/SOURCE/ARACHNE/SOURCES.ZIP/LOPIF/X_WRTMOD.C
/SOURCE/ARACHNE/SOURCES.ZIP/LOPIF/X_WRTVID.C
/SOURCE/ARACHNE/SOURCES.ZIP/LOPIF/ZBITBYTE.ASM
/SOURCE/ARACHNE/SOURCES.ZIP/LOPIF/ZKUS.C
/SOURCE/ARACHNE/SOURCES.ZIP/LOPIF/Z_GETPIX.C
/SOURCE/ARACHNE/SOURCES.ZIP/LOPIF/Z_PUTPIX.C
/SOURCE/ARACHNE/SOURCES.ZIP/LOPIF/Z_XMSBAR.C
/SOURCE/ARACHNE/SOURCES.ZIP/MAIN.C
/SOURCE/ARACHNE/SOURCES.ZIP/MAIN.H
/SOURCE/ARACHNE/SOURCES.ZIP/MARKEXE.C
/SOURCE/ARACHNE/SOURCES.ZIP/MARKEXE.EXE
/SOURCE/ARACHNE/SOURCES.ZIP/MESSAGES.H
/SOURCE/ARACHNE/SOURCES.ZIP/MIME.C
/SOURCE/ARACHNE/SOURCES.ZIP/MISC.C
/SOURCE/ARACHNE/SOURCES.ZIP/NOKEY.DSK
/SOURCE/ARACHNE/SOURCES.ZIP/NOKEYEXE.BAT
/SOURCE/ARACHNE/SOURCES.ZIP/NOKEY.PRJ
/SOURCE/ARACHNE/SOURCES.ZIP/ONMOUSE.C
/SOURCE/ARACHNE/SOURCES.ZIP/OUTS.C
/SOURCE/ARACHNE/SOURCES.ZIP/PARSECSS.C
/SOURCE/ARACHNE/SOURCES.ZIP/PCKBRD.H
/SOURCE/ARACHNE/SOURCES.ZIP/PICINFO.H
/SOURCE/ARACHNE/SOURCES.ZIP/POPGET.C
/SOURCE/ARACHNE/SOURCES.ZIP/PORTUGAL.H
/SOURCE/ARACHNE/SOURCES.ZIP/POSIX.H
/SOURCE/ARACHNE/SOURCES.ZIP/PRESPALP.C
/SOURCE/ARACHNE/SOURCES.ZIP/PRINT.C
/SOURCE/ARACHNE/SOURCES.ZIP/PROTOCOL.C
/SOURCE/ARACHNE/SOURCES.ZIP/PRTSCR.C
/SOURCE/ARACHNE/SOURCES.ZIP/PS.C
/SOURCE/ARACHNE/SOURCES.ZIP/PUTIKONS.H
/SOURCE/ARACHNE/SOURCES.ZIP/PUTIKONW.C
/SOURCE/ARACHNE/SOURCES.ZIP/RAYER.TXT
/SOURCE/ARACHNE/SOURCES.ZIP/RELEXE.BAT
/SOURCE/ARACHNE/SOURCES.ZIP/SCROLBAR.C
/SOURCE/ARACHNE/SOURCES.ZIP/SCROLBAR.H
/SOURCE/ARACHNE/SOURCES.ZIP/SEARCH.C
/SOURCE/ARACHNE/SOURCES.ZIP/SECURITY/
/SOURCE/ARACHNE/SOURCES.ZIP/SECURITY/ANTIHACK.C
/SOURCE/ARACHNE/SOURCES.ZIP/SECURITY/ANTIHACK.COR
/SOURCE/ARACHNE/SOURCES.ZIP/SECURITY/XCHREG.H
/SOURCE/ARACHNE/SOURCES.ZIP/SELFGFX.C
/SOURCE/ARACHNE/SOURCES.ZIP/SENDMAIL.C
/SOURCE/ARACHNE/SOURCES.ZIP/SHORTNA.C
/SOURCE/ARACHNE/SOURCES.ZIP/SOCK_INI.C
/SOURCE/ARACHNE/SOURCES.ZIP/STATANIM.C
/SOURCE/ARACHNE/SOURCES.ZIP/STR.C
/SOURCE/ARACHNE/SOURCES.ZIP/STR.H
/SOURCE/ARACHNE/SOURCES.ZIP/SVGA.H
/SOURCE/ARACHNE/SOURCES.ZIP/SVGALIB/
/SOURCE/ARACHNE/SOURCES.ZIP/SVGALIB/MAKEFILE
/SOURCE/ARACHNE/SOURCES.ZIP/SVGAOVRL.C
/SOURCE/ARACHNE/SOURCES.ZIP/SVGASTAT.C
/SOURCE/ARACHNE/SOURCES.ZIP/TAGSORT.C
/SOURCE/ARACHNE/SOURCES.ZIP/TCP.H
/SOURCE/ARACHNE/SOURCES.ZIP/TELEMED.H
/SOURCE/ARACHNE/SOURCES.ZIP/TOOLBAR.C
/SOURCE/ARACHNE/SOURCES.ZIP/UIFACE.H
/SOURCE/ARACHNE/SOURCES.ZIP/URL.H
/SOURCE/ARACHNE/SOURCES.ZIP/URLOVRL.C
/SOURCE/ARACHNE/SOURCES.ZIP/URLSTAT.C
/SOURCE/ARACHNE/SOURCES.ZIP/VERSION.C
/SOURCE/ARACHNE/SOURCES.ZIP/V_PUTIMG.C
/SOURCE/ARACHNE/SOURCES.ZIP/V_PUTIMG.H
/SOURCE/ARACHNE/SOURCES.ZIP/WATTCP.H
/SOURCE/ARACHNE/SOURCES.ZIP/WATTCPLG.LIB
/SOURCE/ARACHNE/SOURCES.ZIP/WHEELMOU.C
/SOURCE/ARACHNE/SOURCES.ZIP/XANIMGIF.H
/SOURCE/ARACHNE/SOURCES.ZIP/X_CHAR.C
/SOURCE/ARACHNE/SOURCES.ZIP/X_CHARMA.C
/SOURCE/ARACHNE/SOURCES.ZIP/X_CURSOR.C
/SOURCE/ARACHNE/SOURCES.ZIP/X_FONT.C
/SOURCE/ARACHNE/SOURCES.ZIP/XH_RGBHI.C
/SOURCE/ARACHNE/SOURCES.ZIP/X_LOPIF.H
/SOURCE/ARACHNE/SOURCES.ZIP/X_PAL.C
/SOURCE/ARACHNE/SOURCES.ZIP/X_TEXMUJ.C
/SOURCE/ARACHNE/SOURCES.ZIP/X_TEXT.C
/SOURCE/ARACHNE/SOURCES.ZIP/X_TXTJST.C
/SOURCE/ARACHNE/SOURCES.ZIP/X_TXTWH.C
/SOURCE/ARACHNE/SOURCES.ZIP/ZIP.BAT
