/
/APPINFO/
/APPINFO/BCC.DE
/APPINFO/BCC.FR
/APPINFO/BCC.LSM
/APPINFO/BCC.SV
/APPINFO/BCC.TR
/DEVEL/
/DEVEL/BCC/
/DEVEL/BCC/BIN/
/DEVEL/BCC/BIN/AS86.EXE
/DEVEL/BCC/BIN/BCC.EXE
/DEVEL/BCC/BIN/LD86.EXE
/DEVEL/BCC/BIN/UNPROTO.EXE
/DEVEL/BCC/INCLUDE/
/DEVEL/BCC/INCLUDE/A.OUT
/DEVEL/BCC/INCLUDE/AR.H
/DEVEL/BCC/INCLUDE/ARCH/
/DEVEL/BCC/INCLUDE/ARCH/ERRNO.H
/DEVEL/BCC/INCLUDE/ARCH/IOCTL.H
/DEVEL/BCC/INCLUDE/ARCH/STAT.H
/DEVEL/BCC/INCLUDE/ARCH/TYPES.H
/DEVEL/BCC/INCLUDE/ASM/
/DEVEL/BCC/INCLUDE/ASM/LIMITS.H
/DEVEL/BCC/INCLUDE/ASM/TYPES.H
/DEVEL/BCC/INCLUDE/ASSERT.H
/DEVEL/BCC/INCLUDE/A_OUT.H
/DEVEL/BCC/INCLUDE/BIOS.H
/DEVEL/BCC/INCLUDE/BSD/
/DEVEL/BCC/INCLUDE/BSD/BSD.H
/DEVEL/BCC/INCLUDE/BSD/ERRNO.H
/DEVEL/BCC/INCLUDE/BSD/SGTTY.H
/DEVEL/BCC/INCLUDE/BSD/SIGNAL.H
/DEVEL/BCC/INCLUDE/BSD/STDLIB.H
/DEVEL/BCC/INCLUDE/BSD/SYS/
/DEVEL/BCC/INCLUDE/BSD/SYS/TTYCHARS.H
/DEVEL/BCC/INCLUDE/BSD/TZFILE.H
/DEVEL/BCC/INCLUDE/BSD/UNISTD.H
/DEVEL/BCC/INCLUDE/CONIO.H
/DEVEL/BCC/INCLUDE/CTYPE.H
/DEVEL/BCC/INCLUDE/DIRENT.H
/DEVEL/BCC/INCLUDE/DOS.H
/DEVEL/BCC/INCLUDE/ERRNO.H
/DEVEL/BCC/INCLUDE/FCNTL.H
/DEVEL/BCC/INCLUDE/FEATURES.H
/DEVEL/BCC/INCLUDE/GENERIC/
/DEVEL/BCC/INCLUDE/GENERIC/ERRNO.H
/DEVEL/BCC/INCLUDE/GENERIC/FCNTL.H
/DEVEL/BCC/INCLUDE/GENERIC/TYPES.H
/DEVEL/BCC/INCLUDE/GETOPT.H
/DEVEL/BCC/INCLUDE/GRP.H
/DEVEL/BCC/INCLUDE/LIMITS.H
/DEVEL/BCC/INCLUDE/LINUX/
/DEVEL/BCC/INCLUDE/LINUX/ERRNO.H
/DEVEL/BCC/INCLUDE/LINUX/FCNTL.H
/DEVEL/BCC/INCLUDE/LINUX/IOCTL.H
/DEVEL/BCC/INCLUDE/LINUX/MMAN.H
/DEVEL/BCC/INCLUDE/LINUX/RESOURCE.H
/DEVEL/BCC/INCLUDE/LINUX/STAT.H
/DEVEL/BCC/INCLUDE/LINUX/TERMIOS.H
/DEVEL/BCC/INCLUDE/LINUX/TYPES.H
/DEVEL/BCC/INCLUDE/LINUX/UTSNAME.H
/DEVEL/BCC/INCLUDE/LINUX/VM86.H
/DEVEL/BCC/INCLUDE/LINUXMT/
/DEVEL/BCC/INCLUDE/LINUXMT/ERRNO.H
/DEVEL/BCC/INCLUDE/LINUXMT/FCNTL.H
/DEVEL/BCC/INCLUDE/LINUXMT/IOCTL.H
/DEVEL/BCC/INCLUDE/LINUXMT/RESOURCE.H
/DEVEL/BCC/INCLUDE/LINUXMT/STAT.H
/DEVEL/BCC/INCLUDE/LINUXMT/TERMIOS.H
/DEVEL/BCC/INCLUDE/LINUXMT/TYPES.H
/DEVEL/BCC/INCLUDE/MALLOC.H
/DEVEL/BCC/INCLUDE/MATH.H
/DEVEL/BCC/INCLUDE/MEMORY.H
/DEVEL/BCC/INCLUDE/MSDOS/
/DEVEL/BCC/INCLUDE/MSDOS/ERRNO.H
/DEVEL/BCC/INCLUDE/MSDOS/FCNTL.H
/DEVEL/BCC/INCLUDE/MSDOS/TYPES.H
/DEVEL/BCC/INCLUDE/PATHS.H
/DEVEL/BCC/INCLUDE/PWD.H
/DEVEL/BCC/INCLUDE/REGEXP.H
/DEVEL/BCC/INCLUDE/REGMAGIC.H
/DEVEL/BCC/INCLUDE/SEARCH.H
/DEVEL/BCC/INCLUDE/SETJMP.H
/DEVEL/BCC/INCLUDE/SIGNAL.H
/DEVEL/BCC/INCLUDE/STDARG.H
/DEVEL/BCC/INCLUDE/STDDEF.H
/DEVEL/BCC/INCLUDE/STDIO.H
/DEVEL/BCC/INCLUDE/STDLIB.H
/DEVEL/BCC/INCLUDE/STRING.H
/DEVEL/BCC/INCLUDE/STRINGS.H
/DEVEL/BCC/INCLUDE/SYS/
/DEVEL/BCC/INCLUDE/SYS/CDEFS.H
/DEVEL/BCC/INCLUDE/SYS/ERRNO.H
/DEVEL/BCC/INCLUDE/SYS/FCNTL.H
/DEVEL/BCC/INCLUDE/SYS/FILE.H
/DEVEL/BCC/INCLUDE/SYS/IOCTL.H
/DEVEL/BCC/INCLUDE/SYS/MMAN.H
/DEVEL/BCC/INCLUDE/SYS/PARAM.H
/DEVEL/BCC/INCLUDE/SYS/RESOURCE.H
/DEVEL/BCC/INCLUDE/SYS/SIGNAL.H
/DEVEL/BCC/INCLUDE/SYS/SOCKET.H
/DEVEL/BCC/INCLUDE/SYS/STAT.H
/DEVEL/BCC/INCLUDE/SYS/TIME.H
/DEVEL/BCC/INCLUDE/SYS/TIMES.H
/DEVEL/BCC/INCLUDE/SYS/TYPES.H
/DEVEL/BCC/INCLUDE/SYS/UTSNAME.H
/DEVEL/BCC/INCLUDE/SYS/VM86.H
/DEVEL/BCC/INCLUDE/SYS/WAIT.H
/DEVEL/BCC/INCLUDE/TERMCAP.H
/DEVEL/BCC/INCLUDE/TERMIO.H
/DEVEL/BCC/INCLUDE/TERMIOS.H
/DEVEL/BCC/INCLUDE/TIME.H
/DEVEL/BCC/INCLUDE/UNISTD.H
/DEVEL/BCC/INCLUDE/UTIME.H
/DEVEL/BCC/INCLUDE/UTMP.H
/DEVEL/BCC/INCLUDE/VARARGS.H
/DEVEL/BCC/LIB/
/DEVEL/BCC/LIB/BCC-CC1.EXE
/DEVEL/BCC/LIB/CRT0.O
/DEVEL/BCC/LIB/I386/
/DEVEL/BCC/LIB/I386/CRT0.O
/DEVEL/BCC/LIB/I386/LIBC.A
/DEVEL/BCC/LIB/LIBBSD.A
/DEVEL/BCC/LIB/LIBC.A
/DEVEL/BCC/LIB/LIBC_F.A
/DEVEL/BCC/LIB/LIBC_S.A
/DEVEL/BCC/LIB/LIBDOS.A
/DEVEL/BCC/README.DOS
/DEVEL/BCC/TXT/
/DEVEL/BCC/TXT/AS86.TXT
/DEVEL/BCC/TXT/BCC.TXT
/DEVEL/BCC/TXT/LD86.TXT
/SOURCE/
/SOURCE/BCC/
/SOURCE/BCC/SOURCES.ZIP/
/SOURCE/BCC/SOURCES.ZIP/ar/
/SOURCE/BCC/SOURCES.ZIP/ar/Makefile
/SOURCE/BCC/SOURCES.ZIP/ar/ar.c
/SOURCE/BCC/SOURCES.ZIP/as/
/SOURCE/BCC/SOURCES.ZIP/as/6809/
/SOURCE/BCC/SOURCES.ZIP/as/6809/const.h
/SOURCE/BCC/SOURCES.ZIP/as/Makefile
/SOURCE/BCC/SOURCES.ZIP/as/address.h
/SOURCE/BCC/SOURCES.ZIP/as/align.h
/SOURCE/BCC/SOURCES.ZIP/as/alloc.c
/SOURCE/BCC/SOURCES.ZIP/as/as.c
/SOURCE/BCC/SOURCES.ZIP/as/as86_encap.sh
/SOURCE/BCC/SOURCES.ZIP/as/as86_to_data
/SOURCE/BCC/SOURCES.ZIP/as/asm/
/SOURCE/BCC/SOURCES.ZIP/as/asm/calljmp.asm
/SOURCE/BCC/SOURCES.ZIP/as/asm/ea.asm
/SOURCE/BCC/SOURCES.ZIP/as/asm/each.asm
/SOURCE/BCC/SOURCES.ZIP/as/asm/easlow.as
/SOURCE/BCC/SOURCES.ZIP/as/asm/f.asm
/SOURCE/BCC/SOURCES.ZIP/as/asm/fadd.asm
/SOURCE/BCC/SOURCES.ZIP/as/asm/farcall.asm
/SOURCE/BCC/SOURCES.ZIP/as/asm/group1.asm
/SOURCE/BCC/SOURCES.ZIP/as/asm/group6.asm
/SOURCE/BCC/SOURCES.ZIP/as/asm/group7.asm
/SOURCE/BCC/SOURCES.ZIP/as/asm/imul.asm
/SOURCE/BCC/SOURCES.ZIP/as/asm/incdec.asm
/SOURCE/BCC/SOURCES.ZIP/as/asm/inher.asm
/SOURCE/BCC/SOURCES.ZIP/as/asm/inout.asm
/SOURCE/BCC/SOURCES.ZIP/as/asm/movspec.asm
/SOURCE/BCC/SOURCES.ZIP/as/asm/pushpop.asm
/SOURCE/BCC/SOURCES.ZIP/as/asm/seg.asm
/SOURCE/BCC/SOURCES.ZIP/as/asm/shdouble.asm
/SOURCE/BCC/SOURCES.ZIP/as/asm/shift.asm
/SOURCE/BCC/SOURCES.ZIP/as/asm/summary.as
/SOURCE/BCC/SOURCES.ZIP/as/asm/xchg.asm
/SOURCE/BCC/SOURCES.ZIP/as/assemble.c
/SOURCE/BCC/SOURCES.ZIP/as/bin/
/SOURCE/BCC/SOURCES.ZIP/as/bin/calljmp.bin
/SOURCE/BCC/SOURCES.ZIP/as/bin/ea.bin
/SOURCE/BCC/SOURCES.ZIP/as/bin/each.bin
/SOURCE/BCC/SOURCES.ZIP/as/bin/f.bin
/SOURCE/BCC/SOURCES.ZIP/as/bin/fadd.bin
/SOURCE/BCC/SOURCES.ZIP/as/bin/farcall.bin
/SOURCE/BCC/SOURCES.ZIP/as/bin/group1.bin
/SOURCE/BCC/SOURCES.ZIP/as/bin/group6.bin
/SOURCE/BCC/SOURCES.ZIP/as/bin/group7.bin
/SOURCE/BCC/SOURCES.ZIP/as/bin/imul.bin
/SOURCE/BCC/SOURCES.ZIP/as/bin/incdec.bin
/SOURCE/BCC/SOURCES.ZIP/as/bin/inher.bin
/SOURCE/BCC/SOURCES.ZIP/as/bin/inout.bin
/SOURCE/BCC/SOURCES.ZIP/as/bin/movspec.bin
/SOURCE/BCC/SOURCES.ZIP/as/bin/pushpop.bin
/SOURCE/BCC/SOURCES.ZIP/as/bin/seg.bin
/SOURCE/BCC/SOURCES.ZIP/as/bin/shdouble.bin
/SOURCE/BCC/SOURCES.ZIP/as/bin/shift.bin
/SOURCE/BCC/SOURCES.ZIP/as/bin/xchg.bin
/SOURCE/BCC/SOURCES.ZIP/as/byteord.h
/SOURCE/BCC/SOURCES.ZIP/as/chk
/SOURCE/BCC/SOURCES.ZIP/as/const.h
/SOURCE/BCC/SOURCES.ZIP/as/errors.c
/SOURCE/BCC/SOURCES.ZIP/as/errors.h
/SOURCE/BCC/SOURCES.ZIP/as/express.c
/SOURCE/BCC/SOURCES.ZIP/as/file.h
/SOURCE/BCC/SOURCES.ZIP/as/flag.h
/SOURCE/BCC/SOURCES.ZIP/as/genbin.c
/SOURCE/BCC/SOURCES.ZIP/as/genlist.c
/SOURCE/BCC/SOURCES.ZIP/as/genobj.c
/SOURCE/BCC/SOURCES.ZIP/as/gensym.c
/SOURCE/BCC/SOURCES.ZIP/as/globvar.h
/SOURCE/BCC/SOURCES.ZIP/as/keywords.c
/SOURCE/BCC/SOURCES.ZIP/as/macro.c
/SOURCE/BCC/SOURCES.ZIP/as/macro.h
/SOURCE/BCC/SOURCES.ZIP/as/mops.c
/SOURCE/BCC/SOURCES.ZIP/as/obj1/
/SOURCE/BCC/SOURCES.ZIP/as/obj1/calljmp.obj
/SOURCE/BCC/SOURCES.ZIP/as/obj1/ea.obj
/SOURCE/BCC/SOURCES.ZIP/as/obj1/each.obj
/SOURCE/BCC/SOURCES.ZIP/as/obj1/f.obj
/SOURCE/BCC/SOURCES.ZIP/as/obj1/fadd.obj
/SOURCE/BCC/SOURCES.ZIP/as/obj1/farcall.obj
/SOURCE/BCC/SOURCES.ZIP/as/obj1/group1.obj
/SOURCE/BCC/SOURCES.ZIP/as/obj1/group6.obj
/SOURCE/BCC/SOURCES.ZIP/as/obj1/group7.obj
/SOURCE/BCC/SOURCES.ZIP/as/obj1/imul.obj
/SOURCE/BCC/SOURCES.ZIP/as/obj1/incdec.obj
/SOURCE/BCC/SOURCES.ZIP/as/obj1/inher.obj
/SOURCE/BCC/SOURCES.ZIP/as/obj1/inout.obj
/SOURCE/BCC/SOURCES.ZIP/as/obj1/movspec.obj
/SOURCE/BCC/SOURCES.ZIP/as/obj1/pushpop.obj
/SOURCE/BCC/SOURCES.ZIP/as/obj1/seg.obj
/SOURCE/BCC/SOURCES.ZIP/as/obj1/shdouble.obj
/SOURCE/BCC/SOURCES.ZIP/as/obj1/shift.obj
/SOURCE/BCC/SOURCES.ZIP/as/obj1/xchg.obj
/SOURCE/BCC/SOURCES.ZIP/as/opcode.h
/SOURCE/BCC/SOURCES.ZIP/as/pops.c
/SOURCE/BCC/SOURCES.ZIP/as/proto.h
/SOURCE/BCC/SOURCES.ZIP/as/readsrc.c
/SOURCE/BCC/SOURCES.ZIP/as/scan.c
/SOURCE/BCC/SOURCES.ZIP/as/scan.h
/SOURCE/BCC/SOURCES.ZIP/as/source.h
/SOURCE/BCC/SOURCES.ZIP/as/syshead.h
/SOURCE/BCC/SOURCES.ZIP/as/table.c
/SOURCE/BCC/SOURCES.ZIP/as/type.h
/SOURCE/BCC/SOURCES.ZIP/as/typeconv.c
/SOURCE/BCC/SOURCES.ZIP/bcc/
/SOURCE/BCC/SOURCES.ZIP/bcc/6809/
/SOURCE/BCC/SOURCES.ZIP/bcc/6809/const.h
/SOURCE/BCC/SOURCES.ZIP/bcc/Makefile
/SOURCE/BCC/SOURCES.ZIP/bcc/align.h
/SOURCE/BCC/SOURCES.ZIP/bcc/assign.c
/SOURCE/BCC/SOURCES.ZIP/bcc/bcc-cc1.c
/SOURCE/BCC/SOURCES.ZIP/bcc/bcc.c
/SOURCE/BCC/SOURCES.ZIP/bcc/bcc.doc
/SOURCE/BCC/SOURCES.ZIP/bcc/bcc.h
/SOURCE/BCC/SOURCES.ZIP/bcc/byteord.h
/SOURCE/BCC/SOURCES.ZIP/bcc/codefrag.c
/SOURCE/BCC/SOURCES.ZIP/bcc/condcode.h
/SOURCE/BCC/SOURCES.ZIP/bcc/const.h
/SOURCE/BCC/SOURCES.ZIP/bcc/debug.c
/SOURCE/BCC/SOURCES.ZIP/bcc/declare.c
/SOURCE/BCC/SOURCES.ZIP/bcc/express.c
/SOURCE/BCC/SOURCES.ZIP/bcc/exptree.c
/SOURCE/BCC/SOURCES.ZIP/bcc/floatop.c
/SOURCE/BCC/SOURCES.ZIP/bcc/function.c
/SOURCE/BCC/SOURCES.ZIP/bcc/gencode.c
/SOURCE/BCC/SOURCES.ZIP/bcc/gencode.h
/SOURCE/BCC/SOURCES.ZIP/bcc/genloads.c
/SOURCE/BCC/SOURCES.ZIP/bcc/glogcode.c
/SOURCE/BCC/SOURCES.ZIP/bcc/hardop.c
/SOURCE/BCC/SOURCES.ZIP/bcc/input.c
/SOURCE/BCC/SOURCES.ZIP/bcc/input.h
/SOURCE/BCC/SOURCES.ZIP/bcc/label.c
/SOURCE/BCC/SOURCES.ZIP/bcc/label.h
/SOURCE/BCC/SOURCES.ZIP/bcc/loadexp.c
/SOURCE/BCC/SOURCES.ZIP/bcc/longop.c
/SOURCE/BCC/SOURCES.ZIP/bcc/os.h
/SOURCE/BCC/SOURCES.ZIP/bcc/output.c
/SOURCE/BCC/SOURCES.ZIP/bcc/output.h
/SOURCE/BCC/SOURCES.ZIP/bcc/parse.h
/SOURCE/BCC/SOURCES.ZIP/bcc/preproc.c
/SOURCE/BCC/SOURCES.ZIP/bcc/preserve.c
/SOURCE/BCC/SOURCES.ZIP/bcc/proto.h
/SOURCE/BCC/SOURCES.ZIP/bcc/reg.h
/SOURCE/BCC/SOURCES.ZIP/bcc/sc.h
/SOURCE/BCC/SOURCES.ZIP/bcc/scan.c
/SOURCE/BCC/SOURCES.ZIP/bcc/scan.h
/SOURCE/BCC/SOURCES.ZIP/bcc/sizes.h
/SOURCE/BCC/SOURCES.ZIP/bcc/softop.c
/SOURCE/BCC/SOURCES.ZIP/bcc/state.c
/SOURCE/BCC/SOURCES.ZIP/bcc/sysproto.h
/SOURCE/BCC/SOURCES.ZIP/bcc/table.c
/SOURCE/BCC/SOURCES.ZIP/bcc/table.h
/SOURCE/BCC/SOURCES.ZIP/bcc/type.c
/SOURCE/BCC/SOURCES.ZIP/bcc/type.h
/SOURCE/BCC/SOURCES.ZIP/bcc/types.h
/SOURCE/BCC/SOURCES.ZIP/bin86/
/SOURCE/BCC/SOURCES.ZIP/bin86/ChangeLog
/SOURCE/BCC/SOURCES.ZIP/bin86/Makefile
/SOURCE/BCC/SOURCES.ZIP/bin86/README
/SOURCE/BCC/SOURCES.ZIP/bin86/README-0.4
/SOURCE/BCC/SOURCES.ZIP/bootblocks/
/SOURCE/BCC/SOURCES.ZIP/bootblocks/Makefile
/SOURCE/BCC/SOURCES.ZIP/bootblocks/README
/SOURCE/BCC/SOURCES.ZIP/bootblocks/bb_init1.s
/SOURCE/BCC/SOURCES.ZIP/bootblocks/bb_init2.s
/SOURCE/BCC/SOURCES.ZIP/bootblocks/bb_linux.s
/SOURCE/BCC/SOURCES.ZIP/bootblocks/boot_fpy.s
/SOURCE/BCC/SOURCES.ZIP/bootblocks/buffer.c
/SOURCE/BCC/SOURCES.ZIP/bootblocks/bzimage.c
/SOURCE/BCC/SOURCES.ZIP/bootblocks/commands.c
/SOURCE/BCC/SOURCES.ZIP/bootblocks/fs.c
/SOURCE/BCC/SOURCES.ZIP/bootblocks/fs_dos.c
/SOURCE/BCC/SOURCES.ZIP/bootblocks/fs_min.c
/SOURCE/BCC/SOURCES.ZIP/bootblocks/fs_tar.c
/SOURCE/BCC/SOURCES.ZIP/bootblocks/help.c
/SOURCE/BCC/SOURCES.ZIP/bootblocks/i86_funcs.c
/SOURCE/BCC/SOURCES.ZIP/bootblocks/i86_funcs.h
/SOURCE/BCC/SOURCES.ZIP/bootblocks/killhd.s
/SOURCE/BCC/SOURCES.ZIP/bootblocks/lsys.c
/SOURCE/BCC/SOURCES.ZIP/bootblocks/makeboot.c
/SOURCE/BCC/SOURCES.ZIP/bootblocks/mbr.s
/SOURCE/BCC/SOURCES.ZIP/bootblocks/minix.c
/SOURCE/BCC/SOURCES.ZIP/bootblocks/minix.h
/SOURCE/BCC/SOURCES.ZIP/bootblocks/minix_elks.c
/SOURCE/BCC/SOURCES.ZIP/bootblocks/monitor.c
/SOURCE/BCC/SOURCES.ZIP/bootblocks/monitor.h
/SOURCE/BCC/SOURCES.ZIP/bootblocks/msdos.s
/SOURCE/BCC/SOURCES.ZIP/bootblocks/noboot.s
/SOURCE/BCC/SOURCES.ZIP/bootblocks/readfs.h
/SOURCE/BCC/SOURCES.ZIP/bootblocks/relocate.c
/SOURCE/BCC/SOURCES.ZIP/bootblocks/skip.s
/SOURCE/BCC/SOURCES.ZIP/bootblocks/sysboot.s
/SOURCE/BCC/SOURCES.ZIP/bootblocks/tarboot.s
/SOURCE/BCC/SOURCES.ZIP/bootblocks/unix.c
/SOURCE/BCC/SOURCES.ZIP/bootblocks/zimage.s
/SOURCE/BCC/SOURCES.ZIP/Changes
/SOURCE/BCC/SOURCES.ZIP/Contributors
/SOURCE/BCC/SOURCES.ZIP/copt/
/SOURCE/BCC/SOURCES.ZIP/copt/Makefile
/SOURCE/BCC/SOURCES.ZIP/copt/README
/SOURCE/BCC/SOURCES.ZIP/copt/copt.c
/SOURCE/BCC/SOURCES.ZIP/copt/rules.186
/SOURCE/BCC/SOURCES.ZIP/copt/rules.386
/SOURCE/BCC/SOURCES.ZIP/copt/rules.86
/SOURCE/BCC/SOURCES.ZIP/copt/rules.end
/SOURCE/BCC/SOURCES.ZIP/copt/rules.i
/SOURCE/BCC/SOURCES.ZIP/copt/rules.net
/SOURCE/BCC/SOURCES.ZIP/copt/rules.start
/SOURCE/BCC/SOURCES.ZIP/COPYING
/SOURCE/BCC/SOURCES.ZIP/cpp/
/SOURCE/BCC/SOURCES.ZIP/cpp/Makefile
/SOURCE/BCC/SOURCES.ZIP/cpp/c
/SOURCE/BCC/SOURCES.ZIP/cpp/c.c
/SOURCE/BCC/SOURCES.ZIP/cpp/cc.h
/SOURCE/BCC/SOURCES.ZIP/cpp/cpp.c
/SOURCE/BCC/SOURCES.ZIP/cpp/hash.c
/SOURCE/BCC/SOURCES.ZIP/cpp/main.c
/SOURCE/BCC/SOURCES.ZIP/cpp/q.c
/SOURCE/BCC/SOURCES.ZIP/cpp/token1.c
/SOURCE/BCC/SOURCES.ZIP/cpp/token1.h
/SOURCE/BCC/SOURCES.ZIP/cpp/token1.tok
/SOURCE/BCC/SOURCES.ZIP/cpp/token2.c
/SOURCE/BCC/SOURCES.ZIP/cpp/token2.h
/SOURCE/BCC/SOURCES.ZIP/cpp/token2.tok
/SOURCE/BCC/SOURCES.ZIP/cpp/torture.c
/SOURCE/BCC/SOURCES.ZIP/dis88/
/SOURCE/BCC/SOURCES.ZIP/dis88/Makefile
/SOURCE/BCC/SOURCES.ZIP/dis88/README
/SOURCE/BCC/SOURCES.ZIP/dis88/ansi.h
/SOURCE/BCC/SOURCES.ZIP/dis88/dis.h
/SOURCE/BCC/SOURCES.ZIP/dis88/dis88.1
/SOURCE/BCC/SOURCES.ZIP/dis88/disfp.c
/SOURCE/BCC/SOURCES.ZIP/dis88/dishand.c
/SOURCE/BCC/SOURCES.ZIP/dis88/dismain.c
/SOURCE/BCC/SOURCES.ZIP/dis88/disrel.c
/SOURCE/BCC/SOURCES.ZIP/dis88/distabs.c
/SOURCE/BCC/SOURCES.ZIP/dis88/old_a.out.h
/SOURCE/BCC/SOURCES.ZIP/doselks/
/SOURCE/BCC/SOURCES.ZIP/doselks/Makefile
/SOURCE/BCC/SOURCES.ZIP/doselks/coroutine.c
/SOURCE/BCC/SOURCES.ZIP/doselks/doselks.c
/SOURCE/BCC/SOURCES.ZIP/doselks/doselks.h
/SOURCE/BCC/SOURCES.ZIP/doselks/syscalls.c
/SOURCE/BCC/SOURCES.ZIP/doselks/syscalls.h
/SOURCE/BCC/SOURCES.ZIP/elksemu/
/SOURCE/BCC/SOURCES.ZIP/elksemu/Kernel_patch
/SOURCE/BCC/SOURCES.ZIP/elksemu/Makefile
/SOURCE/BCC/SOURCES.ZIP/elksemu/README
/SOURCE/BCC/SOURCES.ZIP/elksemu/Security
/SOURCE/BCC/SOURCES.ZIP/elksemu/binfmt_elks.c
/SOURCE/BCC/SOURCES.ZIP/elksemu/elks.c
/SOURCE/BCC/SOURCES.ZIP/elksemu/elks.h
/SOURCE/BCC/SOURCES.ZIP/elksemu/elks_signal.c
/SOURCE/BCC/SOURCES.ZIP/elksemu/elks_sys.c
/SOURCE/BCC/SOURCES.ZIP/elksemu/minix.c
/SOURCE/BCC/SOURCES.ZIP/GNUmakefile
/SOURCE/BCC/SOURCES.ZIP/ifdef.c
/SOURCE/BCC/SOURCES.ZIP/ld/
/SOURCE/BCC/SOURCES.ZIP/ld/6809/
/SOURCE/BCC/SOURCES.ZIP/ld/6809/config.h
/SOURCE/BCC/SOURCES.ZIP/ld/Makefile
/SOURCE/BCC/SOURCES.ZIP/ld/align.h
/SOURCE/BCC/SOURCES.ZIP/ld/bindef.h
/SOURCE/BCC/SOURCES.ZIP/ld/byteord.h
/SOURCE/BCC/SOURCES.ZIP/ld/catimage.c
/SOURCE/BCC/SOURCES.ZIP/ld/config.h
/SOURCE/BCC/SOURCES.ZIP/ld/const.h
/SOURCE/BCC/SOURCES.ZIP/ld/dumps.c
/SOURCE/BCC/SOURCES.ZIP/ld/globvar.h
/SOURCE/BCC/SOURCES.ZIP/ld/io.c
/SOURCE/BCC/SOURCES.ZIP/ld/ld.c
/SOURCE/BCC/SOURCES.ZIP/ld/ld86r.c
/SOURCE/BCC/SOURCES.ZIP/ld/linksyms.c
/SOURCE/BCC/SOURCES.ZIP/ld/obj.h
/SOURCE/BCC/SOURCES.ZIP/ld/objchop.c
/SOURCE/BCC/SOURCES.ZIP/ld/objdump86.c
/SOURCE/BCC/SOURCES.ZIP/ld/readobj.c
/SOURCE/BCC/SOURCES.ZIP/ld/rel_aout.h
/SOURCE/BCC/SOURCES.ZIP/ld/syshead.h
/SOURCE/BCC/SOURCES.ZIP/ld/table.c
/SOURCE/BCC/SOURCES.ZIP/ld/type.h
/SOURCE/BCC/SOURCES.ZIP/ld/typeconv.c
/SOURCE/BCC/SOURCES.ZIP/ld/writebin.c
/SOURCE/BCC/SOURCES.ZIP/ld/writerel.c
/SOURCE/BCC/SOURCES.ZIP/ld/writex86.c
/SOURCE/BCC/SOURCES.ZIP/ld/x86_aout.h
/SOURCE/BCC/SOURCES.ZIP/ld/x86_cpm86.h
/SOURCE/BCC/SOURCES.ZIP/libbsd/
/SOURCE/BCC/SOURCES.ZIP/libbsd/Make.defs
/SOURCE/BCC/SOURCES.ZIP/libbsd/Makefile
/SOURCE/BCC/SOURCES.ZIP/libbsd/README
/SOURCE/BCC/SOURCES.ZIP/libbsd/README.HLU
/SOURCE/BCC/SOURCES.ZIP/libbsd/cfsetspeed.c
/SOURCE/BCC/SOURCES.ZIP/libbsd/checkrhosts.c
/SOURCE/BCC/SOURCES.ZIP/libbsd/daemon.c
/SOURCE/BCC/SOURCES.ZIP/libbsd/login_tty.c
/SOURCE/BCC/SOURCES.ZIP/libbsd/logout.c
/SOURCE/BCC/SOURCES.ZIP/libbsd/logwtmp.c
/SOURCE/BCC/SOURCES.ZIP/libbsd/pty.c
/SOURCE/BCC/SOURCES.ZIP/libbsd/revoke.c
/SOURCE/BCC/SOURCES.ZIP/libbsd/setpassent.c
/SOURCE/BCC/SOURCES.ZIP/libbsd/sgtty.c
/SOURCE/BCC/SOURCES.ZIP/libbsd/snprintf.c
/SOURCE/BCC/SOURCES.ZIP/libc/
/SOURCE/BCC/SOURCES.ZIP/libc/COPYING
/SOURCE/BCC/SOURCES.ZIP/libc/Config.dflt
/SOURCE/BCC/SOURCES.ZIP/libc/Config_sh
/SOURCE/BCC/SOURCES.ZIP/libc/KERNEL
/SOURCE/BCC/SOURCES.ZIP/libc/Make.defs
/SOURCE/BCC/SOURCES.ZIP/libc/Makefile
/SOURCE/BCC/SOURCES.ZIP/libc/New_subdir
/SOURCE/BCC/SOURCES.ZIP/libc/Pre_main
/SOURCE/BCC/SOURCES.ZIP/libc/README
/SOURCE/BCC/SOURCES.ZIP/libc/bcc/
/SOURCE/BCC/SOURCES.ZIP/libc/bcc/Config
/SOURCE/BCC/SOURCES.ZIP/libc/bcc/Makefile
/SOURCE/BCC/SOURCES.ZIP/libc/bcc/__ldivmod.c
/SOURCE/BCC/SOURCES.ZIP/libc/bcc/alloca.c
/SOURCE/BCC/SOURCES.ZIP/libc/bcc/bcc_bsw.c
/SOURCE/BCC/SOURCES.ZIP/libc/bcc/bcc_i386.c
/SOURCE/BCC/SOURCES.ZIP/libc/bcc/bcc_int.c
/SOURCE/BCC/SOURCES.ZIP/libc/bcc/bcc_io.c
/SOURCE/BCC/SOURCES.ZIP/libc/bcc/bcc_long.c
/SOURCE/BCC/SOURCES.ZIP/libc/bcc/heap.c
/SOURCE/BCC/SOURCES.ZIP/libc/bcc/ldiv.c
/SOURCE/BCC/SOURCES.ZIP/libc/bios/
/SOURCE/BCC/SOURCES.ZIP/libc/bios/Config
/SOURCE/BCC/SOURCES.ZIP/libc/bios/Makefile
/SOURCE/BCC/SOURCES.ZIP/libc/bios/README
/SOURCE/BCC/SOURCES.ZIP/libc/bios/ansi.c
/SOURCE/BCC/SOURCES.ZIP/libc/bios/bios.c
/SOURCE/BCC/SOURCES.ZIP/libc/bios/bios_disk.c
/SOURCE/BCC/SOURCES.ZIP/libc/bios/bios_min.c
/SOURCE/BCC/SOURCES.ZIP/libc/bios/bios_vid.c
/SOURCE/BCC/SOURCES.ZIP/libc/bios/fileops.c
/SOURCE/BCC/SOURCES.ZIP/libc/bios/fs_dos.c
/SOURCE/BCC/SOURCES.ZIP/libc/bios/io.h
/SOURCE/BCC/SOURCES.ZIP/libc/bios/rawio.c
/SOURCE/BCC/SOURCES.ZIP/libc/bios/rawio.h
/SOURCE/BCC/SOURCES.ZIP/libc/bios/time.c
/SOURCE/BCC/SOURCES.ZIP/libc/bios/vt52.c
/SOURCE/BCC/SOURCES.ZIP/libc/conio/
/SOURCE/BCC/SOURCES.ZIP/libc/conio/Config
/SOURCE/BCC/SOURCES.ZIP/libc/conio/Makefile
/SOURCE/BCC/SOURCES.ZIP/libc/conio/conio.c
/SOURCE/BCC/SOURCES.ZIP/libc/conio/cprintf.c
/SOURCE/BCC/SOURCES.ZIP/libc/crt0.c
/SOURCE/BCC/SOURCES.ZIP/libc/error/
/SOURCE/BCC/SOURCES.ZIP/libc/error/Config
/SOURCE/BCC/SOURCES.ZIP/libc/error/Makefile
/SOURCE/BCC/SOURCES.ZIP/libc/error/README
/SOURCE/BCC/SOURCES.ZIP/libc/error/__assert.c
/SOURCE/BCC/SOURCES.ZIP/libc/error/error.c
/SOURCE/BCC/SOURCES.ZIP/libc/error/liberror.txt
/SOURCE/BCC/SOURCES.ZIP/libc/error/perror.c
/SOURCE/BCC/SOURCES.ZIP/libc/error/sys_errlist.c
/SOURCE/BCC/SOURCES.ZIP/libc/error/sys_siglist.c
/SOURCE/BCC/SOURCES.ZIP/libc/getent/
/SOURCE/BCC/SOURCES.ZIP/libc/getent/Config
/SOURCE/BCC/SOURCES.ZIP/libc/getent/Makefile
/SOURCE/BCC/SOURCES.ZIP/libc/getent/__getgrent.c
/SOURCE/BCC/SOURCES.ZIP/libc/getent/__getpwent.c
/SOURCE/BCC/SOURCES.ZIP/libc/getent/config-grp.h
/SOURCE/BCC/SOURCES.ZIP/libc/getent/config.h
/SOURCE/BCC/SOURCES.ZIP/libc/getent/fgetgrent.c
/SOURCE/BCC/SOURCES.ZIP/libc/getent/fgetpwent.c
/SOURCE/BCC/SOURCES.ZIP/libc/getent/getgrgid.c
/SOURCE/BCC/SOURCES.ZIP/libc/getent/getgrnam.c
/SOURCE/BCC/SOURCES.ZIP/libc/getent/getpw.c
/SOURCE/BCC/SOURCES.ZIP/libc/getent/getpwnam.c
/SOURCE/BCC/SOURCES.ZIP/libc/getent/getpwuid.c
/SOURCE/BCC/SOURCES.ZIP/libc/getent/grent.c
/SOURCE/BCC/SOURCES.ZIP/libc/getent/initgroups.c
/SOURCE/BCC/SOURCES.ZIP/libc/getent/putpwent.c
/SOURCE/BCC/SOURCES.ZIP/libc/getent/pwent.c
/SOURCE/BCC/SOURCES.ZIP/libc/getent/test_grp.c
/SOURCE/BCC/SOURCES.ZIP/libc/getent/test_pwd.c
/SOURCE/BCC/SOURCES.ZIP/libc/getent/utent.c
/SOURCE/BCC/SOURCES.ZIP/libc/gnu_i386/
/SOURCE/BCC/SOURCES.ZIP/libc/gnu_i386/Config
/SOURCE/BCC/SOURCES.ZIP/libc/gnu_i386/Makefile
/SOURCE/BCC/SOURCES.ZIP/libc/gnu_i386/cstartup.s
/SOURCE/BCC/SOURCES.ZIP/libc/gnu_i386/dirent.c
/SOURCE/BCC/SOURCES.ZIP/libc/gnu_i386/exec.c
/SOURCE/BCC/SOURCES.ZIP/libc/gnu_i386/heap.c
/SOURCE/BCC/SOURCES.ZIP/libc/gnu_i386/mksyscall
/SOURCE/BCC/SOURCES.ZIP/libc/gnu_i386/syscall.dat
/SOURCE/BCC/SOURCES.ZIP/libc/gnu_i386/syscall.s
/SOURCE/BCC/SOURCES.ZIP/libc/gtermcap/
/SOURCE/BCC/SOURCES.ZIP/libc/gtermcap/COPYING
/SOURCE/BCC/SOURCES.ZIP/libc/gtermcap/ChangeLog
/SOURCE/BCC/SOURCES.ZIP/libc/gtermcap/Config
/SOURCE/BCC/SOURCES.ZIP/libc/gtermcap/Makefile
/SOURCE/BCC/SOURCES.ZIP/libc/gtermcap/Makefile.old
/SOURCE/BCC/SOURCES.ZIP/libc/gtermcap/NEWS
/SOURCE/BCC/SOURCES.ZIP/libc/gtermcap/README
/SOURCE/BCC/SOURCES.ZIP/libc/gtermcap/termcap.c
/SOURCE/BCC/SOURCES.ZIP/libc/gtermcap/tparam.c
/SOURCE/BCC/SOURCES.ZIP/libc/gtermcap/version.c
/SOURCE/BCC/SOURCES.ZIP/libc/i386fp/
/SOURCE/BCC/SOURCES.ZIP/libc/i386fp/Config
/SOURCE/BCC/SOURCES.ZIP/libc/i386fp/Makefile
/SOURCE/BCC/SOURCES.ZIP/libc/i386fp/bccfp.tex
/SOURCE/BCC/SOURCES.ZIP/libc/i386fp/changes
/SOURCE/BCC/SOURCES.ZIP/libc/i386fp/fabs.x
/SOURCE/BCC/SOURCES.ZIP/libc/i386fp/fadd.x
/SOURCE/BCC/SOURCES.ZIP/libc/i386fp/fcomp.x
/SOURCE/BCC/SOURCES.ZIP/libc/i386fp/fdiv.x
/SOURCE/BCC/SOURCES.ZIP/libc/i386fp/fmul.x
/SOURCE/BCC/SOURCES.ZIP/libc/i386fp/fpbsr.x
/SOURCE/BCC/SOURCES.ZIP/libc/i386fp/fperr.c
/SOURCE/BCC/SOURCES.ZIP/libc/i386fp/fperr.h
/SOURCE/BCC/SOURCES.ZIP/libc/i386fp/fperror.x
/SOURCE/BCC/SOURCES.ZIP/libc/i386fp/fplib.h
/SOURCE/BCC/SOURCES.ZIP/libc/i386fp/fptoi.x
/SOURCE/BCC/SOURCES.ZIP/libc/i386fp/fpulld.x
/SOURCE/BCC/SOURCES.ZIP/libc/i386fp/fpullf.x
/SOURCE/BCC/SOURCES.ZIP/libc/i386fp/fpushd.x
/SOURCE/BCC/SOURCES.ZIP/libc/i386fp/fpushf.x
/SOURCE/BCC/SOURCES.ZIP/libc/i386fp/fpushi.x
/SOURCE/BCC/SOURCES.ZIP/libc/i386fp/frexp.x
/SOURCE/BCC/SOURCES.ZIP/libc/i386fp/ftst.x
/SOURCE/BCC/SOURCES.ZIP/libc/i386fp/ldexp.x
/SOURCE/BCC/SOURCES.ZIP/libc/i386fp/modf.c
/SOURCE/BCC/SOURCES.ZIP/libc/i386fp/test.c
/SOURCE/BCC/SOURCES.ZIP/libc/i386sys/
/SOURCE/BCC/SOURCES.ZIP/libc/i386sys/Config
/SOURCE/BCC/SOURCES.ZIP/libc/i386sys/Makefile
/SOURCE/BCC/SOURCES.ZIP/libc/i386sys/cstartup.c
/SOURCE/BCC/SOURCES.ZIP/libc/i386sys/dirent.c
/SOURCE/BCC/SOURCES.ZIP/libc/i386sys/exec.c
/SOURCE/BCC/SOURCES.ZIP/libc/i386sys/mksyscall
/SOURCE/BCC/SOURCES.ZIP/libc/i386sys/syscall.dat
/SOURCE/BCC/SOURCES.ZIP/libc/include/
/SOURCE/BCC/SOURCES.ZIP/libc/include/a.out.h
/SOURCE/BCC/SOURCES.ZIP/libc/include/ar.h
/SOURCE/BCC/SOURCES.ZIP/libc/include/asm/
/SOURCE/BCC/SOURCES.ZIP/libc/include/asm/limits.h
/SOURCE/BCC/SOURCES.ZIP/libc/include/asm/types.h
/SOURCE/BCC/SOURCES.ZIP/libc/include/assert.h
/SOURCE/BCC/SOURCES.ZIP/libc/include/bios.h
/SOURCE/BCC/SOURCES.ZIP/libc/include/bsd/
/SOURCE/BCC/SOURCES.ZIP/libc/include/bsd/bsd.h
/SOURCE/BCC/SOURCES.ZIP/libc/include/bsd/errno.h
/SOURCE/BCC/SOURCES.ZIP/libc/include/bsd/sgtty.h
/SOURCE/BCC/SOURCES.ZIP/libc/include/bsd/signal.h
/SOURCE/BCC/SOURCES.ZIP/libc/include/bsd/stdlib.h
/SOURCE/BCC/SOURCES.ZIP/libc/include/bsd/sys/
/SOURCE/BCC/SOURCES.ZIP/libc/include/bsd/sys/ttychars.h
/SOURCE/BCC/SOURCES.ZIP/libc/include/bsd/tzfile.h
/SOURCE/BCC/SOURCES.ZIP/libc/include/bsd/unistd.h
/SOURCE/BCC/SOURCES.ZIP/libc/include/conio.h
/SOURCE/BCC/SOURCES.ZIP/libc/include/ctype.h
/SOURCE/BCC/SOURCES.ZIP/libc/include/dirent.h
/SOURCE/BCC/SOURCES.ZIP/libc/include/dos.h
/SOURCE/BCC/SOURCES.ZIP/libc/include/errno.h
/SOURCE/BCC/SOURCES.ZIP/libc/include/fcntl.h
/SOURCE/BCC/SOURCES.ZIP/libc/include/features.h
/SOURCE/BCC/SOURCES.ZIP/libc/include/generic/
/SOURCE/BCC/SOURCES.ZIP/libc/include/generic/errno.h
/SOURCE/BCC/SOURCES.ZIP/libc/include/generic/fcntl.h
/SOURCE/BCC/SOURCES.ZIP/libc/include/generic/types.h
/SOURCE/BCC/SOURCES.ZIP/libc/include/getopt.h
/SOURCE/BCC/SOURCES.ZIP/libc/include/grp.h
/SOURCE/BCC/SOURCES.ZIP/libc/include/limits.h
/SOURCE/BCC/SOURCES.ZIP/libc/include/linux/
/SOURCE/BCC/SOURCES.ZIP/libc/include/linux/errno.h
/SOURCE/BCC/SOURCES.ZIP/libc/include/linux/fcntl.h
/SOURCE/BCC/SOURCES.ZIP/libc/include/linux/ioctl.h
/SOURCE/BCC/SOURCES.ZIP/libc/include/linux/mman.h
/SOURCE/BCC/SOURCES.ZIP/libc/include/linux/resource.h
/SOURCE/BCC/SOURCES.ZIP/libc/include/linux/stat.h
/SOURCE/BCC/SOURCES.ZIP/libc/include/linux/termios.h
/SOURCE/BCC/SOURCES.ZIP/libc/include/linux/types.h
/SOURCE/BCC/SOURCES.ZIP/libc/include/linux/utsname.h
/SOURCE/BCC/SOURCES.ZIP/libc/include/linux/vm86.h
/SOURCE/BCC/SOURCES.ZIP/libc/include/malloc.h
/SOURCE/BCC/SOURCES.ZIP/libc/include/math.h
/SOURCE/BCC/SOURCES.ZIP/libc/include/memory.h
/SOURCE/BCC/SOURCES.ZIP/libc/include/msdos/
/SOURCE/BCC/SOURCES.ZIP/libc/include/msdos/errno.h
/SOURCE/BCC/SOURCES.ZIP/libc/include/msdos/fcntl.h
/SOURCE/BCC/SOURCES.ZIP/libc/include/msdos/types.h
/SOURCE/BCC/SOURCES.ZIP/libc/include/paths.h
/SOURCE/BCC/SOURCES.ZIP/libc/include/pwd.h
/SOURCE/BCC/SOURCES.ZIP/libc/include/regexp.h
/SOURCE/BCC/SOURCES.ZIP/libc/include/regmagic.h
/SOURCE/BCC/SOURCES.ZIP/libc/include/search.h
/SOURCE/BCC/SOURCES.ZIP/libc/include/setjmp.h
/SOURCE/BCC/SOURCES.ZIP/libc/include/signal.h
/SOURCE/BCC/SOURCES.ZIP/libc/include/stdarg.h
/SOURCE/BCC/SOURCES.ZIP/libc/include/stddef.h
/SOURCE/BCC/SOURCES.ZIP/libc/include/stdlib.h
/SOURCE/BCC/SOURCES.ZIP/libc/include/string.h
/SOURCE/BCC/SOURCES.ZIP/libc/include/strings.h
/SOURCE/BCC/SOURCES.ZIP/libc/include/sys/
/SOURCE/BCC/SOURCES.ZIP/libc/include/sys/cdefs.h
/SOURCE/BCC/SOURCES.ZIP/libc/include/sys/errno.h
/SOURCE/BCC/SOURCES.ZIP/libc/include/sys/fcntl.h
/SOURCE/BCC/SOURCES.ZIP/libc/include/sys/file.h
/SOURCE/BCC/SOURCES.ZIP/libc/include/sys/ioctl.h
/SOURCE/BCC/SOURCES.ZIP/libc/include/sys/mman.h
/SOURCE/BCC/SOURCES.ZIP/libc/include/sys/param.h
/SOURCE/BCC/SOURCES.ZIP/libc/include/sys/resource.h
/SOURCE/BCC/SOURCES.ZIP/libc/include/sys/signal.h
/SOURCE/BCC/SOURCES.ZIP/libc/include/sys/socket.h
/SOURCE/BCC/SOURCES.ZIP/libc/include/sys/stat.h
/SOURCE/BCC/SOURCES.ZIP/libc/include/sys/time.h
/SOURCE/BCC/SOURCES.ZIP/libc/include/sys/times.h
/SOURCE/BCC/SOURCES.ZIP/libc/include/sys/types.h
/SOURCE/BCC/SOURCES.ZIP/libc/include/sys/utsname.h
/SOURCE/BCC/SOURCES.ZIP/libc/include/sys/vm86.h
/SOURCE/BCC/SOURCES.ZIP/libc/include/sys/wait.h
/SOURCE/BCC/SOURCES.ZIP/libc/include/termcap.h
/SOURCE/BCC/SOURCES.ZIP/libc/include/termio.h
/SOURCE/BCC/SOURCES.ZIP/libc/include/termios.h
/SOURCE/BCC/SOURCES.ZIP/libc/include/time.h
/SOURCE/BCC/SOURCES.ZIP/libc/include/unistd.h
/SOURCE/BCC/SOURCES.ZIP/libc/include/utime.h
/SOURCE/BCC/SOURCES.ZIP/libc/include/utmp.h
/SOURCE/BCC/SOURCES.ZIP/libc/include/varargs.h
/SOURCE/BCC/SOURCES.ZIP/libc/kinclude/
/SOURCE/BCC/SOURCES.ZIP/libc/kinclude/Config
/SOURCE/BCC/SOURCES.ZIP/libc/kinclude/Makefile
/SOURCE/BCC/SOURCES.ZIP/libc/kinclude/arch/
/SOURCE/BCC/SOURCES.ZIP/libc/kinclude/arch/errno.h
/SOURCE/BCC/SOURCES.ZIP/libc/kinclude/arch/ioctl.h
/SOURCE/BCC/SOURCES.ZIP/libc/kinclude/arch/stat.h
/SOURCE/BCC/SOURCES.ZIP/libc/kinclude/arch/types.h
/SOURCE/BCC/SOURCES.ZIP/libc/kinclude/linuxmt/
/SOURCE/BCC/SOURCES.ZIP/libc/kinclude/linuxmt/errno.h
/SOURCE/BCC/SOURCES.ZIP/libc/kinclude/linuxmt/fcntl.h
/SOURCE/BCC/SOURCES.ZIP/libc/kinclude/linuxmt/ioctl.h
/SOURCE/BCC/SOURCES.ZIP/libc/kinclude/linuxmt/resource.h
/SOURCE/BCC/SOURCES.ZIP/libc/kinclude/linuxmt/stat.h
/SOURCE/BCC/SOURCES.ZIP/libc/kinclude/linuxmt/termios.h
/SOURCE/BCC/SOURCES.ZIP/libc/kinclude/linuxmt/types.h
/SOURCE/BCC/SOURCES.ZIP/libc/malloc/
/SOURCE/BCC/SOURCES.ZIP/libc/malloc/Config
/SOURCE/BCC/SOURCES.ZIP/libc/malloc/Makefile
/SOURCE/BCC/SOURCES.ZIP/libc/malloc/README
/SOURCE/BCC/SOURCES.ZIP/libc/malloc/malloc.c
/SOURCE/BCC/SOURCES.ZIP/libc/malloc/malloc.h
/SOURCE/BCC/SOURCES.ZIP/libc/misc/
/SOURCE/BCC/SOURCES.ZIP/libc/misc/Config
/SOURCE/BCC/SOURCES.ZIP/libc/misc/Makefile
/SOURCE/BCC/SOURCES.ZIP/libc/misc/aliases.c
/SOURCE/BCC/SOURCES.ZIP/libc/misc/atexit.c
/SOURCE/BCC/SOURCES.ZIP/libc/misc/atoi.c
/SOURCE/BCC/SOURCES.ZIP/libc/misc/atol.c
/SOURCE/BCC/SOURCES.ZIP/libc/misc/bsearch.c
/SOURCE/BCC/SOURCES.ZIP/libc/misc/cputype.c
/SOURCE/BCC/SOURCES.ZIP/libc/misc/crypt.c
/SOURCE/BCC/SOURCES.ZIP/libc/misc/ctype.c
/SOURCE/BCC/SOURCES.ZIP/libc/misc/ctypefn.c
/SOURCE/BCC/SOURCES.ZIP/libc/misc/getcwd.c
/SOURCE/BCC/SOURCES.ZIP/libc/misc/getenv.c
/SOURCE/BCC/SOURCES.ZIP/libc/misc/getopt.c
/SOURCE/BCC/SOURCES.ZIP/libc/misc/itoa.c
/SOURCE/BCC/SOURCES.ZIP/libc/misc/lsearch.c
/SOURCE/BCC/SOURCES.ZIP/libc/misc/ltoa.c
/SOURCE/BCC/SOURCES.ZIP/libc/misc/ltostr.c
/SOURCE/BCC/SOURCES.ZIP/libc/misc/popen.c
/SOURCE/BCC/SOURCES.ZIP/libc/misc/putenv.c
/SOURCE/BCC/SOURCES.ZIP/libc/misc/qsort.c
/SOURCE/BCC/SOURCES.ZIP/libc/misc/rand.c
/SOURCE/BCC/SOURCES.ZIP/libc/misc/setenv.c
/SOURCE/BCC/SOURCES.ZIP/libc/misc/strtod.c
/SOURCE/BCC/SOURCES.ZIP/libc/misc/strtol.c
/SOURCE/BCC/SOURCES.ZIP/libc/misc/syslib.c
/SOURCE/BCC/SOURCES.ZIP/libc/misc/system.c
/SOURCE/BCC/SOURCES.ZIP/libc/misc/tmpnam.c
/SOURCE/BCC/SOURCES.ZIP/libc/msdos/
/SOURCE/BCC/SOURCES.ZIP/libc/msdos/Config
/SOURCE/BCC/SOURCES.ZIP/libc/msdos/Makefile
/SOURCE/BCC/SOURCES.ZIP/libc/msdos/Notes
/SOURCE/BCC/SOURCES.ZIP/libc/msdos/TODO
/SOURCE/BCC/SOURCES.ZIP/libc/msdos/dirent.c
/SOURCE/BCC/SOURCES.ZIP/libc/msdos/dosound.c
/SOURCE/BCC/SOURCES.ZIP/libc/msdos/i86.c
/SOURCE/BCC/SOURCES.ZIP/libc/msdos/intr.c
/SOURCE/BCC/SOURCES.ZIP/libc/msdos/msdos.c
/SOURCE/BCC/SOURCES.ZIP/libc/msdos/mslib.c
/SOURCE/BCC/SOURCES.ZIP/libc/msdos/new86.c
/SOURCE/BCC/SOURCES.ZIP/libc/msdos/sound.c
/SOURCE/BCC/SOURCES.ZIP/libc/msdos/time.c
/SOURCE/BCC/SOURCES.ZIP/libc/regexp/
/SOURCE/BCC/SOURCES.ZIP/libc/regexp/Config
/SOURCE/BCC/SOURCES.ZIP/libc/regexp/Makefile
/SOURCE/BCC/SOURCES.ZIP/libc/regexp/Makefile.org
/SOURCE/BCC/SOURCES.ZIP/libc/regexp/README
/SOURCE/BCC/SOURCES.ZIP/libc/regexp/README.rdb
/SOURCE/BCC/SOURCES.ZIP/libc/regexp/patch.1
/SOURCE/BCC/SOURCES.ZIP/libc/regexp/patch.2
/SOURCE/BCC/SOURCES.ZIP/libc/regexp/patch.3
/SOURCE/BCC/SOURCES.ZIP/libc/regexp/patch.4
/SOURCE/BCC/SOURCES.ZIP/libc/regexp/regerror.c
/SOURCE/BCC/SOURCES.ZIP/libc/regexp/regexp.3
/SOURCE/BCC/SOURCES.ZIP/libc/regexp/regexp.c
/SOURCE/BCC/SOURCES.ZIP/libc/regexp/regexp.h
/SOURCE/BCC/SOURCES.ZIP/libc/regexp/regmagic.h
/SOURCE/BCC/SOURCES.ZIP/libc/regexp/regsub.c
/SOURCE/BCC/SOURCES.ZIP/libc/regexp/tests
/SOURCE/BCC/SOURCES.ZIP/libc/regexp/timer.c
/SOURCE/BCC/SOURCES.ZIP/libc/regexp/try.c
/SOURCE/BCC/SOURCES.ZIP/libc/stdio/
/SOURCE/BCC/SOURCES.ZIP/libc/stdio/Config
/SOURCE/BCC/SOURCES.ZIP/libc/stdio/Makefile
/SOURCE/BCC/SOURCES.ZIP/libc/stdio/printf.c
/SOURCE/BCC/SOURCES.ZIP/libc/stdio/scanf.c
/SOURCE/BCC/SOURCES.ZIP/libc/stdio/stdio.c
/SOURCE/BCC/SOURCES.ZIP/libc/stdio/stdio.h
/SOURCE/BCC/SOURCES.ZIP/libc/string/
/SOURCE/BCC/SOURCES.ZIP/libc/string/Config
/SOURCE/BCC/SOURCES.ZIP/libc/string/Makefile
/SOURCE/BCC/SOURCES.ZIP/libc/string/strcasecmp.c
/SOURCE/BCC/SOURCES.ZIP/libc/string/strcspn.c
/SOURCE/BCC/SOURCES.ZIP/libc/string/string.c
/SOURCE/BCC/SOURCES.ZIP/libc/string/string.h
/SOURCE/BCC/SOURCES.ZIP/libc/string/strncasecmp.c
/SOURCE/BCC/SOURCES.ZIP/libc/string/strpbrk.c
/SOURCE/BCC/SOURCES.ZIP/libc/string/strsep.c
/SOURCE/BCC/SOURCES.ZIP/libc/string/strspn.c
/SOURCE/BCC/SOURCES.ZIP/libc/string/strstr.c
/SOURCE/BCC/SOURCES.ZIP/libc/string/strtok.c
/SOURCE/BCC/SOURCES.ZIP/libc/syscall/
/SOURCE/BCC/SOURCES.ZIP/libc/syscall/Config
/SOURCE/BCC/SOURCES.ZIP/libc/syscall/Makefile
/SOURCE/BCC/SOURCES.ZIP/libc/syscall/TODO
/SOURCE/BCC/SOURCES.ZIP/libc/syscall/dirent.c
/SOURCE/BCC/SOURCES.ZIP/libc/syscall/exec.c
/SOURCE/BCC/SOURCES.ZIP/libc/syscall/mkentry.sh
/SOURCE/BCC/SOURCES.ZIP/libc/syscall/mksyscall
/SOURCE/BCC/SOURCES.ZIP/libc/syscall/setjmp.c
/SOURCE/BCC/SOURCES.ZIP/libc/syscall/signal.c
/SOURCE/BCC/SOURCES.ZIP/libc/syscall/syscall.dev86
/SOURCE/BCC/SOURCES.ZIP/libc/syscall/syscall.dev86.old
/SOURCE/BCC/SOURCES.ZIP/libc/syscall/syslib0.c
/SOURCE/BCC/SOURCES.ZIP/libc/termios/
/SOURCE/BCC/SOURCES.ZIP/libc/termios/Config
/SOURCE/BCC/SOURCES.ZIP/libc/termios/Makefile
/SOURCE/BCC/SOURCES.ZIP/libc/termios/README
/SOURCE/BCC/SOURCES.ZIP/libc/termios/termios.c
/SOURCE/BCC/SOURCES.ZIP/libc/termios/ttyname.c
/SOURCE/BCC/SOURCES.ZIP/libc/time/
/SOURCE/BCC/SOURCES.ZIP/libc/time/Config
/SOURCE/BCC/SOURCES.ZIP/libc/time/Makefile
/SOURCE/BCC/SOURCES.ZIP/libc/time/README
/SOURCE/BCC/SOURCES.ZIP/libc/time/asc_conv.c
/SOURCE/BCC/SOURCES.ZIP/libc/time/asctime.c
/SOURCE/BCC/SOURCES.ZIP/libc/time/ctime.c
/SOURCE/BCC/SOURCES.ZIP/libc/time/gmtime.c
/SOURCE/BCC/SOURCES.ZIP/libc/time/localtime.c
/SOURCE/BCC/SOURCES.ZIP/libc/time/tm_conv.c
/SOURCE/BCC/SOURCES.ZIP/libcompat
/SOURCE/BCC/SOURCES.ZIP/MAGIC
/SOURCE/BCC/SOURCES.ZIP/Makefile
/SOURCE/BCC/SOURCES.ZIP/makefile.in
/SOURCE/BCC/SOURCES.ZIP/man/
/SOURCE/BCC/SOURCES.ZIP/man/Makefile
/SOURCE/BCC/SOURCES.ZIP/man/as86.1
/SOURCE/BCC/SOURCES.ZIP/man/bcc.1
/SOURCE/BCC/SOURCES.ZIP/man/elks.1
/SOURCE/BCC/SOURCES.ZIP/man/elksemu.1
/SOURCE/BCC/SOURCES.ZIP/man/ld86.1
/SOURCE/BCC/SOURCES.ZIP/mkcompile
/SOURCE/BCC/SOURCES.ZIP/Mk_dist
/SOURCE/BCC/SOURCES.ZIP/README
/SOURCE/BCC/SOURCES.ZIP/tests/
/SOURCE/BCC/SOURCES.ZIP/tests/Makefile
/SOURCE/BCC/SOURCES.ZIP/tests/README
/SOURCE/BCC/SOURCES.ZIP/tests/a.out
/SOURCE/BCC/SOURCES.ZIP/tests/compr.c
/SOURCE/BCC/SOURCES.ZIP/tests/env.c
/SOURCE/BCC/SOURCES.ZIP/tests/ft.c
/SOURCE/BCC/SOURCES.ZIP/tests/grab.c
/SOURCE/BCC/SOURCES.ZIP/tests/hd.c
/SOURCE/BCC/SOURCES.ZIP/tests/line2.c
/SOURCE/BCC/SOURCES.ZIP/tests/lines.c
/SOURCE/BCC/SOURCES.ZIP/tests/ouch.c
/SOURCE/BCC/SOURCES.ZIP/tests/rand.c
/SOURCE/BCC/SOURCES.ZIP/tests/sync.c
/SOURCE/BCC/SOURCES.ZIP/tests/ucomp.c
/SOURCE/BCC/SOURCES.ZIP/tests/wc.c
/SOURCE/BCC/SOURCES.ZIP/unproto/
/SOURCE/BCC/SOURCES.ZIP/unproto/Makefile
/SOURCE/BCC/SOURCES.ZIP/unproto/Makefile.old
/SOURCE/BCC/SOURCES.ZIP/unproto/README
/SOURCE/BCC/SOURCES.ZIP/unproto/Sharheader
/SOURCE/BCC/SOURCES.ZIP/unproto/acc.sh
/SOURCE/BCC/SOURCES.ZIP/unproto/cpp.sh
/SOURCE/BCC/SOURCES.ZIP/unproto/error.c
/SOURCE/BCC/SOURCES.ZIP/unproto/error.h
/SOURCE/BCC/SOURCES.ZIP/unproto/example.c
/SOURCE/BCC/SOURCES.ZIP/unproto/example.out
/SOURCE/BCC/SOURCES.ZIP/unproto/hash.c
/SOURCE/BCC/SOURCES.ZIP/unproto/stdarg.h
/SOURCE/BCC/SOURCES.ZIP/unproto/stddef.h
/SOURCE/BCC/SOURCES.ZIP/unproto/stdlib.h
/SOURCE/BCC/SOURCES.ZIP/unproto/strsave.c
/SOURCE/BCC/SOURCES.ZIP/unproto/symbol.c
/SOURCE/BCC/SOURCES.ZIP/unproto/symbol.h
/SOURCE/BCC/SOURCES.ZIP/unproto/tok_class.c
/SOURCE/BCC/SOURCES.ZIP/unproto/tok_io.c
/SOURCE/BCC/SOURCES.ZIP/unproto/tok_pool.c
/SOURCE/BCC/SOURCES.ZIP/unproto/token.h
/SOURCE/BCC/SOURCES.ZIP/unproto/unproto.1
/SOURCE/BCC/SOURCES.ZIP/unproto/unproto.bat
/SOURCE/BCC/SOURCES.ZIP/unproto/unproto.c
/SOURCE/BCC/SOURCES.ZIP/unproto/unproto.c.old
/SOURCE/BCC/SOURCES.ZIP/unproto/varargs.c
/SOURCE/BCC/SOURCES.ZIP/unproto/vstring.c
/SOURCE/BCC/SOURCES.ZIP/unproto/vstring.h
