/
/APPINFO/
/APPINFO/BLKDROP.FR
/APPINFO/BLKDROP.LSM
/APPINFO/BLKDROP.TR
/BATLINKS/
/BATLINKS/BLKDROP.BAT
/GAMES/
/GAMES/BLKDROP/
/GAMES/BLKDROP/BLKDROP.EXE
/GAMES/BLKDROP/README.DE
/GAMES/BLKDROP/README.FR
/GAMES/BLKDROP/README.TR
/GAMES/BLKDROP/README.TXT
/SOURCE/
/SOURCE/BLKDROP/
/SOURCE/BLKDROP/SOURCES.ZIP/
/SOURCE/BLKDROP/SOURCES.ZIP/BLKDROP/
/SOURCE/BLKDROP/SOURCES.ZIP/BLKDROP/BLKDROP.DE
/SOURCE/BLKDROP/SOURCES.ZIP/BLKDROP/BLKDROP.EN
/SOURCE/BLKDROP/SOURCES.ZIP/BLKDROP/BLKDROP.FR
/SOURCE/BLKDROP/SOURCES.ZIP/BLKDROP/BLKDROP.TR
/SOURCE/BLKDROP/SOURCES.ZIP/BLKDROP/BLOCK000.IGG
/SOURCE/BLKDROP/SOURCES.ZIP/BLKDROP/BLOCK001.IGG
/SOURCE/BLKDROP/SOURCES.ZIP/BLKDROP/BLOCK002.IGG
/SOURCE/BLKDROP/SOURCES.ZIP/BLKDROP/BLOCK003.IGG
/SOURCE/BLKDROP/SOURCES.ZIP/BLKDROP/BLOCK004.IGG
/SOURCE/BLKDROP/SOURCES.ZIP/BLKDROP/BLOCK005.IGG
/SOURCE/BLKDROP/SOURCES.ZIP/BLKDROP/BLOCK006.IGG
/SOURCE/BLKDROP/SOURCES.ZIP/BLKDROP/BLOCK007.IGG
/SOURCE/BLKDROP/SOURCES.ZIP/BLKDROP/BLOCK008.IGG
/SOURCE/BLKDROP/SOURCES.ZIP/BLKDROP/BLOCK009.IGG
/SOURCE/BLKDROP/SOURCES.ZIP/BLKDROP/BLOCK010.IGG
/SOURCE/BLKDROP/SOURCES.ZIP/BLKDROP/BLOCK011.IGG
/SOURCE/BLKDROP/SOURCES.ZIP/BLKDROP/BLOCK012.IGG
/SOURCE/BLKDROP/SOURCES.ZIP/BLKDROP/BLOCK013.IGG
/SOURCE/BLKDROP/SOURCES.ZIP/BLKDROP/BLOCK014.IGG
/SOURCE/BLKDROP/SOURCES.ZIP/BLKDROP/BLOCK015.IGG
/SOURCE/BLKDROP/SOURCES.ZIP/BLKDROP/BLOCK016.IGG
/SOURCE/BLKDROP/SOURCES.ZIP/BLKDROP/BLOCK017.IGG
/SOURCE/BLKDROP/SOURCES.ZIP/BLKDROP/BLOCK018.IGG
/SOURCE/BLKDROP/SOURCES.ZIP/BLKDROP/BLOCK019.IGG
/SOURCE/BLKDROP/SOURCES.ZIP/BLKDROP/BLOCK020.IGG
/SOURCE/BLKDROP/SOURCES.ZIP/BLKDROP/BLOCK021.IGG
/SOURCE/BLKDROP/SOURCES.ZIP/BLKDROP/BLOCK022.IGG
/SOURCE/BLKDROP/SOURCES.ZIP/BLKDROP/BLOCK023.IGG
/SOURCE/BLKDROP/SOURCES.ZIP/BLKDROP/BLOCK024.IGG
/SOURCE/BLKDROP/SOURCES.ZIP/BLKDROP/BLOCK025.IGG
/SOURCE/BLKDROP/SOURCES.ZIP/BLKDROP/BLOCK026.IGG
/SOURCE/BLKDROP/SOURCES.ZIP/BLKDROP/BLOCK027.IGG
/SOURCE/BLKDROP/SOURCES.ZIP/BLKDROP/BLOCK028.IGG
/SOURCE/BLKDROP/SOURCES.ZIP/BLKDROP/BLOCK029.IGG
/SOURCE/BLKDROP/SOURCES.ZIP/BLKDROP/BLOCK030.IGG
/SOURCE/BLKDROP/SOURCES.ZIP/BLKDROP/BLOCK031.IGG
/SOURCE/BLKDROP/SOURCES.ZIP/BLKDROP/BLOCK032.IGG
/SOURCE/BLKDROP/SOURCES.ZIP/BLKDROP/BLOCK033.IGG
/SOURCE/BLKDROP/SOURCES.ZIP/BLKDROP/BLOCK034.IGG
/SOURCE/BLKDROP/SOURCES.ZIP/BLKDROP/BLOCK035.IGG
/SOURCE/BLKDROP/SOURCES.ZIP/BLKDROP/BLOCK036.IGG
/SOURCE/BLKDROP/SOURCES.ZIP/BLKDROP/FONTS/
/SOURCE/BLKDROP/SOURCES.ZIP/BLKDROP/FONTS/1012N-EN.FNT
/SOURCE/BLKDROP/SOURCES.ZIP/BLKDROP/FONTS/1012N-FR.FNT
/SOURCE/BLKDROP/SOURCES.ZIP/BLKDROP/FONTS/1012N-TR.FNT
/SOURCE/BLKDROP/SOURCES.ZIP/BLKDROP/FRAME000.IGG
/SOURCE/BLKDROP/SOURCES.ZIP/BLKDROP/FRAME001.IGG
/SOURCE/BLKDROP/SOURCES.ZIP/BLKDROP/FRAME002.IGG
/SOURCE/BLKDROP/SOURCES.ZIP/BLKDROP/GOODBYE.DE
/SOURCE/BLKDROP/SOURCES.ZIP/BLKDROP/GOODBYE.EN
/SOURCE/BLKDROP/SOURCES.ZIP/BLKDROP/GOODBYE.ES
/SOURCE/BLKDROP/SOURCES.ZIP/BLKDROP/GOODBYE.FR
/SOURCE/BLKDROP/SOURCES.ZIP/BLKDROP/GOODBYE.RU
/SOURCE/BLKDROP/SOURCES.ZIP/BLKDROP/GOODBYE.TR
/SOURCE/BLKDROP/SOURCES.ZIP/BLKDROP/HELPTXT.DE
/SOURCE/BLKDROP/SOURCES.ZIP/BLKDROP/HELPTXT.EN
/SOURCE/BLKDROP/SOURCES.ZIP/BLKDROP/HELPTXT.FR
/SOURCE/BLKDROP/SOURCES.ZIP/BLKDROP/HELPTXT.TR
/SOURCE/BLKDROP/SOURCES.ZIP/BLKDROP/PBDE160.IGG
/SOURCE/BLKDROP/SOURCES.ZIP/BLKDROP/POFD160.IGG
/SOURCE/BLKDROP/SOURCES.ZIP/BLKDROP/SPLAT160.IGG
/SOURCE/BLKDROP/SOURCES.ZIP/BLKDROP.LSM
/SOURCE/BLKDROP/SOURCES.ZIP/BLKDROP.PAS
/SOURCE/BLKDROP/SOURCES.ZIP/BUILD.BAT
/SOURCE/BLKDROP/SOURCES.ZIP/CHANGELOG
/SOURCE/BLKDROP/SOURCES.ZIP/INTRO.INC
/SOURCE/BLKDROP/SOURCES.ZIP/LICENSE
/SOURCE/BLKDROP/SOURCES.ZIP/README.md
