/
/APPINFO/
/APPINFO/BMP2PNG.DE
/APPINFO/BMP2PNG.FR
/APPINFO/BMP2PNG.LSM
/APPINFO/BMP2PNG.SV
/APPINFO/BMP2PNG.TR
/BIN/
/BIN/BMP2PNG.EXE
/BIN/PNG2BMP.EXE
/DOC/
/DOC/BMP2PNG/
/DOC/BMP2PNG/README
/SOURCE/
/SOURCE/BMP2PNG/
/SOURCE/BMP2PNG/SOURCES.ZIP/
/SOURCE/BMP2PNG/SOURCES.ZIP/BMP2PNG/
/SOURCE/BMP2PNG/SOURCES.ZIP/BMP2PNG/BMP2PNG.C
/SOURCE/BMP2PNG/SOURCES.ZIP/BMP2PNG/BMP2PNG.DSP
/SOURCE/BMP2PNG/SOURCES.ZIP/BMP2PNG/BMPHED.H
/SOURCE/BMP2PNG/SOURCES.ZIP/BMP2PNG/COMMON.C
/SOURCE/BMP2PNG/SOURCES.ZIP/BMP2PNG/COMMON.H
/SOURCE/BMP2PNG/SOURCES.ZIP/BMP2PNG/MAKEFILE.BCC
/SOURCE/BMP2PNG/SOURCES.ZIP/BMP2PNG/MAKEFILE.DJ2
/SOURCE/BMP2PNG/SOURCES.ZIP/BMP2PNG/MAKEFILE.LIN
/SOURCE/BMP2PNG/SOURCES.ZIP/BMP2PNG/PNG2BMP.C
/SOURCE/BMP2PNG/SOURCES.ZIP/BMP2PNG/PNG2BMP.DSP
/SOURCE/BMP2PNG/SOURCES.ZIP/BMP2PNG.DSW
/SOURCE/BMP2PNG/SOURCES.ZIP/LIBPNG/
/SOURCE/BMP2PNG/SOURCES.ZIP/LIBPNG/IPNGEX.DIF
/SOURCE/BMP2PNG/SOURCES.ZIP/LIBPNG/LIBPNG.DSP
/SOURCE/BMP2PNG/SOURCES.ZIP/LIBPNG/MAKEFILE.BCC
/SOURCE/BMP2PNG/SOURCES.ZIP/LIBPNG/MAKEFILE.DJ2
/SOURCE/BMP2PNG/SOURCES.ZIP/LIBPNG/PNGUSR.H
/SOURCE/BMP2PNG/SOURCES.ZIP/MAKEFILE.BCC
/SOURCE/BMP2PNG/SOURCES.ZIP/MAKEFILE.DJ2
/SOURCE/BMP2PNG/SOURCES.ZIP/README
/SOURCE/BMP2PNG/SOURCES.ZIP/ZLIB/
/SOURCE/BMP2PNG/SOURCES.ZIP/ZLIB/MAKEFILE.BCC
/SOURCE/BMP2PNG/SOURCES.ZIP/ZLIB/MAKEFILE.DJ2
/SOURCE/BMP2PNG/SOURCES.ZIP/ZLIB/VER11X/
/SOURCE/BMP2PNG/SOURCES.ZIP/ZLIB/VER11X/MAKEFILE.BCC
/SOURCE/BMP2PNG/SOURCES.ZIP/ZLIB/VER11X/MAKEFILE.DJ2
/SOURCE/BMP2PNG/SOURCES.ZIP/ZLIB/VER11X/ZLIB.DSP
/SOURCE/BMP2PNG/SOURCES.ZIP/ZLIB/ZLIB.DSP
