/
/APPINFO/
/APPINFO/BOLITARE.DE
/APPINFO/BOLITARE.FR
/APPINFO/BOLITARE.LSM
/APPINFO/BOLITARE.SV
/APPINFO/BOLITARE.TR
/GAMES/
/GAMES/BOLITARE/
/GAMES/BOLITARE/BG/
/GAMES/BOLITARE/BG/ALL-GOOD.JPG
/GAMES/BOLITARE/BG/ANCIENT_.JPG
/GAMES/BOLITARE/BG/APPROPRI.JPG
/GAMES/BOLITARE/BG/BAIZE.JPG
/GAMES/BOLITARE/BG/BLKMARBL.JPG
/GAMES/BOLITARE/BG/BLUEGREE.JPG
/GAMES/BOLITARE/BG/BLUE_ANG.JPG
/GAMES/BOLITARE/BG/CHEQUERE.JPG
/GAMES/BOLITARE/BG/CIRCUIT.JPG
/GAMES/BOLITARE/BG/FADE_BLU.JPG
/GAMES/BOLITARE/BG/FADE_GRE.JPG
/GAMES/BOLITARE/BG/FADE_RED.JPG
/GAMES/BOLITARE/BG/FOGGY1.JPG
/GAMES/BOLITARE/BG/GAMMI.JPG
/GAMES/BOLITARE/BG/GOLD_CRI.JPG
/GAMES/BOLITARE/BG/MARBLE01.JPG
/GAMES/BOLITARE/BG/NO-ONES-.JPG
/GAMES/BOLITARE/BG/NOSTALGY.JPG
/GAMES/BOLITARE/BG/OLIVE_FO.JPG
/GAMES/BOLITARE/BG/ORANGE_O.JPG
/GAMES/BOLITARE/BG/PALE_SAT.JPG
/GAMES/BOLITARE/BG/PAPER01.JPG
/GAMES/BOLITARE/BG/PLANNING.JPG
/GAMES/BOLITARE/BG/PRPBUMPS.JPG
/GAMES/BOLITARE/BG/RAINBOW.JPG
/GAMES/BOLITARE/BG/SUNDAY_B.JPG
/GAMES/BOLITARE/BG/SUPERFLU.JPG
/GAMES/BOLITARE/BG/THE-GOOD.JPG
/GAMES/BOLITARE/BG/TIME-FOR.JPG
/GAMES/BOLITARE/BG/TOTALLY-.JPG
/GAMES/BOLITARE/BG/VEGETATI.JPG
/GAMES/BOLITARE/BG/WON-TON-.JPG
/GAMES/BOLITARE/BOLITARE.EXE
/GAMES/BOLITARE/BUG_REP.TXT
/GAMES/BOLITARE/CONFIG.TXT
/GAMES/BOLITARE/CREDITS.TXT
/GAMES/BOLITARE/DATA.DAT
/GAMES/BOLITARE/FAQ.TXT
/GAMES/BOLITARE/MPLAYER/
/GAMES/BOLITARE/MPLAYER/MPDATA.DAT
/GAMES/BOLITARE/READ1ST.TXT
/GAMES/BOLITARE/RELEASE.TXT
/GAMES/BOLITARE/TODO.TXT
/SOURCE/
/SOURCE/BOLITARE/
/SOURCE/BOLITARE/SOURCES.ZIP/
/SOURCE/BOLITARE/SOURCES.ZIP/ALMP3.C
/SOURCE/BOLITARE/SOURCES.ZIP/BG/
/SOURCE/BOLITARE/SOURCES.ZIP/BG/ALL-GOOD.JPG
/SOURCE/BOLITARE/SOURCES.ZIP/BG/ANCIENT_.JPG
/SOURCE/BOLITARE/SOURCES.ZIP/BG/APPROPRI.JPG
/SOURCE/BOLITARE/SOURCES.ZIP/BG/BAIZE.JPG
/SOURCE/BOLITARE/SOURCES.ZIP/BG/BLKMARBL.JPG
/SOURCE/BOLITARE/SOURCES.ZIP/BG/BLUEGREE.JPG
/SOURCE/BOLITARE/SOURCES.ZIP/BG/BLUE_ANG.JPG
/SOURCE/BOLITARE/SOURCES.ZIP/BG/CHEQUERE.JPG
/SOURCE/BOLITARE/SOURCES.ZIP/BG/CIRCUIT.JPG
/SOURCE/BOLITARE/SOURCES.ZIP/BG/FADE_BLU.JPG
/SOURCE/BOLITARE/SOURCES.ZIP/BG/FADE_GRE.JPG
/SOURCE/BOLITARE/SOURCES.ZIP/BG/FADE_RED.JPG
/SOURCE/BOLITARE/SOURCES.ZIP/BG/FOGGY1.JPG
/SOURCE/BOLITARE/SOURCES.ZIP/BG/GAMMI.JPG
/SOURCE/BOLITARE/SOURCES.ZIP/BG/GOLD_CRI.JPG
/SOURCE/BOLITARE/SOURCES.ZIP/BG/MARBLE01.JPG
/SOURCE/BOLITARE/SOURCES.ZIP/BG/NO-ONES-.JPG
/SOURCE/BOLITARE/SOURCES.ZIP/BG/NOSTALGY.JPG
/SOURCE/BOLITARE/SOURCES.ZIP/BG/OLIVE_FO.JPG
/SOURCE/BOLITARE/SOURCES.ZIP/BG/ORANGE_O.JPG
/SOURCE/BOLITARE/SOURCES.ZIP/BG/PALE_SAT.JPG
/SOURCE/BOLITARE/SOURCES.ZIP/BG/PAPER01.JPG
/SOURCE/BOLITARE/SOURCES.ZIP/BG/PLANNING.JPG
/SOURCE/BOLITARE/SOURCES.ZIP/BG/PRPBUMPS.JPG
/SOURCE/BOLITARE/SOURCES.ZIP/BG/RAINBOW.JPG
/SOURCE/BOLITARE/SOURCES.ZIP/BG/SUNDAY_B.JPG
/SOURCE/BOLITARE/SOURCES.ZIP/BG/SUPERFLU.JPG
/SOURCE/BOLITARE/SOURCES.ZIP/BG/THE-GOOD.JPG
/SOURCE/BOLITARE/SOURCES.ZIP/BG/TIME-FOR.JPG
/SOURCE/BOLITARE/SOURCES.ZIP/BG/TOTALLY-.JPG
/SOURCE/BOLITARE/SOURCES.ZIP/BG/VEGETATI.JPG
/SOURCE/BOLITARE/SOURCES.ZIP/BG/WON-TON-.JPG
/SOURCE/BOLITARE/SOURCES.ZIP/BOL.H
/SOURCE/BOLITARE/SOURCES.ZIP/BOLITAIR.ICO
/SOURCE/BOLITARE/SOURCES.ZIP/BROWSER.C
/SOURCE/BOLITARE/SOURCES.ZIP/CONFIG.TXT
/SOURCE/BOLITARE/SOURCES.ZIP/DATA.DAT
/SOURCE/BOLITARE/SOURCES.ZIP/DATA.H
/SOURCE/BOLITARE/SOURCES.ZIP/DRIVER.C
/SOURCE/BOLITARE/SOURCES.ZIP/FUNCTIO2.C
/SOURCE/BOLITARE/SOURCES.ZIP/FUNCTIO3.C
/SOURCE/BOLITARE/SOURCES.ZIP/FUNCTIO4.C
/SOURCE/BOLITARE/SOURCES.ZIP/FUNCTION.C
/SOURCE/BOLITARE/SOURCES.ZIP/GPL.TXT
/SOURCE/BOLITARE/SOURCES.ZIP/MAIN.C
/SOURCE/BOLITARE/SOURCES.ZIP/MORE_ABO/
/SOURCE/BOLITARE/SOURCES.ZIP/MORE_ABO/GPL-FAQ.HTM
/SOURCE/BOLITARE/SOURCES.ZIP/MORE_ABO/GPL-FAQ_/
/SOURCE/BOLITARE/SOURCES.ZIP/MORE_ABO/GPL-FAQ_/GNU-HEAD.JPG
/SOURCE/BOLITARE/SOURCES.ZIP/MORE_ABO/GPL-FAQ_/GNU.CSS
/SOURCE/BOLITARE/SOURCES.ZIP/MORE_ABO/GPL-VIOL.HTM
/SOURCE/BOLITARE/SOURCES.ZIP/MORE_ABO/GPL-VIOL/
/SOURCE/BOLITARE/SOURCES.ZIP/MORE_ABO/GPL-VIOL/GNU.CSS
/SOURCE/BOLITARE/SOURCES.ZIP/MORE_ABO/GPL-VIOL/PHILOSOP.JPG
/SOURCE/BOLITARE/SOURCES.ZIP/MPLAYER/
/SOURCE/BOLITARE/SOURCES.ZIP/MPLAYER/MPDATA.DAT
/SOURCE/BOLITARE/SOURCES.ZIP/README.TXT
/SOURCE/BOLITARE/SOURCES.ZIP/SOME_TEX/
/SOURCE/BOLITARE/SOURCES.ZIP/SOME_TEX/COMMON_B.TXT
/SOURCE/BOLITARE/SOURCES.ZIP/SOME_TEX/CREDITS.TXT
/SOURCE/BOLITARE/SOURCES.ZIP/SOME_TEX/FAQ.TXT
/SOURCE/BOLITARE/SOURCES.ZIP/SOME_TEX/READ1ST.TXT
/SOURCE/BOLITARE/SOURCES.ZIP/SOME_TEX/RELEASE_.TXT
/SOURCE/BOLITARE/SOURCES.ZIP/SOME_TEX/TODO.TXT
