/
/APPINFO/
/APPINFO/CABEXT.DE
/APPINFO/CABEXT.FR
/APPINFO/CABEXT.LSM
/APPINFO/CABEXT.SV
/APPINFO/CABEXT.TR
/BIN/
/BIN/CABEXT.EXE
/BIN/CABINFO.EXE
/DOC/
/DOC/CABEXT/
/DOC/CABEXT/AUTHORS
/DOC/CABEXT/CABEXTRA.TXT
/DOC/CABEXT/CHANGELO
/DOC/CABEXT/COPYING
/DOC/CABEXT/NEWS
/DOC/CABEXT/README
/DOC/CABEXT/TODO
/SOURCE/
/SOURCE/CABEXT/
/SOURCE/CABEXT/SOURCES.ZIP/
/SOURCE/CABEXT/SOURCES.ZIP/cabextract-1.8/
/SOURCE/CABEXT/SOURCES.ZIP/cabextract-1.8/AUTHORS
/SOURCE/CABEXT/SOURCES.ZIP/cabextract-1.8/COPYING
/SOURCE/CABEXT/SOURCES.ZIP/cabextract-1.8/ChangeLog
/SOURCE/CABEXT/SOURCES.ZIP/cabextract-1.8/INSTALL
/SOURCE/CABEXT/SOURCES.ZIP/cabextract-1.8/Makefile.am
/SOURCE/CABEXT/SOURCES.ZIP/cabextract-1.8/Makefile.in
/SOURCE/CABEXT/SOURCES.ZIP/cabextract-1.8/NEWS
/SOURCE/CABEXT/SOURCES.ZIP/cabextract-1.8/README
/SOURCE/CABEXT/SOURCES.ZIP/cabextract-1.8/TODO
/SOURCE/CABEXT/SOURCES.ZIP/cabextract-1.8/acinclude.m4
/SOURCE/CABEXT/SOURCES.ZIP/cabextract-1.8/aclocal.m4
/SOURCE/CABEXT/SOURCES.ZIP/cabextract-1.8/ar-lib
/SOURCE/CABEXT/SOURCES.ZIP/cabextract-1.8/cabextract.spec
/SOURCE/CABEXT/SOURCES.ZIP/cabextract-1.8/cabextract.spec.in
/SOURCE/CABEXT/SOURCES.ZIP/cabextract-1.8/compile
/SOURCE/CABEXT/SOURCES.ZIP/cabextract-1.8/config.guess
/SOURCE/CABEXT/SOURCES.ZIP/cabextract-1.8/config.h.in
/SOURCE/CABEXT/SOURCES.ZIP/cabextract-1.8/config.rpath
/SOURCE/CABEXT/SOURCES.ZIP/cabextract-1.8/config.sub
/SOURCE/CABEXT/SOURCES.ZIP/cabextract-1.8/configure
/SOURCE/CABEXT/SOURCES.ZIP/cabextract-1.8/configure.ac
/SOURCE/CABEXT/SOURCES.ZIP/cabextract-1.8/doc/
/SOURCE/CABEXT/SOURCES.ZIP/cabextract-1.8/doc/cabextract.1
/SOURCE/CABEXT/SOURCES.ZIP/cabextract-1.8/doc/ja/
/SOURCE/CABEXT/SOURCES.ZIP/cabextract-1.8/doc/ja/cabextract.1
/SOURCE/CABEXT/SOURCES.ZIP/cabextract-1.8/doc/magic
/SOURCE/CABEXT/SOURCES.ZIP/cabextract-1.8/doc/wince_cab_format.html
/SOURCE/CABEXT/SOURCES.ZIP/cabextract-1.8/dos/
/SOURCE/CABEXT/SOURCES.ZIP/cabextract-1.8/dos/_watcom.bat
/SOURCE/CABEXT/SOURCES.ZIP/cabextract-1.8/dos/config.h
/SOURCE/CABEXT/SOURCES.ZIP/cabextract-1.8/fnmatch.c
/SOURCE/CABEXT/SOURCES.ZIP/cabextract-1.8/fnmatch_.h
/SOURCE/CABEXT/SOURCES.ZIP/cabextract-1.8/getopt.c
/SOURCE/CABEXT/SOURCES.ZIP/cabextract-1.8/getopt.h
/SOURCE/CABEXT/SOURCES.ZIP/cabextract-1.8/getopt1.c
/SOURCE/CABEXT/SOURCES.ZIP/cabextract-1.8/install-sh
/SOURCE/CABEXT/SOURCES.ZIP/cabextract-1.8/md5.c
/SOURCE/CABEXT/SOURCES.ZIP/cabextract-1.8/md5.h
/SOURCE/CABEXT/SOURCES.ZIP/cabextract-1.8/missing
/SOURCE/CABEXT/SOURCES.ZIP/cabextract-1.8/mspack/
/SOURCE/CABEXT/SOURCES.ZIP/cabextract-1.8/mspack/ChangeLog
/SOURCE/CABEXT/SOURCES.ZIP/cabextract-1.8/mspack/cab.h
/SOURCE/CABEXT/SOURCES.ZIP/cabextract-1.8/mspack/cabd.c
/SOURCE/CABEXT/SOURCES.ZIP/cabextract-1.8/mspack/lzx.h
/SOURCE/CABEXT/SOURCES.ZIP/cabextract-1.8/mspack/lzxd.c
/SOURCE/CABEXT/SOURCES.ZIP/cabextract-1.8/mspack/mspack.h
/SOURCE/CABEXT/SOURCES.ZIP/cabextract-1.8/mspack/mszip.h
/SOURCE/CABEXT/SOURCES.ZIP/cabextract-1.8/mspack/mszipd.c
/SOURCE/CABEXT/SOURCES.ZIP/cabextract-1.8/mspack/qtm.h
/SOURCE/CABEXT/SOURCES.ZIP/cabextract-1.8/mspack/qtmd.c
/SOURCE/CABEXT/SOURCES.ZIP/cabextract-1.8/mspack/readbits.h
/SOURCE/CABEXT/SOURCES.ZIP/cabextract-1.8/mspack/readhuff.h
/SOURCE/CABEXT/SOURCES.ZIP/cabextract-1.8/mspack/system.c
/SOURCE/CABEXT/SOURCES.ZIP/cabextract-1.8/mspack/system.h
/SOURCE/CABEXT/SOURCES.ZIP/cabextract-1.8/src/
/SOURCE/CABEXT/SOURCES.ZIP/cabextract-1.8/src/cabextract.c
/SOURCE/CABEXT/SOURCES.ZIP/cabextract-1.8/src/cabinfo.c
/SOURCE/CABEXT/SOURCES.ZIP/cabextract-1.8/src/cabsplit
/SOURCE/CABEXT/SOURCES.ZIP/cabextract-1.8/src/wince_info
/SOURCE/CABEXT/SOURCES.ZIP/cabextract-1.8/src/wince_rename
/SOURCE/CABEXT/SOURCES.ZIP/cabextract-1.8.diff
/SOURCE/CABEXT/SOURCES.ZIP/README.DOS
