/
/APPINFO/
/APPINFO/CDP.DE
/APPINFO/CDP.FR
/APPINFO/CDP.LSM
/APPINFO/CDP.SV
/APPINFO/CDP.TR
/SOUND/
/SOUND/CDP/
/SOUND/CDP/DEUTSCH/
/SOUND/CDP/DEUTSCH/CDP.COM
/SOUND/CDP/DEUTSCH/CDP.MAN
/SOUND/CDP/DEUTSCH/CDP.TXT
/SOUND/CDP/DEUTSCH/CDP_INST.COM
/SOUND/CDP/DEUTSCH/CDP_INST.MAN
/SOUND/CDP/DEUTSCH/CDP_INST.TXT
/SOUND/CDP/DEUTSCH/CHANGES
/SOUND/CDP/DEUTSCH/FILES
/SOUND/CDP/ENGLISH/
/SOUND/CDP/ENGLISH/CDP.COM
/SOUND/CDP/ENGLISH/CDP.MAN
/SOUND/CDP/ENGLISH/CDP.TXT
/SOUND/CDP/ENGLISH/CDP_INST.COM
/SOUND/CDP/ENGLISH/CDP_INST.MAN
/SOUND/CDP/ENGLISH/CDP_INST.TXT
/SOUND/CDP/ENGLISH/CHANGES
/SOUND/CDP/ENGLISH/FILES
/SOUND/CDP/FILE_ID.DIZ
/SOUND/CDP/README.TXT
