/
/APPINFO/
/APPINFO/CDRCACHE.DE
/APPINFO/CDRCACHE.FR
/APPINFO/CDRCACHE.LSM
/APPINFO/CDRCACHE.SV
/APPINFO/CDRCACHE.TR
/BIN/
/BIN/CDRCACHE.SYS
/DOC/
/DOC/CDRCACHE/
/DOC/CDRCACHE/CDRCACHE.TXT
/DOC/CDRCACHE/HISTORY.TXT
/SOURCE/
/SOURCE/CDRCACHE/
/SOURCE/CDRCACHE/SOURCES.ZIP/
/SOURCE/CDRCACHE/SOURCES.ZIP/BINSEL2.ASM
/SOURCE/CDRCACHE/SOURCES.ZIP/BINSEL2.TXT
/SOURCE/CDRCACHE/SOURCES.ZIP/BINSEL.ASM
/SOURCE/CDRCACHE/SOURCES.ZIP/CDRCACHE.ASM
/SOURCE/CDRCACHE/SOURCES.ZIP/CMDLINE.ASM
/SOURCE/CDRCACHE/SOURCES.ZIP/DATAHEAD.ASM
/SOURCE/CDRCACHE/SOURCES.ZIP/DISCLAIM.TXT
/SOURCE/CDRCACHE/SOURCES.ZIP/DISPATCH.ASM
/SOURCE/CDRCACHE/SOURCES.ZIP/MAKEFILE.BAT
/SOURCE/CDRCACHE/SOURCES.ZIP/MAKEFILE.SH
/SOURCE/CDRCACHE/SOURCES.ZIP/MEEPDISP.ASM
/SOURCE/CDRCACHE/SOURCES.ZIP/READ.ASM
/SOURCE/CDRCACHE/SOURCES.ZIP/SETUP.ASM
/SOURCE/CDRCACHE/SOURCES.ZIP/USERINT.ASM
/SOURCE/CDRCACHE/SOURCES.ZIP/WRITE.ASM
/SOURCE/CDRCACHE/SOURCES.ZIP/XMSCOPY.ASM
