/
/APPINFO/
/APPINFO/DN2.DE
/APPINFO/DN2.FR
/APPINFO/DN2.LSM
/APPINFO/DN2.SV
/APPINFO/DN2.TR
/APPS/
/APPS/DN2/
/APPS/DN2/COLORS/
/APPS/DN2/COLORS/B&W.PAL
/APPS/DN2/COLORS/DARK.PAL
/APPS/DN2/COLORS/DEFAULT.PAL
/APPS/DN2/COLORS/JAROSLAW.PAL
/APPS/DN2/COLORS/MONO.PAL
/APPS/DN2/COLORS/NORTON.PAL
/APPS/DN2/COLORS/STRELOK.PAL
/APPS/DN2/COLORS/VAX.PAL
/APPS/DN2/DESCRIPT.ION
/APPS/DN2/DN.COM
/APPS/DN2/DN.FLG
/APPS/DN2/DN.INI
/APPS/DN2/DN.PRG
/APPS/DN2/DOC/
/APPS/DN2/DOC/ENGLISH/
/APPS/DN2/DOC/ENGLISH/DNINI.TXT
/APPS/DN2/DOC/ENGLISH/NEWS210.TXT
/APPS/DN2/DOC/ENGLISH/NEWS211.TXT
/APPS/DN2/DOC/ENGLISH/NEWS212.TXT
/APPS/DN2/DOC/ENGLISH/NEWS214.TXT
/APPS/DN2/DOC/RUSSIAN/
/APPS/DN2/DOC/RUSSIAN/DNINI.TXT
/APPS/DN2/DOC/RUSSIAN/NEWS208.TXT
/APPS/DN2/DOC/RUSSIAN/NEWS209.TXT
/APPS/DN2/DOC/RUSSIAN/NEWS209D.TXT
/APPS/DN2/DOC/RUSSIAN/NEWS210.TXT
/APPS/DN2/DOC/RUSSIAN/NEWS210D.TXT
/APPS/DN2/DOC/RUSSIAN/NEWS211.TXT
/APPS/DN2/DOC/RUSSIAN/NEWS211D.TXT
/APPS/DN2/DOC/RUSSIAN/NEWS212.TXT
/APPS/DN2/DOC/RUSSIAN/NEWS212D.TXT
/APPS/DN2/DOC/RUSSIAN/NEWS213.TXT
/APPS/DN2/DOC/RUSSIAN/NEWS213D.TXT
/APPS/DN2/DOC/RUSSIAN/NEWS214.TXT
/APPS/DN2/ENGLISH.DLG
/APPS/DN2/ENGLISH.HLP
/APPS/DN2/ENGLISH.LNG
/APPS/DN2/FILE_ID.DIZ
/APPS/DN2/RUSSIAN.DLG
/APPS/DN2/RUSSIAN.HLP
/APPS/DN2/RUSSIAN.LNG
/APPS/DN2/UKRAIN.DLG
/APPS/DN2/UKRAIN.HLP
/APPS/DN2/UKRAIN.LNG
/APPS/DN2/XLT/
/APPS/DN2/XLT/CRAZY1.XLT
/APPS/DN2/XLT/DESCRIPT.ION
/APPS/DN2/XLT/KOI8-R.XLT
/APPS/DN2/XLT/RU441.XLT
/APPS/DN2/XLT/SORT866.XLT
/APPS/DN2/XLT/UNI_RUS.XLT
/APPS/DN2/XLT/WIN866R.XLT
/SOURCE/
/SOURCE/DN2/
/SOURCE/DN2/SOURCES.ZIP/
/SOURCE/DN2/SOURCES.ZIP/ADVANCE1.PAS
/SOURCE/DN2/SOURCES.ZIP/ADVANCE2.PAS
/SOURCE/DN2/SOURCES.ZIP/ADVANCE3.PAS
/SOURCE/DN2/SOURCES.ZIP/ADVANCE4.PAS
/SOURCE/DN2/SOURCES.ZIP/ADVANCE6.PAS
/SOURCE/DN2/SOURCES.ZIP/ADVANCE7.PAS
/SOURCE/DN2/SOURCES.ZIP/ADVANCE.PAS
/SOURCE/DN2/SOURCES.ZIP/_APPS.PAS
/SOURCE/DN2/SOURCES.ZIP/ARC_7Z.PAS
/SOURCE/DN2/SOURCES.ZIP/ARC_ACE.PAS
/SOURCE/DN2/SOURCES.ZIP/ARC_AIN.PAS
/SOURCE/DN2/SOURCES.ZIP/ARC_ARC.PAS
/SOURCE/DN2/SOURCES.ZIP/ARC_BS2.PAS
/SOURCE/DN2/SOURCES.ZIP/ARC_BSA.PAS
/SOURCE/DN2/SOURCES.ZIP/ARC_BZ2.PAS
/SOURCE/DN2/SOURCES.ZIP/ARC_CAB.PAS
/SOURCE/DN2/SOURCES.ZIP/ARC_CHZ.PAS
/SOURCE/DN2/SOURCES.ZIP/ARC_HA.PAS
/SOURCE/DN2/SOURCES.ZIP/ARC_HAP.PAS
/SOURCE/DN2/SOURCES.ZIP/ARCHDET.PAS
/SOURCE/DN2/SOURCES.ZIP/ARCHIVER.PAS
/SOURCE/DN2/SOURCES.ZIP/ARC_HPK.PAS
/SOURCE/DN2/SOURCES.ZIP/ARCHREAD.PAS
/SOURCE/DN2/SOURCES.ZIP/ARCHSET.PAS
/SOURCE/DN2/SOURCES.ZIP/ARC_HYP.PAS
/SOURCE/DN2/SOURCES.ZIP/ARC_IS3.PAS
/SOURCE/DN2/SOURCES.ZIP/ARC_LHA.PAS
/SOURCE/DN2/SOURCES.ZIP/ARC_LIM.PAS
/SOURCE/DN2/SOURCES.ZIP/ARC_QRK.PAS
/SOURCE/DN2/SOURCES.ZIP/ARC_RAR.PAS
/SOURCE/DN2/SOURCES.ZIP/ARC_SQZ.PAS
/SOURCE/DN2/SOURCES.ZIP/ARC_TAR.PAS
/SOURCE/DN2/SOURCES.ZIP/ARC_TGZ.PAS
/SOURCE/DN2/SOURCES.ZIP/ARC_UC2.PAS
/SOURCE/DN2/SOURCES.ZIP/ARC_UFA.PAS
/SOURCE/DN2/SOURCES.ZIP/ARCVIEW.PAS
/SOURCE/DN2/SOURCES.ZIP/ARC_ZIP.PAS
/SOURCE/DN2/SOURCES.ZIP/ARC_ZOO.PAS
/SOURCE/DN2/SOURCES.ZIP/ARC_ZXZ.PAS
/SOURCE/DN2/SOURCES.ZIP/ARVIDAVT.PAS
/SOURCE/DN2/SOURCES.ZIP/ARVID.PAS
/SOURCE/DN2/SOURCES.ZIP/ARVIDTDR.PAS
/SOURCE/DN2/SOURCES.ZIP/ASCIITAB.PAS
/SOURCE/DN2/SOURCES.ZIP/CALC.PAS
/SOURCE/DN2/SOURCES.ZIP/CALCULAT.PAS
/SOURCE/DN2/SOURCES.ZIP/CALENDAR.PAS
/SOURCE/DN2/SOURCES.ZIP/CALLSPCB.PAS
/SOURCE/DN2/SOURCES.ZIP/CCALC.PAS
/SOURCE/DN2/SOURCES.ZIP/CELLSCOL.PAS
/SOURCE/DN2/SOURCES.ZIP/CMDLINE.PAS
/SOURCE/DN2/SOURCES.ZIP/_COLLECT.PAS
/SOURCE/DN2/SOURCES.ZIP/COLLECT.PAS
/SOURCE/DN2/SOURCES.ZIP/COLORSEL.PAS
/SOURCE/DN2/SOURCES.ZIP/COLORS.PAS
/SOURCE/DN2/SOURCES.ZIP/COLORVGA.PAS
/SOURCE/DN2/SOURCES.ZIP/COMMANDS.PAS
/SOURCE/DN2/SOURCES.ZIP/COPYINI.PAS
/SOURCE/DN2/SOURCES.ZIP/DBLWND.PAS
/SOURCE/DN2/SOURCES.ZIP/DBVIEW.PAS
/SOURCE/DN2/SOURCES.ZIP/DBWATCH.PAS
/SOURCE/DN2/SOURCES.ZIP/DECODER.PAS
/SOURCE/DN2/SOURCES.ZIP/DEFCOLL.PAS
/SOURCE/DN2/SOURCES.ZIP/_DEFINES.PAS
/SOURCE/DN2/SOURCES.ZIP/DEFINES.PAS
/SOURCE/DN2/SOURCES.ZIP/DESCRIPT.ION
/SOURCE/DN2/SOURCES.ZIP/DIALOGS.001
/SOURCE/DN2/SOURCES.ZIP/_DIALOGS.PAS
/SOURCE/DN2/SOURCES.ZIP/DIALOGS.PAS
/SOURCE/DN2/SOURCES.ZIP/_DIFF1.CMD
/SOURCE/DN2/SOURCES.ZIP/_DIFF.CMD
/SOURCE/DN2/SOURCES.ZIP/DISKIMG.PAS
/SOURCE/DN2/SOURCES.ZIP/DISKINFO.PAS
/SOURCE/DN2/SOURCES.ZIP/DN1.PAS
/SOURCE/DN2/SOURCES.ZIP/DNAPP.001
/SOURCE/DN2/SOURCES.ZIP/DNAPP.PAS
/SOURCE/DN2/SOURCES.ZIP/_DNC.CMD
/SOURCE/DN2/SOURCES.ZIP/_DNCO.CMD
/SOURCE/DN2/SOURCES.ZIP/_DNCOD.CMD
/SOURCE/DN2/SOURCES.ZIP/_DNCOW.CMD
/SOURCE/DN2/SOURCES.ZIP/_DNCW.CMD
/SOURCE/DN2/SOURCES.ZIP/_DNCWD.CMD
/SOURCE/DN2/SOURCES.ZIP/_DNCWO.CMD
/SOURCE/DN2/SOURCES.ZIP/DNEXEC.PAS
/SOURCE/DN2/SOURCES.ZIP/_DNFUNCS.PAS
/SOURCE/DN2/SOURCES.ZIP/DNFUNCS.PAS
/SOURCE/DN2/SOURCES.ZIP/DNHELP.PAS
/SOURCE/DN2/SOURCES.ZIP/DNINI.PAS
/SOURCE/DN2/SOURCES.ZIP/DNINI_P.PAS
/SOURCE/DN2/SOURCES.ZIP/DN.MNU
/SOURCE/DN2/SOURCES.ZIP/DN.PAS
/SOURCE/DN2/SOURCES.ZIP/DNPMAPIL.PAS
/SOURCE/DN2/SOURCES.ZIP/DNSTDDLG.PAS
/SOURCE/DN2/SOURCES.ZIP/DNUTIL.PAS
/SOURCE/DN2/SOURCES.ZIP/DOC/
/SOURCE/DN2/SOURCES.ZIP/DOC/ENGLISH/
/SOURCE/DN2/SOURCES.ZIP/DOC/ENGLISH/DNINI.TXT
/SOURCE/DN2/SOURCES.ZIP/DOC/ENGLISH/NEWS210.TXT
/SOURCE/DN2/SOURCES.ZIP/DOC/ENGLISH/NEWS211.TXT
/SOURCE/DN2/SOURCES.ZIP/DOC/ENGLISH/NEWS212.TXT
/SOURCE/DN2/SOURCES.ZIP/DOC/ENGLISH/NEWS214.TXT
/SOURCE/DN2/SOURCES.ZIP/DOC/RUSSIAN/
/SOURCE/DN2/SOURCES.ZIP/DOC/RUSSIAN/DNINI.TXT
/SOURCE/DN2/SOURCES.ZIP/DOC/RUSSIAN/NEWS208.TXT
/SOURCE/DN2/SOURCES.ZIP/DOC/RUSSIAN/NEWS209.TXT
/SOURCE/DN2/SOURCES.ZIP/DOC/RUSSIAN/NEWS209D.TXT
/SOURCE/DN2/SOURCES.ZIP/DOC/RUSSIAN/NEWS210.TXT
/SOURCE/DN2/SOURCES.ZIP/DOC/RUSSIAN/NEWS210D.TXT
/SOURCE/DN2/SOURCES.ZIP/DOC/RUSSIAN/NEWS211.TXT
/SOURCE/DN2/SOURCES.ZIP/DOC/RUSSIAN/NEWS211D.TXT
/SOURCE/DN2/SOURCES.ZIP/DOC/RUSSIAN/NEWS212.TXT
/SOURCE/DN2/SOURCES.ZIP/DOC/RUSSIAN/NEWS212D.TXT
/SOURCE/DN2/SOURCES.ZIP/DOC/RUSSIAN/NEWS213.TXT
/SOURCE/DN2/SOURCES.ZIP/DOC/RUSSIAN/NEWS213D.TXT
/SOURCE/DN2/SOURCES.ZIP/DOC/RUSSIAN/NEWS214.TXT
/SOURCE/DN2/SOURCES.ZIP/DRIVERS.001
/SOURCE/DN2/SOURCES.ZIP/DRIVERS2.PAS
/SOURCE/DN2/SOURCES.ZIP/DRIVERS.PAS
/SOURCE/DN2/SOURCES.ZIP/DRIVERS._VP
/SOURCE/DN2/SOURCES.ZIP/DRIVES.001
/SOURCE/DN2/SOURCES.ZIP/_DRIVES.PAS
/SOURCE/DN2/SOURCES.ZIP/DRIVES.PAS
/SOURCE/DN2/SOURCES.ZIP/EAOPER.PAS
/SOURCE/DN2/SOURCES.ZIP/ED2.PAS
/SOURCE/DN2/SOURCES.ZIP/EDITOR.PAS
/SOURCE/DN2/SOURCES.ZIP/_EDITORS.PAS
/SOURCE/DN2/SOURCES.ZIP/EDWIN.PAS
/SOURCE/DN2/SOURCES.ZIP/ERASER.PAS
/SOURCE/DN2/SOURCES.ZIP/ERRMESS.PAS
/SOURCE/DN2/SOURCES.ZIP/EVENTS.INC
/SOURCE/DN2/SOURCES.ZIP/EXE.D32/
/SOURCE/DN2/SOURCES.ZIP/EXE.D32/COLORS/
/SOURCE/DN2/SOURCES.ZIP/EXE.D32/COLORS/B&W.PAL
/SOURCE/DN2/SOURCES.ZIP/EXE.D32/COLORS/DARK.PAL
/SOURCE/DN2/SOURCES.ZIP/EXE.D32/COLORS/DEFAULT.PAL
/SOURCE/DN2/SOURCES.ZIP/EXE.D32/COLORS/JAROSLAW.PAL
/SOURCE/DN2/SOURCES.ZIP/EXE.D32/COLORS/MONO.PAL
/SOURCE/DN2/SOURCES.ZIP/EXE.D32/COLORS/NORTON.PAL
/SOURCE/DN2/SOURCES.ZIP/EXE.D32/COLORS/STRELOK.PAL
/SOURCE/DN2/SOURCES.ZIP/EXE.D32/COLORS/VAX.PAL
/SOURCE/DN2/SOURCES.ZIP/EXE.D32/DESCRIPT.ION
/SOURCE/DN2/SOURCES.ZIP/EXE.D32/DN.COM
/SOURCE/DN2/SOURCES.ZIP/EXE.D32/DN.FLG
/SOURCE/DN2/SOURCES.ZIP/EXE.D32/DN.INI
/SOURCE/DN2/SOURCES.ZIP/EXE.D32/FILE_ID.DIZ
/SOURCE/DN2/SOURCES.ZIP/EXE.D32/XLT/
/SOURCE/DN2/SOURCES.ZIP/EXE.D32/XLT/CRAZY1.XLT
/SOURCE/DN2/SOURCES.ZIP/EXE.D32/XLT/DESCRIPT.ION
/SOURCE/DN2/SOURCES.ZIP/EXE.D32/XLT/KOI8-R.XLT
/SOURCE/DN2/SOURCES.ZIP/EXE.D32/XLT/RU441.XLT
/SOURCE/DN2/SOURCES.ZIP/EXE.D32/XLT/SORT866.XLT
/SOURCE/DN2/SOURCES.ZIP/EXE.D32/XLT/UNI_RUS.XLT
/SOURCE/DN2/SOURCES.ZIP/EXE.D32/XLT/WIN866R.XLT
/SOURCE/DN2/SOURCES.ZIP/EXE.OLF/
/SOURCE/DN2/SOURCES.ZIP/EXE.OLF/COLORS/
/SOURCE/DN2/SOURCES.ZIP/EXE.OLF/COLORS/B&W.PAL
/SOURCE/DN2/SOURCES.ZIP/EXE.OLF/COLORS/DARK.PAL
/SOURCE/DN2/SOURCES.ZIP/EXE.OLF/COLORS/DEFAULT.PAL
/SOURCE/DN2/SOURCES.ZIP/EXE.OLF/COLORS/JAROSLAW.PAL
/SOURCE/DN2/SOURCES.ZIP/EXE.OLF/COLORS/MONO.PAL
/SOURCE/DN2/SOURCES.ZIP/EXE.OLF/COLORS/NORTON.PAL
/SOURCE/DN2/SOURCES.ZIP/EXE.OLF/COLORS/STRELOK.PAL
/SOURCE/DN2/SOURCES.ZIP/EXE.OLF/COLORS/VAX.PAL
/SOURCE/DN2/SOURCES.ZIP/EXE.OLF/DESCRIPT.ION
/SOURCE/DN2/SOURCES.ZIP/EXE.OLF/DN.EA
/SOURCE/DN2/SOURCES.ZIP/EXE.OLF/DN.EDT
/SOURCE/DN2/SOURCES.ZIP/EXE.OLF/DN.EXT
/SOURCE/DN2/SOURCES.ZIP/EXE.OLF/DN.HGL
/SOURCE/DN2/SOURCES.ZIP/EXE.OLF/DN.INI
/SOURCE/DN2/SOURCES.ZIP/EXE.OLF/DN.MNU
/SOURCE/DN2/SOURCES.ZIP/EXE.OLF/DN.RC2
/SOURCE/DN2/SOURCES.ZIP/EXE.OLF/DN.RES
/SOURCE/DN2/SOURCES.ZIP/EXE.OLF/DN.VWR
/SOURCE/DN2/SOURCES.ZIP/EXE.OLF/DN.XRN
/SOURCE/DN2/SOURCES.ZIP/EXE.OLF/DNALT.VWR
/SOURCE/DN2/SOURCES.ZIP/EXE.OLF/DNDOSOUT.BAT
/SOURCE/DN2/SOURCES.ZIP/EXE.OLF/DNPMAPIL.DLL
/SOURCE/DN2/SOURCES.ZIP/EXE.OLF/DN_PM.ICO
/SOURCE/DN2/SOURCES.ZIP/EXE.OLF/FILE_ID.DIZ
/SOURCE/DN2/SOURCES.ZIP/EXE.OLF/MAKEICON.CMD
/SOURCE/DN2/SOURCES.ZIP/EXE.OLF/PATCHKB.CMD
/SOURCE/DN2/SOURCES.ZIP/EXE.OLF/XLT/
/SOURCE/DN2/SOURCES.ZIP/EXE.OLF/XLT/CRAZY1.XLT
/SOURCE/DN2/SOURCES.ZIP/EXE.OLF/XLT/DESCRIPT.ION
/SOURCE/DN2/SOURCES.ZIP/EXE.OLF/XLT/KOI8-R.XLT
/SOURCE/DN2/SOURCES.ZIP/EXE.OLF/XLT/RU441.XLT
/SOURCE/DN2/SOURCES.ZIP/EXE.OLF/XLT/SORT866.XLT
/SOURCE/DN2/SOURCES.ZIP/EXE.OLF/XLT/UNI_RUS.XLT
/SOURCE/DN2/SOURCES.ZIP/EXE.OLF/XLT/WIN866R.XLT
/SOURCE/DN2/SOURCES.ZIP/EXE.WLF/
/SOURCE/DN2/SOURCES.ZIP/EXE.WLF/COLORS/
/SOURCE/DN2/SOURCES.ZIP/EXE.WLF/COLORS/B&W.PAL
/SOURCE/DN2/SOURCES.ZIP/EXE.WLF/COLORS/DARK.PAL
/SOURCE/DN2/SOURCES.ZIP/EXE.WLF/COLORS/DEFAULT.PAL
/SOURCE/DN2/SOURCES.ZIP/EXE.WLF/COLORS/JAROSLAW.PAL
/SOURCE/DN2/SOURCES.ZIP/EXE.WLF/COLORS/MONO.PAL
/SOURCE/DN2/SOURCES.ZIP/EXE.WLF/COLORS/NORTON.PAL
/SOURCE/DN2/SOURCES.ZIP/EXE.WLF/COLORS/STRELOK.PAL
/SOURCE/DN2/SOURCES.ZIP/EXE.WLF/COLORS/VAX.PAL
/SOURCE/DN2/SOURCES.ZIP/EXE.WLF/DESCRIPT.ION
/SOURCE/DN2/SOURCES.ZIP/EXE.WLF/DN.EDT
/SOURCE/DN2/SOURCES.ZIP/EXE.WLF/DN.EXT
/SOURCE/DN2/SOURCES.ZIP/EXE.WLF/DN.HGL
/SOURCE/DN2/SOURCES.ZIP/EXE.WLF/DN.INI
/SOURCE/DN2/SOURCES.ZIP/EXE.WLF/DN.MNU
/SOURCE/DN2/SOURCES.ZIP/EXE.WLF/DN.RES
/SOURCE/DN2/SOURCES.ZIP/EXE.WLF/DN.VWR
/SOURCE/DN2/SOURCES.ZIP/EXE.WLF/DN.XRN
/SOURCE/DN2/SOURCES.ZIP/EXE.WLF/DN2W.ICO
/SOURCE/DN2/SOURCES.ZIP/EXE.WLF/DNALT.VWR
/SOURCE/DN2/SOURCES.ZIP/EXE.WLF/DNW.BAT
/SOURCE/DN2/SOURCES.ZIP/EXE.WLF/FILE_ID.DIZ
/SOURCE/DN2/SOURCES.ZIP/EXE.WLF/NO_BLINK.COM
/SOURCE/DN2/SOURCES.ZIP/EXE.WLF/XLT/
/SOURCE/DN2/SOURCES.ZIP/EXE.WLF/XLT/CRAZY1.XLT
/SOURCE/DN2/SOURCES.ZIP/EXE.WLF/XLT/DESCRIPT.ION
/SOURCE/DN2/SOURCES.ZIP/EXE.WLF/XLT/KOI8-R.XLT
/SOURCE/DN2/SOURCES.ZIP/EXE.WLF/XLT/RU441.XLT
/SOURCE/DN2/SOURCES.ZIP/EXE.WLF/XLT/SORT866.XLT
/SOURCE/DN2/SOURCES.ZIP/EXE.WLF/XLT/UNI_RUS.XLT
/SOURCE/DN2/SOURCES.ZIP/EXE.WLF/XLT/WIN866R.XLT
/SOURCE/DN2/SOURCES.ZIP/FBB.PAS
/SOURCE/DN2/SOURCES.ZIP/FILECOPY.001
/SOURCE/DN2/SOURCES.ZIP/FILECOPY.PAS
/SOURCE/DN2/SOURCES.ZIP/FILEDIZ.PAS
/SOURCE/DN2/SOURCES.ZIP/FILEFIND.PAS
/SOURCE/DN2/SOURCES.ZIP/FILE_ID.DIZ
/SOURCE/DN2/SOURCES.ZIP/FILELST.PAS
/SOURCE/DN2/SOURCES.ZIP/FILESCOL.001
/SOURCE/DN2/SOURCES.ZIP/FILESCOL.PAS
/SOURCE/DN2/SOURCES.ZIP/FILETYPE.PAS
/SOURCE/DN2/SOURCES.ZIP/FINDOBJ.PAS
/SOURCE/DN2/SOURCES.ZIP/FIO._VP
/SOURCE/DN2/SOURCES.ZIP/FLPANEL.PAS
/SOURCE/DN2/SOURCES.ZIP/FLPANELX.001
/SOURCE/DN2/SOURCES.ZIP/FLPANELX.PAS
/SOURCE/DN2/SOURCES.ZIP/FLTL.001
/SOURCE/DN2/SOURCES.ZIP/FLTOOLS.PAS
/SOURCE/DN2/SOURCES.ZIP/FNOTIFY.001
/SOURCE/DN2/SOURCES.ZIP/FSTORAGE.PAS
/SOURCE/DN2/SOURCES.ZIP/_FVIEWER.PAS
/SOURCE/DN2/SOURCES.ZIP/FVIEWER.PAS
/SOURCE/DN2/SOURCES.ZIP/_GAUGE.PAS
/SOURCE/DN2/SOURCES.ZIP/GAUGE.PAS
/SOURCE/DN2/SOURCES.ZIP/GAUGES.PAS
/SOURCE/DN2/SOURCES.ZIP/GETCONST.PAS
/SOURCE/DN2/SOURCES.ZIP/HASH.PAS
/SOURCE/DN2/SOURCES.ZIP/HELPFILE.PAS
/SOURCE/DN2/SOURCES.ZIP/HELPKERN.PAS
/SOURCE/DN2/SOURCES.ZIP/HIGHLITE.PAS
/SOURCE/DN2/SOURCES.ZIP/HISTLIST.PAS
/SOURCE/DN2/SOURCES.ZIP/HISTRIES.PAS
/SOURCE/DN2/SOURCES.ZIP/IDLERS.PAS
/SOURCE/DN2/SOURCES.ZIP/INIFILES.PAS
/SOURCE/DN2/SOURCES.ZIP/LFNVP.PAS
/SOURCE/DN2/SOURCES.ZIP/LIB.D32/
/SOURCE/DN2/SOURCES.ZIP/LIB.D32/COUNTRY_.PAS
/SOURCE/DN2/SOURCES.ZIP/LIB.D32/DN2PMAPI.PAS
/SOURCE/DN2/SOURCES.ZIP/LIB.D32/DOS32A.EXE
/SOURCE/DN2/SOURCES.ZIP/LIB.D32/DOSLOW.PAS
/SOURCE/DN2/SOURCES.ZIP/LIB.D32/EVENTS.PAS
/SOURCE/DN2/SOURCES.ZIP/LIB.D32/FILES.PAS
/SOURCE/DN2/SOURCES.ZIP/LIB.D32/FLTL.PAS
/SOURCE/DN2/SOURCES.ZIP/LIB.D32/FNOTIFY.PAS
/SOURCE/DN2/SOURCES.ZIP/LIB.D32/IMPORT32.ASM
/SOURCE/DN2/SOURCES.ZIP/LIB.D32/OS2.ASM
/SOURCE/DN2/SOURCES.ZIP/LIB.D32/VPSYSD32.PAS
/SOURCE/DN2/SOURCES.ZIP/LIB.OLF/
/SOURCE/DN2/SOURCES.ZIP/LIB.OLF/COUNTRY_.PAS
/SOURCE/DN2/SOURCES.ZIP/LIB.OLF/DN2PMAPI.PAS
/SOURCE/DN2/SOURCES.ZIP/LIB.OLF/EVENTS.PAS
/SOURCE/DN2/SOURCES.ZIP/LIB.OLF/FILES.PAS
/SOURCE/DN2/SOURCES.ZIP/LIB.OLF/FLTL.PAS
/SOURCE/DN2/SOURCES.ZIP/LIB.OLF/FNOTIFY.PAS
/SOURCE/DN2/SOURCES.ZIP/LIB.OLF/KILLER.PAS
/SOURCE/DN2/SOURCES.ZIP/LIB.OLF/PROC_OS2.PAS
/SOURCE/DN2/SOURCES.ZIP/LIB.OLF/VPSYSOS2.001
/SOURCE/DN2/SOURCES.ZIP/LIB.OLF/VPSYSOS2.PAS
/SOURCE/DN2/SOURCES.ZIP/LIB.WLF/
/SOURCE/DN2/SOURCES.ZIP/LIB.WLF/COUNTRY_.PAS
/SOURCE/DN2/SOURCES.ZIP/LIB.WLF/DN2PMAPI.PAS
/SOURCE/DN2/SOURCES.ZIP/LIB.WLF/EVENTS.PAS
/SOURCE/DN2/SOURCES.ZIP/LIB.WLF/FILES.PAS
/SOURCE/DN2/SOURCES.ZIP/LIB.WLF/FLTL.PAS
/SOURCE/DN2/SOURCES.ZIP/LIB.WLF/FNOTIFY.PAS
/SOURCE/DN2/SOURCES.ZIP/LIB.WLF/KILLER.PAS
/SOURCE/DN2/SOURCES.ZIP/LIB.WLF/PROC_W32.PAS
/SOURCE/DN2/SOURCES.ZIP/LIB.WLF/VPKBDW32.PAS
/SOURCE/DN2/SOURCES.ZIP/LIB.WLF/VPSYSW32.PAS
/SOURCE/DN2/SOURCES.ZIP/LISTMAKR.PAS
/SOURCE/DN2/SOURCES.ZIP/MACRO.PAS
/SOURCE/DN2/SOURCES.ZIP/MEMORY.PAS
/SOURCE/DN2/SOURCES.ZIP/_MENUS.PAS
/SOURCE/DN2/SOURCES.ZIP/MENUS.PAS
/SOURCE/DN2/SOURCES.ZIP/MESSAGES.PAS
/SOURCE/DN2/SOURCES.ZIP/MICROED.001
/SOURCE/DN2/SOURCES.ZIP/MICROED2.001
/SOURCE/DN2/SOURCES.ZIP/MICROED2.PAS
/SOURCE/DN2/SOURCES.ZIP/MICROED.PAS
/SOURCE/DN2/SOURCES.ZIP/_MODEL1.PAS
/SOURCE/DN2/SOURCES.ZIP/_MODEL2.PAS
/SOURCE/DN2/SOURCES.ZIP/MODULES.PAS
/SOURCE/DN2/SOURCES.ZIP/NETBRWSR.PAS
/SOURCE/DN2/SOURCES.ZIP/OBJECTS2.PAS
/SOURCE/DN2/SOURCES.ZIP/_OBJECTS.PAS
/SOURCE/DN2/SOURCES.ZIP/OBJECTS.PAS
/SOURCE/DN2/SOURCES.ZIP/OBJTYPE.PAS
/SOURCE/DN2/SOURCES.ZIP/OPENOBJ.PAS
/SOURCE/DN2/SOURCES.ZIP/_PATCH.LOG
/SOURCE/DN2/SOURCES.ZIP/PDSETUP.PAS
/SOURCE/DN2/SOURCES.ZIP/PHONES.PAS
/SOURCE/DN2/SOURCES.ZIP/PKTVIEW.PAS
/SOURCE/DN2/SOURCES.ZIP/PLUGIN.PAS
/SOURCE/DN2/SOURCES.ZIP/PLUGMAN.PAS
/SOURCE/DN2/SOURCES.ZIP/PLUGREZ.PAS
/SOURCE/DN2/SOURCES.ZIP/PRINTMAN.PAS
/SOURCE/DN2/SOURCES.ZIP/PROFILE.PAS
/SOURCE/DN2/SOURCES.ZIP/_RCPO.CMD
/SOURCE/DN2/SOURCES.ZIP/RCP.PAS
/SOURCE/DN2/SOURCES.ZIP/RCPVPD.INI
/SOURCE/DN2/SOURCES.ZIP/RCPVPO.INI
/SOURCE/DN2/SOURCES.ZIP/RCPVPW.INI
/SOURCE/DN2/SOURCES.ZIP/READ.ME
/SOURCE/DN2/SOURCES.ZIP/REGALL.PAS
/SOURCE/DN2/SOURCES.ZIP/_REGEXP.PAS
/SOURCE/DN2/SOURCES.ZIP/REGEXP.PAS
/SOURCE/DN2/SOURCES.ZIP/RESOURCE/
/SOURCE/DN2/SOURCES.ZIP/RESOURCE/1125.CMD
/SOURCE/DN2/SOURCES.ZIP/RESOURCE/866_1125.CMD
/SOURCE/DN2/SOURCES.ZIP/RESOURCE/DESCRIPT.ION
/SOURCE/DN2/SOURCES.ZIP/RESOURCE/ENGLISH/
/SOURCE/DN2/SOURCES.ZIP/RESOURCE/ENGLISH/DESCRIPT.ION
/SOURCE/DN2/SOURCES.ZIP/RESOURCE/ENGLISH/DN.DNL
/SOURCE/DN2/SOURCES.ZIP/RESOURCE/ENGLISH/DN.DNR
/SOURCE/DN2/SOURCES.ZIP/RESOURCE/ENGLISH/DNHELP.HTX
/SOURCE/DN2/SOURCES.ZIP/RESOURCE/RUSSIAN/
/SOURCE/DN2/SOURCES.ZIP/RESOURCE/RUSSIAN/DESCRIPT.ION
/SOURCE/DN2/SOURCES.ZIP/RESOURCE/RUSSIAN/DN.DNL
/SOURCE/DN2/SOURCES.ZIP/RESOURCE/RUSSIAN/DN.DNR
/SOURCE/DN2/SOURCES.ZIP/RESOURCE/RUSSIAN/DNHELP.HTX
/SOURCE/DN2/SOURCES.ZIP/RESOURCE/UKRAIN/
/SOURCE/DN2/SOURCES.ZIP/RESOURCE/UKRAIN/DESCRIPT.ION
/SOURCE/DN2/SOURCES.ZIP/RESOURCE/UKRAIN/DN.DNL
/SOURCE/DN2/SOURCES.ZIP/RESOURCE/UKRAIN/DN.DNR
/SOURCE/DN2/SOURCES.ZIP/RESOURCE/UKRAIN/DNHELP.HTX
/SOURCE/DN2/SOURCES.ZIP/RSTRINGS.PAS
/SOURCE/DN2/SOURCES.ZIP/RTPATCH.PAS
/SOURCE/DN2/SOURCES.ZIP/SCROLLER.PAS
/SOURCE/DN2/SOURCES.ZIP/SETUPS.PAS
/SOURCE/DN2/SOURCES.ZIP/SORT141.001
/SOURCE/DN2/SOURCES.ZIP/STARTUP.PAS
/SOURCE/DN2/SOURCES.ZIP/STARTUPP.PAS
/SOURCE/DN2/SOURCES.ZIP/STDEFINE.INC
/SOURCE/DN2/SOURCES.ZIP/_STREAMS.PAS
/SOURCE/DN2/SOURCES.ZIP/STREAMS.PAS
/SOURCE/DN2/SOURCES.ZIP/STRVIEW.PAS
/SOURCE/DN2/SOURCES.ZIP/SWE.PAS
/SOURCE/DN2/SOURCES.ZIP/SYSUTILS.INC
/SOURCE/DN2/SOURCES.ZIP/SYSUTILS.PAS
/SOURCE/DN2/SOURCES.ZIP/TASKLST.PAS
/SOURCE/DN2/SOURCES.ZIP/TETRIS.PAS
/SOURCE/DN2/SOURCES.ZIP/TITLESET.PAS
/SOURCE/DN2/SOURCES.ZIP/TOPVIEW_.PAS
/SOURCE/DN2/SOURCES.ZIP/TREE.PAS
/SOURCE/DN2/SOURCES.ZIP/TVHC.001
/SOURCE/DN2/SOURCES.ZIP/TVHC.PAS
/SOURCE/DN2/SOURCES.ZIP/UFNMATCH.PAS
/SOURCE/DN2/SOURCES.ZIP/U_KEYMAP.001
/SOURCE/DN2/SOURCES.ZIP/U_KEYMAP.PAS
/SOURCE/DN2/SOURCES.ZIP/U_MYAPP.PAS
/SOURCE/DN2/SOURCES.ZIP/UNIWIN.PAS
/SOURCE/DN2/SOURCES.ZIP/USERMENU.PAS
/SOURCE/DN2/SOURCES.ZIP/USERSAVR.PAS
/SOURCE/DN2/SOURCES.ZIP/U_SRCHF.PAS
/SOURCE/DN2/SOURCES.ZIP/UUCODE.PAS
/SOURCE/DN2/SOURCES.ZIP/UUE2INC.PAS
/SOURCE/DN2/SOURCES.ZIP/VALIDATE.PAS
/SOURCE/DN2/SOURCES.ZIP/VARS.PAS
/SOURCE/DN2/SOURCES.ZIP/VERSION.PAS
/SOURCE/DN2/SOURCES.ZIP/VIDEOMAN.PAS
/SOURCE/DN2/SOURCES.ZIP/VIEWS.001
/SOURCE/DN2/SOURCES.ZIP/VIEWS.002
/SOURCE/DN2/SOURCES.ZIP/VIEWS.003
/SOURCE/DN2/SOURCES.ZIP/VIEWS.004
/SOURCE/DN2/SOURCES.ZIP/_VIEWS.PAS
/SOURCE/DN2/SOURCES.ZIP/VIEWS.PAS
/SOURCE/DN2/SOURCES.ZIP/VIEWS._VP
/SOURCE/DN2/SOURCES.ZIP/_VMTREG.PAS
/SOURCE/DN2/SOURCES.ZIP/VPC.CFG
/SOURCE/DN2/SOURCES.ZIP/VPD.VPO
/SOURCE/DN2/SOURCES.ZIP/VPR.VPO
/SOURCE/DN2/SOURCES.ZIP/VPSYSLO2.PAS
/SOURCE/DN2/SOURCES.ZIP/VPSYSLOW.PAS
/SOURCE/DN2/SOURCES.ZIP/VP.VPO
/SOURCE/DN2/SOURCES.ZIP/WINCLPVP.PAS
/SOURCE/DN2/SOURCES.ZIP/XCODE.PAS
/SOURCE/DN2/SOURCES.ZIP/XDBLWND.PAS
/SOURCE/DN2/SOURCES.ZIP/XTIME.PAS
