/
/APPINFO/
/APPINFO/DOS32A.DE
/APPINFO/DOS32A.FR
/APPINFO/DOS32A.LSM
/APPINFO/DOS32A.SV
/APPINFO/DOS32A.TR
/BIN/
/BIN/DOS32A.EXE
/BIN/SB.EXE
/BIN/SC.EXE
/BIN/SS.EXE
/BIN/STUB32A.EXE
/BIN/STUB32C.EXE
/BIN/SVER.EXE
/DOC/
/DOC/DOS32A/
/DOC/DOS32A/CHANGES
/DOC/DOS32A/LICENSE
/DOC/DOS32A/README
/SOURCE/
/SOURCE/DOS32A/
/SOURCE/DOS32A/SOURCES.ZIP/
/SOURCE/DOS32A/SOURCES.ZIP/DOS32A/
/SOURCE/DOS32A/SOURCES.ZIP/DOS32A/DOS32A.ASM
/SOURCE/DOS32A/SOURCES.ZIP/DOS32A/KERNEL.ASM
/SOURCE/DOS32A/SOURCES.ZIP/DOS32A/LOADER.ASM
/SOURCE/DOS32A/SOURCES.ZIP/DOS32A/LOADLC.ASM
/SOURCE/DOS32A/SOURCES.ZIP/DOS32A/LOADPE.ASM
/SOURCE/DOS32A/SOURCES.ZIP/DOS32A/TEXT/
/SOURCE/DOS32A/SOURCES.ZIP/DOS32A/TEXT/CLIENT/
/SOURCE/DOS32A/SOURCES.ZIP/DOS32A/TEXT/CLIENT/CONFIG.ASM
/SOURCE/DOS32A/SOURCES.ZIP/DOS32A/TEXT/CLIENT/DATA.ASM
/SOURCE/DOS32A/SOURCES.ZIP/DOS32A/TEXT/CLIENT/DEBUG.ASM
/SOURCE/DOS32A/SOURCES.ZIP/DOS32A/TEXT/CLIENT/INT10H.ASM
/SOURCE/DOS32A/SOURCES.ZIP/DOS32A/TEXT/CLIENT/INT21H.ASM
/SOURCE/DOS32A/SOURCES.ZIP/DOS32A/TEXT/CLIENT/INT33H.ASM
/SOURCE/DOS32A/SOURCES.ZIP/DOS32A/TEXT/CLIENT/MISC.ASM
/SOURCE/DOS32A/SOURCES.ZIP/DOS32A/TEXT/CLIENT/STRINGS.ASM
/SOURCE/DOS32A/SOURCES.ZIP/DOS32A/TEXT/INCLUDE.ASM
/SOURCE/DOS32A/SOURCES.ZIP/DOS32A/TEXT/KERNEL/
/SOURCE/DOS32A/SOURCES.ZIP/DOS32A/TEXT/KERNEL/DETECT.ASM
/SOURCE/DOS32A/SOURCES.ZIP/DOS32A/TEXT/KERNEL/EXIT.ASM
/SOURCE/DOS32A/SOURCES.ZIP/DOS32A/TEXT/KERNEL/INIT.ASM
/SOURCE/DOS32A/SOURCES.ZIP/DOS32A/TEXT/KERNEL/INT31H.ASM
/SOURCE/DOS32A/SOURCES.ZIP/DOS32A/TEXT/KERNEL/INTR.ASM
/SOURCE/DOS32A/SOURCES.ZIP/DOS32A/TEXT/KERNEL/MISC.ASM
/SOURCE/DOS32A/SOURCES.ZIP/DOS32A/TEXT/KERNEL/MODE.ASM
/SOURCE/DOS32A/SOURCES.ZIP/DOS32A/TEXT/OEMTITLE.ASM
/SOURCE/DOS32A/SOURCES.ZIP/DOS32A/TEXT/TESTBETA.ASM
/SOURCE/DOS32A/SOURCES.ZIP/SB/
/SOURCE/DOS32A/SOURCES.ZIP/SB/MAIN.C
/SOURCE/DOS32A/SOURCES.ZIP/SB/MAIN.H
/SOURCE/DOS32A/SOURCES.ZIP/SB/SBIND.ASM
/SOURCE/DOS32A/SOURCES.ZIP/SC/
/SOURCE/DOS32A/SOURCES.ZIP/SC/ENCODE.C
/SOURCE/DOS32A/SOURCES.ZIP/SC/MAIN.C
/SOURCE/DOS32A/SOURCES.ZIP/SC/MAIN.H
/SOURCE/DOS32A/SOURCES.ZIP/SC/SCOMP.ASM
/SOURCE/DOS32A/SOURCES.ZIP/SC/SLOAD.ASM
/SOURCE/DOS32A/SOURCES.ZIP/SS/
/SOURCE/DOS32A/SOURCES.ZIP/SS/IFACE.C
/SOURCE/DOS32A/SOURCES.ZIP/SS/MAIN.C
/SOURCE/DOS32A/SOURCES.ZIP/SS/MAIN.H
/SOURCE/DOS32A/SOURCES.ZIP/SS/MENUS.C
/SOURCE/DOS32A/SOURCES.ZIP/SS/SETUP.ASM
/SOURCE/DOS32A/SOURCES.ZIP/STUB32A/
/SOURCE/DOS32A/SOURCES.ZIP/STUB32A/STUB32A.ASM
/SOURCE/DOS32A/SOURCES.ZIP/STUB32A/STUB32C.ASM
/SOURCE/DOS32A/SOURCES.ZIP/SVER/
/SOURCE/DOS32A/SOURCES.ZIP/SVER/MAIN.C
