/
/APPINFO/
/APPINFO/DOSFSCK.DE
/APPINFO/DOSFSCK.FR
/APPINFO/DOSFSCK.LSM
/APPINFO/DOSFSCK.SV
/APPINFO/DOSFSCK.TR
/BIN/
/BIN/DOSFSCK.EXE
/DOC/
/DOC/DOSFSCK/
/DOC/DOSFSCK/CHANGES
/DOC/DOSFSCK/COPYING
/DOC/DOSFSCK/DOSFSCK.8
/DOC/DOSFSCK/HELP.TXT
/DOC/DOSFSCK/PATCHES.ZIP/
/DOC/DOSFSCK/PATCHES.ZIP/dosfstools-dosfsck-2.10b-dos-to-2.11-diff-aur.diff.gz
/DOC/DOSFSCK/PATCHES.ZIP/dosfstools-dosfsck-2.10b-dos-to-2.11-dos-diff-aur.diff.gz
/DOC/DOSFSCK/PATCHES.ZIP/lowfat.dif
/DOC/DOSFSCK/README.ATA
/DOC/DOSFSCK/README.V1
/DOC/DOSFSCK/TODO
/SOURCE/
/SOURCE/DOSFSCK/
/SOURCE/DOSFSCK/SOURCES.ZIP/
/SOURCE/DOSFSCK/SOURCES.ZIP/BOOT.C
/SOURCE/DOSFSCK/SOURCES.ZIP/BOOT.H
/SOURCE/DOSFSCK/SOURCES.ZIP/CHECK.C
/SOURCE/DOSFSCK/SOURCES.ZIP/CHECK.H
/SOURCE/DOSFSCK/SOURCES.ZIP/COMMON.C
/SOURCE/DOSFSCK/SOURCES.ZIP/COMMON.H
/SOURCE/DOSFSCK/SOURCES.ZIP/DOSFSCK.C
/SOURCE/DOSFSCK/SOURCES.ZIP/DOSFSCK.H
/SOURCE/DOSFSCK/SOURCES.ZIP/FAT.C
/SOURCE/DOSFSCK/SOURCES.ZIP/FAT.H
/SOURCE/DOSFSCK/SOURCES.ZIP/FILE.C
/SOURCE/DOSFSCK/SOURCES.ZIP/FILE.H
/SOURCE/DOSFSCK/SOURCES.ZIP/INC/
/SOURCE/DOSFSCK/SOURCES.ZIP/INC/MSDOS_FS.H
/SOURCE/DOSFSCK/SOURCES.ZIP/INC/TYPES.H
/SOURCE/DOSFSCK/SOURCES.ZIP/IO.C
/SOURCE/DOSFSCK/SOURCES.ZIP/IO.H
/SOURCE/DOSFSCK/SOURCES.ZIP/LFN.C
/SOURCE/DOSFSCK/SOURCES.ZIP/LFN.H
/SOURCE/DOSFSCK/SOURCES.ZIP/LOCK.C
/SOURCE/DOSFSCK/SOURCES.ZIP/LOWFAT1X.C
/SOURCE/DOSFSCK/SOURCES.ZIP/LOWFAT1X.H
/SOURCE/DOSFSCK/SOURCES.ZIP/LOWFAT32.C
/SOURCE/DOSFSCK/SOURCES.ZIP/LOWFAT32.H
/SOURCE/DOSFSCK/SOURCES.ZIP/MAKEFILE
/SOURCE/DOSFSCK/SOURCES.ZIP/MAKEFILE.DOS
/SOURCE/DOSFSCK/SOURCES.ZIP/VERSION.H
/SOURCE/DOSFSCK/SOURCES.ZIP/VOLUME.C
/SOURCE/DOSFSCK/SOURCES.ZIP/VOLUME.H
