/
/APPINFO/
/APPINFO/DOSHEXED.DE
/APPINFO/DOSHEXED.FR
/APPINFO/DOSHEXED.LSM
/APPINFO/DOSHEXED.SV
/APPINFO/DOSHEXED.TR
/EDIT/
/EDIT/DOSHEXED/
/EDIT/DOSHEXED/GPLV3.TXT
/EDIT/DOSHEXED/HEXED.CFG
/EDIT/DOSHEXED/HEXED.EXE
/SOURCE/
/SOURCE/DOSHEXED/
/SOURCE/DOSHEXED/SOURCES.ZIP/
/SOURCE/DOSHEXED/SOURCES.ZIP/GITMERGE.SH
/SOURCE/DOSHEXED/SOURCES.ZIP/GITUPDAT.SH
/SOURCE/DOSHEXED/SOURCES.ZIP/GITUP.SH
/SOURCE/DOSHEXED/SOURCES.ZIP/GPLV3.TXT
/SOURCE/DOSHEXED/SOURCES.ZIP/HEXED.C
/SOURCE/DOSHEXED/SOURCES.ZIP/HEXED.CFG
/SOURCE/DOSHEXED/SOURCES.ZIP/HEXED.LSM
/SOURCE/DOSHEXED/SOURCES.ZIP/MAKE
/SOURCE/DOSHEXED/SOURCES.ZIP/MKZIP.BAT
/SOURCE/DOSHEXED/SOURCES.ZIP/MKZIP.SH
/SOURCE/DOSHEXED/SOURCES.ZIP/UBUNTUMA
