/
/APPINFO/
/APPINFO/DOSLFN.DE
/APPINFO/DOSLFN.FR
/APPINFO/DOSLFN.LSM
/APPINFO/DOSLFN.SV
/APPINFO/DOSLFN.TR
/BIN/
/BIN/c1258uni.tbl
/BIN/cp437uni.tbl
/BIN/cp720uni.tbl
/BIN/cp737uni.tbl
/BIN/cp775uni.tbl
/BIN/cp850uni.tbl
/BIN/cp852uni.tbl
/BIN/cp855uni.tbl
/BIN/cp857uni.tbl
/BIN/cp858uni.tbl
/BIN/cp860uni.tbl
/BIN/cp861uni.tbl
/BIN/cp862uni.tbl
/BIN/cp863uni.tbl
/BIN/cp864uni.tbl
/BIN/cp865uni.tbl
/BIN/cp866uni.tbl
/BIN/cp869uni.tbl
/BIN/cp874uni.tbl
/BIN/cp932uni.tbl
/BIN/cp936uni.gbk
/BIN/cp936uni.tbl
/BIN/cp949uni.tbl
/BIN/cp950uni.tbl
/BIN/doslfn.com
/BIN/doslfnms.com
/DOC/
/DOC/DOSLFN/
/DOC/DOSLFN/doslfn.txt
/DOC/DOSLFN/lowdma.txt
/DOC/DOSLFN/tbl.txt
/DOC/DOSLFN/todo.txt
/HELP/
/HELP/DOSLFN.DE
/HELP/DOSLFN.EN
/HELP/DOSLFN.ES
/HELP/DOSLFN.FR
/SOURCE/
/SOURCE/DOSLFN/
/SOURCE/DOSLFN/SOURCES.ZIP/
/SOURCE/DOSLFN/SOURCES.ZIP/doslfn.asm
/SOURCE/DOSLFN/SOURCES.ZIP/fmlfn.drv
/SOURCE/DOSLFN/SOURCES.ZIP/francais.inc
/SOURCE/DOSLFN/SOURCES.ZIP/l.exe
/SOURCE/DOSLFN/SOURCES.ZIP/lfnxlat.386
/SOURCE/DOSLFN/SOURCES.ZIP/lfnxlat.asm
/SOURCE/DOSLFN/SOURCES.ZIP/lfnxlat.def
/SOURCE/DOSLFN/SOURCES.ZIP/lowdma.asm
/SOURCE/DOSLFN/SOURCES.ZIP/lowdma.com
/SOURCE/DOSLFN/SOURCES.ZIP/lowdma.mak
/SOURCE/DOSLFN/SOURCES.ZIP/lowdma.sys
/SOURCE/DOSLFN/SOURCES.ZIP/l.pas
/SOURCE/DOSLFN/SOURCES.ZIP/makefile
/SOURCE/DOSLFN/SOURCES.ZIP/mk_table.c
/SOURCE/DOSLFN/SOURCES.ZIP/mk_table.exe
/SOURCE/DOSLFN/SOURCES.ZIP/mvalues.exe
/SOURCE/DOSLFN/SOURCES.ZIP/mvalues.pas
/SOURCE/DOSLFN/SOURCES.ZIP/parser.pas
/SOURCE/DOSLFN/SOURCES.ZIP/prolog.asm
/SOURCE/DOSLFN/SOURCES.ZIP/turkish.inc
