/
/APPINFO/
/APPINFO/DOSMID.DE
/APPINFO/DOSMID.FR
/APPINFO/DOSMID.LSM
/APPINFO/DOSMID.SV
/APPINFO/DOSMID.TR
/SOUND/
/SOUND/DOSMID/
/SOUND/DOSMID/DOSMID.CFG
/SOUND/DOSMID/DOSMID.EXE
/SOUND/DOSMID/DOSMID.TXT
/SOUND/DOSMID/HISTORY.TXT
/SOURCE/
/SOURCE/DOSMID/
/SOURCE/DOSMID/SOURCES.ZIP/
/SOURCE/DOSMID/SOURCES.ZIP/AWE32/
/SOURCE/DOSMID/SOURCES.ZIP/AWE32/CTAWEAPI.H
/SOURCE/DOSMID/SOURCES.ZIP/AWE32/RAWE32C.LIB
/SOURCE/DOSMID/SOURCES.ZIP/AWE32/RAWE32L.LIB
/SOURCE/DOSMID/SOURCES.ZIP/AWE32/RAWE32M.LIB
/SOURCE/DOSMID/SOURCES.ZIP/AWE32/RAWE32S.LIB
/SOURCE/DOSMID/SOURCES.ZIP/BITFIELD.H
/SOURCE/DOSMID/SOURCES.ZIP/DOSMID.C
/SOURCE/DOSMID/SOURCES.ZIP/DOSMID.CFG
/SOURCE/DOSMID/SOURCES.ZIP/DOSMID.LSM
/SOURCE/DOSMID/SOURCES.ZIP/DOSMID.TXT
/SOURCE/DOSMID/SOURCES.ZIP/FIO.C
/SOURCE/DOSMID/SOURCES.ZIP/FIO.H
/SOURCE/DOSMID/SOURCES.ZIP/GM.H
/SOURCE/DOSMID/SOURCES.ZIP/GUS.C
/SOURCE/DOSMID/SOURCES.ZIP/GUS.H
/SOURCE/DOSMID/SOURCES.ZIP/HISTORY.TXT
/SOURCE/DOSMID/SOURCES.ZIP/MAKEFILE
/SOURCE/DOSMID/SOURCES.ZIP/MEM.C
/SOURCE/DOSMID/SOURCES.ZIP/MEM.H
/SOURCE/DOSMID/SOURCES.ZIP/MIDI.C
/SOURCE/DOSMID/SOURCES.ZIP/MIDI.H
/SOURCE/DOSMID/SOURCES.ZIP/MPU401.C
/SOURCE/DOSMID/SOURCES.ZIP/MPU401.H
/SOURCE/DOSMID/SOURCES.ZIP/MUS.C
/SOURCE/DOSMID/SOURCES.ZIP/MUS.H
/SOURCE/DOSMID/SOURCES.ZIP/OPL.C
/SOURCE/DOSMID/SOURCES.ZIP/OPL-GM.H
/SOURCE/DOSMID/SOURCES.ZIP/OPL.H
/SOURCE/DOSMID/SOURCES.ZIP/OUTDEV.C
/SOURCE/DOSMID/SOURCES.ZIP/OUTDEV.H
/SOURCE/DOSMID/SOURCES.ZIP/RS232.C
/SOURCE/DOSMID/SOURCES.ZIP/RS232.H
/SOURCE/DOSMID/SOURCES.ZIP/SBDSP.C
/SOURCE/DOSMID/SOURCES.ZIP/SBDSP.H
/SOURCE/DOSMID/SOURCES.ZIP/SYX.C
/SOURCE/DOSMID/SOURCES.ZIP/SYX.H
/SOURCE/DOSMID/SOURCES.ZIP/TIMER.C
/SOURCE/DOSMID/SOURCES.ZIP/TIMER.H
/SOURCE/DOSMID/SOURCES.ZIP/UI.C
/SOURCE/DOSMID/SOURCES.ZIP/UI.H
/SOURCE/DOSMID/SOURCES.ZIP/VERSION.H
/SOURCE/DOSMID/SOURCES.ZIP/XMS.C
/SOURCE/DOSMID/SOURCES.ZIP/XMS.H
