/
/APPINFO/
/APPINFO/DOSUTIL.DE
/APPINFO/DOSUTIL.FR
/APPINFO/DOSUTIL.LSM
/APPINFO/DOSUTIL.SV
/APPINFO/DOSUTIL.TR
/BIN/
/BIN/ASKECHO.COM
/BIN/CGENERR.COM
/BIN/DUMPENV.COM
/BIN/FAM.COM
/BIN/FNTOOL.COM
/BIN/FORM.COM
/BIN/GENERR.COM
/BIN/INLINE.COM
/BIN/INVOKE.COM
/BIN/PIPESET.COM
/BIN/PRINTF.COM
/BIN/PRINTF.EXE
/BIN/RPN.COM
/BIN/SCRDUMP.COM
/BIN/SELECT.COM
/BIN/TEE.COM
/BIN/TIMESTMP.COM
/BIN/TR.COM
/DOC/
/DOC/DOSUTIL/
/DOC/DOSUTIL/DOSUTILS.TXT
/DOC/DOSUTIL/EUPL-ENG.PDF
/DOC/DOSUTIL/FORM.TXT
/HELP/
/HELP/DOSUTIL.DE
/HELP/DOSUTIL.EN
/HELP/DOSUTIL.ES
/HELP/DOSUTIL.FR
/HELP/DOSUTIL.PTB
/HELP/DOSUTIL.SV
/HELP/DOSUTIL.TR
/SOURCE/
/SOURCE/DOSUTIL/
/SOURCE/DOSUTIL/SOURCES.ZIP/
/SOURCE/DOSUTIL/SOURCES.ZIP/ASKECHO.C
/SOURCE/DOSUTIL/SOURCES.ZIP/ASKECHO.DSK
/SOURCE/DOSUTIL/SOURCES.ZIP/ASKECHO.PRJ
/SOURCE/DOSUTIL/SOURCES.ZIP/CGENERR.C
/SOURCE/DOSUTIL/SOURCES.ZIP/CGENERR.DSK
/SOURCE/DOSUTIL/SOURCES.ZIP/CGENERR.PRJ
/SOURCE/DOSUTIL/SOURCES.ZIP/DUMPENV.C
/SOURCE/DOSUTIL/SOURCES.ZIP/DUMPENV.DSK
/SOURCE/DOSUTIL/SOURCES.ZIP/DUMPENV.PRJ
/SOURCE/DOSUTIL/SOURCES.ZIP/FAM.C
/SOURCE/DOSUTIL/SOURCES.ZIP/FAM.DSK
/SOURCE/DOSUTIL/SOURCES.ZIP/FAM.PRJ
/SOURCE/DOSUTIL/SOURCES.ZIP/FNTOOL.C
/SOURCE/DOSUTIL/SOURCES.ZIP/FNTOOL.DSK
/SOURCE/DOSUTIL/SOURCES.ZIP/FNTOOL.PRJ
/SOURCE/DOSUTIL/SOURCES.ZIP/FORM.C
/SOURCE/DOSUTIL/SOURCES.ZIP/FORM.DSK
/SOURCE/DOSUTIL/SOURCES.ZIP/FORM.PRJ
/SOURCE/DOSUTIL/SOURCES.ZIP/GENERR.ASM
/SOURCE/DOSUTIL/SOURCES.ZIP/INLINE.C
/SOURCE/DOSUTIL/SOURCES.ZIP/INLINE.DSK
/SOURCE/DOSUTIL/SOURCES.ZIP/INLINE.PRJ
/SOURCE/DOSUTIL/SOURCES.ZIP/INVOKE.C
/SOURCE/DOSUTIL/SOURCES.ZIP/INVOKE.DSK
/SOURCE/DOSUTIL/SOURCES.ZIP/INVOKE.PRJ
/SOURCE/DOSUTIL/SOURCES.ZIP/PIPESET.C
/SOURCE/DOSUTIL/SOURCES.ZIP/PIPESET.DSK
/SOURCE/DOSUTIL/SOURCES.ZIP/PIPESET.PRJ
/SOURCE/DOSUTIL/SOURCES.ZIP/PRINTF.C
/SOURCE/DOSUTIL/SOURCES.ZIP/PRINTF.DSK
/SOURCE/DOSUTIL/SOURCES.ZIP/PRINTF.PRJ
/SOURCE/DOSUTIL/SOURCES.ZIP/RPN.C
/SOURCE/DOSUTIL/SOURCES.ZIP/RPN.DSK
/SOURCE/DOSUTIL/SOURCES.ZIP/RPN.PRJ
/SOURCE/DOSUTIL/SOURCES.ZIP/SCRDUMP.C
/SOURCE/DOSUTIL/SOURCES.ZIP/SCRDUMP.DSK
/SOURCE/DOSUTIL/SOURCES.ZIP/SCRDUMP.PRJ
/SOURCE/DOSUTIL/SOURCES.ZIP/SELECT.C
/SOURCE/DOSUTIL/SOURCES.ZIP/SELECT.DSK
/SOURCE/DOSUTIL/SOURCES.ZIP/SELECT.PRJ
/SOURCE/DOSUTIL/SOURCES.ZIP/TEE.C
/SOURCE/DOSUTIL/SOURCES.ZIP/TEE.DSK
/SOURCE/DOSUTIL/SOURCES.ZIP/TEE.PRJ
/SOURCE/DOSUTIL/SOURCES.ZIP/TIMESTMP.C
/SOURCE/DOSUTIL/SOURCES.ZIP/TIMESTMP.DSK
/SOURCE/DOSUTIL/SOURCES.ZIP/TIMESTMP.PRJ
/SOURCE/DOSUTIL/SOURCES.ZIP/TR.C
/SOURCE/DOSUTIL/SOURCES.ZIP/TR.DSK
/SOURCE/DOSUTIL/SOURCES.ZIP/TR.PRJ
