/
/APPINFO/
/APPINFO/E100PKT.DE
/APPINFO/E100PKT.FR
/APPINFO/E100PKT.LSM
/APPINFO/E100PKT.SV
/APPINFO/E100PKT.TR
/DOC/
/DOC/E100PKT.DOC
/DRIVERS/
/DRIVERS/E100PKT/
/DRIVERS/E100PKT/COPYING
/DRIVERS/E100PKT/E100PKT.COM
/DRIVERS/E100PKT/NEWS
/SOURCE/
/SOURCE/E100PKT/
/SOURCE/E100PKT/SOURCES.ZIP/
/SOURCE/E100PKT/SOURCES.ZIP/_1INFO.ASM
/SOURCE/E100PKT/SOURCES.ZIP/_2ACCESS.ASM
/SOURCE/E100PKT/SOURCES.ZIP/_3RELEAS.ASM
/SOURCE/E100PKT/SOURCES.ZIP/_4SEND.ASM
/SOURCE/E100PKT/SOURCES.ZIP/_5TERMI.ASM
/SOURCE/E100PKT/SOURCES.ZIP/_6GADDR.ASM
/SOURCE/E100PKT/SOURCES.ZIP/_7RESET.ASM
/SOURCE/E100PKT/SOURCES.ZIP/_COMMON.ASM
/SOURCE/E100PKT/SOURCES.ZIP/CPUTYPE.ASM
/SOURCE/E100PKT/SOURCES.ZIP/DUMP.ASM
/SOURCE/E100PKT/SOURCES.ZIP/EEPROM.ASM
/SOURCE/E100PKT/SOURCES.ZIP/FINDPCI.ASM
/SOURCE/E100PKT/SOURCES.ZIP/_FR.ASM
/SOURCE/E100PKT/SOURCES.ZIP/GET_ARGS.ASM
/SOURCE/E100PKT/SOURCES.ZIP/_HANDLE.ASM
/SOURCE/E100PKT/SOURCES.ZIP/_HEAD.ASM
/SOURCE/E100PKT/SOURCES.ZIP/_HW_INT.ASM
/SOURCE/E100PKT/SOURCES.ZIP/INTSTUFF.ASM
/SOURCE/E100PKT/SOURCES.ZIP/LOAD.ASM
/SOURCE/E100PKT/SOURCES.ZIP/MAKE.BAT
/SOURCE/E100PKT/SOURCES.ZIP/PRINTF.ASM
/SOURCE/E100PKT/SOURCES.ZIP/_RFD.ASM
/SOURCE/E100PKT/SOURCES.ZIP/SLEEP.ASM
/SOURCE/E100PKT/SOURCES.ZIP/TAIL.ASM
