/
/APPINFO/
/APPINFO/EDICT.DE
/APPINFO/EDICT.FR
/APPINFO/EDICT.LSM
/APPINFO/EDICT.SV
/APPINFO/EDICT.TR
/BIN/
/BIN/EDICT.COM
/DOC/
/DOC/EDICT/
/DOC/EDICT/LANGUAGE.TXT
/DOC/EDICT/LICENSE
/DOC/EDICT/README.MD
/NLS/
/NLS/EDICT.DE
/NLS/EDICT.EN
/NLS/EDICT.ES
/NLS/EDICT.FR
/NLS/EDICT.TR
/SOURCE/
/SOURCE/EDICT/
/SOURCE/EDICT/SOURCES.ZIP/
/SOURCE/EDICT/SOURCES.ZIP/BUILD.BAT
/SOURCE/EDICT/SOURCES.ZIP/BUILD.SH
/SOURCE/EDICT/SOURCES.ZIP/DOSKIT/
/SOURCE/EDICT/SOURCES.ZIP/DOSKIT/BIOS.INC
/SOURCE/EDICT/SOURCES.ZIP/DOSKIT/BUGPATCH.INC
/SOURCE/EDICT/SOURCES.ZIP/DOSKIT/CMDLINE.INC
/SOURCE/EDICT/SOURCES.ZIP/DOSKIT/COMMON.INC
/SOURCE/EDICT/SOURCES.ZIP/DOSKIT/CONCLUDE.INC
/SOURCE/EDICT/SOURCES.ZIP/DOSKIT/DOSSYS.INC
/SOURCE/EDICT/SOURCES.ZIP/DOSKIT/FILEIO.INC
/SOURCE/EDICT/SOURCES.ZIP/DOSKIT/FREEDOS.INC
/SOURCE/EDICT/SOURCES.ZIP/DOSKIT/GENERIC.INC
/SOURCE/EDICT/SOURCES.ZIP/DOSKIT/MEMORY.INC
/SOURCE/EDICT/SOURCES.ZIP/DOSKIT/NASMEXT.INC
/SOURCE/EDICT/SOURCES.ZIP/DOSKIT/PREPARE.INC
/SOURCE/EDICT/SOURCES.ZIP/DOSKIT/STDIO.INC
/SOURCE/EDICT/SOURCES.ZIP/DOSKIT/STRINGS.INC
/SOURCE/EDICT/SOURCES.ZIP/DOSKIT/STRUCTS.INC
/SOURCE/EDICT/SOURCES.ZIP/DOSKIT/TEMPLATE.INC
/SOURCE/EDICT/SOURCES.ZIP/DOSKIT.TXT
/SOURCE/EDICT/SOURCES.ZIP/EDICT.ASM
/SOURCE/EDICT/SOURCES.ZIP/EDICT.RES
