/
/APPINFO/
/APPINFO/EMPONG.DE
/APPINFO/EMPONG.FR
/APPINFO/EMPONG.LSM
/APPINFO/EMPONG.SV
/APPINFO/EMPONG.TR
/GAMES/
/GAMES/EMPONG/
/GAMES/EMPONG/CHANGES.TXT
/GAMES/EMPONG/EMPONG.EXE
/GAMES/EMPONG/EMPONG.ICO
/GAMES/EMPONG/EMPONG.TXT
/GAMES/EMPONG/LICENSE.TXT
/GAMES/EMPONG/README
/SOURCE/
/SOURCE/EMPONG/
/SOURCE/EMPONG/SOURCES.ZIP/
/SOURCE/EMPONG/SOURCES.ZIP/BOUNCE.DAT
/SOURCE/EMPONG/SOURCES.ZIP/CHANGES.TXT
/SOURCE/EMPONG/SOURCES.ZIP/EMPONG.BAS
/SOURCE/EMPONG/SOURCES.ZIP/EMPONG.ICO
/SOURCE/EMPONG/SOURCES.ZIP/EMPONG.RC
/SOURCE/EMPONG/SOURCES.ZIP/EMPONG.TXT
/SOURCE/EMPONG/SOURCES.ZIP/LICENSE.TXT
/SOURCE/EMPONG/SOURCES.ZIP/MISSED.DAT
/SOURCE/EMPONG/SOURCES.ZIP/PONG.DAT
