/
/APPINFO/
/APPINFO/ETHERDFS.DE
/APPINFO/ETHERDFS.FR
/APPINFO/ETHERDFS.LSM
/APPINFO/ETHERDFS.SV
/APPINFO/ETHERDFS.TR
/NET/
/NET/ETHERDFS/
/NET/ETHERDFS/ETHERDFS.EXE
/NET/ETHERDFS/ETHERDFS.TXT
/NET/ETHERDFS/HISTORY.TXT
/SOURCE/
/SOURCE/ETHERDFS/
/SOURCE/ETHERDFS/SOURCES.ZIP/
/SOURCE/ETHERDFS/SOURCES.ZIP/BUGS.TXT
/SOURCE/ETHERDFS/SOURCES.ZIP/CHINT086.ASM
/SOURCE/ETHERDFS/SOURCES.ZIP/CHINT.H
/SOURCE/ETHERDFS/SOURCES.ZIP/DOSSTRUC.H
/SOURCE/ETHERDFS/SOURCES.ZIP/ETHERDFS.C
/SOURCE/ETHERDFS/SOURCES.ZIP/ETHERDFS.TXT
/SOURCE/ETHERDFS/SOURCES.ZIP/GENMSG.C
/SOURCE/ETHERDFS/SOURCES.ZIP/GLOBALS.H
/SOURCE/ETHERDFS/SOURCES.ZIP/HISTORY.TXT
/SOURCE/ETHERDFS/SOURCES.ZIP/MAKEFILE
/SOURCE/ETHERDFS/SOURCES.ZIP/MEMNOTES.TXT
/SOURCE/ETHERDFS/SOURCES.ZIP/PROTOCOL.TXT
/SOURCE/ETHERDFS/SOURCES.ZIP/STRLEN.C
/SOURCE/ETHERDFS/SOURCES.ZIP/VERSION.H
