/
/APPINFO/
/APPINFO/ETHTOOLS.DE
/APPINFO/ETHTOOLS.FR
/APPINFO/ETHTOOLS.LSM
/APPINFO/ETHTOOLS.SV
/APPINFO/ETHTOOLS.TR
/BIN/
/BIN/ETHDUMP.EXE
/BIN/ETHSEND.COM
/BIN/ETHSHOW.EXE
/BIN/ETHWATCH.EXE
/BIN/ETHWHAT.EXE
/BIN/ETHWHO.EXE
/BIN/WWWATCH.EXE
/DOC/
/DOC/ETHTOOLS/
/DOC/ETHTOOLS/ETHTOOLS.TXT
/DOC/ETHTOOLS/EUPL-ENG.PDF
/SOURCE/
/SOURCE/ETHTOOLS/
/SOURCE/ETHTOOLS/SOURCES.ZIP/
/SOURCE/ETHTOOLS/SOURCES.ZIP/ETHDUMP.C
/SOURCE/ETHTOOLS/SOURCES.ZIP/ETHDUMP.DSK
/SOURCE/ETHTOOLS/SOURCES.ZIP/ETHDUMP.PRJ
/SOURCE/ETHTOOLS/SOURCES.ZIP/ETHSEND.C
/SOURCE/ETHTOOLS/SOURCES.ZIP/ETHSEND.DSK
/SOURCE/ETHTOOLS/SOURCES.ZIP/ETHSEND.PRJ
/SOURCE/ETHTOOLS/SOURCES.ZIP/ETHSHOW.C
/SOURCE/ETHTOOLS/SOURCES.ZIP/ETHSHOW.DSK
/SOURCE/ETHTOOLS/SOURCES.ZIP/ETHSHOW.PRJ
/SOURCE/ETHTOOLS/SOURCES.ZIP/ETHWATCH.C
/SOURCE/ETHTOOLS/SOURCES.ZIP/ETHWATCH.DSK
/SOURCE/ETHTOOLS/SOURCES.ZIP/ETHWATCH.PRJ
/SOURCE/ETHTOOLS/SOURCES.ZIP/ETHWHAT.C
/SOURCE/ETHTOOLS/SOURCES.ZIP/ETHWHAT.DSK
/SOURCE/ETHTOOLS/SOURCES.ZIP/ETHWHAT.PRJ
/SOURCE/ETHTOOLS/SOURCES.ZIP/ETHWHO.C
/SOURCE/ETHTOOLS/SOURCES.ZIP/ETHWHO.DSK
/SOURCE/ETHTOOLS/SOURCES.ZIP/ETHWHO.PRJ
/SOURCE/ETHTOOLS/SOURCES.ZIP/WWWATCH.C
/SOURCE/ETHTOOLS/SOURCES.ZIP/WWWATCH.DSK
/SOURCE/ETHTOOLS/SOURCES.ZIP/WWWATCH.PRJ
