/
/APPINFO/
/APPINFO/EWSNAKE.DE
/APPINFO/EWSNAKE.FR
/APPINFO/EWSNAKE.LSM
/APPINFO/EWSNAKE.SV
/APPINFO/EWSNAKE.TR
/GAMES/
/GAMES/EWSNAKE/
/GAMES/EWSNAKE/EWSNAKE.EXE
/GAMES/EWSNAKE/LICENSE.TXT
/GAMES/EWSNAKE/LICENZA.TXT
/GAMES/EWSNAKE/README.TXT
/SOURCE/
/SOURCE/EWSNAKE/
/SOURCE/EWSNAKE/SOURCES.ZIP/
/SOURCE/EWSNAKE/SOURCES.ZIP/CONFIG.C
/SOURCE/EWSNAKE/SOURCES.ZIP/DEFS.H
/SOURCE/EWSNAKE/SOURCES.ZIP/GAME.C
/SOURCE/EWSNAKE/SOURCES.ZIP/GFX.C
/SOURCE/EWSNAKE/SOURCES.ZIP/GUI.C
/SOURCE/EWSNAKE/SOURCES.ZIP/LICENSE.TXT
/SOURCE/EWSNAKE/SOURCES.ZIP/LICENZA.TXT
/SOURCE/EWSNAKE/SOURCES.ZIP/MAIN.C
/SOURCE/EWSNAKE/SOURCES.ZIP/MAKEFILE
/SOURCE/EWSNAKE/SOURCES.ZIP/README.TXT
