/
/APPINFO/
/APPINFO/FDISRC.LSM
/SOURCE/
/SOURCE/FDI/
/SOURCE/FDI/TIMESTAM
/SOURCE/FDI/BINARIES/
/SOURCE/FDI/BINARIES/MBRZAP.BAT
/SOURCE/FDI/BINARIES/README.TXT
/SOURCE/FDI/CHANGELO
/SOURCE/FDI/CONTRIBU.MD
/SOURCE/FDI/FDISETUP/
/SOURCE/FDI/FDISETUP/APPINFO.LSM
/SOURCE/FDI/FDISETUP/AUTOEXEC.BAT
/SOURCE/FDI/FDISETUP/CONFIG.SYS
/SOURCE/FDI/FDISETUP/SETUP.BAT
/SOURCE/FDI/FDISETUP/SETUP/
/SOURCE/FDI/FDISETUP/SETUP/AUTOEXEC.DBX
/SOURCE/FDI/FDISETUP/SETUP/AUTOEXEC.DEF
/SOURCE/FDI/FDISETUP/SETUP/AUTOEXEC.VBX
/SOURCE/FDI/FDISETUP/SETUP/CONFIG.086
/SOURCE/FDI/FDISETUP/SETUP/CONFIG.186
/SOURCE/FDI/FDISETUP/SETUP/CONFIG.286
/SOURCE/FDI/FDISETUP/SETUP/CONFIG.DBX
/SOURCE/FDI/FDISETUP/SETUP/CONFIG.DEF
/SOURCE/FDI/FDISETUP/SETUP/CONFIG.VBX
/SOURCE/FDI/FDISETUP/SETUP/FDASK000.BAT
/SOURCE/FDI/FDISETUP/SETUP/FDASK100.BAT
/SOURCE/FDI/FDISETUP/SETUP/FDASK200.BAT
/SOURCE/FDI/FDISETUP/SETUP/FDASK300.BAT
/SOURCE/FDI/FDISETUP/SETUP/FDASK400.BAT
/SOURCE/FDI/FDISETUP/SETUP/FDASK500.BAT
/SOURCE/FDI/FDISETUP/SETUP/FDASK600.BAT
/SOURCE/FDI/FDISETUP/SETUP/FDASK700.BAT
/SOURCE/FDI/FDISETUP/SETUP/FDBUG.BAT
/SOURCE/FDI/FDISETUP/SETUP/FDCHECK.BAT
/SOURCE/FDI/FDISETUP/SETUP/FDERROR.BAT
/SOURCE/FDI/FDISETUP/SETUP/FDICLEAN.BAT
/SOURCE/FDI/FDISETUP/SETUP/FDICLS.BAT
/SOURCE/FDI/FDISETUP/SETUP/FDICTRLC.BAT
/SOURCE/FDI/FDISETUP/SETUP/FDIDRIVE.BAT
/SOURCE/FDI/FDISETUP/SETUP/FDIFAIL.BAT
/SOURCE/FDI/FDISETUP/SETUP/FDILANG.BAT
/SOURCE/FDI/FDISETUP/SETUP/FDIMEDIA.BAT
/SOURCE/FDI/FDISETUP/SETUP/FDINS000.BAT
/SOURCE/FDI/FDISETUP/SETUP/FDINS100.BAT
/SOURCE/FDI/FDISETUP/SETUP/FDINS200.BAT
/SOURCE/FDI/FDISETUP/SETUP/FDINS300.BAT
/SOURCE/FDI/FDISETUP/SETUP/FDINS400.BAT
/SOURCE/FDI/FDISETUP/SETUP/FDINS500.BAT
/SOURCE/FDI/FDISETUP/SETUP/FDINS600.BAT
/SOURCE/FDI/FDISETUP/SETUP/FDINS700.BAT
/SOURCE/FDI/FDISETUP/SETUP/FDINS800.BAT
/SOURCE/FDI/FDISETUP/SETUP/FDINS900.BAT
/SOURCE/FDI/FDISETUP/SETUP/FDIPKG.BAT
/SOURCE/FDI/FDISETUP/SETUP/FDISET.BAT
/SOURCE/FDI/FDISETUP/SETUP/FDITEMP.BAT
/SOURCE/FDI/FDISETUP/SETUP/FDNORUN.BAT
/SOURCE/FDI/FDISETUP/SETUP/FDNOTICE.BAT
/SOURCE/FDI/FDISETUP/SETUP/FDSETUP.BAT
/SOURCE/FDI/FDISETUP/SETUP/FDSPLASH.BAT
/SOURCE/FDI/FDISETUP/SETUP/FDSWPENV.BAT
/SOURCE/FDI/FDISETUP/SETUP/FDTHANK.BAT
/SOURCE/FDI/FDISETUP/SETUP/STAGE000.BAT
/SOURCE/FDI/FDISETUP/SETUP/STAGE100.BAT
/SOURCE/FDI/FDISETUP/SETUP/STAGE200.BAT
/SOURCE/FDI/FDISETUP/SETUP/STAGE300.BAT
/SOURCE/FDI/FDISETUP/SETUP/STAGE400.BAT
/SOURCE/FDI/FDISETUP/SETUP/STAGE500.BAT
/SOURCE/FDI/FDISETUP/SETUP/STAGE600.BAT
/SOURCE/FDI/FDISETUP/SETUP/STAGE700.BAT
/SOURCE/FDI/FDISETUP/SETUP/STAGE800.BAT
/SOURCE/FDI/FDISETUP/SETUP/STAGE900.BAT
/SOURCE/FDI/FDISETUP/SETUP/THEMEADV.BAT
/SOURCE/FDI/FDISETUP/SETUP/THEMEDEF.BAT
/SOURCE/FDI/FREEDOCS/
/SOURCE/FDI/FREEDOCS/README.TXT
/SOURCE/FDI/LICENSE
/SOURCE/FDI/LICENSE.V1
/SOURCE/FDI/LICENSE.V2
/SOURCE/FDI/LICENSE.V3
/SOURCE/FDI/PACKAGES/
/SOURCE/FDI/PACKAGES/README.TXT
/SOURCE/FDI/README.MD
/SOURCE/FDI/SETTINGS/
/SOURCE/FDI/SETTINGS/BONUS0.LST
/SOURCE/FDI/SETTINGS/CLEANUP.LST
/SOURCE/FDI/SETTINGS/PKG_BASE.LST
/SOURCE/FDI/SETTINGS/PKG_FDI.LST
/SOURCE/FDI/SETTINGS/PKG_FULL.LST
/SOURCE/FDI/SETTINGS/PKG_HYDR.LST
/SOURCE/FDI/SETTINGS/PKG_LIVE.LST
/SOURCE/FDI/SETTINGS/PKG_XTRA.LST
/SOURCE/FDI/SETTINGS/VERSION.CFG
/SOURCE/FDI/TODO
/SOURCE/FDI/TOOLS/
/SOURCE/FDI/TOOLS/LANGTEST.BAT
/SOURCE/FDI-X86/
/SOURCE/FDI-X86/TIMESTAM
/SOURCE/FDI-X86/CHANGELO
/SOURCE/FDI-X86/CONTRIBU.MD
/SOURCE/FDI-X86/INDEX.MD
/SOURCE/FDI-X86/LICENSE
/SOURCE/FDI-X86/LICENSE.V1
/SOURCE/FDI-X86/LICENSE.V2
/SOURCE/FDI-X86/LICENSE.V3
/SOURCE/FDI-X86/README.MD
/SOURCE/FDI-X86/SETTINGS/
/SOURCE/FDI-X86/SETTINGS/FOOTER.TXT
/SOURCE/FDI-X86/SETTINGS/HEADER.TXT
/SOURCE/FDI-X86/SETTINGS/MESSAGES.EN
/SOURCE/FDI-X86/SETTINGS/X86_ALL.LST
/SOURCE/FDI-X86/SETTINGS/X86_FDI.LST
/SOURCE/FDI-X86/SETTINGS/X86_KILL.LST
/SOURCE/FDI-X86/SETUP/
/SOURCE/FDI-X86/SETUP/FDAUTO.BAT
/SOURCE/FDI-X86/SETUP/FDCONFIG.SYS
/SOURCE/FDI-X86/SETUP/FREEDOS/
/SOURCE/FDI-X86/SETUP/FREEDOS/BIN/
/SOURCE/FDI-X86/SETUP/FREEDOS/BIN/FDWRAPUP.BAT
/SOURCE/FDI-X86/SETUP/FREEDOS/NLS/
/SOURCE/FDI-X86/SETUP/FREEDOS/NLS/SETUP.EN
/SOURCE/FDI-X86/SETUP/SETUP.BAT
/SOURCE/FDI-X86/TODO
