/
/APPINFO/
/APPINFO/FDNET.DE
/APPINFO/FDNET.FR
/APPINFO/FDNET.LSM
/APPINFO/FDNET.SV
/APPINFO/FDNET.TR
/BIN/
/BIN/FDNET.BAT
/NET/
/NET/FDNET/
/NET/FDNET/BERNDPCI.COM
/NET/FDNET/CHANGES
/NET/FDNET/DHCP.EXE
/NET/FDNET/FDNETPD.BA~
/NET/FDNET/LICENSE
/NET/FDNET/MTCP.CFG
/NET/FDNET/NE2000.COM
/NET/FDNET/PCNTPK.COM
/NET/FDNET/WATTCP.CFG
/NLS/
/NLS/FDNET.DE
/NLS/FDNET.EN
/NLS/FDNET.ES
/NLS/FDNET.FR
/NLS/FDNET.SV
/NLS/FDNET.TR
/SOURCE/
/SOURCE/FDNET/
/SOURCE/FDNET/SOURCES.ZIP/
/SOURCE/FDNET/SOURCES.ZIP/BERNDPCI/
/SOURCE/FDNET/SOURCES.ZIP/BERNDPCI/BERNDPCI.ASM
/SOURCE/FDNET/SOURCES.ZIP/FDNETLIC.pdf
/SOURCE/FDNET/SOURCES.ZIP/MTCP/
/SOURCE/FDNET/SOURCES.ZIP/MTCP/00README.TXT
/SOURCE/FDNET/SOURCES.ZIP/MTCP/APPS/
/SOURCE/FDNET/SOURCES.ZIP/MTCP/APPS/DHCP/
/SOURCE/FDNET/SOURCES.ZIP/MTCP/APPS/DHCP/DHCP.CFG
/SOURCE/FDNET/SOURCES.ZIP/MTCP/APPS/DHCP/DHCP.CPP
/SOURCE/FDNET/SOURCES.ZIP/MTCP/APPS/DHCP/DHCP.H
/SOURCE/FDNET/SOURCES.ZIP/MTCP/APPS/DHCP/MAKEFILE
/SOURCE/FDNET/SOURCES.ZIP/MTCP/APPS/DNSTEST/
/SOURCE/FDNET/SOURCES.ZIP/MTCP/APPS/DNSTEST/DNS.CFG
/SOURCE/FDNET/SOURCES.ZIP/MTCP/APPS/DNSTEST/DNSTEST.CPP
/SOURCE/FDNET/SOURCES.ZIP/MTCP/APPS/DNSTEST/MAKEFILE
/SOURCE/FDNET/SOURCES.ZIP/MTCP/APPS/FTP/
/SOURCE/FDNET/SOURCES.ZIP/MTCP/APPS/FTP/FTP.CFG
/SOURCE/FDNET/SOURCES.ZIP/MTCP/APPS/FTP/FTP.CPP
/SOURCE/FDNET/SOURCES.ZIP/MTCP/APPS/FTP/MAKEFILE
/SOURCE/FDNET/SOURCES.ZIP/MTCP/APPS/FTPSRV/
/SOURCE/FDNET/SOURCES.ZIP/MTCP/APPS/FTPSRV/FTPCL.CPP
/SOURCE/FDNET/SOURCES.ZIP/MTCP/APPS/FTPSRV/FTPCL.H
/SOURCE/FDNET/SOURCES.ZIP/MTCP/APPS/FTPSRV/FTPSRV.CFG
/SOURCE/FDNET/SOURCES.ZIP/MTCP/APPS/FTPSRV/FTPSRV.CPP
/SOURCE/FDNET/SOURCES.ZIP/MTCP/APPS/FTPSRV/FTPSRV.H
/SOURCE/FDNET/SOURCES.ZIP/MTCP/APPS/FTPSRV/FTPUSR.CPP
/SOURCE/FDNET/SOURCES.ZIP/MTCP/APPS/FTPSRV/FTPUSR.H
/SOURCE/FDNET/SOURCES.ZIP/MTCP/APPS/FTPSRV/MAKEFILE
/SOURCE/FDNET/SOURCES.ZIP/MTCP/APPS/HTGET/
/SOURCE/FDNET/SOURCES.ZIP/MTCP/APPS/HTGET/HTGET.CFG
/SOURCE/FDNET/SOURCES.ZIP/MTCP/APPS/HTGET/HTGET.CPP
/SOURCE/FDNET/SOURCES.ZIP/MTCP/APPS/HTGET/MAKEFILE
/SOURCE/FDNET/SOURCES.ZIP/MTCP/APPS/IRCJR/
/SOURCE/FDNET/SOURCES.ZIP/MTCP/APPS/IRCJR/IRC.CFG
/SOURCE/FDNET/SOURCES.ZIP/MTCP/APPS/IRCJR/IRC.CPP
/SOURCE/FDNET/SOURCES.ZIP/MTCP/APPS/IRCJR/IRCJR.H
/SOURCE/FDNET/SOURCES.ZIP/MTCP/APPS/IRCJR/MAKEFILE
/SOURCE/FDNET/SOURCES.ZIP/MTCP/APPS/IRCJR/SCREEN.CPP
/SOURCE/FDNET/SOURCES.ZIP/MTCP/APPS/IRCJR/SCREEN.H
/SOURCE/FDNET/SOURCES.ZIP/MTCP/APPS/IRCJR/SESSION.CPP
/SOURCE/FDNET/SOURCES.ZIP/MTCP/APPS/IRCJR/SESSION.H
/SOURCE/FDNET/SOURCES.ZIP/MTCP/APPS/NC/
/SOURCE/FDNET/SOURCES.ZIP/MTCP/APPS/NC/MAKEFILE
/SOURCE/FDNET/SOURCES.ZIP/MTCP/APPS/NC/NC.CFG
/SOURCE/FDNET/SOURCES.ZIP/MTCP/APPS/NC/NC.CPP
/SOURCE/FDNET/SOURCES.ZIP/MTCP/APPS/PING/
/SOURCE/FDNET/SOURCES.ZIP/MTCP/APPS/PING/MAKEFILE
/SOURCE/FDNET/SOURCES.ZIP/MTCP/APPS/PING/PING.CFG
/SOURCE/FDNET/SOURCES.ZIP/MTCP/APPS/PING/PING.CPP
/SOURCE/FDNET/SOURCES.ZIP/MTCP/APPS/PKTTOOL/
/SOURCE/FDNET/SOURCES.ZIP/MTCP/APPS/PKTTOOL/MAKEFILE
/SOURCE/FDNET/SOURCES.ZIP/MTCP/APPS/PKTTOOL/PKTTOOL.CFG
/SOURCE/FDNET/SOURCES.ZIP/MTCP/APPS/PKTTOOL/PKTTOOL.CPP
/SOURCE/FDNET/SOURCES.ZIP/MTCP/APPS/SAMPLE/
/SOURCE/FDNET/SOURCES.ZIP/MTCP/APPS/SAMPLE/MAKEFILE
/SOURCE/FDNET/SOURCES.ZIP/MTCP/APPS/SAMPLE/SAMPLE.CFG
/SOURCE/FDNET/SOURCES.ZIP/MTCP/APPS/SAMPLE/SAMPLE.CPP
/SOURCE/FDNET/SOURCES.ZIP/MTCP/APPS/SNTP/
/SOURCE/FDNET/SOURCES.ZIP/MTCP/APPS/SNTP/MAKEFILE
/SOURCE/FDNET/SOURCES.ZIP/MTCP/APPS/SNTP/SNTP.CFG
/SOURCE/FDNET/SOURCES.ZIP/MTCP/APPS/SNTP/SNTP.CPP
/SOURCE/FDNET/SOURCES.ZIP/MTCP/APPS/SPDTEST/
/SOURCE/FDNET/SOURCES.ZIP/MTCP/APPS/SPDTEST/MAKEFILE
/SOURCE/FDNET/SOURCES.ZIP/MTCP/APPS/SPDTEST/SPDTEST.CFG
/SOURCE/FDNET/SOURCES.ZIP/MTCP/APPS/SPDTEST/SPDTEST.CPP
/SOURCE/FDNET/SOURCES.ZIP/MTCP/APPS/TELNET/
/SOURCE/FDNET/SOURCES.ZIP/MTCP/APPS/TELNET/GLOBALS.H
/SOURCE/FDNET/SOURCES.ZIP/MTCP/APPS/TELNET/KEYS.CPP
/SOURCE/FDNET/SOURCES.ZIP/MTCP/APPS/TELNET/KEYS.H
/SOURCE/FDNET/SOURCES.ZIP/MTCP/APPS/TELNET/MAKEFILE
/SOURCE/FDNET/SOURCES.ZIP/MTCP/APPS/TELNET/TELNET.CFG
/SOURCE/FDNET/SOURCES.ZIP/MTCP/APPS/TELNET/TELNET.CPP
/SOURCE/FDNET/SOURCES.ZIP/MTCP/APPS/TELNET/TELNETSC.CPP
/SOURCE/FDNET/SOURCES.ZIP/MTCP/APPS/TELNET/TELNETSC.H
/SOURCE/FDNET/SOURCES.ZIP/MTCP/APPS/TELNET/YMODEM.CPP
/SOURCE/FDNET/SOURCES.ZIP/MTCP/APPS/TELNET/YMODEM.H
/SOURCE/FDNET/SOURCES.ZIP/MTCP/COPYING.TXT
/SOURCE/FDNET/SOURCES.ZIP/MTCP/INCLUDE/
/SOURCE/FDNET/SOURCES.ZIP/MTCP/INCLUDE/IRC.H
/SOURCE/FDNET/SOURCES.ZIP/MTCP/INCLUDE/TELNET.H
/SOURCE/FDNET/SOURCES.ZIP/MTCP/TCPINC/
/SOURCE/FDNET/SOURCES.ZIP/MTCP/TCPINC/ARP.H
/SOURCE/FDNET/SOURCES.ZIP/MTCP/TCPINC/DNS.H
/SOURCE/FDNET/SOURCES.ZIP/MTCP/TCPINC/ETH.H
/SOURCE/FDNET/SOURCES.ZIP/MTCP/TCPINC/ETHTYPE.H
/SOURCE/FDNET/SOURCES.ZIP/MTCP/TCPINC/GLOBAL.CFG
/SOURCE/FDNET/SOURCES.ZIP/MTCP/TCPINC/INLINES.H
/SOURCE/FDNET/SOURCES.ZIP/MTCP/TCPINC/IP.H
/SOURCE/FDNET/SOURCES.ZIP/MTCP/TCPINC/IPTYPE.H
/SOURCE/FDNET/SOURCES.ZIP/MTCP/TCPINC/IPV6.H
/SOURCE/FDNET/SOURCES.ZIP/MTCP/TCPINC/PACKET.H
/SOURCE/FDNET/SOURCES.ZIP/MTCP/TCPINC/RINGBUF.H
/SOURCE/FDNET/SOURCES.ZIP/MTCP/TCPINC/TCP.H
/SOURCE/FDNET/SOURCES.ZIP/MTCP/TCPINC/TCPSOCKM.H
/SOURCE/FDNET/SOURCES.ZIP/MTCP/TCPINC/TIMER.H
/SOURCE/FDNET/SOURCES.ZIP/MTCP/TCPINC/TRACE.H
/SOURCE/FDNET/SOURCES.ZIP/MTCP/TCPINC/TYPES.H
/SOURCE/FDNET/SOURCES.ZIP/MTCP/TCPINC/UDP.H
/SOURCE/FDNET/SOURCES.ZIP/MTCP/TCPINC/UTILS.H
/SOURCE/FDNET/SOURCES.ZIP/MTCP/TCPLIB/
/SOURCE/FDNET/SOURCES.ZIP/MTCP/TCPLIB/ARP.CPP
/SOURCE/FDNET/SOURCES.ZIP/MTCP/TCPLIB/DNS.CPP
/SOURCE/FDNET/SOURCES.ZIP/MTCP/TCPLIB/ETH.CPP
/SOURCE/FDNET/SOURCES.ZIP/MTCP/TCPLIB/ETHTYPE.CPP
/SOURCE/FDNET/SOURCES.ZIP/MTCP/TCPLIB/IP.CPP
/SOURCE/FDNET/SOURCES.ZIP/MTCP/TCPLIB/IPASM.ASM
/SOURCE/FDNET/SOURCES.ZIP/MTCP/TCPLIB/IPTYPE.CPP
/SOURCE/FDNET/SOURCES.ZIP/MTCP/TCPLIB/PACKET.CPP
/SOURCE/FDNET/SOURCES.ZIP/MTCP/TCPLIB/TCP.CPP
/SOURCE/FDNET/SOURCES.ZIP/MTCP/TCPLIB/TCPSOCKM.CPP
/SOURCE/FDNET/SOURCES.ZIP/MTCP/TCPLIB/TIMER.CPP
/SOURCE/FDNET/SOURCES.ZIP/MTCP/TCPLIB/TRACE.CPP
/SOURCE/FDNET/SOURCES.ZIP/MTCP/TCPLIB/UDP.CPP
/SOURCE/FDNET/SOURCES.ZIP/MTCP/TCPLIB/UTILS.CPP
/SOURCE/FDNET/SOURCES.ZIP/MTCP/UTILS/
/SOURCE/FDNET/SOURCES.ZIP/MTCP/UTILS/MAKEFILE
/SOURCE/FDNET/SOURCES.ZIP/MTCP/UTILS/PATCH.CPP
/SOURCE/FDNET/SOURCES.ZIP/MTCP/developers.pdf
/SOURCE/FDNET/SOURCES.ZIP/MTCP/mtcp.txt
/SOURCE/FDNET/SOURCES.ZIP/NE2000/
/SOURCE/FDNET/SOURCES.ZIP/NE2000/8390.ASM
/SOURCE/FDNET/SOURCES.ZIP/NE2000/8390.INC
/SOURCE/FDNET/SOURCES.ZIP/NE2000/CHROUT.ASM
/SOURCE/FDNET/SOURCES.ZIP/NE2000/CRLF.ASM
/SOURCE/FDNET/SOURCES.ZIP/NE2000/DECOUT.ASM
/SOURCE/FDNET/SOURCES.ZIP/NE2000/DEFS.ASM
/SOURCE/FDNET/SOURCES.ZIP/NE2000/DIGOUT.ASM
/SOURCE/FDNET/SOURCES.ZIP/NE2000/GETDIG.ASM
/SOURCE/FDNET/SOURCES.ZIP/NE2000/GETNUM.ASM
/SOURCE/FDNET/SOURCES.ZIP/NE2000/HEAD.ASM
/SOURCE/FDNET/SOURCES.ZIP/NE2000/MULTICRC.ASM
/SOURCE/FDNET/SOURCES.ZIP/NE2000/NE2000.ASM
/SOURCE/FDNET/SOURCES.ZIP/NE2000/PKTERR.ASM
/SOURCE/FDNET/SOURCES.ZIP/NE2000/PRINTEA.ASM
/SOURCE/FDNET/SOURCES.ZIP/NE2000/PRINTNUM.ASM
/SOURCE/FDNET/SOURCES.ZIP/NE2000/SKIPBLK.ASM
/SOURCE/FDNET/SOURCES.ZIP/NE2000/TAIL.ASM
/SOURCE/FDNET/SOURCES.ZIP/NE2000/TIMEOUT.ASM
/SOURCE/FDNET/SOURCES.ZIP/NE2000/VERIFYPI.ASM
/SOURCE/FDNET/SOURCES.ZIP/PCNTPK/
/SOURCE/FDNET/SOURCES.ZIP/PCNTPK/CHANGES.DOC
/SOURCE/FDNET/SOURCES.ZIP/PCNTPK/CHROUT.ASM
/SOURCE/FDNET/SOURCES.ZIP/PCNTPK/DECOUT.ASM
/SOURCE/FDNET/SOURCES.ZIP/PCNTPK/DEFS.ASM
/SOURCE/FDNET/SOURCES.ZIP/PCNTPK/DIGOUT.ASM
/SOURCE/FDNET/SOURCES.ZIP/PCNTPK/EXE2COM.C
/SOURCE/FDNET/SOURCES.ZIP/PCNTPK/GETDIG.ASM
/SOURCE/FDNET/SOURCES.ZIP/PCNTPK/GETNUM.ASM
/SOURCE/FDNET/SOURCES.ZIP/PCNTPK/HEAD.ASM
/SOURCE/FDNET/SOURCES.ZIP/PCNTPK/MAKEFILE
/SOURCE/FDNET/SOURCES.ZIP/PCNTPK/MSG.ASM
/SOURCE/FDNET/SOURCES.ZIP/PCNTPK/PACKET_D.109
/SOURCE/FDNET/SOURCES.ZIP/PCNTPK/PCNTPK.ASM
/SOURCE/FDNET/SOURCES.ZIP/PCNTPK/PCNTPK.MAP
/SOURCE/FDNET/SOURCES.ZIP/PCNTPK/PNINIT.ASM
/SOURCE/FDNET/SOURCES.ZIP/PCNTPK/PRINTEA.ASM
/SOURCE/FDNET/SOURCES.ZIP/PCNTPK/PRINTNUM.ASM
/SOURCE/FDNET/SOURCES.ZIP/PCNTPK/RELEASE.TXT
/SOURCE/FDNET/SOURCES.ZIP/PCNTPK/SKIPBLK.ASM
/SOURCE/FDNET/SOURCES.ZIP/PCNTPK/TAIL.ASM
/SOURCE/FDNET/SOURCES.ZIP/PCNTPK/TIMEOUT.ASM
/SOURCE/FDNET/SOURCES.ZIP/PCNTPK/VERIFYPI.ASM
/SOURCE/FDNET/SOURCES.ZIP/README.TXT
