/
/APPINFO/
/APPINFO/FED.DE
/APPINFO/FED.FR
/APPINFO/FED.LSM
/APPINFO/FED.SV
/APPINFO/FED.TR
/EDIT/
/EDIT/FED/
/EDIT/FED/BLUGREEN.CFG
/EDIT/FED/COPYING
/EDIT/FED/FED.EXE
/EDIT/FED/FED.SYN
/EDIT/FED/README.TXT
/EDIT/FED/halibut.syn
/EDIT/FED/markdown.syn
/SOURCE/
/SOURCE/FED/
/SOURCE/FED/SOURCES.ZIP/
/SOURCE/FED/SOURCES.ZIP/BLUGREEN.CFG
/SOURCE/FED/SOURCES.ZIP/BUFFER.C
/SOURCE/FED/SOURCES.ZIP/CONFIG.C
/SOURCE/FED/SOURCES.ZIP/COPYING
/SOURCE/FED/SOURCES.ZIP/DIALOG.C
/SOURCE/FED/SOURCES.ZIP/DISP.C
/SOURCE/FED/SOURCES.ZIP/FED.C
/SOURCE/FED/SOURCES.ZIP/FED.H
/SOURCE/FED/SOURCES.ZIP/FED.ICO
/SOURCE/FED/SOURCES.ZIP/FED.RC
/SOURCE/FED/SOURCES.ZIP/FED.SYN
/SOURCE/FED/SOURCES.ZIP/GUI.C
/SOURCE/FED/SOURCES.ZIP/halibut.syn
/SOURCE/FED/SOURCES.ZIP/HELP.TXT
/SOURCE/FED/SOURCES.ZIP/IOALLEG.C
/SOURCE/FED/SOURCES.ZIP/IOALLEG.H
/SOURCE/FED/SOURCES.ZIP/IOCURSES.C
/SOURCE/FED/SOURCES.ZIP/IOCURSES.H
/SOURCE/FED/SOURCES.ZIP/IODJGPP.C
/SOURCE/FED/SOURCES.ZIP/IODJGPP.H
/SOURCE/FED/SOURCES.ZIP/IO.H
/SOURCE/FED/SOURCES.ZIP/IOWIN.C
/SOURCE/FED/SOURCES.ZIP/IOWIN.H
/SOURCE/FED/SOURCES.ZIP/KILL.C
/SOURCE/FED/SOURCES.ZIP/LINE.C
/SOURCE/FED/SOURCES.ZIP/MAKEFILE
/SOURCE/FED/SOURCES.ZIP/MAKEHELP.C
/SOURCE/FED/SOURCES.ZIP/markdown.syn
/SOURCE/FED/SOURCES.ZIP/MENU.C
/SOURCE/FED/SOURCES.ZIP/MISC.C
/SOURCE/FED/SOURCES.ZIP/README.TXT
/SOURCE/FED/SOURCES.ZIP/SEARCH.C
/SOURCE/FED/SOURCES.ZIP/TETRIS.C
/SOURCE/FED/SOURCES.ZIP/UTIL.C
/SOURCE/FED/SOURCES.ZIP/WND.ICO
