/
/APPINFO/
/APPINFO/FMINES.DE
/APPINFO/FMINES.FR
/APPINFO/FMINES.LSM
/APPINFO/FMINES.SV
/APPINFO/FMINES.TR
/GAMES/
/GAMES/FMINES/
/GAMES/FMINES/ANIMALS/
/GAMES/FMINES/ANIMALS/BACK.DAT
/GAMES/FMINES/ANIMALS/CREDITS.TXT
/GAMES/FMINES/ANIMALS/IMAGE.DAT
/GAMES/FMINES/ANIMALS/MENU.DAT
/GAMES/FMINES/ANIMALS/MINE000.DAT
/GAMES/FMINES/ANIMALS/MINE101.DAT
/GAMES/FMINES/ANIMALS/MINE102.DAT
/GAMES/FMINES/ANIMALS/MINE103.DAT
/GAMES/FMINES/ANIMALS/MINE201.DAT
/GAMES/FMINES/ANIMALS/MINE202.DAT
/GAMES/FMINES/ANIMALS/MINE203.DAT
/GAMES/FMINES/ANIMALS/MINE204.DAT
/GAMES/FMINES/ANIMALS/MINE301.DAT
/GAMES/FMINES/ANIMALS/MINE302.DAT
/GAMES/FMINES/ANIMALS/MINE303.DAT
/GAMES/FMINES/ANIMALS/MINE304.DAT
/GAMES/FMINES/ANIMALS/MINE305.DAT
/GAMES/FMINES/FMINES.CFG
/GAMES/FMINES/FMINES.EXE
/GAMES/FMINES/FMINES.ICO
/GAMES/FMINES/FMINES.TXT
/GAMES/FMINES/INSECTS/
/GAMES/FMINES/INSECTS/BACK.DAT
/GAMES/FMINES/INSECTS/CREDITS.TXT
/GAMES/FMINES/INSECTS/IMAGE.DAT
/GAMES/FMINES/INSECTS/MENU.DAT
/GAMES/FMINES/INSECTS/MINE000.DAT
/GAMES/FMINES/INSECTS/MINE101.DAT
/GAMES/FMINES/INSECTS/MINE102.DAT
/GAMES/FMINES/INSECTS/MINE201.DAT
/GAMES/FMINES/INSECTS/MINE202.DAT
/GAMES/FMINES/INSECTS/MINE301.DAT
/GAMES/FMINES/INSECTS/MINE302.DAT
/GAMES/FMINES/INSECTS/MINE303.DAT
/GAMES/FMINES/LICENSE.TXT
