/
/APPINFO/
/APPINFO/FOXCALC.DE
/APPINFO/FOXCALC.FR
/APPINFO/FOXCALC.LSM
/APPINFO/FOXCALC.SV
/APPINFO/FOXCALC.TR
/BIN/
/BIN/FOXCALC.EXE
/DOC/
/DOC/FOXCALC/
/DOC/FOXCALC/BUILD.TXT
/DOC/FOXCALC/CHANGES.TXT
/DOC/FOXCALC/FOXCALC.TXT
/DOC/FOXCALC/LICENCE.TXT
/SOURCE/
/SOURCE/FOXCALC/
/SOURCE/FOXCALC/SOURCES.ZIP/
/SOURCE/FOXCALC/SOURCES.ZIP/BUILD.TXT
/SOURCE/FOXCALC/SOURCES.ZIP/CHANGES.TXT
/SOURCE/FOXCALC/SOURCES.ZIP/COUNTRY.BI
/SOURCE/FOXCALC/SOURCES.ZIP/FOXCALC.BAS
/SOURCE/FOXCALC/SOURCES.ZIP/FOXCALC.LSM
/SOURCE/FOXCALC/SOURCES.ZIP/FOXCALC.TXT
/SOURCE/FOXCALC/SOURCES.ZIP/GMP.BI
/SOURCE/FOXCALC/SOURCES.ZIP/LIBGMP.A
/SOURCE/FOXCALC/SOURCES.ZIP/LIBMPFR.A
/SOURCE/FOXCALC/SOURCES.ZIP/LICENCE.TXT
/SOURCE/FOXCALC/SOURCES.ZIP/MAKEFILE
/SOURCE/FOXCALC/SOURCES.ZIP/MPFR.BI
