/
/APPINFO/
/APPINFO/FREEDOOM.DE
/APPINFO/FREEDOOM.FR
/APPINFO/FREEDOOM.LSM
/APPINFO/FREEDOOM.SV
/APPINFO/FREEDOOM.TR
/GAMES/
/GAMES/FREEDOOM/
/GAMES/FREEDOOM/DOCS/
/GAMES/FREEDOOM/DOCS/CREDITS.txt
/GAMES/FREEDOOM/DOCS/adoc.css
/GAMES/FREEDOOM/DOCS/images/
/GAMES/FREEDOOM/DOCS/images/ammoa0.png
/GAMES/FREEDOOM/DOCS/images/arm1a0.png
/GAMES/FREEDOOM/DOCS/images/arm2a0.png
/GAMES/FREEDOOM/DOCS/images/bfuga0.png
/GAMES/FREEDOOM/DOCS/images/bkeya0.png
/GAMES/FREEDOOM/DOCS/images/bon1a0.png
/GAMES/FREEDOOM/DOCS/images/bon2a0.png
/GAMES/FREEDOOM/DOCS/images/bpaka0.png
/GAMES/FREEDOOM/DOCS/images/broka0.png
/GAMES/FREEDOOM/DOCS/images/bskua0.png
/GAMES/FREEDOOM/DOCS/images/cella0.png
/GAMES/FREEDOOM/DOCS/images/celpa0.png
/GAMES/FREEDOOM/DOCS/images/clipa0.png
/GAMES/FREEDOOM/DOCS/images/csawa0.png
/GAMES/FREEDOOM/DOCS/images/launa0.png
/GAMES/FREEDOOM/DOCS/images/map.png
/GAMES/FREEDOOM/DOCS/images/media0.png
/GAMES/FREEDOOM/DOCS/images/megaa0.png
/GAMES/FREEDOOM/DOCS/images/mguna0.png
/GAMES/FREEDOOM/DOCS/images/pinsa0.png
/GAMES/FREEDOOM/DOCS/images/pinva0.png
/GAMES/FREEDOOM/DOCS/images/plasa0.png
/GAMES/FREEDOOM/DOCS/images/pmapa0.png
/GAMES/FREEDOOM/DOCS/images/pstra0.png
/GAMES/FREEDOOM/DOCS/images/pvisa0.png
/GAMES/FREEDOOM/DOCS/images/rkeya0.png
/GAMES/FREEDOOM/DOCS/images/rocka0.png
/GAMES/FREEDOOM/DOCS/images/rskua0.png
/GAMES/FREEDOOM/DOCS/images/sboxa0.png
/GAMES/FREEDOOM/DOCS/images/sgn2a0.png
/GAMES/FREEDOOM/DOCS/images/shela0.png
/GAMES/FREEDOOM/DOCS/images/shota0.png
/GAMES/FREEDOOM/DOCS/images/soula0.png
/GAMES/FREEDOOM/DOCS/images/stima0.png
/GAMES/FREEDOOM/DOCS/images/suita0.png
/GAMES/FREEDOOM/DOCS/images/titlepic.png
/GAMES/FREEDOOM/DOCS/images/ykeya0.png
/GAMES/FREEDOOM/DOCS/images/yskua0.png
/GAMES/FREEDOOM/DOCS/manual.pdf
/GAMES/FREEDOOM/LICENSES/
/GAMES/FREEDOOM/LICENSES/ADOC.TXT
/GAMES/FREEDOOM/LICENSES/FREEDOOM.TXT
/GAMES/FREEDOOM/LICENSES/SMMU.TXT
/GAMES/FREEDOOM/PHASE1.BAT
/GAMES/FREEDOOM/PHASE1/
/GAMES/FREEDOOM/PHASE1/DOOM.WAD
/GAMES/FREEDOOM/PHASE1/SMMU.CFG
/GAMES/FREEDOOM/PHASE1/SMMU.EXE
/GAMES/FREEDOOM/PHASE1/SMMU.WAD
/GAMES/FREEDOOM/PHASE2.BAT
/GAMES/FREEDOOM/PHASE2/
/GAMES/FREEDOOM/PHASE2/DOOM2.WAD
/GAMES/FREEDOOM/PHASE2/SMMU.CFG
/GAMES/FREEDOOM/PHASE2/SMMU.EXE
/GAMES/FREEDOOM/PHASE2/SMMU.WAD
/GAMES/FREEDOOM/
/GAMES/FREEDOOM/DOCS/
/GAMES/FREEDOOM/DOCS/CREDITS.txt
/GAMES/FREEDOOM/DOCS/adoc.css
/GAMES/FREEDOOM/DOCS/images/
/GAMES/FREEDOOM/DOCS/images/ammoa0.png
/GAMES/FREEDOOM/DOCS/images/arm1a0.png
/GAMES/FREEDOOM/DOCS/images/arm2a0.png
/GAMES/FREEDOOM/DOCS/images/bfuga0.png
/GAMES/FREEDOOM/DOCS/images/bkeya0.png
/GAMES/FREEDOOM/DOCS/images/bon1a0.png
/GAMES/FREEDOOM/DOCS/images/bon2a0.png
/GAMES/FREEDOOM/DOCS/images/bpaka0.png
/GAMES/FREEDOOM/DOCS/images/broka0.png
/GAMES/FREEDOOM/DOCS/images/bskua0.png
/GAMES/FREEDOOM/DOCS/images/cella0.png
/GAMES/FREEDOOM/DOCS/images/celpa0.png
/GAMES/FREEDOOM/DOCS/images/clipa0.png
/GAMES/FREEDOOM/DOCS/images/csawa0.png
/GAMES/FREEDOOM/DOCS/images/launa0.png
/GAMES/FREEDOOM/DOCS/images/map.png
/GAMES/FREEDOOM/DOCS/images/media0.png
/GAMES/FREEDOOM/DOCS/images/megaa0.png
/GAMES/FREEDOOM/DOCS/images/mguna0.png
/GAMES/FREEDOOM/DOCS/images/pinsa0.png
/GAMES/FREEDOOM/DOCS/images/pinva0.png
/GAMES/FREEDOOM/DOCS/images/plasa0.png
/GAMES/FREEDOOM/DOCS/images/pmapa0.png
/GAMES/FREEDOOM/DOCS/images/pstra0.png
/GAMES/FREEDOOM/DOCS/images/pvisa0.png
/GAMES/FREEDOOM/DOCS/images/rkeya0.png
/GAMES/FREEDOOM/DOCS/images/rocka0.png
/GAMES/FREEDOOM/DOCS/images/rskua0.png
/GAMES/FREEDOOM/DOCS/images/sboxa0.png
/GAMES/FREEDOOM/DOCS/images/sgn2a0.png
/GAMES/FREEDOOM/DOCS/images/shela0.png
/GAMES/FREEDOOM/DOCS/images/shota0.png
/GAMES/FREEDOOM/DOCS/images/soula0.png
/GAMES/FREEDOOM/DOCS/images/stima0.png
/GAMES/FREEDOOM/DOCS/images/suita0.png
/GAMES/FREEDOOM/DOCS/images/titlepic.png
/GAMES/FREEDOOM/DOCS/images/ykeya0.png
/GAMES/FREEDOOM/DOCS/images/yskua0.png
/GAMES/FREEDOOM/DOCS/images/c5m1-sshot.png
/GAMES/FREEDOOM/DOCS/images/hazard-barrels.png
/GAMES/FREEDOOM/DOCS/images/hazard-crusher.png
/GAMES/FREEDOOM/DOCS/images/hazard-slime.png
/GAMES/FREEDOOM/DOCS/images/menu-episode.png
/GAMES/FREEDOOM/DOCS/images/menu-mainmenu.png
/GAMES/FREEDOOM/DOCS/images/menu-save-game.png
/GAMES/FREEDOOM/DOCS/images/menu-skill.png
/GAMES/FREEDOOM/DOCS/images/monster-assault-tripod.png
/GAMES/FREEDOOM/DOCS/images/monster-combat-slug.png
/GAMES/FREEDOOM/DOCS/images/monster-dark-soldier.png
/GAMES/FREEDOOM/DOCS/images/monster-flesh-worm.png
/GAMES/FREEDOOM/DOCS/images/monster-hatchling.png
/GAMES/FREEDOOM/DOCS/images/monster-large-technospider.png
/GAMES/FREEDOOM/DOCS/images/monster-matribite.png
/GAMES/FREEDOOM/DOCS/images/monster-minigun-zombie.png
/GAMES/FREEDOOM/DOCS/images/monster-necromancer.png
/GAMES/FREEDOOM/DOCS/images/monster-pain-bringer.png
/GAMES/FREEDOOM/DOCS/images/monster-pain-lord.png
/GAMES/FREEDOOM/DOCS/images/monster-serpentipede.png
/GAMES/FREEDOOM/DOCS/images/monster-shotgun-zombie.png
/GAMES/FREEDOOM/DOCS/images/monster-stealth-worm.png
/GAMES/FREEDOOM/DOCS/images/monster-technospider.png
/GAMES/FREEDOOM/DOCS/images/monster-trilobite.png
/GAMES/FREEDOOM/DOCS/images/monster-zombie.png
/GAMES/FREEDOOM/DOCS/images/scythe-map09.png
/GAMES/FREEDOOM/DOCS/images/status-bar.png
/GAMES/FREEDOOM/DOCS/manual.pdf
/GAMES/FREEDOOM/DOCS/manual.html
/GAMES/FREEDOOM/DOCS/NEWS.html
/GAMES/FREEDOOM/DOCS/README.html
/GAMES/FREEDOOM/LICENSES/
/GAMES/FREEDOOM/LICENSES/ADOC.TXT
/GAMES/FREEDOOM/LICENSES/FREEDOOM.TXT
/GAMES/FREEDOOM/LICENSES/SMMU.TXT
/GAMES/FREEDOOM/PHASE1.BAT
/GAMES/FREEDOOM/PHASE1/
/GAMES/FREEDOOM/PHASE1/DOOM.WAD
/GAMES/FREEDOOM/PHASE1/SMMU.CFG
/GAMES/FREEDOOM/PHASE1/SMMU.EXE
/GAMES/FREEDOOM/PHASE1/SMMU.WAD
/GAMES/FREEDOOM/PHASE2.BAT
/GAMES/FREEDOOM/PHASE2/
/GAMES/FREEDOOM/PHASE2/DOOM2.WAD
/GAMES/FREEDOOM/PHASE2/SMMU.CFG
/GAMES/FREEDOOM/PHASE2/SMMU.EXE
/GAMES/FREEDOOM/PHASE2/SMMU.WAD
/SOURCE/
/SOURCE/FREEDOOM/
/SOURCE/FREEDOOM/SOURCES.ZIP/
/SOURCE/FREEDOOM/SOURCES.ZIP/allegro/
/SOURCE/FREEDOOM/SOURCES.ZIP/allegro/allegro.cfg
/SOURCE/FREEDOOM/SOURCES.ZIP/allegro/allegro.h
/SOURCE/FREEDOOM/SOURCES.ZIP/allegro/allegro.mft
/SOURCE/FREEDOOM/SOURCES.ZIP/allegro/allegro.txt
/SOURCE/FREEDOOM/SOURCES.ZIP/allegro/authors
/SOURCE/FREEDOOM/SOURCES.ZIP/allegro/changes
/SOURCE/FREEDOOM/SOURCES.ZIP/allegro/demo/
/SOURCE/FREEDOOM/SOURCES.ZIP/allegro/demo/demo.c
/SOURCE/FREEDOOM/SOURCES.ZIP/allegro/demo/demo.dat
/SOURCE/FREEDOOM/SOURCES.ZIP/allegro/demo/demo.h
/SOURCE/FREEDOOM/SOURCES.ZIP/allegro/demo/music.txt
/SOURCE/FREEDOOM/SOURCES.ZIP/allegro/docs/
/SOURCE/FREEDOOM/SOURCES.ZIP/allegro/docs/allegro._tx
/SOURCE/FREEDOOM/SOURCES.ZIP/allegro/docs/changes._tx
/SOURCE/FREEDOOM/SOURCES.ZIP/allegro/docs/faq._tx
/SOURCE/FREEDOOM/SOURCES.ZIP/allegro/docs/help._tx
/SOURCE/FREEDOOM/SOURCES.ZIP/allegro/docs/makedoc.c
/SOURCE/FREEDOOM/SOURCES.ZIP/allegro/docs/thanks._tx
/SOURCE/FREEDOOM/SOURCES.ZIP/allegro/examples/
/SOURCE/FREEDOOM/SOURCES.ZIP/allegro/examples/allegro.pcx
/SOURCE/FREEDOOM/SOURCES.ZIP/allegro/examples/ex1.c
/SOURCE/FREEDOOM/SOURCES.ZIP/allegro/examples/ex10.c
/SOURCE/FREEDOOM/SOURCES.ZIP/allegro/examples/ex11.c
/SOURCE/FREEDOOM/SOURCES.ZIP/allegro/examples/ex12.c
/SOURCE/FREEDOOM/SOURCES.ZIP/allegro/examples/ex13.c
/SOURCE/FREEDOOM/SOURCES.ZIP/allegro/examples/ex14.c
/SOURCE/FREEDOOM/SOURCES.ZIP/allegro/examples/ex15.c
/SOURCE/FREEDOOM/SOURCES.ZIP/allegro/examples/ex16.c
/SOURCE/FREEDOOM/SOURCES.ZIP/allegro/examples/ex17.c
/SOURCE/FREEDOOM/SOURCES.ZIP/allegro/examples/ex18.c
/SOURCE/FREEDOOM/SOURCES.ZIP/allegro/examples/ex19.c
/SOURCE/FREEDOOM/SOURCES.ZIP/allegro/examples/ex2.c
/SOURCE/FREEDOOM/SOURCES.ZIP/allegro/examples/ex20.c
/SOURCE/FREEDOOM/SOURCES.ZIP/allegro/examples/ex21.c
/SOURCE/FREEDOOM/SOURCES.ZIP/allegro/examples/ex22.c
/SOURCE/FREEDOOM/SOURCES.ZIP/allegro/examples/ex23.c
/SOURCE/FREEDOOM/SOURCES.ZIP/allegro/examples/ex24.c
/SOURCE/FREEDOOM/SOURCES.ZIP/allegro/examples/ex25.c
/SOURCE/FREEDOOM/SOURCES.ZIP/allegro/examples/ex26.c
/SOURCE/FREEDOOM/SOURCES.ZIP/allegro/examples/ex27.c
/SOURCE/FREEDOOM/SOURCES.ZIP/allegro/examples/ex28.c
/SOURCE/FREEDOOM/SOURCES.ZIP/allegro/examples/ex29.c
/SOURCE/FREEDOOM/SOURCES.ZIP/allegro/examples/ex3.c
/SOURCE/FREEDOOM/SOURCES.ZIP/allegro/examples/ex30.c
/SOURCE/FREEDOOM/SOURCES.ZIP/allegro/examples/ex31.c
/SOURCE/FREEDOOM/SOURCES.ZIP/allegro/examples/ex32.c
/SOURCE/FREEDOOM/SOURCES.ZIP/allegro/examples/ex33.c
/SOURCE/FREEDOOM/SOURCES.ZIP/allegro/examples/ex34.c
/SOURCE/FREEDOOM/SOURCES.ZIP/allegro/examples/ex35.c
/SOURCE/FREEDOOM/SOURCES.ZIP/allegro/examples/ex36.c
/SOURCE/FREEDOOM/SOURCES.ZIP/allegro/examples/ex37.c
/SOURCE/FREEDOOM/SOURCES.ZIP/allegro/examples/ex38.c
/SOURCE/FREEDOOM/SOURCES.ZIP/allegro/examples/ex39.c
/SOURCE/FREEDOOM/SOURCES.ZIP/allegro/examples/ex4.c
/SOURCE/FREEDOOM/SOURCES.ZIP/allegro/examples/ex40.c
/SOURCE/FREEDOOM/SOURCES.ZIP/allegro/examples/ex5.c
/SOURCE/FREEDOOM/SOURCES.ZIP/allegro/examples/ex6.c
/SOURCE/FREEDOOM/SOURCES.ZIP/allegro/examples/ex7.c
/SOURCE/FREEDOOM/SOURCES.ZIP/allegro/examples/ex8.c
/SOURCE/FREEDOOM/SOURCES.ZIP/allegro/examples/ex9.c
/SOURCE/FREEDOOM/SOURCES.ZIP/allegro/examples/example.dat
/SOURCE/FREEDOOM/SOURCES.ZIP/allegro/examples/example.h
/SOURCE/FREEDOOM/SOURCES.ZIP/allegro/examples/examples.txt
/SOURCE/FREEDOOM/SOURCES.ZIP/allegro/examples/mysha.pcx
/SOURCE/FREEDOOM/SOURCES.ZIP/allegro/examples/planet.pcx
/SOURCE/FREEDOOM/SOURCES.ZIP/allegro/examples/running.dat
/SOURCE/FREEDOOM/SOURCES.ZIP/allegro/examples/running.h
/SOURCE/FREEDOOM/SOURCES.ZIP/allegro/faq.txt
/SOURCE/FREEDOOM/SOURCES.ZIP/allegro/file_id.diz
/SOURCE/FREEDOOM/SOURCES.ZIP/allegro/help.txt
/SOURCE/FREEDOOM/SOURCES.ZIP/allegro/keyboard.dat
/SOURCE/FREEDOOM/SOURCES.ZIP/allegro/language.dat
/SOURCE/FREEDOOM/SOURCES.ZIP/allegro/lib/
/SOURCE/FREEDOOM/SOURCES.ZIP/allegro/lib/djgpp/
/SOURCE/FREEDOOM/SOURCES.ZIP/allegro/lib/djgpp/tmp.txt
/SOURCE/FREEDOOM/SOURCES.ZIP/allegro/lib/linux/
/SOURCE/FREEDOOM/SOURCES.ZIP/allegro/lib/linux/tmp.txt
/SOURCE/FREEDOOM/SOURCES.ZIP/allegro/makefile
/SOURCE/FREEDOOM/SOURCES.ZIP/allegro/news
/SOURCE/FREEDOOM/SOURCES.ZIP/allegro/obj/
/SOURCE/FREEDOOM/SOURCES.ZIP/allegro/obj/djgpp/
/SOURCE/FREEDOOM/SOURCES.ZIP/allegro/obj/djgpp/tmp.txt
/SOURCE/FREEDOOM/SOURCES.ZIP/allegro/obj/linux/
/SOURCE/FREEDOOM/SOURCES.ZIP/allegro/obj/linux/tmp.txt
/SOURCE/FREEDOOM/SOURCES.ZIP/allegro/readme.txt
/SOURCE/FREEDOOM/SOURCES.ZIP/allegro/setup/
/SOURCE/FREEDOOM/SOURCES.ZIP/allegro/setup/keyconf.c
/SOURCE/FREEDOOM/SOURCES.ZIP/allegro/setup/keyconf.txt
/SOURCE/FREEDOOM/SOURCES.ZIP/allegro/setup/setup.c
/SOURCE/FREEDOOM/SOURCES.ZIP/allegro/setup/setup.dat
/SOURCE/FREEDOOM/SOURCES.ZIP/allegro/setup/setup.txt
/SOURCE/FREEDOOM/SOURCES.ZIP/allegro/src/
/SOURCE/FREEDOOM/SOURCES.ZIP/allegro/src/allegro.c
/SOURCE/FREEDOOM/SOURCES.ZIP/allegro/src/asmdef.c
/SOURCE/FREEDOOM/SOURCES.ZIP/allegro/src/asmdefs.inc
/SOURCE/FREEDOOM/SOURCES.ZIP/allegro/src/blit.c
/SOURCE/FREEDOOM/SOURCES.ZIP/allegro/src/blit.inc
/SOURCE/FREEDOOM/SOURCES.ZIP/allegro/src/blit16.s
/SOURCE/FREEDOOM/SOURCES.ZIP/allegro/src/blit24.s
/SOURCE/FREEDOOM/SOURCES.ZIP/allegro/src/blit32.s
/SOURCE/FREEDOOM/SOURCES.ZIP/allegro/src/blit8.s
/SOURCE/FREEDOOM/SOURCES.ZIP/allegro/src/bmp.c
/SOURCE/FREEDOOM/SOURCES.ZIP/allegro/src/cblend15.c
/SOURCE/FREEDOOM/SOURCES.ZIP/allegro/src/cblend16.c
/SOURCE/FREEDOOM/SOURCES.ZIP/allegro/src/clip3d.c
/SOURCE/FREEDOOM/SOURCES.ZIP/allegro/src/colblend.c
/SOURCE/FREEDOOM/SOURCES.ZIP/allegro/src/color.c
/SOURCE/FREEDOOM/SOURCES.ZIP/allegro/src/config.c
/SOURCE/FREEDOOM/SOURCES.ZIP/allegro/src/cpu.c
/SOURCE/FREEDOOM/SOURCES.ZIP/allegro/src/datafile.c
/SOURCE/FREEDOOM/SOURCES.ZIP/allegro/src/datafile.h
/SOURCE/FREEDOOM/SOURCES.ZIP/allegro/src/dataregi.c
/SOURCE/FREEDOOM/SOURCES.ZIP/allegro/src/digmid.c
/SOURCE/FREEDOOM/SOURCES.ZIP/allegro/src/dither.c
/SOURCE/FREEDOOM/SOURCES.ZIP/allegro/src/djgpp/
/SOURCE/FREEDOOM/SOURCES.ZIP/allegro/src/djgpp/adlib.c
/SOURCE/FREEDOOM/SOURCES.ZIP/allegro/src/djgpp/awedata.c
/SOURCE/FREEDOOM/SOURCES.ZIP/allegro/src/djgpp/bank.s
/SOURCE/FREEDOOM/SOURCES.ZIP/allegro/src/djgpp/dma.c
/SOURCE/FREEDOOM/SOURCES.ZIP/allegro/src/djgpp/dpmi.c
/SOURCE/FREEDOOM/SOURCES.ZIP/allegro/src/djgpp/emu8k.c
/SOURCE/FREEDOOM/SOURCES.ZIP/allegro/src/djgpp/emu8k.h
/SOURCE/FREEDOOM/SOURCES.ZIP/allegro/src/djgpp/emu8kmid.c
/SOURCE/FREEDOOM/SOURCES.ZIP/allegro/src/djgpp/essaudio.c
/SOURCE/FREEDOOM/SOURCES.ZIP/allegro/src/djgpp/fm_instr.h
/SOURCE/FREEDOOM/SOURCES.ZIP/allegro/src/djgpp/gpro.c
/SOURCE/FREEDOOM/SOURCES.ZIP/allegro/src/djgpp/interndj.h
/SOURCE/FREEDOOM/SOURCES.ZIP/allegro/src/djgpp/irq.c
/SOURCE/FREEDOOM/SOURCES.ZIP/allegro/src/djgpp/irqwrap.s
/SOURCE/FREEDOOM/SOURCES.ZIP/allegro/src/djgpp/joystd.c
/SOURCE/FREEDOOM/SOURCES.ZIP/allegro/src/djgpp/keyboard.c
/SOURCE/FREEDOOM/SOURCES.ZIP/allegro/src/djgpp/mouse.c
/SOURCE/FREEDOOM/SOURCES.ZIP/allegro/src/djgpp/mpu.c
/SOURCE/FREEDOOM/SOURCES.ZIP/allegro/src/djgpp/sb.c
/SOURCE/FREEDOOM/SOURCES.ZIP/allegro/src/djgpp/sndscape.c
/SOURCE/FREEDOOM/SOURCES.ZIP/allegro/src/djgpp/snespad.c
/SOURCE/FREEDOOM/SOURCES.ZIP/allegro/src/djgpp/sw.c
/SOURCE/FREEDOOM/SOURCES.ZIP/allegro/src/djgpp/timer.c
/SOURCE/FREEDOOM/SOURCES.ZIP/allegro/src/djgpp/vbeaf.c
/SOURCE/FREEDOOM/SOURCES.ZIP/allegro/src/djgpp/vbeafex.c
/SOURCE/FREEDOOM/SOURCES.ZIP/allegro/src/djgpp/vesa.c
/SOURCE/FREEDOOM/SOURCES.ZIP/allegro/src/djgpp/ww.c
/SOURCE/FREEDOOM/SOURCES.ZIP/allegro/src/file.c
/SOURCE/FREEDOOM/SOURCES.ZIP/allegro/src/fli.c
/SOURCE/FREEDOOM/SOURCES.ZIP/allegro/src/flood.c
/SOURCE/FREEDOOM/SOURCES.ZIP/allegro/src/fsel.c
/SOURCE/FREEDOOM/SOURCES.ZIP/allegro/src/gfx.c
/SOURCE/FREEDOOM/SOURCES.ZIP/allegro/src/gfx15.s
/SOURCE/FREEDOOM/SOURCES.ZIP/allegro/src/gfx16.s
/SOURCE/FREEDOOM/SOURCES.ZIP/allegro/src/gfx24.s
/SOURCE/FREEDOOM/SOURCES.ZIP/allegro/src/gfx32.s
/SOURCE/FREEDOOM/SOURCES.ZIP/allegro/src/gfx8.s
/SOURCE/FREEDOOM/SOURCES.ZIP/allegro/src/gfxdrv.c
/SOURCE/FREEDOOM/SOURCES.ZIP/allegro/src/graphics.c
/SOURCE/FREEDOOM/SOURCES.ZIP/allegro/src/gsprite.c
/SOURCE/FREEDOOM/SOURCES.ZIP/allegro/src/gui.c
/SOURCE/FREEDOOM/SOURCES.ZIP/allegro/src/guiproc.c
/SOURCE/FREEDOOM/SOURCES.ZIP/allegro/src/inline.c
/SOURCE/FREEDOOM/SOURCES.ZIP/allegro/src/internal.h
/SOURCE/FREEDOOM/SOURCES.ZIP/allegro/src/joydrv.c
/SOURCE/FREEDOOM/SOURCES.ZIP/allegro/src/joystick.c
/SOURCE/FREEDOOM/SOURCES.ZIP/allegro/src/lbm.c
/SOURCE/FREEDOOM/SOURCES.ZIP/allegro/src/linux/
/SOURCE/FREEDOOM/SOURCES.ZIP/allegro/src/linux/internli.h
/SOURCE/FREEDOOM/SOURCES.ZIP/allegro/src/linux/joystick.c
/SOURCE/FREEDOOM/SOURCES.ZIP/allegro/src/linux/keyboard.c
/SOURCE/FREEDOOM/SOURCES.ZIP/allegro/src/linux/mouse.c
/SOURCE/FREEDOOM/SOURCES.ZIP/allegro/src/linux/svgalib.c
/SOURCE/FREEDOOM/SOURCES.ZIP/allegro/src/linux/timer.c
/SOURCE/FREEDOOM/SOURCES.ZIP/allegro/src/math.c
/SOURCE/FREEDOOM/SOURCES.ZIP/allegro/src/math3d.c
/SOURCE/FREEDOOM/SOURCES.ZIP/allegro/src/midi.c
/SOURCE/FREEDOOM/SOURCES.ZIP/allegro/src/misc.s
/SOURCE/FREEDOOM/SOURCES.ZIP/allegro/src/mixer.c
/SOURCE/FREEDOOM/SOURCES.ZIP/allegro/src/modesel.c
/SOURCE/FREEDOOM/SOURCES.ZIP/allegro/src/modex.c
/SOURCE/FREEDOOM/SOURCES.ZIP/allegro/src/opcodes.h
/SOURCE/FREEDOOM/SOURCES.ZIP/allegro/src/pcx.c
/SOURCE/FREEDOOM/SOURCES.ZIP/allegro/src/poly3d.c
/SOURCE/FREEDOOM/SOURCES.ZIP/allegro/src/polygon.c
/SOURCE/FREEDOOM/SOURCES.ZIP/allegro/src/quantize.c
/SOURCE/FREEDOOM/SOURCES.ZIP/allegro/src/readbmp.c
/SOURCE/FREEDOOM/SOURCES.ZIP/allegro/src/scanline.s
/SOURCE/FREEDOOM/SOURCES.ZIP/allegro/src/snddrv.c
/SOURCE/FREEDOOM/SOURCES.ZIP/allegro/src/sound.c
/SOURCE/FREEDOOM/SOURCES.ZIP/allegro/src/spline.c
/SOURCE/FREEDOOM/SOURCES.ZIP/allegro/src/sprite.c
/SOURCE/FREEDOOM/SOURCES.ZIP/allegro/src/sprite.inc
/SOURCE/FREEDOOM/SOURCES.ZIP/allegro/src/sprite15.s
/SOURCE/FREEDOOM/SOURCES.ZIP/allegro/src/sprite16.s
/SOURCE/FREEDOOM/SOURCES.ZIP/allegro/src/sprite24.s
/SOURCE/FREEDOOM/SOURCES.ZIP/allegro/src/sprite32.s
/SOURCE/FREEDOOM/SOURCES.ZIP/allegro/src/sprite8.s
/SOURCE/FREEDOOM/SOURCES.ZIP/allegro/src/stream.c
/SOURCE/FREEDOOM/SOURCES.ZIP/allegro/src/stretch.c
/SOURCE/FREEDOOM/SOURCES.ZIP/allegro/src/text.c
/SOURCE/FREEDOOM/SOURCES.ZIP/allegro/src/tga.c
/SOURCE/FREEDOOM/SOURCES.ZIP/allegro/src/vga.c
/SOURCE/FREEDOOM/SOURCES.ZIP/allegro/src/vtable.c
/SOURCE/FREEDOOM/SOURCES.ZIP/allegro/src/vtable15.c
/SOURCE/FREEDOOM/SOURCES.ZIP/allegro/src/vtable16.c
/SOURCE/FREEDOOM/SOURCES.ZIP/allegro/src/vtable24.c
/SOURCE/FREEDOOM/SOURCES.ZIP/allegro/src/vtable32.c
/SOURCE/FREEDOOM/SOURCES.ZIP/allegro/src/vtable8.c
/SOURCE/FREEDOOM/SOURCES.ZIP/allegro/src/xgfx.s
/SOURCE/FREEDOOM/SOURCES.ZIP/allegro/tests/
/SOURCE/FREEDOOM/SOURCES.ZIP/allegro/tests/afinfo.c
/SOURCE/FREEDOOM/SOURCES.ZIP/allegro/tests/akaitest.c
/SOURCE/FREEDOOM/SOURCES.ZIP/allegro/tests/digitest.c
/SOURCE/FREEDOOM/SOURCES.ZIP/allegro/tests/mathtest.c
/SOURCE/FREEDOOM/SOURCES.ZIP/allegro/tests/miditest.c
/SOURCE/FREEDOOM/SOURCES.ZIP/allegro/tests/play.c
/SOURCE/FREEDOOM/SOURCES.ZIP/allegro/tests/playfli.c
/SOURCE/FREEDOOM/SOURCES.ZIP/allegro/tests/test.c
/SOURCE/FREEDOOM/SOURCES.ZIP/allegro/tests/vesainfo.c
/SOURCE/FREEDOOM/SOURCES.ZIP/allegro/thanks
/SOURCE/FREEDOOM/SOURCES.ZIP/allegro/tools/
/SOURCE/FREEDOOM/SOURCES.ZIP/allegro/tools/colormap.c
/SOURCE/FREEDOOM/SOURCES.ZIP/allegro/tools/dat.c
/SOURCE/FREEDOOM/SOURCES.ZIP/allegro/tools/dat2s.c
/SOURCE/FREEDOOM/SOURCES.ZIP/allegro/tools/datedit.c
/SOURCE/FREEDOOM/SOURCES.ZIP/allegro/tools/datedit.h
/SOURCE/FREEDOOM/SOURCES.ZIP/allegro/tools/exedat.c
/SOURCE/FREEDOOM/SOURCES.ZIP/allegro/tools/grabber.c
/SOURCE/FREEDOOM/SOURCES.ZIP/allegro/tools/grabber.txt
/SOURCE/FREEDOOM/SOURCES.ZIP/allegro/tools/pack.c
/SOURCE/FREEDOOM/SOURCES.ZIP/allegro/tools/pat2dat.c
/SOURCE/FREEDOOM/SOURCES.ZIP/allegro/tools/plugins/
/SOURCE/FREEDOOM/SOURCES.ZIP/allegro/tools/plugins/datfli.c
/SOURCE/FREEDOOM/SOURCES.ZIP/allegro/tools/plugins/datfli.inc
/SOURCE/FREEDOOM/SOURCES.ZIP/allegro/tools/plugins/datfont.c
/SOURCE/FREEDOOM/SOURCES.ZIP/allegro/tools/plugins/datfont.inc
/SOURCE/FREEDOOM/SOURCES.ZIP/allegro/tools/plugins/datgrab.c
/SOURCE/FREEDOOM/SOURCES.ZIP/allegro/tools/plugins/datgrab.inc
/SOURCE/FREEDOOM/SOURCES.ZIP/allegro/tools/plugins/datgrid.c
/SOURCE/FREEDOOM/SOURCES.ZIP/allegro/tools/plugins/datgrid.inc
/SOURCE/FREEDOOM/SOURCES.ZIP/allegro/tools/plugins/datimage.c
/SOURCE/FREEDOOM/SOURCES.ZIP/allegro/tools/plugins/datimage.inc
/SOURCE/FREEDOOM/SOURCES.ZIP/allegro/tools/plugins/datitype.c
/SOURCE/FREEDOOM/SOURCES.ZIP/allegro/tools/plugins/datitype.inc
/SOURCE/FREEDOOM/SOURCES.ZIP/allegro/tools/plugins/datmidi.c
/SOURCE/FREEDOOM/SOURCES.ZIP/allegro/tools/plugins/datmidi.inc
/SOURCE/FREEDOOM/SOURCES.ZIP/allegro/tools/plugins/datpal.c
/SOURCE/FREEDOOM/SOURCES.ZIP/allegro/tools/plugins/datpal.inc
/SOURCE/FREEDOOM/SOURCES.ZIP/allegro/tools/plugins/datsamp.c
/SOURCE/FREEDOOM/SOURCES.ZIP/allegro/tools/plugins/datsamp.inc
/SOURCE/FREEDOOM/SOURCES.ZIP/allegro/tools/plugins/datworms.c
/SOURCE/FREEDOOM/SOURCES.ZIP/allegro/tools/plugins/datworms.inc
/SOURCE/FREEDOOM/SOURCES.ZIP/allegro/tools/plugins/plugins.txt
/SOURCE/FREEDOOM/SOURCES.ZIP/allegro/tools/rgbmap.c
/SOURCE/FREEDOOM/SOURCES.ZIP/MAKEFILE.DIF
/SOURCE/FREEDOOM/SOURCES.ZIP/RUGXDOOM.TXT
/SOURCE/FREEDOOM/SOURCES.ZIP/SMMU-SRC/
/SOURCE/FREEDOOM/SOURCES.ZIP/SMMU-SRC/COPYING
/SOURCE/FREEDOOM/SOURCES.ZIP/SMMU-SRC/CVS/
/SOURCE/FREEDOOM/SOURCES.ZIP/SMMU-SRC/CVS/Entries
/SOURCE/FREEDOOM/SOURCES.ZIP/SMMU-SRC/CVS/Repository
/SOURCE/FREEDOOM/SOURCES.ZIP/SMMU-SRC/CVS/Root
/SOURCE/FREEDOOM/SOURCES.ZIP/SMMU-SRC/am_color.c
/SOURCE/FREEDOOM/SOURCES.ZIP/SMMU-SRC/am_map.c
/SOURCE/FREEDOOM/SOURCES.ZIP/SMMU-SRC/am_map.h
/SOURCE/FREEDOOM/SOURCES.ZIP/SMMU-SRC/c_cmd.c
/SOURCE/FREEDOOM/SOURCES.ZIP/SMMU-SRC/c_io.c
/SOURCE/FREEDOOM/SOURCES.ZIP/SMMU-SRC/c_io.h
/SOURCE/FREEDOOM/SOURCES.ZIP/SMMU-SRC/c_net.c
/SOURCE/FREEDOOM/SOURCES.ZIP/SMMU-SRC/c_net.h
/SOURCE/FREEDOOM/SOURCES.ZIP/SMMU-SRC/c_runcmd.c
/SOURCE/FREEDOOM/SOURCES.ZIP/SMMU-SRC/c_runcmd.h
/SOURCE/FREEDOOM/SOURCES.ZIP/SMMU-SRC/changes.txt
/SOURCE/FREEDOOM/SOURCES.ZIP/SMMU-SRC/cl_clien.c
/SOURCE/FREEDOOM/SOURCES.ZIP/SMMU-SRC/cl_clien.h
/SOURCE/FREEDOOM/SOURCES.ZIP/SMMU-SRC/cl_demo.c
/SOURCE/FREEDOOM/SOURCES.ZIP/SMMU-SRC/cl_find.c
/SOURCE/FREEDOOM/SOURCES.ZIP/SMMU-SRC/compile.txt
/SOURCE/FREEDOOM/SOURCES.ZIP/SMMU-SRC/copx.bat
/SOURCE/FREEDOOM/SOURCES.ZIP/SMMU-SRC/cygwin/
/SOURCE/FREEDOOM/SOURCES.ZIP/SMMU-SRC/cygwin/CVS/
/SOURCE/FREEDOOM/SOURCES.ZIP/SMMU-SRC/cygwin/CVS/Entries
/SOURCE/FREEDOOM/SOURCES.ZIP/SMMU-SRC/cygwin/CVS/Repository
/SOURCE/FREEDOOM/SOURCES.ZIP/SMMU-SRC/cygwin/CVS/Root
/SOURCE/FREEDOOM/SOURCES.ZIP/SMMU-SRC/cygwin/i_main.c
/SOURCE/FREEDOOM/SOURCES.ZIP/SMMU-SRC/cygwin/i_sound.c
/SOURCE/FREEDOOM/SOURCES.ZIP/SMMU-SRC/cygwin/i_system.c
/SOURCE/FREEDOOM/SOURCES.ZIP/SMMU-SRC/cygwin/v_win32.c
/SOURCE/FREEDOOM/SOURCES.ZIP/SMMU-SRC/d_deh.c
/SOURCE/FREEDOOM/SOURCES.ZIP/SMMU-SRC/d_deh.h
/SOURCE/FREEDOOM/SOURCES.ZIP/SMMU-SRC/d_englsh.h
/SOURCE/FREEDOOM/SOURCES.ZIP/SMMU-SRC/d_event.h
/SOURCE/FREEDOOM/SOURCES.ZIP/SMMU-SRC/d_french.h
/SOURCE/FREEDOOM/SOURCES.ZIP/SMMU-SRC/d_items.c
/SOURCE/FREEDOOM/SOURCES.ZIP/SMMU-SRC/d_items.h
/SOURCE/FREEDOOM/SOURCES.ZIP/SMMU-SRC/d_main.c
/SOURCE/FREEDOOM/SOURCES.ZIP/SMMU-SRC/d_main.h
/SOURCE/FREEDOOM/SOURCES.ZIP/SMMU-SRC/d_player.h
/SOURCE/FREEDOOM/SOURCES.ZIP/SMMU-SRC/d_textur.h
/SOURCE/FREEDOOM/SOURCES.ZIP/SMMU-SRC/d_think.h
/SOURCE/FREEDOOM/SOURCES.ZIP/SMMU-SRC/d_ticcmd.h
/SOURCE/FREEDOOM/SOURCES.ZIP/SMMU-SRC/dedserv.c
/SOURCE/FREEDOOM/SOURCES.ZIP/SMMU-SRC/dedserv.mak
/SOURCE/FREEDOOM/SOURCES.ZIP/SMMU-SRC/djgpp/
/SOURCE/FREEDOOM/SOURCES.ZIP/SMMU-SRC/djgpp/CVS/
/SOURCE/FREEDOOM/SOURCES.ZIP/SMMU-SRC/djgpp/CVS/Entries
/SOURCE/FREEDOOM/SOURCES.ZIP/SMMU-SRC/djgpp/CVS/Repository
/SOURCE/FREEDOOM/SOURCES.ZIP/SMMU-SRC/djgpp/CVS/Root
/SOURCE/FREEDOOM/SOURCES.ZIP/SMMU-SRC/djgpp/allegro.h
/SOURCE/FREEDOOM/SOURCES.ZIP/SMMU-SRC/djgpp/drawcol.s
/SOURCE/FREEDOOM/SOURCES.ZIP/SMMU-SRC/djgpp/drawspan.s
/SOURCE/FREEDOOM/SOURCES.ZIP/SMMU-SRC/djgpp/emu8k.h
/SOURCE/FREEDOOM/SOURCES.ZIP/SMMU-SRC/djgpp/emu8kmid.c
/SOURCE/FREEDOOM/SOURCES.ZIP/SMMU-SRC/djgpp/i_main.c
/SOURCE/FREEDOOM/SOURCES.ZIP/SMMU-SRC/djgpp/i_sound.c
/SOURCE/FREEDOOM/SOURCES.ZIP/SMMU-SRC/djgpp/i_system.c
/SOURCE/FREEDOOM/SOURCES.ZIP/SMMU-SRC/djgpp/internal.h
/SOURCE/FREEDOOM/SOURCES.ZIP/SMMU-SRC/djgpp/interndj.h
/SOURCE/FREEDOOM/SOURCES.ZIP/SMMU-SRC/djgpp/keyboard.c
/SOURCE/FREEDOOM/SOURCES.ZIP/SMMU-SRC/djgpp/keyboard.h
/SOURCE/FREEDOOM/SOURCES.ZIP/SMMU-SRC/djgpp/mmus2mid.c
/SOURCE/FREEDOOM/SOURCES.ZIP/SMMU-SRC/djgpp/mmus2mid.h
/SOURCE/FREEDOOM/SOURCES.ZIP/SMMU-SRC/djgpp/net_ext.c
/SOURCE/FREEDOOM/SOURCES.ZIP/SMMU-SRC/djgpp/net_ser.c
/SOURCE/FREEDOOM/SOURCES.ZIP/SMMU-SRC/djgpp/oldasm/
/SOURCE/FREEDOOM/SOURCES.ZIP/SMMU-SRC/djgpp/oldasm/CVS/
/SOURCE/FREEDOOM/SOURCES.ZIP/SMMU-SRC/djgpp/oldasm/CVS/Entries
/SOURCE/FREEDOOM/SOURCES.ZIP/SMMU-SRC/djgpp/oldasm/CVS/Repository
/SOURCE/FREEDOOM/SOURCES.ZIP/SMMU-SRC/djgpp/oldasm/CVS/Root
/SOURCE/FREEDOOM/SOURCES.ZIP/SMMU-SRC/djgpp/oldasm/DRAWCOL.S
/SOURCE/FREEDOOM/SOURCES.ZIP/SMMU-SRC/djgpp/oldasm/DRAWSPAN.S
/SOURCE/FREEDOOM/SOURCES.ZIP/SMMU-SRC/djgpp/oldasm/PPROBLIT.S
/SOURCE/FREEDOOM/SOURCES.ZIP/SMMU-SRC/djgpp/pproblit.s
/SOURCE/FREEDOOM/SOURCES.ZIP/SMMU-SRC/djgpp/ser_port.c
/SOURCE/FREEDOOM/SOURCES.ZIP/SMMU-SRC/djgpp/ser_port.h
/SOURCE/FREEDOOM/SOURCES.ZIP/SMMU-SRC/djgpp/v_alleg.c
/SOURCE/FREEDOOM/SOURCES.ZIP/SMMU-SRC/djgpp/v_text.c
/SOURCE/FREEDOOM/SOURCES.ZIP/SMMU-SRC/djgpp/v_vga.c
/SOURCE/FREEDOOM/SOURCES.ZIP/SMMU-SRC/doomdata.h
/SOURCE/FREEDOOM/SOURCES.ZIP/SMMU-SRC/doomdef.c
/SOURCE/FREEDOOM/SOURCES.ZIP/SMMU-SRC/doomdef.h
/SOURCE/FREEDOOM/SOURCES.ZIP/SMMU-SRC/doomstat.c
/SOURCE/FREEDOOM/SOURCES.ZIP/SMMU-SRC/doomstat.h
/SOURCE/FREEDOOM/SOURCES.ZIP/SMMU-SRC/doomtype.h
/SOURCE/FREEDOOM/SOURCES.ZIP/SMMU-SRC/dstrings.c
/SOURCE/FREEDOOM/SOURCES.ZIP/SMMU-SRC/dstrings.h
/SOURCE/FREEDOOM/SOURCES.ZIP/SMMU-SRC/f_finale.c
/SOURCE/FREEDOOM/SOURCES.ZIP/SMMU-SRC/f_finale.h
/SOURCE/FREEDOOM/SOURCES.ZIP/SMMU-SRC/f_wipe.c
/SOURCE/FREEDOOM/SOURCES.ZIP/SMMU-SRC/f_wipe.h
/SOURCE/FREEDOOM/SOURCES.ZIP/SMMU-SRC/g_bind.c
/SOURCE/FREEDOOM/SOURCES.ZIP/SMMU-SRC/g_bind.h
/SOURCE/FREEDOOM/SOURCES.ZIP/SMMU-SRC/g_cmd.c
/SOURCE/FREEDOOM/SOURCES.ZIP/SMMU-SRC/g_game.c
/SOURCE/FREEDOOM/SOURCES.ZIP/SMMU-SRC/g_game.h
/SOURCE/FREEDOOM/SOURCES.ZIP/SMMU-SRC/hu_frags.c
/SOURCE/FREEDOOM/SOURCES.ZIP/SMMU-SRC/hu_frags.h
/SOURCE/FREEDOOM/SOURCES.ZIP/SMMU-SRC/hu_over.c
/SOURCE/FREEDOOM/SOURCES.ZIP/SMMU-SRC/hu_over.h
/SOURCE/FREEDOOM/SOURCES.ZIP/SMMU-SRC/hu_stuff.c
/SOURCE/FREEDOOM/SOURCES.ZIP/SMMU-SRC/hu_stuff.h
/SOURCE/FREEDOOM/SOURCES.ZIP/SMMU-SRC/i_sound.h
/SOURCE/FREEDOOM/SOURCES.ZIP/SMMU-SRC/i_system.h
/SOURCE/FREEDOOM/SOURCES.ZIP/SMMU-SRC/info.c
/SOURCE/FREEDOOM/SOURCES.ZIP/SMMU-SRC/info.h
/SOURCE/FREEDOOM/SOURCES.ZIP/SMMU-SRC/linux/
/SOURCE/FREEDOOM/SOURCES.ZIP/SMMU-SRC/linux/CVS/
/SOURCE/FREEDOOM/SOURCES.ZIP/SMMU-SRC/linux/CVS/Entries
/SOURCE/FREEDOOM/SOURCES.ZIP/SMMU-SRC/linux/CVS/Repository
/SOURCE/FREEDOOM/SOURCES.ZIP/SMMU-SRC/linux/CVS/Root
/SOURCE/FREEDOOM/SOURCES.ZIP/SMMU-SRC/linux/drawcol.s
/SOURCE/FREEDOOM/SOURCES.ZIP/SMMU-SRC/linux/drawspan.s
/SOURCE/FREEDOOM/SOURCES.ZIP/SMMU-SRC/linux/i_esound.h
/SOURCE/FREEDOOM/SOURCES.ZIP/SMMU-SRC/linux/i_main.c
/SOURCE/FREEDOOM/SOURCES.ZIP/SMMU-SRC/linux/i_sound.c
/SOURCE/FREEDOOM/SOURCES.ZIP/SMMU-SRC/linux/i_system.c
/SOURCE/FREEDOOM/SOURCES.ZIP/SMMU-SRC/linux/old/
/SOURCE/FREEDOOM/SOURCES.ZIP/SMMU-SRC/linux/old/CVS/
/SOURCE/FREEDOOM/SOURCES.ZIP/SMMU-SRC/linux/old/CVS/Entries
/SOURCE/FREEDOOM/SOURCES.ZIP/SMMU-SRC/linux/old/CVS/Repository
/SOURCE/FREEDOOM/SOURCES.ZIP/SMMU-SRC/linux/old/CVS/Root
/SOURCE/FREEDOOM/SOURCES.ZIP/SMMU-SRC/linux/old/i_svga.c
/SOURCE/FREEDOOM/SOURCES.ZIP/SMMU-SRC/linux/old/i_xwin.c
/SOURCE/FREEDOOM/SOURCES.ZIP/SMMU-SRC/linux/v_svga.c
/SOURCE/FREEDOOM/SOURCES.ZIP/SMMU-SRC/linux/v_xwin.c
/SOURCE/FREEDOOM/SOURCES.ZIP/SMMU-SRC/m_argv.c
/SOURCE/FREEDOOM/SOURCES.ZIP/SMMU-SRC/m_argv.h
/SOURCE/FREEDOOM/SOURCES.ZIP/SMMU-SRC/m_bbox.c
/SOURCE/FREEDOOM/SOURCES.ZIP/SMMU-SRC/m_bbox.h
/SOURCE/FREEDOOM/SOURCES.ZIP/SMMU-SRC/m_cheat.c
/SOURCE/FREEDOOM/SOURCES.ZIP/SMMU-SRC/m_cheat.h
/SOURCE/FREEDOOM/SOURCES.ZIP/SMMU-SRC/m_fixed.h
/SOURCE/FREEDOOM/SOURCES.ZIP/SMMU-SRC/m_misc.c
/SOURCE/FREEDOOM/SOURCES.ZIP/SMMU-SRC/m_misc.h
/SOURCE/FREEDOOM/SOURCES.ZIP/SMMU-SRC/m_random.c
/SOURCE/FREEDOOM/SOURCES.ZIP/SMMU-SRC/m_random.h
/SOURCE/FREEDOOM/SOURCES.ZIP/SMMU-SRC/m_swap.h
/SOURCE/FREEDOOM/SOURCES.ZIP/SMMU-SRC/makefile
/SOURCE/FREEDOOM/SOURCES.ZIP/SMMU-SRC/mn_engin.c
/SOURCE/FREEDOOM/SOURCES.ZIP/SMMU-SRC/mn_engin.h
/SOURCE/FREEDOOM/SOURCES.ZIP/SMMU-SRC/mn_files.c
/SOURCE/FREEDOOM/SOURCES.ZIP/SMMU-SRC/mn_menus.c
/SOURCE/FREEDOOM/SOURCES.ZIP/SMMU-SRC/mn_menus.h
/SOURCE/FREEDOOM/SOURCES.ZIP/SMMU-SRC/mn_misc.c
/SOURCE/FREEDOOM/SOURCES.ZIP/SMMU-SRC/mn_misc.h
/SOURCE/FREEDOOM/SOURCES.ZIP/SMMU-SRC/mn_net.c
/SOURCE/FREEDOOM/SOURCES.ZIP/SMMU-SRC/net_gen.c
/SOURCE/FREEDOOM/SOURCES.ZIP/SMMU-SRC/net_gen.h
/SOURCE/FREEDOOM/SOURCES.ZIP/SMMU-SRC/net_loop.c
/SOURCE/FREEDOOM/SOURCES.ZIP/SMMU-SRC/net_modl.h
/SOURCE/FREEDOOM/SOURCES.ZIP/SMMU-SRC/net_udp.c
/SOURCE/FREEDOOM/SOURCES.ZIP/SMMU-SRC/oldate.bat
/SOURCE/FREEDOOM/SOURCES.ZIP/SMMU-SRC/p_ceilng.c
/SOURCE/FREEDOOM/SOURCES.ZIP/SMMU-SRC/p_chase.c
/SOURCE/FREEDOOM/SOURCES.ZIP/SMMU-SRC/p_chase.h
/SOURCE/FREEDOOM/SOURCES.ZIP/SMMU-SRC/p_cmd.c
/SOURCE/FREEDOOM/SOURCES.ZIP/SMMU-SRC/p_doors.c
/SOURCE/FREEDOOM/SOURCES.ZIP/SMMU-SRC/p_enemy.c
/SOURCE/FREEDOOM/SOURCES.ZIP/SMMU-SRC/p_enemy.h
/SOURCE/FREEDOOM/SOURCES.ZIP/SMMU-SRC/p_floor.c
/SOURCE/FREEDOOM/SOURCES.ZIP/SMMU-SRC/p_genlin.c
/SOURCE/FREEDOOM/SOURCES.ZIP/SMMU-SRC/p_hubs.c
/SOURCE/FREEDOOM/SOURCES.ZIP/SMMU-SRC/p_hubs.h
/SOURCE/FREEDOOM/SOURCES.ZIP/SMMU-SRC/p_info.c
/SOURCE/FREEDOOM/SOURCES.ZIP/SMMU-SRC/p_info.h
/SOURCE/FREEDOOM/SOURCES.ZIP/SMMU-SRC/p_inter.c
/SOURCE/FREEDOOM/SOURCES.ZIP/SMMU-SRC/p_inter.h
/SOURCE/FREEDOOM/SOURCES.ZIP/SMMU-SRC/p_lights.c
/SOURCE/FREEDOOM/SOURCES.ZIP/SMMU-SRC/p_map.c
/SOURCE/FREEDOOM/SOURCES.ZIP/SMMU-SRC/p_map.h
/SOURCE/FREEDOOM/SOURCES.ZIP/SMMU-SRC/p_maputl.c
/SOURCE/FREEDOOM/SOURCES.ZIP/SMMU-SRC/p_maputl.h
/SOURCE/FREEDOOM/SOURCES.ZIP/SMMU-SRC/p_mobj.c
/SOURCE/FREEDOOM/SOURCES.ZIP/SMMU-SRC/p_mobj.h
/SOURCE/FREEDOOM/SOURCES.ZIP/SMMU-SRC/p_plats.c
/SOURCE/FREEDOOM/SOURCES.ZIP/SMMU-SRC/p_pspr.c
/SOURCE/FREEDOOM/SOURCES.ZIP/SMMU-SRC/p_pspr.h
/SOURCE/FREEDOOM/SOURCES.ZIP/SMMU-SRC/p_saveg.c
/SOURCE/FREEDOOM/SOURCES.ZIP/SMMU-SRC/p_saveg.h
/SOURCE/FREEDOOM/SOURCES.ZIP/SMMU-SRC/p_setup.c
/SOURCE/FREEDOOM/SOURCES.ZIP/SMMU-SRC/p_setup.h
/SOURCE/FREEDOOM/SOURCES.ZIP/SMMU-SRC/p_sight.c
/SOURCE/FREEDOOM/SOURCES.ZIP/SMMU-SRC/p_skin.c
/SOURCE/FREEDOOM/SOURCES.ZIP/SMMU-SRC/p_skin.h
/SOURCE/FREEDOOM/SOURCES.ZIP/SMMU-SRC/p_spec.c
/SOURCE/FREEDOOM/SOURCES.ZIP/SMMU-SRC/p_spec.h
/SOURCE/FREEDOOM/SOURCES.ZIP/SMMU-SRC/p_switch.c
/SOURCE/FREEDOOM/SOURCES.ZIP/SMMU-SRC/p_telept.c
/SOURCE/FREEDOOM/SOURCES.ZIP/SMMU-SRC/p_tick.c
/SOURCE/FREEDOOM/SOURCES.ZIP/SMMU-SRC/p_tick.h
/SOURCE/FREEDOOM/SOURCES.ZIP/SMMU-SRC/p_user.c
/SOURCE/FREEDOOM/SOURCES.ZIP/SMMU-SRC/p_user.h
/SOURCE/FREEDOOM/SOURCES.ZIP/SMMU-SRC/r_bsp.c
/SOURCE/FREEDOOM/SOURCES.ZIP/SMMU-SRC/r_bsp.h
/SOURCE/FREEDOOM/SOURCES.ZIP/SMMU-SRC/r_data.c
/SOURCE/FREEDOOM/SOURCES.ZIP/SMMU-SRC/r_data.h
/SOURCE/FREEDOOM/SOURCES.ZIP/SMMU-SRC/r_defs.h
/SOURCE/FREEDOOM/SOURCES.ZIP/SMMU-SRC/r_draw.c
/SOURCE/FREEDOOM/SOURCES.ZIP/SMMU-SRC/r_draw.h
/SOURCE/FREEDOOM/SOURCES.ZIP/SMMU-SRC/r_main.c
/SOURCE/FREEDOOM/SOURCES.ZIP/SMMU-SRC/r_main.h
/SOURCE/FREEDOOM/SOURCES.ZIP/SMMU-SRC/r_plane.c
/SOURCE/FREEDOOM/SOURCES.ZIP/SMMU-SRC/r_plane.h
/SOURCE/FREEDOOM/SOURCES.ZIP/SMMU-SRC/r_ripple.c
/SOURCE/FREEDOOM/SOURCES.ZIP/SMMU-SRC/r_ripple.h
/SOURCE/FREEDOOM/SOURCES.ZIP/SMMU-SRC/r_segs.c
/SOURCE/FREEDOOM/SOURCES.ZIP/SMMU-SRC/r_segs.h
/SOURCE/FREEDOOM/SOURCES.ZIP/SMMU-SRC/r_sky.c
/SOURCE/FREEDOOM/SOURCES.ZIP/SMMU-SRC/r_sky.h
/SOURCE/FREEDOOM/SOURCES.ZIP/SMMU-SRC/r_state.h
/SOURCE/FREEDOOM/SOURCES.ZIP/SMMU-SRC/r_things.c
/SOURCE/FREEDOOM/SOURCES.ZIP/SMMU-SRC/r_things.h
/SOURCE/FREEDOOM/SOURCES.ZIP/SMMU-SRC/s_sound.c
/SOURCE/FREEDOOM/SOURCES.ZIP/SMMU-SRC/s_sound.h
/SOURCE/FREEDOOM/SOURCES.ZIP/SMMU-SRC/sock.vxd
/SOURCE/FREEDOOM/SOURCES.ZIP/SMMU-SRC/sounds.c
/SOURCE/FREEDOOM/SOURCES.ZIP/SMMU-SRC/sounds.h
/SOURCE/FREEDOOM/SOURCES.ZIP/SMMU-SRC/st_lib.c
/SOURCE/FREEDOOM/SOURCES.ZIP/SMMU-SRC/st_lib.h
/SOURCE/FREEDOOM/SOURCES.ZIP/SMMU-SRC/st_stuff.c
/SOURCE/FREEDOOM/SOURCES.ZIP/SMMU-SRC/st_stuff.h
/SOURCE/FREEDOOM/SOURCES.ZIP/SMMU-SRC/stripexe.bat
/SOURCE/FREEDOOM/SOURCES.ZIP/SMMU-SRC/sv_serv.c
/SOURCE/FREEDOOM/SOURCES.ZIP/SMMU-SRC/sv_serv.h
/SOURCE/FREEDOOM/SOURCES.ZIP/SMMU-SRC/t_func.c
/SOURCE/FREEDOOM/SOURCES.ZIP/SMMU-SRC/t_func.h
/SOURCE/FREEDOOM/SOURCES.ZIP/SMMU-SRC/t_oper.c
/SOURCE/FREEDOOM/SOURCES.ZIP/SMMU-SRC/t_oper.h
/SOURCE/FREEDOOM/SOURCES.ZIP/SMMU-SRC/t_parse.c
/SOURCE/FREEDOOM/SOURCES.ZIP/SMMU-SRC/t_parse.h
/SOURCE/FREEDOOM/SOURCES.ZIP/SMMU-SRC/t_prepro.c
/SOURCE/FREEDOOM/SOURCES.ZIP/SMMU-SRC/t_prepro.h
/SOURCE/FREEDOOM/SOURCES.ZIP/SMMU-SRC/t_script.c
/SOURCE/FREEDOOM/SOURCES.ZIP/SMMU-SRC/t_script.h
/SOURCE/FREEDOOM/SOURCES.ZIP/SMMU-SRC/t_spec.c
/SOURCE/FREEDOOM/SOURCES.ZIP/SMMU-SRC/t_spec.h
/SOURCE/FREEDOOM/SOURCES.ZIP/SMMU-SRC/t_vari.c
/SOURCE/FREEDOOM/SOURCES.ZIP/SMMU-SRC/t_vari.h
/SOURCE/FREEDOOM/SOURCES.ZIP/SMMU-SRC/tables.c
/SOURCE/FREEDOOM/SOURCES.ZIP/SMMU-SRC/tables.h
/SOURCE/FREEDOOM/SOURCES.ZIP/SMMU-SRC/utils/
/SOURCE/FREEDOOM/SOURCES.ZIP/SMMU-SRC/utils/CVS/
/SOURCE/FREEDOOM/SOURCES.ZIP/SMMU-SRC/utils/CVS/Entries
/SOURCE/FREEDOOM/SOURCES.ZIP/SMMU-SRC/utils/CVS/Repository
/SOURCE/FREEDOOM/SOURCES.ZIP/SMMU-SRC/utils/CVS/Root
/SOURCE/FREEDOOM/SOURCES.ZIP/SMMU-SRC/utils/defswani.dat
/SOURCE/FREEDOOM/SOURCES.ZIP/SMMU-SRC/utils/makefile
/SOURCE/FREEDOOM/SOURCES.ZIP/SMMU-SRC/utils/src/
/SOURCE/FREEDOOM/SOURCES.ZIP/SMMU-SRC/utils/src/CVS/
/SOURCE/FREEDOOM/SOURCES.ZIP/SMMU-SRC/utils/src/CVS/Entries
/SOURCE/FREEDOOM/SOURCES.ZIP/SMMU-SRC/utils/src/CVS/Repository
/SOURCE/FREEDOOM/SOURCES.ZIP/SMMU-SRC/utils/src/CVS/Root
/SOURCE/FREEDOOM/SOURCES.ZIP/SMMU-SRC/utils/src/add_fs/
/SOURCE/FREEDOOM/SOURCES.ZIP/SMMU-SRC/utils/src/add_fs/CVS/
/SOURCE/FREEDOOM/SOURCES.ZIP/SMMU-SRC/utils/src/add_fs/CVS/Entries
/SOURCE/FREEDOOM/SOURCES.ZIP/SMMU-SRC/utils/src/add_fs/CVS/Repository
/SOURCE/FREEDOOM/SOURCES.ZIP/SMMU-SRC/utils/src/add_fs/CVS/Root
/SOURCE/FREEDOOM/SOURCES.ZIP/SMMU-SRC/utils/src/add_fs/main.c
/SOURCE/FREEDOOM/SOURCES.ZIP/SMMU-SRC/utils/src/add_fs/makefile
/SOURCE/FREEDOOM/SOURCES.ZIP/SMMU-SRC/utils/src/add_fs/waddir.c
/SOURCE/FREEDOOM/SOURCES.ZIP/SMMU-SRC/utils/src/add_fs/waddir.h
/SOURCE/FREEDOOM/SOURCES.ZIP/SMMU-SRC/utils/src/swantbls/
/SOURCE/FREEDOOM/SOURCES.ZIP/SMMU-SRC/utils/src/swantbls/CVS/
/SOURCE/FREEDOOM/SOURCES.ZIP/SMMU-SRC/utils/src/swantbls/CVS/Entries
/SOURCE/FREEDOOM/SOURCES.ZIP/SMMU-SRC/utils/src/swantbls/CVS/Repository
/SOURCE/FREEDOOM/SOURCES.ZIP/SMMU-SRC/utils/src/swantbls/CVS/Root
/SOURCE/FREEDOOM/SOURCES.ZIP/SMMU-SRC/utils/src/swantbls/defswani.dat
/SOURCE/FREEDOOM/SOURCES.ZIP/SMMU-SRC/utils/src/swantbls/makefile
/SOURCE/FREEDOOM/SOURCES.ZIP/SMMU-SRC/utils/src/swantbls/swantbls.c
/SOURCE/FREEDOOM/SOURCES.ZIP/SMMU-SRC/v_misc.c
/SOURCE/FREEDOOM/SOURCES.ZIP/SMMU-SRC/v_misc.h
/SOURCE/FREEDOOM/SOURCES.ZIP/SMMU-SRC/v_mode.c
/SOURCE/FREEDOOM/SOURCES.ZIP/SMMU-SRC/v_mode.h
/SOURCE/FREEDOOM/SOURCES.ZIP/SMMU-SRC/v_video.c
/SOURCE/FREEDOOM/SOURCES.ZIP/SMMU-SRC/v_video.h
/SOURCE/FREEDOOM/SOURCES.ZIP/SMMU-SRC/version.c
/SOURCE/FREEDOOM/SOURCES.ZIP/SMMU-SRC/version.h
/SOURCE/FREEDOOM/SOURCES.ZIP/SMMU-SRC/w_wad.c
/SOURCE/FREEDOOM/SOURCES.ZIP/SMMU-SRC/w_wad.h
/SOURCE/FREEDOOM/SOURCES.ZIP/SMMU-SRC/wi_stuff.c
/SOURCE/FREEDOOM/SOURCES.ZIP/SMMU-SRC/wi_stuff.h
/SOURCE/FREEDOOM/SOURCES.ZIP/SMMU-SRC/winsock2.bat
/SOURCE/FREEDOOM/SOURCES.ZIP/SMMU-SRC/z_zone.c
/SOURCE/FREEDOOM/SOURCES.ZIP/SMMU-SRC/z_zone.h
/SOURCE/FREEDOOM/SOURCES.ZIP/Z_ZONE.DIF
