/
/APPINFO/
/APPINFO/FREEMACS.DE
/APPINFO/FREEMACS.FR
/APPINFO/FREEMACS.LSM
/APPINFO/FREEMACS.SV
/APPINFO/FREEMACS.TR
/DOC/
/DOC/EMACS/
/DOC/EMACS/CHANGES.DOC
/DOC/EMACS/COPYING.DOC
/DOC/EMACS/CUSTOMIZ.DOC
/DOC/EMACS/EMACS.DOC
/DOC/EMACS/HOWTOGET.IT
/DOC/EMACS/MANIFEST.DOC
/DOC/EMACS/MINTTUT.DOC
/DOC/EMACS/README.DOC
/DOC/EMACS/SPELLER.DOC
/DOC/EMACS/TUTORIAL.DOC
/DOC/EMACS/TWOPAGE.DOC
/EDIT/
/EDIT/EMACS/
/EDIT/EMACS/ABBREV.MIN
/EDIT/EMACS/ABBREV1.MIN
/EDIT/EMACS/ABBREV2.MIN
/EDIT/EMACS/ABBREV3.MIN
/EDIT/EMACS/ASM.MIN
/EDIT/EMACS/BOOT.MIN
/EDIT/EMACS/BYTEC.MIN
/EDIT/EMACS/C.MIN
/EDIT/EMACS/COPYING.DOC
/EDIT/EMACS/DABBREV.MIN
/EDIT/EMACS/DIRED.MIN
/EDIT/EMACS/EMACS.EXE
/EDIT/EMACS/FORTRAN.MIN
/EDIT/EMACS/FREEMODE.MIN
/EDIT/EMACS/GREP.MIN
/EDIT/EMACS/INFO.MIN
/EDIT/EMACS/KEYS.MIN
/EDIT/EMACS/LISP.MIN
/EDIT/EMACS/MINTED.MIN
/EDIT/EMACS/MOUSE.MIN
/EDIT/EMACS/README.1ST
/EDIT/EMACS/README.DOC
/EDIT/EMACS/RMAIL.MIN
/EDIT/EMACS/USER.MIN
/EDIT/EMACS/_BUFFERS.MIN
/EDIT/EMACS/_CASE.MIN
/EDIT/EMACS/_COMPILE.MIN
/EDIT/EMACS/_FILE.MIN
/EDIT/EMACS/_HELP.MIN
/EDIT/EMACS/_HISTORY.MIN
/EDIT/EMACS/_INDENT.MIN
/EDIT/EMACS/_INPUT.MIN
/EDIT/EMACS/_KBDMACR.MIN
/EDIT/EMACS/_KEYS.MIN
/EDIT/EMACS/_KILLS.MIN
/EDIT/EMACS/_MODES.MIN
/EDIT/EMACS/_MOVE.MIN
/EDIT/EMACS/_PARAS.MIN
/EDIT/EMACS/_RECTANG.MIN
/EDIT/EMACS/_REGISTE.MIN
/EDIT/EMACS/_SEARCHE.MIN
/EDIT/EMACS/_STARTUP.MIN
/EDIT/EMACS/_TRANSPO.MIN
/EDIT/EMACS/_UNCLASS.MIN
/EDIT/EMACS/_UTILS.MIN
/EDIT/EMACS/_VARIABL.MIN
/EDIT/EMACS/_WINDOWS.MIN
/SOURCE/
/SOURCE/EMACS/
/SOURCE/EMACS/BUFFERS.ASM
/SOURCE/EMACS/COPYING.DOC
/SOURCE/EMACS/EMACS.ASM
/SOURCE/EMACS/EMACS.DEF
/SOURCE/EMACS/EMACSIBM.BLL
/SOURCE/EMACS/EMACSPWN.ASM
/SOURCE/EMACS/EXECUTE.ASM
/SOURCE/EMACS/FILES.ASM
/SOURCE/EMACS/FINDFILE.DEF
/SOURCE/EMACS/IBM.ASM
/SOURCE/EMACS/MAKEFILE
/SOURCE/EMACS/MARKS.ASM
/SOURCE/EMACS/MEMORY.ASM
/SOURCE/EMACS/MEMORY.DEF
/SOURCE/EMACS/MINT.DEF
/SOURCE/EMACS/MINTFORM.ASM
/SOURCE/EMACS/MINTFORM.DEF
/SOURCE/EMACS/MINTLAST.ASM
/SOURCE/EMACS/MINTPRIM.ASM
/SOURCE/EMACS/MINTSCAN.ASM
/SOURCE/EMACS/README.1ST
/SOURCE/EMACS/README.ASM
/SOURCE/EMACS/README.DOC
/SOURCE/EMACS/REDISP.ASM
/SOURCE/EMACS/SEARCH.ASM
/SOURCE/EMACS/VERSION.ASM
