/
/APPINFO/
/APPINFO/GNUBC.DE
/APPINFO/GNUBC.FR
/APPINFO/GNUBC.LSM
/APPINFO/GNUBC.SV
/APPINFO/GNUBC.TR
/BIN/
/BIN/BC.EXE
/DOC/
/DOC/GNUBC/
/DOC/GNUBC/BC.MAN
/DOC/GNUBC/COPYING
/DOC/GNUBC/EXAMPLES/
/DOC/GNUBC/EXAMPLES/CKBOOK.B
/DOC/GNUBC/EXAMPLES/PRIMES.B
/DOC/GNUBC/README
/SOURCE/
/SOURCE/GNUBC/
/SOURCE/GNUBC/SOURCES.ZIP/
/SOURCE/GNUBC/SOURCES.ZIP/bc.1
/SOURCE/GNUBC/SOURCES.ZIP/bc.c
/SOURCE/GNUBC/SOURCES.ZIP/bc.c.dist
/SOURCE/GNUBC/SOURCES.ZIP/bcdefs.h
/SOURCE/GNUBC/SOURCES.ZIP/bc.h
/SOURCE/GNUBC/SOURCES.ZIP/bc.h.dist
/SOURCE/GNUBC/SOURCES.ZIP/bc.y
/SOURCE/GNUBC/SOURCES.ZIP/ChangeLog
/SOURCE/GNUBC/SOURCES.ZIP/configure
/SOURCE/GNUBC/SOURCES.ZIP/const.h
/SOURCE/GNUBC/SOURCES.ZIP/execute.c
/SOURCE/GNUBC/SOURCES.ZIP/fix_math.h
/SOURCE/GNUBC/SOURCES.ZIP/global.c
/SOURCE/GNUBC/SOURCES.ZIP/global.h
/SOURCE/GNUBC/SOURCES.ZIP/Install
/SOURCE/GNUBC/SOURCES.ZIP/libmath.b
/SOURCE/GNUBC/SOURCES.ZIP/load.c
/SOURCE/GNUBC/SOURCES.ZIP/main.c
/SOURCE/GNUBC/SOURCES.ZIP/Makefile
/SOURCE/GNUBC/SOURCES.ZIP/math.h
/SOURCE/GNUBC/SOURCES.ZIP/number.c
/SOURCE/GNUBC/SOURCES.ZIP/number.h
/SOURCE/GNUBC/SOURCES.ZIP/OS2/
/SOURCE/GNUBC/SOURCES.ZIP/OS2/bc.cs
/SOURCE/GNUBC/SOURCES.ZIP/OS2/bc.def
/SOURCE/GNUBC/SOURCES.ZIP/OS2/config.h
/SOURCE/GNUBC/SOURCES.ZIP/OS2/getopt.c
/SOURCE/GNUBC/SOURCES.ZIP/OS2/getopt.h
/SOURCE/GNUBC/SOURCES.ZIP/OS2/math.h
/SOURCE/GNUBC/SOURCES.ZIP/OS2/patches.os2
/SOURCE/GNUBC/SOURCES.ZIP/proto.h
/SOURCE/GNUBC/SOURCES.ZIP/sbc.y
/SOURCE/GNUBC/SOURCES.ZIP/scan.c
/SOURCE/GNUBC/SOURCES.ZIP/scan.c.dist
/SOURCE/GNUBC/SOURCES.ZIP/scan.l
/SOURCE/GNUBC/SOURCES.ZIP/storage.c
/SOURCE/GNUBC/SOURCES.ZIP/Test/
/SOURCE/GNUBC/SOURCES.ZIP/Test/array.b
/SOURCE/GNUBC/SOURCES.ZIP/Test/aryprm.b
/SOURCE/GNUBC/SOURCES.ZIP/Test/atan.b
/SOURCE/GNUBC/SOURCES.ZIP/Test/checklib.b
/SOURCE/GNUBC/SOURCES.ZIP/Test/div.b
/SOURCE/GNUBC/SOURCES.ZIP/Test/exp.b
/SOURCE/GNUBC/SOURCES.ZIP/Test/fact.b
/SOURCE/GNUBC/SOURCES.ZIP/Test/jn.b
/SOURCE/GNUBC/SOURCES.ZIP/Test/ln.b
/SOURCE/GNUBC/SOURCES.ZIP/Test/mul.b
/SOURCE/GNUBC/SOURCES.ZIP/Test/raise.b
/SOURCE/GNUBC/SOURCES.ZIP/Test/sine.b
/SOURCE/GNUBC/SOURCES.ZIP/Test/sqrt.b
/SOURCE/GNUBC/SOURCES.ZIP/Test/testfn.b
/SOURCE/GNUBC/SOURCES.ZIP/Test/timetest
/SOURCE/GNUBC/SOURCES.ZIP/util.c
/SOURCE/GNUBC/SOURCES.ZIP/version.h
/SOURCE/GNUBC/SOURCES.ZIP/vfprintf.c
