/
/APPINFO/
/APPINFO/GNUCHESS.DE
/APPINFO/GNUCHESS.FR
/APPINFO/GNUCHESS.LSM
/APPINFO/GNUCHESS.SV
/APPINFO/GNUCHESS.TR
/GAMES/
/GAMES/GNUCHESS/
/GAMES/GNUCHESS/BINCHECK.EXE
/GAMES/GNUCHESS/CHECKGAM.EXE
/GAMES/GNUCHESS/CHESS.LST
/GAMES/GNUCHESS/GNUAN.EXE
/GAMES/GNUCHESS/GNUCHESN.EXE
/GAMES/GNUCHESS/GNUCHESR.EXE
/GAMES/GNUCHESS/GNUCHESS.EXE
/GAMES/GNUCHESS/MISC/
/GAMES/GNUCHESS/MISC/GNUCHESS.BOO
/GAMES/GNUCHESS/MISC/GNUCHESS.DAT
/GAMES/GNUCHESS/MISC/GNUCHESS.LAN
/GAMES/GNUCHESS/POSTPRIN.EXE
/GAMES/GNUCHESS/README
/SOURCE/
/SOURCE/GNUCHESS/
/SOURCE/GNUCHESS/SOURCES.ZIP/
/SOURCE/GNUCHESS/SOURCES.ZIP/DOC/
/SOURCE/GNUCHESS/SOURCES.ZIP/DOC/ARTICLE
/SOURCE/GNUCHESS/SOURCES.ZIP/DOC/ARTICLE.2
/SOURCE/GNUCHESS/SOURCES.ZIP/DOC/BINCHECK.1
/SOURCE/GNUCHESS/SOURCES.ZIP/DOC/BOOKFILE
/SOURCE/GNUCHESS/SOURCES.ZIP/DOC/CHANGELO
/SOURCE/GNUCHESS/SOURCES.ZIP/DOC/CHANGES
/SOURCE/GNUCHESS/SOURCES.ZIP/DOC/CHECKGAM.1
/SOURCE/GNUCHESS/SOURCES.ZIP/DOC/CHESSTOO
/SOURCE/GNUCHESS/SOURCES.ZIP/DOC/COPYING
/SOURCE/GNUCHESS/SOURCES.ZIP/DOC/GAME.1
/SOURCE/GNUCHESS/SOURCES.ZIP/DOC/GENERAL
/SOURCE/GNUCHESS/SOURCES.ZIP/DOC/GNUAN.1
/SOURCE/GNUCHESS/SOURCES.ZIP/DOC/GNUAN.HLP
/SOURCE/GNUCHESS/SOURCES.ZIP/DOC/GNUCHESS.1
/SOURCE/GNUCHESS/SOURCES.ZIP/DOC/HEURISTI
/SOURCE/GNUCHESS/SOURCES.ZIP/DOC/INSTALL
/SOURCE/GNUCHESS/SOURCES.ZIP/DOC/MOVE-GEN
/SOURCE/GNUCHESS/SOURCES.ZIP/DOC/PORTING
/SOURCE/GNUCHESS/SOURCES.ZIP/DOC/POSTPRIN.1
/SOURCE/GNUCHESS/SOURCES.ZIP/DOC/README.FON
/SOURCE/GNUCHESS/SOURCES.ZIP/DOC/README.OUT
/SOURCE/GNUCHESS/SOURCES.ZIP/DOC/TODO
/SOURCE/GNUCHESS/SOURCES.ZIP/MISC/
/SOURCE/GNUCHESS/SOURCES.ZIP/MISC/CHESSFON
/SOURCE/GNUCHESS/SOURCES.ZIP/MISC/GNUCHESS
/SOURCE/GNUCHESS/SOURCES.ZIP/MISC/GNUCHESS.BOO
/SOURCE/GNUCHESS/SOURCES.ZIP/MISC/GNUCHESS.LAN
/SOURCE/GNUCHESS/SOURCES.ZIP/MISC/MATCH
/SOURCE/GNUCHESS/SOURCES.ZIP/SRC/
/SOURCE/GNUCHESS/SOURCES.ZIP/SRC/ATAKS.C
/SOURCE/GNUCHESS/SOURCES.ZIP/SRC/ATAKS.H
/SOURCE/GNUCHESS/SOURCES.ZIP/SRC/BINCHECK.C
/SOURCE/GNUCHESS/SOURCES.ZIP/SRC/BOOK.C
/SOURCE/GNUCHESS/SOURCES.ZIP/SRC/CHECKBOO.C
/SOURCE/GNUCHESS/SOURCES.ZIP/SRC/CHECKGAM.C
/SOURCE/GNUCHESS/SOURCES.ZIP/SRC/DEBUG10.H
/SOURCE/GNUCHESS/SOURCES.ZIP/SRC/DEBUG12.H
/SOURCE/GNUCHESS/SOURCES.ZIP/SRC/DEBUG13.H
/SOURCE/GNUCHESS/SOURCES.ZIP/SRC/DEBUG16.H
/SOURCE/GNUCHESS/SOURCES.ZIP/SRC/DEBUG256.H
/SOURCE/GNUCHESS/SOURCES.ZIP/SRC/DEBUG4.H
/SOURCE/GNUCHESS/SOURCES.ZIP/SRC/DEBUG40.H
/SOURCE/GNUCHESS/SOURCES.ZIP/SRC/DEBUG41.H
/SOURCE/GNUCHESS/SOURCES.ZIP/SRC/DEBUG512.H
/SOURCE/GNUCHESS/SOURCES.ZIP/SRC/DEBUG64.H
/SOURCE/GNUCHESS/SOURCES.ZIP/SRC/DEBUG8.H
/SOURCE/GNUCHESS/SOURCES.ZIP/SRC/DSPCOM.C
/SOURCE/GNUCHESS/SOURCES.ZIP/SRC/EVAL.C
/SOURCE/GNUCHESS/SOURCES.ZIP/SRC/EXTERN.H
/SOURCE/GNUCHESS/SOURCES.ZIP/SRC/GAME.C
/SOURCE/GNUCHESS/SOURCES.ZIP/SRC/GBOOKDIS.C
/SOURCE/GNUCHESS/SOURCES.ZIP/SRC/GDBM.H
/SOURCE/GNUCHESS/SOURCES.ZIP/SRC/GDBMBKST.C
/SOURCE/GNUCHESS/SOURCES.ZIP/SRC/GDBMCONS.H
/SOURCE/GNUCHESS/SOURCES.ZIP/SRC/GDBMDEFS.H
/SOURCE/GNUCHESS/SOURCES.ZIP/SRC/GDBMERRN.H
/SOURCE/GNUCHESS/SOURCES.ZIP/SRC/GDXBKSTA.C
/SOURCE/GNUCHESS/SOURCES.ZIP/SRC/GENMOVES.C
/SOURCE/GNUCHESS/SOURCES.ZIP/SRC/GNUAN.C
/SOURCE/GNUCHESS/SOURCES.ZIP/SRC/GNUCHESS
/SOURCE/GNUCHESS/SOURCES.ZIP/SRC/GNUCHESS.H
/SOURCE/GNUCHESS/SOURCES.ZIP/SRC/INIT.C
/SOURCE/GNUCHESS/SOURCES.ZIP/SRC/MAIN.C
/SOURCE/GNUCHESS/SOURCES.ZIP/SRC/MAKEFILE
/SOURCE/GNUCHESS/SOURCES.ZIP/SRC/MATCH
/SOURCE/GNUCHESS/SOURCES.ZIP/SRC/MEMBKSTA.C
/SOURCE/GNUCHESS/SOURCES.ZIP/SRC/NONDSP.C
/SOURCE/GNUCHESS/SOURCES.ZIP/SRC/NUXDSP.C
/SOURCE/GNUCHESS/SOURCES.ZIP/SRC/POSTPRIN.C
/SOURCE/GNUCHESS/SOURCES.ZIP/SRC/README
/SOURCE/GNUCHESS/SOURCES.ZIP/SRC/SEARCH.C
/SOURCE/GNUCHESS/SOURCES.ZIP/SRC/SYSTEMS.H
/SOURCE/GNUCHESS/SOURCES.ZIP/SRC/UTIL.C
/SOURCE/GNUCHESS/SOURCES.ZIP/SRC/UXDSP.C
/SOURCE/GNUCHESS/SOURCES.ZIP/SRC/VERSION.H
/SOURCE/GNUCHESS/SOURCES.ZIP/TEST/
/SOURCE/GNUCHESS/SOURCES.ZIP/TEST/TEST-MCH
/SOURCE/GNUCHESS/SOURCES.ZIP/TEST/TEST.INE
/SOURCE/GNUCHESS/SOURCES.ZIP/TEST/TEST.STU
/SOURCE/GNUCHESS/SOURCES.ZIP/TEST/TEST1
/SOURCE/GNUCHESS/SOURCES.ZIP/TEST/TEST10
/SOURCE/GNUCHESS/SOURCES.ZIP/TEST/TEST11
/SOURCE/GNUCHESS/SOURCES.ZIP/TEST/TEST12
/SOURCE/GNUCHESS/SOURCES.ZIP/TEST/TEST13
/SOURCE/GNUCHESS/SOURCES.ZIP/TEST/TEST14
/SOURCE/GNUCHESS/SOURCES.ZIP/TEST/TEST15
/SOURCE/GNUCHESS/SOURCES.ZIP/TEST/TEST16
/SOURCE/GNUCHESS/SOURCES.ZIP/TEST/TEST2
/SOURCE/GNUCHESS/SOURCES.ZIP/TEST/TEST3
/SOURCE/GNUCHESS/SOURCES.ZIP/TEST/TEST4
/SOURCE/GNUCHESS/SOURCES.ZIP/TEST/TEST5
/SOURCE/GNUCHESS/SOURCES.ZIP/TEST/TEST6
/SOURCE/GNUCHESS/SOURCES.ZIP/TEST/TEST7
/SOURCE/GNUCHESS/SOURCES.ZIP/TEST/TEST8
/SOURCE/GNUCHESS/SOURCES.ZIP/TEST/TEST9
/SOURCE/GNUCHESS/SOURCES.ZIP/TEST/TESTM
