/
/APPINFO/
/APPINFO/GOPHERUS.DE
/APPINFO/GOPHERUS.FR
/APPINFO/GOPHERUS.LSM
/APPINFO/GOPHERUS.SV
/APPINFO/GOPHERUS.TR
/LINKS/
/LINKS/GOPHERUS.BAT
/NET/
/NET/GOPHERUS/
/NET/GOPHERUS/GOPHERUS.EXE
/NET/GOPHERUS/GOPHERUS.TXT
/NET/GOPHERUS/HISTORY.TXT
/SOURCE/
/SOURCE/GOPHERUS/
/SOURCE/GOPHERUS/SOURCES.ZIP/
/SOURCE/GOPHERUS/SOURCES.ZIP/BUILD.TXT
/SOURCE/GOPHERUS/SOURCES.ZIP/CONFIG.H
/SOURCE/GOPHERUS/SOURCES.ZIP/DNSCACHE.C
/SOURCE/GOPHERUS/SOURCES.ZIP/DNSCACHE.H
/SOURCE/GOPHERUS/SOURCES.ZIP/DOS/
/SOURCE/GOPHERUS/SOURCES.ZIP/DOS/GOPHERUS.BAT
/SOURCE/GOPHERUS/SOURCES.ZIP/DOS/GOPHERUS.LSM
/SOURCE/GOPHERUS/SOURCES.ZIP/FS/
/SOURCE/GOPHERUS/SOURCES.ZIP/FS/FS-DJ.C
/SOURCE/GOPHERUS/SOURCES.ZIP/FS/FS-DOS.C
/SOURCE/GOPHERUS/SOURCES.ZIP/FS/FS-LIN.C
/SOURCE/GOPHERUS/SOURCES.ZIP/FS/FS-WIN.C
/SOURCE/GOPHERUS/SOURCES.ZIP/FS/FS.H
/SOURCE/GOPHERUS/SOURCES.ZIP/GOPHERUS.C
/SOURCE/GOPHERUS/SOURCES.ZIP/GOPHERUS.ICO
/SOURCE/GOPHERUS/SOURCES.ZIP/GOPHERUS.TXT
/SOURCE/GOPHERUS/SOURCES.ZIP/HISTORY.C
/SOURCE/GOPHERUS/SOURCES.ZIP/HISTORY.H
/SOURCE/GOPHERUS/SOURCES.ZIP/HISTORY.TXT
/SOURCE/GOPHERUS/SOURCES.ZIP/ICON.SVG
/SOURCE/GOPHERUS/SOURCES.ZIP/IDOC/
/SOURCE/GOPHERUS/SOURCES.ZIP/IDOC/BUILDGRA.SH
/SOURCE/GOPHERUS/SOURCES.ZIP/IDOC/GRAMS.C
/SOURCE/GOPHERUS/SOURCES.ZIP/IDOC/IDICT.H
/SOURCE/GOPHERUS/SOURCES.ZIP/IDOC/IDOC.H
/SOURCE/GOPHERUS/SOURCES.ZIP/IDOC/IDOCGEN.C
/SOURCE/GOPHERUS/SOURCES.ZIP/IDOC/README.TXT
/SOURCE/GOPHERUS/SOURCES.ZIP/IDOC/WELCOME.TXT
/SOURCE/GOPHERUS/SOURCES.ZIP/IDOC/WELCOME2.TXT
/SOURCE/GOPHERUS/SOURCES.ZIP/INT2STR.C
/SOURCE/GOPHERUS/SOURCES.ZIP/INT2STR.H
/SOURCE/GOPHERUS/SOURCES.ZIP/MAKEFILE.DJ
/SOURCE/GOPHERUS/SOURCES.ZIP/MAKEFILE.DOS
/SOURCE/GOPHERUS/SOURCES.ZIP/MAKEFILE.LIN
/SOURCE/GOPHERUS/SOURCES.ZIP/MAKEFILE.VC
/SOURCE/GOPHERUS/SOURCES.ZIP/MAKEFILE.WIN
/SOURCE/GOPHERUS/SOURCES.ZIP/NET/
/SOURCE/GOPHERUS/SOURCES.ZIP/NET/NET-BSD.C
/SOURCE/GOPHERUS/SOURCES.ZIP/NET/NET-W32.C
/SOURCE/GOPHERUS/SOURCES.ZIP/NET/NET.H
/SOURCE/GOPHERUS/SOURCES.ZIP/PARSEURL.C
/SOURCE/GOPHERUS/SOURCES.ZIP/PARSEURL.H
/SOURCE/GOPHERUS/SOURCES.ZIP/READFLIN.C
/SOURCE/GOPHERUS/SOURCES.ZIP/READFLIN.H
/SOURCE/GOPHERUS/SOURCES.ZIP/SDLFILES/
/SOURCE/GOPHERUS/SOURCES.ZIP/SDLFILES/ASCII.H
/SOURCE/GOPHERUS/SOURCES.ZIP/SDLFILES/GENICO.C
/SOURCE/GOPHERUS/SOURCES.ZIP/SDLFILES/ICON.H
/SOURCE/GOPHERUS/SOURCES.ZIP/STARTPG.C
/SOURCE/GOPHERUS/SOURCES.ZIP/STARTPG.H
/SOURCE/GOPHERUS/SOURCES.ZIP/TESTS/
/SOURCE/GOPHERUS/SOURCES.ZIP/TESTS/TESTTCP.C
/SOURCE/GOPHERUS/SOURCES.ZIP/TESTS/WRAPTEST.C
/SOURCE/GOPHERUS/SOURCES.ZIP/TODO.TXT
/SOURCE/GOPHERUS/SOURCES.ZIP/UI/
/SOURCE/GOPHERUS/SOURCES.ZIP/UI/UI-CURSE.C
/SOURCE/GOPHERUS/SOURCES.ZIP/UI/UI-DJ.C
/SOURCE/GOPHERUS/SOURCES.ZIP/UI/UI-DOS.C
/SOURCE/GOPHERUS/SOURCES.ZIP/UI/UI-SDL.C
/SOURCE/GOPHERUS/SOURCES.ZIP/UI/UI.H
/SOURCE/GOPHERUS/SOURCES.ZIP/VERSION.H
/SOURCE/GOPHERUS/SOURCES.ZIP/WATT32/
/SOURCE/GOPHERUS/SOURCES.ZIP/WATT32/INC/
/SOURCE/GOPHERUS/SOURCES.ZIP/WATT32/INC/ARPA/
/SOURCE/GOPHERUS/SOURCES.ZIP/WATT32/INC/ARPA/FTP.H
/SOURCE/GOPHERUS/SOURCES.ZIP/WATT32/INC/ARPA/INET.H
/SOURCE/GOPHERUS/SOURCES.ZIP/WATT32/INC/ARPA/NAMESER.H
/SOURCE/GOPHERUS/SOURCES.ZIP/WATT32/INC/ARPA/TELNET.H
/SOURCE/GOPHERUS/SOURCES.ZIP/WATT32/INC/ARPA/TFTP.H
/SOURCE/GOPHERUS/SOURCES.ZIP/WATT32/INC/COPYING.BSD
/SOURCE/GOPHERUS/SOURCES.ZIP/WATT32/INC/ERR.H
/SOURCE/GOPHERUS/SOURCES.ZIP/WATT32/INC/NET/
/SOURCE/GOPHERUS/SOURCES.ZIP/WATT32/INC/NET/BPF.H
/SOURCE/GOPHERUS/SOURCES.ZIP/WATT32/INC/NET/BPFDESC.H
/SOURCE/GOPHERUS/SOURCES.ZIP/WATT32/INC/NET/ETHERTYP.H
/SOURCE/GOPHERUS/SOURCES.ZIP/WATT32/INC/NET/IF.H
/SOURCE/GOPHERUS/SOURCES.ZIP/WATT32/INC/NET/IF_ARC.H
/SOURCE/GOPHERUS/SOURCES.ZIP/WATT32/INC/NET/IF_ARP.H
/SOURCE/GOPHERUS/SOURCES.ZIP/WATT32/INC/NET/IF_ATM.H
/SOURCE/GOPHERUS/SOURCES.ZIP/WATT32/INC/NET/IF_DL.H
/SOURCE/GOPHERUS/SOURCES.ZIP/WATT32/INC/NET/IF_ETHER.H
/SOURCE/GOPHERUS/SOURCES.ZIP/WATT32/INC/NET/IF_FDDI.H
/SOURCE/GOPHERUS/SOURCES.ZIP/WATT32/INC/NET/IF_LLC.H
/SOURCE/GOPHERUS/SOURCES.ZIP/WATT32/INC/NET/IF_MEDIA.H
/SOURCE/GOPHERUS/SOURCES.ZIP/WATT32/INC/NET/IF_PACKE.H
/SOURCE/GOPHERUS/SOURCES.ZIP/WATT32/INC/NET/IF_PPP.H
/SOURCE/GOPHERUS/SOURCES.ZIP/WATT32/INC/NET/IF_PPPVA.H
/SOURCE/GOPHERUS/SOURCES.ZIP/WATT32/INC/NET/IF_SLVAR.H
/SOURCE/GOPHERUS/SOURCES.ZIP/WATT32/INC/NET/IF_STRIP.H
/SOURCE/GOPHERUS/SOURCES.ZIP/WATT32/INC/NET/IF_TUN.H
/SOURCE/GOPHERUS/SOURCES.ZIP/WATT32/INC/NET/IF_TYPES.H
/SOURCE/GOPHERUS/SOURCES.ZIP/WATT32/INC/NET/NETISR.H
/SOURCE/GOPHERUS/SOURCES.ZIP/WATT32/INC/NET/PFIL.H
/SOURCE/GOPHERUS/SOURCES.ZIP/WATT32/INC/NET/PPP-COMP.H
/SOURCE/GOPHERUS/SOURCES.ZIP/WATT32/INC/NET/PPP_DEFS.H
/SOURCE/GOPHERUS/SOURCES.ZIP/WATT32/INC/NET/RADIX.H
/SOURCE/GOPHERUS/SOURCES.ZIP/WATT32/INC/NET/RAW_CB.H
/SOURCE/GOPHERUS/SOURCES.ZIP/WATT32/INC/NET/ROUTE.H
/SOURCE/GOPHERUS/SOURCES.ZIP/WATT32/INC/NET/SLCOMPRE.H
/SOURCE/GOPHERUS/SOURCES.ZIP/WATT32/INC/NET/SLIP.H
/SOURCE/GOPHERUS/SOURCES.ZIP/WATT32/INC/NETDB.H
/SOURCE/GOPHERUS/SOURCES.ZIP/WATT32/INC/NETINET/
/SOURCE/GOPHERUS/SOURCES.ZIP/WATT32/INC/NETINET/ICMP6.H
/SOURCE/GOPHERUS/SOURCES.ZIP/WATT32/INC/NETINET/ICMP_VAR.H
/SOURCE/GOPHERUS/SOURCES.ZIP/WATT32/INC/NETINET/IF_ETHER.H
/SOURCE/GOPHERUS/SOURCES.ZIP/WATT32/INC/NETINET/IF_FDDI.H
/SOURCE/GOPHERUS/SOURCES.ZIP/WATT32/INC/NETINET/IGMP.H
/SOURCE/GOPHERUS/SOURCES.ZIP/WATT32/INC/NETINET/IGMP_VAR.H
/SOURCE/GOPHERUS/SOURCES.ZIP/WATT32/INC/NETINET/IN.H
/SOURCE/GOPHERUS/SOURCES.ZIP/WATT32/INC/NETINET/IN_PCB.H
/SOURCE/GOPHERUS/SOURCES.ZIP/WATT32/INC/NETINET/IN_SYSTM.H
/SOURCE/GOPHERUS/SOURCES.ZIP/WATT32/INC/NETINET/IN_VAR.H
/SOURCE/GOPHERUS/SOURCES.ZIP/WATT32/INC/NETINET/IP.H
/SOURCE/GOPHERUS/SOURCES.ZIP/WATT32/INC/NETINET/IP6.H
/SOURCE/GOPHERUS/SOURCES.ZIP/WATT32/INC/NETINET/IPV6.H
/SOURCE/GOPHERUS/SOURCES.ZIP/WATT32/INC/NETINET/IP_FW.H
/SOURCE/GOPHERUS/SOURCES.ZIP/WATT32/INC/NETINET/IP_ICMP.H
/SOURCE/GOPHERUS/SOURCES.ZIP/WATT32/INC/NETINET/IP_MROUT.H
/SOURCE/GOPHERUS/SOURCES.ZIP/WATT32/INC/NETINET/IP_VAR.H
/SOURCE/GOPHERUS/SOURCES.ZIP/WATT32/INC/NETINET/TCP.H
/SOURCE/GOPHERUS/SOURCES.ZIP/WATT32/INC/NETINET/TCPIP.H
/SOURCE/GOPHERUS/SOURCES.ZIP/WATT32/INC/NETINET/TCP_DEBU.H
/SOURCE/GOPHERUS/SOURCES.ZIP/WATT32/INC/NETINET/TCP_FSM.H
/SOURCE/GOPHERUS/SOURCES.ZIP/WATT32/INC/NETINET/TCP_SCOR.H
/SOURCE/GOPHERUS/SOURCES.ZIP/WATT32/INC/NETINET/TCP_SEQ.H
/SOURCE/GOPHERUS/SOURCES.ZIP/WATT32/INC/NETINET/TCP_TIME.H
/SOURCE/GOPHERUS/SOURCES.ZIP/WATT32/INC/NETINET/TCP_VAR.H
/SOURCE/GOPHERUS/SOURCES.ZIP/WATT32/INC/NETINET/UDP.H
/SOURCE/GOPHERUS/SOURCES.ZIP/WATT32/INC/NETINET/UDP_VAR.H
/SOURCE/GOPHERUS/SOURCES.ZIP/WATT32/INC/NETINET6/
/SOURCE/GOPHERUS/SOURCES.ZIP/WATT32/INC/NETINET6/AH.H
/SOURCE/GOPHERUS/SOURCES.ZIP/WATT32/INC/NETINET6/AH6.H
/SOURCE/GOPHERUS/SOURCES.ZIP/WATT32/INC/NETINET6/ESP.H
/SOURCE/GOPHERUS/SOURCES.ZIP/WATT32/INC/NETINET6/ESP6.H
/SOURCE/GOPHERUS/SOURCES.ZIP/WATT32/INC/NETINET6/ESP_RIJN.H
/SOURCE/GOPHERUS/SOURCES.ZIP/WATT32/INC/NETINET6/IN6.H
/SOURCE/GOPHERUS/SOURCES.ZIP/WATT32/INC/NETINET6/IN6_GIF.H
/SOURCE/GOPHERUS/SOURCES.ZIP/WATT32/INC/NETINET6/IN6_IFAT.H
/SOURCE/GOPHERUS/SOURCES.ZIP/WATT32/INC/NETINET6/IN6_PCB.H
/SOURCE/GOPHERUS/SOURCES.ZIP/WATT32/INC/NETINET6/IN6_PREF.H
/SOURCE/GOPHERUS/SOURCES.ZIP/WATT32/INC/NETINET6/IN6_VAR.H
/SOURCE/GOPHERUS/SOURCES.ZIP/WATT32/INC/NETINET6/IP6.H
/SOURCE/GOPHERUS/SOURCES.ZIP/WATT32/INC/NETINET6/IP6PROTO.H
/SOURCE/GOPHERUS/SOURCES.ZIP/WATT32/INC/NETINET6/IP6_ECN.H
/SOURCE/GOPHERUS/SOURCES.ZIP/WATT32/INC/NETINET6/IP6_FW.H
/SOURCE/GOPHERUS/SOURCES.ZIP/WATT32/INC/NETINET6/IP6_MROU.H
/SOURCE/GOPHERUS/SOURCES.ZIP/WATT32/INC/NETINET6/IP6_VAR.H
/SOURCE/GOPHERUS/SOURCES.ZIP/WATT32/INC/NETINET6/IPCOMP.H
/SOURCE/GOPHERUS/SOURCES.ZIP/WATT32/INC/NETINET6/IPCOMP6.H
/SOURCE/GOPHERUS/SOURCES.ZIP/WATT32/INC/NETINET6/IPSEC.H
/SOURCE/GOPHERUS/SOURCES.ZIP/WATT32/INC/NETINET6/IPSEC6.H
/SOURCE/GOPHERUS/SOURCES.ZIP/WATT32/INC/NETINET6/MLD6_VAR.H
/SOURCE/GOPHERUS/SOURCES.ZIP/WATT32/INC/NETINET6/ND6.H
/SOURCE/GOPHERUS/SOURCES.ZIP/WATT32/INC/NETINET6/PIM6.H
/SOURCE/GOPHERUS/SOURCES.ZIP/WATT32/INC/NETINET6/PIM6_VAR.H
/SOURCE/GOPHERUS/SOURCES.ZIP/WATT32/INC/NETINET6/RAW_IP6.H
/SOURCE/GOPHERUS/SOURCES.ZIP/WATT32/INC/NETINET6/SCOPE6_V.H
/SOURCE/GOPHERUS/SOURCES.ZIP/WATT32/INC/NETINET6/TCP6_VAR.H
/SOURCE/GOPHERUS/SOURCES.ZIP/WATT32/INC/NETINET6/UDP6_VAR.H
/SOURCE/GOPHERUS/SOURCES.ZIP/WATT32/INC/PROTOCOL/
/SOURCE/GOPHERUS/SOURCES.ZIP/WATT32/INC/PROTOCOL/DUMPREST.H
/SOURCE/GOPHERUS/SOURCES.ZIP/WATT32/INC/PROTOCOL/ROUTED.H
/SOURCE/GOPHERUS/SOURCES.ZIP/WATT32/INC/PROTOCOL/RWHOD.H
/SOURCE/GOPHERUS/SOURCES.ZIP/WATT32/INC/PROTOCOL/TALKD.H
/SOURCE/GOPHERUS/SOURCES.ZIP/WATT32/INC/PROTOCOL/TIMED.H
/SOURCE/GOPHERUS/SOURCES.ZIP/WATT32/INC/RESOLV.H
/SOURCE/GOPHERUS/SOURCES.ZIP/WATT32/INC/RPC/
/SOURCE/GOPHERUS/SOURCES.ZIP/WATT32/INC/RPC/AUTH.H
/SOURCE/GOPHERUS/SOURCES.ZIP/WATT32/INC/RPC/AUTH_DES.H
/SOURCE/GOPHERUS/SOURCES.ZIP/WATT32/INC/RPC/AUTH_UNI.H
/SOURCE/GOPHERUS/SOURCES.ZIP/WATT32/INC/RPC/CLNT.H
/SOURCE/GOPHERUS/SOURCES.ZIP/WATT32/INC/RPC/KEY_PROT.H
/SOURCE/GOPHERUS/SOURCES.ZIP/WATT32/INC/RPC/PMAP_CLN.H
/SOURCE/GOPHERUS/SOURCES.ZIP/WATT32/INC/RPC/PMAP_PRO.H
/SOURCE/GOPHERUS/SOURCES.ZIP/WATT32/INC/RPC/PMAP_RMT.H
/SOURCE/GOPHERUS/SOURCES.ZIP/WATT32/INC/RPC/RPC.H
/SOURCE/GOPHERUS/SOURCES.ZIP/WATT32/INC/RPC/RPC_MSG.H
/SOURCE/GOPHERUS/SOURCES.ZIP/WATT32/INC/RPC/SVC.H
/SOURCE/GOPHERUS/SOURCES.ZIP/WATT32/INC/RPC/SVC_AUTH.H
/SOURCE/GOPHERUS/SOURCES.ZIP/WATT32/INC/RPC/TYPES.H
/SOURCE/GOPHERUS/SOURCES.ZIP/WATT32/INC/RPC/XDR.H
/SOURCE/GOPHERUS/SOURCES.ZIP/WATT32/INC/RPCSVC/
/SOURCE/GOPHERUS/SOURCES.ZIP/WATT32/INC/RPCSVC/YPCLNT.H
/SOURCE/GOPHERUS/SOURCES.ZIP/WATT32/INC/RPCSVC/YP_PROT.H
/SOURCE/GOPHERUS/SOURCES.ZIP/WATT32/INC/SYS/
/SOURCE/GOPHERUS/SOURCES.ZIP/WATT32/INC/SYS/BORLANDC.ERR
/SOURCE/GOPHERUS/SOURCES.ZIP/WATT32/INC/SYS/CDEFS.H
/SOURCE/GOPHERUS/SOURCES.ZIP/WATT32/INC/SYS/DIGMARS.ERR
/SOURCE/GOPHERUS/SOURCES.ZIP/WATT32/INC/SYS/DJGPP.ERR
/SOURCE/GOPHERUS/SOURCES.ZIP/WATT32/INC/SYS/ERRNO.H
/SOURCE/GOPHERUS/SOURCES.ZIP/WATT32/INC/SYS/HIGHC.ERR
/SOURCE/GOPHERUS/SOURCES.ZIP/WATT32/INC/SYS/IOCTL.H
/SOURCE/GOPHERUS/SOURCES.ZIP/WATT32/INC/SYS/LADSOFT.ERR
/SOURCE/GOPHERUS/SOURCES.ZIP/WATT32/INC/SYS/LCC.ERR
/SOURCE/GOPHERUS/SOURCES.ZIP/WATT32/INC/SYS/MINGW32.ERR
/SOURCE/GOPHERUS/SOURCES.ZIP/WATT32/INC/SYS/PACKOFF.H
/SOURCE/GOPHERUS/SOURCES.ZIP/WATT32/INC/SYS/PACKON.H
/SOURCE/GOPHERUS/SOURCES.ZIP/WATT32/INC/SYS/PARAM.H
/SOURCE/GOPHERUS/SOURCES.ZIP/WATT32/INC/SYS/PELLESC.ERR
/SOURCE/GOPHERUS/SOURCES.ZIP/WATT32/INC/SYS/POLL.H
/SOURCE/GOPHERUS/SOURCES.ZIP/WATT32/INC/SYS/QUEUE.H
/SOURCE/GOPHERUS/SOURCES.ZIP/WATT32/INC/SYS/QUICKC.ERR
/SOURCE/GOPHERUS/SOURCES.ZIP/WATT32/INC/SYS/SELECT.H
/SOURCE/GOPHERUS/SOURCES.ZIP/WATT32/INC/SYS/SOCKET.H
/SOURCE/GOPHERUS/SOURCES.ZIP/WATT32/INC/SYS/SO_IOCTL.H
/SOURCE/GOPHERUS/SOURCES.ZIP/WATT32/INC/SYS/SWAP.H
/SOURCE/GOPHERUS/SOURCES.ZIP/WATT32/INC/SYS/SYSLOG.H
/SOURCE/GOPHERUS/SOURCES.ZIP/WATT32/INC/SYS/TURBOC.ERR
/SOURCE/GOPHERUS/SOURCES.ZIP/WATT32/INC/SYS/UIO.H
/SOURCE/GOPHERUS/SOURCES.ZIP/WATT32/INC/SYS/VISUALC.ERR
/SOURCE/GOPHERUS/SOURCES.ZIP/WATT32/INC/SYS/W32API.H
/SOURCE/GOPHERUS/SOURCES.ZIP/WATT32/INC/SYS/WATCOM.ERR
/SOURCE/GOPHERUS/SOURCES.ZIP/WATT32/INC/SYS/WERRNO.H
/SOURCE/GOPHERUS/SOURCES.ZIP/WATT32/INC/SYS/WTIME.H
/SOURCE/GOPHERUS/SOURCES.ZIP/WATT32/INC/SYS/WTYPES.H
/SOURCE/GOPHERUS/SOURCES.ZIP/WATT32/INC/SYSLOG.H
/SOURCE/GOPHERUS/SOURCES.ZIP/WATT32/INC/TCP.H
/SOURCE/GOPHERUS/SOURCES.ZIP/WATT32/INC/WINSOCK.H
/SOURCE/GOPHERUS/SOURCES.ZIP/WATT32/INC/WINSOCK2.H
/SOURCE/GOPHERUS/SOURCES.ZIP/WATT32/INC/WS2TCPIP.H
/SOURCE/GOPHERUS/SOURCES.ZIP/WATT32/LIB/
/SOURCE/GOPHERUS/SOURCES.ZIP/WATT32/LIB/LIBWATT.A
/SOURCE/GOPHERUS/SOURCES.ZIP/WATT32/LIB/WATTCPWL.LIB
/SOURCE/GOPHERUS/SOURCES.ZIP/WATT32/README
/SOURCE/GOPHERUS/SOURCES.ZIP/WATT32/README.TOO
/SOURCE/GOPHERUS/SOURCES.ZIP/WATT32/THANKS
/SOURCE/GOPHERUS/SOURCES.ZIP/WIN/
/SOURCE/GOPHERUS/SOURCES.ZIP/WIN/GOPHERUS.RC
/SOURCE/GOPHERUS/SOURCES.ZIP/WIN/GOPHERUS.RES
/SOURCE/GOPHERUS/SOURCES.ZIP/WIN/SDL2.DLL
/SOURCE/GOPHERUS/SOURCES.ZIP/WORDWRAP.C
/SOURCE/GOPHERUS/SOURCES.ZIP/WORDWRAP.H
