/
/APPINFO/
/APPINFO/GREP.DE
/APPINFO/GREP.FR
/APPINFO/GREP.LSM
/APPINFO/GREP.SV
/APPINFO/GREP.TR
/BIN/
/BIN/GREP.EXE
/DOC/
/DOC/GREP/
/DOC/GREP/COPYING
/DOC/GREP/GREP.MAN
/DOC/GREP/README.DOS
/SOURCE/
/SOURCE/GREP/
/SOURCE/GREP/SOURCES.ZIP/
/SOURCE/GREP/SOURCES.ZIP/ALLOCA.C
/SOURCE/GREP/SOURCES.ZIP/AUTHORS
/SOURCE/GREP/SOURCES.ZIP/CHANGELO
/SOURCE/GREP/SOURCES.ZIP/CONFIGUR
/SOURCE/GREP/SOURCES.ZIP/CONFIGUR.BAT
/SOURCE/GREP/SOURCES.ZIP/CONFIGUR.IN
/SOURCE/GREP/SOURCES.ZIP/COPYING
/SOURCE/GREP/SOURCES.ZIP/DFA.C
/SOURCE/GREP/SOURCES.ZIP/DFA.H
/SOURCE/GREP/SOURCES.ZIP/GETOPT.C
/SOURCE/GREP/SOURCES.ZIP/GETOPT.H
/SOURCE/GREP/SOURCES.ZIP/GETPAGES.H
/SOURCE/GREP/SOURCES.ZIP/GREP.C
/SOURCE/GREP/SOURCES.ZIP/GREP.H
/SOURCE/GREP/SOURCES.ZIP/GREP.MAN
/SOURCE/GREP/SOURCES.ZIP/INSTALL
/SOURCE/GREP/SOURCES.ZIP/INSTALL.VMS
/SOURCE/GREP/SOURCES.ZIP/KWSET.C
/SOURCE/GREP/SOURCES.ZIP/KWSET.H
/SOURCE/GREP/SOURCES.ZIP/MAKE.COM
/SOURCE/GREP/SOURCES.ZIP/MAKEFILE.IN
/SOURCE/GREP/SOURCES.ZIP/MANIFEST
/SOURCE/GREP/SOURCES.ZIP/MSDOS/
/SOURCE/GREP/SOURCES.ZIP/MSDOS/CONFIG.H
/SOURCE/GREP/SOURCES.ZIP/MSDOS/CWILD.C
/SOURCE/GREP/SOURCES.ZIP/MSDOS/DOSGLOB.C
/SOURCE/GREP/SOURCES.ZIP/MSDOS/DOSGLOB.H
/SOURCE/GREP/SOURCES.ZIP/MSDOS/FNMATCH.C
/SOURCE/GREP/SOURCES.ZIP/MSDOS/FNMATCH.H
/SOURCE/GREP/SOURCES.ZIP/MSDOS/GREP.DOC
/SOURCE/GREP/SOURCES.ZIP/MSDOS/MAKEFILE
/SOURCE/GREP/SOURCES.ZIP/MSDOS/NDIR.C
/SOURCE/GREP/SOURCES.ZIP/MSDOS/NDIR.H
/SOURCE/GREP/SOURCES.ZIP/MSDOS/PATCHES.DOS
/SOURCE/GREP/SOURCES.ZIP/NEWS
/SOURCE/GREP/SOURCES.ZIP/OBSTACK.C
/SOURCE/GREP/SOURCES.ZIP/OBSTACK.H
/SOURCE/GREP/SOURCES.ZIP/PROJECTS
/SOURCE/GREP/SOURCES.ZIP/README
/SOURCE/GREP/SOURCES.ZIP/README.DOS
/SOURCE/GREP/SOURCES.ZIP/REGEX.C
/SOURCE/GREP/SOURCES.ZIP/REGEX.H
/SOURCE/GREP/SOURCES.ZIP/SEARCH.C
/SOURCE/GREP/SOURCES.ZIP/TESTS/
/SOURCE/GREP/SOURCES.ZIP/TESTS/CHECK.BAT
/SOURCE/GREP/SOURCES.ZIP/TESTS/CHECK.SH
/SOURCE/GREP/SOURCES.ZIP/TESTS/KHADAFY.LIN
/SOURCE/GREP/SOURCES.ZIP/TESTS/KHADAFY.REG
/SOURCE/GREP/SOURCES.ZIP/TESTS/MSDOS/
/SOURCE/GREP/SOURCES.ZIP/TESTS/MSDOS/TEST103.PAT
/SOURCE/GREP/SOURCES.ZIP/TESTS/MSDOS/TEST106.PAT
/SOURCE/GREP/SOURCES.ZIP/TESTS/MSDOS/TEST107.PAT
/SOURCE/GREP/SOURCES.ZIP/TESTS/MSDOS/TEST108.PAT
/SOURCE/GREP/SOURCES.ZIP/TESTS/MSDOS/TEST109.PAT
/SOURCE/GREP/SOURCES.ZIP/TESTS/MSDOS/TEST110.PAT
/SOURCE/GREP/SOURCES.ZIP/TESTS/MSDOS/TEST111.PAT
/SOURCE/GREP/SOURCES.ZIP/TESTS/MSDOS/TEST48.PAT
/SOURCE/GREP/SOURCES.ZIP/TESTS/MSDOS/TEST49.PAT
/SOURCE/GREP/SOURCES.ZIP/TESTS/MSDOS/TEST71.PAT
/SOURCE/GREP/SOURCES.ZIP/TESTS/MSDOS/TEST72.PAT
/SOURCE/GREP/SOURCES.ZIP/TESTS/MSDOS/TEST73.PAT
/SOURCE/GREP/SOURCES.ZIP/TESTS/MSDOS/TEST74.PAT
/SOURCE/GREP/SOURCES.ZIP/TESTS/MSDOS/TEST75.PAT
/SOURCE/GREP/SOURCES.ZIP/TESTS/MSDOS/TEST78.PAT
/SOURCE/GREP/SOURCES.ZIP/TESTS/MSDOS/TEST85.PAT
/SOURCE/GREP/SOURCES.ZIP/TESTS/MSDOS/TEST86.PAT
/SOURCE/GREP/SOURCES.ZIP/TESTS/MSDOS/TEST87.PAT
/SOURCE/GREP/SOURCES.ZIP/TESTS/MSDOS/TEST91.PAT
/SOURCE/GREP/SOURCES.ZIP/TESTS/MSDOS/TEST93.PAT
/SOURCE/GREP/SOURCES.ZIP/TESTS/MSDOS/TEST94.PAT
/SOURCE/GREP/SOURCES.ZIP/TESTS/MSDOS/TEST95.PAT
/SOURCE/GREP/SOURCES.ZIP/TESTS/MSDOS/TEST96.PAT
/SOURCE/GREP/SOURCES.ZIP/TESTS/SCRIPTGE.AWK
/SOURCE/GREP/SOURCES.ZIP/TESTS/SPENCER.TES
/SOURCE/GREP/SOURCES.ZIP/TESTS/TEST.BAT
