/
/APPINFO/
/APPINFO/HANGMAN.DE
/APPINFO/HANGMAN.FR
/APPINFO/HANGMAN.LSM
/APPINFO/HANGMAN.SV
/APPINFO/HANGMAN.TR
/GAMES/
/GAMES/HANGMAN/
/GAMES/HANGMAN/DE_BASE.VOC
/GAMES/HANGMAN/EN_ANIML.VOC
/GAMES/HANGMAN/EN_BASE.VOC
/GAMES/HANGMAN/EN_CITIE.VOC
/GAMES/HANGMAN/EN_COLRS.VOC
/GAMES/HANGMAN/EN_COMPS.VOC
/GAMES/HANGMAN/EN_LOTR.VOC
/GAMES/HANGMAN/EN_NES.VOC
/GAMES/HANGMAN/EN_NORSE.VOC
/GAMES/HANGMAN/EN_STATS.VOC
/GAMES/HANGMAN/FR_BASE.VOC
/GAMES/HANGMAN/FR_PAYS.VOC
/GAMES/HANGMAN/HANGMAN.CFG
/GAMES/HANGMAN/HANGMAN.EXE
/GAMES/HANGMAN/HANGMAN.TXT
/GAMES/HANGMAN/HU_BASE.VOC
/GAMES/HANGMAN/LICENCE.TXT
/GAMES/HANGMAN/NL_BASE.VOC
/GAMES/HANGMAN/PL_BASE.VOC
/GAMES/HANGMAN/PL_IMION.VOC
/SOURCE/
/SOURCE/HANGMAN/
/SOURCE/HANGMAN/SOURCES.ZIP/
/SOURCE/HANGMAN/SOURCES.ZIP/HANGMAN.BAS
