/
/APPINFO/
/APPINFO/HEXCOMP.DE
/APPINFO/HEXCOMP.FR
/APPINFO/HEXCOMP.LSM
/APPINFO/HEXCOMP.SV
/APPINFO/HEXCOMP.TR
/SOURCE/
/SOURCE/HEXCOMP/
/SOURCE/HEXCOMP/SOURCES.ZIP/
/SOURCE/HEXCOMP/SOURCES.ZIP/GENERAL.H
/SOURCE/HEXCOMP/SOURCES.ZIP/GUI.C
/SOURCE/HEXCOMP/SOURCES.ZIP/GUI.H
/SOURCE/HEXCOMP/SOURCES.ZIP/MAIN.C
/SOURCE/HEXCOMP/SOURCES.ZIP/MAKEFILE
/SOURCE/HEXCOMP/SOURCES.ZIP/MAKEFILE.DOS
/SOURCE/HEXCOMP/SOURCES.ZIP/README
/UTIL/
/UTIL/HEXCOMP/
/UTIL/HEXCOMP/HEXCOMP.EXE
/UTIL/HEXCOMP/README
