/
/APPINFO/
/APPINFO/HIRAM.DE
/APPINFO/HIRAM.FR
/APPINFO/HIRAM.LSM
/APPINFO/HIRAM.SV
/APPINFO/HIRAM.TR
/DRIVERS/
/DRIVERS/HIRAM/
/DRIVERS/HIRAM/BESTELL.CSL
/DRIVERS/HIRAM/COPYRITE.TXT
/DRIVERS/HIRAM/HIFILES.EXE
/DRIVERS/HIRAM/HILFMIR.COM
/DRIVERS/HIRAM/HILOAD.COM
/DRIVERS/HIRAM/HIRAM.EXE
/DRIVERS/HIRAM/HIRAM.TXT
/DRIVERS/HIRAM/INFO.TXT
/DRIVERS/HIRAM/MAKHISET.EXE
/DRIVERS/HIRAM/MAKHISET.TXT
/DRIVERS/HIRAM/OPTI482.SCR
/DRIVERS/HIRAM/OPTI493.SCR
/DRIVERS/HIRAM/PCCHIPS.SCR
/DRIVERS/HIRAM/READ1ST.TXT
/DRIVERS/HIRAM/SIS401.SCR
/DRIVERS/HIRAM/SIS411.SCR
/DRIVERS/HIRAM/SIS461.SCR
/DRIVERS/HIRAM/UMCAUTO.SCR
/DRIVERS/HIRAM/XMEM.EXE
/SOURCE/
/SOURCE/HIRAM/
/SOURCE/HIRAM/SOURCES.ZIP/
/SOURCE/HIRAM/SOURCES.ZIP/HIRAM19A.ASM
