/
/APPINFO/
/APPINFO/HTMLHELP.DE
/APPINFO/HTMLHELP.FR
/APPINFO/HTMLHELP.LSM
/APPINFO/HTMLHELP.SV
/APPINFO/HTMLHELP.TR
/BIN/
/BIN/BOOKSHLF.EXE
/BIN/HTMLHELP.EXE
/DOC/
/DOC/HELP/
/DOC/HELP/BUGS
/DOC/HELP/COPYING
/DOC/HELP/HISTORY
/DOC/HELP/README
/HELP/
/HELP/DE/
/HELP/DE/HELP.HTM
/HELP/DE/HHSTNDRD/
/HELP/DE/HHSTNDRD/HHSTNDRD.ZIP/
/HELP/DE/HHSTNDRD/HHSTNDRD.ZIP/authors/
/HELP/DE/HHSTNDRD/HHSTNDRD.ZIP/authors/ack.htm
/HELP/DE/HHSTNDRD/HHSTNDRD.ZIP/authors/greeting.htm
/HELP/DE/HHSTNDRD/HHSTNDRD.ZIP/authors/history.htm
/HELP/DE/HHSTNDRD/HHSTNDRD.ZIP/authors/index.htm
/HELP/DE/HHSTNDRD/HHSTNDRD.ZIP/authors/tags.htm
/HELP/DE/HHSTNDRD/HHSTNDRD.ZIP/authors/todolist.htm
/HELP/DE/HHSTNDRD/HHSTNDRD.ZIP/authors/writing.htm
/HELP/DE/HHSTNDRD/HHSTNDRD.ZIP/base/
/HELP/DE/HHSTNDRD/HHSTNDRD.ZIP/base/append.htm
/HELP/DE/HHSTNDRD/HHSTNDRD.ZIP/base/apropos.htm
/HELP/DE/HHSTNDRD/HHSTNDRD.ZIP/base/assign.htm
/HELP/DE/HHSTNDRD/HHSTNDRD.ZIP/base/atapicdd.htm
/HELP/DE/HHSTNDRD/HHSTNDRD.ZIP/base/attrib.htm
/HELP/DE/HHSTNDRD/HHSTNDRD.ZIP/base/backup.htm
/HELP/DE/HHSTNDRD/HHSTNDRD.ZIP/base/callver.htm
/HELP/DE/HHSTNDRD/HHSTNDRD.ZIP/base/cdrcache.htm
/HELP/DE/HHSTNDRD/HHSTNDRD.ZIP/base/chkdsk.htm
/HELP/DE/HHSTNDRD/HHSTNDRD.ZIP/base/choice.htm
/HELP/DE/HHSTNDRD/HHSTNDRD.ZIP/base/cntrysys.htm
/HELP/DE/HHSTNDRD/HHSTNDRD.ZIP/base/command.htm
/HELP/DE/HHSTNDRD/HHSTNDRD.ZIP/base/comp.htm
/HELP/DE/HHSTNDRD/HHSTNDRD.ZIP/base/cpidos.htm
/HELP/DE/HHSTNDRD/HHSTNDRD.ZIP/base/ctmouse.htm
/HELP/DE/HHSTNDRD/HHSTNDRD.ZIP/base/debug.htm
/HELP/DE/HHSTNDRD/HHSTNDRD.ZIP/base/defrag.htm
/HELP/DE/HHSTNDRD/HHSTNDRD.ZIP/base/deltree.htm
/HELP/DE/HHSTNDRD/HHSTNDRD.ZIP/base/diskcomp.htm
/HELP/DE/HHSTNDRD/HHSTNDRD.ZIP/base/diskcopy.htm
/HELP/DE/HHSTNDRD/HHSTNDRD.ZIP/base/display.htm
/HELP/DE/HHSTNDRD/HHSTNDRD.ZIP/base/edit.htm
/HELP/DE/HHSTNDRD/HHSTNDRD.ZIP/base/edlin.htm
/HELP/DE/HHSTNDRD/HHSTNDRD.ZIP/base/emm386.htm
/HELP/DE/HHSTNDRD/HHSTNDRD.ZIP/base/exe2bin.htm
/HELP/DE/HHSTNDRD/HHSTNDRD.ZIP/base/fasthelp.htm
/HELP/DE/HHSTNDRD/HHSTNDRD.ZIP/base/fc.htm
/HELP/DE/HHSTNDRD/HHSTNDRD.ZIP/base/fdapm.htm
/HELP/DE/HHSTNDRD/HHSTNDRD.ZIP/base/fdhelp.htm
/HELP/DE/HHSTNDRD/HHSTNDRD.ZIP/base/fdisk.htm
/HELP/DE/HHSTNDRD/HHSTNDRD.ZIP/base/fdshield.htm
/HELP/DE/HHSTNDRD/HHSTNDRD.ZIP/base/fdxms.htm
/HELP/DE/HHSTNDRD/HHSTNDRD.ZIP/base/fdxms286.htm
/HELP/DE/HHSTNDRD/HHSTNDRD.ZIP/base/find.htm
/HELP/DE/HHSTNDRD/HHSTNDRD.ZIP/base/format.htm
/HELP/DE/HHSTNDRD/HHSTNDRD.ZIP/base/freecom.htm
/HELP/DE/HHSTNDRD/HHSTNDRD.ZIP/base/fsuite04.htm
/HELP/DE/HHSTNDRD/HHSTNDRD.ZIP/base/gcdrom.htm
/HELP/DE/HHSTNDRD/HHSTNDRD.ZIP/base/graftabl.htm
/HELP/DE/HHSTNDRD/HHSTNDRD.ZIP/base/graphexe.htm
/HELP/DE/HHSTNDRD/HHSTNDRD.ZIP/base/graphics.htm
/HELP/DE/HHSTNDRD/HHSTNDRD.ZIP/base/help.htm
/HELP/DE/HHSTNDRD/HHSTNDRD.ZIP/base/himem.htm
/HELP/DE/HHSTNDRD/HHSTNDRD.ZIP/base/himemx.htm
/HELP/DE/HHSTNDRD/HHSTNDRD.ZIP/base/htmlhelp.htm
/HELP/DE/HHSTNDRD/HHSTNDRD.ZIP/base/index.htm
/HELP/DE/HHSTNDRD/HHSTNDRD.ZIP/base/jemm386.htm
/HELP/DE/HHSTNDRD/HHSTNDRD.ZIP/base/jemmex.htm
/HELP/DE/HHSTNDRD/HHSTNDRD.ZIP/base/join.htm
/HELP/DE/HHSTNDRD/HHSTNDRD.ZIP/base/kernel.htm
/HELP/DE/HHSTNDRD/HHSTNDRD.ZIP/base/keyb-kc.htm
/HELP/DE/HHSTNDRD/HHSTNDRD.ZIP/base/keyb.htm
/HELP/DE/HHSTNDRD/HHSTNDRD.ZIP/base/keycode.htm
/HELP/DE/HHSTNDRD/HHSTNDRD.ZIP/base/keyman.htm
/HELP/DE/HHSTNDRD/HHSTNDRD.ZIP/base/klib.htm
/HELP/DE/HHSTNDRD/HHSTNDRD.ZIP/base/kpdos.htm
/HELP/DE/HHSTNDRD/HHSTNDRD.ZIP/base/krnl-dvl.htm
/HELP/DE/HHSTNDRD/HHSTNDRD.ZIP/base/label.htm
/HELP/DE/HHSTNDRD/HHSTNDRD.ZIP/base/lbacache.htm
/HELP/DE/HHSTNDRD/HHSTNDRD.ZIP/base/listxdef.htm
/HELP/DE/HHSTNDRD/HHSTNDRD.ZIP/base/mem.htm
/HELP/DE/HHSTNDRD/HHSTNDRD.ZIP/base/mirror.htm
/HELP/DE/HHSTNDRD/HHSTNDRD.ZIP/base/mkeyb.htm
/HELP/DE/HHSTNDRD/HHSTNDRD.ZIP/base/mode.htm
/HELP/DE/HHSTNDRD/HHSTNDRD.ZIP/base/modecon.htm
/HELP/DE/HHSTNDRD/HHSTNDRD.ZIP/base/more.htm
/HELP/DE/HHSTNDRD/HHSTNDRD.ZIP/base/move.htm
/HELP/DE/HHSTNDRD/HHSTNDRD.ZIP/base/mscdex.htm
/HELP/DE/HHSTNDRD/HHSTNDRD.ZIP/base/nansi.htm
/HELP/DE/HHSTNDRD/HHSTNDRD.ZIP/base/nlsfunc.htm
/HELP/DE/HHSTNDRD/HHSTNDRD.ZIP/base/print.htm
/HELP/DE/HHSTNDRD/HHSTNDRD.ZIP/base/printer.htm
/HELP/DE/HHSTNDRD/HHSTNDRD.ZIP/base/printq.htm
/HELP/DE/HHSTNDRD/HHSTNDRD.ZIP/base/recover.htm
/HELP/DE/HHSTNDRD/HHSTNDRD.ZIP/base/replace.htm
/HELP/DE/HHSTNDRD/HHSTNDRD.ZIP/base/restore.htm
/HELP/DE/HHSTNDRD/HHSTNDRD.ZIP/base/scandisk.htm
/HELP/DE/HHSTNDRD/HHSTNDRD.ZIP/base/scankbd.htm
/HELP/DE/HHSTNDRD/HHSTNDRD.ZIP/base/setver.htm
/HELP/DE/HHSTNDRD/HHSTNDRD.ZIP/base/share.htm
/HELP/DE/HHSTNDRD/HHSTNDRD.ZIP/base/shsucdx.htm
/HELP/DE/HHSTNDRD/HHSTNDRD.ZIP/base/sort.htm
/HELP/DE/HHSTNDRD/HHSTNDRD.ZIP/base/subst.htm
/HELP/DE/HHSTNDRD/HHSTNDRD.ZIP/base/swsubst.htm
/HELP/DE/HHSTNDRD/HHSTNDRD.ZIP/base/sys.htm
/HELP/DE/HHSTNDRD/HHSTNDRD.ZIP/base/tdsk.htm
/HELP/DE/HHSTNDRD/HHSTNDRD.ZIP/base/tickle.htm
/HELP/DE/HHSTNDRD/HHSTNDRD.ZIP/base/tree.htm
/HELP/DE/HHSTNDRD/HHSTNDRD.ZIP/base/udma.htm
/HELP/DE/HHSTNDRD/HHSTNDRD.ZIP/base/udma2.htm
/HELP/DE/HHSTNDRD/HHSTNDRD.ZIP/base/udvd.htm
/HELP/DE/HHSTNDRD/HHSTNDRD.ZIP/base/uide.htm
/HELP/DE/HHSTNDRD/HHSTNDRD.ZIP/base/undelete.htm
/HELP/DE/HHSTNDRD/HHSTNDRD.ZIP/base/unformat.htm
/HELP/DE/HHSTNDRD/HHSTNDRD.ZIP/base/whatis.htm
/HELP/DE/HHSTNDRD/HHSTNDRD.ZIP/base/xcdrom.htm
/HELP/DE/HHSTNDRD/HHSTNDRD.ZIP/base/xcopy.htm
/HELP/DE/HHSTNDRD/HHSTNDRD.ZIP/base/xdma.htm
/HELP/DE/HHSTNDRD/HHSTNDRD.ZIP/base/xkeyb.htm
/HELP/DE/HHSTNDRD/HHSTNDRD.ZIP/base/xmgr.htm
/HELP/DE/HHSTNDRD/HHSTNDRD.ZIP/batch/
/HELP/DE/HHSTNDRD/HHSTNDRD.ZIP/batch/autoexec.htm
/HELP/DE/HHSTNDRD/HHSTNDRD.ZIP/batch/beep.htm
/HELP/DE/HHSTNDRD/HHSTNDRD.ZIP/batch/call.htm
/HELP/DE/HHSTNDRD/HHSTNDRD.ZIP/batch/choice.htm
/HELP/DE/HHSTNDRD/HHSTNDRD.ZIP/batch/cls.htm
/HELP/DE/HHSTNDRD/HHSTNDRD.ZIP/batch/echo.htm
/HELP/DE/HHSTNDRD/HHSTNDRD.ZIP/batch/for.htm
/HELP/DE/HHSTNDRD/HHSTNDRD.ZIP/batch/goto.htm
/HELP/DE/HHSTNDRD/HHSTNDRD.ZIP/batch/if.htm
/HELP/DE/HHSTNDRD/HHSTNDRD.ZIP/batch/index.htm
/HELP/DE/HHSTNDRD/HHSTNDRD.ZIP/batch/lh.htm
/HELP/DE/HHSTNDRD/HHSTNDRD.ZIP/batch/loadhigh.htm
/HELP/DE/HHSTNDRD/HHSTNDRD.ZIP/batch/path.htm
/HELP/DE/HHSTNDRD/HHSTNDRD.ZIP/batch/pause.htm
/HELP/DE/HHSTNDRD/HHSTNDRD.ZIP/batch/prompt.htm
/HELP/DE/HHSTNDRD/HHSTNDRD.ZIP/batch/rem.htm
/HELP/DE/HHSTNDRD/HHSTNDRD.ZIP/batch/set.htm
/HELP/DE/HHSTNDRD/HHSTNDRD.ZIP/batch/shift.htm
/HELP/DE/HHSTNDRD/HHSTNDRD.ZIP/cnfigsys/
/HELP/DE/HHSTNDRD/HHSTNDRD.ZIP/cnfigsys/break.htm
/HELP/DE/HHSTNDRD/HHSTNDRD.ZIP/cnfigsys/buffers.htm
/HELP/DE/HHSTNDRD/HHSTNDRD.ZIP/cnfigsys/buffersh.htm
/HELP/DE/HHSTNDRD/HHSTNDRD.ZIP/cnfigsys/country.htm
/HELP/DE/HHSTNDRD/HHSTNDRD.ZIP/cnfigsys/device.htm
/HELP/DE/HHSTNDRD/HHSTNDRD.ZIP/cnfigsys/deviceh.htm
/HELP/DE/HHSTNDRD/HHSTNDRD.ZIP/cnfigsys/dos.htm
/HELP/DE/HHSTNDRD/HHSTNDRD.ZIP/cnfigsys/dosdata.htm
/HELP/DE/HHSTNDRD/HHSTNDRD.ZIP/cnfigsys/echo.htm
/HELP/DE/HHSTNDRD/HHSTNDRD.ZIP/cnfigsys/eecho.htm
/HELP/DE/HHSTNDRD/HHSTNDRD.ZIP/cnfigsys/exclamat.htm
/HELP/DE/HHSTNDRD/HHSTNDRD.ZIP/cnfigsys/fcbs.htm
/HELP/DE/HHSTNDRD/HHSTNDRD.ZIP/cnfigsys/fdconfig.htm
/HELP/DE/HHSTNDRD/HHSTNDRD.ZIP/cnfigsys/files.htm
/HELP/DE/HHSTNDRD/HHSTNDRD.ZIP/cnfigsys/filesh.htm
/HELP/DE/HHSTNDRD/HHSTNDRD.ZIP/cnfigsys/idlehalt.htm
/HELP/DE/HHSTNDRD/HHSTNDRD.ZIP/cnfigsys/index.htm
/HELP/DE/HHSTNDRD/HHSTNDRD.ZIP/cnfigsys/install.htm
/HELP/DE/HHSTNDRD/HHSTNDRD.ZIP/cnfigsys/installh.htm
/HELP/DE/HHSTNDRD/HHSTNDRD.ZIP/cnfigsys/keybuf.htm
/HELP/DE/HHSTNDRD/HHSTNDRD.ZIP/cnfigsys/lastdrv.htm
/HELP/DE/HHSTNDRD/HHSTNDRD.ZIP/cnfigsys/lastdrvh.htm
/HELP/DE/HHSTNDRD/HHSTNDRD.ZIP/cnfigsys/menu.htm
/HELP/DE/HHSTNDRD/HHSTNDRD.ZIP/cnfigsys/menucol.htm
/HELP/DE/HHSTNDRD/HHSTNDRD.ZIP/cnfigsys/menudef.htm
/HELP/DE/HHSTNDRD/HHSTNDRD.ZIP/cnfigsys/numlock.htm
/HELP/DE/HHSTNDRD/HHSTNDRD.ZIP/cnfigsys/question.htm
/HELP/DE/HHSTNDRD/HHSTNDRD.ZIP/cnfigsys/rem.htm
/HELP/DE/HHSTNDRD/HHSTNDRD.ZIP/cnfigsys/screen.htm
/HELP/DE/HHSTNDRD/HHSTNDRD.ZIP/cnfigsys/set.htm
/HELP/DE/HHSTNDRD/HHSTNDRD.ZIP/cnfigsys/shell.htm
/HELP/DE/HHSTNDRD/HHSTNDRD.ZIP/cnfigsys/shellh.htm
/HELP/DE/HHSTNDRD/HHSTNDRD.ZIP/cnfigsys/slashdot.htm
/HELP/DE/HHSTNDRD/HHSTNDRD.ZIP/cnfigsys/stacks.htm
/HELP/DE/HHSTNDRD/HHSTNDRD.ZIP/cnfigsys/stacksh.htm
/HELP/DE/HHSTNDRD/HHSTNDRD.ZIP/cnfigsys/switchar.htm
/HELP/DE/HHSTNDRD/HHSTNDRD.ZIP/cnfigsys/switches.htm
/HELP/DE/HHSTNDRD/HHSTNDRD.ZIP/cnfigsys/version.htm
/HELP/DE/HHSTNDRD/HHSTNDRD.ZIP/command/
/HELP/DE/HHSTNDRD/HHSTNDRD.ZIP/command/alias.htm
/HELP/DE/HHSTNDRD/HHSTNDRD.ZIP/command/beep.htm
/HELP/DE/HHSTNDRD/HHSTNDRD.ZIP/command/break.htm
/HELP/DE/HHSTNDRD/HHSTNDRD.ZIP/command/call.htm
/HELP/DE/HHSTNDRD/HHSTNDRD.ZIP/command/cd.htm
/HELP/DE/HHSTNDRD/HHSTNDRD.ZIP/command/cdd.htm
/HELP/DE/HHSTNDRD/HHSTNDRD.ZIP/command/chcp.htm
/HELP/DE/HHSTNDRD/HHSTNDRD.ZIP/command/chdir.htm
/HELP/DE/HHSTNDRD/HHSTNDRD.ZIP/command/cls.htm
/HELP/DE/HHSTNDRD/HHSTNDRD.ZIP/command/copy.htm
/HELP/DE/HHSTNDRD/HHSTNDRD.ZIP/command/ctty.htm
/HELP/DE/HHSTNDRD/HHSTNDRD.ZIP/command/date.htm
/HELP/DE/HHSTNDRD/HHSTNDRD.ZIP/command/del.htm
/HELP/DE/HHSTNDRD/HHSTNDRD.ZIP/command/dir.htm
/HELP/DE/HHSTNDRD/HHSTNDRD.ZIP/command/dirs.htm
/HELP/DE/HHSTNDRD/HHSTNDRD.ZIP/command/doskey.htm
/HELP/DE/HHSTNDRD/HHSTNDRD.ZIP/command/echo.htm
/HELP/DE/HHSTNDRD/HHSTNDRD.ZIP/command/erase.htm
/HELP/DE/HHSTNDRD/HHSTNDRD.ZIP/command/exit.htm
/HELP/DE/HHSTNDRD/HHSTNDRD.ZIP/command/for.htm
/HELP/DE/HHSTNDRD/HHSTNDRD.ZIP/command/goto.htm
/HELP/DE/HHSTNDRD/HHSTNDRD.ZIP/command/history.htm
/HELP/DE/HHSTNDRD/HHSTNDRD.ZIP/command/if.htm
/HELP/DE/HHSTNDRD/HHSTNDRD.ZIP/command/index.htm
/HELP/DE/HHSTNDRD/HHSTNDRD.ZIP/command/lfnfor.htm
/HELP/DE/HHSTNDRD/HHSTNDRD.ZIP/command/lh.htm
/HELP/DE/HHSTNDRD/HHSTNDRD.ZIP/command/loadfix.htm
/HELP/DE/HHSTNDRD/HHSTNDRD.ZIP/command/loadhigh.htm
/HELP/DE/HHSTNDRD/HHSTNDRD.ZIP/command/md.htm
/HELP/DE/HHSTNDRD/HHSTNDRD.ZIP/command/memory.htm
/HELP/DE/HHSTNDRD/HHSTNDRD.ZIP/command/mkdir.htm
/HELP/DE/HHSTNDRD/HHSTNDRD.ZIP/command/path.htm
/HELP/DE/HHSTNDRD/HHSTNDRD.ZIP/command/pause.htm
/HELP/DE/HHSTNDRD/HHSTNDRD.ZIP/command/popd.htm
/HELP/DE/HHSTNDRD/HHSTNDRD.ZIP/command/prompt.htm
/HELP/DE/HHSTNDRD/HHSTNDRD.ZIP/command/pushd.htm
/HELP/DE/HHSTNDRD/HHSTNDRD.ZIP/command/rd.htm
/HELP/DE/HHSTNDRD/HHSTNDRD.ZIP/command/rem.htm
/HELP/DE/HHSTNDRD/HHSTNDRD.ZIP/command/ren.htm
/HELP/DE/HHSTNDRD/HHSTNDRD.ZIP/command/rename.htm
/HELP/DE/HHSTNDRD/HHSTNDRD.ZIP/command/rmdir.htm
/HELP/DE/HHSTNDRD/HHSTNDRD.ZIP/command/set.htm
/HELP/DE/HHSTNDRD/HHSTNDRD.ZIP/command/shift.htm
/HELP/DE/HHSTNDRD/HHSTNDRD.ZIP/command/time.htm
/HELP/DE/HHSTNDRD/HHSTNDRD.ZIP/command/truename.htm
/HELP/DE/HHSTNDRD/HHSTNDRD.ZIP/command/type.htm
/HELP/DE/HHSTNDRD/HHSTNDRD.ZIP/command/ver.htm
/HELP/DE/HHSTNDRD/HHSTNDRD.ZIP/command/verify.htm
/HELP/DE/HHSTNDRD/HHSTNDRD.ZIP/command/vol.htm
/HELP/DE/HHSTNDRD/HHSTNDRD.ZIP/command/which.htm
/HELP/DE/HHSTNDRD/HHSTNDRD.ZIP/help/
/HELP/DE/HHSTNDRD/HHSTNDRD.ZIP/help/about.htm
/HELP/DE/HHSTNDRD/HHSTNDRD.ZIP/help/apropos.htm
/HELP/DE/HHSTNDRD/HHSTNDRD.ZIP/help/fasthelp.htm
/HELP/DE/HHSTNDRD/HHSTNDRD.ZIP/help/fdhelp.htm
/HELP/DE/HHSTNDRD/HHSTNDRD.ZIP/help/fsuite04.htm
/HELP/DE/HHSTNDRD/HHSTNDRD.ZIP/help/help.htm
/HELP/DE/HHSTNDRD/HHSTNDRD.ZIP/help/htmlhelp.htm
/HELP/DE/HHSTNDRD/HHSTNDRD.ZIP/help/index.htm
/HELP/DE/HHSTNDRD/HHSTNDRD.ZIP/help/whatis.htm
/HELP/DE/HHSTNDRD/HHSTNDRD.ZIP/network/
/HELP/DE/HHSTNDRD/HHSTNDRD.ZIP/network/3com.htm
/HELP/DE/HHSTNDRD/HHSTNDRD.ZIP/network/cifs.htm
/HELP/DE/HHSTNDRD/HHSTNDRD.ZIP/network/conclus.htm
/HELP/DE/HHSTNDRD/HHSTNDRD.ZIP/network/crynwr.htm
/HELP/DE/HHSTNDRD/HHSTNDRD.ZIP/network/dosnetto.htm
/HELP/DE/HHSTNDRD/HHSTNDRD.ZIP/network/ethernet.htm
/HELP/DE/HHSTNDRD/HHSTNDRD.ZIP/network/history.htm
/HELP/DE/HHSTNDRD/HHSTNDRD.ZIP/network/index.htm
/HELP/DE/HHSTNDRD/HHSTNDRD.ZIP/network/install.htm
/HELP/DE/HHSTNDRD/HHSTNDRD.ZIP/network/intro.htm
/HELP/DE/HHSTNDRD/HHSTNDRD.ZIP/network/ipxspx.htm
/HELP/DE/HHSTNDRD/HHSTNDRD.ZIP/network/ldtcpipk.htm
/HELP/DE/HHSTNDRD/HHSTNDRD.ZIP/network/modem.htm
/HELP/DE/HHSTNDRD/HHSTNDRD.ZIP/network/msclient.htm
/HELP/DE/HHSTNDRD/HHSTNDRD.ZIP/network/mtcp.htm
/HELP/DE/HHSTNDRD/HHSTNDRD.ZIP/network/ndis.htm
/HELP/DE/HHSTNDRD/HHSTNDRD.ZIP/network/ndis_ins.htm
/HELP/DE/HHSTNDRD/HHSTNDRD.ZIP/network/network.htm
/HELP/DE/HHSTNDRD/HHSTNDRD.ZIP/network/nfs.htm
/HELP/DE/HHSTNDRD/HHSTNDRD.ZIP/network/novell.htm
/HELP/DE/HHSTNDRD/HHSTNDRD.ZIP/network/ntcpdrv.htm
/HELP/DE/HHSTNDRD/HHSTNDRD.ZIP/network/odi.htm
/HELP/DE/HHSTNDRD/HHSTNDRD.ZIP/network/odi_ins.htm
/HELP/DE/HHSTNDRD/HHSTNDRD.ZIP/network/others.htm
/HELP/DE/HHSTNDRD/HHSTNDRD.ZIP/network/ot_tcpip.htm
/HELP/DE/HHSTNDRD/HHSTNDRD.ZIP/network/pack_ins.htm
/HELP/DE/HHSTNDRD/HHSTNDRD.ZIP/network/pkt2odi.htm
/HELP/DE/HHSTNDRD/HHSTNDRD.ZIP/network/tcpip.htm
/HELP/DE/HHSTNDRD/HHSTNDRD.ZIP/network/tcpip_ap.htm
/HELP/DE/HHSTNDRD/HHSTNDRD.ZIP/network/wattcp.htm
/HELP/DE/HHSTNDRD/HHSTNDRD.ZIP/network/wifi.htm
/HELP/DE/HHSTNDRD/HHSTNDRD.ZIP/other/
/HELP/DE/HHSTNDRD/HHSTNDRD.ZIP/other/cpidos.htm
/HELP/DE/HHSTNDRD/HHSTNDRD.ZIP/other/fdl11.htm
/HELP/DE/HHSTNDRD/HHSTNDRD.ZIP/other/fdl12.htm
/HELP/DE/HHSTNDRD/HHSTNDRD.ZIP/other/gpl2.htm
/HELP/DE/HHSTNDRD/HHSTNDRD.ZIP/other/gpl3.htm
/HELP/DE/HHSTNDRD/HHSTNDRD.ZIP/other/h2cpying.htm
/HELP/DE/HHSTNDRD/HHSTNDRD.ZIP/other/keyboard.htm
/HELP/DE/HHSTNDRD/HHSTNDRD.ZIP/other/kpdos.htm
/HELP/DE/HHSTNDRD/HHSTNDRD.ZIP/other/mouse.htm
/HELP/DE/HHSTNDRD/HHSTNDRD.ZIP/other/otherway.htm
/HELP/DE/HHSTNDRD/HHSTNDRD.ZIP/other/syntax.htm
/HELP/DE/HHSTNDRD/HHSTNDRD.ZIP/util/
/HELP/DE/HHSTNDRD/HHSTNDRD.ZIP/util/bootfix.htm
/HELP/DE/HHSTNDRD/HHSTNDRD.ZIP/util/cal.htm
/HELP/DE/HHSTNDRD/HHSTNDRD.ZIP/util/devload.htm
/HELP/DE/HHSTNDRD/HHSTNDRD.ZIP/util/dosfsck.htm
/HELP/DE/HHSTNDRD/HHSTNDRD.ZIP/util/doslfn.htm
/HELP/DE/HHSTNDRD/HHSTNDRD.ZIP/util/fdpkg.htm
/HELP/DE/HHSTNDRD/HHSTNDRD.ZIP/util/fdrc.htm
/HELP/DE/HHSTNDRD/HHSTNDRD.ZIP/util/foxcalc.htm
/HELP/DE/HHSTNDRD/HHSTNDRD.ZIP/util/freemacs.htm
/HELP/DE/HHSTNDRD/HHSTNDRD.ZIP/util/index.htm
/HELP/DE/HHSTNDRD/HHSTNDRD.ZIP/util/locate.htm
/HELP/DE/HHSTNDRD/HHSTNDRD.ZIP/util/md5sum.htm
/HELP/DE/HHSTNDRD/HHSTNDRD.ZIP/util/ospedit.htm
/HELP/DE/HHSTNDRD/HHSTNDRD.ZIP/util/password.htm
/HELP/DE/HHSTNDRD/HHSTNDRD.ZIP/util/pcisleep.htm
/HELP/DE/HHSTNDRD/HHSTNDRD.ZIP/util/pdtree.htm
/HELP/DE/HHSTNDRD/HHSTNDRD.ZIP/util/rdisk.htm
/HELP/DE/HHSTNDRD/HHSTNDRD.ZIP/util/ripcord.htm
/HELP/DE/HHSTNDRD/HHSTNDRD.ZIP/util/shsufdrv.htm
/HELP/DE/HHSTNDRD/HHSTNDRD.ZIP/util/tee.htm
/HELP/DE/HHSTNDRD/HHSTNDRD.ZIP/util/touch.htm
/HELP/DE/HHSTNDRD/HHSTNDRD.ZIP/util/trch.htm
/HELP/DE/HHSTNDRD/HHSTNDRD.ZIP/util/unzip.htm
/HELP/DE/HHSTNDRD/HHSTNDRD.ZIP/util/xgrep.htm
/HELP/DE/HHSTNDRD/HHSTNDRD.ZIP/util/zip.htm
/HELP/DE/HHSTNDRD/HHSTNDRD.ZIP/READ-de.1st
/HELP/DE/INDEX.HTM
/HELP/DE/READ-DE.1ST
/HELP/DOCINFO/
/HELP/DOCINFO/BI/
/HELP/DOCINFO/BI/NLS/
/HELP/DOCINFO/BI/NLS/HELP/
/HELP/DOCINFO/BI/NLS/HELP/DE.BI
/HELP/DOCINFO/BI/NLS/HELP/EN.BI
/HELP/DOCINFO/BI/NLS/HELP/ES.BI
/HELP/DOCINFO/BI/NLS/HELP/FR.BI
/HELP/DOCINFO/BI/NLS/HELP/IT.BI
/HELP/DOCINFO/BI/NLS/INDEX/
/HELP/DOCINFO/BI/NLS/INDEX/DE.BI
/HELP/DOCINFO/BI/NLS/INDEX/EN.BI
/HELP/DOCINFO/BI/NLS/INDEX/ES.BI
/HELP/DOCINFO/BI/NLS/INDEX/FR.BI
/HELP/DOCINFO/BI/NLS/INDEX/IT.BI
/HELP/EN/
/HELP/EN/HELP.HTM
/HELP/EN/HHSTNDRD/
/HELP/EN/HHSTNDRD/HHSTNDRD.ZIP/
/HELP/EN/HHSTNDRD/HHSTNDRD.ZIP/authors/
/HELP/EN/HHSTNDRD/HHSTNDRD.ZIP/authors/ack.htm
/HELP/EN/HHSTNDRD/HHSTNDRD.ZIP/authors/greeting.htm
/HELP/EN/HHSTNDRD/HHSTNDRD.ZIP/authors/HISTORY.HTM
/HELP/EN/HHSTNDRD/HHSTNDRD.ZIP/authors/index.htm
/HELP/EN/HHSTNDRD/HHSTNDRD.ZIP/authors/tags.htm
/HELP/EN/HHSTNDRD/HHSTNDRD.ZIP/authors/todolist.htm
/HELP/EN/HHSTNDRD/HHSTNDRD.ZIP/authors/writing.htm
/HELP/EN/HHSTNDRD/HHSTNDRD.ZIP/base/
/HELP/EN/HHSTNDRD/HHSTNDRD.ZIP/base/append.htm
/HELP/EN/HHSTNDRD/HHSTNDRD.ZIP/base/apropos.htm
/HELP/EN/HHSTNDRD/HHSTNDRD.ZIP/base/assign.htm
/HELP/EN/HHSTNDRD/HHSTNDRD.ZIP/base/atapicdd.htm
/HELP/EN/HHSTNDRD/HHSTNDRD.ZIP/base/attrib.htm
/HELP/EN/HHSTNDRD/HHSTNDRD.ZIP/base/backup.htm
/HELP/EN/HHSTNDRD/HHSTNDRD.ZIP/base/callver.htm
/HELP/EN/HHSTNDRD/HHSTNDRD.ZIP/base/cdrcache.htm
/HELP/EN/HHSTNDRD/HHSTNDRD.ZIP/base/chkdsk.htm
/HELP/EN/HHSTNDRD/HHSTNDRD.ZIP/base/choice.htm
/HELP/EN/HHSTNDRD/HHSTNDRD.ZIP/base/cntrysys.htm
/HELP/EN/HHSTNDRD/HHSTNDRD.ZIP/base/command.htm
/HELP/EN/HHSTNDRD/HHSTNDRD.ZIP/base/comp.htm
/HELP/EN/HHSTNDRD/HHSTNDRD.ZIP/base/cpidos.htm
/HELP/EN/HHSTNDRD/HHSTNDRD.ZIP/base/ctmouse.htm
/HELP/EN/HHSTNDRD/HHSTNDRD.ZIP/base/debug.htm
/HELP/EN/HHSTNDRD/HHSTNDRD.ZIP/base/defrag.htm
/HELP/EN/HHSTNDRD/HHSTNDRD.ZIP/base/deltree.htm
/HELP/EN/HHSTNDRD/HHSTNDRD.ZIP/base/diskcomp.htm
/HELP/EN/HHSTNDRD/HHSTNDRD.ZIP/base/diskcopy.htm
/HELP/EN/HHSTNDRD/HHSTNDRD.ZIP/base/display.htm
/HELP/EN/HHSTNDRD/HHSTNDRD.ZIP/base/edit.htm
/HELP/EN/HHSTNDRD/HHSTNDRD.ZIP/base/edlin.htm
/HELP/EN/HHSTNDRD/HHSTNDRD.ZIP/base/emm386.htm
/HELP/EN/HHSTNDRD/HHSTNDRD.ZIP/base/exe2bin.htm
/HELP/EN/HHSTNDRD/HHSTNDRD.ZIP/base/fasthelp.htm
/HELP/EN/HHSTNDRD/HHSTNDRD.ZIP/base/fc.htm
/HELP/EN/HHSTNDRD/HHSTNDRD.ZIP/base/fdapm.htm
/HELP/EN/HHSTNDRD/HHSTNDRD.ZIP/base/fdhelp.htm
/HELP/EN/HHSTNDRD/HHSTNDRD.ZIP/base/fdisk.htm
/HELP/EN/HHSTNDRD/HHSTNDRD.ZIP/base/fdshield.htm
/HELP/EN/HHSTNDRD/HHSTNDRD.ZIP/base/fdxms.htm
/HELP/EN/HHSTNDRD/HHSTNDRD.ZIP/base/fdxms286.htm
/HELP/EN/HHSTNDRD/HHSTNDRD.ZIP/base/find.htm
/HELP/EN/HHSTNDRD/HHSTNDRD.ZIP/base/format.htm
/HELP/EN/HHSTNDRD/HHSTNDRD.ZIP/base/freecom.htm
/HELP/EN/HHSTNDRD/HHSTNDRD.ZIP/base/fsuite04.htm
/HELP/EN/HHSTNDRD/HHSTNDRD.ZIP/base/gcdrom.htm
/HELP/EN/HHSTNDRD/HHSTNDRD.ZIP/base/graftabl.htm
/HELP/EN/HHSTNDRD/HHSTNDRD.ZIP/base/graphexe.htm
/HELP/EN/HHSTNDRD/HHSTNDRD.ZIP/base/graphics.htm
/HELP/EN/HHSTNDRD/HHSTNDRD.ZIP/base/help.htm
/HELP/EN/HHSTNDRD/HHSTNDRD.ZIP/base/himem.htm
/HELP/EN/HHSTNDRD/HHSTNDRD.ZIP/base/himemx.htm
/HELP/EN/HHSTNDRD/HHSTNDRD.ZIP/base/htmlhelp.htm
/HELP/EN/HHSTNDRD/HHSTNDRD.ZIP/base/index.htm
/HELP/EN/HHSTNDRD/HHSTNDRD.ZIP/base/jemm386.htm
/HELP/EN/HHSTNDRD/HHSTNDRD.ZIP/base/jemmex.htm
/HELP/EN/HHSTNDRD/HHSTNDRD.ZIP/base/join.htm
/HELP/EN/HHSTNDRD/HHSTNDRD.ZIP/base/kernel.htm
/HELP/EN/HHSTNDRD/HHSTNDRD.ZIP/base/keyb-kc.htm
/HELP/EN/HHSTNDRD/HHSTNDRD.ZIP/base/keyb.htm
/HELP/EN/HHSTNDRD/HHSTNDRD.ZIP/base/keycode.htm
/HELP/EN/HHSTNDRD/HHSTNDRD.ZIP/base/keyman.htm
/HELP/EN/HHSTNDRD/HHSTNDRD.ZIP/base/klib.htm
/HELP/EN/HHSTNDRD/HHSTNDRD.ZIP/base/kpdos.htm
/HELP/EN/HHSTNDRD/HHSTNDRD.ZIP/base/krnl-dvl.htm
/HELP/EN/HHSTNDRD/HHSTNDRD.ZIP/base/label.htm
/HELP/EN/HHSTNDRD/HHSTNDRD.ZIP/base/lbacache.htm
/HELP/EN/HHSTNDRD/HHSTNDRD.ZIP/base/listxdef.htm
/HELP/EN/HHSTNDRD/HHSTNDRD.ZIP/base/mem.htm
/HELP/EN/HHSTNDRD/HHSTNDRD.ZIP/base/mirror.htm
/HELP/EN/HHSTNDRD/HHSTNDRD.ZIP/base/mkeyb.htm
/HELP/EN/HHSTNDRD/HHSTNDRD.ZIP/base/mode.htm
/HELP/EN/HHSTNDRD/HHSTNDRD.ZIP/base/modecon.htm
/HELP/EN/HHSTNDRD/HHSTNDRD.ZIP/base/more.htm
/HELP/EN/HHSTNDRD/HHSTNDRD.ZIP/base/move.htm
/HELP/EN/HHSTNDRD/HHSTNDRD.ZIP/base/mscdex.htm
/HELP/EN/HHSTNDRD/HHSTNDRD.ZIP/base/nansi.htm
/HELP/EN/HHSTNDRD/HHSTNDRD.ZIP/base/nlsfunc.htm
/HELP/EN/HHSTNDRD/HHSTNDRD.ZIP/base/print.htm
/HELP/EN/HHSTNDRD/HHSTNDRD.ZIP/base/printer.htm
/HELP/EN/HHSTNDRD/HHSTNDRD.ZIP/base/printq.htm
/HELP/EN/HHSTNDRD/HHSTNDRD.ZIP/base/recover.htm
/HELP/EN/HHSTNDRD/HHSTNDRD.ZIP/base/replace.htm
/HELP/EN/HHSTNDRD/HHSTNDRD.ZIP/base/restore.htm
/HELP/EN/HHSTNDRD/HHSTNDRD.ZIP/base/scandisk.htm
/HELP/EN/HHSTNDRD/HHSTNDRD.ZIP/base/scankbd.htm
/HELP/EN/HHSTNDRD/HHSTNDRD.ZIP/base/setver.htm
/HELP/EN/HHSTNDRD/HHSTNDRD.ZIP/base/share.htm
/HELP/EN/HHSTNDRD/HHSTNDRD.ZIP/base/shsucdx.htm
/HELP/EN/HHSTNDRD/HHSTNDRD.ZIP/base/sort.htm
/HELP/EN/HHSTNDRD/HHSTNDRD.ZIP/base/subst.htm
/HELP/EN/HHSTNDRD/HHSTNDRD.ZIP/base/swsubst.htm
/HELP/EN/HHSTNDRD/HHSTNDRD.ZIP/base/sys.htm
/HELP/EN/HHSTNDRD/HHSTNDRD.ZIP/base/tdsk.htm
/HELP/EN/HHSTNDRD/HHSTNDRD.ZIP/base/tickle.htm
/HELP/EN/HHSTNDRD/HHSTNDRD.ZIP/base/tree.htm
/HELP/EN/HHSTNDRD/HHSTNDRD.ZIP/base/udma.htm
/HELP/EN/HHSTNDRD/HHSTNDRD.ZIP/base/udma2.htm
/HELP/EN/HHSTNDRD/HHSTNDRD.ZIP/base/udvd.htm
/HELP/EN/HHSTNDRD/HHSTNDRD.ZIP/base/uide.htm
/HELP/EN/HHSTNDRD/HHSTNDRD.ZIP/base/undelete.htm
/HELP/EN/HHSTNDRD/HHSTNDRD.ZIP/base/unformat.htm
/HELP/EN/HHSTNDRD/HHSTNDRD.ZIP/base/whatis.htm
/HELP/EN/HHSTNDRD/HHSTNDRD.ZIP/base/xcdrom.htm
/HELP/EN/HHSTNDRD/HHSTNDRD.ZIP/base/xcopy.htm
/HELP/EN/HHSTNDRD/HHSTNDRD.ZIP/base/xdma.htm
/HELP/EN/HHSTNDRD/HHSTNDRD.ZIP/base/xkeyb.htm
/HELP/EN/HHSTNDRD/HHSTNDRD.ZIP/base/xmgr.htm
/HELP/EN/HHSTNDRD/HHSTNDRD.ZIP/batch/
/HELP/EN/HHSTNDRD/HHSTNDRD.ZIP/batch/autoexec.htm
/HELP/EN/HHSTNDRD/HHSTNDRD.ZIP/batch/beep.htm
/HELP/EN/HHSTNDRD/HHSTNDRD.ZIP/batch/call.htm
/HELP/EN/HHSTNDRD/HHSTNDRD.ZIP/batch/choice.htm
/HELP/EN/HHSTNDRD/HHSTNDRD.ZIP/batch/cls.htm
/HELP/EN/HHSTNDRD/HHSTNDRD.ZIP/batch/echo.htm
/HELP/EN/HHSTNDRD/HHSTNDRD.ZIP/batch/for.htm
/HELP/EN/HHSTNDRD/HHSTNDRD.ZIP/batch/goto.htm
/HELP/EN/HHSTNDRD/HHSTNDRD.ZIP/batch/if.htm
/HELP/EN/HHSTNDRD/HHSTNDRD.ZIP/batch/index.htm
/HELP/EN/HHSTNDRD/HHSTNDRD.ZIP/batch/lh.htm
/HELP/EN/HHSTNDRD/HHSTNDRD.ZIP/batch/loadhigh.htm
/HELP/EN/HHSTNDRD/HHSTNDRD.ZIP/batch/path.htm
/HELP/EN/HHSTNDRD/HHSTNDRD.ZIP/batch/pause.htm
/HELP/EN/HHSTNDRD/HHSTNDRD.ZIP/batch/prompt.htm
/HELP/EN/HHSTNDRD/HHSTNDRD.ZIP/batch/rem.htm
/HELP/EN/HHSTNDRD/HHSTNDRD.ZIP/batch/set.htm
/HELP/EN/HHSTNDRD/HHSTNDRD.ZIP/batch/shift.htm
/HELP/EN/HHSTNDRD/HHSTNDRD.ZIP/cnfigsys/
/HELP/EN/HHSTNDRD/HHSTNDRD.ZIP/cnfigsys/break.htm
/HELP/EN/HHSTNDRD/HHSTNDRD.ZIP/cnfigsys/buffers.htm
/HELP/EN/HHSTNDRD/HHSTNDRD.ZIP/cnfigsys/buffersh.htm
/HELP/EN/HHSTNDRD/HHSTNDRD.ZIP/cnfigsys/country.htm
/HELP/EN/HHSTNDRD/HHSTNDRD.ZIP/cnfigsys/device.htm
/HELP/EN/HHSTNDRD/HHSTNDRD.ZIP/cnfigsys/deviceh.htm
/HELP/EN/HHSTNDRD/HHSTNDRD.ZIP/cnfigsys/dos.htm
/HELP/EN/HHSTNDRD/HHSTNDRD.ZIP/cnfigsys/dosdata.htm
/HELP/EN/HHSTNDRD/HHSTNDRD.ZIP/cnfigsys/echo.htm
/HELP/EN/HHSTNDRD/HHSTNDRD.ZIP/cnfigsys/eecho.htm
/HELP/EN/HHSTNDRD/HHSTNDRD.ZIP/cnfigsys/exclamat.htm
/HELP/EN/HHSTNDRD/HHSTNDRD.ZIP/cnfigsys/fcbs.htm
/HELP/EN/HHSTNDRD/HHSTNDRD.ZIP/cnfigsys/fdconfig.htm
/HELP/EN/HHSTNDRD/HHSTNDRD.ZIP/cnfigsys/files.htm
/HELP/EN/HHSTNDRD/HHSTNDRD.ZIP/cnfigsys/filesh.htm
/HELP/EN/HHSTNDRD/HHSTNDRD.ZIP/cnfigsys/idlehalt.htm
/HELP/EN/HHSTNDRD/HHSTNDRD.ZIP/cnfigsys/index.htm
/HELP/EN/HHSTNDRD/HHSTNDRD.ZIP/cnfigsys/install.htm
/HELP/EN/HHSTNDRD/HHSTNDRD.ZIP/cnfigsys/installh.htm
/HELP/EN/HHSTNDRD/HHSTNDRD.ZIP/cnfigsys/keybuf.htm
/HELP/EN/HHSTNDRD/HHSTNDRD.ZIP/cnfigsys/lastdrv.htm
/HELP/EN/HHSTNDRD/HHSTNDRD.ZIP/cnfigsys/lastdrvh.htm
/HELP/EN/HHSTNDRD/HHSTNDRD.ZIP/cnfigsys/menu.htm
/HELP/EN/HHSTNDRD/HHSTNDRD.ZIP/cnfigsys/menucol.htm
/HELP/EN/HHSTNDRD/HHSTNDRD.ZIP/cnfigsys/menudef.htm
/HELP/EN/HHSTNDRD/HHSTNDRD.ZIP/cnfigsys/numlock.htm
/HELP/EN/HHSTNDRD/HHSTNDRD.ZIP/cnfigsys/question.htm
/HELP/EN/HHSTNDRD/HHSTNDRD.ZIP/cnfigsys/rem.htm
/HELP/EN/HHSTNDRD/HHSTNDRD.ZIP/cnfigsys/screen.htm
/HELP/EN/HHSTNDRD/HHSTNDRD.ZIP/cnfigsys/set.htm
/HELP/EN/HHSTNDRD/HHSTNDRD.ZIP/cnfigsys/shell.htm
/HELP/EN/HHSTNDRD/HHSTNDRD.ZIP/cnfigsys/shellh.htm
/HELP/EN/HHSTNDRD/HHSTNDRD.ZIP/cnfigsys/slashdot.htm
/HELP/EN/HHSTNDRD/HHSTNDRD.ZIP/cnfigsys/stacks.htm
/HELP/EN/HHSTNDRD/HHSTNDRD.ZIP/cnfigsys/stacksh.htm
/HELP/EN/HHSTNDRD/HHSTNDRD.ZIP/cnfigsys/switchar.htm
/HELP/EN/HHSTNDRD/HHSTNDRD.ZIP/cnfigsys/switches.htm
/HELP/EN/HHSTNDRD/HHSTNDRD.ZIP/cnfigsys/version.htm
/HELP/EN/HHSTNDRD/HHSTNDRD.ZIP/command/
/HELP/EN/HHSTNDRD/HHSTNDRD.ZIP/command/alias.htm
/HELP/EN/HHSTNDRD/HHSTNDRD.ZIP/command/beep.htm
/HELP/EN/HHSTNDRD/HHSTNDRD.ZIP/command/break.htm
/HELP/EN/HHSTNDRD/HHSTNDRD.ZIP/command/call.htm
/HELP/EN/HHSTNDRD/HHSTNDRD.ZIP/command/cd.htm
/HELP/EN/HHSTNDRD/HHSTNDRD.ZIP/command/cdd.htm
/HELP/EN/HHSTNDRD/HHSTNDRD.ZIP/command/chcp.htm
/HELP/EN/HHSTNDRD/HHSTNDRD.ZIP/command/chdir.htm
/HELP/EN/HHSTNDRD/HHSTNDRD.ZIP/command/cls.htm
/HELP/EN/HHSTNDRD/HHSTNDRD.ZIP/command/copy.htm
/HELP/EN/HHSTNDRD/HHSTNDRD.ZIP/command/ctty.htm
/HELP/EN/HHSTNDRD/HHSTNDRD.ZIP/command/date.htm
/HELP/EN/HHSTNDRD/HHSTNDRD.ZIP/command/del.htm
/HELP/EN/HHSTNDRD/HHSTNDRD.ZIP/command/dir.htm
/HELP/EN/HHSTNDRD/HHSTNDRD.ZIP/command/dirs.htm
/HELP/EN/HHSTNDRD/HHSTNDRD.ZIP/command/doskey.htm
/HELP/EN/HHSTNDRD/HHSTNDRD.ZIP/command/echo.htm
/HELP/EN/HHSTNDRD/HHSTNDRD.ZIP/command/erase.htm
/HELP/EN/HHSTNDRD/HHSTNDRD.ZIP/command/exit.htm
/HELP/EN/HHSTNDRD/HHSTNDRD.ZIP/command/for.htm
/HELP/EN/HHSTNDRD/HHSTNDRD.ZIP/command/goto.htm
/HELP/EN/HHSTNDRD/HHSTNDRD.ZIP/command/history.htm
/HELP/EN/HHSTNDRD/HHSTNDRD.ZIP/command/if.htm
/HELP/EN/HHSTNDRD/HHSTNDRD.ZIP/command/index.htm
/HELP/EN/HHSTNDRD/HHSTNDRD.ZIP/command/lfnfor.htm
/HELP/EN/HHSTNDRD/HHSTNDRD.ZIP/command/lh.htm
/HELP/EN/HHSTNDRD/HHSTNDRD.ZIP/command/loadfix.htm
/HELP/EN/HHSTNDRD/HHSTNDRD.ZIP/command/loadhigh.htm
/HELP/EN/HHSTNDRD/HHSTNDRD.ZIP/command/md.htm
/HELP/EN/HHSTNDRD/HHSTNDRD.ZIP/command/memory.htm
/HELP/EN/HHSTNDRD/HHSTNDRD.ZIP/command/mkdir.htm
/HELP/EN/HHSTNDRD/HHSTNDRD.ZIP/command/path.htm
/HELP/EN/HHSTNDRD/HHSTNDRD.ZIP/command/pause.htm
/HELP/EN/HHSTNDRD/HHSTNDRD.ZIP/command/popd.htm
/HELP/EN/HHSTNDRD/HHSTNDRD.ZIP/command/prompt.htm
/HELP/EN/HHSTNDRD/HHSTNDRD.ZIP/command/pushd.htm
/HELP/EN/HHSTNDRD/HHSTNDRD.ZIP/command/rd.htm
/HELP/EN/HHSTNDRD/HHSTNDRD.ZIP/command/rem.htm
/HELP/EN/HHSTNDRD/HHSTNDRD.ZIP/command/ren.htm
/HELP/EN/HHSTNDRD/HHSTNDRD.ZIP/command/rename.htm
/HELP/EN/HHSTNDRD/HHSTNDRD.ZIP/command/rmdir.htm
/HELP/EN/HHSTNDRD/HHSTNDRD.ZIP/command/set.htm
/HELP/EN/HHSTNDRD/HHSTNDRD.ZIP/command/shift.htm
/HELP/EN/HHSTNDRD/HHSTNDRD.ZIP/command/time.htm
/HELP/EN/HHSTNDRD/HHSTNDRD.ZIP/command/truename.htm
/HELP/EN/HHSTNDRD/HHSTNDRD.ZIP/command/type.htm
/HELP/EN/HHSTNDRD/HHSTNDRD.ZIP/command/ver.htm
/HELP/EN/HHSTNDRD/HHSTNDRD.ZIP/command/verify.htm
/HELP/EN/HHSTNDRD/HHSTNDRD.ZIP/command/vol.htm
/HELP/EN/HHSTNDRD/HHSTNDRD.ZIP/command/which.htm
/HELP/EN/HHSTNDRD/HHSTNDRD.ZIP/help/
/HELP/EN/HHSTNDRD/HHSTNDRD.ZIP/help/about.htm
/HELP/EN/HHSTNDRD/HHSTNDRD.ZIP/help/apropos.htm
/HELP/EN/HHSTNDRD/HHSTNDRD.ZIP/help/fasthelp.htm
/HELP/EN/HHSTNDRD/HHSTNDRD.ZIP/help/fdhelp.htm
/HELP/EN/HHSTNDRD/HHSTNDRD.ZIP/help/fsuite04.htm
/HELP/EN/HHSTNDRD/HHSTNDRD.ZIP/help/help.htm
/HELP/EN/HHSTNDRD/HHSTNDRD.ZIP/help/htmlhelp.htm
/HELP/EN/HHSTNDRD/HHSTNDRD.ZIP/help/index.htm
/HELP/EN/HHSTNDRD/HHSTNDRD.ZIP/help/whatis.htm
/HELP/EN/HHSTNDRD/HHSTNDRD.ZIP/network/
/HELP/EN/HHSTNDRD/HHSTNDRD.ZIP/network/3com.htm
/HELP/EN/HHSTNDRD/HHSTNDRD.ZIP/network/cifs.htm
/HELP/EN/HHSTNDRD/HHSTNDRD.ZIP/network/conclus.htm
/HELP/EN/HHSTNDRD/HHSTNDRD.ZIP/network/crynwr.htm
/HELP/EN/HHSTNDRD/HHSTNDRD.ZIP/network/dosnetto.htm
/HELP/EN/HHSTNDRD/HHSTNDRD.ZIP/network/ethernet.htm
/HELP/EN/HHSTNDRD/HHSTNDRD.ZIP/network/history.htm
/HELP/EN/HHSTNDRD/HHSTNDRD.ZIP/network/index.htm
/HELP/EN/HHSTNDRD/HHSTNDRD.ZIP/network/install.htm
/HELP/EN/HHSTNDRD/HHSTNDRD.ZIP/network/intro.htm
/HELP/EN/HHSTNDRD/HHSTNDRD.ZIP/network/ipxspx.htm
/HELP/EN/HHSTNDRD/HHSTNDRD.ZIP/network/ldtcpipk.htm
/HELP/EN/HHSTNDRD/HHSTNDRD.ZIP/network/modem.htm
/HELP/EN/HHSTNDRD/HHSTNDRD.ZIP/network/msclient.htm
/HELP/EN/HHSTNDRD/HHSTNDRD.ZIP/network/mtcp.htm
/HELP/EN/HHSTNDRD/HHSTNDRD.ZIP/network/ndis.htm
/HELP/EN/HHSTNDRD/HHSTNDRD.ZIP/network/ndis_ins.htm
/HELP/EN/HHSTNDRD/HHSTNDRD.ZIP/network/network.htm
/HELP/EN/HHSTNDRD/HHSTNDRD.ZIP/network/nfs.htm
/HELP/EN/HHSTNDRD/HHSTNDRD.ZIP/network/novell.htm
/HELP/EN/HHSTNDRD/HHSTNDRD.ZIP/network/ntcpdrv.htm
/HELP/EN/HHSTNDRD/HHSTNDRD.ZIP/network/odi.htm
/HELP/EN/HHSTNDRD/HHSTNDRD.ZIP/network/odi_ins.htm
/HELP/EN/HHSTNDRD/HHSTNDRD.ZIP/network/others.htm
/HELP/EN/HHSTNDRD/HHSTNDRD.ZIP/network/ot_tcpip.htm
/HELP/EN/HHSTNDRD/HHSTNDRD.ZIP/network/pack_ins.htm
/HELP/EN/HHSTNDRD/HHSTNDRD.ZIP/network/pkt2odi.htm
/HELP/EN/HHSTNDRD/HHSTNDRD.ZIP/network/tcpip.htm
/HELP/EN/HHSTNDRD/HHSTNDRD.ZIP/network/tcpip_ap.htm
/HELP/EN/HHSTNDRD/HHSTNDRD.ZIP/network/wattcp.htm
/HELP/EN/HHSTNDRD/HHSTNDRD.ZIP/network/wifi.htm
/HELP/EN/HHSTNDRD/HHSTNDRD.ZIP/other/
/HELP/EN/HHSTNDRD/HHSTNDRD.ZIP/other/cpidos.htm
/HELP/EN/HHSTNDRD/HHSTNDRD.ZIP/other/fdl11.htm
/HELP/EN/HHSTNDRD/HHSTNDRD.ZIP/other/fdl12.htm
/HELP/EN/HHSTNDRD/HHSTNDRD.ZIP/other/gpl2.htm
/HELP/EN/HHSTNDRD/HHSTNDRD.ZIP/other/gpl3.htm
/HELP/EN/HHSTNDRD/HHSTNDRD.ZIP/other/h2cpying.htm
/HELP/EN/HHSTNDRD/HHSTNDRD.ZIP/other/keyboard.htm
/HELP/EN/HHSTNDRD/HHSTNDRD.ZIP/other/kpdos.htm
/HELP/EN/HHSTNDRD/HHSTNDRD.ZIP/other/mouse.htm
/HELP/EN/HHSTNDRD/HHSTNDRD.ZIP/other/otherway.htm
/HELP/EN/HHSTNDRD/HHSTNDRD.ZIP/other/syntax.htm
/HELP/EN/HHSTNDRD/HHSTNDRD.ZIP/util/
/HELP/EN/HHSTNDRD/HHSTNDRD.ZIP/util/bootfix.htm
/HELP/EN/HHSTNDRD/HHSTNDRD.ZIP/util/cal.htm
/HELP/EN/HHSTNDRD/HHSTNDRD.ZIP/util/devload.htm
/HELP/EN/HHSTNDRD/HHSTNDRD.ZIP/util/dosfsck.htm
/HELP/EN/HHSTNDRD/HHSTNDRD.ZIP/util/doslfn.htm
/HELP/EN/HHSTNDRD/HHSTNDRD.ZIP/util/fdpkg.htm
/HELP/EN/HHSTNDRD/HHSTNDRD.ZIP/util/fdrc.htm
/HELP/EN/HHSTNDRD/HHSTNDRD.ZIP/util/foxcalc.htm
/HELP/EN/HHSTNDRD/HHSTNDRD.ZIP/util/freemacs.htm
/HELP/EN/HHSTNDRD/HHSTNDRD.ZIP/util/index.htm
/HELP/EN/HHSTNDRD/HHSTNDRD.ZIP/util/locate.htm
/HELP/EN/HHSTNDRD/HHSTNDRD.ZIP/util/md5sum.htm
/HELP/EN/HHSTNDRD/HHSTNDRD.ZIP/util/ospedit.htm
/HELP/EN/HHSTNDRD/HHSTNDRD.ZIP/util/password.htm
/HELP/EN/HHSTNDRD/HHSTNDRD.ZIP/util/pcisleep.htm
/HELP/EN/HHSTNDRD/HHSTNDRD.ZIP/util/pdtree.htm
/HELP/EN/HHSTNDRD/HHSTNDRD.ZIP/util/rdisk.htm
/HELP/EN/HHSTNDRD/HHSTNDRD.ZIP/util/ripcord.htm
/HELP/EN/HHSTNDRD/HHSTNDRD.ZIP/util/shsufdrv.htm
/HELP/EN/HHSTNDRD/HHSTNDRD.ZIP/util/tee.htm
/HELP/EN/HHSTNDRD/HHSTNDRD.ZIP/util/touch.htm
/HELP/EN/HHSTNDRD/HHSTNDRD.ZIP/util/trch.htm
/HELP/EN/HHSTNDRD/HHSTNDRD.ZIP/util/unzip.htm
/HELP/EN/HHSTNDRD/HHSTNDRD.ZIP/util/xgrep.htm
/HELP/EN/HHSTNDRD/HHSTNDRD.ZIP/util/zip.htm
/HELP/EN/HHSTNDRD/HHSTNDRD.ZIP/READ-en.1st
/HELP/EN/INDEX.HTM
/HELP/EN/READ-EN.1ST
/HELP/ES/
/HELP/ES/HELP.HTM
/HELP/ES/HHSTNDRD/
/HELP/ES/HHSTNDRD/HHSTNDRD.ZIP/
/HELP/ES/HHSTNDRD/HHSTNDRD.ZIP/authors/
/HELP/ES/HHSTNDRD/HHSTNDRD.ZIP/authors/ack.htm
/HELP/ES/HHSTNDRD/HHSTNDRD.ZIP/authors/greeting.htm
/HELP/ES/HHSTNDRD/HHSTNDRD.ZIP/authors/history.htm
/HELP/ES/HHSTNDRD/HHSTNDRD.ZIP/authors/index.htm
/HELP/ES/HHSTNDRD/HHSTNDRD.ZIP/authors/tags.htm
/HELP/ES/HHSTNDRD/HHSTNDRD.ZIP/authors/todolist.htm
/HELP/ES/HHSTNDRD/HHSTNDRD.ZIP/authors/writing.htm
/HELP/ES/HHSTNDRD/HHSTNDRD.ZIP/base/
/HELP/ES/HHSTNDRD/HHSTNDRD.ZIP/base/append.htm
/HELP/ES/HHSTNDRD/HHSTNDRD.ZIP/base/apropos.htm
/HELP/ES/HHSTNDRD/HHSTNDRD.ZIP/base/assign.htm
/HELP/ES/HHSTNDRD/HHSTNDRD.ZIP/base/atapicdd.htm
/HELP/ES/HHSTNDRD/HHSTNDRD.ZIP/base/attrib.htm
/HELP/ES/HHSTNDRD/HHSTNDRD.ZIP/base/backup.htm
/HELP/ES/HHSTNDRD/HHSTNDRD.ZIP/base/callver.htm
/HELP/ES/HHSTNDRD/HHSTNDRD.ZIP/base/cdrcache.htm
/HELP/ES/HHSTNDRD/HHSTNDRD.ZIP/base/chkdsk.htm
/HELP/ES/HHSTNDRD/HHSTNDRD.ZIP/base/choice.htm
/HELP/ES/HHSTNDRD/HHSTNDRD.ZIP/base/cntrysys.htm
/HELP/ES/HHSTNDRD/HHSTNDRD.ZIP/base/command.htm
/HELP/ES/HHSTNDRD/HHSTNDRD.ZIP/base/comp.htm
/HELP/ES/HHSTNDRD/HHSTNDRD.ZIP/base/cpidos.htm
/HELP/ES/HHSTNDRD/HHSTNDRD.ZIP/base/ctmouse.htm
/HELP/ES/HHSTNDRD/HHSTNDRD.ZIP/base/debug.htm
/HELP/ES/HHSTNDRD/HHSTNDRD.ZIP/base/defrag.htm
/HELP/ES/HHSTNDRD/HHSTNDRD.ZIP/base/deltree.htm
/HELP/ES/HHSTNDRD/HHSTNDRD.ZIP/base/diskcomp.htm
/HELP/ES/HHSTNDRD/HHSTNDRD.ZIP/base/diskcopy.htm
/HELP/ES/HHSTNDRD/HHSTNDRD.ZIP/base/display.htm
/HELP/ES/HHSTNDRD/HHSTNDRD.ZIP/base/edit.htm
/HELP/ES/HHSTNDRD/HHSTNDRD.ZIP/base/edlin.htm
/HELP/ES/HHSTNDRD/HHSTNDRD.ZIP/base/emm386.htm
/HELP/ES/HHSTNDRD/HHSTNDRD.ZIP/base/exe2bin.htm
/HELP/ES/HHSTNDRD/HHSTNDRD.ZIP/base/fasthelp.htm
/HELP/ES/HHSTNDRD/HHSTNDRD.ZIP/base/fc.htm
/HELP/ES/HHSTNDRD/HHSTNDRD.ZIP/base/fdapm.htm
/HELP/ES/HHSTNDRD/HHSTNDRD.ZIP/base/fdhelp.htm
/HELP/ES/HHSTNDRD/HHSTNDRD.ZIP/base/fdisk.htm
/HELP/ES/HHSTNDRD/HHSTNDRD.ZIP/base/fdshield.htm
/HELP/ES/HHSTNDRD/HHSTNDRD.ZIP/base/fdxms.htm
/HELP/ES/HHSTNDRD/HHSTNDRD.ZIP/base/fdxms286.htm
/HELP/ES/HHSTNDRD/HHSTNDRD.ZIP/base/find.htm
/HELP/ES/HHSTNDRD/HHSTNDRD.ZIP/base/format.htm
/HELP/ES/HHSTNDRD/HHSTNDRD.ZIP/base/freecom.htm
/HELP/ES/HHSTNDRD/HHSTNDRD.ZIP/base/fsuite04.htm
/HELP/ES/HHSTNDRD/HHSTNDRD.ZIP/base/gcdrom.htm
/HELP/ES/HHSTNDRD/HHSTNDRD.ZIP/base/graftabl.htm
/HELP/ES/HHSTNDRD/HHSTNDRD.ZIP/base/graphexe.htm
/HELP/ES/HHSTNDRD/HHSTNDRD.ZIP/base/graphics.htm
/HELP/ES/HHSTNDRD/HHSTNDRD.ZIP/base/help.htm
/HELP/ES/HHSTNDRD/HHSTNDRD.ZIP/base/himem.htm
/HELP/ES/HHSTNDRD/HHSTNDRD.ZIP/base/himemx.htm
/HELP/ES/HHSTNDRD/HHSTNDRD.ZIP/base/htmlhelp.htm
/HELP/ES/HHSTNDRD/HHSTNDRD.ZIP/base/index.htm
/HELP/ES/HHSTNDRD/HHSTNDRD.ZIP/base/jemm386.htm
/HELP/ES/HHSTNDRD/HHSTNDRD.ZIP/base/jemmex.htm
/HELP/ES/HHSTNDRD/HHSTNDRD.ZIP/base/join.htm
/HELP/ES/HHSTNDRD/HHSTNDRD.ZIP/base/kernel.htm
/HELP/ES/HHSTNDRD/HHSTNDRD.ZIP/base/keyb-kc.htm
/HELP/ES/HHSTNDRD/HHSTNDRD.ZIP/base/keyb.htm
/HELP/ES/HHSTNDRD/HHSTNDRD.ZIP/base/keycode.htm
/HELP/ES/HHSTNDRD/HHSTNDRD.ZIP/base/keyman.htm
/HELP/ES/HHSTNDRD/HHSTNDRD.ZIP/base/klib.htm
/HELP/ES/HHSTNDRD/HHSTNDRD.ZIP/base/kpdos.htm
/HELP/ES/HHSTNDRD/HHSTNDRD.ZIP/base/krnl-dvl.htm
/HELP/ES/HHSTNDRD/HHSTNDRD.ZIP/base/label.htm
/HELP/ES/HHSTNDRD/HHSTNDRD.ZIP/base/lbacache.htm
/HELP/ES/HHSTNDRD/HHSTNDRD.ZIP/base/listxdef.htm
/HELP/ES/HHSTNDRD/HHSTNDRD.ZIP/base/mem.htm
/HELP/ES/HHSTNDRD/HHSTNDRD.ZIP/base/mirror.htm
/HELP/ES/HHSTNDRD/HHSTNDRD.ZIP/base/mkeyb.htm
/HELP/ES/HHSTNDRD/HHSTNDRD.ZIP/base/mode.htm
/HELP/ES/HHSTNDRD/HHSTNDRD.ZIP/base/modecon.htm
/HELP/ES/HHSTNDRD/HHSTNDRD.ZIP/base/more.htm
/HELP/ES/HHSTNDRD/HHSTNDRD.ZIP/base/move.htm
/HELP/ES/HHSTNDRD/HHSTNDRD.ZIP/base/mscdex.htm
/HELP/ES/HHSTNDRD/HHSTNDRD.ZIP/base/nansi.htm
/HELP/ES/HHSTNDRD/HHSTNDRD.ZIP/base/nlsfunc.htm
/HELP/ES/HHSTNDRD/HHSTNDRD.ZIP/base/print.htm
/HELP/ES/HHSTNDRD/HHSTNDRD.ZIP/base/printer.htm
/HELP/ES/HHSTNDRD/HHSTNDRD.ZIP/base/printq.htm
/HELP/ES/HHSTNDRD/HHSTNDRD.ZIP/base/recover.htm
/HELP/ES/HHSTNDRD/HHSTNDRD.ZIP/base/replace.htm
/HELP/ES/HHSTNDRD/HHSTNDRD.ZIP/base/restore.htm
/HELP/ES/HHSTNDRD/HHSTNDRD.ZIP/base/scandisk.htm
/HELP/ES/HHSTNDRD/HHSTNDRD.ZIP/base/scankbd.htm
/HELP/ES/HHSTNDRD/HHSTNDRD.ZIP/base/setver.htm
/HELP/ES/HHSTNDRD/HHSTNDRD.ZIP/base/share.htm
/HELP/ES/HHSTNDRD/HHSTNDRD.ZIP/base/shsucdx.htm
/HELP/ES/HHSTNDRD/HHSTNDRD.ZIP/base/sort.htm
/HELP/ES/HHSTNDRD/HHSTNDRD.ZIP/base/subst.htm
/HELP/ES/HHSTNDRD/HHSTNDRD.ZIP/base/swsubst.htm
/HELP/ES/HHSTNDRD/HHSTNDRD.ZIP/base/sys.htm
/HELP/ES/HHSTNDRD/HHSTNDRD.ZIP/base/tdsk.htm
/HELP/ES/HHSTNDRD/HHSTNDRD.ZIP/base/tickle.htm
/HELP/ES/HHSTNDRD/HHSTNDRD.ZIP/base/tree.htm
/HELP/ES/HHSTNDRD/HHSTNDRD.ZIP/base/udma.htm
/HELP/ES/HHSTNDRD/HHSTNDRD.ZIP/base/udma2.htm
/HELP/ES/HHSTNDRD/HHSTNDRD.ZIP/base/udvd.htm
/HELP/ES/HHSTNDRD/HHSTNDRD.ZIP/base/uide.htm
/HELP/ES/HHSTNDRD/HHSTNDRD.ZIP/base/undelete.htm
/HELP/ES/HHSTNDRD/HHSTNDRD.ZIP/base/unformat.htm
/HELP/ES/HHSTNDRD/HHSTNDRD.ZIP/base/whatis.htm
/HELP/ES/HHSTNDRD/HHSTNDRD.ZIP/base/xcdrom.htm
/HELP/ES/HHSTNDRD/HHSTNDRD.ZIP/base/xcopy.htm
/HELP/ES/HHSTNDRD/HHSTNDRD.ZIP/base/xdma.htm
/HELP/ES/HHSTNDRD/HHSTNDRD.ZIP/base/xkeyb.htm
/HELP/ES/HHSTNDRD/HHSTNDRD.ZIP/base/xmgr.htm
/HELP/ES/HHSTNDRD/HHSTNDRD.ZIP/batch/
/HELP/ES/HHSTNDRD/HHSTNDRD.ZIP/batch/autoexec.htm
/HELP/ES/HHSTNDRD/HHSTNDRD.ZIP/batch/beep.htm
/HELP/ES/HHSTNDRD/HHSTNDRD.ZIP/batch/call.htm
/HELP/ES/HHSTNDRD/HHSTNDRD.ZIP/batch/choice.htm
/HELP/ES/HHSTNDRD/HHSTNDRD.ZIP/batch/cls.htm
/HELP/ES/HHSTNDRD/HHSTNDRD.ZIP/batch/echo.htm
/HELP/ES/HHSTNDRD/HHSTNDRD.ZIP/batch/for.htm
/HELP/ES/HHSTNDRD/HHSTNDRD.ZIP/batch/goto.htm
/HELP/ES/HHSTNDRD/HHSTNDRD.ZIP/batch/if.htm
/HELP/ES/HHSTNDRD/HHSTNDRD.ZIP/batch/index.htm
/HELP/ES/HHSTNDRD/HHSTNDRD.ZIP/batch/lh.htm
/HELP/ES/HHSTNDRD/HHSTNDRD.ZIP/batch/loadhigh.htm
/HELP/ES/HHSTNDRD/HHSTNDRD.ZIP/batch/path.htm
/HELP/ES/HHSTNDRD/HHSTNDRD.ZIP/batch/pause.htm
/HELP/ES/HHSTNDRD/HHSTNDRD.ZIP/batch/prompt.htm
/HELP/ES/HHSTNDRD/HHSTNDRD.ZIP/batch/rem.htm
/HELP/ES/HHSTNDRD/HHSTNDRD.ZIP/batch/set.htm
/HELP/ES/HHSTNDRD/HHSTNDRD.ZIP/batch/shift.htm
/HELP/ES/HHSTNDRD/HHSTNDRD.ZIP/cnfigsys/
/HELP/ES/HHSTNDRD/HHSTNDRD.ZIP/cnfigsys/break.htm
/HELP/ES/HHSTNDRD/HHSTNDRD.ZIP/cnfigsys/buffers.htm
/HELP/ES/HHSTNDRD/HHSTNDRD.ZIP/cnfigsys/buffersh.htm
/HELP/ES/HHSTNDRD/HHSTNDRD.ZIP/cnfigsys/country.htm
/HELP/ES/HHSTNDRD/HHSTNDRD.ZIP/cnfigsys/device.htm
/HELP/ES/HHSTNDRD/HHSTNDRD.ZIP/cnfigsys/deviceh.htm
/HELP/ES/HHSTNDRD/HHSTNDRD.ZIP/cnfigsys/dos.htm
/HELP/ES/HHSTNDRD/HHSTNDRD.ZIP/cnfigsys/dosdata.htm
/HELP/ES/HHSTNDRD/HHSTNDRD.ZIP/cnfigsys/echo.htm
/HELP/ES/HHSTNDRD/HHSTNDRD.ZIP/cnfigsys/eecho.htm
/HELP/ES/HHSTNDRD/HHSTNDRD.ZIP/cnfigsys/exclamat.htm
/HELP/ES/HHSTNDRD/HHSTNDRD.ZIP/cnfigsys/fcbs.htm
/HELP/ES/HHSTNDRD/HHSTNDRD.ZIP/cnfigsys/fdconfig.htm
/HELP/ES/HHSTNDRD/HHSTNDRD.ZIP/cnfigsys/files.htm
/HELP/ES/HHSTNDRD/HHSTNDRD.ZIP/cnfigsys/filesh.htm
/HELP/ES/HHSTNDRD/HHSTNDRD.ZIP/cnfigsys/idlehalt.htm
/HELP/ES/HHSTNDRD/HHSTNDRD.ZIP/cnfigsys/index.htm
/HELP/ES/HHSTNDRD/HHSTNDRD.ZIP/cnfigsys/install.htm
/HELP/ES/HHSTNDRD/HHSTNDRD.ZIP/cnfigsys/installh.htm
/HELP/ES/HHSTNDRD/HHSTNDRD.ZIP/cnfigsys/keybuf.htm
/HELP/ES/HHSTNDRD/HHSTNDRD.ZIP/cnfigsys/lastdrv.htm
/HELP/ES/HHSTNDRD/HHSTNDRD.ZIP/cnfigsys/lastdrvh.htm
/HELP/ES/HHSTNDRD/HHSTNDRD.ZIP/cnfigsys/menu.htm
/HELP/ES/HHSTNDRD/HHSTNDRD.ZIP/cnfigsys/menucol.htm
/HELP/ES/HHSTNDRD/HHSTNDRD.ZIP/cnfigsys/menudef.htm
/HELP/ES/HHSTNDRD/HHSTNDRD.ZIP/cnfigsys/numlock.htm
/HELP/ES/HHSTNDRD/HHSTNDRD.ZIP/cnfigsys/question.htm
/HELP/ES/HHSTNDRD/HHSTNDRD.ZIP/cnfigsys/rem.htm
/HELP/ES/HHSTNDRD/HHSTNDRD.ZIP/cnfigsys/screen.htm
/HELP/ES/HHSTNDRD/HHSTNDRD.ZIP/cnfigsys/set.htm
/HELP/ES/HHSTNDRD/HHSTNDRD.ZIP/cnfigsys/shell.htm
/HELP/ES/HHSTNDRD/HHSTNDRD.ZIP/cnfigsys/shellh.htm
/HELP/ES/HHSTNDRD/HHSTNDRD.ZIP/cnfigsys/slashdot.htm
/HELP/ES/HHSTNDRD/HHSTNDRD.ZIP/cnfigsys/stacks.htm
/HELP/ES/HHSTNDRD/HHSTNDRD.ZIP/cnfigsys/stacksh.htm
/HELP/ES/HHSTNDRD/HHSTNDRD.ZIP/cnfigsys/switchar.htm
/HELP/ES/HHSTNDRD/HHSTNDRD.ZIP/cnfigsys/switches.htm
/HELP/ES/HHSTNDRD/HHSTNDRD.ZIP/cnfigsys/version.htm
/HELP/ES/HHSTNDRD/HHSTNDRD.ZIP/command/
/HELP/ES/HHSTNDRD/HHSTNDRD.ZIP/command/alias.htm
/HELP/ES/HHSTNDRD/HHSTNDRD.ZIP/command/beep.htm
/HELP/ES/HHSTNDRD/HHSTNDRD.ZIP/command/break.htm
/HELP/ES/HHSTNDRD/HHSTNDRD.ZIP/command/call.htm
/HELP/ES/HHSTNDRD/HHSTNDRD.ZIP/command/cd.htm
/HELP/ES/HHSTNDRD/HHSTNDRD.ZIP/command/cdd.htm
/HELP/ES/HHSTNDRD/HHSTNDRD.ZIP/command/chcp.htm
/HELP/ES/HHSTNDRD/HHSTNDRD.ZIP/command/chdir.htm
/HELP/ES/HHSTNDRD/HHSTNDRD.ZIP/command/cls.htm
/HELP/ES/HHSTNDRD/HHSTNDRD.ZIP/command/copy.htm
/HELP/ES/HHSTNDRD/HHSTNDRD.ZIP/command/ctty.htm
/HELP/ES/HHSTNDRD/HHSTNDRD.ZIP/command/date.htm
/HELP/ES/HHSTNDRD/HHSTNDRD.ZIP/command/del.htm
/HELP/ES/HHSTNDRD/HHSTNDRD.ZIP/command/dir.htm
/HELP/ES/HHSTNDRD/HHSTNDRD.ZIP/command/dirs.htm
/HELP/ES/HHSTNDRD/HHSTNDRD.ZIP/command/doskey.htm
/HELP/ES/HHSTNDRD/HHSTNDRD.ZIP/command/echo.htm
/HELP/ES/HHSTNDRD/HHSTNDRD.ZIP/command/erase.htm
/HELP/ES/HHSTNDRD/HHSTNDRD.ZIP/command/exit.htm
/HELP/ES/HHSTNDRD/HHSTNDRD.ZIP/command/for.htm
/HELP/ES/HHSTNDRD/HHSTNDRD.ZIP/command/goto.htm
/HELP/ES/HHSTNDRD/HHSTNDRD.ZIP/command/history.htm
/HELP/ES/HHSTNDRD/HHSTNDRD.ZIP/command/if.htm
/HELP/ES/HHSTNDRD/HHSTNDRD.ZIP/command/index.htm
/HELP/ES/HHSTNDRD/HHSTNDRD.ZIP/command/lfnfor.htm
/HELP/ES/HHSTNDRD/HHSTNDRD.ZIP/command/lh.htm
/HELP/ES/HHSTNDRD/HHSTNDRD.ZIP/command/loadfix.htm
/HELP/ES/HHSTNDRD/HHSTNDRD.ZIP/command/loadhigh.htm
/HELP/ES/HHSTNDRD/HHSTNDRD.ZIP/command/md.htm
/HELP/ES/HHSTNDRD/HHSTNDRD.ZIP/command/memory.htm
/HELP/ES/HHSTNDRD/HHSTNDRD.ZIP/command/mkdir.htm
/HELP/ES/HHSTNDRD/HHSTNDRD.ZIP/command/path.htm
/HELP/ES/HHSTNDRD/HHSTNDRD.ZIP/command/pause.htm
/HELP/ES/HHSTNDRD/HHSTNDRD.ZIP/command/popd.htm
/HELP/ES/HHSTNDRD/HHSTNDRD.ZIP/command/prompt.htm
/HELP/ES/HHSTNDRD/HHSTNDRD.ZIP/command/pushd.htm
/HELP/ES/HHSTNDRD/HHSTNDRD.ZIP/command/rd.htm
/HELP/ES/HHSTNDRD/HHSTNDRD.ZIP/command/rem.htm
/HELP/ES/HHSTNDRD/HHSTNDRD.ZIP/command/ren.htm
/HELP/ES/HHSTNDRD/HHSTNDRD.ZIP/command/rename.htm
/HELP/ES/HHSTNDRD/HHSTNDRD.ZIP/command/rmdir.htm
/HELP/ES/HHSTNDRD/HHSTNDRD.ZIP/command/set.htm
/HELP/ES/HHSTNDRD/HHSTNDRD.ZIP/command/shift.htm
/HELP/ES/HHSTNDRD/HHSTNDRD.ZIP/command/time.htm
/HELP/ES/HHSTNDRD/HHSTNDRD.ZIP/command/truename.htm
/HELP/ES/HHSTNDRD/HHSTNDRD.ZIP/command/type.htm
/HELP/ES/HHSTNDRD/HHSTNDRD.ZIP/command/ver.htm
/HELP/ES/HHSTNDRD/HHSTNDRD.ZIP/command/verify.htm
/HELP/ES/HHSTNDRD/HHSTNDRD.ZIP/command/vol.htm
/HELP/ES/HHSTNDRD/HHSTNDRD.ZIP/command/which.htm
/HELP/ES/HHSTNDRD/HHSTNDRD.ZIP/help/
/HELP/ES/HHSTNDRD/HHSTNDRD.ZIP/help/about.htm
/HELP/ES/HHSTNDRD/HHSTNDRD.ZIP/help/apropos.htm
/HELP/ES/HHSTNDRD/HHSTNDRD.ZIP/help/fasthelp.htm
/HELP/ES/HHSTNDRD/HHSTNDRD.ZIP/help/fdhelp.htm
/HELP/ES/HHSTNDRD/HHSTNDRD.ZIP/help/fsuite04.htm
/HELP/ES/HHSTNDRD/HHSTNDRD.ZIP/help/help.htm
/HELP/ES/HHSTNDRD/HHSTNDRD.ZIP/help/htmlhelp.htm
/HELP/ES/HHSTNDRD/HHSTNDRD.ZIP/help/index.htm
/HELP/ES/HHSTNDRD/HHSTNDRD.ZIP/help/whatis.htm
/HELP/ES/HHSTNDRD/HHSTNDRD.ZIP/network/
/HELP/ES/HHSTNDRD/HHSTNDRD.ZIP/network/3com.htm
/HELP/ES/HHSTNDRD/HHSTNDRD.ZIP/network/cifs.htm
/HELP/ES/HHSTNDRD/HHSTNDRD.ZIP/network/conclus.htm
/HELP/ES/HHSTNDRD/HHSTNDRD.ZIP/network/crynwr.htm
/HELP/ES/HHSTNDRD/HHSTNDRD.ZIP/network/dosnetto.htm
/HELP/ES/HHSTNDRD/HHSTNDRD.ZIP/network/ethernet.htm
/HELP/ES/HHSTNDRD/HHSTNDRD.ZIP/network/history.htm
/HELP/ES/HHSTNDRD/HHSTNDRD.ZIP/network/index.htm
/HELP/ES/HHSTNDRD/HHSTNDRD.ZIP/network/install.htm
/HELP/ES/HHSTNDRD/HHSTNDRD.ZIP/network/intro.htm
/HELP/ES/HHSTNDRD/HHSTNDRD.ZIP/network/ipxspx.htm
/HELP/ES/HHSTNDRD/HHSTNDRD.ZIP/network/ldtcpipk.htm
/HELP/ES/HHSTNDRD/HHSTNDRD.ZIP/network/modem.htm
/HELP/ES/HHSTNDRD/HHSTNDRD.ZIP/network/msclient.htm
/HELP/ES/HHSTNDRD/HHSTNDRD.ZIP/network/mtcp.htm
/HELP/ES/HHSTNDRD/HHSTNDRD.ZIP/network/ndis.htm
/HELP/ES/HHSTNDRD/HHSTNDRD.ZIP/network/ndis_ins.htm
/HELP/ES/HHSTNDRD/HHSTNDRD.ZIP/network/network.htm
/HELP/ES/HHSTNDRD/HHSTNDRD.ZIP/network/nfs.htm
/HELP/ES/HHSTNDRD/HHSTNDRD.ZIP/network/novell.htm
/HELP/ES/HHSTNDRD/HHSTNDRD.ZIP/network/ntcpdrv.htm
/HELP/ES/HHSTNDRD/HHSTNDRD.ZIP/network/odi.htm
/HELP/ES/HHSTNDRD/HHSTNDRD.ZIP/network/odi_ins.htm
/HELP/ES/HHSTNDRD/HHSTNDRD.ZIP/network/others.htm
/HELP/ES/HHSTNDRD/HHSTNDRD.ZIP/network/ot_tcpip.htm
/HELP/ES/HHSTNDRD/HHSTNDRD.ZIP/network/pack_ins.htm
/HELP/ES/HHSTNDRD/HHSTNDRD.ZIP/network/pkt2odi.htm
/HELP/ES/HHSTNDRD/HHSTNDRD.ZIP/network/tcpip.htm
/HELP/ES/HHSTNDRD/HHSTNDRD.ZIP/network/tcpip_ap.htm
/HELP/ES/HHSTNDRD/HHSTNDRD.ZIP/network/wattcp.htm
/HELP/ES/HHSTNDRD/HHSTNDRD.ZIP/network/wifi.htm
/HELP/ES/HHSTNDRD/HHSTNDRD.ZIP/other/
/HELP/ES/HHSTNDRD/HHSTNDRD.ZIP/other/cpidos.htm
/HELP/ES/HHSTNDRD/HHSTNDRD.ZIP/other/fdl11.htm
/HELP/ES/HHSTNDRD/HHSTNDRD.ZIP/other/fdl12.htm
/HELP/ES/HHSTNDRD/HHSTNDRD.ZIP/other/fdl1_es.htm
/HELP/ES/HHSTNDRD/HHSTNDRD.ZIP/other/gpl2.htm
/HELP/ES/HHSTNDRD/HHSTNDRD.ZIP/other/gpl2_es.htm
/HELP/ES/HHSTNDRD/HHSTNDRD.ZIP/other/gpl3.htm
/HELP/ES/HHSTNDRD/HHSTNDRD.ZIP/other/gpl3_es.htm
/HELP/ES/HHSTNDRD/HHSTNDRD.ZIP/other/h2cpying.htm
/HELP/ES/HHSTNDRD/HHSTNDRD.ZIP/other/keyboard.htm
/HELP/ES/HHSTNDRD/HHSTNDRD.ZIP/other/kpdos.htm
/HELP/ES/HHSTNDRD/HHSTNDRD.ZIP/other/mouse.htm
/HELP/ES/HHSTNDRD/HHSTNDRD.ZIP/other/otherway.htm
/HELP/ES/HHSTNDRD/HHSTNDRD.ZIP/other/syntax.htm
/HELP/ES/HHSTNDRD/HHSTNDRD.ZIP/util/
/HELP/ES/HHSTNDRD/HHSTNDRD.ZIP/util/bootfix.htm
/HELP/ES/HHSTNDRD/HHSTNDRD.ZIP/util/cal.htm
/HELP/ES/HHSTNDRD/HHSTNDRD.ZIP/util/devload.htm
/HELP/ES/HHSTNDRD/HHSTNDRD.ZIP/util/dosfsck.htm
/HELP/ES/HHSTNDRD/HHSTNDRD.ZIP/util/doslfn.htm
/HELP/ES/HHSTNDRD/HHSTNDRD.ZIP/util/fdpkg.htm
/HELP/ES/HHSTNDRD/HHSTNDRD.ZIP/util/fdrc.htm
/HELP/ES/HHSTNDRD/HHSTNDRD.ZIP/util/foxcalc.htm
/HELP/ES/HHSTNDRD/HHSTNDRD.ZIP/util/freemacs.htm
/HELP/ES/HHSTNDRD/HHSTNDRD.ZIP/util/index.htm
/HELP/ES/HHSTNDRD/HHSTNDRD.ZIP/util/locate.htm
/HELP/ES/HHSTNDRD/HHSTNDRD.ZIP/util/md5sum.htm
/HELP/ES/HHSTNDRD/HHSTNDRD.ZIP/util/ospedit.htm
/HELP/ES/HHSTNDRD/HHSTNDRD.ZIP/util/password.htm
/HELP/ES/HHSTNDRD/HHSTNDRD.ZIP/util/pcisleep.htm
/HELP/ES/HHSTNDRD/HHSTNDRD.ZIP/util/pdtree.htm
/HELP/ES/HHSTNDRD/HHSTNDRD.ZIP/util/rdisk.htm
/HELP/ES/HHSTNDRD/HHSTNDRD.ZIP/util/ripcord.htm
/HELP/ES/HHSTNDRD/HHSTNDRD.ZIP/util/shsufdrv.htm
/HELP/ES/HHSTNDRD/HHSTNDRD.ZIP/util/tee.htm
/HELP/ES/HHSTNDRD/HHSTNDRD.ZIP/util/touch.htm
/HELP/ES/HHSTNDRD/HHSTNDRD.ZIP/util/trch.htm
/HELP/ES/HHSTNDRD/HHSTNDRD.ZIP/util/unzip.htm
/HELP/ES/HHSTNDRD/HHSTNDRD.ZIP/util/xgrep.htm
/HELP/ES/HHSTNDRD/HHSTNDRD.ZIP/util/zip.htm
/HELP/ES/HHSTNDRD/HHSTNDRD.ZIP/READ-es.1st
/HELP/ES/INDEX.HTM
/HELP/ES/READ-ES.1ST
/HELP/FDL.TXT
/HELP/FR/
/HELP/FR/HELP.HTM
/HELP/FR/HHSTNDRD/
/HELP/FR/HHSTNDRD/HHSTNDRD.ZIP/
/HELP/FR/HHSTNDRD/HHSTNDRD.ZIP/authors/
/HELP/FR/HHSTNDRD/HHSTNDRD.ZIP/authors/ack.htm
/HELP/FR/HHSTNDRD/HHSTNDRD.ZIP/authors/greeting.htm
/HELP/FR/HHSTNDRD/HHSTNDRD.ZIP/authors/history.htm
/HELP/FR/HHSTNDRD/HHSTNDRD.ZIP/authors/index.htm
/HELP/FR/HHSTNDRD/HHSTNDRD.ZIP/authors/tags.htm
/HELP/FR/HHSTNDRD/HHSTNDRD.ZIP/authors/todolist.htm
/HELP/FR/HHSTNDRD/HHSTNDRD.ZIP/authors/writing.htm
/HELP/FR/HHSTNDRD/HHSTNDRD.ZIP/base/
/HELP/FR/HHSTNDRD/HHSTNDRD.ZIP/base/append.htm
/HELP/FR/HHSTNDRD/HHSTNDRD.ZIP/base/apropos.htm
/HELP/FR/HHSTNDRD/HHSTNDRD.ZIP/base/assign.htm
/HELP/FR/HHSTNDRD/HHSTNDRD.ZIP/base/atapicdd.htm
/HELP/FR/HHSTNDRD/HHSTNDRD.ZIP/base/attrib.htm
/HELP/FR/HHSTNDRD/HHSTNDRD.ZIP/base/backup.htm
/HELP/FR/HHSTNDRD/HHSTNDRD.ZIP/base/callver.htm
/HELP/FR/HHSTNDRD/HHSTNDRD.ZIP/base/cdrcache.htm
/HELP/FR/HHSTNDRD/HHSTNDRD.ZIP/base/chkdsk.htm
/HELP/FR/HHSTNDRD/HHSTNDRD.ZIP/base/choice.htm
/HELP/FR/HHSTNDRD/HHSTNDRD.ZIP/base/cntrysys.htm
/HELP/FR/HHSTNDRD/HHSTNDRD.ZIP/base/command.htm
/HELP/FR/HHSTNDRD/HHSTNDRD.ZIP/base/comp.htm
/HELP/FR/HHSTNDRD/HHSTNDRD.ZIP/base/cpidos.htm
/HELP/FR/HHSTNDRD/HHSTNDRD.ZIP/base/ctmouse.htm
/HELP/FR/HHSTNDRD/HHSTNDRD.ZIP/base/debug.htm
/HELP/FR/HHSTNDRD/HHSTNDRD.ZIP/base/defrag.htm
/HELP/FR/HHSTNDRD/HHSTNDRD.ZIP/base/deltree.htm
/HELP/FR/HHSTNDRD/HHSTNDRD.ZIP/base/diskcomp.htm
/HELP/FR/HHSTNDRD/HHSTNDRD.ZIP/base/diskcopy.htm
/HELP/FR/HHSTNDRD/HHSTNDRD.ZIP/base/display.htm
/HELP/FR/HHSTNDRD/HHSTNDRD.ZIP/base/edit.htm
/HELP/FR/HHSTNDRD/HHSTNDRD.ZIP/base/edlin.htm
/HELP/FR/HHSTNDRD/HHSTNDRD.ZIP/base/emm386.htm
/HELP/FR/HHSTNDRD/HHSTNDRD.ZIP/base/exe2bin.htm
/HELP/FR/HHSTNDRD/HHSTNDRD.ZIP/base/fasthelp.htm
/HELP/FR/HHSTNDRD/HHSTNDRD.ZIP/base/fc.htm
/HELP/FR/HHSTNDRD/HHSTNDRD.ZIP/base/fdapm.htm
/HELP/FR/HHSTNDRD/HHSTNDRD.ZIP/base/fdhelp.htm
/HELP/FR/HHSTNDRD/HHSTNDRD.ZIP/base/fdisk.htm
/HELP/FR/HHSTNDRD/HHSTNDRD.ZIP/base/fdshield.htm
/HELP/FR/HHSTNDRD/HHSTNDRD.ZIP/base/fdxms.htm
/HELP/FR/HHSTNDRD/HHSTNDRD.ZIP/base/fdxms286.htm
/HELP/FR/HHSTNDRD/HHSTNDRD.ZIP/base/find.htm
/HELP/FR/HHSTNDRD/HHSTNDRD.ZIP/base/format.htm
/HELP/FR/HHSTNDRD/HHSTNDRD.ZIP/base/freecom.htm
/HELP/FR/HHSTNDRD/HHSTNDRD.ZIP/base/fsuite04.htm
/HELP/FR/HHSTNDRD/HHSTNDRD.ZIP/base/gcdrom.htm
/HELP/FR/HHSTNDRD/HHSTNDRD.ZIP/base/graftabl.htm
/HELP/FR/HHSTNDRD/HHSTNDRD.ZIP/base/graphexe.htm
/HELP/FR/HHSTNDRD/HHSTNDRD.ZIP/base/graphics.htm
/HELP/FR/HHSTNDRD/HHSTNDRD.ZIP/base/help.htm
/HELP/FR/HHSTNDRD/HHSTNDRD.ZIP/base/himem.htm
/HELP/FR/HHSTNDRD/HHSTNDRD.ZIP/base/himemx.htm
/HELP/FR/HHSTNDRD/HHSTNDRD.ZIP/base/htmlhelp.htm
/HELP/FR/HHSTNDRD/HHSTNDRD.ZIP/base/index.htm
/HELP/FR/HHSTNDRD/HHSTNDRD.ZIP/base/jemm386.htm
/HELP/FR/HHSTNDRD/HHSTNDRD.ZIP/base/jemmex.htm
/HELP/FR/HHSTNDRD/HHSTNDRD.ZIP/base/join.htm
/HELP/FR/HHSTNDRD/HHSTNDRD.ZIP/base/kernel.htm
/HELP/FR/HHSTNDRD/HHSTNDRD.ZIP/base/keyb-kc.htm
/HELP/FR/HHSTNDRD/HHSTNDRD.ZIP/base/keyb.htm
/HELP/FR/HHSTNDRD/HHSTNDRD.ZIP/base/keycode.htm
/HELP/FR/HHSTNDRD/HHSTNDRD.ZIP/base/keyman.htm
/HELP/FR/HHSTNDRD/HHSTNDRD.ZIP/base/klib.htm
/HELP/FR/HHSTNDRD/HHSTNDRD.ZIP/base/kpdos.htm
/HELP/FR/HHSTNDRD/HHSTNDRD.ZIP/base/krnl-dvl.htm
/HELP/FR/HHSTNDRD/HHSTNDRD.ZIP/base/label.htm
/HELP/FR/HHSTNDRD/HHSTNDRD.ZIP/base/lbacache.htm
/HELP/FR/HHSTNDRD/HHSTNDRD.ZIP/base/listxdef.htm
/HELP/FR/HHSTNDRD/HHSTNDRD.ZIP/base/mem.htm
/HELP/FR/HHSTNDRD/HHSTNDRD.ZIP/base/mirror.htm
/HELP/FR/HHSTNDRD/HHSTNDRD.ZIP/base/mkeyb.htm
/HELP/FR/HHSTNDRD/HHSTNDRD.ZIP/base/mode.htm
/HELP/FR/HHSTNDRD/HHSTNDRD.ZIP/base/modecon.htm
/HELP/FR/HHSTNDRD/HHSTNDRD.ZIP/base/more.htm
/HELP/FR/HHSTNDRD/HHSTNDRD.ZIP/base/move.htm
/HELP/FR/HHSTNDRD/HHSTNDRD.ZIP/base/mscdex.htm
/HELP/FR/HHSTNDRD/HHSTNDRD.ZIP/base/nansi.htm
/HELP/FR/HHSTNDRD/HHSTNDRD.ZIP/base/nlsfunc.htm
/HELP/FR/HHSTNDRD/HHSTNDRD.ZIP/base/print.htm
/HELP/FR/HHSTNDRD/HHSTNDRD.ZIP/base/printer.htm
/HELP/FR/HHSTNDRD/HHSTNDRD.ZIP/base/printq.htm
/HELP/FR/HHSTNDRD/HHSTNDRD.ZIP/base/recover.htm
/HELP/FR/HHSTNDRD/HHSTNDRD.ZIP/base/replace.htm
/HELP/FR/HHSTNDRD/HHSTNDRD.ZIP/base/restore.htm
/HELP/FR/HHSTNDRD/HHSTNDRD.ZIP/base/scandisk.htm
/HELP/FR/HHSTNDRD/HHSTNDRD.ZIP/base/scankbd.htm
/HELP/FR/HHSTNDRD/HHSTNDRD.ZIP/base/setver.htm
/HELP/FR/HHSTNDRD/HHSTNDRD.ZIP/base/share.htm
/HELP/FR/HHSTNDRD/HHSTNDRD.ZIP/base/shsucdx.htm
/HELP/FR/HHSTNDRD/HHSTNDRD.ZIP/base/sort.htm
/HELP/FR/HHSTNDRD/HHSTNDRD.ZIP/base/subst.htm
/HELP/FR/HHSTNDRD/HHSTNDRD.ZIP/base/swsubst.htm
/HELP/FR/HHSTNDRD/HHSTNDRD.ZIP/base/sys.htm
/HELP/FR/HHSTNDRD/HHSTNDRD.ZIP/base/tdsk.htm
/HELP/FR/HHSTNDRD/HHSTNDRD.ZIP/base/tickle.htm
/HELP/FR/HHSTNDRD/HHSTNDRD.ZIP/base/tree.htm
/HELP/FR/HHSTNDRD/HHSTNDRD.ZIP/base/udma.htm
/HELP/FR/HHSTNDRD/HHSTNDRD.ZIP/base/udma2.htm
/HELP/FR/HHSTNDRD/HHSTNDRD.ZIP/base/udvd.htm
/HELP/FR/HHSTNDRD/HHSTNDRD.ZIP/base/uide.htm
/HELP/FR/HHSTNDRD/HHSTNDRD.ZIP/base/undelete.htm
/HELP/FR/HHSTNDRD/HHSTNDRD.ZIP/base/unformat.htm
/HELP/FR/HHSTNDRD/HHSTNDRD.ZIP/base/whatis.htm
/HELP/FR/HHSTNDRD/HHSTNDRD.ZIP/base/xcdrom.htm
/HELP/FR/HHSTNDRD/HHSTNDRD.ZIP/base/xcopy.htm
/HELP/FR/HHSTNDRD/HHSTNDRD.ZIP/base/xdma.htm
/HELP/FR/HHSTNDRD/HHSTNDRD.ZIP/base/xkeyb.htm
/HELP/FR/HHSTNDRD/HHSTNDRD.ZIP/base/xmgr.htm
/HELP/FR/HHSTNDRD/HHSTNDRD.ZIP/batch/
/HELP/FR/HHSTNDRD/HHSTNDRD.ZIP/batch/autoexec.htm
/HELP/FR/HHSTNDRD/HHSTNDRD.ZIP/batch/beep.htm
/HELP/FR/HHSTNDRD/HHSTNDRD.ZIP/batch/call.htm
/HELP/FR/HHSTNDRD/HHSTNDRD.ZIP/batch/choice.htm
/HELP/FR/HHSTNDRD/HHSTNDRD.ZIP/batch/cls.htm
/HELP/FR/HHSTNDRD/HHSTNDRD.ZIP/batch/echo.htm
/HELP/FR/HHSTNDRD/HHSTNDRD.ZIP/batch/for.htm
/HELP/FR/HHSTNDRD/HHSTNDRD.ZIP/batch/goto.htm
/HELP/FR/HHSTNDRD/HHSTNDRD.ZIP/batch/if.htm
/HELP/FR/HHSTNDRD/HHSTNDRD.ZIP/batch/index.htm
/HELP/FR/HHSTNDRD/HHSTNDRD.ZIP/batch/lh.htm
/HELP/FR/HHSTNDRD/HHSTNDRD.ZIP/batch/loadhigh.htm
/HELP/FR/HHSTNDRD/HHSTNDRD.ZIP/batch/path.htm
/HELP/FR/HHSTNDRD/HHSTNDRD.ZIP/batch/pause.htm
/HELP/FR/HHSTNDRD/HHSTNDRD.ZIP/batch/prompt.htm
/HELP/FR/HHSTNDRD/HHSTNDRD.ZIP/batch/rem.htm
/HELP/FR/HHSTNDRD/HHSTNDRD.ZIP/batch/set.htm
/HELP/FR/HHSTNDRD/HHSTNDRD.ZIP/batch/shift.htm
/HELP/FR/HHSTNDRD/HHSTNDRD.ZIP/cnfigsys/
/HELP/FR/HHSTNDRD/HHSTNDRD.ZIP/cnfigsys/break.htm
/HELP/FR/HHSTNDRD/HHSTNDRD.ZIP/cnfigsys/buffers.htm
/HELP/FR/HHSTNDRD/HHSTNDRD.ZIP/cnfigsys/buffersh.htm
/HELP/FR/HHSTNDRD/HHSTNDRD.ZIP/cnfigsys/country.htm
/HELP/FR/HHSTNDRD/HHSTNDRD.ZIP/cnfigsys/device.htm
/HELP/FR/HHSTNDRD/HHSTNDRD.ZIP/cnfigsys/deviceh.htm
/HELP/FR/HHSTNDRD/HHSTNDRD.ZIP/cnfigsys/dos.htm
/HELP/FR/HHSTNDRD/HHSTNDRD.ZIP/cnfigsys/dosdata.htm
/HELP/FR/HHSTNDRD/HHSTNDRD.ZIP/cnfigsys/echo.htm
/HELP/FR/HHSTNDRD/HHSTNDRD.ZIP/cnfigsys/eecho.htm
/HELP/FR/HHSTNDRD/HHSTNDRD.ZIP/cnfigsys/exclamat.htm
/HELP/FR/HHSTNDRD/HHSTNDRD.ZIP/cnfigsys/fcbs.htm
/HELP/FR/HHSTNDRD/HHSTNDRD.ZIP/cnfigsys/fdconfig.htm
/HELP/FR/HHSTNDRD/HHSTNDRD.ZIP/cnfigsys/files.htm
/HELP/FR/HHSTNDRD/HHSTNDRD.ZIP/cnfigsys/filesh.htm
/HELP/FR/HHSTNDRD/HHSTNDRD.ZIP/cnfigsys/idlehalt.htm
/HELP/FR/HHSTNDRD/HHSTNDRD.ZIP/cnfigsys/index.htm
/HELP/FR/HHSTNDRD/HHSTNDRD.ZIP/cnfigsys/install.htm
/HELP/FR/HHSTNDRD/HHSTNDRD.ZIP/cnfigsys/installh.htm
/HELP/FR/HHSTNDRD/HHSTNDRD.ZIP/cnfigsys/keybuf.htm
/HELP/FR/HHSTNDRD/HHSTNDRD.ZIP/cnfigsys/lastdrv.htm
/HELP/FR/HHSTNDRD/HHSTNDRD.ZIP/cnfigsys/lastdrvh.htm
/HELP/FR/HHSTNDRD/HHSTNDRD.ZIP/cnfigsys/menu.htm
/HELP/FR/HHSTNDRD/HHSTNDRD.ZIP/cnfigsys/menucol.htm
/HELP/FR/HHSTNDRD/HHSTNDRD.ZIP/cnfigsys/menudef.htm
/HELP/FR/HHSTNDRD/HHSTNDRD.ZIP/cnfigsys/numlock.htm
/HELP/FR/HHSTNDRD/HHSTNDRD.ZIP/cnfigsys/question.htm
/HELP/FR/HHSTNDRD/HHSTNDRD.ZIP/cnfigsys/rem.htm
/HELP/FR/HHSTNDRD/HHSTNDRD.ZIP/cnfigsys/screen.htm
/HELP/FR/HHSTNDRD/HHSTNDRD.ZIP/cnfigsys/set.htm
/HELP/FR/HHSTNDRD/HHSTNDRD.ZIP/cnfigsys/shell.htm
/HELP/FR/HHSTNDRD/HHSTNDRD.ZIP/cnfigsys/shellh.htm
/HELP/FR/HHSTNDRD/HHSTNDRD.ZIP/cnfigsys/slashdot.htm
/HELP/FR/HHSTNDRD/HHSTNDRD.ZIP/cnfigsys/stacks.htm
/HELP/FR/HHSTNDRD/HHSTNDRD.ZIP/cnfigsys/stacksh.htm
/HELP/FR/HHSTNDRD/HHSTNDRD.ZIP/cnfigsys/switchar.htm
/HELP/FR/HHSTNDRD/HHSTNDRD.ZIP/cnfigsys/switches.htm
/HELP/FR/HHSTNDRD/HHSTNDRD.ZIP/cnfigsys/version.htm
/HELP/FR/HHSTNDRD/HHSTNDRD.ZIP/command/
/HELP/FR/HHSTNDRD/HHSTNDRD.ZIP/command/alias.htm
/HELP/FR/HHSTNDRD/HHSTNDRD.ZIP/command/beep.htm
/HELP/FR/HHSTNDRD/HHSTNDRD.ZIP/command/break.htm
/HELP/FR/HHSTNDRD/HHSTNDRD.ZIP/command/call.htm
/HELP/FR/HHSTNDRD/HHSTNDRD.ZIP/command/cd.htm
/HELP/FR/HHSTNDRD/HHSTNDRD.ZIP/command/cdd.htm
/HELP/FR/HHSTNDRD/HHSTNDRD.ZIP/command/chcp.htm
/HELP/FR/HHSTNDRD/HHSTNDRD.ZIP/command/chdir.htm
/HELP/FR/HHSTNDRD/HHSTNDRD.ZIP/command/cls.htm
/HELP/FR/HHSTNDRD/HHSTNDRD.ZIP/command/copy.htm
/HELP/FR/HHSTNDRD/HHSTNDRD.ZIP/command/ctty.htm
/HELP/FR/HHSTNDRD/HHSTNDRD.ZIP/command/date.htm
/HELP/FR/HHSTNDRD/HHSTNDRD.ZIP/command/del.htm
/HELP/FR/HHSTNDRD/HHSTNDRD.ZIP/command/dir.htm
/HELP/FR/HHSTNDRD/HHSTNDRD.ZIP/command/dirs.htm
/HELP/FR/HHSTNDRD/HHSTNDRD.ZIP/command/doskey.htm
/HELP/FR/HHSTNDRD/HHSTNDRD.ZIP/command/echo.htm
/HELP/FR/HHSTNDRD/HHSTNDRD.ZIP/command/erase.htm
/HELP/FR/HHSTNDRD/HHSTNDRD.ZIP/command/exit.htm
/HELP/FR/HHSTNDRD/HHSTNDRD.ZIP/command/for.htm
/HELP/FR/HHSTNDRD/HHSTNDRD.ZIP/command/goto.htm
/HELP/FR/HHSTNDRD/HHSTNDRD.ZIP/command/history.htm
/HELP/FR/HHSTNDRD/HHSTNDRD.ZIP/command/if.htm
/HELP/FR/HHSTNDRD/HHSTNDRD.ZIP/command/index.htm
/HELP/FR/HHSTNDRD/HHSTNDRD.ZIP/command/lfnfor.htm
/HELP/FR/HHSTNDRD/HHSTNDRD.ZIP/command/lh.htm
/HELP/FR/HHSTNDRD/HHSTNDRD.ZIP/command/loadfix.htm
/HELP/FR/HHSTNDRD/HHSTNDRD.ZIP/command/loadhigh.htm
/HELP/FR/HHSTNDRD/HHSTNDRD.ZIP/command/md.htm
/HELP/FR/HHSTNDRD/HHSTNDRD.ZIP/command/memory.htm
/HELP/FR/HHSTNDRD/HHSTNDRD.ZIP/command/mkdir.htm
/HELP/FR/HHSTNDRD/HHSTNDRD.ZIP/command/path.htm
/HELP/FR/HHSTNDRD/HHSTNDRD.ZIP/command/pause.htm
/HELP/FR/HHSTNDRD/HHSTNDRD.ZIP/command/popd.htm
/HELP/FR/HHSTNDRD/HHSTNDRD.ZIP/command/prompt.htm
/HELP/FR/HHSTNDRD/HHSTNDRD.ZIP/command/pushd.htm
/HELP/FR/HHSTNDRD/HHSTNDRD.ZIP/command/rd.htm
/HELP/FR/HHSTNDRD/HHSTNDRD.ZIP/command/rem.htm
/HELP/FR/HHSTNDRD/HHSTNDRD.ZIP/command/ren.htm
/HELP/FR/HHSTNDRD/HHSTNDRD.ZIP/command/rename.htm
/HELP/FR/HHSTNDRD/HHSTNDRD.ZIP/command/rmdir.htm
/HELP/FR/HHSTNDRD/HHSTNDRD.ZIP/command/set.htm
/HELP/FR/HHSTNDRD/HHSTNDRD.ZIP/command/shift.htm
/HELP/FR/HHSTNDRD/HHSTNDRD.ZIP/command/time.htm
/HELP/FR/HHSTNDRD/HHSTNDRD.ZIP/command/truename.htm
/HELP/FR/HHSTNDRD/HHSTNDRD.ZIP/command/type.htm
/HELP/FR/HHSTNDRD/HHSTNDRD.ZIP/command/ver.htm
/HELP/FR/HHSTNDRD/HHSTNDRD.ZIP/command/verify.htm
/HELP/FR/HHSTNDRD/HHSTNDRD.ZIP/command/vol.htm
/HELP/FR/HHSTNDRD/HHSTNDRD.ZIP/command/which.htm
/HELP/FR/HHSTNDRD/HHSTNDRD.ZIP/help/
/HELP/FR/HHSTNDRD/HHSTNDRD.ZIP/help/about.htm
/HELP/FR/HHSTNDRD/HHSTNDRD.ZIP/help/apropos.htm
/HELP/FR/HHSTNDRD/HHSTNDRD.ZIP/help/fasthelp.htm
/HELP/FR/HHSTNDRD/HHSTNDRD.ZIP/help/fdhelp.htm
/HELP/FR/HHSTNDRD/HHSTNDRD.ZIP/help/fsuite04.htm
/HELP/FR/HHSTNDRD/HHSTNDRD.ZIP/help/help.htm
/HELP/FR/HHSTNDRD/HHSTNDRD.ZIP/help/htmlhelp.htm
/HELP/FR/HHSTNDRD/HHSTNDRD.ZIP/help/index.htm
/HELP/FR/HHSTNDRD/HHSTNDRD.ZIP/help/whatis.htm
/HELP/FR/HHSTNDRD/HHSTNDRD.ZIP/network/
/HELP/FR/HHSTNDRD/HHSTNDRD.ZIP/network/3com.htm
/HELP/FR/HHSTNDRD/HHSTNDRD.ZIP/network/cifs.htm
/HELP/FR/HHSTNDRD/HHSTNDRD.ZIP/network/conclus.htm
/HELP/FR/HHSTNDRD/HHSTNDRD.ZIP/network/crynwr.htm
/HELP/FR/HHSTNDRD/HHSTNDRD.ZIP/network/dosnetto.htm
/HELP/FR/HHSTNDRD/HHSTNDRD.ZIP/network/ethernet.htm
/HELP/FR/HHSTNDRD/HHSTNDRD.ZIP/network/history.htm
/HELP/FR/HHSTNDRD/HHSTNDRD.ZIP/network/index.htm
/HELP/FR/HHSTNDRD/HHSTNDRD.ZIP/network/install.htm
/HELP/FR/HHSTNDRD/HHSTNDRD.ZIP/network/intro.htm
/HELP/FR/HHSTNDRD/HHSTNDRD.ZIP/network/ipxspx.htm
/HELP/FR/HHSTNDRD/HHSTNDRD.ZIP/network/ldtcpipk.htm
/HELP/FR/HHSTNDRD/HHSTNDRD.ZIP/network/modem.htm
/HELP/FR/HHSTNDRD/HHSTNDRD.ZIP/network/msclient.htm
/HELP/FR/HHSTNDRD/HHSTNDRD.ZIP/network/mtcp.htm
/HELP/FR/HHSTNDRD/HHSTNDRD.ZIP/network/ndis.htm
/HELP/FR/HHSTNDRD/HHSTNDRD.ZIP/network/ndis_ins.htm
/HELP/FR/HHSTNDRD/HHSTNDRD.ZIP/network/network.htm
/HELP/FR/HHSTNDRD/HHSTNDRD.ZIP/network/nfs.htm
/HELP/FR/HHSTNDRD/HHSTNDRD.ZIP/network/novell.htm
/HELP/FR/HHSTNDRD/HHSTNDRD.ZIP/network/ntcpdrv.htm
/HELP/FR/HHSTNDRD/HHSTNDRD.ZIP/network/odi.htm
/HELP/FR/HHSTNDRD/HHSTNDRD.ZIP/network/odi_ins.htm
/HELP/FR/HHSTNDRD/HHSTNDRD.ZIP/network/others.htm
/HELP/FR/HHSTNDRD/HHSTNDRD.ZIP/network/ot_tcpip.htm
/HELP/FR/HHSTNDRD/HHSTNDRD.ZIP/network/pack_ins.htm
/HELP/FR/HHSTNDRD/HHSTNDRD.ZIP/network/pkt2odi.htm
/HELP/FR/HHSTNDRD/HHSTNDRD.ZIP/network/tcpip.htm
/HELP/FR/HHSTNDRD/HHSTNDRD.ZIP/network/tcpip_ap.htm
/HELP/FR/HHSTNDRD/HHSTNDRD.ZIP/network/wattcp.htm
/HELP/FR/HHSTNDRD/HHSTNDRD.ZIP/network/wifi.htm
/HELP/FR/HHSTNDRD/HHSTNDRD.ZIP/other/
/HELP/FR/HHSTNDRD/HHSTNDRD.ZIP/other/cpidos.htm
/HELP/FR/HHSTNDRD/HHSTNDRD.ZIP/other/fdl11.htm
/HELP/FR/HHSTNDRD/HHSTNDRD.ZIP/other/fdl12.htm
/HELP/FR/HHSTNDRD/HHSTNDRD.ZIP/other/gpl2.htm
/HELP/FR/HHSTNDRD/HHSTNDRD.ZIP/other/gpl3.htm
/HELP/FR/HHSTNDRD/HHSTNDRD.ZIP/other/h2cpying.htm
/HELP/FR/HHSTNDRD/HHSTNDRD.ZIP/other/keyboard.htm
/HELP/FR/HHSTNDRD/HHSTNDRD.ZIP/other/kpdos.htm
/HELP/FR/HHSTNDRD/HHSTNDRD.ZIP/other/mouse.htm
/HELP/FR/HHSTNDRD/HHSTNDRD.ZIP/other/otherway.htm
/HELP/FR/HHSTNDRD/HHSTNDRD.ZIP/other/syntax.htm
/HELP/FR/HHSTNDRD/HHSTNDRD.ZIP/util/
/HELP/FR/HHSTNDRD/HHSTNDRD.ZIP/util/bootfix.htm
/HELP/FR/HHSTNDRD/HHSTNDRD.ZIP/util/cal.htm
/HELP/FR/HHSTNDRD/HHSTNDRD.ZIP/util/devload.htm
/HELP/FR/HHSTNDRD/HHSTNDRD.ZIP/util/dosfsck.htm
/HELP/FR/HHSTNDRD/HHSTNDRD.ZIP/util/doslfn.htm
/HELP/FR/HHSTNDRD/HHSTNDRD.ZIP/util/fdpkg.htm
/HELP/FR/HHSTNDRD/HHSTNDRD.ZIP/util/fdrc.htm
/HELP/FR/HHSTNDRD/HHSTNDRD.ZIP/util/foxcalc.htm
/HELP/FR/HHSTNDRD/HHSTNDRD.ZIP/util/freemacs.htm
/HELP/FR/HHSTNDRD/HHSTNDRD.ZIP/util/index.htm
/HELP/FR/HHSTNDRD/HHSTNDRD.ZIP/util/locate.htm
/HELP/FR/HHSTNDRD/HHSTNDRD.ZIP/util/md5sum.htm
/HELP/FR/HHSTNDRD/HHSTNDRD.ZIP/util/ospedit.htm
/HELP/FR/HHSTNDRD/HHSTNDRD.ZIP/util/password.htm
/HELP/FR/HHSTNDRD/HHSTNDRD.ZIP/util/pcisleep.htm
/HELP/FR/HHSTNDRD/HHSTNDRD.ZIP/util/pdtree.htm
/HELP/FR/HHSTNDRD/HHSTNDRD.ZIP/util/rdisk.htm
/HELP/FR/HHSTNDRD/HHSTNDRD.ZIP/util/ripcord.htm
/HELP/FR/HHSTNDRD/HHSTNDRD.ZIP/util/shsufdrv.htm
/HELP/FR/HHSTNDRD/HHSTNDRD.ZIP/util/tee.htm
/HELP/FR/HHSTNDRD/HHSTNDRD.ZIP/util/touch.htm
/HELP/FR/HHSTNDRD/HHSTNDRD.ZIP/util/trch.htm
/HELP/FR/HHSTNDRD/HHSTNDRD.ZIP/util/unzip.htm
/HELP/FR/HHSTNDRD/HHSTNDRD.ZIP/util/xgrep.htm
/HELP/FR/HHSTNDRD/HHSTNDRD.ZIP/util/zip.htm
/HELP/FR/HHSTNDRD/HHSTNDRD.ZIP/READ-fr.1st
/HELP/FR/INDEX.HTM
/HELP/FR/READ-FR.1ST
/HELP/HIST-DE.HTM
/HELP/HIST-EN.HTM
/HELP/HIST-ES.HTM
/HELP/HIST-FR.HTM
/HELP/INDEX.HTM
/HELP/READ-DE.1ST
/HELP/READ-EN.1ST
/HELP/READ-ES.1ST
/HELP/READ-FR.1ST
/NLS/
/NLS/HTMLHELP.DE
/NLS/HTMLHELP.EN
/NLS/HTMLHELP.ES
/NLS/HTMLHELP.FR
/NLS/HTMLHELP.IT
/NLS/HTMLHELP.NL
/NLS/HTMLHELP.PL
/NLS/HTMLHELP.SK
/NLS/HTMLHELP.SL
/NLS/HTMLHELP.SV
/NLS/HTMLHELP.TR
/NLS/HTMLHELP.US
/SOURCE/
/SOURCE/HTMLHELP/
/SOURCE/HTMLHELP/SOURCES.ZIP/
/SOURCE/HTMLHELP/SOURCES.ZIP/BSHELF/
/SOURCE/HTMLHELP/SOURCES.ZIP/BSHELF/BOOKSHLF.C
/SOURCE/HTMLHELP/SOURCES.ZIP/CATDEFS.H
/SOURCE/HTMLHELP/SOURCES.ZIP/CATS/
/SOURCE/HTMLHELP/SOURCES.ZIP/CATS/CATDB.LIB
/SOURCE/HTMLHELP/SOURCES.ZIP/CATS/CATGETS.H
/SOURCE/HTMLHELP/SOURCES.ZIP/CATS/KITTEN.C
/SOURCE/HTMLHELP/SOURCES.ZIP/CATS/KITTEN.H
/SOURCE/HTMLHELP/SOURCES.ZIP/CATS/README.1ST
/SOURCE/HTMLHELP/SOURCES.ZIP/CP/
/SOURCE/HTMLHELP/SOURCES.ZIP/CP/CP437.H
/SOURCE/HTMLHELP/SOURCES.ZIP/CP/CP737.H
/SOURCE/HTMLHELP/SOURCES.ZIP/CP/CP850.H
/SOURCE/HTMLHELP/SOURCES.ZIP/CP/CP851.H
/SOURCE/HTMLHELP/SOURCES.ZIP/CP/CP852.H
/SOURCE/HTMLHELP/SOURCES.ZIP/CP/CP853.H
/SOURCE/HTMLHELP/SOURCES.ZIP/CP/CP855.H
/SOURCE/HTMLHELP/SOURCES.ZIP/CP/CP857.H
/SOURCE/HTMLHELP/SOURCES.ZIP/CP/CP860.H
/SOURCE/HTMLHELP/SOURCES.ZIP/CP/CP861.H
/SOURCE/HTMLHELP/SOURCES.ZIP/CP/CP863.H
/SOURCE/HTMLHELP/SOURCES.ZIP/CP/CP865.H
/SOURCE/HTMLHELP/SOURCES.ZIP/CP/CP866.H
/SOURCE/HTMLHELP/SOURCES.ZIP/CP/TEST.HTM
/SOURCE/HTMLHELP/SOURCES.ZIP/CPCODES.H
/SOURCE/HTMLHELP/SOURCES.ZIP/EVENTS.C
/SOURCE/HTMLHELP/SOURCES.ZIP/EVENTS.H
/SOURCE/HTMLHELP/SOURCES.ZIP/EXTPARSE.H
/SOURCE/HTMLHELP/SOURCES.ZIP/HELP.C
/SOURCE/HTMLHELP/SOURCES.ZIP/HELP.DSK
/SOURCE/HTMLHELP/SOURCES.ZIP/HELP_GUI.C
/SOURCE/HTMLHELP/SOURCES.ZIP/HELP_GUI.H
/SOURCE/HTMLHELP/SOURCES.ZIP/HELP.H
/SOURCE/HTMLHELP/SOURCES.ZIP/HELP_HTM.C
/SOURCE/HTMLHELP/SOURCES.ZIP/HELP_HTM.H
/SOURCE/HTMLHELP/SOURCES.ZIP/HELP.PRJ
/SOURCE/HTMLHELP/SOURCES.ZIP/HH_CONIO2.C
/SOURCE/HTMLHELP/SOURCES.ZIP/HH_CONIO.ASM
/SOURCE/HTMLHELP/SOURCES.ZIP/HH_CONIO.H
/SOURCE/HTMLHELP/SOURCES.ZIP/HH_DIR.H
/SOURCE/HTMLHELP/SOURCES.ZIP/makefile
/SOURCE/HTMLHELP/SOURCES.ZIP/PARSE.C
/SOURCE/HTMLHELP/SOURCES.ZIP/PARSE.H
/SOURCE/HTMLHELP/SOURCES.ZIP/PES.C
/SOURCE/HTMLHELP/SOURCES.ZIP/PES.H
/SOURCE/HTMLHELP/SOURCES.ZIP/PREPARE.C
/SOURCE/HTMLHELP/SOURCES.ZIP/PREPARE.H
/SOURCE/HTMLHELP/SOURCES.ZIP/READFILE.C
/SOURCE/HTMLHELP/SOURCES.ZIP/READFILE.H
/SOURCE/HTMLHELP/SOURCES.ZIP/SEARCH.C
/SOURCE/HTMLHELP/SOURCES.ZIP/SEARCH.H
/SOURCE/HTMLHELP/SOURCES.ZIP/UNZ/
/SOURCE/HTMLHELP/SOURCES.ZIP/UNZ/IOAPI.C
/SOURCE/HTMLHELP/SOURCES.ZIP/UNZ/IOAPI.H
/SOURCE/HTMLHELP/SOURCES.ZIP/UNZ/README.TXT
/SOURCE/HTMLHELP/SOURCES.ZIP/UNZ/UNZIP.C
/SOURCE/HTMLHELP/SOURCES.ZIP/UNZ/UNZIP.H
/SOURCE/HTMLHELP/SOURCES.ZIP/UNZ/ZCONF.H
/SOURCE/HTMLHELP/SOURCES.ZIP/UNZ/ZLIB.H
/SOURCE/HTMLHELP/SOURCES.ZIP/UNZ/ZLIB_L.LIB
/SOURCE/HTMLHELP/SOURCES.ZIP/UTFCP.C
/SOURCE/HTMLHELP/SOURCES.ZIP/UTFCP.H
/SOURCE/HTMLHELP/SOURCES.ZIP/ZLIB_HH/
/SOURCE/HTMLHELP/SOURCES.ZIP/ZLIB_HH/ADLER32.C
/SOURCE/HTMLHELP/SOURCES.ZIP/ZLIB_HH/CRC32.C
/SOURCE/HTMLHELP/SOURCES.ZIP/ZLIB_HH/CRC32.H
/SOURCE/HTMLHELP/SOURCES.ZIP/ZLIB_HH/INFFAST.C
/SOURCE/HTMLHELP/SOURCES.ZIP/ZLIB_HH/INFFAST.H
/SOURCE/HTMLHELP/SOURCES.ZIP/ZLIB_HH/INFFIXED.H
/SOURCE/HTMLHELP/SOURCES.ZIP/ZLIB_HH/INFLATE.C
/SOURCE/HTMLHELP/SOURCES.ZIP/ZLIB_HH/INFLATE.H
/SOURCE/HTMLHELP/SOURCES.ZIP/ZLIB_HH/INFTREES.C
/SOURCE/HTMLHELP/SOURCES.ZIP/ZLIB_HH/INFTREES.H
/SOURCE/HTMLHELP/SOURCES.ZIP/ZLIB_HH/MAKEFILE
/SOURCE/HTMLHELP/SOURCES.ZIP/ZLIB_HH/README.1ST
/SOURCE/HTMLHELP/SOURCES.ZIP/ZLIB_HH/ZCONF.H
/SOURCE/HTMLHELP/SOURCES.ZIP/ZLIB_HH/ZLIB.H
/SOURCE/HTMLHELP/SOURCES.ZIP/ZLIB_HH/ZUTIL.C
/SOURCE/HTMLHELP/SOURCES.ZIP/ZLIB_HH/ZUTIL.H
