/
/APPINFO/
/APPINFO/IVAN.DE
/APPINFO/IVAN.FR
/APPINFO/IVAN.LSM
/APPINFO/IVAN.SV
/APPINFO/IVAN.TR
/GAMES/
/GAMES/IVAN/
/GAMES/IVAN/AUTHORS
/GAMES/IVAN/CHANGELO
/GAMES/IVAN/COPYING
/GAMES/IVAN/CWSDPMI.DOC
/GAMES/IVAN/CWSDPMI.EXE
/GAMES/IVAN/GRAPHICS/
/GAMES/IVAN/GRAPHICS/CHAR.PCX
/GAMES/IVAN/GRAPHICS/CURSOR.PCX
/GAMES/IVAN/GRAPHICS/EFFECT.PCX
/GAMES/IVAN/GRAPHICS/FONT.PCX
/GAMES/IVAN/GRAPHICS/FOW.PCX
/GAMES/IVAN/GRAPHICS/GLTERRA.PCX
/GAMES/IVAN/GRAPHICS/HUMANOID.PCX
/GAMES/IVAN/GRAPHICS/ICON.BMP
/GAMES/IVAN/GRAPHICS/ITEM.PCX
/GAMES/IVAN/GRAPHICS/MENU.PCX
/GAMES/IVAN/GRAPHICS/OLTERRA.PCX
/GAMES/IVAN/GRAPHICS/SYMBOL.PCX
/GAMES/IVAN/GRAPHICS/WTERRA.PCX
/GAMES/IVAN/IVAN.EXE
/GAMES/IVAN/LICENSIN
/GAMES/IVAN/NEWS
/GAMES/IVAN/README
/GAMES/IVAN/SCRIPT/
/GAMES/IVAN/SCRIPT/CHAR.DAT
/GAMES/IVAN/SCRIPT/DEFINE.DAT
/GAMES/IVAN/SCRIPT/DUNGEON.DAT
/GAMES/IVAN/SCRIPT/GLTERRA.DAT
/GAMES/IVAN/SCRIPT/ITEM.DAT
/GAMES/IVAN/SCRIPT/MATERIAL.DAT
/GAMES/IVAN/SCRIPT/OLTERRA.DAT
/SOURCE/
/SOURCE/IVAN/
/SOURCE/IVAN/SOURCES.ZIP/
/SOURCE/IVAN/SOURCES.ZIP/acinclude.m4
/SOURCE/IVAN/SOURCES.ZIP/aclocal.m4
/SOURCE/IVAN/SOURCES.ZIP/AUTHORS
/SOURCE/IVAN/SOURCES.ZIP/ChangeLog
/SOURCE/IVAN/SOURCES.ZIP/config.guess
/SOURCE/IVAN/SOURCES.ZIP/config.sub
/SOURCE/IVAN/SOURCES.ZIP/configure
/SOURCE/IVAN/SOURCES.ZIP/configure.in
/SOURCE/IVAN/SOURCES.ZIP/COPYING
/SOURCE/IVAN/SOURCES.ZIP/CUSTOMS.EMA
/SOURCE/IVAN/SOURCES.ZIP/FeLib/
/SOURCE/IVAN/SOURCES.ZIP/FeLib/Include/
/SOURCE/IVAN/SOURCES.ZIP/FeLib/Include/Makefile.am
/SOURCE/IVAN/SOURCES.ZIP/FeLib/Include/Makefile.in
/SOURCE/IVAN/SOURCES.ZIP/FeLib/Include/allocate.h
/SOURCE/IVAN/SOURCES.ZIP/FeLib/Include/bitmap.h
/SOURCE/IVAN/SOURCES.ZIP/FeLib/Include/config.h
/SOURCE/IVAN/SOURCES.ZIP/FeLib/Include/error.h
/SOURCE/IVAN/SOURCES.ZIP/FeLib/Include/fearray.h
/SOURCE/IVAN/SOURCES.ZIP/FeLib/Include/feio.h
/SOURCE/IVAN/SOURCES.ZIP/FeLib/Include/felibdef.h
/SOURCE/IVAN/SOURCES.ZIP/FeLib/Include/felist.h
/SOURCE/IVAN/SOURCES.ZIP/FeLib/Include/feloops.h
/SOURCE/IVAN/SOURCES.ZIP/FeLib/Include/femath.h
/SOURCE/IVAN/SOURCES.ZIP/FeLib/Include/festring.h
/SOURCE/IVAN/SOURCES.ZIP/FeLib/Include/fetime.h
/SOURCE/IVAN/SOURCES.ZIP/FeLib/Include/graphics.h
/SOURCE/IVAN/SOURCES.ZIP/FeLib/Include/hscore.h
/SOURCE/IVAN/SOURCES.ZIP/FeLib/Include/pragmas.h
/SOURCE/IVAN/SOURCES.ZIP/FeLib/Include/rawbit.h
/SOURCE/IVAN/SOURCES.ZIP/FeLib/Include/rect.h
/SOURCE/IVAN/SOURCES.ZIP/FeLib/Include/save.h
/SOURCE/IVAN/SOURCES.ZIP/FeLib/Include/typedef.h
/SOURCE/IVAN/SOURCES.ZIP/FeLib/Include/v2.h
/SOURCE/IVAN/SOURCES.ZIP/FeLib/Include/whandler.h
/SOURCE/IVAN/SOURCES.ZIP/FeLib/Makefile.am
/SOURCE/IVAN/SOURCES.ZIP/FeLib/Makefile.in
/SOURCE/IVAN/SOURCES.ZIP/FeLib/Source/
/SOURCE/IVAN/SOURCES.ZIP/FeLib/Source/Makefile.am
/SOURCE/IVAN/SOURCES.ZIP/FeLib/Source/Makefile.in
/SOURCE/IVAN/SOURCES.ZIP/FeLib/Source/bitmap.cpp
/SOURCE/IVAN/SOURCES.ZIP/FeLib/Source/config.cpp
/SOURCE/IVAN/SOURCES.ZIP/FeLib/Source/error.cpp
/SOURCE/IVAN/SOURCES.ZIP/FeLib/Source/feio.cpp
/SOURCE/IVAN/SOURCES.ZIP/FeLib/Source/felist.cpp
/SOURCE/IVAN/SOURCES.ZIP/FeLib/Source/femain.cpp
/SOURCE/IVAN/SOURCES.ZIP/FeLib/Source/femath.cpp
/SOURCE/IVAN/SOURCES.ZIP/FeLib/Source/festring.cpp
/SOURCE/IVAN/SOURCES.ZIP/FeLib/Source/fetime.cpp
/SOURCE/IVAN/SOURCES.ZIP/FeLib/Source/graphics.cpp
/SOURCE/IVAN/SOURCES.ZIP/FeLib/Source/hscore.cpp
/SOURCE/IVAN/SOURCES.ZIP/FeLib/Source/rawbit.cpp
/SOURCE/IVAN/SOURCES.ZIP/FeLib/Source/save.cpp
/SOURCE/IVAN/SOURCES.ZIP/FeLib/Source/whandler.cpp
/SOURCE/IVAN/SOURCES.ZIP/FeLib.dsp
/SOURCE/IVAN/SOURCES.ZIP/Graphics/
/SOURCE/IVAN/SOURCES.ZIP/Graphics/Char.pcx
/SOURCE/IVAN/SOURCES.ZIP/Graphics/Cursor.pcx
/SOURCE/IVAN/SOURCES.ZIP/Graphics/Effect.pcx
/SOURCE/IVAN/SOURCES.ZIP/Graphics/FOW.pcx
/SOURCE/IVAN/SOURCES.ZIP/Graphics/Font.pcx
/SOURCE/IVAN/SOURCES.ZIP/Graphics/GLTerra.pcx
/SOURCE/IVAN/SOURCES.ZIP/Graphics/Humanoid.pcx
/SOURCE/IVAN/SOURCES.ZIP/Graphics/Icon.bmp
/SOURCE/IVAN/SOURCES.ZIP/Graphics/Item.pcx
/SOURCE/IVAN/SOURCES.ZIP/Graphics/Makefile.am
/SOURCE/IVAN/SOURCES.ZIP/Graphics/Makefile.in
/SOURCE/IVAN/SOURCES.ZIP/Graphics/Menu.pcx
/SOURCE/IVAN/SOURCES.ZIP/Graphics/OLTerra.pcx
/SOURCE/IVAN/SOURCES.ZIP/Graphics/Symbol.pcx
/SOURCE/IVAN/SOURCES.ZIP/Graphics/WTerra.pcx
/SOURCE/IVAN/SOURCES.ZIP/INSTALL
/SOURCE/IVAN/SOURCES.ZIP/install-sh
/SOURCE/IVAN/SOURCES.ZIP/ivandj.mak
/SOURCE/IVAN/SOURCES.ZIP/IVAN.dsw
/SOURCE/IVAN/SOURCES.ZIP/ivanmgw.mak
/SOURCE/IVAN/SOURCES.ZIP/LICENSING
/SOURCE/IVAN/SOURCES.ZIP/Main/
/SOURCE/IVAN/SOURCES.ZIP/Main/Include/
/SOURCE/IVAN/SOURCES.ZIP/Main/Include/Makefile.am
/SOURCE/IVAN/SOURCES.ZIP/Main/Include/Makefile.in
/SOURCE/IVAN/SOURCES.ZIP/Main/Include/action.h
/SOURCE/IVAN/SOURCES.ZIP/Main/Include/actions.h
/SOURCE/IVAN/SOURCES.ZIP/Main/Include/area.h
/SOURCE/IVAN/SOURCES.ZIP/Main/Include/balance.h
/SOURCE/IVAN/SOURCES.ZIP/Main/Include/bodypart.h
/SOURCE/IVAN/SOURCES.ZIP/Main/Include/char.h
/SOURCE/IVAN/SOURCES.ZIP/Main/Include/command.h
/SOURCE/IVAN/SOURCES.ZIP/Main/Include/confdef.h
/SOURCE/IVAN/SOURCES.ZIP/Main/Include/cont.h
/SOURCE/IVAN/SOURCES.ZIP/Main/Include/database.h
/SOURCE/IVAN/SOURCES.ZIP/Main/Include/dungeon.h
/SOURCE/IVAN/SOURCES.ZIP/Main/Include/entity.h
/SOURCE/IVAN/SOURCES.ZIP/Main/Include/fluid.h
/SOURCE/IVAN/SOURCES.ZIP/Main/Include/game.h
/SOURCE/IVAN/SOURCES.ZIP/Main/Include/gear.h
/SOURCE/IVAN/SOURCES.ZIP/Main/Include/god.h
/SOURCE/IVAN/SOURCES.ZIP/Main/Include/gods.h
/SOURCE/IVAN/SOURCES.ZIP/Main/Include/human.h
/SOURCE/IVAN/SOURCES.ZIP/Main/Include/iconf.h
/SOURCE/IVAN/SOURCES.ZIP/Main/Include/id.h
/SOURCE/IVAN/SOURCES.ZIP/Main/Include/igraph.h
/SOURCE/IVAN/SOURCES.ZIP/Main/Include/iloops.h
/SOURCE/IVAN/SOURCES.ZIP/Main/Include/item.h
/SOURCE/IVAN/SOURCES.ZIP/Main/Include/ivandef.h
/SOURCE/IVAN/SOURCES.ZIP/Main/Include/level.h
/SOURCE/IVAN/SOURCES.ZIP/Main/Include/lsquare.h
/SOURCE/IVAN/SOURCES.ZIP/Main/Include/lterra.h
/SOURCE/IVAN/SOURCES.ZIP/Main/Include/lterras.h
/SOURCE/IVAN/SOURCES.ZIP/Main/Include/materia.h
/SOURCE/IVAN/SOURCES.ZIP/Main/Include/materias.h
/SOURCE/IVAN/SOURCES.ZIP/Main/Include/message.h
/SOURCE/IVAN/SOURCES.ZIP/Main/Include/miscitem.h
/SOURCE/IVAN/SOURCES.ZIP/Main/Include/nonhuman.h
/SOURCE/IVAN/SOURCES.ZIP/Main/Include/object.h
/SOURCE/IVAN/SOURCES.ZIP/Main/Include/pool.h
/SOURCE/IVAN/SOURCES.ZIP/Main/Include/proto.h
/SOURCE/IVAN/SOURCES.ZIP/Main/Include/rain.h
/SOURCE/IVAN/SOURCES.ZIP/Main/Include/room.h
/SOURCE/IVAN/SOURCES.ZIP/Main/Include/rooms.h
/SOURCE/IVAN/SOURCES.ZIP/Main/Include/script.h
/SOURCE/IVAN/SOURCES.ZIP/Main/Include/slot.h
/SOURCE/IVAN/SOURCES.ZIP/Main/Include/smoke.h
/SOURCE/IVAN/SOURCES.ZIP/Main/Include/square.h
/SOURCE/IVAN/SOURCES.ZIP/Main/Include/stack.h
/SOURCE/IVAN/SOURCES.ZIP/Main/Include/team.h
/SOURCE/IVAN/SOURCES.ZIP/Main/Include/terra.h
/SOURCE/IVAN/SOURCES.ZIP/Main/Include/trap.h
/SOURCE/IVAN/SOURCES.ZIP/Main/Include/traps.h
/SOURCE/IVAN/SOURCES.ZIP/Main/Include/worldmap.h
/SOURCE/IVAN/SOURCES.ZIP/Main/Include/wskill.h
/SOURCE/IVAN/SOURCES.ZIP/Main/Include/wsquare.h
/SOURCE/IVAN/SOURCES.ZIP/Main/Include/wterra.h
/SOURCE/IVAN/SOURCES.ZIP/Main/Include/wterras.h
/SOURCE/IVAN/SOURCES.ZIP/Main/Makefile.am
/SOURCE/IVAN/SOURCES.ZIP/Main/Makefile.in
/SOURCE/IVAN/SOURCES.ZIP/Main/Resource/
/SOURCE/IVAN/SOURCES.ZIP/Main/Resource/Ivan.ico
/SOURCE/IVAN/SOURCES.ZIP/Main/Resource/Ivan.rc
/SOURCE/IVAN/SOURCES.ZIP/Main/Resource/Makefile.am
/SOURCE/IVAN/SOURCES.ZIP/Main/Resource/Makefile.in
/SOURCE/IVAN/SOURCES.ZIP/Main/Resource/resource.h
/SOURCE/IVAN/SOURCES.ZIP/Main/Source/
/SOURCE/IVAN/SOURCES.ZIP/Main/Source/Makefile.am
/SOURCE/IVAN/SOURCES.ZIP/Main/Source/Makefile.in
/SOURCE/IVAN/SOURCES.ZIP/Main/Source/action.cpp
/SOURCE/IVAN/SOURCES.ZIP/Main/Source/actions.cpp
/SOURCE/IVAN/SOURCES.ZIP/Main/Source/actset.cpp
/SOURCE/IVAN/SOURCES.ZIP/Main/Source/area.cpp
/SOURCE/IVAN/SOURCES.ZIP/Main/Source/areaset.cpp
/SOURCE/IVAN/SOURCES.ZIP/Main/Source/bodypart.cpp
/SOURCE/IVAN/SOURCES.ZIP/Main/Source/char.cpp
/SOURCE/IVAN/SOURCES.ZIP/Main/Source/charset.cpp
/SOURCE/IVAN/SOURCES.ZIP/Main/Source/charsset.cpp
/SOURCE/IVAN/SOURCES.ZIP/Main/Source/command.cpp
/SOURCE/IVAN/SOURCES.ZIP/Main/Source/cont.cpp
/SOURCE/IVAN/SOURCES.ZIP/Main/Source/coreset.cpp
/SOURCE/IVAN/SOURCES.ZIP/Main/Source/database.cpp
/SOURCE/IVAN/SOURCES.ZIP/Main/Source/dataset.cpp
/SOURCE/IVAN/SOURCES.ZIP/Main/Source/dungeon.cpp
/SOURCE/IVAN/SOURCES.ZIP/Main/Source/entity.cpp
/SOURCE/IVAN/SOURCES.ZIP/Main/Source/fluid.cpp
/SOURCE/IVAN/SOURCES.ZIP/Main/Source/game.cpp
/SOURCE/IVAN/SOURCES.ZIP/Main/Source/gear.cpp
/SOURCE/IVAN/SOURCES.ZIP/Main/Source/god.cpp
/SOURCE/IVAN/SOURCES.ZIP/Main/Source/gods.cpp
/SOURCE/IVAN/SOURCES.ZIP/Main/Source/godset.cpp
/SOURCE/IVAN/SOURCES.ZIP/Main/Source/human.cpp
/SOURCE/IVAN/SOURCES.ZIP/Main/Source/iconf.cpp
/SOURCE/IVAN/SOURCES.ZIP/Main/Source/id.cpp
/SOURCE/IVAN/SOURCES.ZIP/Main/Source/igraph.cpp
/SOURCE/IVAN/SOURCES.ZIP/Main/Source/item.cpp
/SOURCE/IVAN/SOURCES.ZIP/Main/Source/itemset.cpp
/SOURCE/IVAN/SOURCES.ZIP/Main/Source/level.cpp
/SOURCE/IVAN/SOURCES.ZIP/Main/Source/levelset.cpp
/SOURCE/IVAN/SOURCES.ZIP/Main/Source/lsquare.cpp
/SOURCE/IVAN/SOURCES.ZIP/Main/Source/lterra.cpp
/SOURCE/IVAN/SOURCES.ZIP/Main/Source/lterras.cpp
/SOURCE/IVAN/SOURCES.ZIP/Main/Source/main.cpp
/SOURCE/IVAN/SOURCES.ZIP/Main/Source/materia.cpp
/SOURCE/IVAN/SOURCES.ZIP/Main/Source/materias.cpp
/SOURCE/IVAN/SOURCES.ZIP/Main/Source/materset.cpp
/SOURCE/IVAN/SOURCES.ZIP/Main/Source/message.cpp
/SOURCE/IVAN/SOURCES.ZIP/Main/Source/miscitem.cpp
/SOURCE/IVAN/SOURCES.ZIP/Main/Source/nonhuman.cpp
/SOURCE/IVAN/SOURCES.ZIP/Main/Source/object.cpp
/SOURCE/IVAN/SOURCES.ZIP/Main/Source/pool.cpp
/SOURCE/IVAN/SOURCES.ZIP/Main/Source/proto.cpp
/SOURCE/IVAN/SOURCES.ZIP/Main/Source/rain.cpp
/SOURCE/IVAN/SOURCES.ZIP/Main/Source/room.cpp
/SOURCE/IVAN/SOURCES.ZIP/Main/Source/rooms.cpp
/SOURCE/IVAN/SOURCES.ZIP/Main/Source/roomset.cpp
/SOURCE/IVAN/SOURCES.ZIP/Main/Source/script.cpp
/SOURCE/IVAN/SOURCES.ZIP/Main/Source/slot.cpp
/SOURCE/IVAN/SOURCES.ZIP/Main/Source/slotset.cpp
/SOURCE/IVAN/SOURCES.ZIP/Main/Source/smoke.cpp
/SOURCE/IVAN/SOURCES.ZIP/Main/Source/square.cpp
/SOURCE/IVAN/SOURCES.ZIP/Main/Source/stack.cpp
/SOURCE/IVAN/SOURCES.ZIP/Main/Source/team.cpp
/SOURCE/IVAN/SOURCES.ZIP/Main/Source/terra.cpp
/SOURCE/IVAN/SOURCES.ZIP/Main/Source/trap.cpp
/SOURCE/IVAN/SOURCES.ZIP/Main/Source/traps.cpp
/SOURCE/IVAN/SOURCES.ZIP/Main/Source/trapset.cpp
/SOURCE/IVAN/SOURCES.ZIP/Main/Source/wmapset.cpp
/SOURCE/IVAN/SOURCES.ZIP/Main/Source/worldmap.cpp
/SOURCE/IVAN/SOURCES.ZIP/Main/Source/wskill.cpp
/SOURCE/IVAN/SOURCES.ZIP/Main/Source/wsquare.cpp
/SOURCE/IVAN/SOURCES.ZIP/Main/Source/wterra.cpp
/SOURCE/IVAN/SOURCES.ZIP/Main/Source/wterras.cpp
/SOURCE/IVAN/SOURCES.ZIP/Main.dsp
/SOURCE/IVAN/SOURCES.ZIP/Makefile.am
/SOURCE/IVAN/SOURCES.ZIP/Makefile.in
/SOURCE/IVAN/SOURCES.ZIP/missing
/SOURCE/IVAN/SOURCES.ZIP/mkinstalldirs
/SOURCE/IVAN/SOURCES.ZIP/NEWS
/SOURCE/IVAN/SOURCES.ZIP/README
/SOURCE/IVAN/SOURCES.ZIP/Script/
/SOURCE/IVAN/SOURCES.ZIP/Script/Makefile.am
/SOURCE/IVAN/SOURCES.ZIP/Script/Makefile.in
/SOURCE/IVAN/SOURCES.ZIP/Script/char.dat
/SOURCE/IVAN/SOURCES.ZIP/Script/define.dat
/SOURCE/IVAN/SOURCES.ZIP/Script/dungeon.dat
/SOURCE/IVAN/SOURCES.ZIP/Script/glterra.dat
/SOURCE/IVAN/SOURCES.ZIP/Script/item.dat
/SOURCE/IVAN/SOURCES.ZIP/Script/material.dat
/SOURCE/IVAN/SOURCES.ZIP/Script/olterra.dat
