/
/APPINFO/
/APPINFO/LESS.DE
/APPINFO/LESS.FR
/APPINFO/LESS.LSM
/APPINFO/LESS.SV
/APPINFO/LESS.TR
/BIN/
/BIN/LESS.EXE
/BIN/LESS.HLP
/BIN/LESSKEY.EXE
/DOC/
/DOC/LESS/
/DOC/LESS/COPYING
/DOC/LESS/LESS.MAN
/DOC/LESS/LESSKEY.MAN
/SOURCE/
/SOURCE/LESS/
/SOURCE/LESS/SOURCES.ZIP/
/SOURCE/LESS/SOURCES.ZIP/ACCONFIG.H
/SOURCE/LESS/SOURCES.ZIP/BRAC.C
/SOURCE/LESS/SOURCES.ZIP/CHARSET.C
/SOURCE/LESS/SOURCES.ZIP/CH.C
/SOURCE/LESS/SOURCES.ZIP/CMDBUF.C
/SOURCE/LESS/SOURCES.ZIP/CMD.H
/SOURCE/LESS/SOURCES.ZIP/COMMAND.C
/SOURCE/LESS/SOURCES.ZIP/CONFIGUR
/SOURCE/LESS/SOURCES.ZIP/CONFIGUR.IN
/SOURCE/LESS/SOURCES.ZIP/DECODE.C
/SOURCE/LESS/SOURCES.ZIP/DEFINES.DOS
/SOURCE/LESS/SOURCES.ZIP/DEFINES.HIN
/SOURCE/LESS/SOURCES.ZIP/DEFINES.HTO
/SOURCE/LESS/SOURCES.ZIP/DEFINES.OS2
/SOURCE/LESS/SOURCES.ZIP/DOSCREEN.C
/SOURCE/LESS/SOURCES.ZIP/EDIT.C
/SOURCE/LESS/SOURCES.ZIP/FILENAME.C
/SOURCE/LESS/SOURCES.ZIP/FORWBACK.C
/SOURCE/LESS/SOURCES.ZIP/FUNCS.H
/SOURCE/LESS/SOURCES.ZIP/HELP.C
/SOURCE/LESS/SOURCES.ZIP/IFILE.C
/SOURCE/LESS/SOURCES.ZIP/INPUT.C
/SOURCE/LESS/SOURCES.ZIP/INSTALL
/SOURCE/LESS/SOURCES.ZIP/INSTALL.SH
/SOURCE/LESS/SOURCES.ZIP/JUMP.C
/SOURCE/LESS/SOURCES.ZIP/LESS.H
/SOURCE/LESS/SOURCES.ZIP/LESS.HLP
/SOURCE/LESS/SOURCES.ZIP/LESSKEY.C
/SOURCE/LESS/SOURCES.ZIP/LESSKEY.H
/SOURCE/LESS/SOURCES.ZIP/LESSKEY.MAN
/SOURCE/LESS/SOURCES.ZIP/LESSKEY.NRO
/SOURCE/LESS/SOURCES.ZIP/LESS.MAN
/SOURCE/LESS/SOURCES.ZIP/LESS.NRO
/SOURCE/LESS/SOURCES.ZIP/LINE.C
/SOURCE/LESS/SOURCES.ZIP/LINENUM.C
/SOURCE/LESS/SOURCES.ZIP/LSYSTEM.C
/SOURCE/LESS/SOURCES.ZIP/MAIN.C
/SOURCE/LESS/SOURCES.ZIP/MAKEFILE.DOS
/SOURCE/LESS/SOURCES.ZIP/MAKEFILE.IN
/SOURCE/LESS/SOURCES.ZIP/MAKEFILE.OS2
/SOURCE/LESS/SOURCES.ZIP/MARK.C
/SOURCE/LESS/SOURCES.ZIP/MKINSTAL
/SOURCE/LESS/SOURCES.ZIP/NEWS
/SOURCE/LESS/SOURCES.ZIP/OPTFUNC.C
/SOURCE/LESS/SOURCES.ZIP/OPTION.C
/SOURCE/LESS/SOURCES.ZIP/OPTION.H
/SOURCE/LESS/SOURCES.ZIP/OPTTBL.C
/SOURCE/LESS/SOURCES.ZIP/OS.C
/SOURCE/LESS/SOURCES.ZIP/OUTPUT.C
/SOURCE/LESS/SOURCES.ZIP/POSITION.C
/SOURCE/LESS/SOURCES.ZIP/POSITION.H
/SOURCE/LESS/SOURCES.ZIP/PROMPT.C
/SOURCE/LESS/SOURCES.ZIP/README
/SOURCE/LESS/SOURCES.ZIP/REGEXP.C
/SOURCE/LESS/SOURCES.ZIP/REGEXP.H
/SOURCE/LESS/SOURCES.ZIP/SCREEN.C
/SOURCE/LESS/SOURCES.ZIP/SEARCH.C
/SOURCE/LESS/SOURCES.ZIP/SIGNAL.C
/SOURCE/LESS/SOURCES.ZIP/TAGS.C
/SOURCE/LESS/SOURCES.ZIP/TTYIN.C
/SOURCE/LESS/SOURCES.ZIP/VERSION.C
