/
/APPINFO/
/APPINFO/LOCALIZE.DE
/APPINFO/LOCALIZE.FR
/APPINFO/LOCALIZE.LSM
/APPINFO/LOCALIZE.SV
/APPINFO/LOCALIZE.TR
/BIN/
/BIN/LOCALIZE.COM
/DOC/
/DOC/LOCALIZE/
/DOC/LOCALIZE/LOCALIZE.TXT
/NLS/
/NLS/LOCALIZE.DE
/NLS/LOCALIZE.EN
/NLS/LOCALIZE.ES
/NLS/LOCALIZE.FR
/NLS/LOCALIZE.SV
/NLS/LOCALIZE.TR
/SOURCE/
/SOURCE/LOCALIZE/
/SOURCE/LOCALIZE/SOURCES.ZIP/
/SOURCE/LOCALIZE/SOURCES.ZIP/KITTEN.C
/SOURCE/LOCALIZE/SOURCES.ZIP/KITTEN.H
/SOURCE/LOCALIZE/SOURCES.ZIP/LOCALIZE.C
/SOURCE/LOCALIZE/SOURCES.ZIP/MAKEFILE
/SOURCE/LOCALIZE/SOURCES.ZIP/TURBOC.CFG
