/
/APPINFO/
/APPINFO/LSPPP.DE
/APPINFO/LSPPP.FR
/APPINFO/LSPPP.LSM
/APPINFO/LSPPP.SV
/APPINFO/LSPPP.TR
/DRIVERS/
/DRIVERS/CRYNWR/
/DRIVERS/CRYNWR/LSPPP.EXE
/DRIVERS/LSPPP/
/DRIVERS/LSPPP/COPYING
/DRIVERS/LSPPP/README.TXT
/SOURCE/
/SOURCE/LSPPP/
/SOURCE/LSPPP/SOURCES.ZIP/
/SOURCE/LSPPP/SOURCES.ZIP/ARP.ASM
/SOURCE/LSPPP/SOURCES.ZIP/BOOTP.ASM
/SOURCE/LSPPP/SOURCES.ZIP/CMDLINE.ASM
/SOURCE/LSPPP/SOURCES.ZIP/CONNECT.ASM
/SOURCE/LSPPP/SOURCES.ZIP/DIALER.ASM
/SOURCE/LSPPP/SOURCES.ZIP/INTERNET.ASI
/SOURCE/LSPPP/SOURCES.ZIP/IPCP.ASM
/SOURCE/LSPPP/SOURCES.ZIP/LCP.ASM
/SOURCE/LSPPP/SOURCES.ZIP/LOG.ASM
/SOURCE/LSPPP/SOURCES.ZIP/MAKEFILE
/SOURCE/LSPPP/SOURCES.ZIP/MD5.ASM
/SOURCE/LSPPP/SOURCES.ZIP/PAPCHAP.ASM
/SOURCE/LSPPP/SOURCES.ZIP/PKT.ASM
/SOURCE/LSPPP/SOURCES.ZIP/PORTFOL.ASM
/SOURCE/LSPPP/SOURCES.ZIP/PPP.ASI
/SOURCE/LSPPP/SOURCES.ZIP/PPP.ASM
/SOURCE/LSPPP/SOURCES.ZIP/STATEM.ASM
/SOURCE/LSPPP/SOURCES.ZIP/TSR.ASM
/SOURCE/LSPPP/SOURCES.ZIP/VJCOMP.ASM
