/
/APPINFO/
/APPINFO/MD5SUM.DE
/APPINFO/MD5SUM.FR
/APPINFO/MD5SUM.LSM
/APPINFO/MD5SUM.SV
/APPINFO/MD5SUM.TR
/BIN/
/BIN/MD5SUM.EXE
/DOC/
/DOC/MD5SUM/
/DOC/MD5SUM/MD5SUM.TXT
/DOC/MD5SUM/TODO.TXT
/NLS/
/NLS/MD5SUM.DE
/NLS/MD5SUM.EN
/NLS/MD5SUM.ES
/NLS/MD5SUM.FR
/NLS/MD5SUM.NL
/NLS/MD5SUM.PL
/NLS/MD5SUM.SV
/NLS/MD5SUM.TR
/SOURCE/
/SOURCE/MD5SUM/
/SOURCE/MD5SUM/SOURCES.ZIP/
/SOURCE/MD5SUM/SOURCES.ZIP/BUILD.BAT
/SOURCE/MD5SUM/SOURCES.ZIP/BUILDER/
/SOURCE/MD5SUM/SOURCES.ZIP/BUILDER/BUILDER.C
/SOURCE/MD5SUM/SOURCES.ZIP/BUILDER/TCC.BAT
/SOURCE/MD5SUM/SOURCES.ZIP/BUILDER/WAT.BAT
/SOURCE/MD5SUM/SOURCES.ZIP/BUILDER.COM
/SOURCE/MD5SUM/SOURCES.ZIP/CONFIG.PAC
/SOURCE/MD5SUM/SOURCES.ZIP/CONFIG.TCC
/SOURCE/MD5SUM/SOURCES.ZIP/CONFIG.WAT
/SOURCE/MD5SUM/SOURCES.ZIP/CRC16F.C
/SOURCE/MD5SUM/SOURCES.ZIP/CRC32.C
/SOURCE/MD5SUM/SOURCES.ZIP/CRC.H
/SOURCE/MD5SUM/SOURCES.ZIP/IO95/
/SOURCE/MD5SUM/SOURCES.ZIP/IO95/DIR95.C
/SOURCE/MD5SUM/SOURCES.ZIP/IO95/DIR95.H
/SOURCE/MD5SUM/SOURCES.ZIP/IO95/FILE95.C
/SOURCE/MD5SUM/SOURCES.ZIP/IO95/FIND95.C
/SOURCE/MD5SUM/SOURCES.ZIP/IO95/FIND95.H
/SOURCE/MD5SUM/SOURCES.ZIP/IO95/FLLPTH95.C
/SOURCE/MD5SUM/SOURCES.ZIP/IO95/FOPEN95.C
/SOURCE/MD5SUM/SOURCES.ZIP/IO95/GETCWD95.C
/SOURCE/MD5SUM/SOURCES.ZIP/IO95/HISTORY
/SOURCE/MD5SUM/SOURCES.ZIP/IO95/IO95.H
/SOURCE/MD5SUM/SOURCES.ZIP/IO95/IO95_LOC.H
/SOURCE/MD5SUM/SOURCES.ZIP/IO95/L2S95.C
/SOURCE/MD5SUM/SOURCES.ZIP/IO95/LICENSE
/SOURCE/MD5SUM/SOURCES.ZIP/IO95/LICENSE.GPL
/SOURCE/MD5SUM/SOURCES.ZIP/IO95/MKDIR95.C
/SOURCE/MD5SUM/SOURCES.ZIP/IO95/OPEN95.C
/SOURCE/MD5SUM/SOURCES.ZIP/IO95/README
/SOURCE/MD5SUM/SOURCES.ZIP/IO95/STAT95.C
/SOURCE/MD5SUM/SOURCES.ZIP/IO95/STDIO95.H
/SOURCE/MD5SUM/SOURCES.ZIP/IO95/WIN95API.C
/SOURCE/MD5SUM/SOURCES.ZIP/KITTEN.C
/SOURCE/MD5SUM/SOURCES.ZIP/KITTEN.H
/SOURCE/MD5SUM/SOURCES.ZIP/LFN.C
/SOURCE/MD5SUM/SOURCES.ZIP/LFN.H
/SOURCE/MD5SUM/SOURCES.ZIP/MAKEFILE
/SOURCE/MD5SUM/SOURCES.ZIP/MD5.C
/SOURCE/MD5SUM/SOURCES.ZIP/MD5.H
/SOURCE/MD5SUM/SOURCES.ZIP/MD5SUM.C
/SOURCE/MD5SUM/SOURCES.ZIP/OTHERS.C
/SOURCE/MD5SUM/SOURCES.ZIP/OTHERS.H
/SOURCE/MD5SUM/SOURCES.ZIP/PRF.C
/SOURCE/MD5SUM/SOURCES.ZIP/RMD160.C
/SOURCE/MD5SUM/SOURCES.ZIP/RMD160.H
/SOURCE/MD5SUM/SOURCES.ZIP/SHA1.C
/SOURCE/MD5SUM/SOURCES.ZIP/SHA1.H
/SOURCE/MD5SUM/SOURCES.ZIP/SHA256.C
/SOURCE/MD5SUM/SOURCES.ZIP/SHA256.H
/SOURCE/MD5SUM/SOURCES.ZIP/WAT2PAC.C
/SOURCE/MD5SUM/SOURCES.ZIP/WAT2PAC.H
/SOURCE/MD5SUM/SOURCES.ZIP/WAT2TCC.H
/SOURCE/MD5SUM/SOURCES.ZIP/XNPRINTF.C
