/
/APPINFO/
/APPINFO/MTCP.DE
/APPINFO/MTCP.FR
/APPINFO/MTCP.LSM
/APPINFO/MTCP.SV
/APPINFO/MTCP.TR
/NET/
/NET/MTCP/
/NET/MTCP/00README.TXT
/NET/MTCP/00_mtcp.txt
/NET/MTCP/COPYING.TXT
/NET/MTCP/dhcp.exe
/NET/MTCP/dnstest.exe
/NET/MTCP/ftp.exe
/NET/MTCP/ftpsrv.exe
/NET/MTCP/htget.exe
/NET/MTCP/httpserv.exe
/NET/MTCP/ircjr.exe
/NET/MTCP/manual/
/NET/MTCP/manual/MANUAL.PDF
/NET/MTCP/manual/MANUAL.TXT
/NET/MTCP/nc.exe
/NET/MTCP/ping.exe
/NET/MTCP/pkttool.exe
/NET/MTCP/samples/
/NET/MTCP/samples/ftppass.txt
/NET/MTCP/samples/sample.cfg
/NET/MTCP/sntp.exe
/NET/MTCP/spdtest.exe
/NET/MTCP/telnet.exe
/SOURCE/
/SOURCE/MTCP/
/SOURCE/MTCP/SOURCES.ZIP/
/SOURCE/MTCP/SOURCES.ZIP/00README.TXT
/SOURCE/MTCP/SOURCES.ZIP/APPS/
/SOURCE/MTCP/SOURCES.ZIP/APPS/DHCP/
/SOURCE/MTCP/SOURCES.ZIP/APPS/DHCP/DHCP.CFG
/SOURCE/MTCP/SOURCES.ZIP/APPS/DHCP/DHCP.CPP
/SOURCE/MTCP/SOURCES.ZIP/APPS/DHCP/DHCP.H
/SOURCE/MTCP/SOURCES.ZIP/APPS/DHCP/MAKEFILE
/SOURCE/MTCP/SOURCES.ZIP/APPS/DNSTEST/
/SOURCE/MTCP/SOURCES.ZIP/APPS/DNSTEST/DNS.CFG
/SOURCE/MTCP/SOURCES.ZIP/APPS/DNSTEST/DNSTEST.CPP
/SOURCE/MTCP/SOURCES.ZIP/APPS/DNSTEST/MAKEFILE
/SOURCE/MTCP/SOURCES.ZIP/APPS/FTP/
/SOURCE/MTCP/SOURCES.ZIP/APPS/FTP/FTP.CFG
/SOURCE/MTCP/SOURCES.ZIP/APPS/FTP/FTP.CPP
/SOURCE/MTCP/SOURCES.ZIP/APPS/FTP/MAKEFILE
/SOURCE/MTCP/SOURCES.ZIP/APPS/FTPSRV/
/SOURCE/MTCP/SOURCES.ZIP/APPS/FTPSRV/FTPCL.CPP
/SOURCE/MTCP/SOURCES.ZIP/APPS/FTPSRV/FTPCL.H
/SOURCE/MTCP/SOURCES.ZIP/APPS/FTPSRV/FTPSRV.CFG
/SOURCE/MTCP/SOURCES.ZIP/APPS/FTPSRV/FTPSRV.CPP
/SOURCE/MTCP/SOURCES.ZIP/APPS/FTPSRV/FTPSRV.H
/SOURCE/MTCP/SOURCES.ZIP/APPS/FTPSRV/FTPUSR.CPP
/SOURCE/MTCP/SOURCES.ZIP/APPS/FTPSRV/FTPUSR.H
/SOURCE/MTCP/SOURCES.ZIP/APPS/FTPSRV/MAKEFILE
/SOURCE/MTCP/SOURCES.ZIP/APPS/HTGET/
/SOURCE/MTCP/SOURCES.ZIP/APPS/HTGET/HTGET.CFG
/SOURCE/MTCP/SOURCES.ZIP/APPS/HTGET/HTGET.CPP
/SOURCE/MTCP/SOURCES.ZIP/APPS/HTGET/MAKEFILE
/SOURCE/MTCP/SOURCES.ZIP/APPS/IRCJR/
/SOURCE/MTCP/SOURCES.ZIP/APPS/IRCJR/IRC.CFG
/SOURCE/MTCP/SOURCES.ZIP/APPS/IRCJR/IRC.CPP
/SOURCE/MTCP/SOURCES.ZIP/APPS/IRCJR/IRCJR.H
/SOURCE/MTCP/SOURCES.ZIP/APPS/IRCJR/MAKEFILE
/SOURCE/MTCP/SOURCES.ZIP/APPS/IRCJR/SCREEN.CPP
/SOURCE/MTCP/SOURCES.ZIP/APPS/IRCJR/SCREEN.H
/SOURCE/MTCP/SOURCES.ZIP/APPS/IRCJR/SESSION.CPP
/SOURCE/MTCP/SOURCES.ZIP/APPS/IRCJR/SESSION.H
/SOURCE/MTCP/SOURCES.ZIP/APPS/NC/
/SOURCE/MTCP/SOURCES.ZIP/APPS/NC/MAKEFILE
/SOURCE/MTCP/SOURCES.ZIP/APPS/NC/NC.CFG
/SOURCE/MTCP/SOURCES.ZIP/APPS/NC/NC.CPP
/SOURCE/MTCP/SOURCES.ZIP/APPS/PING/
/SOURCE/MTCP/SOURCES.ZIP/APPS/PING/MAKEFILE
/SOURCE/MTCP/SOURCES.ZIP/APPS/PING/PING.CFG
/SOURCE/MTCP/SOURCES.ZIP/APPS/PING/PING.CPP
/SOURCE/MTCP/SOURCES.ZIP/APPS/PKTTOOL/
/SOURCE/MTCP/SOURCES.ZIP/APPS/PKTTOOL/MAKEFILE
/SOURCE/MTCP/SOURCES.ZIP/APPS/PKTTOOL/PKTTOOL.CFG
/SOURCE/MTCP/SOURCES.ZIP/APPS/PKTTOOL/PKTTOOL.CPP
/SOURCE/MTCP/SOURCES.ZIP/APPS/SAMPLE/
/SOURCE/MTCP/SOURCES.ZIP/APPS/SAMPLE/MAKEFILE
/SOURCE/MTCP/SOURCES.ZIP/APPS/SAMPLE/SAMPLE.CFG
/SOURCE/MTCP/SOURCES.ZIP/APPS/SAMPLE/SAMPLE.CPP
/SOURCE/MTCP/SOURCES.ZIP/APPS/SNTP/
/SOURCE/MTCP/SOURCES.ZIP/APPS/SNTP/MAKEFILE
/SOURCE/MTCP/SOURCES.ZIP/APPS/SNTP/SNTP.CFG
/SOURCE/MTCP/SOURCES.ZIP/APPS/SNTP/SNTP.CPP
/SOURCE/MTCP/SOURCES.ZIP/APPS/SPDTEST/
/SOURCE/MTCP/SOURCES.ZIP/APPS/SPDTEST/MAKEFILE
/SOURCE/MTCP/SOURCES.ZIP/APPS/SPDTEST/SPDTEST.CFG
/SOURCE/MTCP/SOURCES.ZIP/APPS/SPDTEST/SPDTEST.CPP
/SOURCE/MTCP/SOURCES.ZIP/APPS/TELNET/
/SOURCE/MTCP/SOURCES.ZIP/APPS/TELNET/GLOBALS.H
/SOURCE/MTCP/SOURCES.ZIP/APPS/TELNET/KEYS.CPP
/SOURCE/MTCP/SOURCES.ZIP/APPS/TELNET/KEYS.H
/SOURCE/MTCP/SOURCES.ZIP/APPS/TELNET/MAKEFILE
/SOURCE/MTCP/SOURCES.ZIP/APPS/TELNET/TELNET.CFG
/SOURCE/MTCP/SOURCES.ZIP/APPS/TELNET/TELNET.CPP
/SOURCE/MTCP/SOURCES.ZIP/APPS/TELNET/TELNETSC.CPP
/SOURCE/MTCP/SOURCES.ZIP/APPS/TELNET/TELNETSC.H
/SOURCE/MTCP/SOURCES.ZIP/APPS/TELNET/YMODEM.CPP
/SOURCE/MTCP/SOURCES.ZIP/APPS/TELNET/YMODEM.H
/SOURCE/MTCP/SOURCES.ZIP/COPYING.TXT
/SOURCE/MTCP/SOURCES.ZIP/developers.pdf
/SOURCE/MTCP/SOURCES.ZIP/INCLUDE/
/SOURCE/MTCP/SOURCES.ZIP/INCLUDE/IRC.H
/SOURCE/MTCP/SOURCES.ZIP/INCLUDE/TELNET.H
/SOURCE/MTCP/SOURCES.ZIP/mtcp.txt
/SOURCE/MTCP/SOURCES.ZIP/TCPINC/
/SOURCE/MTCP/SOURCES.ZIP/TCPINC/ARP.H
/SOURCE/MTCP/SOURCES.ZIP/TCPINC/DNS.H
/SOURCE/MTCP/SOURCES.ZIP/TCPINC/ETH.H
/SOURCE/MTCP/SOURCES.ZIP/TCPINC/ETHTYPE.H
/SOURCE/MTCP/SOURCES.ZIP/TCPINC/GLOBAL.CFG
/SOURCE/MTCP/SOURCES.ZIP/TCPINC/INLINES.H
/SOURCE/MTCP/SOURCES.ZIP/TCPINC/IP.H
/SOURCE/MTCP/SOURCES.ZIP/TCPINC/IPTYPE.H
/SOURCE/MTCP/SOURCES.ZIP/TCPINC/IPV6.H
/SOURCE/MTCP/SOURCES.ZIP/TCPINC/PACKET.H
/SOURCE/MTCP/SOURCES.ZIP/TCPINC/RINGBUF.H
/SOURCE/MTCP/SOURCES.ZIP/TCPINC/TCP.H
/SOURCE/MTCP/SOURCES.ZIP/TCPINC/TCPSOCKM.H
/SOURCE/MTCP/SOURCES.ZIP/TCPINC/TIMER.H
/SOURCE/MTCP/SOURCES.ZIP/TCPINC/TRACE.H
/SOURCE/MTCP/SOURCES.ZIP/TCPINC/TYPES.H
/SOURCE/MTCP/SOURCES.ZIP/TCPINC/UDP.H
/SOURCE/MTCP/SOURCES.ZIP/TCPINC/UTILS.H
/SOURCE/MTCP/SOURCES.ZIP/TCPLIB/
/SOURCE/MTCP/SOURCES.ZIP/TCPLIB/ARP.CPP
/SOURCE/MTCP/SOURCES.ZIP/TCPLIB/DNS.CPP
/SOURCE/MTCP/SOURCES.ZIP/TCPLIB/ETH.CPP
/SOURCE/MTCP/SOURCES.ZIP/TCPLIB/ETHTYPE.CPP
/SOURCE/MTCP/SOURCES.ZIP/TCPLIB/IP.CPP
/SOURCE/MTCP/SOURCES.ZIP/TCPLIB/IPASM.ASM
/SOURCE/MTCP/SOURCES.ZIP/TCPLIB/IPTYPE.CPP
/SOURCE/MTCP/SOURCES.ZIP/TCPLIB/PACKET.CPP
/SOURCE/MTCP/SOURCES.ZIP/TCPLIB/TCP.CPP
/SOURCE/MTCP/SOURCES.ZIP/TCPLIB/TCPSOCKM.CPP
/SOURCE/MTCP/SOURCES.ZIP/TCPLIB/TIMER.CPP
/SOURCE/MTCP/SOURCES.ZIP/TCPLIB/TRACE.CPP
/SOURCE/MTCP/SOURCES.ZIP/TCPLIB/UDP.CPP
/SOURCE/MTCP/SOURCES.ZIP/TCPLIB/UTILS.CPP
/SOURCE/MTCP/SOURCES.ZIP/UTILS/
/SOURCE/MTCP/SOURCES.ZIP/UTILS/MAKEFILE
/SOURCE/MTCP/SOURCES.ZIP/UTILS/PATCH.CPP
