/
/APPINFO/
/APPINFO/NETHACK.DE
/APPINFO/NETHACK.FR
/APPINFO/NETHACK.LSM
/APPINFO/NETHACK.SV
/APPINFO/NETHACK.TR
/GAMES/
/GAMES/NETHACK/
/GAMES/NETHACK/CWSDPMI.EXE
/GAMES/NETHACK/DEFAULTS.NH
/GAMES/NETHACK/GUIDEBOO.TXT
/GAMES/NETHACK/LICENSE
/GAMES/NETHACK/NETHACK.EXE
/GAMES/NETHACK/NETHACK.TXT
/GAMES/NETHACK/NETHACK1.TIB
/GAMES/NETHACK/NETHACKO.TIB
/GAMES/NETHACK/NHACCESS.NH
/GAMES/NETHACK/NHDAT
/GAMES/NETHACK/README
/SOURCE/
/SOURCE/NETHACK/
/SOURCE/NETHACK/SOURCES.ZIP/
/SOURCE/NETHACK/SOURCES.ZIP/DAT/
/SOURCE/NETHACK/SOURCES.ZIP/DAT/ARCH.DES
/SOURCE/NETHACK/SOURCES.ZIP/DAT/BARB.DES
/SOURCE/NETHACK/SOURCES.ZIP/DAT/BIGROOM.DES
/SOURCE/NETHACK/SOURCES.ZIP/DAT/CASTLE.DES
/SOURCE/NETHACK/SOURCES.ZIP/DAT/CAVEMAN.DES
/SOURCE/NETHACK/SOURCES.ZIP/DAT/CMDHELP
/SOURCE/NETHACK/SOURCES.ZIP/DAT/DATA.BAS
/SOURCE/NETHACK/SOURCES.ZIP/DAT/DUNGEON.DEF
/SOURCE/NETHACK/SOURCES.ZIP/DAT/ENDGAME.DES
/SOURCE/NETHACK/SOURCES.ZIP/DAT/GEHENNOM.DES
/SOURCE/NETHACK/SOURCES.ZIP/DAT/HEALER.DES
/SOURCE/NETHACK/SOURCES.ZIP/DAT/HELP
/SOURCE/NETHACK/SOURCES.ZIP/DAT/HH
/SOURCE/NETHACK/SOURCES.ZIP/DAT/HISTORY
/SOURCE/NETHACK/SOURCES.ZIP/DAT/KNIGHT.DES
/SOURCE/NETHACK/SOURCES.ZIP/DAT/KNOX.DES
/SOURCE/NETHACK/SOURCES.ZIP/DAT/LICENSE
/SOURCE/NETHACK/SOURCES.ZIP/DAT/MEDUSA.DES
/SOURCE/NETHACK/SOURCES.ZIP/DAT/MINES.DES
/SOURCE/NETHACK/SOURCES.ZIP/DAT/MONK.DES
/SOURCE/NETHACK/SOURCES.ZIP/DAT/OPTHELP
/SOURCE/NETHACK/SOURCES.ZIP/DAT/ORACLE.DES
/SOURCE/NETHACK/SOURCES.ZIP/DAT/ORACLES.TXT
/SOURCE/NETHACK/SOURCES.ZIP/DAT/PRIEST.DES
/SOURCE/NETHACK/SOURCES.ZIP/DAT/QUEST.TXT
/SOURCE/NETHACK/SOURCES.ZIP/DAT/RANGER.DES
/SOURCE/NETHACK/SOURCES.ZIP/DAT/ROGUE.DES
/SOURCE/NETHACK/SOURCES.ZIP/DAT/RUMORS.FAL
/SOURCE/NETHACK/SOURCES.ZIP/DAT/RUMORS.TRU
/SOURCE/NETHACK/SOURCES.ZIP/DAT/SAMURAI.DES
/SOURCE/NETHACK/SOURCES.ZIP/DAT/SOKOBAN.DES
/SOURCE/NETHACK/SOURCES.ZIP/DAT/TOURIST.DES
/SOURCE/NETHACK/SOURCES.ZIP/DAT/TOWER.DES
/SOURCE/NETHACK/SOURCES.ZIP/DAT/VALKYRIE.DES
/SOURCE/NETHACK/SOURCES.ZIP/DAT/WIZARD.DES
/SOURCE/NETHACK/SOURCES.ZIP/DAT/WIZHELP
/SOURCE/NETHACK/SOURCES.ZIP/DAT/YENDOR.DES
/SOURCE/NETHACK/SOURCES.ZIP/DOC/
/SOURCE/NETHACK/SOURCES.ZIP/DOC/DGN_COMP.6
/SOURCE/NETHACK/SOURCES.ZIP/DOC/DGN_COMP.TXT
/SOURCE/NETHACK/SOURCES.ZIP/DOC/DLB.6
/SOURCE/NETHACK/SOURCES.ZIP/DOC/DLB.TXT
/SOURCE/NETHACK/SOURCES.ZIP/DOC/FIXES22.0
/SOURCE/NETHACK/SOURCES.ZIP/DOC/FIXES30.0
/SOURCE/NETHACK/SOURCES.ZIP/DOC/FIXES31.1
/SOURCE/NETHACK/SOURCES.ZIP/DOC/FIXES31.2
/SOURCE/NETHACK/SOURCES.ZIP/DOC/FIXES31.3
/SOURCE/NETHACK/SOURCES.ZIP/DOC/FIXES32.0
/SOURCE/NETHACK/SOURCES.ZIP/DOC/FIXES32.1
/SOURCE/NETHACK/SOURCES.ZIP/DOC/FIXES32.2
/SOURCE/NETHACK/SOURCES.ZIP/DOC/FIXES32.3
/SOURCE/NETHACK/SOURCES.ZIP/DOC/FIXES33.0
/SOURCE/NETHACK/SOURCES.ZIP/DOC/FIXES33.1
/SOURCE/NETHACK/SOURCES.ZIP/DOC/FIXES34.0
/SOURCE/NETHACK/SOURCES.ZIP/DOC/FIXES34.1
/SOURCE/NETHACK/SOURCES.ZIP/DOC/FIXES34.2
/SOURCE/NETHACK/SOURCES.ZIP/DOC/FIXES34.3
/SOURCE/NETHACK/SOURCES.ZIP/DOC/GUIDEBOO.MN
/SOURCE/NETHACK/SOURCES.ZIP/DOC/GUIDEBOO.TEX
/SOURCE/NETHACK/SOURCES.ZIP/DOC/GUIDEBOO.TXT
/SOURCE/NETHACK/SOURCES.ZIP/DOC/LEV_COMP.6
/SOURCE/NETHACK/SOURCES.ZIP/DOC/LEV_COMP.TXT
/SOURCE/NETHACK/SOURCES.ZIP/DOC/NETHACK.6
/SOURCE/NETHACK/SOURCES.ZIP/DOC/NETHACK.TXT
/SOURCE/NETHACK/SOURCES.ZIP/DOC/RECOVER.6
/SOURCE/NETHACK/SOURCES.ZIP/DOC/RECOVER.TXT
/SOURCE/NETHACK/SOURCES.ZIP/DOC/TMAC.N
/SOURCE/NETHACK/SOURCES.ZIP/DOC/WINDOW.DOC
/SOURCE/NETHACK/SOURCES.ZIP/FILES
/SOURCE/NETHACK/SOURCES.ZIP/INCLUDE/
/SOURCE/NETHACK/SOURCES.ZIP/INCLUDE/ALIGN.H
/SOURCE/NETHACK/SOURCES.ZIP/INCLUDE/AMICONF.H
/SOURCE/NETHACK/SOURCES.ZIP/INCLUDE/ARTIFACT.H
/SOURCE/NETHACK/SOURCES.ZIP/INCLUDE/ARTILIST.H
/SOURCE/NETHACK/SOURCES.ZIP/INCLUDE/ATTRIB.H
/SOURCE/NETHACK/SOURCES.ZIP/INCLUDE/BECONF.H
/SOURCE/NETHACK/SOURCES.ZIP/INCLUDE/BITMFILE.H
/SOURCE/NETHACK/SOURCES.ZIP/INCLUDE/COLOR.H
/SOURCE/NETHACK/SOURCES.ZIP/INCLUDE/CONFIG.H
/SOURCE/NETHACK/SOURCES.ZIP/INCLUDE/CONFIG1.H
/SOURCE/NETHACK/SOURCES.ZIP/INCLUDE/COORD.H
/SOURCE/NETHACK/SOURCES.ZIP/INCLUDE/DECL.H
/SOURCE/NETHACK/SOURCES.ZIP/INCLUDE/DEF_OS2.H
/SOURCE/NETHACK/SOURCES.ZIP/INCLUDE/DGN_FILE.H
/SOURCE/NETHACK/SOURCES.ZIP/INCLUDE/DISPLAY.H
/SOURCE/NETHACK/SOURCES.ZIP/INCLUDE/DLB.H
/SOURCE/NETHACK/SOURCES.ZIP/INCLUDE/DUNGEON.H
/SOURCE/NETHACK/SOURCES.ZIP/INCLUDE/EDOG.H
/SOURCE/NETHACK/SOURCES.ZIP/INCLUDE/EMIN.H
/SOURCE/NETHACK/SOURCES.ZIP/INCLUDE/ENGRAVE.H
/SOURCE/NETHACK/SOURCES.ZIP/INCLUDE/EPRI.H
/SOURCE/NETHACK/SOURCES.ZIP/INCLUDE/ESHK.H
/SOURCE/NETHACK/SOURCES.ZIP/INCLUDE/EXTERN.H
/SOURCE/NETHACK/SOURCES.ZIP/INCLUDE/FLAG.H
/SOURCE/NETHACK/SOURCES.ZIP/INCLUDE/FUNC_TAB.H
/SOURCE/NETHACK/SOURCES.ZIP/INCLUDE/GEM_RSC.H
/SOURCE/NETHACK/SOURCES.ZIP/INCLUDE/GLOBAL.H
/SOURCE/NETHACK/SOURCES.ZIP/INCLUDE/HACK.H
/SOURCE/NETHACK/SOURCES.ZIP/INCLUDE/LEV.H
/SOURCE/NETHACK/SOURCES.ZIP/INCLUDE/LOAD_IMG.H
/SOURCE/NETHACK/SOURCES.ZIP/INCLUDE/MAC-CARB.H
/SOURCE/NETHACK/SOURCES.ZIP/INCLUDE/MAC-QT.H
/SOURCE/NETHACK/SOURCES.ZIP/INCLUDE/MAC-TERM.H
/SOURCE/NETHACK/SOURCES.ZIP/INCLUDE/MACCONF.H
/SOURCE/NETHACK/SOURCES.ZIP/INCLUDE/MACPOPUP.H
/SOURCE/NETHACK/SOURCES.ZIP/INCLUDE/MACTTY.H
/SOURCE/NETHACK/SOURCES.ZIP/INCLUDE/MACWIN.H
/SOURCE/NETHACK/SOURCES.ZIP/INCLUDE/MAIL.H
/SOURCE/NETHACK/SOURCES.ZIP/INCLUDE/MFNDPOS.H
/SOURCE/NETHACK/SOURCES.ZIP/INCLUDE/MICRO.H
/SOURCE/NETHACK/SOURCES.ZIP/INCLUDE/MKROOM.H
/SOURCE/NETHACK/SOURCES.ZIP/INCLUDE/MONATTK.H
/SOURCE/NETHACK/SOURCES.ZIP/INCLUDE/MONDATA.H
/SOURCE/NETHACK/SOURCES.ZIP/INCLUDE/MONFLAG.H
/SOURCE/NETHACK/SOURCES.ZIP/INCLUDE/MONST.H
/SOURCE/NETHACK/SOURCES.ZIP/INCLUDE/MONSYM.H
/SOURCE/NETHACK/SOURCES.ZIP/INCLUDE/MTTYPRIV.H
/SOURCE/NETHACK/SOURCES.ZIP/INCLUDE/NHLAN.H
/SOURCE/NETHACK/SOURCES.ZIP/INCLUDE/NTCONF.H
/SOURCE/NETHACK/SOURCES.ZIP/INCLUDE/OBJ.H
/SOURCE/NETHACK/SOURCES.ZIP/INCLUDE/OBJCLASS.H
/SOURCE/NETHACK/SOURCES.ZIP/INCLUDE/OS2CONF.H
/SOURCE/NETHACK/SOURCES.ZIP/INCLUDE/PATCHLEV.H
/SOURCE/NETHACK/SOURCES.ZIP/INCLUDE/PCCONF.H
/SOURCE/NETHACK/SOURCES.ZIP/INCLUDE/PERMONST.H
/SOURCE/NETHACK/SOURCES.ZIP/INCLUDE/PROP.H
/SOURCE/NETHACK/SOURCES.ZIP/INCLUDE/QTEXT.H
/SOURCE/NETHACK/SOURCES.ZIP/INCLUDE/QTTABLEV.H
/SOURCE/NETHACK/SOURCES.ZIP/INCLUDE/QT_CLUST.H
/SOURCE/NETHACK/SOURCES.ZIP/INCLUDE/QT_KDE0.H
/SOURCE/NETHACK/SOURCES.ZIP/INCLUDE/QT_WIN.H
/SOURCE/NETHACK/SOURCES.ZIP/INCLUDE/QT_XPMS.H
/SOURCE/NETHACK/SOURCES.ZIP/INCLUDE/QUEST.H
/SOURCE/NETHACK/SOURCES.ZIP/INCLUDE/RECT.H
/SOURCE/NETHACK/SOURCES.ZIP/INCLUDE/REGION.H
/SOURCE/NETHACK/SOURCES.ZIP/INCLUDE/RM.H
/SOURCE/NETHACK/SOURCES.ZIP/INCLUDE/SKILLS.H
/SOURCE/NETHACK/SOURCES.ZIP/INCLUDE/SPELL.H
/SOURCE/NETHACK/SOURCES.ZIP/INCLUDE/SP_LEV.H
/SOURCE/NETHACK/SOURCES.ZIP/INCLUDE/SYSTEM.H
/SOURCE/NETHACK/SOURCES.ZIP/INCLUDE/TCAP.H
/SOURCE/NETHACK/SOURCES.ZIP/INCLUDE/TILE2X11.H
/SOURCE/NETHACK/SOURCES.ZIP/INCLUDE/TIMEOUT.H
/SOURCE/NETHACK/SOURCES.ZIP/INCLUDE/TOSCONF.H
/SOURCE/NETHACK/SOURCES.ZIP/INCLUDE/TRADSTDC.H
/SOURCE/NETHACK/SOURCES.ZIP/INCLUDE/TRAMPOLI.H
/SOURCE/NETHACK/SOURCES.ZIP/INCLUDE/TRAP.H
/SOURCE/NETHACK/SOURCES.ZIP/INCLUDE/UNIXCONF.H
/SOURCE/NETHACK/SOURCES.ZIP/INCLUDE/VAULT.H
/SOURCE/NETHACK/SOURCES.ZIP/INCLUDE/VISION.H
/SOURCE/NETHACK/SOURCES.ZIP/INCLUDE/VMSCONF.H
/SOURCE/NETHACK/SOURCES.ZIP/INCLUDE/WCECONF.H
/SOURCE/NETHACK/SOURCES.ZIP/INCLUDE/WINAMI.H
/SOURCE/NETHACK/SOURCES.ZIP/INCLUDE/WINGEM.H
/SOURCE/NETHACK/SOURCES.ZIP/INCLUDE/WINGNOME.H
/SOURCE/NETHACK/SOURCES.ZIP/INCLUDE/WINPROCS.H
/SOURCE/NETHACK/SOURCES.ZIP/INCLUDE/WINTTY.H
/SOURCE/NETHACK/SOURCES.ZIP/INCLUDE/WINTYPE.H
/SOURCE/NETHACK/SOURCES.ZIP/INCLUDE/WINX.H
/SOURCE/NETHACK/SOURCES.ZIP/INCLUDE/XWINDOW.H
/SOURCE/NETHACK/SOURCES.ZIP/INCLUDE/XWINDOWP.H
/SOURCE/NETHACK/SOURCES.ZIP/INCLUDE/YOU.H
/SOURCE/NETHACK/SOURCES.ZIP/INCLUDE/YOUPROP.H
/SOURCE/NETHACK/SOURCES.ZIP/PORTING
/SOURCE/NETHACK/SOURCES.ZIP/README
/SOURCE/NETHACK/SOURCES.ZIP/SRC/
/SOURCE/NETHACK/SOURCES.ZIP/SRC/ALLMAIN.C
/SOURCE/NETHACK/SOURCES.ZIP/SRC/ALLOC.C
/SOURCE/NETHACK/SOURCES.ZIP/SRC/APPLY.C
/SOURCE/NETHACK/SOURCES.ZIP/SRC/ARTIFACT.C
/SOURCE/NETHACK/SOURCES.ZIP/SRC/ATTRIB.C
/SOURCE/NETHACK/SOURCES.ZIP/SRC/BALL.C
/SOURCE/NETHACK/SOURCES.ZIP/SRC/BONES.C
/SOURCE/NETHACK/SOURCES.ZIP/SRC/BOTL.C
/SOURCE/NETHACK/SOURCES.ZIP/SRC/CMD.C
/SOURCE/NETHACK/SOURCES.ZIP/SRC/DBRIDGE.C
/SOURCE/NETHACK/SOURCES.ZIP/SRC/DECL.C
/SOURCE/NETHACK/SOURCES.ZIP/SRC/DETECT.C
/SOURCE/NETHACK/SOURCES.ZIP/SRC/DIG.C
/SOURCE/NETHACK/SOURCES.ZIP/SRC/DISPLAY.C
/SOURCE/NETHACK/SOURCES.ZIP/SRC/DLB.C
/SOURCE/NETHACK/SOURCES.ZIP/SRC/DO.C
/SOURCE/NETHACK/SOURCES.ZIP/SRC/DOG.C
/SOURCE/NETHACK/SOURCES.ZIP/SRC/DOGMOVE.C
/SOURCE/NETHACK/SOURCES.ZIP/SRC/DOKICK.C
/SOURCE/NETHACK/SOURCES.ZIP/SRC/DOTHROW.C
/SOURCE/NETHACK/SOURCES.ZIP/SRC/DO_NAME.C
/SOURCE/NETHACK/SOURCES.ZIP/SRC/DO_WEAR.C
/SOURCE/NETHACK/SOURCES.ZIP/SRC/DRAWING.C
/SOURCE/NETHACK/SOURCES.ZIP/SRC/DUNGEON.C
/SOURCE/NETHACK/SOURCES.ZIP/SRC/EAT.C
/SOURCE/NETHACK/SOURCES.ZIP/SRC/END.C
/SOURCE/NETHACK/SOURCES.ZIP/SRC/ENGRAVE.C
/SOURCE/NETHACK/SOURCES.ZIP/SRC/EXPER.C
/SOURCE/NETHACK/SOURCES.ZIP/SRC/EXPLODE.C
/SOURCE/NETHACK/SOURCES.ZIP/SRC/EXTRALEV.C
/SOURCE/NETHACK/SOURCES.ZIP/SRC/FILES.C
/SOURCE/NETHACK/SOURCES.ZIP/SRC/FOUNTAIN.C
/SOURCE/NETHACK/SOURCES.ZIP/SRC/HACK.C
/SOURCE/NETHACK/SOURCES.ZIP/SRC/HACKLIB.C
/SOURCE/NETHACK/SOURCES.ZIP/SRC/INVENT.C
/SOURCE/NETHACK/SOURCES.ZIP/SRC/LIGHT.C
/SOURCE/NETHACK/SOURCES.ZIP/SRC/LOCK.C
/SOURCE/NETHACK/SOURCES.ZIP/SRC/MAIL.C
/SOURCE/NETHACK/SOURCES.ZIP/SRC/MAKEMON.C
/SOURCE/NETHACK/SOURCES.ZIP/SRC/MAPGLYPH.C
/SOURCE/NETHACK/SOURCES.ZIP/SRC/MCASTU.C
/SOURCE/NETHACK/SOURCES.ZIP/SRC/MHITM.C
/SOURCE/NETHACK/SOURCES.ZIP/SRC/MHITU.C
/SOURCE/NETHACK/SOURCES.ZIP/SRC/MINION.C
/SOURCE/NETHACK/SOURCES.ZIP/SRC/MKLEV.C
/SOURCE/NETHACK/SOURCES.ZIP/SRC/MKMAP.C
/SOURCE/NETHACK/SOURCES.ZIP/SRC/MKMAZE.C
/SOURCE/NETHACK/SOURCES.ZIP/SRC/MKOBJ.C
/SOURCE/NETHACK/SOURCES.ZIP/SRC/MKROOM.C
/SOURCE/NETHACK/SOURCES.ZIP/SRC/MON.C
/SOURCE/NETHACK/SOURCES.ZIP/SRC/MONDATA.C
/SOURCE/NETHACK/SOURCES.ZIP/SRC/MONMOVE.C
/SOURCE/NETHACK/SOURCES.ZIP/SRC/MONST.C
/SOURCE/NETHACK/SOURCES.ZIP/SRC/MPLAYER.C
/SOURCE/NETHACK/SOURCES.ZIP/SRC/MTHROWU.C
/SOURCE/NETHACK/SOURCES.ZIP/SRC/MUSE.C
/SOURCE/NETHACK/SOURCES.ZIP/SRC/MUSIC.C
/SOURCE/NETHACK/SOURCES.ZIP/SRC/OBJECTS.C
/SOURCE/NETHACK/SOURCES.ZIP/SRC/OBJNAM.C
/SOURCE/NETHACK/SOURCES.ZIP/SRC/OPTIONS.C
/SOURCE/NETHACK/SOURCES.ZIP/SRC/O_INIT.C
/SOURCE/NETHACK/SOURCES.ZIP/SRC/PAGER.C
/SOURCE/NETHACK/SOURCES.ZIP/SRC/PICKUP.C
/SOURCE/NETHACK/SOURCES.ZIP/SRC/PLINE.C
/SOURCE/NETHACK/SOURCES.ZIP/SRC/POLYSELF.C
/SOURCE/NETHACK/SOURCES.ZIP/SRC/POTION.C
/SOURCE/NETHACK/SOURCES.ZIP/SRC/PRAY.C
/SOURCE/NETHACK/SOURCES.ZIP/SRC/PRIEST.C
/SOURCE/NETHACK/SOURCES.ZIP/SRC/QUEST.C
/SOURCE/NETHACK/SOURCES.ZIP/SRC/QUESTPGR.C
/SOURCE/NETHACK/SOURCES.ZIP/SRC/READ.C
/SOURCE/NETHACK/SOURCES.ZIP/SRC/RECT.C
/SOURCE/NETHACK/SOURCES.ZIP/SRC/REGION.C
/SOURCE/NETHACK/SOURCES.ZIP/SRC/RESTORE.C
/SOURCE/NETHACK/SOURCES.ZIP/SRC/RIP.C
/SOURCE/NETHACK/SOURCES.ZIP/SRC/RND.C
/SOURCE/NETHACK/SOURCES.ZIP/SRC/ROLE.C
/SOURCE/NETHACK/SOURCES.ZIP/SRC/RUMORS.C
/SOURCE/NETHACK/SOURCES.ZIP/SRC/SAVE.C
/SOURCE/NETHACK/SOURCES.ZIP/SRC/SHK.C
/SOURCE/NETHACK/SOURCES.ZIP/SRC/SHKNAM.C
/SOURCE/NETHACK/SOURCES.ZIP/SRC/SIT.C
/SOURCE/NETHACK/SOURCES.ZIP/SRC/SOUNDS.C
/SOURCE/NETHACK/SOURCES.ZIP/SRC/SPELL.C
/SOURCE/NETHACK/SOURCES.ZIP/SRC/SP_LEV.C
/SOURCE/NETHACK/SOURCES.ZIP/SRC/STEAL.C
/SOURCE/NETHACK/SOURCES.ZIP/SRC/STEED.C
/SOURCE/NETHACK/SOURCES.ZIP/SRC/TELEPORT.C
/SOURCE/NETHACK/SOURCES.ZIP/SRC/TIMEOUT.C
/SOURCE/NETHACK/SOURCES.ZIP/SRC/TOPTEN.C
/SOURCE/NETHACK/SOURCES.ZIP/SRC/TRACK.C
/SOURCE/NETHACK/SOURCES.ZIP/SRC/TRAP.C
/SOURCE/NETHACK/SOURCES.ZIP/SRC/UHITM.C
/SOURCE/NETHACK/SOURCES.ZIP/SRC/U_INIT.C
/SOURCE/NETHACK/SOURCES.ZIP/SRC/VAULT.C
/SOURCE/NETHACK/SOURCES.ZIP/SRC/VERSION.C
/SOURCE/NETHACK/SOURCES.ZIP/SRC/VISION.C
/SOURCE/NETHACK/SOURCES.ZIP/SRC/WEAPON.C
/SOURCE/NETHACK/SOURCES.ZIP/SRC/WERE.C
/SOURCE/NETHACK/SOURCES.ZIP/SRC/WIELD.C
/SOURCE/NETHACK/SOURCES.ZIP/SRC/WINDOWS.C
/SOURCE/NETHACK/SOURCES.ZIP/SRC/WIZARD.C
/SOURCE/NETHACK/SOURCES.ZIP/SRC/WORM.C
/SOURCE/NETHACK/SOURCES.ZIP/SRC/WORN.C
/SOURCE/NETHACK/SOURCES.ZIP/SRC/WRITE.C
/SOURCE/NETHACK/SOURCES.ZIP/SRC/ZAP.C
/SOURCE/NETHACK/SOURCES.ZIP/SYS/
/SOURCE/NETHACK/SOURCES.ZIP/SYS/AMIGA/
/SOURCE/NETHACK/SOURCES.ZIP/SYS/AMIGA/AMIDOS.C
/SOURCE/NETHACK/SOURCES.ZIP/SYS/AMIGA/AMIDOS.P
/SOURCE/NETHACK/SOURCES.ZIP/SYS/AMIGA/AMIFONT.UU
/SOURCE/NETHACK/SOURCES.ZIP/SYS/AMIGA/AMIFONT8.UU
/SOURCE/NETHACK/SOURCES.ZIP/SYS/AMIGA/AMIGST.C
/SOURCE/NETHACK/SOURCES.ZIP/SYS/AMIGA/AMII.HLP
/SOURCE/NETHACK/SOURCES.ZIP/SYS/AMIGA/AMIMENU.C
/SOURCE/NETHACK/SOURCES.ZIP/SYS/AMIGA/AMIRIP.C
/SOURCE/NETHACK/SOURCES.ZIP/SYS/AMIGA/AMISND.C
/SOURCE/NETHACK/SOURCES.ZIP/SYS/AMIGA/AMISTACK.C
/SOURCE/NETHACK/SOURCES.ZIP/SYS/AMIGA/AMITTY.C
/SOURCE/NETHACK/SOURCES.ZIP/SYS/AMIGA/AMIWIND.C
/SOURCE/NETHACK/SOURCES.ZIP/SYS/AMIGA/AMIWIND.P
/SOURCE/NETHACK/SOURCES.ZIP/SYS/AMIGA/BUILD.AMI
/SOURCE/NETHACK/SOURCES.ZIP/SYS/AMIGA/CLIPWIN.C
/SOURCE/NETHACK/SOURCES.ZIP/SYS/AMIGA/COLORWIN.C
/SOURCE/NETHACK/SOURCES.ZIP/SYS/AMIGA/CVTSND.C
/SOURCE/NETHACK/SOURCES.ZIP/SYS/AMIGA/GRAVE16.XPM
/SOURCE/NETHACK/SOURCES.ZIP/SYS/AMIGA/IFCHANGE
/SOURCE/NETHACK/SOURCES.ZIP/SYS/AMIGA/INSTALL.AMI
/SOURCE/NETHACK/SOURCES.ZIP/SYS/AMIGA/MAKEFILE.AGC
/SOURCE/NETHACK/SOURCES.ZIP/SYS/AMIGA/MAKEFILE.AMI
/SOURCE/NETHACK/SOURCES.ZIP/SYS/AMIGA/MKDMAKE
/SOURCE/NETHACK/SOURCES.ZIP/SYS/AMIGA/NETHACK.CNF
/SOURCE/NETHACK/SOURCES.ZIP/SYS/AMIGA/TXT2IFF.C
/SOURCE/NETHACK/SOURCES.ZIP/SYS/AMIGA/WINAMI.C
/SOURCE/NETHACK/SOURCES.ZIP/SYS/AMIGA/WINAMI.P
/SOURCE/NETHACK/SOURCES.ZIP/SYS/AMIGA/WINCHAR.C
/SOURCE/NETHACK/SOURCES.ZIP/SYS/AMIGA/WINDEFS.H
/SOURCE/NETHACK/SOURCES.ZIP/SYS/AMIGA/WINEXT.H
/SOURCE/NETHACK/SOURCES.ZIP/SYS/AMIGA/WINFUNCS.C
/SOURCE/NETHACK/SOURCES.ZIP/SYS/AMIGA/WINKEY.C
/SOURCE/NETHACK/SOURCES.ZIP/SYS/AMIGA/WINMENU.C
/SOURCE/NETHACK/SOURCES.ZIP/SYS/AMIGA/WINPROTO.H
/SOURCE/NETHACK/SOURCES.ZIP/SYS/AMIGA/WINREQ.C
/SOURCE/NETHACK/SOURCES.ZIP/SYS/AMIGA/WINSTR.C
/SOURCE/NETHACK/SOURCES.ZIP/SYS/AMIGA/XPM2IFF.C
/SOURCE/NETHACK/SOURCES.ZIP/SYS/ATARI/
/SOURCE/NETHACK/SOURCES.ZIP/SYS/ATARI/ATARIFNT.UUE
/SOURCE/NETHACK/SOURCES.ZIP/SYS/ATARI/INSTALL.TOS
/SOURCE/NETHACK/SOURCES.ZIP/SYS/ATARI/NETHACK.MNU
/SOURCE/NETHACK/SOURCES.ZIP/SYS/ATARI/SETUP.G
/SOURCE/NETHACK/SOURCES.ZIP/SYS/ATARI/TOS.C
/SOURCE/NETHACK/SOURCES.ZIP/SYS/ATARI/UNX2ATAR.SED
/SOURCE/NETHACK/SOURCES.ZIP/SYS/BE/
/SOURCE/NETHACK/SOURCES.ZIP/SYS/BE/BEMAIN.C
/SOURCE/NETHACK/SOURCES.ZIP/SYS/BE/README
/SOURCE/NETHACK/SOURCES.ZIP/SYS/MAC/
/SOURCE/NETHACK/SOURCES.ZIP/SYS/MAC/DPRINTF.C
/SOURCE/NETHACK/SOURCES.ZIP/SYS/MAC/FILES.R
/SOURCE/NETHACK/SOURCES.ZIP/SYS/MAC/INSTALL.MW
/SOURCE/NETHACK/SOURCES.ZIP/SYS/MAC/MACCURS.C
/SOURCE/NETHACK/SOURCES.ZIP/SYS/MAC/MACERRS.C
/SOURCE/NETHACK/SOURCES.ZIP/SYS/MAC/MACFILE.C
/SOURCE/NETHACK/SOURCES.ZIP/SYS/MAC/MACHELP
/SOURCE/NETHACK/SOURCES.ZIP/SYS/MAC/MACHELP.HQX
/SOURCE/NETHACK/SOURCES.ZIP/SYS/MAC/MACMAIN.C
/SOURCE/NETHACK/SOURCES.ZIP/SYS/MAC/MACMENU.C
/SOURCE/NETHACK/SOURCES.ZIP/SYS/MAC/MACSND.C
/SOURCE/NETHACK/SOURCES.ZIP/SYS/MAC/MACTOPL.C
/SOURCE/NETHACK/SOURCES.ZIP/SYS/MAC/MACTTY.C
/SOURCE/NETHACK/SOURCES.ZIP/SYS/MAC/MACUNIX.C
/SOURCE/NETHACK/SOURCES.ZIP/SYS/MAC/MACWIN.C
/SOURCE/NETHACK/SOURCES.ZIP/SYS/MAC/MGETLINE.C
/SOURCE/NETHACK/SOURCES.ZIP/SYS/MAC/MMODAL.C
/SOURCE/NETHACK/SOURCES.ZIP/SYS/MAC/MRECOVER.C
/SOURCE/NETHACK/SOURCES.ZIP/SYS/MAC/MRECOVER.HQX
/SOURCE/NETHACK/SOURCES.ZIP/SYS/MAC/MTTYMAIN.C
/SOURCE/NETHACK/SOURCES.ZIP/SYS/MAC/NEWS
/SOURCE/NETHACK/SOURCES.ZIP/SYS/MAC/NHDEFLTS
/SOURCE/NETHACK/SOURCES.ZIP/SYS/MAC/NHRSRC.HQX
/SOURCE/NETHACK/SOURCES.ZIP/SYS/MAC/NHSOUND.HQX
/SOURCE/NETHACK/SOURCES.ZIP/SYS/MAC/README
/SOURCE/NETHACK/SOURCES.ZIP/SYS/MSDOS/
/SOURCE/NETHACK/SOURCES.ZIP/SYS/MSDOS/INSTALL.DOS
/SOURCE/NETHACK/SOURCES.ZIP/SYS/MSDOS/MAKEFILE.BC
/SOURCE/NETHACK/SOURCES.ZIP/SYS/MSDOS/MAKEFILE.GCC
/SOURCE/NETHACK/SOURCES.ZIP/SYS/MSDOS/MAKEFILE.MSC
/SOURCE/NETHACK/SOURCES.ZIP/SYS/MSDOS/MOVEINIT.PAT
/SOURCE/NETHACK/SOURCES.ZIP/SYS/MSDOS/MSDOS.C
/SOURCE/NETHACK/SOURCES.ZIP/SYS/MSDOS/MSDOSHLP.TXT
/SOURCE/NETHACK/SOURCES.ZIP/SYS/MSDOS/NHACCESS.NH
/SOURCE/NETHACK/SOURCES.ZIP/SYS/MSDOS/NHICO.UU
/SOURCE/NETHACK/SOURCES.ZIP/SYS/MSDOS/NHPIF.UU
/SOURCE/NETHACK/SOURCES.ZIP/SYS/MSDOS/OVLINIT.C
/SOURCE/NETHACK/SOURCES.ZIP/SYS/MSDOS/PCKEYS.C
/SOURCE/NETHACK/SOURCES.ZIP/SYS/MSDOS/PCTILES.C
/SOURCE/NETHACK/SOURCES.ZIP/SYS/MSDOS/PCTILES.H
/SOURCE/NETHACK/SOURCES.ZIP/SYS/MSDOS/PCVIDEO.H
/SOURCE/NETHACK/SOURCES.ZIP/SYS/MSDOS/PORTIO.H
/SOURCE/NETHACK/SOURCES.ZIP/SYS/MSDOS/SCHEMA1.BC
/SOURCE/NETHACK/SOURCES.ZIP/SYS/MSDOS/SCHEMA2.BC
/SOURCE/NETHACK/SOURCES.ZIP/SYS/MSDOS/SCHEMA3.MSC
/SOURCE/NETHACK/SOURCES.ZIP/SYS/MSDOS/SETUP.BAT
/SOURCE/NETHACK/SOURCES.ZIP/SYS/MSDOS/SOUND.C
/SOURCE/NETHACK/SOURCES.ZIP/SYS/MSDOS/TILE2BIN.C
/SOURCE/NETHACK/SOURCES.ZIP/SYS/MSDOS/VIDEO.C
/SOURCE/NETHACK/SOURCES.ZIP/SYS/MSDOS/VIDTXT.C
/SOURCE/NETHACK/SOURCES.ZIP/SYS/MSDOS/VIDVGA.C
/SOURCE/NETHACK/SOURCES.ZIP/SYS/OS2/
/SOURCE/NETHACK/SOURCES.ZIP/SYS/OS2/INSTALL.OS2
/SOURCE/NETHACK/SOURCES.ZIP/SYS/OS2/MAKEFILE.OS2
/SOURCE/NETHACK/SOURCES.ZIP/SYS/OS2/NHPMICO.UU
/SOURCE/NETHACK/SOURCES.ZIP/SYS/OS2/OS2.C
/SOURCE/NETHACK/SOURCES.ZIP/SYS/SHARE/
/SOURCE/NETHACK/SOURCES.ZIP/SYS/SHARE/DGN_COMP.H
/SOURCE/NETHACK/SOURCES.ZIP/SYS/SHARE/DGN_LEX.C
/SOURCE/NETHACK/SOURCES.ZIP/SYS/SHARE/DGN_YACC.C
/SOURCE/NETHACK/SOURCES.ZIP/SYS/SHARE/IOCTL.C
/SOURCE/NETHACK/SOURCES.ZIP/SYS/SHARE/LEV_COMP.H
/SOURCE/NETHACK/SOURCES.ZIP/SYS/SHARE/LEV_LEX.C
/SOURCE/NETHACK/SOURCES.ZIP/SYS/SHARE/LEV_YACC.C
/SOURCE/NETHACK/SOURCES.ZIP/SYS/SHARE/MAKEFILE.LIB
/SOURCE/NETHACK/SOURCES.ZIP/SYS/SHARE/NETHACK.CNF
/SOURCE/NETHACK/SOURCES.ZIP/SYS/SHARE/NHLAN.C
/SOURCE/NETHACK/SOURCES.ZIP/SYS/SHARE/PCMAIN.C
/SOURCE/NETHACK/SOURCES.ZIP/SYS/SHARE/PCSYS.C
/SOURCE/NETHACK/SOURCES.ZIP/SYS/SHARE/PCTTY.C
/SOURCE/NETHACK/SOURCES.ZIP/SYS/SHARE/PCUNIX.C
/SOURCE/NETHACK/SOURCES.ZIP/SYS/SHARE/RANDOM.C
/SOURCE/NETHACK/SOURCES.ZIP/SYS/SHARE/SOUNDS/
/SOURCE/NETHACK/SOURCES.ZIP/SYS/SHARE/SOUNDS/BELL.UU
/SOURCE/NETHACK/SOURCES.ZIP/SYS/SHARE/SOUNDS/BUGLE.UU
/SOURCE/NETHACK/SOURCES.ZIP/SYS/SHARE/SOUNDS/ERTHDRUM.UU
/SOURCE/NETHACK/SOURCES.ZIP/SYS/SHARE/SOUNDS/FIREHORN.UU
/SOURCE/NETHACK/SOURCES.ZIP/SYS/SHARE/SOUNDS/FRSTHORN.UU
/SOURCE/NETHACK/SOURCES.ZIP/SYS/SHARE/SOUNDS/LETHDRUM.UU
/SOURCE/NETHACK/SOURCES.ZIP/SYS/SHARE/SOUNDS/MGCFLUTE.UU
/SOURCE/NETHACK/SOURCES.ZIP/SYS/SHARE/SOUNDS/MGCHARP.UU
/SOURCE/NETHACK/SOURCES.ZIP/SYS/SHARE/SOUNDS/README
/SOURCE/NETHACK/SOURCES.ZIP/SYS/SHARE/SOUNDS/TOOLHORN.UU
/SOURCE/NETHACK/SOURCES.ZIP/SYS/SHARE/SOUNDS/WDNFLUTE.UU
/SOURCE/NETHACK/SOURCES.ZIP/SYS/SHARE/SOUNDS/WDNHARP.UU
/SOURCE/NETHACK/SOURCES.ZIP/SYS/SHARE/TCLIB.C
/SOURCE/NETHACK/SOURCES.ZIP/SYS/SHARE/TERMCAP
/SOURCE/NETHACK/SOURCES.ZIP/SYS/SHARE/TERMCAP.UU
/SOURCE/NETHACK/SOURCES.ZIP/SYS/SHARE/UNIXTTY.C
/SOURCE/NETHACK/SOURCES.ZIP/SYS/SHARE/UUDECODE.C
/SOURCE/NETHACK/SOURCES.ZIP/SYS/UNIX/
/SOURCE/NETHACK/SOURCES.ZIP/SYS/UNIX/CPP1.SHR
/SOURCE/NETHACK/SOURCES.ZIP/SYS/UNIX/CPP2.SHR
/SOURCE/NETHACK/SOURCES.ZIP/SYS/UNIX/CPP3.SHR
/SOURCE/NETHACK/SOURCES.ZIP/SYS/UNIX/DEPEND.AWK
/SOURCE/NETHACK/SOURCES.ZIP/SYS/UNIX/INSTALL.UNX
/SOURCE/NETHACK/SOURCES.ZIP/SYS/UNIX/MAKEFILE.DAT
/SOURCE/NETHACK/SOURCES.ZIP/SYS/UNIX/MAKEFILE.DOC
/SOURCE/NETHACK/SOURCES.ZIP/SYS/UNIX/MAKEFILE.SRC
/SOURCE/NETHACK/SOURCES.ZIP/SYS/UNIX/MAKEFILE.TOP
/SOURCE/NETHACK/SOURCES.ZIP/SYS/UNIX/MAKEFILE.UTL
/SOURCE/NETHACK/SOURCES.ZIP/SYS/UNIX/NETHACK.SH
/SOURCE/NETHACK/SOURCES.ZIP/SYS/UNIX/README.LIN
/SOURCE/NETHACK/SOURCES.ZIP/SYS/UNIX/SETUP.SH
/SOURCE/NETHACK/SOURCES.ZIP/SYS/UNIX/SND86UNX.SHR
/SOURCE/NETHACK/SOURCES.ZIP/SYS/UNIX/UNIXMAIN.C
/SOURCE/NETHACK/SOURCES.ZIP/SYS/UNIX/UNIXRES.C
/SOURCE/NETHACK/SOURCES.ZIP/SYS/UNIX/UNIXUNIX.C
/SOURCE/NETHACK/SOURCES.ZIP/SYS/VMS/
/SOURCE/NETHACK/SOURCES.ZIP/SYS/VMS/INSTALL.COM
/SOURCE/NETHACK/SOURCES.ZIP/SYS/VMS/INSTALL.VMS
/SOURCE/NETHACK/SOURCES.ZIP/SYS/VMS/LEV_LEX.H
/SOURCE/NETHACK/SOURCES.ZIP/SYS/VMS/MAKEFILE.DAT
/SOURCE/NETHACK/SOURCES.ZIP/SYS/VMS/MAKEFILE.DOC
/SOURCE/NETHACK/SOURCES.ZIP/SYS/VMS/MAKEFILE.SRC
/SOURCE/NETHACK/SOURCES.ZIP/SYS/VMS/MAKEFILE.TOP
/SOURCE/NETHACK/SOURCES.ZIP/SYS/VMS/MAKEFILE.UTL
/SOURCE/NETHACK/SOURCES.ZIP/SYS/VMS/NETHACK.COM
/SOURCE/NETHACK/SOURCES.ZIP/SYS/VMS/OLDCRTL.C
/SOURCE/NETHACK/SOURCES.ZIP/SYS/VMS/SPEC_LEV.COM
/SOURCE/NETHACK/SOURCES.ZIP/SYS/VMS/VMSBUILD.COM
/SOURCE/NETHACK/SOURCES.ZIP/SYS/VMS/VMSFILES.C
/SOURCE/NETHACK/SOURCES.ZIP/SYS/VMS/VMSMAIL.C
/SOURCE/NETHACK/SOURCES.ZIP/SYS/VMS/VMSMAIN.C
/SOURCE/NETHACK/SOURCES.ZIP/SYS/VMS/VMSMISC.C
/SOURCE/NETHACK/SOURCES.ZIP/SYS/VMS/VMSTTY.C
/SOURCE/NETHACK/SOURCES.ZIP/SYS/VMS/VMSUNIX.C
/SOURCE/NETHACK/SOURCES.ZIP/SYS/WINCE/
/SOURCE/NETHACK/SOURCES.ZIP/SYS/WINCE/BOOTSTRP.MAK
/SOURCE/NETHACK/SOURCES.ZIP/SYS/WINCE/CEINC/
/SOURCE/NETHACK/SOURCES.ZIP/SYS/WINCE/CEINC/ASSERT.H
/SOURCE/NETHACK/SOURCES.ZIP/SYS/WINCE/CEINC/ERRNO.H
/SOURCE/NETHACK/SOURCES.ZIP/SYS/WINCE/CEINC/FCNTL.H
/SOURCE/NETHACK/SOURCES.ZIP/SYS/WINCE/CEINC/SYS/
/SOURCE/NETHACK/SOURCES.ZIP/SYS/WINCE/CEINC/SYS/STAT.H
/SOURCE/NETHACK/SOURCES.ZIP/SYS/WINCE/CELIB.C
/SOURCE/NETHACK/SOURCES.ZIP/SYS/WINCE/CESETUP.BAT
/SOURCE/NETHACK/SOURCES.ZIP/SYS/WINCE/CESOUND.C
/SOURCE/NETHACK/SOURCES.ZIP/SYS/WINCE/DEFAULTS.NH
/SOURCE/NETHACK/SOURCES.ZIP/SYS/WINCE/INSTALL.CE
/SOURCE/NETHACK/SOURCES.ZIP/SYS/WINCE/KEYPAD.UU
/SOURCE/NETHACK/SOURCES.ZIP/SYS/WINCE/MENUBAR.UU
/SOURCE/NETHACK/SOURCES.ZIP/SYS/WINCE/MHASKYN.C
/SOURCE/NETHACK/SOURCES.ZIP/SYS/WINCE/MHASKYN.H
/SOURCE/NETHACK/SOURCES.ZIP/SYS/WINCE/MHCMD.C
/SOURCE/NETHACK/SOURCES.ZIP/SYS/WINCE/MHCMD.H
/SOURCE/NETHACK/SOURCES.ZIP/SYS/WINCE/MHCOLOR.C
/SOURCE/NETHACK/SOURCES.ZIP/SYS/WINCE/MHCOLOR.H
/SOURCE/NETHACK/SOURCES.ZIP/SYS/WINCE/MHDLG.C
/SOURCE/NETHACK/SOURCES.ZIP/SYS/WINCE/MHDLG.H
/SOURCE/NETHACK/SOURCES.ZIP/SYS/WINCE/MHFONT.C
/SOURCE/NETHACK/SOURCES.ZIP/SYS/WINCE/MHFONT.H
/SOURCE/NETHACK/SOURCES.ZIP/SYS/WINCE/MHINPUT.C
/SOURCE/NETHACK/SOURCES.ZIP/SYS/WINCE/MHINPUT.H
/SOURCE/NETHACK/SOURCES.ZIP/SYS/WINCE/MHMAIN.C
/SOURCE/NETHACK/SOURCES.ZIP/SYS/WINCE/MHMAIN.H
/SOURCE/NETHACK/SOURCES.ZIP/SYS/WINCE/MHMAP.C
/SOURCE/NETHACK/SOURCES.ZIP/SYS/WINCE/MHMAP.H
/SOURCE/NETHACK/SOURCES.ZIP/SYS/WINCE/MHMENU.C
/SOURCE/NETHACK/SOURCES.ZIP/SYS/WINCE/MHMENU.H
/SOURCE/NETHACK/SOURCES.ZIP/SYS/WINCE/MHMSG.H
/SOURCE/NETHACK/SOURCES.ZIP/SYS/WINCE/MHMSGWND.C
/SOURCE/NETHACK/SOURCES.ZIP/SYS/WINCE/MHMSGWND.H
/SOURCE/NETHACK/SOURCES.ZIP/SYS/WINCE/MHRIP.C
/SOURCE/NETHACK/SOURCES.ZIP/SYS/WINCE/MHRIP.H
/SOURCE/NETHACK/SOURCES.ZIP/SYS/WINCE/MHSTATUS.C
/SOURCE/NETHACK/SOURCES.ZIP/SYS/WINCE/MHSTATUS.H
/SOURCE/NETHACK/SOURCES.ZIP/SYS/WINCE/MHTEXT.C
/SOURCE/NETHACK/SOURCES.ZIP/SYS/WINCE/MHTEXT.H
/SOURCE/NETHACK/SOURCES.ZIP/SYS/WINCE/MHTXTBUF.C
/SOURCE/NETHACK/SOURCES.ZIP/SYS/WINCE/MHTXTBUF.H
/SOURCE/NETHACK/SOURCES.ZIP/SYS/WINCE/MSWPROC.C
/SOURCE/NETHACK/SOURCES.ZIP/SYS/WINCE/NEWRES.H
/SOURCE/NETHACK/SOURCES.ZIP/SYS/WINCE/RESOURCE.H
/SOURCE/NETHACK/SOURCES.ZIP/SYS/WINCE/WINHACK.C
/SOURCE/NETHACK/SOURCES.ZIP/SYS/WINCE/WINHACK.RC
/SOURCE/NETHACK/SOURCES.ZIP/SYS/WINCE/WINHCKSP.RC
/SOURCE/NETHACK/SOURCES.ZIP/SYS/WINCE/WINMAIN.C
/SOURCE/NETHACK/SOURCES.ZIP/SYS/WINCE/WINMS.H
/SOURCE/NETHACK/SOURCES.ZIP/SYS/WINNT/
/SOURCE/NETHACK/SOURCES.ZIP/SYS/WINNT/CONSOLE.RC
/SOURCE/NETHACK/SOURCES.ZIP/SYS/WINNT/DEFAULTS.NH
/SOURCE/NETHACK/SOURCES.ZIP/SYS/WINNT/INSTALL.NT
/SOURCE/NETHACK/SOURCES.ZIP/SYS/WINNT/MAKEFILE.BCC
/SOURCE/NETHACK/SOURCES.ZIP/SYS/WINNT/MAKEFILE.GCC
/SOURCE/NETHACK/SOURCES.ZIP/SYS/WINNT/MAKEFILE.MSC
/SOURCE/NETHACK/SOURCES.ZIP/SYS/WINNT/MAPIMAIL.C
/SOURCE/NETHACK/SOURCES.ZIP/SYS/WINNT/NETHACK.DEF
/SOURCE/NETHACK/SOURCES.ZIP/SYS/WINNT/NH340KEY.C
/SOURCE/NETHACK/SOURCES.ZIP/SYS/WINNT/NHDEFKEY.C
/SOURCE/NETHACK/SOURCES.ZIP/SYS/WINNT/NHICO.UU
/SOURCE/NETHACK/SOURCES.ZIP/SYS/WINNT/NHRAYKEY.C
/SOURCE/NETHACK/SOURCES.ZIP/SYS/WINNT/NHSETUP.BAT
/SOURCE/NETHACK/SOURCES.ZIP/SYS/WINNT/NTSOUND.C
/SOURCE/NETHACK/SOURCES.ZIP/SYS/WINNT/NTTTY.C
/SOURCE/NETHACK/SOURCES.ZIP/SYS/WINNT/PORTHELP
/SOURCE/NETHACK/SOURCES.ZIP/SYS/WINNT/WIN32API.H
/SOURCE/NETHACK/SOURCES.ZIP/SYS/WINNT/WINNT.C
/SOURCE/NETHACK/SOURCES.ZIP/UTIL/
/SOURCE/NETHACK/SOURCES.ZIP/UTIL/DGN_COMP.L
/SOURCE/NETHACK/SOURCES.ZIP/UTIL/DGN_COMP.Y
/SOURCE/NETHACK/SOURCES.ZIP/UTIL/DGN_MAIN.C
/SOURCE/NETHACK/SOURCES.ZIP/UTIL/DLB_MAIN.C
/SOURCE/NETHACK/SOURCES.ZIP/UTIL/LEV_COMP.L
/SOURCE/NETHACK/SOURCES.ZIP/UTIL/LEV_COMP.Y
/SOURCE/NETHACK/SOURCES.ZIP/UTIL/LEV_MAIN.C
/SOURCE/NETHACK/SOURCES.ZIP/UTIL/MAKEDEFS.C
/SOURCE/NETHACK/SOURCES.ZIP/UTIL/PANIC.C
/SOURCE/NETHACK/SOURCES.ZIP/UTIL/RECOVER.C
/SOURCE/NETHACK/SOURCES.ZIP/WIN/
/SOURCE/NETHACK/SOURCES.ZIP/WIN/GEM/
/SOURCE/NETHACK/SOURCES.ZIP/WIN/GEM/BITMFILE.C
/SOURCE/NETHACK/SOURCES.ZIP/WIN/GEM/GEM_RSC.UU
/SOURCE/NETHACK/SOURCES.ZIP/WIN/GEM/GEM_RSO.UU
/SOURCE/NETHACK/SOURCES.ZIP/WIN/GEM/GR_RECT.C
/SOURCE/NETHACK/SOURCES.ZIP/WIN/GEM/GR_RECT.H
/SOURCE/NETHACK/SOURCES.ZIP/WIN/GEM/INSTALL.GEM
/SOURCE/NETHACK/SOURCES.ZIP/WIN/GEM/LOAD_IMG.C
/SOURCE/NETHACK/SOURCES.ZIP/WIN/GEM/TILE2IMG.C
/SOURCE/NETHACK/SOURCES.ZIP/WIN/GEM/TITLE.UU
/SOURCE/NETHACK/SOURCES.ZIP/WIN/GEM/WINGEM.C
/SOURCE/NETHACK/SOURCES.ZIP/WIN/GEM/WINGEM1.C
/SOURCE/NETHACK/SOURCES.ZIP/WIN/GEM/XPM2IMG.C
/SOURCE/NETHACK/SOURCES.ZIP/WIN/GNOME/
/SOURCE/NETHACK/SOURCES.ZIP/WIN/GNOME/GNASKSTR.C
/SOURCE/NETHACK/SOURCES.ZIP/WIN/GNOME/GNASKSTR.H
/SOURCE/NETHACK/SOURCES.ZIP/WIN/GNOME/GNBIND.C
/SOURCE/NETHACK/SOURCES.ZIP/WIN/GNOME/GNBIND.H
/SOURCE/NETHACK/SOURCES.ZIP/WIN/GNOME/GNGLYPH.C
/SOURCE/NETHACK/SOURCES.ZIP/WIN/GNOME/GNGLYPH.H
/SOURCE/NETHACK/SOURCES.ZIP/WIN/GNOME/GNMAIN.C
/SOURCE/NETHACK/SOURCES.ZIP/WIN/GNOME/GNMAIN.H
/SOURCE/NETHACK/SOURCES.ZIP/WIN/GNOME/GNMAP.C
/SOURCE/NETHACK/SOURCES.ZIP/WIN/GNOME/GNMAP.H
/SOURCE/NETHACK/SOURCES.ZIP/WIN/GNOME/GNMENU.C
/SOURCE/NETHACK/SOURCES.ZIP/WIN/GNOME/GNMENU.H
/SOURCE/NETHACK/SOURCES.ZIP/WIN/GNOME/GNMESG.C
/SOURCE/NETHACK/SOURCES.ZIP/WIN/GNOME/GNMESG.H
/SOURCE/NETHACK/SOURCES.ZIP/WIN/GNOME/GNOMEPRV.H
/SOURCE/NETHACK/SOURCES.ZIP/WIN/GNOME/GNOPTS.C
/SOURCE/NETHACK/SOURCES.ZIP/WIN/GNOME/GNOPTS.H
/SOURCE/NETHACK/SOURCES.ZIP/WIN/GNOME/GNPLAYER.C
/SOURCE/NETHACK/SOURCES.ZIP/WIN/GNOME/GNPLAYER.H
/SOURCE/NETHACK/SOURCES.ZIP/WIN/GNOME/GNSIGNAL.C
/SOURCE/NETHACK/SOURCES.ZIP/WIN/GNOME/GNSIGNAL.H
/SOURCE/NETHACK/SOURCES.ZIP/WIN/GNOME/GNSTATUS.C
/SOURCE/NETHACK/SOURCES.ZIP/WIN/GNOME/GNSTATUS.H
/SOURCE/NETHACK/SOURCES.ZIP/WIN/GNOME/GNTEXT.C
/SOURCE/NETHACK/SOURCES.ZIP/WIN/GNOME/GNTEXT.H
/SOURCE/NETHACK/SOURCES.ZIP/WIN/GNOME/GNWORN.C
/SOURCE/NETHACK/SOURCES.ZIP/WIN/GNOME/GNWORN.H
/SOURCE/NETHACK/SOURCES.ZIP/WIN/GNOME/GNYESNO.C
/SOURCE/NETHACK/SOURCES.ZIP/WIN/GNOME/GNYESNO.H
/SOURCE/NETHACK/SOURCES.ZIP/WIN/GNOME/GN_XPMS.H
/SOURCE/NETHACK/SOURCES.ZIP/WIN/GNOME/MAPBG.XPM
/SOURCE/NETHACK/SOURCES.ZIP/WIN/GNOME/README
/SOURCE/NETHACK/SOURCES.ZIP/WIN/QT/
/SOURCE/NETHACK/SOURCES.ZIP/WIN/QT/INFO.PLI
/SOURCE/NETHACK/SOURCES.ZIP/WIN/QT/INSTALL.QT
/SOURCE/NETHACK/SOURCES.ZIP/WIN/QT/KNETHACK.LNK
/SOURCE/NETHACK/SOURCES.ZIP/WIN/QT/KNH-MINI.XPM
/SOURCE/NETHACK/SOURCES.ZIP/WIN/QT/KNH.XPM
/SOURCE/NETHACK/SOURCES.ZIP/WIN/QT/NHICNS.UU
/SOURCE/NETHACK/SOURCES.ZIP/WIN/QT/NHSPLASH.XPM
/SOURCE/NETHACK/SOURCES.ZIP/WIN/QT/QPE-NETH.CON
/SOURCE/NETHACK/SOURCES.ZIP/WIN/QT/QTTABLEV.CPP
/SOURCE/NETHACK/SOURCES.ZIP/WIN/QT/QT_CLUST.CPP
/SOURCE/NETHACK/SOURCES.ZIP/WIN/QT/QT_WIN.CPP
/SOURCE/NETHACK/SOURCES.ZIP/WIN/QT/TILEEDIT.CPP
/SOURCE/NETHACK/SOURCES.ZIP/WIN/QT/TILEEDIT.H
/SOURCE/NETHACK/SOURCES.ZIP/WIN/SHARE/
/SOURCE/NETHACK/SOURCES.ZIP/WIN/SHARE/GIFREAD.C
/SOURCE/NETHACK/SOURCES.ZIP/WIN/SHARE/MONSTERS.TXT
/SOURCE/NETHACK/SOURCES.ZIP/WIN/SHARE/OBJECTS.TXT
/SOURCE/NETHACK/SOURCES.ZIP/WIN/SHARE/OTHER.TXT
/SOURCE/NETHACK/SOURCES.ZIP/WIN/SHARE/PPMWRITE.C
/SOURCE/NETHACK/SOURCES.ZIP/WIN/SHARE/THINTILE.C
/SOURCE/NETHACK/SOURCES.ZIP/WIN/SHARE/TILE.DOC
/SOURCE/NETHACK/SOURCES.ZIP/WIN/SHARE/TILE.H
/SOURCE/NETHACK/SOURCES.ZIP/WIN/SHARE/TILE2BMP.C
/SOURCE/NETHACK/SOURCES.ZIP/WIN/SHARE/TILEMAP.C
/SOURCE/NETHACK/SOURCES.ZIP/WIN/SHARE/TILETEXT.C
/SOURCE/NETHACK/SOURCES.ZIP/WIN/TTY/
/SOURCE/NETHACK/SOURCES.ZIP/WIN/TTY/GETLINE.C
/SOURCE/NETHACK/SOURCES.ZIP/WIN/TTY/TERMCAP.C
/SOURCE/NETHACK/SOURCES.ZIP/WIN/TTY/TOPL.C
/SOURCE/NETHACK/SOURCES.ZIP/WIN/TTY/WINTTY.C
/SOURCE/NETHACK/SOURCES.ZIP/WIN/WIN32/
/SOURCE/NETHACK/SOURCES.ZIP/WIN/WIN32/DGNCOMP.DSP
/SOURCE/NETHACK/SOURCES.ZIP/WIN/WIN32/DGNSTUFF.DSP
/SOURCE/NETHACK/SOURCES.ZIP/WIN/WIN32/DGNSTUFF.MAK
/SOURCE/NETHACK/SOURCES.ZIP/WIN/WIN32/DLB_MAIN.DSP
/SOURCE/NETHACK/SOURCES.ZIP/WIN/WIN32/LEVCOMP.DSP
/SOURCE/NETHACK/SOURCES.ZIP/WIN/WIN32/LEVSTUFF.DSP
/SOURCE/NETHACK/SOURCES.ZIP/WIN/WIN32/LEVSTUFF.MAK
/SOURCE/NETHACK/SOURCES.ZIP/WIN/WIN32/MAKEDEFS.DSP
/SOURCE/NETHACK/SOURCES.ZIP/WIN/WIN32/MHASKYN.C
/SOURCE/NETHACK/SOURCES.ZIP/WIN/WIN32/MHASKYN.H
/SOURCE/NETHACK/SOURCES.ZIP/WIN/WIN32/MHDLG.C
/SOURCE/NETHACK/SOURCES.ZIP/WIN/WIN32/MHDLG.H
/SOURCE/NETHACK/SOURCES.ZIP/WIN/WIN32/MHFONT.C
/SOURCE/NETHACK/SOURCES.ZIP/WIN/WIN32/MHFONT.H
/SOURCE/NETHACK/SOURCES.ZIP/WIN/WIN32/MHINPUT.C
/SOURCE/NETHACK/SOURCES.ZIP/WIN/WIN32/MHINPUT.H
/SOURCE/NETHACK/SOURCES.ZIP/WIN/WIN32/MHMAIN.C
/SOURCE/NETHACK/SOURCES.ZIP/WIN/WIN32/MHMAIN.H
/SOURCE/NETHACK/SOURCES.ZIP/WIN/WIN32/MHMAP.C
/SOURCE/NETHACK/SOURCES.ZIP/WIN/WIN32/MHMAP.H
/SOURCE/NETHACK/SOURCES.ZIP/WIN/WIN32/MHMENU.C
/SOURCE/NETHACK/SOURCES.ZIP/WIN/WIN32/MHMENU.H
/SOURCE/NETHACK/SOURCES.ZIP/WIN/WIN32/MHMSG.H
/SOURCE/NETHACK/SOURCES.ZIP/WIN/WIN32/MHMSGWND.C
/SOURCE/NETHACK/SOURCES.ZIP/WIN/WIN32/MHMSGWND.H
/SOURCE/NETHACK/SOURCES.ZIP/WIN/WIN32/MHRIP.C
/SOURCE/NETHACK/SOURCES.ZIP/WIN/WIN32/MHRIP.H
/SOURCE/NETHACK/SOURCES.ZIP/WIN/WIN32/MHSPLASH.C
/SOURCE/NETHACK/SOURCES.ZIP/WIN/WIN32/MHSPLASH.H
/SOURCE/NETHACK/SOURCES.ZIP/WIN/WIN32/MHSTATUS.C
/SOURCE/NETHACK/SOURCES.ZIP/WIN/WIN32/MHSTATUS.H
/SOURCE/NETHACK/SOURCES.ZIP/WIN/WIN32/MHTEXT.C
/SOURCE/NETHACK/SOURCES.ZIP/WIN/WIN32/MHTEXT.H
/SOURCE/NETHACK/SOURCES.ZIP/WIN/WIN32/MNSEL.UU
/SOURCE/NETHACK/SOURCES.ZIP/WIN/WIN32/MNSELCNT.UU
/SOURCE/NETHACK/SOURCES.ZIP/WIN/WIN32/MNUNSEL.UU
/SOURCE/NETHACK/SOURCES.ZIP/WIN/WIN32/MSWPROC.C
/SOURCE/NETHACK/SOURCES.ZIP/WIN/WIN32/NETHACK.DSW
/SOURCE/NETHACK/SOURCES.ZIP/WIN/WIN32/NETHACKW.DSP
/SOURCE/NETHACK/SOURCES.ZIP/WIN/WIN32/PETMARK.UU
/SOURCE/NETHACK/SOURCES.ZIP/WIN/WIN32/RECOVER.DSP
/SOURCE/NETHACK/SOURCES.ZIP/WIN/WIN32/RESOURCE.H
/SOURCE/NETHACK/SOURCES.ZIP/WIN/WIN32/RIP.UU
/SOURCE/NETHACK/SOURCES.ZIP/WIN/WIN32/SPLASH.UU
/SOURCE/NETHACK/SOURCES.ZIP/WIN/WIN32/TILE2BMP.DSP
/SOURCE/NETHACK/SOURCES.ZIP/WIN/WIN32/TILEMAP.DSP
/SOURCE/NETHACK/SOURCES.ZIP/WIN/WIN32/TILES.DSP
/SOURCE/NETHACK/SOURCES.ZIP/WIN/WIN32/TILES.MAK
/SOURCE/NETHACK/SOURCES.ZIP/WIN/WIN32/UUDECODE.DSP
/SOURCE/NETHACK/SOURCES.ZIP/WIN/WIN32/WINHACK.C
/SOURCE/NETHACK/SOURCES.ZIP/WIN/WIN32/WINHACK.RC
/SOURCE/NETHACK/SOURCES.ZIP/WIN/WIN32/WINMS.H
/SOURCE/NETHACK/SOURCES.ZIP/WIN/X11/
/SOURCE/NETHACK/SOURCES.ZIP/WIN/X11/DIALOGS.C
/SOURCE/NETHACK/SOURCES.ZIP/WIN/X11/IBM.BDF
/SOURCE/NETHACK/SOURCES.ZIP/WIN/X11/INSTALL.X11
/SOURCE/NETHACK/SOURCES.ZIP/WIN/X11/NETHACK.AD
/SOURCE/NETHACK/SOURCES.ZIP/WIN/X11/NETHACK.RC
/SOURCE/NETHACK/SOURCES.ZIP/WIN/X11/NH10.BDF
/SOURCE/NETHACK/SOURCES.ZIP/WIN/X11/NH32ICON
/SOURCE/NETHACK/SOURCES.ZIP/WIN/X11/NH56ICON
/SOURCE/NETHACK/SOURCES.ZIP/WIN/X11/NH72ICON
/SOURCE/NETHACK/SOURCES.ZIP/WIN/X11/NH_ICON.XPM
/SOURCE/NETHACK/SOURCES.ZIP/WIN/X11/PET_MARK.XBM
/SOURCE/NETHACK/SOURCES.ZIP/WIN/X11/RIP.XPM
/SOURCE/NETHACK/SOURCES.ZIP/WIN/X11/TILE2X11.C
/SOURCE/NETHACK/SOURCES.ZIP/WIN/X11/WINDOW.C
/SOURCE/NETHACK/SOURCES.ZIP/WIN/X11/WINMAP.C
/SOURCE/NETHACK/SOURCES.ZIP/WIN/X11/WINMENU.C
/SOURCE/NETHACK/SOURCES.ZIP/WIN/X11/WINMESG.C
/SOURCE/NETHACK/SOURCES.ZIP/WIN/X11/WINMISC.C
/SOURCE/NETHACK/SOURCES.ZIP/WIN/X11/WINSTAT.C
/SOURCE/NETHACK/SOURCES.ZIP/WIN/X11/WINTEXT.C
/SOURCE/NETHACK/SOURCES.ZIP/WIN/X11/WINVAL.C
/SOURCE/NETHACK/SOURCES.ZIP/WIN/X11/WINX.C
