/
/APPINFO/
/APPINFO/NTFS.DE
/APPINFO/NTFS.FR
/APPINFO/NTFS.LSM
/APPINFO/NTFS.SV
/APPINFO/NTFS.TR
/DRIVERS/
/DRIVERS/NTFS/
/DRIVERS/NTFS/CHNTPW.EXE
/DRIVERS/NTFS/LICENSE
/DRIVERS/NTFS/NTCAT.EXE
/DRIVERS/NTFS/NTCHANGE.EXE
/DRIVERS/NTFS/NTCP.EXE
/DRIVERS/NTFS/NTDIR.EXE
/DRIVERS/NTFS/NTDUMP.EXE
/DRIVERS/NTFS/NTFS.TXT
/DRIVERS/NTFS/NTGREP.EXE
/DRIVERS/NTFS/NTMKDIR.EXE
/DRIVERS/NTFS/SAMDUMP.EXE
/SOURCE/
/SOURCE/NTFS/
/SOURCE/NTFS/SOURCES.ZIP/
/SOURCE/NTFS/SOURCES.ZIP/COMMON/
/SOURCE/NTFS/SOURCES.ZIP/COMMON/ATTR.C
/SOURCE/NTFS/SOURCES.ZIP/COMMON/ATTR.H
/SOURCE/NTFS/SOURCES.ZIP/COMMON/DIR.C
/SOURCE/NTFS/SOURCES.ZIP/COMMON/DIR.H
/SOURCE/NTFS/SOURCES.ZIP/COMMON/INODE.C
/SOURCE/NTFS/SOURCES.ZIP/COMMON/INODE.H
/SOURCE/NTFS/SOURCES.ZIP/COMMON/MACROS.H
/SOURCE/NTFS/SOURCES.ZIP/COMMON/NTFSENDI.H
/SOURCE/NTFS/SOURCES.ZIP/COMMON/STRUCT.H
/SOURCE/NTFS/SOURCES.ZIP/COMMON/SUPER.C
/SOURCE/NTFS/SOURCES.ZIP/COMMON/SUPER.H
/SOURCE/NTFS/SOURCES.ZIP/COMMON/SUPPORT.H
/SOURCE/NTFS/SOURCES.ZIP/COMMON/UTIL.C
/SOURCE/NTFS/SOURCES.ZIP/COMMON/UTIL.H
/SOURCE/NTFS/SOURCES.ZIP/CONFIG.H
/SOURCE/NTFS/SOURCES.ZIP/DOS/
/SOURCE/NTFS/SOURCES.ZIP/DOS/COMMON.H
/SOURCE/NTFS/SOURCES.ZIP/DOS/FNCTDSK.C
/SOURCE/NTFS/SOURCES.ZIP/DOS/FNCTDSK.H
/SOURCE/NTFS/SOURCES.ZIP/DOS/HDACCESS.C
/SOURCE/NTFS/SOURCES.ZIP/DOS/HDACCESS.H
/SOURCE/NTFS/SOURCES.ZIP/DOS/KM.H
/SOURCE/NTFS/SOURCES.ZIP/DOS/LANG.H
/SOURCE/NTFS/SOURCES.ZIP/DOS/MAKEFILE
/SOURCE/NTFS/SOURCES.ZIP/DOS/READDISK.C
/SOURCE/NTFS/SOURCES.ZIP/DOS/READDISK.H
/SOURCE/NTFS/SOURCES.ZIP/DOS/TESTDISK.H
/SOURCE/NTFS/SOURCES.ZIP/DOS/TYPES.H
/SOURCE/NTFS/SOURCES.ZIP/MAKEFILE
/SOURCE/NTFS/SOURCES.ZIP/NT/
/SOURCE/NTFS/SOURCES.ZIP/NT/CONFIG.H
/SOURCE/NTFS/SOURCES.ZIP/NT/GETOPT.C
/SOURCE/NTFS/SOURCES.ZIP/NT/GETOPT.H
/SOURCE/NTFS/SOURCES.ZIP/NT/GETOPT1.C
/SOURCE/NTFS/SOURCES.ZIP/NT/NTFSTYPE.H
/SOURCE/NTFS/SOURCES.ZIP/NT/NTTYPES.H
/SOURCE/NTFS/SOURCES.ZIP/USER/
/SOURCE/NTFS/SOURCES.ZIP/USER/ATTRTYPE.H
/SOURCE/NTFS/SOURCES.ZIP/USER/DUMP.C
/SOURCE/NTFS/SOURCES.ZIP/USER/DUMP.H
/SOURCE/NTFS/SOURCES.ZIP/USER/MAKEFILE
/SOURCE/NTFS/SOURCES.ZIP/USER/MKNTFS.C
/SOURCE/NTFS/SOURCES.ZIP/USER/NTCAT.C
/SOURCE/NTFS/SOURCES.ZIP/USER/NTCHANGE.C
/SOURCE/NTFS/SOURCES.ZIP/USER/NTCP.C
/SOURCE/NTFS/SOURCES.ZIP/USER/NTDIR.C
/SOURCE/NTFS/SOURCES.ZIP/USER/NTDUMP.C
/SOURCE/NTFS/SOURCES.ZIP/USER/NTFSTYPE.H
/SOURCE/NTFS/SOURCES.ZIP/USER/NTGREP.C
/SOURCE/NTFS/SOURCES.ZIP/USER/NTMKDIR.C
/SOURCE/NTFS/SOURCES.ZIP/USER/NTTOOLS.C
/SOURCE/NTFS/SOURCES.ZIP/USER/NTTOOLS.H
/SOURCE/NTFS/SOURCES.ZIP/USER/SUPPORT.C
