/
/APPINFO/
/APPINFO/NTOOL.DE
/APPINFO/NTOOL.FR
/APPINFO/NTOOL.LSM
/APPINFO/NTOOL.SV
/APPINFO/NTOOL.TR
/BIN/
/BIN/NTOOL.EXE
/DOC/
/DOC/NTOOL/
/DOC/NTOOL/EUPL-ENG.PDF
/DOC/NTOOL/NTOOL.TXT
/SOURCE/
/SOURCE/NTOOL/
/SOURCE/NTOOL/SOURCES.ZIP/
/SOURCE/NTOOL/SOURCES.ZIP/EUPL-ENG.PDF
/SOURCE/NTOOL/SOURCES.ZIP/GETOPT.C
/SOURCE/NTOOL/SOURCES.ZIP/GETOPT.H
/SOURCE/NTOOL/SOURCES.ZIP/NTOOL.C
/SOURCE/NTOOL/SOURCES.ZIP/NTOOL.DSK
/SOURCE/NTOOL/SOURCES.ZIP/NTOOL.PRJ
/SOURCE/NTOOL/SOURCES.ZIP/NTOOL.TXT
