/
/APPINFO/
/APPINFO/OSPEDIT.DE
/APPINFO/OSPEDIT.FR
/APPINFO/OSPEDIT.LSM
/APPINFO/OSPEDIT.SV
/APPINFO/OSPEDIT.TR
/EDIT/
/EDIT/OSPEDIT/
/EDIT/OSPEDIT/DJGPP/
/EDIT/OSPEDIT/DJGPP/AUTHORS.TXT
/EDIT/OSPEDIT/DJGPP/BUGS.TXT
/EDIT/OSPEDIT/DJGPP/CHANGES.TXT
/EDIT/OSPEDIT/DJGPP/OSPEDIT.EXE
/EDIT/OSPEDIT/DJGPP/README.TXT
/EDIT/OSPEDIT/DJGPP/THANKS.TXT
/EDIT/OSPEDIT/DJGPP/TODO.TXT
/EDIT/OSPEDIT/DJGPP/TXTRTF.CNV
/EDIT/OSPEDIT/DJGPP/TXTWRITE.CNV
/EDIT/OSPEDIT/DJGPPSND/
/EDIT/OSPEDIT/DJGPPSND/AUTHORS.TXT
/EDIT/OSPEDIT/DJGPPSND/BUGS.TXT
/EDIT/OSPEDIT/DJGPPSND/CHANGES.TXT
/EDIT/OSPEDIT/DJGPPSND/OSPEDIT.EXE
/EDIT/OSPEDIT/DJGPPSND/README.TXT
/EDIT/OSPEDIT/DJGPPSND/THANKS.TXT
/EDIT/OSPEDIT/DJGPPSND/TODO.TXT
/EDIT/OSPEDIT/DJGPPSND/TXTRTF.CNV
/EDIT/OSPEDIT/DJGPPSND/TXTWRITE.CNV
/EDIT/OSPEDIT/DOS/
/EDIT/OSPEDIT/DOS/AUTHORS.TXT
/EDIT/OSPEDIT/DOS/BDCS4235.EXE
/EDIT/OSPEDIT/DOS/BDSB.EXE
/EDIT/OSPEDIT/DOS/BDSB16.EXE
/EDIT/OSPEDIT/DOS/BDSBPRO.EXE
/EDIT/OSPEDIT/DOS/BUGS.TXT
/EDIT/OSPEDIT/DOS/CHANGES.TXT
/EDIT/OSPEDIT/DOS/CS4235.INI
/EDIT/OSPEDIT/DOS/OSPEDIT.EXE
/EDIT/OSPEDIT/DOS/README.TXT
/EDIT/OSPEDIT/DOS/THANKS.TXT
/EDIT/OSPEDIT/DOS/TODO.TXT
/EDIT/OSPEDIT/DOS/TXTRTF.CNV
/EDIT/OSPEDIT/DOS/TXTWRITE.CNV
/LINKS/
/LINKS/OSPEDIT.BAT
/SOURCE/
/SOURCE/OSPEDIT/
/SOURCE/OSPEDIT/SOURCES.ZIP/
/SOURCE/OSPEDIT/SOURCES.ZIP/bin/
/SOURCE/OSPEDIT/SOURCES.ZIP/bin/djgpp/
/SOURCE/OSPEDIT/SOURCES.ZIP/bin/djgpp/tmp.txt
/SOURCE/OSPEDIT/SOURCES.ZIP/bin/djgppsnd/
/SOURCE/OSPEDIT/SOURCES.ZIP/bin/djgppsnd/tmp.txt
/SOURCE/OSPEDIT/SOURCES.ZIP/bin/linux/
/SOURCE/OSPEDIT/SOURCES.ZIP/bin/linux/tmp.txt
/SOURCE/OSPEDIT/SOURCES.ZIP/bin/linuxsnd/
/SOURCE/OSPEDIT/SOURCES.ZIP/bin/linuxsnd/tmp.txt
/SOURCE/OSPEDIT/SOURCES.ZIP/bin/mingw32/
/SOURCE/OSPEDIT/SOURCES.ZIP/bin/mingw32/tmp.txt
/SOURCE/OSPEDIT/SOURCES.ZIP/bin/realdos/
/SOURCE/OSPEDIT/SOURCES.ZIP/bin/realdos/tmp.txt
/SOURCE/OSPEDIT/SOURCES.ZIP/bin/w32msvc/
/SOURCE/OSPEDIT/SOURCES.ZIP/bin/w32msvc/tmp.txt
/SOURCE/OSPEDIT/SOURCES.ZIP/bin/win32/
/SOURCE/OSPEDIT/SOURCES.ZIP/bin/win32/tmp.txt
/SOURCE/OSPEDIT/SOURCES.ZIP/configure
/SOURCE/OSPEDIT/SOURCES.ZIP/configure.bat
/SOURCE/OSPEDIT/SOURCES.ZIP/docs/
/SOURCE/OSPEDIT/SOURCES.ZIP/docs/authors.txt
/SOURCE/OSPEDIT/SOURCES.ZIP/docs/bugs.txt
/SOURCE/OSPEDIT/SOURCES.ZIP/docs/build/
/SOURCE/OSPEDIT/SOURCES.ZIP/docs/build/djgpp.txt
/SOURCE/OSPEDIT/SOURCES.ZIP/docs/build/linux.txt
/SOURCE/OSPEDIT/SOURCES.ZIP/docs/build/mingw.txt
/SOURCE/OSPEDIT/SOURCES.ZIP/docs/build/realdos.txt
/SOURCE/OSPEDIT/SOURCES.ZIP/docs/build/w32msvc.txt
/SOURCE/OSPEDIT/SOURCES.ZIP/docs/build/win32.txt
/SOURCE/OSPEDIT/SOURCES.ZIP/docs/changes.txt
/SOURCE/OSPEDIT/SOURCES.ZIP/docs/readme-djgpp-snd.txt
/SOURCE/OSPEDIT/SOURCES.ZIP/docs/readme-djgpp.txt
/SOURCE/OSPEDIT/SOURCES.ZIP/docs/readme-dos.txt
/SOURCE/OSPEDIT/SOURCES.ZIP/docs/readme-win32.txt
/SOURCE/OSPEDIT/SOURCES.ZIP/docs/thanks.txt
/SOURCE/OSPEDIT/SOURCES.ZIP/docs/todo.txt
/SOURCE/OSPEDIT/SOURCES.ZIP/Makefile
/SOURCE/OSPEDIT/SOURCES.ZIP/obj/
/SOURCE/OSPEDIT/SOURCES.ZIP/obj/djgpp/
/SOURCE/OSPEDIT/SOURCES.ZIP/obj/djgpp/tmp.txt
/SOURCE/OSPEDIT/SOURCES.ZIP/obj/djgppsnd/
/SOURCE/OSPEDIT/SOURCES.ZIP/obj/djgppsnd/tmp.txt
/SOURCE/OSPEDIT/SOURCES.ZIP/obj/linux/
/SOURCE/OSPEDIT/SOURCES.ZIP/obj/linux/tmp.txt
/SOURCE/OSPEDIT/SOURCES.ZIP/obj/linuxsnd/
/SOURCE/OSPEDIT/SOURCES.ZIP/obj/linuxsnd/tmp.txt
/SOURCE/OSPEDIT/SOURCES.ZIP/obj/mingw32/
/SOURCE/OSPEDIT/SOURCES.ZIP/obj/mingw32/tmp.txt
/SOURCE/OSPEDIT/SOURCES.ZIP/obj/realdos/
/SOURCE/OSPEDIT/SOURCES.ZIP/obj/realdos/tmp.txt
/SOURCE/OSPEDIT/SOURCES.ZIP/obj/w32msvc/
/SOURCE/OSPEDIT/SOURCES.ZIP/obj/w32msvc/tmp.txt
/SOURCE/OSPEDIT/SOURCES.ZIP/obj/win32/
/SOURCE/OSPEDIT/SOURCES.ZIP/obj/win32/tmp.txt
/SOURCE/OSPEDIT/SOURCES.ZIP/ospedit.dsw
/SOURCE/OSPEDIT/SOURCES.ZIP/ospedit.ide
/SOURCE/OSPEDIT/SOURCES.ZIP/readme.txt
/SOURCE/OSPEDIT/SOURCES.ZIP/realdos.mak
/SOURCE/OSPEDIT/SOURCES.ZIP/src/
/SOURCE/OSPEDIT/SOURCES.ZIP/src/about.dlg
/SOURCE/OSPEDIT/SOURCES.ZIP/src/aboutdlg.cpp
/SOURCE/OSPEDIT/SOURCES.ZIP/src/aboutdlg.h
/SOURCE/OSPEDIT/SOURCES.ZIP/src/aboutosp.cpp
/SOURCE/OSPEDIT/SOURCES.ZIP/src/aboutosp.dlg
/SOURCE/OSPEDIT/SOURCES.ZIP/src/aboutosp.h
/SOURCE/OSPEDIT/SOURCES.ZIP/src/calc.cpp
/SOURCE/OSPEDIT/SOURCES.ZIP/src/calc.h
/SOURCE/OSPEDIT/SOURCES.ZIP/src/cnvinfo.cpp
/SOURCE/OSPEDIT/SOURCES.ZIP/src/cnvinfo.dlg
/SOURCE/OSPEDIT/SOURCES.ZIP/src/cnvinfo.h
/SOURCE/OSPEDIT/SOURCES.ZIP/src/config.c
/SOURCE/OSPEDIT/SOURCES.ZIP/src/config.h
/SOURCE/OSPEDIT/SOURCES.ZIP/src/convert.c
/SOURCE/OSPEDIT/SOURCES.ZIP/src/convert.h
/SOURCE/OSPEDIT/SOURCES.ZIP/src/convert/
/SOURCE/OSPEDIT/SOURCES.ZIP/src/convert/msconv.c
/SOURCE/OSPEDIT/SOURCES.ZIP/src/convert/msconv.rc
/SOURCE/OSPEDIT/SOURCES.ZIP/src/convert/msconv.wine
/SOURCE/OSPEDIT/SOURCES.ZIP/src/convert/rtfactn.c
/SOURCE/OSPEDIT/SOURCES.ZIP/src/convert/rtfdecl.h
/SOURCE/OSPEDIT/SOURCES.ZIP/src/convert/rtfreadr.c
/SOURCE/OSPEDIT/SOURCES.ZIP/src/convert/rtftype.h
/SOURCE/OSPEDIT/SOURCES.ZIP/src/convert/txtrtf.rc
/SOURCE/OSPEDIT/SOURCES.ZIP/src/convert/txtwrite.c
/SOURCE/OSPEDIT/SOURCES.ZIP/src/convert/txtwrite.rc
/SOURCE/OSPEDIT/SOURCES.ZIP/src/djgpp.c
/SOURCE/OSPEDIT/SOURCES.ZIP/src/gemsnd.c
/SOURCE/OSPEDIT/SOURCES.ZIP/src/gemsnd.h
/SOURCE/OSPEDIT/SOURCES.ZIP/src/libc.c
/SOURCE/OSPEDIT/SOURCES.ZIP/src/ospedit.h
/SOURCE/OSPEDIT/SOURCES.ZIP/src/ospedit.rc
/SOURCE/OSPEDIT/SOURCES.ZIP/src/ospedit1.cpp
/SOURCE/OSPEDIT/SOURCES.ZIP/src/ospedit2.cpp
/SOURCE/OSPEDIT/SOURCES.ZIP/src/ospedit3.cpp
/SOURCE/OSPEDIT/SOURCES.ZIP/src/ospver.h
/SOURCE/OSPEDIT/SOURCES.ZIP/src/realdos.c
/SOURCE/OSPEDIT/SOURCES.ZIP/src/realdos.h
/SOURCE/OSPEDIT/SOURCES.ZIP/src/sound.c
/SOURCE/OSPEDIT/SOURCES.ZIP/src/sound.h
/SOURCE/OSPEDIT/SOURCES.ZIP/src/unicode.c
/SOURCE/OSPEDIT/SOURCES.ZIP/src/unicode.h
/SOURCE/OSPEDIT/SOURCES.ZIP/src/verinfo.cpp
/SOURCE/OSPEDIT/SOURCES.ZIP/src/verinfo.dlg
/SOURCE/OSPEDIT/SOURCES.ZIP/src/verinfo.h
/SOURCE/OSPEDIT/SOURCES.ZIP/src/win32.c
/SOURCE/OSPEDIT/SOURCES.ZIP/w32msvc.mak
/SOURCE/OSPEDIT/SOURCES.ZIP/win32.mak
