/
/APPINFO/
/APPINFO/PDTREE.DE
/APPINFO/PDTREE.FR
/APPINFO/PDTREE.LSM
/APPINFO/PDTREE.SV
/APPINFO/PDTREE.TR
/BIN/
/BIN/PDTREE.EXE
/SOURCE/
/SOURCE/PDTREE/
/SOURCE/PDTREE/SOURCES.ZIP/
/SOURCE/PDTREE/SOURCES.ZIP/BUGS.TXT
/SOURCE/PDTREE/SOURCES.ZIP/CATGETS.C
/SOURCE/PDTREE/SOURCES.ZIP/CATGETS.H
/SOURCE/PDTREE/SOURCES.ZIP/CHANGES.TXT
/SOURCE/PDTREE/SOURCES.ZIP/COMPILE.TXT
/SOURCE/PDTREE/SOURCES.ZIP/DB.C
/SOURCE/PDTREE/SOURCES.ZIP/DB.H
/SOURCE/PDTREE/SOURCES.ZIP/EXTRA/
/SOURCE/PDTREE/SOURCES.ZIP/EXTRA/EXEHDR.H
/SOURCE/PDTREE/SOURCES.ZIP/EXTRA/FIXSTUB.C
/SOURCE/PDTREE/SOURCES.ZIP/EXTRA/FIXSTUB.EXE
/SOURCE/PDTREE/SOURCES.ZIP/FILES.LST
/SOURCE/PDTREE/SOURCES.ZIP/GET_LINE.C
/SOURCE/PDTREE/SOURCES.ZIP/LGPL.TXT
/SOURCE/PDTREE/SOURCES.ZIP/MAKE.BAT
/SOURCE/PDTREE/SOURCES.ZIP/MAKEDOS.BAT
/SOURCE/PDTREE/SOURCES.ZIP/MAKWINBC.BAT
/SOURCE/PDTREE/SOURCES.ZIP/MAKWINVC.BAT
/SOURCE/PDTREE/SOURCES.ZIP/README.1ST
/SOURCE/PDTREE/SOURCES.ZIP/README.TXT
/SOURCE/PDTREE/SOURCES.ZIP/STACK.C
/SOURCE/PDTREE/SOURCES.ZIP/STACK.H
/SOURCE/PDTREE/SOURCES.ZIP/SUDOCODE.TXT
/SOURCE/PDTREE/SOURCES.ZIP/TREE.CPP
/SOURCE/PDTREE/SOURCES.ZIP/TREE.EN
/SOURCE/PDTREE/SOURCES.ZIP/TREE.ES
/SOURCE/PDTREE/SOURCES.ZIP/TREE.HTM
/SOURCE/PDTREE/SOURCES.ZIP/TREE.LV
/SOURCE/PDTREE/SOURCES.ZIP/W32FDOS/
/SOURCE/PDTREE/SOURCES.ZIP/W32FDOS/LARGE/
/SOURCE/PDTREE/SOURCES.ZIP/W32FDOS/LARGE/W32FDOS.CPP
/SOURCE/PDTREE/SOURCES.ZIP/W32FDOS/SMALL/
/SOURCE/PDTREE/SOURCES.ZIP/W32FDOS/SMALL/W32FDOS.CPP
/SOURCE/PDTREE/SOURCES.ZIP/W32FDOS.H
/SOURCE/PDTREE/SOURCES.ZIP/YES.TXT
