/
/APPINFO/
/APPINFO/PICO.DE
/APPINFO/PICO.FR
/APPINFO/PICO.LSM
/APPINFO/PICO.SV
/APPINFO/PICO.TR
/BIN/
/BIN/PICO.EXE
/BIN/PILOT.EXE
/DOC/
/DOC/PICO/
/DOC/PICO/PICO.MAN
/DOC/PICO/PICO396B.VER
/DOC/PICO/PILOT.MAN
/DOC/PICO/README.DJ2
/SOURCE/
/SOURCE/PICO/
/SOURCE/PICO/SOURCES.ZIP/
/SOURCE/PICO/SOURCES.ZIP/DOC/
/SOURCE/PICO/SOURCES.ZIP/DOC/BROCHURE.TXT
/SOURCE/PICO/SOURCES.ZIP/DOC/PICO.1
/SOURCE/PICO/SOURCES.ZIP/DOC/PICO.MAN
/SOURCE/PICO/SOURCES.ZIP/DOC/PILOT.1
/SOURCE/PICO/SOURCES.ZIP/DOC/PILOT.MAN
/SOURCE/PICO/SOURCES.ZIP/PICO/
/SOURCE/PICO/SOURCES.ZIP/PICO/ANSI.C
/SOURCE/PICO/SOURCES.ZIP/PICO/ATTACH.C
/SOURCE/PICO/SOURCES.ZIP/PICO/BASIC.C
/SOURCE/PICO/SOURCES.ZIP/PICO/BIND.C
/SOURCE/PICO/SOURCES.ZIP/PICO/BLDDATE.C
/SOURCE/PICO/SOURCES.ZIP/PICO/BROWSE.C
/SOURCE/PICO/SOURCES.ZIP/PICO/BUFFER.C
/SOURCE/PICO/SOURCES.ZIP/PICO/COMPOSER.C
/SOURCE/PICO/SOURCES.ZIP/PICO/DEPEND
/SOURCE/PICO/SOURCES.ZIP/PICO/DISPLAY.C
/SOURCE/PICO/SOURCES.ZIP/PICO/DOS_GEN.C
/SOURCE/PICO/SOURCES.ZIP/PICO/DOS_GEN.H
/SOURCE/PICO/SOURCES.ZIP/PICO/EBIND.H
/SOURCE/PICO/SOURCES.ZIP/PICO/EDEF.H
/SOURCE/PICO/SOURCES.ZIP/PICO/EFUNC.H
/SOURCE/PICO/SOURCES.ZIP/PICO/ESTRUCT.H
/SOURCE/PICO/SOURCES.ZIP/PICO/FILE.C
/SOURCE/PICO/SOURCES.ZIP/PICO/FILEIO.C
/SOURCE/PICO/SOURCES.ZIP/PICO/IBMPC.C
/SOURCE/PICO/SOURCES.ZIP/PICO/LINE.C
/SOURCE/PICO/SOURCES.ZIP/PICO/MAIN.C
/SOURCE/PICO/SOURCES.ZIP/PICO/MAKEFILE
/SOURCE/PICO/SOURCES.ZIP/PICO/OS_DOS.C
/SOURCE/PICO/SOURCES.ZIP/PICO/OS_DOS.H
/SOURCE/PICO/SOURCES.ZIP/PICO/PICO.C
/SOURCE/PICO/SOURCES.ZIP/PICO/PICO.H
/SOURCE/PICO/SOURCES.ZIP/PICO/PILOT.C
/SOURCE/PICO/SOURCES.ZIP/PICO/RANDOM.C
/SOURCE/PICO/SOURCES.ZIP/PICO/REGION.C
/SOURCE/PICO/SOURCES.ZIP/PICO/SEARCH.C
/SOURCE/PICO/SOURCES.ZIP/PICO/SPELL.C
/SOURCE/PICO/SOURCES.ZIP/PICO/TCAP.C
/SOURCE/PICO/SOURCES.ZIP/PICO/TINFO.C
/SOURCE/PICO/SOURCES.ZIP/PICO/WINDOW.C
/SOURCE/PICO/SOURCES.ZIP/PICO/WORD.C
/SOURCE/PICO/SOURCES.ZIP/README.DJ2
