/
/APPINFO/
/APPINFO/QTETRIS.DE
/APPINFO/QTETRIS.FR
/APPINFO/QTETRIS.LSM
/APPINFO/QTETRIS.SV
/APPINFO/QTETRIS.TR
/GAMES/
/GAMES/QTETRIS/
/GAMES/QTETRIS/AHACER.TXT
/GAMES/QTETRIS/AUTHORS.TXT
/GAMES/QTETRIS/AUTORES.TXT
/GAMES/QTETRIS/CAMBIOS.TXT
/GAMES/QTETRIS/CHANGES.TXT
/GAMES/QTETRIS/CWSDPMI.DOC
/GAMES/QTETRIS/CWSDPMI.EXE
/GAMES/QTETRIS/GRACIAS.TXT
/GAMES/QTETRIS/LEAME.TXT
/GAMES/QTETRIS/LICENSE.TXT
/GAMES/QTETRIS/QTETRIS.CFG
/GAMES/QTETRIS/QTETRIS.DAT
/GAMES/QTETRIS/QTETRIS.EXE
/GAMES/QTETRIS/QTETRIS.ICO
/GAMES/QTETRIS/README.TXT
/GAMES/QTETRIS/THANKS.TXT
/GAMES/QTETRIS/TODO.TXT
/SOURCE/
/SOURCE/QTETRIS/
/SOURCE/QTETRIS/SOURCES.ZIP/
/SOURCE/QTETRIS/SOURCES.ZIP/AHACER.TXT
/SOURCE/QTETRIS/SOURCES.ZIP/AUTHORS.TXT
/SOURCE/QTETRIS/SOURCES.ZIP/AUTORES.TXT
/SOURCE/QTETRIS/SOURCES.ZIP/CAMBIOS.TXT
/SOURCE/QTETRIS/SOURCES.ZIP/CHANGES.TXT
/SOURCE/QTETRIS/SOURCES.ZIP/GRACIAS.TXT
/SOURCE/QTETRIS/SOURCES.ZIP/LEAME.TXT
/SOURCE/QTETRIS/SOURCES.ZIP/LICENSE.TXT
/SOURCE/QTETRIS/SOURCES.ZIP/QTETRIS.CFG
/SOURCE/QTETRIS/SOURCES.ZIP/QTETRIS.ICO
/SOURCE/QTETRIS/SOURCES.ZIP/README.TXT
/SOURCE/QTETRIS/SOURCES.ZIP/SRC/
/SOURCE/QTETRIS/SOURCES.ZIP/SRC/BLOCK.C
/SOURCE/QTETRIS/SOURCES.ZIP/SRC/BLOCK.H
/SOURCE/QTETRIS/SOURCES.ZIP/SRC/BOMBS.C
/SOURCE/QTETRIS/SOURCES.ZIP/SRC/BOMBS.H
/SOURCE/QTETRIS/SOURCES.ZIP/SRC/CONTROL.C
/SOURCE/QTETRIS/SOURCES.ZIP/SRC/CONTROL.H
/SOURCE/QTETRIS/SOURCES.ZIP/SRC/CREDITS.C
/SOURCE/QTETRIS/SOURCES.ZIP/SRC/CREDITS.H
/SOURCE/QTETRIS/SOURCES.ZIP/SRC/DATA/
/SOURCE/QTETRIS/SOURCES.ZIP/SRC/DATA/BG00.PCX
/SOURCE/QTETRIS/SOURCES.ZIP/SRC/DATA/BG01.PCX
/SOURCE/QTETRIS/SOURCES.ZIP/SRC/DATA/BG02.PCX
/SOURCE/QTETRIS/SOURCES.ZIP/SRC/DATA/BG03.PCX
/SOURCE/QTETRIS/SOURCES.ZIP/SRC/DATA/BG04.PCX
/SOURCE/QTETRIS/SOURCES.ZIP/SRC/DATA/BG05.PCX
/SOURCE/QTETRIS/SOURCES.ZIP/SRC/DATA/BG06.PCX
/SOURCE/QTETRIS/SOURCES.ZIP/SRC/DATA/BG07.PCX
/SOURCE/QTETRIS/SOURCES.ZIP/SRC/DATA/BG08.PCX
/SOURCE/QTETRIS/SOURCES.ZIP/SRC/DATA/BG09.PCX
/SOURCE/QTETRIS/SOURCES.ZIP/SRC/DATA/BG10.PCX
/SOURCE/QTETRIS/SOURCES.ZIP/SRC/DATA/BG11.PCX
/SOURCE/QTETRIS/SOURCES.ZIP/SRC/DATA/BG12.PCX
/SOURCE/QTETRIS/SOURCES.ZIP/SRC/DATA/BG13.PCX
/SOURCE/QTETRIS/SOURCES.ZIP/SRC/DATA/BG14.PCX
/SOURCE/QTETRIS/SOURCES.ZIP/SRC/DATA/BG15.PCX
/SOURCE/QTETRIS/SOURCES.ZIP/SRC/DATA/BG16.PCX
/SOURCE/QTETRIS/SOURCES.ZIP/SRC/DATA/BG17.PCX
/SOURCE/QTETRIS/SOURCES.ZIP/SRC/DATA/BG18.PCX
/SOURCE/QTETRIS/SOURCES.ZIP/SRC/DATA/BG19.PCX
/SOURCE/QTETRIS/SOURCES.ZIP/SRC/DATA/BG20.PCX
/SOURCE/QTETRIS/SOURCES.ZIP/SRC/DATA/BG21.PCX
/SOURCE/QTETRIS/SOURCES.ZIP/SRC/DATA/BG22.PCX
/SOURCE/QTETRIS/SOURCES.ZIP/SRC/DATA/BG23.PCX
/SOURCE/QTETRIS/SOURCES.ZIP/SRC/DATA/BLOCK.BMP
/SOURCE/QTETRIS/SOURCES.ZIP/SRC/DATA/DEATH.WAV
/SOURCE/QTETRIS/SOURCES.ZIP/SRC/DATA/EXPLO.WAV
/SOURCE/QTETRIS/SOURCES.ZIP/SRC/DATA/EXPLO1.DAT
/SOURCE/QTETRIS/SOURCES.ZIP/SRC/DATA/EXPLO2.DAT
/SOURCE/QTETRIS/SOURCES.ZIP/SRC/DATA/EXPLO3.DAT
/SOURCE/QTETRIS/SOURCES.ZIP/SRC/DATA/EXPLO4.DAT
/SOURCE/QTETRIS/SOURCES.ZIP/SRC/DATA/FINAL.BMP
/SOURCE/QTETRIS/SOURCES.ZIP/SRC/DATA/FINALPAL.BMP
/SOURCE/QTETRIS/SOURCES.ZIP/SRC/DATA/FONTBIG.PCX
/SOURCE/QTETRIS/SOURCES.ZIP/SRC/DATA/FONTGAME.PCX
/SOURCE/QTETRIS/SOURCES.ZIP/SRC/DATA/HALLFAME.BMP
/SOURCE/QTETRIS/SOURCES.ZIP/SRC/DATA/LDOUBLE.BMP
/SOURCE/QTETRIS/SOURCES.ZIP/SRC/DATA/LTETRIS.BMP
/SOURCE/QTETRIS/SOURCES.ZIP/SRC/DATA/LTRIPLE.BMP
/SOURCE/QTETRIS/SOURCES.ZIP/SRC/DATA/MENUSEL.WAV
/SOURCE/QTETRIS/SOURCES.ZIP/SRC/DATA/MENUSET.WAV
/SOURCE/QTETRIS/SOURCES.ZIP/SRC/DATA/MUSIC01.MID
/SOURCE/QTETRIS/SOURCES.ZIP/SRC/DATA/MUSIC02.MID
/SOURCE/QTETRIS/SOURCES.ZIP/SRC/DATA/MUSIC03.MID
/SOURCE/QTETRIS/SOURCES.ZIP/SRC/DATA/MUSIC04.MID
/SOURCE/QTETRIS/SOURCES.ZIP/SRC/DATA/MUSIC05.MID
/SOURCE/QTETRIS/SOURCES.ZIP/SRC/DATA/MUSIC06.MID
/SOURCE/QTETRIS/SOURCES.ZIP/SRC/DATA/MUSIC07.MID
/SOURCE/QTETRIS/SOURCES.ZIP/SRC/DATA/MUSIC08.MID
/SOURCE/QTETRIS/SOURCES.ZIP/SRC/DATA/MUSIC09.MID
/SOURCE/QTETRIS/SOURCES.ZIP/SRC/DATA/MUSIC10.MID
/SOURCE/QTETRIS/SOURCES.ZIP/SRC/DATA/MUSIC11.MID
/SOURCE/QTETRIS/SOURCES.ZIP/SRC/DATA/MUSIC12.MID
/SOURCE/QTETRIS/SOURCES.ZIP/SRC/DATA/MUSIC13.MID
/SOURCE/QTETRIS/SOURCES.ZIP/SRC/DATA/MUSIC14.MID
/SOURCE/QTETRIS/SOURCES.ZIP/SRC/DATA/MUSIC15.MID
/SOURCE/QTETRIS/SOURCES.ZIP/SRC/DATA/MUSIC16.MID
/SOURCE/QTETRIS/SOURCES.ZIP/SRC/DATA/MUSIC17.MID
/SOURCE/QTETRIS/SOURCES.ZIP/SRC/DATA/MUSIC18.MID
/SOURCE/QTETRIS/SOURCES.ZIP/SRC/DATA/MUSIC19.MID
/SOURCE/QTETRIS/SOURCES.ZIP/SRC/DATA/MUSIC20.MID
/SOURCE/QTETRIS/SOURCES.ZIP/SRC/DATA/MUSIC21.MID
/SOURCE/QTETRIS/SOURCES.ZIP/SRC/DATA/MUSIC22.MID
/SOURCE/QTETRIS/SOURCES.ZIP/SRC/DATA/MUSIC23.MID
/SOURCE/QTETRIS/SOURCES.ZIP/SRC/DATA/MUSIC24.MID
/SOURCE/QTETRIS/SOURCES.ZIP/SRC/DATA/MUSIC25.MID
/SOURCE/QTETRIS/SOURCES.ZIP/SRC/DATA/MUSIC26.MID
/SOURCE/QTETRIS/SOURCES.ZIP/SRC/DATA/MUSIC27.MID
/SOURCE/QTETRIS/SOURCES.ZIP/SRC/DATA/MUSIC28.MID
/SOURCE/QTETRIS/SOURCES.ZIP/SRC/DATA/MUSIC29.MID
/SOURCE/QTETRIS/SOURCES.ZIP/SRC/DATA/MUSIC30.MID
/SOURCE/QTETRIS/SOURCES.ZIP/SRC/DATA/MUSIC31.MID
/SOURCE/QTETRIS/SOURCES.ZIP/SRC/DATA/MUSIC32.MID
/SOURCE/QTETRIS/SOURCES.ZIP/SRC/DATA/MUSIC33.MID
/SOURCE/QTETRIS/SOURCES.ZIP/SRC/DATA/MUSIC34.MID
/SOURCE/QTETRIS/SOURCES.ZIP/SRC/DATA/MYLOGO.BMP
/SOURCE/QTETRIS/SOURCES.ZIP/SRC/DATA/NEXT.BMP
/SOURCE/QTETRIS/SOURCES.ZIP/SRC/DATA/OLOSER.BMP
/SOURCE/QTETRIS/SOURCES.ZIP/SRC/DATA/OWINNER.BMP
/SOURCE/QTETRIS/SOURCES.ZIP/SRC/DATA/PALETTE.BMP
/SOURCE/QTETRIS/SOURCES.ZIP/SRC/DATA/PANEL.BMP
/SOURCE/QTETRIS/SOURCES.ZIP/SRC/DATA/PREPUT.WAV
/SOURCE/QTETRIS/SOURCES.ZIP/SRC/DATA/PUTPIECE.WAV
/SOURCE/QTETRIS/SOURCES.ZIP/SRC/DATA/QUEENLOG.BMP
/SOURCE/QTETRIS/SOURCES.ZIP/SRC/DATA/QUEENMNI.BMP
/SOURCE/QTETRIS/SOURCES.ZIP/SRC/DATA/ROTATE.WAV
/SOURCE/QTETRIS/SOURCES.ZIP/SRC/DATA/TETRIS.BMP
/SOURCE/QTETRIS/SOURCES.ZIP/SRC/DATA/TETRISBG.BMP
/SOURCE/QTETRIS/SOURCES.ZIP/SRC/DATA/TMPFILE.TXT
/SOURCE/QTETRIS/SOURCES.ZIP/SRC/FIX.BAT
/SOURCE/QTETRIS/SOURCES.ZIP/SRC/FIX.SH
/SOURCE/QTETRIS/SOURCES.ZIP/SRC/GRAPHICS.C
/SOURCE/QTETRIS/SOURCES.ZIP/SRC/GRAPHICS.H
/SOURCE/QTETRIS/SOURCES.ZIP/SRC/HALLFAME.C
/SOURCE/QTETRIS/SOURCES.ZIP/SRC/HALLFAME.H
/SOURCE/QTETRIS/SOURCES.ZIP/SRC/HANDLE.C
/SOURCE/QTETRIS/SOURCES.ZIP/SRC/HANDLE.H
/SOURCE/QTETRIS/SOURCES.ZIP/SRC/INTRO.C
/SOURCE/QTETRIS/SOURCES.ZIP/SRC/INTRO.H
/SOURCE/QTETRIS/SOURCES.ZIP/SRC/LDMSVC.ARG
/SOURCE/QTETRIS/SOURCES.ZIP/SRC/LDWAT.ARG
/SOURCE/QTETRIS/SOURCES.ZIP/SRC/MAIN.C
/SOURCE/QTETRIS/SOURCES.ZIP/SRC/MAKEDATA.BAT
/SOURCE/QTETRIS/SOURCES.ZIP/SRC/MAKEDATA.SH
/SOURCE/QTETRIS/SOURCES.ZIP/SRC/MAKEFILE.ALL
/SOURCE/QTETRIS/SOURCES.ZIP/SRC/MAKEFILE.DJ
/SOURCE/QTETRIS/SOURCES.ZIP/SRC/MAKEFILE.LST
/SOURCE/QTETRIS/SOURCES.ZIP/SRC/MAKEFILE.MGW
/SOURCE/QTETRIS/SOURCES.ZIP/SRC/MAKEFILE.QNX
/SOURCE/QTETRIS/SOURCES.ZIP/SRC/MAKEFILE.UNI
/SOURCE/QTETRIS/SOURCES.ZIP/SRC/MAKEFILE.VC
/SOURCE/QTETRIS/SOURCES.ZIP/SRC/MAKEFILE.WAT
/SOURCE/QTETRIS/SOURCES.ZIP/SRC/MENU.C
/SOURCE/QTETRIS/SOURCES.ZIP/SRC/MENU.H
/SOURCE/QTETRIS/SOURCES.ZIP/SRC/MUSICS.H
/SOURCE/QTETRIS/SOURCES.ZIP/SRC/OBJ/
/SOURCE/QTETRIS/SOURCES.ZIP/SRC/OBJ/TMPFILE.TXT
/SOURCE/QTETRIS/SOURCES.ZIP/SRC/OBJECTS.C
/SOURCE/QTETRIS/SOURCES.ZIP/SRC/OBJECTS.H
/SOURCE/QTETRIS/SOURCES.ZIP/SRC/PIECE.C
/SOURCE/QTETRIS/SOURCES.ZIP/SRC/PIECE.H
/SOURCE/QTETRIS/SOURCES.ZIP/SRC/PLAYER.C
/SOURCE/QTETRIS/SOURCES.ZIP/SRC/PLAYER.H
/SOURCE/QTETRIS/SOURCES.ZIP/SRC/PLAYGAME.C
/SOURCE/QTETRIS/SOURCES.ZIP/SRC/PLAYGAME.H
/SOURCE/QTETRIS/SOURCES.ZIP/SRC/QTETRIS.C
/SOURCE/QTETRIS/SOURCES.ZIP/SRC/QTETRIS.H
/SOURCE/QTETRIS/SOURCES.ZIP/SRC/QTETRIS.RC
/SOURCE/QTETRIS/SOURCES.ZIP/THANKS.TXT
/SOURCE/QTETRIS/SOURCES.ZIP/TODO.TXT
