/
/APPINFO/
/APPINFO/RAREAD.DE
/APPINFO/RAREAD.FR
/APPINFO/RAREAD.LSM
/APPINFO/RAREAD.SV
/APPINFO/RAREAD.TR
/BIN/
/BIN/RAREAD.COM
/SOURCE/
/SOURCE/RAREAD/
/SOURCE/RAREAD/SOURCES.ZIP/
/SOURCE/RAREAD/SOURCES.ZIP/CCA.BAT
/SOURCE/RAREAD/SOURCES.ZIP/CC.BAT
/SOURCE/RAREAD/SOURCES.ZIP/LICENSE.TXT
/SOURCE/RAREAD/SOURCES.ZIP/MAKEFILE
/SOURCE/RAREAD/SOURCES.ZIP/NEWS.TXT
/SOURCE/RAREAD/SOURCES.ZIP/RAREAD.C
/SOURCE/RAREAD/SOURCES.ZIP/RAREAD.PRJ
/SOURCE/RAREAD/SOURCES.ZIP/README.TXT
/SOURCE/RAREAD/SOURCES.ZIP/TURBOC.CFG
