/
/APPINFO/
/APPINFO/RSYNC.DE
/APPINFO/RSYNC.FR
/APPINFO/RSYNC.LSM
/APPINFO/RSYNC.SV
/APPINFO/RSYNC.TR
/BIN/
/BIN/RSYNC.EXE
/DOC/
/DOC/RSYNC/
/DOC/RSYNC/README.DOS
/SOURCE/
/SOURCE/RSYNC/
/SOURCE/RSYNC/SOURCES.ZIP/
/SOURCE/RSYNC/SOURCES.ZIP/ACCESS.C
/SOURCE/RSYNC/SOURCES.ZIP/AUTHENT.C
/SOURCE/RSYNC/SOURCES.ZIP/BACKUP.C
/SOURCE/RSYNC/SOURCES.ZIP/BATCH.C
/SOURCE/RSYNC/SOURCES.ZIP/BYTEORD.H
/SOURCE/RSYNC/SOURCES.ZIP/CHECKSUM.C
/SOURCE/RSYNC/SOURCES.ZIP/CLEANUP.C
/SOURCE/RSYNC/SOURCES.ZIP/CLIENTNA.C
/SOURCE/RSYNC/SOURCES.ZIP/CLIENTSV.C
/SOURCE/RSYNC/SOURCES.ZIP/CONFDEFS.H
/SOURCE/RSYNC/SOURCES.ZIP/CONFIG.H
/SOURCE/RSYNC/SOURCES.ZIP/CONNECT.C
/SOURCE/RSYNC/SOURCES.ZIP/D16/
/SOURCE/RSYNC/SOURCES.ZIP/D16/AUTHENT.OBJ
/SOURCE/RSYNC/SOURCES.ZIP/D16/BACKUP.OBJ
/SOURCE/RSYNC/SOURCES.ZIP/D16/BATCH.OBJ
/SOURCE/RSYNC/SOURCES.ZIP/D16/CHECKSUM.OBJ
/SOURCE/RSYNC/SOURCES.ZIP/D16/CLEANUP.OBJ
/SOURCE/RSYNC/SOURCES.ZIP/D16/CLIENTNA.OBJ
/SOURCE/RSYNC/SOURCES.ZIP/D16/CLIENTSV.OBJ
/SOURCE/RSYNC/SOURCES.ZIP/D16/COMPAT.OBJ
/SOURCE/RSYNC/SOURCES.ZIP/D16/DOSSUP.OBJ
/SOURCE/RSYNC/SOURCES.ZIP/D16/ENV.BAT
/SOURCE/RSYNC/SOURCES.ZIP/D16/EXCLUDE.OBJ
/SOURCE/RSYNC/SOURCES.ZIP/D16/FILEIO.OBJ
/SOURCE/RSYNC/SOURCES.ZIP/D16/FINDME.OBJ
/SOURCE/RSYNC/SOURCES.ZIP/D16/FLIST.OBJ
/SOURCE/RSYNC/SOURCES.ZIP/D16/FNMATCH.OBJ
/SOURCE/RSYNC/SOURCES.ZIP/D16/GENERAT.OBJ
/SOURCE/RSYNC/SOURCES.ZIP/D16/GETADDRI.OBJ
/SOURCE/RSYNC/SOURCES.ZIP/D16/GETNAMEI.OBJ
/SOURCE/RSYNC/SOURCES.ZIP/D16/HLINK.OBJ
/SOURCE/RSYNC/SOURCES.ZIP/D16/INET_NTO.OBJ
/SOURCE/RSYNC/SOURCES.ZIP/D16/INET_PTO.OBJ
/SOURCE/RSYNC/SOURCES.ZIP/D16/IO.OBJ
/SOURCE/RSYNC/SOURCES.ZIP/D16/LOADPARM.OBJ
/SOURCE/RSYNC/SOURCES.ZIP/D16/LOG.OBJ
/SOURCE/RSYNC/SOURCES.ZIP/D16/MAIN.OBJ
/SOURCE/RSYNC/SOURCES.ZIP/D16/MAKEFILE
/SOURCE/RSYNC/SOURCES.ZIP/D16/MATCH.OBJ
/SOURCE/RSYNC/SOURCES.ZIP/D16/MDFOUR.OBJ
/SOURCE/RSYNC/SOURCES.ZIP/D16/OPTIONS.OBJ
/SOURCE/RSYNC/SOURCES.ZIP/D16/PARAMS.OBJ
/SOURCE/RSYNC/SOURCES.ZIP/D16/PLIB.BAK
/SOURCE/RSYNC/SOURCES.ZIP/D16/PLIB.LIB
/SOURCE/RSYNC/SOURCES.ZIP/D16/POPT.OBJ
/SOURCE/RSYNC/SOURCES.ZIP/D16/POPTCFG.OBJ
/SOURCE/RSYNC/SOURCES.ZIP/D16/POPTHELP.OBJ
/SOURCE/RSYNC/SOURCES.ZIP/D16/POPTPRSE.OBJ
/SOURCE/RSYNC/SOURCES.ZIP/D16/RCOMPAT.OBJ
/SOURCE/RSYNC/SOURCES.ZIP/D16/RECEIVER.OBJ
/SOURCE/RSYNC/SOURCES.ZIP/D16/RLIB.BAK
/SOURCE/RSYNC/SOURCES.ZIP/D16/RLIB.LIB
/SOURCE/RSYNC/SOURCES.ZIP/D16/RSYNC.EXE
/SOURCE/RSYNC/SOURCES.ZIP/D16/RSYNC.MAP
/SOURCE/RSYNC/SOURCES.ZIP/D16/RSYNC.OBJ
/SOURCE/RSYNC/SOURCES.ZIP/D16/SENDER.OBJ
/SOURCE/RSYNC/SOURCES.ZIP/D16/SNPRINTF.OBJ
/SOURCE/RSYNC/SOURCES.ZIP/D16/SOCKET.OBJ
/SOURCE/RSYNC/SOURCES.ZIP/D16/SYSCALL.OBJ
/SOURCE/RSYNC/SOURCES.ZIP/D16/TOKEN.OBJ
/SOURCE/RSYNC/SOURCES.ZIP/D16/UIDLIST.OBJ
/SOURCE/RSYNC/SOURCES.ZIP/D16/UTIL.OBJ
/SOURCE/RSYNC/SOURCES.ZIP/DOSSUP.C
/SOURCE/RSYNC/SOURCES.ZIP/DOSSUP.H
/SOURCE/RSYNC/SOURCES.ZIP/ERRCODE.H
/SOURCE/RSYNC/SOURCES.ZIP/EXCLUDE.C
/SOURCE/RSYNC/SOURCES.ZIP/FILEIO.C
/SOURCE/RSYNC/SOURCES.ZIP/FLIST.C
/SOURCE/RSYNC/SOURCES.ZIP/GENERAT.C
/SOURCE/RSYNC/SOURCES.ZIP/HLINK.C
/SOURCE/RSYNC/SOURCES.ZIP/IO.C
/SOURCE/RSYNC/SOURCES.ZIP/LIB/
/SOURCE/RSYNC/SOURCES.ZIP/LIB/ADDRINFO.H
/SOURCE/RSYNC/SOURCES.ZIP/LIB/COMPAT.C
/SOURCE/RSYNC/SOURCES.ZIP/LIB/CVSIGNOR
/SOURCE/RSYNC/SOURCES.ZIP/LIB/DUMMY.IN
/SOURCE/RSYNC/SOURCES.ZIP/LIB/FNMATCH.C
/SOURCE/RSYNC/SOURCES.ZIP/LIB/FNMATCH.H
/SOURCE/RSYNC/SOURCES.ZIP/LIB/GETADDRI.C
/SOURCE/RSYNC/SOURCES.ZIP/LIB/GETNAMEI.C
/SOURCE/RSYNC/SOURCES.ZIP/LIB/INET_NTO.C
/SOURCE/RSYNC/SOURCES.ZIP/LIB/INET_PTO.C
/SOURCE/RSYNC/SOURCES.ZIP/LIB/MDFOUR.C
/SOURCE/RSYNC/SOURCES.ZIP/LIB/MDFOUR.H
/SOURCE/RSYNC/SOURCES.ZIP/LIB/PERMSTR.C
/SOURCE/RSYNC/SOURCES.ZIP/LIB/PERMSTR.H
/SOURCE/RSYNC/SOURCES.ZIP/LIB/SNPRINTF.C
/SOURCE/RSYNC/SOURCES.ZIP/LOADPARM.C
/SOURCE/RSYNC/SOURCES.ZIP/LOG.C
/SOURCE/RSYNC/SOURCES.ZIP/MAIN.C
/SOURCE/RSYNC/SOURCES.ZIP/MATCH.C
/SOURCE/RSYNC/SOURCES.ZIP/OPTIONS.C
/SOURCE/RSYNC/SOURCES.ZIP/PARAMS.C
/SOURCE/RSYNC/SOURCES.ZIP/POPT/
/SOURCE/RSYNC/SOURCES.ZIP/POPT/CHANGES
/SOURCE/RSYNC/SOURCES.ZIP/POPT/CONFIG.LOG
/SOURCE/RSYNC/SOURCES.ZIP/POPT/COPYING
/SOURCE/RSYNC/SOURCES.ZIP/POPT/CVSIGNOR
/SOURCE/RSYNC/SOURCES.ZIP/POPT/DUMMY.IN
/SOURCE/RSYNC/SOURCES.ZIP/POPT/FINDME.C
/SOURCE/RSYNC/SOURCES.ZIP/POPT/FINDME.H
/SOURCE/RSYNC/SOURCES.ZIP/POPT/POPT.C
/SOURCE/RSYNC/SOURCES.ZIP/POPT/POPT.H
/SOURCE/RSYNC/SOURCES.ZIP/POPT/POPTCFG.C
/SOURCE/RSYNC/SOURCES.ZIP/POPT/POPTHELP.C
/SOURCE/RSYNC/SOURCES.ZIP/POPT/POPTINT.H
/SOURCE/RSYNC/SOURCES.ZIP/POPT/POPTPRSE.C
/SOURCE/RSYNC/SOURCES.ZIP/POPT/README
/SOURCE/RSYNC/SOURCES.ZIP/POPT/README.RSY
/SOURCE/RSYNC/SOURCES.ZIP/POPT/SYSTEM.H
/SOURCE/RSYNC/SOURCES.ZIP/PROTO.H
/SOURCE/RSYNC/SOURCES.ZIP/RCOMPAT.C
/SOURCE/RSYNC/SOURCES.ZIP/README.DOS
/SOURCE/RSYNC/SOURCES.ZIP/RECEIVER.C
/SOURCE/RSYNC/SOURCES.ZIP/RSYNC.C
/SOURCE/RSYNC/SOURCES.ZIP/RSYNC.H
/SOURCE/RSYNC/SOURCES.ZIP/SENDER.C
/SOURCE/RSYNC/SOURCES.ZIP/SOCKET.C
/SOURCE/RSYNC/SOURCES.ZIP/SYSCALL.C
/SOURCE/RSYNC/SOURCES.ZIP/TOKEN.C
/SOURCE/RSYNC/SOURCES.ZIP/UIDLIST.C
/SOURCE/RSYNC/SOURCES.ZIP/UTIL.C
/SOURCE/RSYNC/SOURCES.ZIP/WATTCP/
/SOURCE/RSYNC/SOURCES.ZIP/WATTCP/INC/
/SOURCE/RSYNC/SOURCES.ZIP/WATTCP/INC/ARPA/
/SOURCE/RSYNC/SOURCES.ZIP/WATTCP/INC/ARPA/FTP.H
/SOURCE/RSYNC/SOURCES.ZIP/WATTCP/INC/ARPA/INET.H
/SOURCE/RSYNC/SOURCES.ZIP/WATTCP/INC/ARPA/NAMESER.H
/SOURCE/RSYNC/SOURCES.ZIP/WATTCP/INC/ARPA/TELNET.H
/SOURCE/RSYNC/SOURCES.ZIP/WATTCP/INC/ARPA/TFTP.H
/SOURCE/RSYNC/SOURCES.ZIP/WATTCP/INC/COPYING.BSD
/SOURCE/RSYNC/SOURCES.ZIP/WATTCP/INC/NET/
/SOURCE/RSYNC/SOURCES.ZIP/WATTCP/INC/NET/BPF.H
/SOURCE/RSYNC/SOURCES.ZIP/WATTCP/INC/NET/BPFDESC.H
/SOURCE/RSYNC/SOURCES.ZIP/WATTCP/INC/NET/ETHERTYP.H
/SOURCE/RSYNC/SOURCES.ZIP/WATTCP/INC/NET/IF.H
/SOURCE/RSYNC/SOURCES.ZIP/WATTCP/INC/NET/IF_ARC.H
/SOURCE/RSYNC/SOURCES.ZIP/WATTCP/INC/NET/IF_ARP.H
/SOURCE/RSYNC/SOURCES.ZIP/WATTCP/INC/NET/IF_ATM.H
/SOURCE/RSYNC/SOURCES.ZIP/WATTCP/INC/NET/IF_DL.H
/SOURCE/RSYNC/SOURCES.ZIP/WATTCP/INC/NET/IF_ETHER.H
/SOURCE/RSYNC/SOURCES.ZIP/WATTCP/INC/NET/IF_FDDI.H
/SOURCE/RSYNC/SOURCES.ZIP/WATTCP/INC/NET/IF_LLC.H
/SOURCE/RSYNC/SOURCES.ZIP/WATTCP/INC/NET/IF_MEDIA.H
/SOURCE/RSYNC/SOURCES.ZIP/WATTCP/INC/NET/IF_PPP.H
/SOURCE/RSYNC/SOURCES.ZIP/WATTCP/INC/NET/IF_PPPVA.H
/SOURCE/RSYNC/SOURCES.ZIP/WATTCP/INC/NET/IF_SLVAR.H
/SOURCE/RSYNC/SOURCES.ZIP/WATTCP/INC/NET/IF_STRIP.H
/SOURCE/RSYNC/SOURCES.ZIP/WATTCP/INC/NET/IF_TUN.H
/SOURCE/RSYNC/SOURCES.ZIP/WATTCP/INC/NET/IF_TYPES.H
/SOURCE/RSYNC/SOURCES.ZIP/WATTCP/INC/NET/NETISR.H
/SOURCE/RSYNC/SOURCES.ZIP/WATTCP/INC/NET/PFIL.H
/SOURCE/RSYNC/SOURCES.ZIP/WATTCP/INC/NET/PPP-COMP.H
/SOURCE/RSYNC/SOURCES.ZIP/WATTCP/INC/NET/PPP_DEFS.H
/SOURCE/RSYNC/SOURCES.ZIP/WATTCP/INC/NET/RADIX.H
/SOURCE/RSYNC/SOURCES.ZIP/WATTCP/INC/NET/RAW_CB.H
/SOURCE/RSYNC/SOURCES.ZIP/WATTCP/INC/NET/ROUTE.H
/SOURCE/RSYNC/SOURCES.ZIP/WATTCP/INC/NET/SLCOMPRE.H
/SOURCE/RSYNC/SOURCES.ZIP/WATTCP/INC/NET/SLIP.H
/SOURCE/RSYNC/SOURCES.ZIP/WATTCP/INC/NETDB.H
/SOURCE/RSYNC/SOURCES.ZIP/WATTCP/INC/NETINET/
/SOURCE/RSYNC/SOURCES.ZIP/WATTCP/INC/NETINET/ICMPV6.H
/SOURCE/RSYNC/SOURCES.ZIP/WATTCP/INC/NETINET/ICMP_VAR.H
/SOURCE/RSYNC/SOURCES.ZIP/WATTCP/INC/NETINET/IF_ETHER.H
/SOURCE/RSYNC/SOURCES.ZIP/WATTCP/INC/NETINET/IF_FDDI.H
/SOURCE/RSYNC/SOURCES.ZIP/WATTCP/INC/NETINET/IGMP.H
/SOURCE/RSYNC/SOURCES.ZIP/WATTCP/INC/NETINET/IGMP_VAR.H
/SOURCE/RSYNC/SOURCES.ZIP/WATTCP/INC/NETINET/IN.H
/SOURCE/RSYNC/SOURCES.ZIP/WATTCP/INC/NETINET/IN_PCB.H
/SOURCE/RSYNC/SOURCES.ZIP/WATTCP/INC/NETINET/IN_SYSTM.H
/SOURCE/RSYNC/SOURCES.ZIP/WATTCP/INC/NETINET/IN_VAR.H
/SOURCE/RSYNC/SOURCES.ZIP/WATTCP/INC/NETINET/IP.H
/SOURCE/RSYNC/SOURCES.ZIP/WATTCP/INC/NETINET/IPV6.H
/SOURCE/RSYNC/SOURCES.ZIP/WATTCP/INC/NETINET/IP_FW.H
/SOURCE/RSYNC/SOURCES.ZIP/WATTCP/INC/NETINET/IP_ICMP.H
/SOURCE/RSYNC/SOURCES.ZIP/WATTCP/INC/NETINET/IP_MROUT.H
/SOURCE/RSYNC/SOURCES.ZIP/WATTCP/INC/NETINET/IP_VAR.H
/SOURCE/RSYNC/SOURCES.ZIP/WATTCP/INC/NETINET/ND6.H
/SOURCE/RSYNC/SOURCES.ZIP/WATTCP/INC/NETINET/TCP.H
/SOURCE/RSYNC/SOURCES.ZIP/WATTCP/INC/NETINET/TCPIP.H
/SOURCE/RSYNC/SOURCES.ZIP/WATTCP/INC/NETINET/TCP_DEBU.H
/SOURCE/RSYNC/SOURCES.ZIP/WATTCP/INC/NETINET/TCP_FSM.H
/SOURCE/RSYNC/SOURCES.ZIP/WATTCP/INC/NETINET/TCP_SCOR.H
/SOURCE/RSYNC/SOURCES.ZIP/WATTCP/INC/NETINET/TCP_SEQ.H
/SOURCE/RSYNC/SOURCES.ZIP/WATTCP/INC/NETINET/TCP_TIME.H
/SOURCE/RSYNC/SOURCES.ZIP/WATTCP/INC/NETINET/TCP_VAR.H
/SOURCE/RSYNC/SOURCES.ZIP/WATTCP/INC/NETINET/UDP.H
/SOURCE/RSYNC/SOURCES.ZIP/WATTCP/INC/NETINET/UDP_VAR.H
/SOURCE/RSYNC/SOURCES.ZIP/WATTCP/INC/PROTOCOL/
/SOURCE/RSYNC/SOURCES.ZIP/WATTCP/INC/PROTOCOL/DUMPREST.H
/SOURCE/RSYNC/SOURCES.ZIP/WATTCP/INC/PROTOCOL/ROUTED.H
/SOURCE/RSYNC/SOURCES.ZIP/WATTCP/INC/PROTOCOL/RWHOD.H
/SOURCE/RSYNC/SOURCES.ZIP/WATTCP/INC/PROTOCOL/TALKD.H
/SOURCE/RSYNC/SOURCES.ZIP/WATTCP/INC/PROTOCOL/TIMED.H
/SOURCE/RSYNC/SOURCES.ZIP/WATTCP/INC/RESOLV.H
/SOURCE/RSYNC/SOURCES.ZIP/WATTCP/INC/RPC/
/SOURCE/RSYNC/SOURCES.ZIP/WATTCP/INC/RPC/AUTH.H
/SOURCE/RSYNC/SOURCES.ZIP/WATTCP/INC/RPC/AUTH_DES.H
/SOURCE/RSYNC/SOURCES.ZIP/WATTCP/INC/RPC/AUTH_UNI.H
/SOURCE/RSYNC/SOURCES.ZIP/WATTCP/INC/RPC/CLNT.H
/SOURCE/RSYNC/SOURCES.ZIP/WATTCP/INC/RPC/KEY_PROT.H
/SOURCE/RSYNC/SOURCES.ZIP/WATTCP/INC/RPC/PMAP_CLN.H
/SOURCE/RSYNC/SOURCES.ZIP/WATTCP/INC/RPC/PMAP_PRO.H
/SOURCE/RSYNC/SOURCES.ZIP/WATTCP/INC/RPC/PMAP_RMT.H
/SOURCE/RSYNC/SOURCES.ZIP/WATTCP/INC/RPC/RPC.H
/SOURCE/RSYNC/SOURCES.ZIP/WATTCP/INC/RPC/RPC_MSG.H
/SOURCE/RSYNC/SOURCES.ZIP/WATTCP/INC/RPC/SVC.H
/SOURCE/RSYNC/SOURCES.ZIP/WATTCP/INC/RPC/SVC_AUTH.H
/SOURCE/RSYNC/SOURCES.ZIP/WATTCP/INC/RPC/TYPES.H
/SOURCE/RSYNC/SOURCES.ZIP/WATTCP/INC/RPC/XDR.H
/SOURCE/RSYNC/SOURCES.ZIP/WATTCP/INC/RPCSVC/
/SOURCE/RSYNC/SOURCES.ZIP/WATTCP/INC/RPCSVC/YPCLNT.H
/SOURCE/RSYNC/SOURCES.ZIP/WATTCP/INC/RPCSVC/YP_PROT.H
/SOURCE/RSYNC/SOURCES.ZIP/WATTCP/INC/SYS/
/SOURCE/RSYNC/SOURCES.ZIP/WATTCP/INC/SYS/BORLAND.ERR
/SOURCE/RSYNC/SOURCES.ZIP/WATTCP/INC/SYS/CDEFS.H
/SOURCE/RSYNC/SOURCES.ZIP/WATTCP/INC/SYS/DJGPP.ERR
/SOURCE/RSYNC/SOURCES.ZIP/WATTCP/INC/SYS/ERRNO.H
/SOURCE/RSYNC/SOURCES.ZIP/WATTCP/INC/SYS/IOCTL.H
/SOURCE/RSYNC/SOURCES.ZIP/WATTCP/INC/SYS/METAWARE.ERR
/SOURCE/RSYNC/SOURCES.ZIP/WATTCP/INC/SYS/MSOFT.ERR
/SOURCE/RSYNC/SOURCES.ZIP/WATTCP/INC/SYS/MSOFT32.ERR
/SOURCE/RSYNC/SOURCES.ZIP/WATTCP/INC/SYS/PACKOFF.H
/SOURCE/RSYNC/SOURCES.ZIP/WATTCP/INC/SYS/PACKON.H
/SOURCE/RSYNC/SOURCES.ZIP/WATTCP/INC/SYS/PARAM.H
/SOURCE/RSYNC/SOURCES.ZIP/WATTCP/INC/SYS/QUEUE.H
/SOURCE/RSYNC/SOURCES.ZIP/WATTCP/INC/SYS/SOCKET.H
/SOURCE/RSYNC/SOURCES.ZIP/WATTCP/INC/SYS/SO_IOCTL.H
/SOURCE/RSYNC/SOURCES.ZIP/WATTCP/INC/SYS/SWAP.H
/SOURCE/RSYNC/SOURCES.ZIP/WATTCP/INC/SYS/SYSLOG.H
/SOURCE/RSYNC/SOURCES.ZIP/WATTCP/INC/SYS/TURBOC.ERR
/SOURCE/RSYNC/SOURCES.ZIP/WATTCP/INC/SYS/WATCOM.ERR
/SOURCE/RSYNC/SOURCES.ZIP/WATTCP/INC/SYS/WERRNO.H
/SOURCE/RSYNC/SOURCES.ZIP/WATTCP/INC/SYS/WTIME.H
/SOURCE/RSYNC/SOURCES.ZIP/WATTCP/INC/SYS/WTYPES.H
/SOURCE/RSYNC/SOURCES.ZIP/WATTCP/INC/SYSLOG.H
/SOURCE/RSYNC/SOURCES.ZIP/WATTCP/INC/TCP.H
/SOURCE/RSYNC/SOURCES.ZIP/WATTCP/INC/WINSOCK.H
/SOURCE/RSYNC/SOURCES.ZIP/WATTCP/LIB/
/SOURCE/RSYNC/SOURCES.ZIP/WATTCP/LIB/WATTCPBL.LIB
/SOURCE/RSYNC/SOURCES.ZIP/ZLIB/
/SOURCE/RSYNC/SOURCES.ZIP/ZLIB/ZCONF.H
/SOURCE/RSYNC/SOURCES.ZIP/ZLIB/ZLIB.H
