/
/APPINFO/
/APPINFO/SAMCFG.DE
/APPINFO/SAMCFG.FR
/APPINFO/SAMCFG.LSM
/APPINFO/SAMCFG.SV
/APPINFO/SAMCFG.TR
/HELP/
/HELP/SAMCFG/
/HELP/SAMCFG/AUTOEXEC.TXT
/HELP/SAMCFG/BIN/
/HELP/SAMCFG/BIN/CPULEVEL.COM
/HELP/SAMCFG/BIN/FART.EXE
/HELP/SAMCFG/BIN/FINDDISK.COM
/HELP/SAMCFG/BIN/FINDFDCD.BAT
/HELP/SAMCFG/BIN/OSCHECK.COM
/HELP/SAMCFG/BIN/PCISLEEP.COM
/HELP/SAMCFG/BIN/WHICHFAT.COM
/HELP/SAMCFG/BIN/XMSSIZE.COM
/HELP/SAMCFG/CONFIG.TXT
/HELP/SAMCFG/LOCALIZE.TXT
/HELP/SAMCFG/POSTINST.TXT
/HELP/SAMCFG/POSTSET.TXT
/HELP/SAMCFG/SAMCFG.EN
/HELP/SAMCFG/SAMCFG.TXT
/SOURCE/
/SOURCE/SAMCFG/
/SOURCE/SAMCFG/SOURCES.ZIP/
/SOURCE/SAMCFG/SOURCES.ZIP/CPULEVEL.ASM
/SOURCE/SAMCFG/SOURCES.ZIP/FINDDISK.ASM
/SOURCE/SAMCFG/SOURCES.ZIP/OSCHECK.ASM
/SOURCE/SAMCFG/SOURCES.ZIP/PCISLEEP.ASM
/SOURCE/SAMCFG/SOURCES.ZIP/WHICHFAT.ASM
/SOURCE/SAMCFG/SOURCES.ZIP/XMSSIZE.ASM
