/
/APPINFO/
/APPINFO/SAYSWHO.FR
/APPINFO/SAYSWHO.LSM
/APPINFO/SAYSWHO.TR
/BATLINKS/
/BATLINKS/SAYSWHO.BAT
/GAMES/
/GAMES/SAYSWHO/
/GAMES/SAYSWHO/SAYSWHO.EXE
/SOURCE/
/SOURCE/SAYSWHO/
/SOURCE/SAYSWHO/SOURCES.ZIP/
/SOURCE/SAYSWHO/SOURCES.ZIP/BUILD.BAT
/SOURCE/SAYSWHO/SOURCES.ZIP/CHANGELOG
/SOURCE/SAYSWHO/SOURCES.ZIP/INTRO.INC
/SOURCE/SAYSWHO/SOURCES.ZIP/LICENSE
/SOURCE/SAYSWHO/SOURCES.ZIP/README.md
/SOURCE/SAYSWHO/SOURCES.ZIP/SAYSWHO/
/SOURCE/SAYSWHO/SOURCES.ZIP/SAYSWHO/0H.IGG
/SOURCE/SAYSWHO/SOURCES.ZIP/SAYSWHO/0L.IGG
/SOURCE/SAYSWHO/SOURCES.ZIP/SAYSWHO/1H.IGG
/SOURCE/SAYSWHO/SOURCES.ZIP/SAYSWHO/1L.IGG
/SOURCE/SAYSWHO/SOURCES.ZIP/SAYSWHO/2H.IGG
/SOURCE/SAYSWHO/SOURCES.ZIP/SAYSWHO/2L.IGG
/SOURCE/SAYSWHO/SOURCES.ZIP/SAYSWHO/3H.IGG
/SOURCE/SAYSWHO/SOURCES.ZIP/SAYSWHO/3L.IGG
/SOURCE/SAYSWHO/SOURCES.ZIP/SAYSWHO/FONTS/
/SOURCE/SAYSWHO/SOURCES.ZIP/SAYSWHO/FONTS/1012N-FR.FNT
/SOURCE/SAYSWHO/SOURCES.ZIP/SAYSWHO/FONTS/1012N-TR.FNT
/SOURCE/SAYSWHO/SOURCES.ZIP/SAYSWHO/FONTS/1214N-EN.FNT
/SOURCE/SAYSWHO/SOURCES.ZIP/SAYSWHO/GOODBYE.DE
/SOURCE/SAYSWHO/SOURCES.ZIP/SAYSWHO/GOODBYE.EN
/SOURCE/SAYSWHO/SOURCES.ZIP/SAYSWHO/GOODBYE.ES
/SOURCE/SAYSWHO/SOURCES.ZIP/SAYSWHO/GOODBYE.FR
/SOURCE/SAYSWHO/SOURCES.ZIP/SAYSWHO/GOODBYE.RU
/SOURCE/SAYSWHO/SOURCES.ZIP/SAYSWHO/GOODBYE.TR
/SOURCE/SAYSWHO/SOURCES.ZIP/SAYSWHO/HELPTXT.DE
/SOURCE/SAYSWHO/SOURCES.ZIP/SAYSWHO/HELPTXT.EN
/SOURCE/SAYSWHO/SOURCES.ZIP/SAYSWHO/HELPTXT.FR
/SOURCE/SAYSWHO/SOURCES.ZIP/SAYSWHO/HELPTXT.TR
/SOURCE/SAYSWHO/SOURCES.ZIP/SAYSWHO/PBDE160.IGG
/SOURCE/SAYSWHO/SOURCES.ZIP/SAYSWHO/POFD160.IGG
/SOURCE/SAYSWHO/SOURCES.ZIP/SAYSWHO/SAYSWHO.DE
/SOURCE/SAYSWHO/SOURCES.ZIP/SAYSWHO/SAYSWHO.EN
/SOURCE/SAYSWHO/SOURCES.ZIP/SAYSWHO/SAYSWHO.FR
/SOURCE/SAYSWHO/SOURCES.ZIP/SAYSWHO/SAYSWHO.TR
/SOURCE/SAYSWHO/SOURCES.ZIP/SAYSWHO/SPLAT160.IGG
/SOURCE/SAYSWHO/SOURCES.ZIP/SAYSWHO.LSM
/SOURCE/SAYSWHO/SOURCES.ZIP/SAYSWHO.PAS
