/
/APPINFO/
/APPINFO/SMILEY.DE
/APPINFO/SMILEY.FR
/APPINFO/SMILEY.LSM
/APPINFO/SMILEY.SV
/APPINFO/SMILEY.TR
/BATLINKS/
/BATLINKS/SMILEY.BAT
/GAMES/
/GAMES/SMILEY/
/GAMES/SMILEY/SMILEY.EXE
/SOURCE/
/SOURCE/SMILEY/
/SOURCE/SMILEY/SOURCES.ZIP/
/SOURCE/SMILEY/SOURCES.ZIP/BUILD.BAT
/SOURCE/SMILEY/SOURCES.ZIP/CHANGELOG
/SOURCE/SMILEY/SOURCES.ZIP/INTRO.PAS
/SOURCE/SMILEY/SOURCES.ZIP/LICENSE
/SOURCE/SMILEY/SOURCES.ZIP/README.md
/SOURCE/SMILEY/SOURCES.ZIP/smiley/
/SOURCE/SMILEY/SOURCES.ZIP/smiley/BORDERB.IGG
/SOURCE/SMILEY/SOURCES.ZIP/smiley/BORDERBC.IGG
/SOURCE/SMILEY/SOURCES.ZIP/smiley/BORDERBE.IGG
/SOURCE/SMILEY/SOURCES.ZIP/smiley/BORDERS.IGG
/SOURCE/SMILEY/SOURCES.ZIP/smiley/BORDERT.IGG
/SOURCE/SMILEY/SOURCES.ZIP/smiley/BORDERTC.IGG
/SOURCE/SMILEY/SOURCES.ZIP/smiley/BORDERTE.IGG
/SOURCE/SMILEY/SOURCES.ZIP/smiley/GOODBYE.EN
/SOURCE/SMILEY/SOURCES.ZIP/smiley/PADDLE.IGS
/SOURCE/SMILEY/SOURCES.ZIP/smiley/SMILE.IGG
/SOURCE/SMILEY/SOURCES.ZIP/smiley/SMILEY.BMP
/SOURCE/SMILEY/SOURCES.ZIP/smiley/SMILEY.EN
/SOURCE/SMILEY/SOURCES.ZIP/smiley/SMILEY.IGS
/SOURCE/SMILEY/SOURCES.ZIP/smiley/fonts/
/SOURCE/SMILEY/SOURCES.ZIP/smiley/fonts/1012N-EN.FNT
/SOURCE/SMILEY/SOURCES.ZIP/SMILEY.LSM
/SOURCE/SMILEY/SOURCES.ZIP/SMILEY.PAS
