/
/APPINFO/
/APPINFO/SSH2DOS.DE
/APPINFO/SSH2DOS.FR
/APPINFO/SSH2DOS.LSM
/APPINFO/SSH2DOS.SV
/APPINFO/SSH2DOS.TR
/DOC/
/DOC/SSH2DOS/
/DOC/SSH2DOS/BUGS
/DOC/SSH2DOS/DRAFTS/
/DOC/SSH2DOS/DRAFTS/ARCHITEC.TXT
/DOC/SSH2DOS/DRAFTS/CONNECT.TXT
/DOC/SSH2DOS/DRAFTS/FILEXFER.TXT
/DOC/SSH2DOS/DRAFTS/KBDINTER.TXT
/DOC/SSH2DOS/DRAFTS/TRANSPRT.TXT
/DOC/SSH2DOS/DRAFTS/USERAUTH.TXT
/DOC/SSH2DOS/HISTORY
/DOC/SSH2DOS/README
/DOC/SSH2DOS/TODO
/NET/
/NET/SSH2DOS/
/NET/SSH2DOS/CONTRIB/
/NET/SSH2DOS/CONTRIB/CODEPAGE/
/NET/SSH2DOS/CONTRIB/CODEPAGE/CODEPAGE.TXT
/NET/SSH2DOS/CONTRIB/CODEPAGE/ISOKB850.COM
/NET/SSH2DOS/CONTRIB/CODEPAGE/ISOKB852.COM
/NET/SSH2DOS/CONTRIB/CODEPAGE/ISOKB857.COM
/NET/SSH2DOS/CONTRIB/CODEPAGE/ISOKB866.COM
/NET/SSH2DOS/CONTRIB/CODEPAGE/ISOLATIN.CPI
/NET/SSH2DOS/CONTRIB/CODEPAGE/ISOOTHER.CPI
/NET/SSH2DOS/CONTRIB/CODEPAGE/KOI8.COM
/NET/SSH2DOS/CONTRIB/CODEPAGE/KOI8.CPI
/NET/SSH2DOS/CONTRIB/FRONTEND/
/NET/SSH2DOS/CONTRIB/FRONTEND/COPYING
/NET/SSH2DOS/CONTRIB/FRONTEND/FRONTEND.TXT
/NET/SSH2DOS/CONTRIB/FRONTEND/SSH.EXE
/NET/SSH2DOS/CONTRIB/FRONTEND/SSH2.CFG
/NET/SSH2DOS/CONTRIB/KEYCODES/
/NET/SSH2DOS/CONTRIB/KEYCODES/COPYING
/NET/SSH2DOS/CONTRIB/KEYCODES/KEYCODES.COM
/NET/SSH2DOS/COPYING
/NET/SSH2DOS/LINUX.KBD
/NET/SSH2DOS/SCP2D386.EXE
/NET/SSH2DOS/SCP2DOS.EXE
/NET/SSH2DOS/SFTPD386.EXE
/NET/SSH2DOS/SFTPDOS.EXE
/NET/SSH2DOS/SSH2D386.EXE
/NET/SSH2DOS/SSH2DOS.EXE
/NET/SSH2DOS/TEL386.EXE
/NET/SSH2DOS/TELNET.EXE
/NET/SSH2DOS/VT100.KBD
/NET/SSH2DOS/VT340.KBD
/NET/SSH2DOS/WATTCP.CFG
/NET/SSH2DOS/X-COLOR.KBD
/SOURCE/
/SOURCE/SSH2DOS/
/SOURCE/SSH2DOS/SOURCES.ZIP/
/SOURCE/SSH2DOS/SOURCES.ZIP/AUTH.C
/SOURCE/SSH2DOS/SOURCES.ZIP/CHANNEL.C
/SOURCE/SSH2DOS/SOURCES.ZIP/COMMON.C
/SOURCE/SSH2DOS/SOURCES.ZIP/CONTRIB/
/SOURCE/SSH2DOS/SOURCES.ZIP/CONTRIB/FRONTEND/
/SOURCE/SSH2DOS/SOURCES.ZIP/CONTRIB/FRONTEND/COPYING
/SOURCE/SSH2DOS/SOURCES.ZIP/CONTRIB/FRONTEND/FRONTEND.TXT
/SOURCE/SSH2DOS/SOURCES.ZIP/CONTRIB/FRONTEND/GETOPT.C
/SOURCE/SSH2DOS/SOURCES.ZIP/CONTRIB/FRONTEND/GETOPT.H
/SOURCE/SSH2DOS/SOURCES.ZIP/CONTRIB/FRONTEND/MAKEF386
/SOURCE/SSH2DOS/SOURCES.ZIP/CONTRIB/FRONTEND/MAKEFILE
/SOURCE/SSH2DOS/SOURCES.ZIP/CONTRIB/FRONTEND/REGEX.C
/SOURCE/SSH2DOS/SOURCES.ZIP/CONTRIB/FRONTEND/REGEX.H
/SOURCE/SSH2DOS/SOURCES.ZIP/CONTRIB/FRONTEND/SSH.C
/SOURCE/SSH2DOS/SOURCES.ZIP/CONTRIB/FRONTEND/SSH1.CFG
/SOURCE/SSH2DOS/SOURCES.ZIP/CONTRIB/FRONTEND/SSH2.CFG
/SOURCE/SSH2DOS/SOURCES.ZIP/CONTRIB/KEYCODES/
/SOURCE/SSH2DOS/SOURCES.ZIP/CONTRIB/KEYCODES/COPYING
/SOURCE/SSH2DOS/SOURCES.ZIP/CONTRIB/KEYCODES/KEYCODES.ASM
/SOURCE/SSH2DOS/SOURCES.ZIP/COPYING
/SOURCE/SSH2DOS/SOURCES.ZIP/DOCS/
/SOURCE/SSH2DOS/SOURCES.ZIP/DOCS/BUGS
/SOURCE/SSH2DOS/SOURCES.ZIP/DOCS/DRAFTS/
/SOURCE/SSH2DOS/SOURCES.ZIP/DOCS/DRAFTS/ARCHITEC.TXT
/SOURCE/SSH2DOS/SOURCES.ZIP/DOCS/DRAFTS/CONNECT.TXT
/SOURCE/SSH2DOS/SOURCES.ZIP/DOCS/DRAFTS/FILEXFER.TXT
/SOURCE/SSH2DOS/SOURCES.ZIP/DOCS/DRAFTS/KBDINTER.TXT
/SOURCE/SSH2DOS/SOURCES.ZIP/DOCS/DRAFTS/TRANSPRT.TXT
/SOURCE/SSH2DOS/SOURCES.ZIP/DOCS/DRAFTS/USERAUTH.TXT
/SOURCE/SSH2DOS/SOURCES.ZIP/DOCS/HISTORY
/SOURCE/SSH2DOS/SOURCES.ZIP/DOCS/README
/SOURCE/SSH2DOS/SOURCES.ZIP/DOCS/TODO
/SOURCE/SSH2DOS/SOURCES.ZIP/INCLUDE/
/SOURCE/SSH2DOS/SOURCES.ZIP/INCLUDE/AUTH.H
/SOURCE/SSH2DOS/SOURCES.ZIP/INCLUDE/CHANNEL.H
/SOURCE/SSH2DOS/SOURCES.ZIP/INCLUDE/COMMON.H
/SOURCE/SSH2DOS/SOURCES.ZIP/INCLUDE/CONFIG.H
/SOURCE/SSH2DOS/SOURCES.ZIP/INCLUDE/INT64.H
/SOURCE/SSH2DOS/SOURCES.ZIP/INCLUDE/KEYIO.H
/SOURCE/SSH2DOS/SOURCES.ZIP/INCLUDE/KEYMAP.H
/SOURCE/SSH2DOS/SOURCES.ZIP/INCLUDE/MACROS.H
/SOURCE/SSH2DOS/SOURCES.ZIP/INCLUDE/NEGOTIAT.H
/SOURCE/SSH2DOS/SOURCES.ZIP/INCLUDE/PROXY.H
/SOURCE/SSH2DOS/SOURCES.ZIP/INCLUDE/PUBKEY.H
/SOURCE/SSH2DOS/SOURCES.ZIP/INCLUDE/SFTP.H
/SOURCE/SSH2DOS/SOURCES.ZIP/INCLUDE/SHELL.H
/SOURCE/SSH2DOS/SOURCES.ZIP/INCLUDE/SSH.H
/SOURCE/SSH2DOS/SOURCES.ZIP/INCLUDE/SSHBN.H
/SOURCE/SSH2DOS/SOURCES.ZIP/INCLUDE/SSHMD5.H
/SOURCE/SSH2DOS/SOURCES.ZIP/INCLUDE/SSHSHA.H
/SOURCE/SSH2DOS/SOURCES.ZIP/INCLUDE/TELNET.H
/SOURCE/SSH2DOS/SOURCES.ZIP/INCLUDE/TRANSPRT.H
/SOURCE/SSH2DOS/SOURCES.ZIP/INCLUDE/TYPE.H
/SOURCE/SSH2DOS/SOURCES.ZIP/INCLUDE/VERSION.H
/SOURCE/SSH2DOS/SOURCES.ZIP/INCLUDE/VIDIO.H
/SOURCE/SSH2DOS/SOURCES.ZIP/INCLUDE/VTTIO.H
/SOURCE/SSH2DOS/SOURCES.ZIP/INCLUDE/ZCONF.H
/SOURCE/SSH2DOS/SOURCES.ZIP/INCLUDE/ZLIB.H
/SOURCE/SSH2DOS/SOURCES.ZIP/INT64.C
/SOURCE/SSH2DOS/SOURCES.ZIP/KEYIO.C
/SOURCE/SSH2DOS/SOURCES.ZIP/KEYMAP.C
/SOURCE/SSH2DOS/SOURCES.ZIP/LINUX.KBD
/SOURCE/SSH2DOS/SOURCES.ZIP/NEGOTIAT.C
/SOURCE/SSH2DOS/SOURCES.ZIP/PROXY.C
/SOURCE/SSH2DOS/SOURCES.ZIP/SCP2D386.LNK
/SOURCE/SSH2DOS/SOURCES.ZIP/SCP2DOS.LNK
/SOURCE/SSH2DOS/SOURCES.ZIP/SCPDOS.C
/SOURCE/SSH2DOS/SOURCES.ZIP/SFTP.C
/SOURCE/SSH2DOS/SOURCES.ZIP/SFTPD386.LNK
/SOURCE/SSH2DOS/SOURCES.ZIP/SFTPDOS.C
/SOURCE/SSH2DOS/SOURCES.ZIP/SFTPDOS.LNK
/SOURCE/SSH2DOS/SOURCES.ZIP/SHELL.C
/SOURCE/SSH2DOS/SOURCES.ZIP/SSH2D386.LNK
/SOURCE/SSH2DOS/SOURCES.ZIP/SSH2DOS.C
/SOURCE/SSH2DOS/SOURCES.ZIP/SSH2DOS.LNK
/SOURCE/SSH2DOS/SOURCES.ZIP/SSHAES.C
/SOURCE/SSH2DOS/SOURCES.ZIP/SSHBN.C
/SOURCE/SSH2DOS/SOURCES.ZIP/SSHDES.C
/SOURCE/SSH2DOS/SOURCES.ZIP/SSHDSS.C
/SOURCE/SSH2DOS/SOURCES.ZIP/SSHMD5.C
/SOURCE/SSH2DOS/SOURCES.ZIP/SSHPUBK.C
/SOURCE/SSH2DOS/SOURCES.ZIP/SSHRSA.C
/SOURCE/SSH2DOS/SOURCES.ZIP/SSHSH512.C
/SOURCE/SSH2DOS/SOURCES.ZIP/SSHSHA.C
/SOURCE/SSH2DOS/SOURCES.ZIP/TEL386.LNK
/SOURCE/SSH2DOS/SOURCES.ZIP/TELNET.C
/SOURCE/SSH2DOS/SOURCES.ZIP/TELNET.LNK
/SOURCE/SSH2DOS/SOURCES.ZIP/TRANSPRT.C
/SOURCE/SSH2DOS/SOURCES.ZIP/VIDIO.C
/SOURCE/SSH2DOS/SOURCES.ZIP/VT100.KBD
/SOURCE/SSH2DOS/SOURCES.ZIP/VT340.KBD
/SOURCE/SSH2DOS/SOURCES.ZIP/VTTIO.C
/SOURCE/SSH2DOS/SOURCES.ZIP/WATCOM_F.MAK
/SOURCE/SSH2DOS/SOURCES.ZIP/WATCOM_L.MAK
/SOURCE/SSH2DOS/SOURCES.ZIP/WATTCP.CFG
/SOURCE/SSH2DOS/SOURCES.ZIP/X-COLOR.KBD
