/
/APPINFO/
/APPINFO/SSHDOS.DE
/APPINFO/SSHDOS.FR
/APPINFO/SSHDOS.LSM
/APPINFO/SSHDOS.SV
/APPINFO/SSHDOS.TR
/DOC/
/DOC/SSHDOS/
/DOC/SSHDOS/bugs
/DOC/SSHDOS/codepage
/DOC/SSHDOS/history
/DOC/SSHDOS/readme
/DOC/SSHDOS/rfc
/DOC/SSHDOS/todo
/NET/
/NET/SSH/
/NET/SSH/CONTRIB/
/NET/SSH/CONTRIB/codepage/
/NET/SSH/CONTRIB/codepage/codepage
/NET/SSH/CONTRIB/codepage/isokb850.com
/NET/SSH/CONTRIB/codepage/isokb852.com
/NET/SSH/CONTRIB/codepage/isokb857.com
/NET/SSH/CONTRIB/codepage/isokb866.com
/NET/SSH/CONTRIB/codepage/isolatin.cpi
/NET/SSH/CONTRIB/codepage/isoother.cpi
/NET/SSH/CONTRIB/codepage/koi8.com
/NET/SSH/CONTRIB/codepage/koi8.cpi
/NET/SSH/CONTRIB/frontend/
/NET/SSH/CONTRIB/frontend/copying
/NET/SSH/CONTRIB/frontend/frontend.txt
/NET/SSH/CONTRIB/frontend/ssh.exe
/NET/SSH/CONTRIB/frontend/ssh1.cfg
/NET/SSH/CONTRIB/keycodes/
/NET/SSH/CONTRIB/keycodes/copying
/NET/SSH/CONTRIB/keycodes/keycodes.com
/NET/SSH/copying
/NET/SSH/linux.kbd
/NET/SSH/scpd386.exe
/NET/SSH/scpdos.exe
/NET/SSH/sshd386.exe
/NET/SSH/sshdos.exe
/NET/SSH/tel386.exe
/NET/SSH/telnet.exe
/NET/SSH/vt100.kbd
/NET/SSH/wattcp.cfg
/NET/SSH/x-color.kbd
/SOURCE/
/SOURCE/SSHDOS/
/SOURCE/SSHDOS/SOURCES.ZIP/
/SOURCE/SSHDOS/SOURCES.ZIP/auth.c
/SOURCE/SSHDOS/SOURCES.ZIP/common.c
/SOURCE/SSHDOS/SOURCES.ZIP/contrib/
/SOURCE/SSHDOS/SOURCES.ZIP/contrib/codepage/
/SOURCE/SSHDOS/SOURCES.ZIP/contrib/codepage/codepage
/SOURCE/SSHDOS/SOURCES.ZIP/contrib/codepage/isokb850.com
/SOURCE/SSHDOS/SOURCES.ZIP/contrib/codepage/isokb852.com
/SOURCE/SSHDOS/SOURCES.ZIP/contrib/codepage/isokb857.com
/SOURCE/SSHDOS/SOURCES.ZIP/contrib/codepage/isokb866.com
/SOURCE/SSHDOS/SOURCES.ZIP/contrib/codepage/isolatin.cpi
/SOURCE/SSHDOS/SOURCES.ZIP/contrib/codepage/isoother.cpi
/SOURCE/SSHDOS/SOURCES.ZIP/contrib/codepage/koi8.com
/SOURCE/SSHDOS/SOURCES.ZIP/contrib/codepage/koi8.cpi
/SOURCE/SSHDOS/SOURCES.ZIP/contrib/frontend/
/SOURCE/SSHDOS/SOURCES.ZIP/contrib/frontend/copying
/SOURCE/SSHDOS/SOURCES.ZIP/contrib/frontend/frontend.txt
/SOURCE/SSHDOS/SOURCES.ZIP/contrib/frontend/getopt.c
/SOURCE/SSHDOS/SOURCES.ZIP/contrib/frontend/getopt.h
/SOURCE/SSHDOS/SOURCES.ZIP/contrib/frontend/makefile
/SOURCE/SSHDOS/SOURCES.ZIP/contrib/frontend/regex.c
/SOURCE/SSHDOS/SOURCES.ZIP/contrib/frontend/regex.h
/SOURCE/SSHDOS/SOURCES.ZIP/contrib/frontend/ssh.c
/SOURCE/SSHDOS/SOURCES.ZIP/contrib/frontend/ssh1.cfg
/SOURCE/SSHDOS/SOURCES.ZIP/contrib/frontend/ssh2.cfg
/SOURCE/SSHDOS/SOURCES.ZIP/contrib/keycodes/
/SOURCE/SSHDOS/SOURCES.ZIP/contrib/keycodes/copying
/SOURCE/SSHDOS/SOURCES.ZIP/contrib/keycodes/keycodes.asm
/SOURCE/SSHDOS/SOURCES.ZIP/copying
/SOURCE/SSHDOS/SOURCES.ZIP/docs/
/SOURCE/SSHDOS/SOURCES.ZIP/docs/bugs
/SOURCE/SSHDOS/SOURCES.ZIP/docs/history
/SOURCE/SSHDOS/SOURCES.ZIP/docs/readme
/SOURCE/SSHDOS/SOURCES.ZIP/docs/rfc
/SOURCE/SSHDOS/SOURCES.ZIP/docs/todo
/SOURCE/SSHDOS/SOURCES.ZIP/include/
/SOURCE/SSHDOS/SOURCES.ZIP/include/auth.h
/SOURCE/SSHDOS/SOURCES.ZIP/include/cipher.h
/SOURCE/SSHDOS/SOURCES.ZIP/include/common.h
/SOURCE/SSHDOS/SOURCES.ZIP/include/config.h
/SOURCE/SSHDOS/SOURCES.ZIP/include/keyio.h
/SOURCE/SSHDOS/SOURCES.ZIP/include/keymap.h
/SOURCE/SSHDOS/SOURCES.ZIP/include/macros.h
/SOURCE/SSHDOS/SOURCES.ZIP/include/negotiat.h
/SOURCE/SSHDOS/SOURCES.ZIP/include/shell.h
/SOURCE/SSHDOS/SOURCES.ZIP/include/ssh.h
/SOURCE/SSHDOS/SOURCES.ZIP/include/sshbn.h
/SOURCE/SSHDOS/SOURCES.ZIP/include/sshcrc.h
/SOURCE/SSHDOS/SOURCES.ZIP/include/sshmd5.h
/SOURCE/SSHDOS/SOURCES.ZIP/include/sshrsa.h
/SOURCE/SSHDOS/SOURCES.ZIP/include/telnet.h
/SOURCE/SSHDOS/SOURCES.ZIP/include/transprt.h
/SOURCE/SSHDOS/SOURCES.ZIP/include/type.h
/SOURCE/SSHDOS/SOURCES.ZIP/include/version.h
/SOURCE/SSHDOS/SOURCES.ZIP/include/vidio.h
/SOURCE/SSHDOS/SOURCES.ZIP/include/vttio.h
/SOURCE/SSHDOS/SOURCES.ZIP/include/xmalloc.h
/SOURCE/SSHDOS/SOURCES.ZIP/include/zconf.h
/SOURCE/SSHDOS/SOURCES.ZIP/include/zlib.h
/SOURCE/SSHDOS/SOURCES.ZIP/keyio.c
/SOURCE/SSHDOS/SOURCES.ZIP/keymap.c
/SOURCE/SSHDOS/SOURCES.ZIP/lib/
/SOURCE/SSHDOS/SOURCES.ZIP/lib/removeme
/SOURCE/SSHDOS/SOURCES.ZIP/linux.kbd
/SOURCE/SSHDOS/SOURCES.ZIP/negotiat.c
/SOURCE/SSHDOS/SOURCES.ZIP/scpd386.lnk
/SOURCE/SSHDOS/SOURCES.ZIP/scpdos.c
/SOURCE/SSHDOS/SOURCES.ZIP/scpdos.lnk
/SOURCE/SSHDOS/SOURCES.ZIP/shell.c
/SOURCE/SSHDOS/SOURCES.ZIP/sshblowf.c
/SOURCE/SSHDOS/SOURCES.ZIP/sshbn.c
/SOURCE/SSHDOS/SOURCES.ZIP/sshcrc.c
/SOURCE/SSHDOS/SOURCES.ZIP/sshd386.lnk
/SOURCE/SSHDOS/SOURCES.ZIP/sshdes.c
/SOURCE/SSHDOS/SOURCES.ZIP/sshdos.c
/SOURCE/SSHDOS/SOURCES.ZIP/sshdos.lnk
/SOURCE/SSHDOS/SOURCES.ZIP/sshmd5.c
/SOURCE/SSHDOS/SOURCES.ZIP/sshpubk.c
/SOURCE/SSHDOS/SOURCES.ZIP/sshrsa.c
/SOURCE/SSHDOS/SOURCES.ZIP/tel386.lnk
/SOURCE/SSHDOS/SOURCES.ZIP/telnet.c
/SOURCE/SSHDOS/SOURCES.ZIP/telnet.lnk
/SOURCE/SSHDOS/SOURCES.ZIP/transprt.c
/SOURCE/SSHDOS/SOURCES.ZIP/vidio.c
/SOURCE/SSHDOS/SOURCES.ZIP/vt100.kbd
/SOURCE/SSHDOS/SOURCES.ZIP/vttio.c
/SOURCE/SSHDOS/SOURCES.ZIP/watcom_f.mak
/SOURCE/SSHDOS/SOURCES.ZIP/watcom_l.mak
/SOURCE/SSHDOS/SOURCES.ZIP/wattcp.cfg
/SOURCE/SSHDOS/SOURCES.ZIP/x-color.kbd
/SOURCE/SSHDOS/SOURCES.ZIP/xmalloc.c
