/
/APPINFO/
/APPINFO/STAMP.DE
/APPINFO/STAMP.FR
/APPINFO/STAMP.LSM
/APPINFO/STAMP.SV
/APPINFO/STAMP.TR
/BIN/
/BIN/SCMP.BAT
/BIN/STAMP.COM
/DOC/
/DOC/STAMP/
/DOC/STAMP/STAMP.DE
/DOC/STAMP/STAMP.EN
/DOC/STAMP/STAMP.ES
/DOC/STAMP/STAMP.FR
/DOC/STAMP/STAMP.RU
/DOC/STAMP/STAMP.TR
/DOC/STAMP/TODO
/SOURCE/
/SOURCE/STAMP/
/SOURCE/STAMP/SOURCES.ZIP/
/SOURCE/STAMP/SOURCES.ZIP/CCA.BAT
/SOURCE/STAMP/SOURCES.ZIP/CC.BAT
/SOURCE/STAMP/SOURCES.ZIP/CCS.BAT
/SOURCE/STAMP/SOURCES.ZIP/CLEAN.BAT
/SOURCE/STAMP/SOURCES.ZIP/MAKEFILE
/SOURCE/STAMP/SOURCES.ZIP/PARSATTR.INC
/SOURCE/STAMP/SOURCES.ZIP/PARSDATE.INC
/SOURCE/STAMP/SOURCES.ZIP/PARSEARG.H
/SOURCE/STAMP/SOURCES.ZIP/PARSTIME.INC
/SOURCE/STAMP/SOURCES.ZIP/PROCESS.H
/SOURCE/STAMP/SOURCES.ZIP/PROCESS.INC
/SOURCE/STAMP/SOURCES.ZIP/RELEASE.BAT
/SOURCE/STAMP/SOURCES.ZIP/STAMP.CPP
/SOURCE/STAMP/SOURCES.ZIP/TURBOC.CFG
/SOURCE/STAMP/SOURCES.ZIP/UTIL.H
/SOURCE/STAMP/SOURCES.ZIP/UTIL.INC
