/
/APPINFO/
/APPINFO/SUDOKU86.DE
/APPINFO/SUDOKU86.FR
/APPINFO/SUDOKU86.LSM
/APPINFO/SUDOKU86.SV
/APPINFO/SUDOKU86.TR
/GAMES/
/GAMES/SUDOKU86/
/GAMES/SUDOKU86/HISTORY.TXT
/GAMES/SUDOKU86/README.TXT
/GAMES/SUDOKU86/SDM2LEV.COM
/GAMES/SUDOKU86/SUDOKU86.DAT
/GAMES/SUDOKU86/SUDOKU86.EXE
/GAMES/SUDOKU86/SUDOKU86.LEV
/SOURCE/
/SOURCE/SUDOKU86/
/SOURCE/SUDOKU86/SOURCES.ZIP/
/SOURCE/SUDOKU86/SOURCES.ZIP/data/
/SOURCE/SUDOKU86/SOURCES.ZIP/data/bg.pcx
/SOURCE/SUDOKU86/SOURCES.ZIP/data/bg_full.pcx
/SOURCE/SUDOKU86/SOURCES.ZIP/data/bg_without_center.pcx
/SOURCE/SUDOKU86/SOURCES.ZIP/data/build_dat.sh
/SOURCE/SUDOKU86/SOURCES.ZIP/data/done.pcx
/SOURCE/SUDOKU86/SOURCES.ZIP/data/fonts/
/SOURCE/SUDOKU86/SOURCES.ZIP/data/fonts/big1.pgm
/SOURCE/SUDOKU86/SOURCES.ZIP/data/fonts/big2.pgm
/SOURCE/SUDOKU86/SOURCES.ZIP/data/fonts/big3.pgm
/SOURCE/SUDOKU86/SOURCES.ZIP/data/fonts/big4.pgm
/SOURCE/SUDOKU86/SOURCES.ZIP/data/fonts/big5.pgm
/SOURCE/SUDOKU86/SOURCES.ZIP/data/fonts/big6.pgm
/SOURCE/SUDOKU86/SOURCES.ZIP/data/fonts/big7.pgm
/SOURCE/SUDOKU86/SOURCES.ZIP/data/fonts/big8.pgm
/SOURCE/SUDOKU86/SOURCES.ZIP/data/fonts/big9.pgm
/SOURCE/SUDOKU86/SOURCES.ZIP/data/fonts/how.txt
/SOURCE/SUDOKU86/SOURCES.ZIP/data/fonts/mockup.png
/SOURCE/SUDOKU86/SOURCES.ZIP/data/fonts/small1.pcx
/SOURCE/SUDOKU86/SOURCES.ZIP/data/fonts/small2.pcx
/SOURCE/SUDOKU86/SOURCES.ZIP/data/fonts/small3.pcx
/SOURCE/SUDOKU86/SOURCES.ZIP/data/fonts/small4.pcx
/SOURCE/SUDOKU86/SOURCES.ZIP/data/fonts/small5.pcx
/SOURCE/SUDOKU86/SOURCES.ZIP/data/fonts/small6.pcx
/SOURCE/SUDOKU86/SOURCES.ZIP/data/fonts/small7.pcx
/SOURCE/SUDOKU86/SOURCES.ZIP/data/fonts/small8.pcx
/SOURCE/SUDOKU86/SOURCES.ZIP/data/fonts/small9.pcx
/SOURCE/SUDOKU86/SOURCES.ZIP/data/levels.sdm
/SOURCE/SUDOKU86/SOURCES.ZIP/data/palette.pcx
/SOURCE/SUDOKU86/SOURCES.ZIP/data/pcx2pal.c
/SOURCE/SUDOKU86/SOURCES.ZIP/data/pcx2sprite.c
/SOURCE/SUDOKU86/SOURCES.ZIP/data/rle.c
/SOURCE/SUDOKU86/SOURCES.ZIP/FONT.C
/SOURCE/SUDOKU86/SOURCES.ZIP/HISTORY.TXT
/SOURCE/SUDOKU86/SOURCES.ZIP/KEYB.C
/SOURCE/SUDOKU86/SOURCES.ZIP/KEYB.H
/SOURCE/SUDOKU86/SOURCES.ZIP/MAKEFILE
/SOURCE/SUDOKU86/SOURCES.ZIP/MAKEFILE.WCL
/SOURCE/SUDOKU86/SOURCES.ZIP/MOUSE.C
/SOURCE/SUDOKU86/SOURCES.ZIP/MOUSE.H
/SOURCE/SUDOKU86/SOURCES.ZIP/README.TXT
/SOURCE/SUDOKU86/SOURCES.ZIP/SDM2LEV.C
/SOURCE/SUDOKU86/SOURCES.ZIP/SUDOKU86.C
/SOURCE/SUDOKU86/SOURCES.ZIP/SUDOKU86.DAT
/SOURCE/SUDOKU86/SOURCES.ZIP/SUDOKU86.LEV
/SOURCE/SUDOKU86/SOURCES.ZIP/SUDOKU86.LSM
/SOURCE/SUDOKU86/SOURCES.ZIP/VIDEO.C
/SOURCE/SUDOKU86/SOURCES.ZIP/VIDEO.H
