/
/APPINFO/
/APPINFO/TAR.DE
/APPINFO/TAR.FR
/APPINFO/TAR.LSM
/APPINFO/TAR.SV
/APPINFO/TAR.TR
/BIN/
/BIN/TAR.EXE
/DOC/
/DOC/TAR/
/DOC/TAR/FILE_ID.DIZ
/DOC/TAR/READ.ME
/DOC/TAR/README.1ST
/DOC/TAR/TAR.TXT
/DOC/TAR/THANKS.TO
/DOC/TAR/TO.DO
/SOURCE/
/SOURCE/TAR/
/SOURCE/TAR/SOURCES.ZIP/
/SOURCE/TAR/SOURCES.ZIP/ASPI.C
/SOURCE/TAR/SOURCES.ZIP/ASPIENT.ASM
/SOURCE/TAR/SOURCES.ZIP/BITS.C
/SOURCE/TAR/SOURCES.ZIP/!COMPILE.BAT
/SOURCE/TAR/SOURCES.ZIP/COMPRESS.C
/SOURCE/TAR/SOURCES.ZIP/COMPRESS.H
/SOURCE/TAR/SOURCES.ZIP/CRC32.C
/SOURCE/TAR/SOURCES.ZIP/CRC32.H
/SOURCE/TAR/SOURCES.ZIP/CTHANDLE.ASM
/SOURCE/TAR/SOURCES.ZIP/CTQUIRKS.ASM
/SOURCE/TAR/SOURCES.ZIP/DEFINE.H
/SOURCE/TAR/SOURCES.ZIP/DEFLATE.C
/SOURCE/TAR/SOURCES.ZIP/DISK.C
/SOURCE/TAR/SOURCES.ZIP/DISZIP.C
/SOURCE/TAR/SOURCES.ZIP/EXTRACT.C
/SOURCE/TAR/SOURCES.ZIP/FARNEAR.INC
/SOURCE/TAR/SOURCES.ZIP/FMATCH.C
/SOURCE/TAR/SOURCES.ZIP/LONGDOS.ASM
/SOURCE/TAR/SOURCES.ZIP/LONGDOS.H
/SOURCE/TAR/SOURCES.ZIP/LZPACK.C
/SOURCE/TAR/SOURCES.ZIP/LZPACK.H
/SOURCE/TAR/SOURCES.ZIP/LZWBITS.H
/SOURCE/TAR/SOURCES.ZIP/LZWHEAD.H
/SOURCE/TAR/SOURCES.ZIP/MAKEFILE
/SOURCE/TAR/SOURCES.ZIP/MAKEFILE.IX
/SOURCE/TAR/SOURCES.ZIP/MATCH.ASM
/SOURCE/TAR/SOURCES.ZIP/MATCH.S
/SOURCE/TAR/SOURCES.ZIP/MODERN.H
/SOURCE/TAR/SOURCES.ZIP/NODEDEF.H
/SOURCE/TAR/SOURCES.ZIP/PCLEVEL.ASM
/SOURCE/TAR/SOURCES.ZIP/PCTIMER.ASM
/SOURCE/TAR/SOURCES.ZIP/PCTIMER.H
/SOURCE/TAR/SOURCES.ZIP/PERCENT.C
/SOURCE/TAR/SOURCES.ZIP/QIC02.H
/SOURCE/TAR/SOURCES.ZIP/QICFACE.C
/SOURCE/TAR/SOURCES.ZIP/READOPT.C
/SOURCE/TAR/SOURCES.ZIP/RESTORE.C
/SOURCE/TAR/SOURCES.ZIP/ROLL.C
/SOURCE/TAR/SOURCES.ZIP/ROLL.H
/SOURCE/TAR/SOURCES.ZIP/SAVEFILE.C
/SOURCE/TAR/SOURCES.ZIP/STDINC.H
/SOURCE/TAR/SOURCES.ZIP/STORE.C
/SOURCE/TAR/SOURCES.ZIP/STREAMER.C
/SOURCE/TAR/SOURCES.ZIP/SYSUP.H
/SOURCE/TAR/SOURCES.ZIP/TAILOR.C
/SOURCE/TAR/SOURCES.ZIP/TAPE.C
/SOURCE/TAR/SOURCES.ZIP/TAR.C
/SOURCE/TAR/SOURCES.ZIP/TAR.PRJ
/SOURCE/TAR/SOURCES.ZIP/TREES.C
/SOURCE/TAR/SOURCES.ZIP/UNLZW.C
/SOURCE/TAR/SOURCES.ZIP/ZALLOC.H
/SOURCE/TAR/SOURCES.ZIP/ZIPDEFS.H
/SOURCE/TAR/SOURCES.ZIP/ZIPERROR.C
/SOURCE/TAR/SOURCES.ZIP/ZIPGUTS.H
/SOURCE/TAR/SOURCES.ZIP/ZIPOSCOD.H
/SOURCE/TAR/SOURCES.ZIP/ZIPPIPE.C
/SOURCE/TAR/SOURCES.ZIP/ZIPPIPE.H
