/
/APPINFO/
/APPINFO/TEE.DE
/APPINFO/TEE.FR
/APPINFO/TEE.LSM
/APPINFO/TEE.SV
/APPINFO/TEE.TR
/BIN/
/BIN/TEE.EXE
/BIN/_TEE.EXE
/DOC/
/DOC/TEE/
/DOC/TEE/CHANGES
/DOC/TEE/GPL.TXT
/DOC/TEE/LGPL.TXT
/DOC/TEE/README.TXT
/DOC/TEE/TEE-DE.HTM
/DOC/TEE/TEE-FR.HTM
/DOC/TEE/TEE-SV.HTM
/DOC/TEE/TEE-TR.HTM
/DOC/TEE/TEE.HTM
/DOC/TEE/TEE_DE.HTM
/DOC/TEE/
/DOC/TEE/CHANGES
/DOC/TEE/GPL.TXT
/DOC/TEE/LGPL.TXT
/DOC/TEE/README.TXT
/DOC/TEE/TEE-DE.HTM
/DOC/TEE/TEE-FR.HTM
/DOC/TEE/TEE-SV.HTM
/DOC/TEE/TEE-TR.HTM
/DOC/TEE/TEE.HTM
/DOC/TEE/TEE_DE.HTM
/DOC/TEE/TEE-FR-NEWER.HTM
/NLS/
/NLS/TEE.DE
/NLS/TEE.EN
/NLS/TEE.EO
/NLS/TEE.ES
/NLS/TEE.FR
/NLS/TEE.PL
/NLS/TEE.PT
/NLS/TEE.SL
/NLS/TEE.SV
/NLS/TEE.TR
/SOURCE/
/SOURCE/TEE/
/SOURCE/TEE/SOURCES.ZIP/
/SOURCE/TEE/SOURCES.ZIP/GETOPT.C
/SOURCE/TEE/SOURCES.ZIP/GETOPT.H
/SOURCE/TEE/SOURCES.ZIP/KITTEN.C
/SOURCE/TEE/SOURCES.ZIP/KITTEN.H
/SOURCE/TEE/SOURCES.ZIP/MAKEFILE
/SOURCE/TEE/SOURCES.ZIP/TEE.C
/SOURCE/TEE/SOURCES.ZIP/TEE.H
