/
/APPINFO/
/APPINFO/TOUCH.DE
/APPINFO/TOUCH.FR
/APPINFO/TOUCH.LSM
/APPINFO/TOUCH.SV
/APPINFO/TOUCH.TR
/BIN/
/BIN/TOUCH.COM
/DOC/
/DOC/TOUCH/
/DOC/TOUCH/COPYING
/DOC/TOUCH/TOUCH.TXT
/SOURCE/
/SOURCE/TOUCH/
/SOURCE/TOUCH/SOURCES.ZIP/
/SOURCE/TOUCH/SOURCES.ZIP/FIX143.BAT
/SOURCE/TOUCH/SOURCES.ZIP/GZIPDATE.REX
/SOURCE/TOUCH/SOURCES.ZIP/QUALPATH.ASM
/SOURCE/TOUCH/SOURCES.ZIP/TOUCH.ASM
/SOURCE/TOUCH/SOURCES.ZIP/TOUCH.IEN
/SOURCE/TOUCH/SOURCES.ZIP/TOUCHMAK.BAT
/SOURCE/TOUCH/SOURCES.ZIP/TOUCH.NLS
