/
/APPINFO/
/APPINFO/TRCH.DE
/APPINFO/TRCH.FR
/APPINFO/TRCH.LSM
/APPINFO/TRCH.SV
/APPINFO/TRCH.TR
/BIN/
/BIN/TRCH.EXE
/DOC/
/DOC/TRCH/
/DOC/TRCH/BUGS
/DOC/TRCH/COPYING
/DOC/TRCH/INSTALL
/DOC/TRCH/NEWS
/DOC/TRCH/README
/NLS/
/NLS/TRCH.DE
/NLS/TRCH.EN
/NLS/TRCH.EO
/NLS/TRCH.ES
/NLS/TRCH.FR
/NLS/TRCH.HU
/NLS/TRCH.LV
/NLS/TRCH.PIG
/NLS/TRCH.PL
/NLS/TRCH.PT
/NLS/TRCH.RU
/NLS/TRCH.SL
/NLS/TRCH.SV
/NLS/TRCH.TR
/SOURCE/
/SOURCE/TRCH/
/SOURCE/TRCH/SOURCES.ZIP/
/SOURCE/TRCH/SOURCES.ZIP/CATS397S/
/SOURCE/TRCH/SOURCES.ZIP/CATS397S/DOC/
/SOURCE/TRCH/SOURCES.ZIP/CATS397S/DOC/BUGS
/SOURCE/TRCH/SOURCES.ZIP/CATS397S/DOC/EXAMPLE.TXT
/SOURCE/TRCH/SOURCES.ZIP/CATS397S/DOC/GENCAT.TXT
/SOURCE/TRCH/SOURCES.ZIP/CATS397S/DOC/HOWTO/
/SOURCE/TRCH/SOURCES.ZIP/CATS397S/DOC/HOWTO/INTL.TXT
/SOURCE/TRCH/SOURCES.ZIP/CATS397S/DOC/INSTALL
/SOURCE/TRCH/SOURCES.ZIP/CATS397S/DOC/LGPL.TXT
/SOURCE/TRCH/SOURCES.ZIP/CATS397S/DOC/NEWS
/SOURCE/TRCH/SOURCES.ZIP/CATS397S/DOC/README
/SOURCE/TRCH/SOURCES.ZIP/CATS397S/INCLUDE/
/SOURCE/TRCH/SOURCES.ZIP/CATS397S/INCLUDE/CATGETS.H
/SOURCE/TRCH/SOURCES.ZIP/CATS397S/INCLUDE/DB.H
/SOURCE/TRCH/SOURCES.ZIP/CATS397S/LIB/
/SOURCE/TRCH/SOURCES.ZIP/CATS397S/LIB/CATGETS.C
/SOURCE/TRCH/SOURCES.ZIP/CATS397S/LIB/DB.C
/SOURCE/TRCH/SOURCES.ZIP/CATS397S/LIB/GET_LINE.C
/SOURCE/TRCH/SOURCES.ZIP/CATS397S/LIB/MAKEFILE.BC
/SOURCE/TRCH/SOURCES.ZIP/CATS397S/LIB/MAKEFILE.TC
/SOURCE/TRCH/SOURCES.ZIP/CATS397S/MAKEFILE.BC
/SOURCE/TRCH/SOURCES.ZIP/CATS397S/MAKEFILE.TC
/SOURCE/TRCH/SOURCES.ZIP/CATS397S/NLS/
/SOURCE/TRCH/SOURCES.ZIP/CATS397S/NLS/CATS.MSG
/SOURCE/TRCH/SOURCES.ZIP/CATS397S/NLS/CATS.PIG
/SOURCE/TRCH/SOURCES.ZIP/CATS397S/NLS/CATS.XX
/SOURCE/TRCH/SOURCES.ZIP/CATS397S/SRC/
/SOURCE/TRCH/SOURCES.ZIP/CATS397S/SRC/CATS.C
/SOURCE/TRCH/SOURCES.ZIP/CATS397S/SRC/CATS2.C
/SOURCE/TRCH/SOURCES.ZIP/CATS397S/SRC/GENCAT.C
/SOURCE/TRCH/SOURCES.ZIP/CATS397S/SRC/GETOPT.C
/SOURCE/TRCH/SOURCES.ZIP/CATS397S/SRC/GETOPT.H
/SOURCE/TRCH/SOURCES.ZIP/CATS397S/SRC/INDEX.C
/SOURCE/TRCH/SOURCES.ZIP/CATS397S/SRC/INIT.C
/SOURCE/TRCH/SOURCES.ZIP/CATS397S/SRC/INIT.INI
/SOURCE/TRCH/SOURCES.ZIP/CATS397S/SRC/MAKEFILE.BC
/SOURCE/TRCH/SOURCES.ZIP/CATS397S/SRC/MAKEFILE.TC
/SOURCE/TRCH/SOURCES.ZIP/CATS397S/SRC/STRINGS.C
/SOURCE/TRCH/SOURCES.ZIP/CATS397S/SRC/STRINGS.CAT
/SOURCE/TRCH/SOURCES.ZIP/MAKEFILE.BC
/SOURCE/TRCH/SOURCES.ZIP/TEST1.TXT
/SOURCE/TRCH/SOURCES.ZIP/TEST.BAT
/SOURCE/TRCH/SOURCES.ZIP/TRCH.C
