/
/APPINFO/
/APPINFO/UNRTF.DE
/APPINFO/UNRTF.FR
/APPINFO/UNRTF.LSM
/APPINFO/UNRTF.SV
/APPINFO/UNRTF.TR
/SOURCE/
/SOURCE/UNRTF/
/SOURCE/UNRTF/SOURCES.ZIP/
/SOURCE/UNRTF/SOURCES.ZIP/aclocal.m4
/SOURCE/UNRTF/SOURCES.ZIP/AUTHORS
/SOURCE/UNRTF/SOURCES.ZIP/autom4te.cache/
/SOURCE/UNRTF/SOURCES.ZIP/autom4te.cache/output.0
/SOURCE/UNRTF/SOURCES.ZIP/autom4te.cache/output.1
/SOURCE/UNRTF/SOURCES.ZIP/autom4te.cache/output.2
/SOURCE/UNRTF/SOURCES.ZIP/autom4te.cache/requests
/SOURCE/UNRTF/SOURCES.ZIP/autom4te.cache/traces.0
/SOURCE/UNRTF/SOURCES.ZIP/autom4te.cache/traces.1
/SOURCE/UNRTF/SOURCES.ZIP/autom4te.cache/traces.2
/SOURCE/UNRTF/SOURCES.ZIP/bootstrap
/SOURCE/UNRTF/SOURCES.ZIP/_build.203/
/SOURCE/UNRTF/SOURCES.ZIP/_build.203/Makefile
/SOURCE/UNRTF/SOURCES.ZIP/_build.203/config.cache
/SOURCE/UNRTF/SOURCES.ZIP/_build.203/config.h
/SOURCE/UNRTF/SOURCES.ZIP/_build.203/config.log
/SOURCE/UNRTF/SOURCES.ZIP/_build.203/config.status
/SOURCE/UNRTF/SOURCES.ZIP/_build.203/config_h.org
/SOURCE/UNRTF/SOURCES.ZIP/_build.203/configure
/SOURCE/UNRTF/SOURCES.ZIP/_build.203/configure.org
/SOURCE/UNRTF/SOURCES.ZIP/_build.203/doc/
/SOURCE/UNRTF/SOURCES.ZIP/_build.203/doc/Makefile
/SOURCE/UNRTF/SOURCES.ZIP/_build.203/outputs/
/SOURCE/UNRTF/SOURCES.ZIP/_build.203/outputs/Makefile
/SOURCE/UNRTF/SOURCES.ZIP/_build.203/patches/
/SOURCE/UNRTF/SOURCES.ZIP/_build.203/patches/Makefile
/SOURCE/UNRTF/SOURCES.ZIP/_build.203/src/
/SOURCE/UNRTF/SOURCES.ZIP/_build.203/src/Makefile
/SOURCE/UNRTF/SOURCES.ZIP/_build.203/stamp-h1
/SOURCE/UNRTF/SOURCES.ZIP/_build.203/tests/
/SOURCE/UNRTF/SOURCES.ZIP/_build.203/tests/Makefile
/SOURCE/UNRTF/SOURCES.ZIP/_build.203/tests/Makefile.org
/SOURCE/UNRTF/SOURCES.ZIP/_build.204/
/SOURCE/UNRTF/SOURCES.ZIP/_build.204/Makefile
/SOURCE/UNRTF/SOURCES.ZIP/_build.204/config.cache
/SOURCE/UNRTF/SOURCES.ZIP/_build.204/config.h
/SOURCE/UNRTF/SOURCES.ZIP/_build.204/config.log
/SOURCE/UNRTF/SOURCES.ZIP/_build.204/config.status
/SOURCE/UNRTF/SOURCES.ZIP/_build.204/config_h.org
/SOURCE/UNRTF/SOURCES.ZIP/_build.204/configure
/SOURCE/UNRTF/SOURCES.ZIP/_build.204/configure.org
/SOURCE/UNRTF/SOURCES.ZIP/_build.204/doc/
/SOURCE/UNRTF/SOURCES.ZIP/_build.204/doc/Makefile
/SOURCE/UNRTF/SOURCES.ZIP/_build.204/outputs/
/SOURCE/UNRTF/SOURCES.ZIP/_build.204/outputs/Makefile
/SOURCE/UNRTF/SOURCES.ZIP/_build.204/patches/
/SOURCE/UNRTF/SOURCES.ZIP/_build.204/patches/Makefile
/SOURCE/UNRTF/SOURCES.ZIP/_build.204/src/
/SOURCE/UNRTF/SOURCES.ZIP/_build.204/src/Makefile
/SOURCE/UNRTF/SOURCES.ZIP/_build.204/stamp-h1
/SOURCE/UNRTF/SOURCES.ZIP/_build.204/tests/
/SOURCE/UNRTF/SOURCES.ZIP/_build.204/tests/Makefile
/SOURCE/UNRTF/SOURCES.ZIP/_build.204/tests/Makefile.org
/SOURCE/UNRTF/SOURCES.ZIP/ChangeLog
/SOURCE/UNRTF/SOURCES.ZIP/charmaps/
/SOURCE/UNRTF/SOURCES.ZIP/charmaps/Makefile
/SOURCE/UNRTF/SOURCES.ZIP/charmaps/Makefile.am
/SOURCE/UNRTF/SOURCES.ZIP/charmaps/Makefile.in
/SOURCE/UNRTF/SOURCES.ZIP/charmaps/SYMBOL.charmap
/SOURCE/UNRTF/SOURCES.ZIP/charmaps/SYMBOL.charmap.old
/SOURCE/UNRTF/SOURCES.ZIP/config/
/SOURCE/UNRTF/SOURCES.ZIP/config/compile
/SOURCE/UNRTF/SOURCES.ZIP/config/config.guess
/SOURCE/UNRTF/SOURCES.ZIP/config/config.sub
/SOURCE/UNRTF/SOURCES.ZIP/config/depcomp
/SOURCE/UNRTF/SOURCES.ZIP/config/install-sh
/SOURCE/UNRTF/SOURCES.ZIP/config/missing
/SOURCE/UNRTF/SOURCES.ZIP/config/test-driver
/SOURCE/UNRTF/SOURCES.ZIP/config.h-in
/SOURCE/UNRTF/SOURCES.ZIP/configure
/SOURCE/UNRTF/SOURCES.ZIP/configure.ac
/SOURCE/UNRTF/SOURCES.ZIP/COPYING
/SOURCE/UNRTF/SOURCES.ZIP/djgpp/
/SOURCE/UNRTF/SOURCES.ZIP/djgpp/Makefile.sed
/SOURCE/UNRTF/SOURCES.ZIP/djgpp/README
/SOURCE/UNRTF/SOURCES.ZIP/djgpp/config.bat
/SOURCE/UNRTF/SOURCES.ZIP/djgpp/config.sed
/SOURCE/UNRTF/SOURCES.ZIP/djgpp/config.site
/SOURCE/UNRTF/SOURCES.ZIP/djgpp/config_h.sed
/SOURCE/UNRTF/SOURCES.ZIP/djgpp/diffs
/SOURCE/UNRTF/SOURCES.ZIP/djgpp/strcasestr.c
/SOURCE/UNRTF/SOURCES.ZIP/doc/
/SOURCE/UNRTF/SOURCES.ZIP/doc/Makefile.am
/SOURCE/UNRTF/SOURCES.ZIP/doc/Makefile.in
/SOURCE/UNRTF/SOURCES.ZIP/doc/unrtf.1
/SOURCE/UNRTF/SOURCES.ZIP/INSTALL
/SOURCE/UNRTF/SOURCES.ZIP/Makefile.am
/SOURCE/UNRTF/SOURCES.ZIP/Makefile.in
/SOURCE/UNRTF/SOURCES.ZIP/NEWS
/SOURCE/UNRTF/SOURCES.ZIP/outputs/
/SOURCE/UNRTF/SOURCES.ZIP/outputs/Makefile.am
/SOURCE/UNRTF/SOURCES.ZIP/outputs/Makefile.in
/SOURCE/UNRTF/SOURCES.ZIP/outputs/SYMBOL.charmap
/SOURCE/UNRTF/SOURCES.ZIP/outputs/html.conf
/SOURCE/UNRTF/SOURCES.ZIP/outputs/html.conf.old
/SOURCE/UNRTF/SOURCES.ZIP/outputs/latex.conf
/SOURCE/UNRTF/SOURCES.ZIP/outputs/rtf.conf
/SOURCE/UNRTF/SOURCES.ZIP/outputs/text.conf
/SOURCE/UNRTF/SOURCES.ZIP/outputs/troff_mm.conf
/SOURCE/UNRTF/SOURCES.ZIP/outputs/vt.conf
/SOURCE/UNRTF/SOURCES.ZIP/patches/
/SOURCE/UNRTF/SOURCES.ZIP/patches/0001-Fix-manpage-section-specification.patch
/SOURCE/UNRTF/SOURCES.ZIP/patches/0002-Hand-over-SHAREDIR-via-CPPFLAGS.patch
/SOURCE/UNRTF/SOURCES.ZIP/patches/0003-Make-SHAREDIR-unrtf-default-path-for-output-format-c.patch
/SOURCE/UNRTF/SOURCES.ZIP/patches/0004-Place-output-config-files-in-sharedir-instead-of-lib.patch
/SOURCE/UNRTF/SOURCES.ZIP/patches/0005-Tell-unrtf-where-to-look-for-output-format-config-fi.patch
/SOURCE/UNRTF/SOURCES.ZIP/patches/0006-Disable-latex-test-latex-output-is-broken.patch
/SOURCE/UNRTF/SOURCES.ZIP/patches/0007-Get-fully-rid-of-hardcoded-local-lib-paths.patch
/SOURCE/UNRTF/SOURCES.ZIP/patches/0008-Ensure-that-the-picture-extracted-during-testing-is-.patch
/SOURCE/UNRTF/SOURCES.ZIP/patches/0009-Update-test-file-set-to-ensure-proper-cleaning-of-te.patch
/SOURCE/UNRTF/SOURCES.ZIP/patches/DJGPP.patch
/SOURCE/UNRTF/SOURCES.ZIP/patches/Makefile.am
/SOURCE/UNRTF/SOURCES.ZIP/patches/Makefile.in
/SOURCE/UNRTF/SOURCES.ZIP/patches/french_text.patch
/SOURCE/UNRTF/SOURCES.ZIP/patches/series
/SOURCE/UNRTF/SOURCES.ZIP/patches/unrtf-0.20.1-codepages.patch
/SOURCE/UNRTF/SOURCES.ZIP/README
/SOURCE/UNRTF/SOURCES.ZIP/src/
/SOURCE/UNRTF/SOURCES.ZIP/src/Makefile.am
/SOURCE/UNRTF/SOURCES.ZIP/src/Makefile.in
/SOURCE/UNRTF/SOURCES.ZIP/src/attr.c
/SOURCE/UNRTF/SOURCES.ZIP/src/attr.h
/SOURCE/UNRTF/SOURCES.ZIP/src/convert.c
/SOURCE/UNRTF/SOURCES.ZIP/src/convert.h
/SOURCE/UNRTF/SOURCES.ZIP/src/defs.h
/SOURCE/UNRTF/SOURCES.ZIP/src/error.c
/SOURCE/UNRTF/SOURCES.ZIP/src/error.h
/SOURCE/UNRTF/SOURCES.ZIP/src/hash.c
/SOURCE/UNRTF/SOURCES.ZIP/src/hash.h
/SOURCE/UNRTF/SOURCES.ZIP/src/main.c
/SOURCE/UNRTF/SOURCES.ZIP/src/main.h
/SOURCE/UNRTF/SOURCES.ZIP/src/malloc.c
/SOURCE/UNRTF/SOURCES.ZIP/src/malloc.h
/SOURCE/UNRTF/SOURCES.ZIP/src/my_iconv.c
/SOURCE/UNRTF/SOURCES.ZIP/src/my_iconv.h
/SOURCE/UNRTF/SOURCES.ZIP/src/output.c
/SOURCE/UNRTF/SOURCES.ZIP/src/output.h
/SOURCE/UNRTF/SOURCES.ZIP/src/parse.c
/SOURCE/UNRTF/SOURCES.ZIP/src/parse.h
/SOURCE/UNRTF/SOURCES.ZIP/src/path.c
/SOURCE/UNRTF/SOURCES.ZIP/src/path.h
/SOURCE/UNRTF/SOURCES.ZIP/src/unicode.c
/SOURCE/UNRTF/SOURCES.ZIP/src/unicode.h
/SOURCE/UNRTF/SOURCES.ZIP/src/user.c
/SOURCE/UNRTF/SOURCES.ZIP/src/user.h
/SOURCE/UNRTF/SOURCES.ZIP/src/util.c
/SOURCE/UNRTF/SOURCES.ZIP/src/util.h
/SOURCE/UNRTF/SOURCES.ZIP/src/word.c
/SOURCE/UNRTF/SOURCES.ZIP/src/word.h
/SOURCE/UNRTF/SOURCES.ZIP/tests/
/SOURCE/UNRTF/SOURCES.ZIP/tests/.~lock.font_styles.rtf#
/SOURCE/UNRTF/SOURCES.ZIP/tests/Greek1.rtf
/SOURCE/UNRTF/SOURCES.ZIP/tests/Greek2.rtf
/SOURCE/UNRTF/SOURCES.ZIP/tests/Makefile.am
/SOURCE/UNRTF/SOURCES.ZIP/tests/Makefile.in
/SOURCE/UNRTF/SOURCES.ZIP/tests/Turkish.rtf
/SOURCE/UNRTF/SOURCES.ZIP/tests/accents.rtf
/SOURCE/UNRTF/SOURCES.ZIP/tests/ascii_decimal.rtf
/SOURCE/UNRTF/SOURCES.ZIP/tests/backslash.rtf
/SOURCE/UNRTF/SOURCES.ZIP/tests/body.rtf
/SOURCE/UNRTF/SOURCES.ZIP/tests/borders_shading.rtf
/SOURCE/UNRTF/SOURCES.ZIP/tests/braces.rtf
/SOURCE/UNRTF/SOURCES.ZIP/tests/character_formatting.rtf
/SOURCE/UNRTF/SOURCES.ZIP/tests/chars.rtf
/SOURCE/UNRTF/SOURCES.ZIP/tests/columns.rtf
/SOURCE/UNRTF/SOURCES.ZIP/tests/cp1251-russian-alphabet.rtf
/SOURCE/UNRTF/SOURCES.ZIP/tests/font_size.rtf
/SOURCE/UNRTF/SOURCES.ZIP/tests/font_styles.rtf
/SOURCE/UNRTF/SOURCES.ZIP/tests/lists.rtf
/SOURCE/UNRTF/SOURCES.ZIP/tests/opensymbols.rtf
/SOURCE/UNRTF/SOURCES.ZIP/tests/opensymbols.rtf.html
/SOURCE/UNRTF/SOURCES.ZIP/tests/opensymbols.rtf.tex
/SOURCE/UNRTF/SOURCES.ZIP/tests/paragraph_formatting.rtf
/SOURCE/UNRTF/SOURCES.ZIP/tests/pict.rtf
/SOURCE/UNRTF/SOURCES.ZIP/tests/pictNotIgnored.rtf
/SOURCE/UNRTF/SOURCES.ZIP/tests/pictNotIgnored.rtf.html
/SOURCE/UNRTF/SOURCES.ZIP/tests/pictNotIgnored.rtf.tex
/SOURCE/UNRTF/SOURCES.ZIP/tests/quotes.rtf
/SOURCE/UNRTF/SOURCES.ZIP/tests/symbol.rtf
/SOURCE/UNRTF/SOURCES.ZIP/tests/test_html.sh
/SOURCE/UNRTF/SOURCES.ZIP/tests/test_latex.sh
/SOURCE/UNRTF/SOURCES.ZIP/tests/text_color.rtf
/SOURCE/UNRTF/SOURCES.ZIP/tests/text_formatting.rtf
/SOURCE/UNRTF/SOURCES.ZIP/tests/unicode4.rtf
/SOURCE/UNRTF/SOURCES.ZIP/tests/unnested.rtf
/SOURCE/UNRTF/SOURCES.ZIP/tests/unnested.rtf.html
/SOURCE/UNRTF/SOURCES.ZIP/tests/unnested.rtf.tex
/UTIL/
/UTIL/UNRTF/
/UTIL/UNRTF/CHANGES
/UTIL/UNRTF/CONF/
/UTIL/UNRTF/CONF/HTML.CFG
/UTIL/UNRTF/CONF/LATEX.CFG
/UTIL/UNRTF/CONF/RTF.CFG
/UTIL/UNRTF/CONF/SYMBOL.CHA
/UTIL/UNRTF/CONF/TEXT.CFG
/UTIL/UNRTF/CONF/TROFF_MM.CFG
/UTIL/UNRTF/CONF/VT.CFG
/UTIL/UNRTF/DJGPP/
/UTIL/UNRTF/DJGPP/README
/UTIL/UNRTF/NEWS
/UTIL/UNRTF/README
/UTIL/UNRTF/UNRTF.1
/UTIL/UNRTF/UNRTF.EXE
