/
/APPINFO/
/APPINFO/USBDOS.DE
/APPINFO/USBDOS.FR
/APPINFO/USBDOS.LSM
/APPINFO/USBDOS.SV
/APPINFO/USBDOS.TR
/BIN/
/BIN/BOUNDTST.COM
/BIN/DRIVES.COM
/BIN/HIDSUPT1.COM
/BIN/INKLEVEL.COM
/BIN/IRQ.COM
/BIN/PS2MTEST.COM
/BIN/SCANTEST.COM
/BIN/THRUST.COM
/BIN/UNI2ASCI.COM
/BIN/USBDEVIC.COM
/BIN/USBDRIVE.COM
/BIN/USBHOSTS.COM
/BIN/USBHUB.COM
/BIN/USBJSTIK.COM
/BIN/USBKEYB.COM
/BIN/USBMOUSE.COM
/BIN/USBPRINT.COM
/BIN/USBSUPT1.COM
/BIN/USBUHCI.COM
/BIN/USBUHCI.OVL
/BIN/USBUHCIL.COM
/BIN/USBUHCIL.OVL
/BIN/VENDORID.COM
/BIN/VENDORID.PCI
/BIN/VENDORID.PNP
/BIN/VENDORID.USB
/DOC/
/DOC/DOSUSB/
/DOC/DOSUSB/CHANGES.DOC
/DOC/DOSUSB/READ.ME
/DOC/DOSUSB/USBAPI.DOC
/DOC/DOSUSB/USBINTRO.DOC
/HELP/
/HELP/DOSUSB.DE
/HELP/DOSUSB.EN
/HELP/DOSUSB.FR
/HELP/DOSUSB.SV
/HELP/DOSUSB.TR
/SOURCE/
/SOURCE/USBDOS/
/SOURCE/USBDOS/SOURCES.ZIP/
/SOURCE/USBDOS/SOURCES.ZIP/BOUNDTST.A26
/SOURCE/USBDOS/SOURCES.ZIP/DRIVES.A06
/SOURCE/USBDOS/SOURCES.ZIP/HIDSUPT1.A36
/SOURCE/USBDOS/SOURCES.ZIP/INKLEVEL.CPP
/SOURCE/USBDOS/SOURCES.ZIP/IRQ.A06
/SOURCE/USBDOS/SOURCES.ZIP/PS2MTEST.A06
/SOURCE/USBDOS/SOURCES.ZIP/SCANTEST.A06
/SOURCE/USBDOS/SOURCES.ZIP/THRUST.A06
/SOURCE/USBDOS/SOURCES.ZIP/UNI2ASCI.A06
/SOURCE/USBDOS/SOURCES.ZIP/USBDEVIC.CPP
/SOURCE/USBDOS/SOURCES.ZIP/USBDRIVE.A36
/SOURCE/USBDOS/SOURCES.ZIP/USBHOSTS.A36
/SOURCE/USBDOS/SOURCES.ZIP/USBHUB.A06
/SOURCE/USBDOS/SOURCES.ZIP/USBJSTIK.A36
/SOURCE/USBDOS/SOURCES.ZIP/USBKEYB.A06
/SOURCE/USBDOS/SOURCES.ZIP/USBMOUSE.A26
/SOURCE/USBDOS/SOURCES.ZIP/USBPRINT.A06
/SOURCE/USBDOS/SOURCES.ZIP/USBSUPT1.A36
/SOURCE/USBDOS/SOURCES.ZIP/USBUHCI.A36
/SOURCE/USBDOS/SOURCES.ZIP/USBUHCIV.A06
/SOURCE/USBDOS/SOURCES.ZIP/VENDORID.A06
