/
/APPINFO/
/APPINFO/VERTIGO.DE
/APPINFO/VERTIGO.FR
/APPINFO/VERTIGO.LSM
/APPINFO/VERTIGO.SV
/APPINFO/VERTIGO.TR
/GAMES/
/GAMES/VERTIGO/
/GAMES/VERTIGO/B50LOAD.BAT
/GAMES/VERTIGO/CWSDPMI.EXE
/GAMES/VERTIGO/FONTS.DAT
/GAMES/VERTIGO/HARRIER.ICO
/GAMES/VERTIGO/INSTALL.TXT
/GAMES/VERTIGO/KEYS.TXT
/GAMES/VERTIGO/LICENSE.TXT
/GAMES/VERTIGO/NACA0012.DAT
/GAMES/VERTIGO/OBJECTS/
/GAMES/VERTIGO/OBJECTS/OBJECTS.DAT
/GAMES/VERTIGO/OBJECTS/OBJECTS.POS
/GAMES/VERTIGO/SOUND/
/GAMES/VERTIGO/SOUND/AB_IGNIT.WAV
/GAMES/VERTIGO/SOUND/AB_RMBL.WAV
/GAMES/VERTIGO/SOUND/CANNON.WAV
/GAMES/VERTIGO/SOUND/CAT_LNCH.WAV
/GAMES/VERTIGO/SOUND/CRASH.WAV
/GAMES/VERTIGO/SOUND/EXPLODE.WAV
/GAMES/VERTIGO/SOUND/FLAPS.WAV
/GAMES/VERTIGO/SOUND/GEAR_UP.WAV
/GAMES/VERTIGO/SOUND/JET_EXT.WAV
/GAMES/VERTIGO/SOUND/LM/
/GAMES/VERTIGO/SOUND/LM/100.WAV
/GAMES/VERTIGO/SOUND/LM/200.WAV
/GAMES/VERTIGO/SOUND/LM/50.WAV
/GAMES/VERTIGO/SOUND/LM/540.WAV
/GAMES/VERTIGO/SOUND/LM/70.WAV
/GAMES/VERTIGO/SOUND/LM/700.WAV
/GAMES/VERTIGO/SOUND/LM/CONTACT.WAV
/GAMES/VERTIGO/SOUND/LM/EAGLE.WAV
/GAMES/VERTIGO/SOUND/LM/ENGSTOP.WAV
/GAMES/VERTIGO/SOUND/PING.WAV
/GAMES/VERTIGO/SOUND/PROP.WAV
/GAMES/VERTIGO/SOUND/ROCKET.WAV
/GAMES/VERTIGO/SOUND/RUMBLE.WAV
/GAMES/VERTIGO/SOUND/SCREETCH.WAV
/GAMES/VERTIGO/SOUND/STALL.WAV
/GAMES/VERTIGO/SOUND/TALK/
/GAMES/VERTIGO/SOUND/TALK/ATTITUDE.WAV
/GAMES/VERTIGO/SOUND/TALK/BOLTER.WAV
/GAMES/VERTIGO/SOUND/TALK/CALL_BAL.WAV
/GAMES/VERTIGO/SOUND/TALK/CM_LEFT.WAV
/GAMES/VERTIGO/SOUND/TALK/CM_RIGHT.WAV
/GAMES/VERTIGO/SOUND/TALK/FAST.WAV
/GAMES/VERTIGO/SOUND/TALK/HIGH.WAV
/GAMES/VERTIGO/SOUND/TALK/KEEP_COM.WAV
/GAMES/VERTIGO/SOUND/TALK/LIN_LEFT.WAV
/GAMES/VERTIGO/SOUND/TALK/LIN_RIGH.WAV
/GAMES/VERTIGO/SOUND/TALK/LIT_FAST.WAV
/GAMES/VERTIGO/SOUND/TALK/LIT_HIGH.WAV
/GAMES/VERTIGO/SOUND/TALK/LIT_LEFT.WAV
/GAMES/VERTIGO/SOUND/TALK/LIT_LOW.WAV
/GAMES/VERTIGO/SOUND/TALK/LIT_RIGH.WAV
/GAMES/VERTIGO/SOUND/TALK/LIT_SLOW.WAV
/GAMES/VERTIGO/SOUND/TALK/LOW.WAV
/GAMES/VERTIGO/SOUND/TALK/LOW_GEAR.WAV
/GAMES/VERTIGO/SOUND/TALK/LOW_HOOK.WAV
/GAMES/VERTIGO/SOUND/TALK/N0.WAV
/GAMES/VERTIGO/SOUND/TALK/N1.WAV
/GAMES/VERTIGO/SOUND/TALK/N2.WAV
/GAMES/VERTIGO/SOUND/TALK/N3.WAV
/GAMES/VERTIGO/SOUND/TALK/N4.WAV
/GAMES/VERTIGO/SOUND/TALK/N5.WAV
/GAMES/VERTIGO/SOUND/TALK/N6.WAV
/GAMES/VERTIGO/SOUND/TALK/N7.WAV
/GAMES/VERTIGO/SOUND/TALK/N8.WAV
/GAMES/VERTIGO/SOUND/TALK/N9.WAV
/GAMES/VERTIGO/SOUND/TALK/POINT.WAV
/GAMES/VERTIGO/SOUND/TALK/POWER.WAV
/GAMES/VERTIGO/SOUND/TALK/ROG_BALL.WAV
/GAMES/VERTIGO/SOUND/TALK/SLOW.WAV
/GAMES/VERTIGO/SOUND/TALK/TOM_BALL.WAV
/GAMES/VERTIGO/SOUND/TALK/VIR_BALL.WAV
/GAMES/VERTIGO/SOUND/TALK/WAVEOFF.WAV
/GAMES/VERTIGO/SOUND/TALK/WIND_AXI.WAV
/GAMES/VERTIGO/SOUND/WARNING.WAV
/GAMES/VERTIGO/VERTIGO.B50
/GAMES/VERTIGO/VERTIGO.EXE
/GAMES/VERTIGO/VERTIGO.M50
/GAMES/VERTIGO/VERTIGO.TXT
/GAMES/VERTIGO/VER_DOCS.HTM
/GAMES/VERTIGO/YBSTARS.DAT
/SOURCE/
/SOURCE/VERTIGO/
/SOURCE/VERTIGO/SOURCES.ZIP/
/SOURCE/VERTIGO/SOURCES.ZIP/ACCEL.C
/SOURCE/VERTIGO/SOURCES.ZIP/ACCEL.H
/SOURCE/VERTIGO/SOURCES.ZIP/AIRPLANE/
/SOURCE/VERTIGO/SOURCES.ZIP/AIRPLANE/AIRPLANE.TXT
/SOURCE/VERTIGO/SOURCES.ZIP/AIRPLANE/CORSAIR.C
/SOURCE/VERTIGO/SOURCES.ZIP/AIRPLANE/F104.C
/SOURCE/VERTIGO/SOURCES.ZIP/AIRPLANE/F14.C
/SOURCE/VERTIGO/SOURCES.ZIP/AIRPLANE/HARRIER.C
/SOURCE/VERTIGO/SOURCES.ZIP/AIRPLANE/LM.C
/SOURCE/VERTIGO/SOURCES.ZIP/AIRPLANE/T17.C
/SOURCE/VERTIGO/SOURCES.ZIP/AIRPLANE/U2PLANE.C
/SOURCE/VERTIGO/SOURCES.ZIP/AIRPLANE/X15.C
/SOURCE/VERTIGO/SOURCES.ZIP/AIRPLANE/XT17.C
/SOURCE/VERTIGO/SOURCES.ZIP/AOA360.C
/SOURCE/VERTIGO/SOURCES.ZIP/AOA360.H
/SOURCE/VERTIGO/SOURCES.ZIP/ASTRO.C
/SOURCE/VERTIGO/SOURCES.ZIP/ASTRO.H
/SOURCE/VERTIGO/SOURCES.ZIP/B50LOAD.BAT
/SOURCE/VERTIGO/SOURCES.ZIP/BLT_INST.C
/SOURCE/VERTIGO/SOURCES.ZIP/BLT_INST.H
/SOURCE/VERTIGO/SOURCES.ZIP/BOOL.H
/SOURCE/VERTIGO/SOURCES.ZIP/CARRIER.C
/SOURCE/VERTIGO/SOURCES.ZIP/CARRIER.H
/SOURCE/VERTIGO/SOURCES.ZIP/CGUI/
/SOURCE/VERTIGO/SOURCES.ZIP/CGUI/CGMENUS.C
/SOURCE/VERTIGO/SOURCES.ZIP/CGUI/CGMENUS.H
/SOURCE/VERTIGO/SOURCES.ZIP/CONFIG.C
/SOURCE/VERTIGO/SOURCES.ZIP/CONFIG.H
/SOURCE/VERTIGO/SOURCES.ZIP/CWSDPMI.EXE
/SOURCE/VERTIGO/SOURCES.ZIP/FLIPDEMO.C
/SOURCE/VERTIGO/SOURCES.ZIP/FLTMODEL.C
/SOURCE/VERTIGO/SOURCES.ZIP/FONTS.DAT
/SOURCE/VERTIGO/SOURCES.ZIP/GEN_WING.C
/SOURCE/VERTIGO/SOURCES.ZIP/GEN_WING.H
/SOURCE/VERTIGO/SOURCES.ZIP/GRAPHICS.C
/SOURCE/VERTIGO/SOURCES.ZIP/HARRIER.ICO
/SOURCE/VERTIGO/SOURCES.ZIP/INSTALL.TXT
/SOURCE/VERTIGO/SOURCES.ZIP/INSTRUM.C
/SOURCE/VERTIGO/SOURCES.ZIP/JET_ENG.C
/SOURCE/VERTIGO/SOURCES.ZIP/JOYSTICK.C
/SOURCE/VERTIGO/SOURCES.ZIP/JOYSTICK.H
/SOURCE/VERTIGO/SOURCES.ZIP/KEYINP.C
/SOURCE/VERTIGO/SOURCES.ZIP/KEYINP.H
/SOURCE/VERTIGO/SOURCES.ZIP/KEYS.TXT
/SOURCE/VERTIGO/SOURCES.ZIP/LICENSE.TXT
/SOURCE/VERTIGO/SOURCES.ZIP/MAKEDEFS
/SOURCE/VERTIGO/SOURCES.ZIP/MAKEFILE
/SOURCE/VERTIGO/SOURCES.ZIP/MAP.C
/SOURCE/VERTIGO/SOURCES.ZIP/MAP.H
/SOURCE/VERTIGO/SOURCES.ZIP/MATRIX.C
/SOURCE/VERTIGO/SOURCES.ZIP/MATRIXMA.C
/SOURCE/VERTIGO/SOURCES.ZIP/MESSAGE.C
/SOURCE/VERTIGO/SOURCES.ZIP/MESSAGE.H
/SOURCE/VERTIGO/SOURCES.ZIP/MGUI/
/SOURCE/VERTIGO/SOURCES.ZIP/MGUI/MGERROR.C
/SOURCE/VERTIGO/SOURCES.ZIP/MGUI/MGERROR.H
/SOURCE/VERTIGO/SOURCES.ZIP/MGUI/MGMENUS.C
/SOURCE/VERTIGO/SOURCES.ZIP/MGUI/MGMENUS.H
/SOURCE/VERTIGO/SOURCES.ZIP/MTABLE.C
/SOURCE/VERTIGO/SOURCES.ZIP/MTABLE.H
/SOURCE/VERTIGO/SOURCES.ZIP/MYMATH.C
/SOURCE/VERTIGO/SOURCES.ZIP/MYMATH.H
/SOURCE/VERTIGO/SOURCES.ZIP/NACA0012.DAT
/SOURCE/VERTIGO/SOURCES.ZIP/OBJECTS/
/SOURCE/VERTIGO/SOURCES.ZIP/OBJECTS/ADDON1.C
/SOURCE/VERTIGO/SOURCES.ZIP/OBJECTS/ADDON2.C
/SOURCE/VERTIGO/SOURCES.ZIP/OBJECTS/ADDON3.C
/SOURCE/VERTIGO/SOURCES.ZIP/OBJECTS/CORSAIR.C
/SOURCE/VERTIGO/SOURCES.ZIP/OBJECTS/CORSA_CP.C
/SOURCE/VERTIGO/SOURCES.ZIP/OBJECTS/F104.C
/SOURCE/VERTIGO/SOURCES.ZIP/OBJECTS/F104_CP.C
/SOURCE/VERTIGO/SOURCES.ZIP/OBJECTS/F14.C
/SOURCE/VERTIGO/SOURCES.ZIP/OBJECTS/F14_CP.C
/SOURCE/VERTIGO/SOURCES.ZIP/OBJECTS/F14_CP_1.C
/SOURCE/VERTIGO/SOURCES.ZIP/OBJECTS/F14_CP_F.C
/SOURCE/VERTIGO/SOURCES.ZIP/OBJECTS/HANGAR.C
/SOURCE/VERTIGO/SOURCES.ZIP/OBJECTS/HARRIER.C
/SOURCE/VERTIGO/SOURCES.ZIP/OBJECTS/HARR_CP.C
/SOURCE/VERTIGO/SOURCES.ZIP/OBJECTS/INITOBJA.C
/SOURCE/VERTIGO/SOURCES.ZIP/OBJECTS/INITOBJB.C
/SOURCE/VERTIGO/SOURCES.ZIP/OBJECTS/INITOBJC.C
/SOURCE/VERTIGO/SOURCES.ZIP/OBJECTS/INITOBJD.C
/SOURCE/VERTIGO/SOURCES.ZIP/OBJECTS/INITOBJE.C
/SOURCE/VERTIGO/SOURCES.ZIP/OBJECTS/INITOBJF.C
/SOURCE/VERTIGO/SOURCES.ZIP/OBJECTS/INITOBJG.C
/SOURCE/VERTIGO/SOURCES.ZIP/OBJECTS/LICENSE.TXT
/SOURCE/VERTIGO/SOURCES.ZIP/OBJECTS/LM.C
/SOURCE/VERTIGO/SOURCES.ZIP/OBJECTS/LM_ASC.C
/SOURCE/VERTIGO/SOURCES.ZIP/OBJECTS/LM_OLD.C
/SOURCE/VERTIGO/SOURCES.ZIP/OBJECTS/MAKEDEFS
/SOURCE/VERTIGO/SOURCES.ZIP/OBJECTS/MAKEFILE
/SOURCE/VERTIGO/SOURCES.ZIP/OBJECTS/MAP.C
/SOURCE/VERTIGO/SOURCES.ZIP/OBJECTS/MYMATH.C
/SOURCE/VERTIGO/SOURCES.ZIP/OBJECTS/NIM_DECK.C
/SOURCE/VERTIGO/SOURCES.ZIP/OBJECTS/NIM_HULL.C
/SOURCE/VERTIGO/SOURCES.ZIP/OBJECTS/NIM_JBD.C
/SOURCE/VERTIGO/SOURCES.ZIP/OBJECTS/NIM_MK1.C
/SOURCE/VERTIGO/SOURCES.ZIP/OBJECTS/NIM_MK2.C
/SOURCE/VERTIGO/SOURCES.ZIP/OBJECTS/OBJECTS.DAT
/SOURCE/VERTIGO/SOURCES.ZIP/OBJECTS/OBJECTS.H
/SOURCE/VERTIGO/SOURCES.ZIP/OBJECTS/OBJECTS.POS
/SOURCE/VERTIGO/SOURCES.ZIP/OBJECTS/OBJECTS.TXT
/SOURCE/VERTIGO/SOURCES.ZIP/OBJECTS/OBJWRITE.C
/SOURCE/VERTIGO/SOURCES.ZIP/OBJECTS/OBJWRITE.H
/SOURCE/VERTIGO/SOURCES.ZIP/OBJECTS/RUNWAY.C
/SOURCE/VERTIGO/SOURCES.ZIP/OBJECTS/RW_MARK.C
/SOURCE/VERTIGO/SOURCES.ZIP/OBJECTS/SUN.C
/SOURCE/VERTIGO/SOURCES.ZIP/OBJECTS/T17.C
/SOURCE/VERTIGO/SOURCES.ZIP/OBJECTS/T17_CP.C
/SOURCE/VERTIGO/SOURCES.ZIP/OBJECTS/TARGET.C
/SOURCE/VERTIGO/SOURCES.ZIP/OBJECTS/TOWER.C
/SOURCE/VERTIGO/SOURCES.ZIP/OBJECTS/U2.C
/SOURCE/VERTIGO/SOURCES.ZIP/OBJECTS/U2_CP.C
/SOURCE/VERTIGO/SOURCES.ZIP/OBJECTS/WINDBAG.C
/SOURCE/VERTIGO/SOURCES.ZIP/OBJECTS/X-1B.C
/SOURCE/VERTIGO/SOURCES.ZIP/OBJECTS/X15.C
/SOURCE/VERTIGO/SOURCES.ZIP/POLYGRAP.C
/SOURCE/VERTIGO/SOURCES.ZIP/POLYGRAP.H
/SOURCE/VERTIGO/SOURCES.ZIP/PROPEL.C
/SOURCE/VERTIGO/SOURCES.ZIP/ROCK_ENG.C
/SOURCE/VERTIGO/SOURCES.ZIP/SCORECHK.C
/SOURCE/VERTIGO/SOURCES.ZIP/SOUND/
/SOURCE/VERTIGO/SOURCES.ZIP/SOUND/AB_IGNIT.WAV
/SOURCE/VERTIGO/SOURCES.ZIP/SOUND/AB_RMBL.WAV
/SOURCE/VERTIGO/SOURCES.ZIP/SOUND/CANNON.WAV
/SOURCE/VERTIGO/SOURCES.ZIP/SOUND/CAT_LNCH.WAV
/SOURCE/VERTIGO/SOURCES.ZIP/SOUND/CRASH.WAV
/SOURCE/VERTIGO/SOURCES.ZIP/SOUND/EXPLODE.WAV
/SOURCE/VERTIGO/SOURCES.ZIP/SOUND/FLAPS.WAV
/SOURCE/VERTIGO/SOURCES.ZIP/SOUND/GEAR_UP.WAV
/SOURCE/VERTIGO/SOURCES.ZIP/SOUND/JET_EXT.WAV
/SOURCE/VERTIGO/SOURCES.ZIP/SOUND/LM/
/SOURCE/VERTIGO/SOURCES.ZIP/SOUND/LM/100.WAV
/SOURCE/VERTIGO/SOURCES.ZIP/SOUND/LM/200.WAV
/SOURCE/VERTIGO/SOURCES.ZIP/SOUND/LM/50.WAV
/SOURCE/VERTIGO/SOURCES.ZIP/SOUND/LM/540.WAV
/SOURCE/VERTIGO/SOURCES.ZIP/SOUND/LM/70.WAV
/SOURCE/VERTIGO/SOURCES.ZIP/SOUND/LM/700.WAV
/SOURCE/VERTIGO/SOURCES.ZIP/SOUND/LM/CONTACT.WAV
/SOURCE/VERTIGO/SOURCES.ZIP/SOUND/LM/EAGLE.WAV
/SOURCE/VERTIGO/SOURCES.ZIP/SOUND/LM/ENGSTOP.WAV
/SOURCE/VERTIGO/SOURCES.ZIP/SOUND/PING.WAV
/SOURCE/VERTIGO/SOURCES.ZIP/SOUND/PROP.WAV
/SOURCE/VERTIGO/SOURCES.ZIP/SOUND/ROCKET.WAV
/SOURCE/VERTIGO/SOURCES.ZIP/SOUND/RUMBLE.WAV
/SOURCE/VERTIGO/SOURCES.ZIP/SOUND/SCREETCH.WAV
/SOURCE/VERTIGO/SOURCES.ZIP/SOUND/STALL.WAV
/SOURCE/VERTIGO/SOURCES.ZIP/SOUND/TALK/
/SOURCE/VERTIGO/SOURCES.ZIP/SOUND/TALK/ATTITUDE.WAV
/SOURCE/VERTIGO/SOURCES.ZIP/SOUND/TALK/BOLTER.WAV
/SOURCE/VERTIGO/SOURCES.ZIP/SOUND/TALK/CALL_BAL.WAV
/SOURCE/VERTIGO/SOURCES.ZIP/SOUND/TALK/CM_LEFT.WAV
/SOURCE/VERTIGO/SOURCES.ZIP/SOUND/TALK/CM_RIGHT.WAV
/SOURCE/VERTIGO/SOURCES.ZIP/SOUND/TALK/FAST.WAV
/SOURCE/VERTIGO/SOURCES.ZIP/SOUND/TALK/HIGH.WAV
/SOURCE/VERTIGO/SOURCES.ZIP/SOUND/TALK/KEEP_COM.WAV
/SOURCE/VERTIGO/SOURCES.ZIP/SOUND/TALK/LIN_LEFT.WAV
/SOURCE/VERTIGO/SOURCES.ZIP/SOUND/TALK/LIN_RIGH.WAV
/SOURCE/VERTIGO/SOURCES.ZIP/SOUND/TALK/LIT_FAST.WAV
/SOURCE/VERTIGO/SOURCES.ZIP/SOUND/TALK/LIT_HIGH.WAV
/SOURCE/VERTIGO/SOURCES.ZIP/SOUND/TALK/LIT_LEFT.WAV
/SOURCE/VERTIGO/SOURCES.ZIP/SOUND/TALK/LIT_LOW.WAV
/SOURCE/VERTIGO/SOURCES.ZIP/SOUND/TALK/LIT_RIGH.WAV
/SOURCE/VERTIGO/SOURCES.ZIP/SOUND/TALK/LIT_SLOW.WAV
/SOURCE/VERTIGO/SOURCES.ZIP/SOUND/TALK/LOW.WAV
/SOURCE/VERTIGO/SOURCES.ZIP/SOUND/TALK/LOW_GEAR.WAV
/SOURCE/VERTIGO/SOURCES.ZIP/SOUND/TALK/LOW_HOOK.WAV
/SOURCE/VERTIGO/SOURCES.ZIP/SOUND/TALK/N0.WAV
/SOURCE/VERTIGO/SOURCES.ZIP/SOUND/TALK/N1.WAV
/SOURCE/VERTIGO/SOURCES.ZIP/SOUND/TALK/N2.WAV
/SOURCE/VERTIGO/SOURCES.ZIP/SOUND/TALK/N3.WAV
/SOURCE/VERTIGO/SOURCES.ZIP/SOUND/TALK/N4.WAV
/SOURCE/VERTIGO/SOURCES.ZIP/SOUND/TALK/N5.WAV
/SOURCE/VERTIGO/SOURCES.ZIP/SOUND/TALK/N6.WAV
/SOURCE/VERTIGO/SOURCES.ZIP/SOUND/TALK/N7.WAV
/SOURCE/VERTIGO/SOURCES.ZIP/SOUND/TALK/N8.WAV
/SOURCE/VERTIGO/SOURCES.ZIP/SOUND/TALK/N9.WAV
/SOURCE/VERTIGO/SOURCES.ZIP/SOUND/TALK/POINT.WAV
/SOURCE/VERTIGO/SOURCES.ZIP/SOUND/TALK/POWER.WAV
/SOURCE/VERTIGO/SOURCES.ZIP/SOUND/TALK/ROG_BALL.WAV
/SOURCE/VERTIGO/SOURCES.ZIP/SOUND/TALK/SLOW.WAV
/SOURCE/VERTIGO/SOURCES.ZIP/SOUND/TALK/TOM_BALL.WAV
/SOURCE/VERTIGO/SOURCES.ZIP/SOUND/TALK/VIR_BALL.WAV
/SOURCE/VERTIGO/SOURCES.ZIP/SOUND/TALK/WAVEOFF.WAV
/SOURCE/VERTIGO/SOURCES.ZIP/SOUND/TALK/WIND_AXI.WAV
/SOURCE/VERTIGO/SOURCES.ZIP/SOUND/WARNING.WAV
/SOURCE/VERTIGO/SOURCES.ZIP/SOUND.C
/SOURCE/VERTIGO/SOURCES.ZIP/SOUND.H
/SOURCE/VERTIGO/SOURCES.ZIP/SOURCE.TXT
/SOURCE/VERTIGO/SOURCES.ZIP/TIMESTAT.C
/SOURCE/VERTIGO/SOURCES.ZIP/TIMESTAT.H
/SOURCE/VERTIGO/SOURCES.ZIP/VER_DOCS.HTM
/SOURCE/VERTIGO/SOURCES.ZIP/VERTIGO.B50
/SOURCE/VERTIGO/SOURCES.ZIP/VERTIGO.C
/SOURCE/VERTIGO/SOURCES.ZIP/VERTIGO.H
/SOURCE/VERTIGO/SOURCES.ZIP/VERTIGO.M50
/SOURCE/VERTIGO/SOURCES.ZIP/VERTIGO.TXT
/SOURCE/VERTIGO/SOURCES.ZIP/YBSTARS.DAT
