/
/APPINFO/
/APPINFO/WATTCP.DE
/APPINFO/WATTCP.FR
/APPINFO/WATTCP.LSM
/APPINFO/WATTCP.SV
/APPINFO/WATTCP.TR
/BIN/
/BIN/WATTCP.CFG
/BIN/WATTCP.SAM
/NET/
/NET/WATTCP/
/NET/WATTCP/DEPENDS.TXT
/NET/WATTCP/INSTALL.BAT
/SOURCE/
/SOURCE/WATTCP/
/SOURCE/WATTCP/SOURCES.ZIP/
/SOURCE/WATTCP/SOURCES.ZIP/APPS/
/SOURCE/WATTCP/SOURCES.ZIP/APPS/COOKIE.C
/SOURCE/WATTCP/SOURCES.ZIP/APPS/DAYTIME.C
/SOURCE/WATTCP/SOURCES.ZIP/APPS/FINGER.C
/SOURCE/WATTCP/SOURCES.ZIP/APPS/HOST.C
/SOURCE/WATTCP/SOURCES.ZIP/APPS/LPQ.C
/SOURCE/WATTCP/SOURCES.ZIP/APPS/LPR.C
/SOURCE/WATTCP/SOURCES.ZIP/APPS/MAKEFILE
/SOURCE/WATTCP/SOURCES.ZIP/APPS/NTIME.C
/SOURCE/WATTCP/SOURCES.ZIP/APPS/PH.C
/SOURCE/WATTCP/SOURCES.ZIP/APPS/PING.C
/SOURCE/WATTCP/SOURCES.ZIP/APPS/POPDUMP.C
/SOURCE/WATTCP/SOURCES.ZIP/APPS/REXEC.C
/SOURCE/WATTCP/SOURCES.ZIP/APPS/TCP.CFG
/SOURCE/WATTCP/SOURCES.ZIP/APPS/TCPINFO.C
/SOURCE/WATTCP/SOURCES.ZIP/APPS/TCPPORT.C
/SOURCE/WATTCP/SOURCES.ZIP/APPS/TCPTALK.C
/SOURCE/WATTCP/SOURCES.ZIP/BIN/
/SOURCE/WATTCP/SOURCES.ZIP/BIN/CLEAN.BAT
/SOURCE/WATTCP/SOURCES.ZIP/BIN/REZIP.BAT
/SOURCE/WATTCP/SOURCES.ZIP/BIN/_CLEAN.BAT
/SOURCE/WATTCP/SOURCES.ZIP/BIN/_RUN.BAK
/SOURCE/WATTCP/SOURCES.ZIP/BIN/_RUN.BAT
/SOURCE/WATTCP/SOURCES.ZIP/CHANGES
/SOURCE/WATTCP/SOURCES.ZIP/ELIB/
/SOURCE/WATTCP/SOURCES.ZIP/ELIB/BACKGRND.ASM
/SOURCE/WATTCP/SOURCES.ZIP/ELIB/DOSLIST.ASM
/SOURCE/WATTCP/SOURCES.ZIP/ELIB/INCHKSUM.ASM
/SOURCE/WATTCP/SOURCES.ZIP/ELIB/INTEL.ASM
/SOURCE/WATTCP/SOURCES.ZIP/ELIB/ISSTRING.C
/SOURCE/WATTCP/SOURCES.ZIP/ELIB/KEEP.ASM
/SOURCE/WATTCP/SOURCES.ZIP/ELIB/MACROS.HSM
/SOURCE/WATTCP/SOURCES.ZIP/ELIB/MAKEFILE
/SOURCE/WATTCP/SOURCES.ZIP/ELIB/MASMDEFS.HSM
/SOURCE/WATTCP/SOURCES.ZIP/ELIB/MODEL.HSM
/SOURCE/WATTCP/SOURCES.ZIP/ELIB/OUTCH.ASM
/SOURCE/WATTCP/SOURCES.ZIP/ELIB/OUTHEX.ASM
/SOURCE/WATTCP/SOURCES.ZIP/ELIB/OUTHEXES.C
/SOURCE/WATTCP/SOURCES.ZIP/ELIB/OUTS.ASM
/SOURCE/WATTCP/SOURCES.ZIP/ELIB/OUTSN.ASM
/SOURCE/WATTCP/SOURCES.ZIP/ELIB/QCMP.ASM
/SOURCE/WATTCP/SOURCES.ZIP/ELIB/QMOVE.ASM
/SOURCE/WATTCP/SOURCES.ZIP/ELIB/QMSG.C
/SOURCE/WATTCP/SOURCES.ZIP/ELIB/SEMAPHOR.ASM
/SOURCE/WATTCP/SOURCES.ZIP/ELIB/STRINGS.ASM
/SOURCE/WATTCP/SOURCES.ZIP/ELIB/TIMEOUT.ASM
/SOURCE/WATTCP/SOURCES.ZIP/ERTOS.TXT
/SOURCE/WATTCP/SOURCES.ZIP/INCLUDE/
/SOURCE/WATTCP/SOURCES.ZIP/INCLUDE/BOOTP.H
/SOURCE/WATTCP/SOURCES.ZIP/INCLUDE/COPYRIGH.H
/SOURCE/WATTCP/SOURCES.ZIP/INCLUDE/ELIB.H
/SOURCE/WATTCP/SOURCES.ZIP/INCLUDE/ETHDEV.H
/SOURCE/WATTCP/SOURCES.ZIP/INCLUDE/ICMP.H
/SOURCE/WATTCP/SOURCES.ZIP/INCLUDE/TCP.H
/SOURCE/WATTCP/SOURCES.ZIP/INCLUDE/WATTCP.H
/SOURCE/WATTCP/SOURCES.ZIP/MAKEFILE
/SOURCE/WATTCP/SOURCES.ZIP/MANUAL.TXT
/SOURCE/WATTCP/SOURCES.ZIP/README
/SOURCE/WATTCP/SOURCES.ZIP/README.2ND
/SOURCE/WATTCP/SOURCES.ZIP/SRC/
/SOURCE/WATTCP/SOURCES.ZIP/SRC/ASMPKT.ASM
/SOURCE/WATTCP/SOURCES.ZIP/SRC/BSDNAME.C
/SOURCE/WATTCP/SOURCES.ZIP/SRC/CONSTANT.C
/SOURCE/WATTCP/SOURCES.ZIP/SRC/FRAGMENT.C
/SOURCE/WATTCP/SOURCES.ZIP/SRC/MAKEFILE
/SOURCE/WATTCP/SOURCES.ZIP/SRC/NETBACK.C
/SOURCE/WATTCP/SOURCES.ZIP/SRC/PCARP.C
/SOURCE/WATTCP/SOURCES.ZIP/SRC/PCBOOTP.C
/SOURCE/WATTCP/SOURCES.ZIP/SRC/PCBSD.C
/SOURCE/WATTCP/SOURCES.ZIP/SRC/PCBUF.C
/SOURCE/WATTCP/SOURCES.ZIP/SRC/PCCONFIG.C
/SOURCE/WATTCP/SOURCES.ZIP/SRC/PCDBUG.C
/SOURCE/WATTCP/SOURCES.ZIP/SRC/PCICMP.C
/SOURCE/WATTCP/SOURCES.ZIP/SRC/PCINTR.C
/SOURCE/WATTCP/SOURCES.ZIP/SRC/PCPING.C
/SOURCE/WATTCP/SOURCES.ZIP/SRC/PCPKT.C
/SOURCE/WATTCP/SOURCES.ZIP/SRC/PCRECV.C
/SOURCE/WATTCP/SOURCES.ZIP/SRC/PCSED.C
/SOURCE/WATTCP/SOURCES.ZIP/SRC/PCSTAT.C
/SOURCE/WATTCP/SOURCES.ZIP/SRC/PCTCP.C
/SOURCE/WATTCP/SOURCES.ZIP/SRC/PC_CBRK.C
/SOURCE/WATTCP/SOURCES.ZIP/SRC/SELECT.C
/SOURCE/WATTCP/SOURCES.ZIP/SRC/SOCK_DBU.C
/SOURCE/WATTCP/SOURCES.ZIP/SRC/SOCK_INI.C
/SOURCE/WATTCP/SOURCES.ZIP/SRC/SOCK_PRN.C
/SOURCE/WATTCP/SOURCES.ZIP/SRC/TEST.C
/SOURCE/WATTCP/SOURCES.ZIP/SRC/UDP_DOM.C
/SOURCE/WATTCP/SOURCES.ZIP/SRC/UDP_NDS.C
/SOURCE/WATTCP/SOURCES.ZIP/SRC/WATTCPD.C
