/
/APPINFO/
/APPINFO/WING.DE
/APPINFO/WING.FR
/APPINFO/WING.LSM
/APPINFO/WING.SV
/APPINFO/WING.TR
/GAMES/
/GAMES/WING/
/GAMES/WING/COPYING.TXT
/GAMES/WING/IMAGES/
/GAMES/WING/IMAGES/BOMBER.BMP
/GAMES/WING/IMAGES/BULLETS.DAT
/GAMES/WING/IMAGES/DESTROYE.BMP
/GAMES/WING/IMAGES/ENEMY.DAT
/GAMES/WING/IMAGES/ENEMY_BU.DAT
/GAMES/WING/IMAGES/ENEMY_LA.BMP
/GAMES/WING/IMAGES/ENEMY_MI.BMP
/GAMES/WING/IMAGES/ENEMY_PL.BMP
/GAMES/WING/IMAGES/ENEMY_TO.BMP
/GAMES/WING/IMAGES/EXPLODE.DAT
/GAMES/WING/IMAGES/FIGHTER.BMP
/GAMES/WING/IMAGES/FIRE00.BMP
/GAMES/WING/IMAGES/FIRE01.BMP
/GAMES/WING/IMAGES/FIRE02.BMP
/GAMES/WING/IMAGES/FIRE03.BMP
/GAMES/WING/IMAGES/FIRE04.BMP
/GAMES/WING/IMAGES/FIRE05.BMP
/GAMES/WING/IMAGES/FIRE06.BMP
/GAMES/WING/IMAGES/FIRE07.BMP
/GAMES/WING/IMAGES/FIRE08.BMP
/GAMES/WING/IMAGES/FIRE09.BMP
/GAMES/WING/IMAGES/FIRE10.BMP
/GAMES/WING/IMAGES/FIRE11.BMP
/GAMES/WING/IMAGES/FIRE12.BMP
/GAMES/WING/IMAGES/FIRE13.BMP
/GAMES/WING/IMAGES/FIRE14.BMP
/GAMES/WING/IMAGES/FIRE15.BMP
/GAMES/WING/IMAGES/FIRE16.BMP
/GAMES/WING/IMAGES/FIRE17.BMP
/GAMES/WING/IMAGES/FIRE18.BMP
/GAMES/WING/IMAGES/FIRE19.BMP
/GAMES/WING/IMAGES/FIRE20.BMP
/GAMES/WING/IMAGES/FIRE21.BMP
/GAMES/WING/IMAGES/FIRE22.BMP
/GAMES/WING/IMAGES/FIRE23.BMP
/GAMES/WING/IMAGES/FIRE24.BMP
/GAMES/WING/IMAGES/FIRE25.BMP
/GAMES/WING/IMAGES/HSIMAGES.DAT
/GAMES/WING/IMAGES/HSMENUA.BMP
/GAMES/WING/IMAGES/HSMENUB.BMP
/GAMES/WING/IMAGES/HSMENUC.BMP
/GAMES/WING/IMAGES/HSTITLE.BMP
/GAMES/WING/IMAGES/LASER.BMP
/GAMES/WING/IMAGES/MENU.DAT
/GAMES/WING/IMAGES/MENUA.BMP
/GAMES/WING/IMAGES/MENUB.BMP
/GAMES/WING/IMAGES/MENUC.BMP
/GAMES/WING/IMAGES/MENUD.BMP
/GAMES/WING/IMAGES/MENUE.BMP
/GAMES/WING/IMAGES/MINIGUN.BMP
/GAMES/WING/IMAGES/OIMAGES.DAT
/GAMES/WING/IMAGES/OMENUA.BMP
/GAMES/WING/IMAGES/OMENUB.BMP
/GAMES/WING/IMAGES/OMENUC.BMP
/GAMES/WING/IMAGES/OMENUD.BMP
/GAMES/WING/IMAGES/OMENUE.BMP
/GAMES/WING/IMAGES/OTITLE.BMP
/GAMES/WING/IMAGES/PLANE.DAT
/GAMES/WING/IMAGES/PLASMA.BMP
/GAMES/WING/IMAGES/SCOUT.BMP
/GAMES/WING/IMAGES/SHIP1.BMP
/GAMES/WING/IMAGES/SHIP10.BMP
/GAMES/WING/IMAGES/SHIP11.BMP
/GAMES/WING/IMAGES/SHIP12.BMP
/GAMES/WING/IMAGES/SHIP13.BMP
/GAMES/WING/IMAGES/SHIP14.BMP
/GAMES/WING/IMAGES/SHIP15.BMP
/GAMES/WING/IMAGES/SHIP16.BMP
/GAMES/WING/IMAGES/SHIP2.BMP
/GAMES/WING/IMAGES/SHIP3.BMP
/GAMES/WING/IMAGES/SHIP4.BMP
/GAMES/WING/IMAGES/SHIP5.BMP
/GAMES/WING/IMAGES/SHIP6.BMP
/GAMES/WING/IMAGES/SHIP7.BMP
/GAMES/WING/IMAGES/SHIP8.BMP
/GAMES/WING/IMAGES/SHIP9.BMP
/GAMES/WING/IMAGES/TORPEDO.BMP
/GAMES/WING/IMAGES/WING.BMP
/GAMES/WING/LEVELS/
/GAMES/WING/LEVELS/LEVEL1.DAT
/GAMES/WING/LEVELS/LEVEL2.DAT
/GAMES/WING/LEVELS/LEVEL3.DAT
/GAMES/WING/LEVELS/LEVEL4.DAT
/GAMES/WING/LEVELS/LEVEL5.DAT
/GAMES/WING/LEVELS/LEVEL6.DAT
/GAMES/WING/LEVELS/LEVEL_NA.DAT
/GAMES/WING/README.TXT
/GAMES/WING/SCORES.DAT
/GAMES/WING/SOUND/
/GAMES/WING/SOUND/BULLETHI.WAV
/GAMES/WING/SOUND/DIE.WAV
/GAMES/WING/SOUND/ENEMYDIE.WAV
/GAMES/WING/SOUND/FLIGHT.WAV
/GAMES/WING/SOUND/GAMEOVER.WAV
/GAMES/WING/SOUND/GO.WAV
/GAMES/WING/SOUND/LASER.WAV
/GAMES/WING/SOUND/MENUITEM.WAV
/GAMES/WING/SOUND/MINIGUN.WAV
/GAMES/WING/SOUND/ONE.WAV
/GAMES/WING/SOUND/PLASMA.WAV
/GAMES/WING/SOUND/THREE.WAV
/GAMES/WING/SOUND/TORPEDO.WAV
/GAMES/WING/SOUND/TWO.WAV
/GAMES/WING/WING.EXE
/SOURCE/
/SOURCE/WING/
/SOURCE/WING/SOURCES.ZIP/
/SOURCE/WING/SOURCES.ZIP/additional/
/SOURCE/WING/SOURCES.ZIP/additional/README
/SOURCE/WING/SOURCES.ZIP/additional/apstring.cpp
/SOURCE/WING/SOURCES.ZIP/additional/apstring.h
/SOURCE/WING/SOURCES.ZIP/additional/apvector.cpp
/SOURCE/WING/SOURCES.ZIP/additional/apvector.h
/SOURCE/WING/SOURCES.ZIP/animationtype.cpp
/SOURCE/WING/SOURCES.ZIP/animationtype.h
/SOURCE/WING/SOURCES.ZIP/bullettype.cpp
/SOURCE/WING/SOURCES.ZIP/bullettype.h
/SOURCE/WING/SOURCES.ZIP/collision.cpp
/SOURCE/WING/SOURCES.ZIP/collision.h
/SOURCE/WING/SOURCES.ZIP/constants.h
/SOURCE/WING/SOURCES.ZIP/COPYING.txt
/SOURCE/WING/SOURCES.ZIP/enemytype.cpp
/SOURCE/WING/SOURCES.ZIP/enemytype.h
/SOURCE/WING/SOURCES.ZIP/images/
/SOURCE/WING/SOURCES.ZIP/images/bomber.bmp
/SOURCE/WING/SOURCES.ZIP/images/bullets.dat
/SOURCE/WING/SOURCES.ZIP/images/destroyer.bmp
/SOURCE/WING/SOURCES.ZIP/images/enemy.dat
/SOURCE/WING/SOURCES.ZIP/images/enemy_bullets.dat
/SOURCE/WING/SOURCES.ZIP/images/enemy_laser.bmp
/SOURCE/WING/SOURCES.ZIP/images/enemy_minigun.bmp
/SOURCE/WING/SOURCES.ZIP/images/enemy_plasma.bmp
/SOURCE/WING/SOURCES.ZIP/images/enemy_torpedo.bmp
/SOURCE/WING/SOURCES.ZIP/images/explode.dat
/SOURCE/WING/SOURCES.ZIP/images/fighter.bmp
/SOURCE/WING/SOURCES.ZIP/images/fire00.bmp
/SOURCE/WING/SOURCES.ZIP/images/fire01.bmp
/SOURCE/WING/SOURCES.ZIP/images/fire02.bmp
/SOURCE/WING/SOURCES.ZIP/images/fire03.bmp
/SOURCE/WING/SOURCES.ZIP/images/fire04.bmp
/SOURCE/WING/SOURCES.ZIP/images/fire05.bmp
/SOURCE/WING/SOURCES.ZIP/images/fire06.bmp
/SOURCE/WING/SOURCES.ZIP/images/fire07.bmp
/SOURCE/WING/SOURCES.ZIP/images/fire08.bmp
/SOURCE/WING/SOURCES.ZIP/images/fire09.bmp
/SOURCE/WING/SOURCES.ZIP/images/fire10.bmp
/SOURCE/WING/SOURCES.ZIP/images/fire11.bmp
/SOURCE/WING/SOURCES.ZIP/images/fire12.bmp
/SOURCE/WING/SOURCES.ZIP/images/fire13.bmp
/SOURCE/WING/SOURCES.ZIP/images/fire14.bmp
/SOURCE/WING/SOURCES.ZIP/images/fire15.bmp
/SOURCE/WING/SOURCES.ZIP/images/fire16.bmp
/SOURCE/WING/SOURCES.ZIP/images/fire17.bmp
/SOURCE/WING/SOURCES.ZIP/images/fire18.bmp
/SOURCE/WING/SOURCES.ZIP/images/fire19.bmp
/SOURCE/WING/SOURCES.ZIP/images/fire20.bmp
/SOURCE/WING/SOURCES.ZIP/images/fire21.bmp
/SOURCE/WING/SOURCES.ZIP/images/fire22.bmp
/SOURCE/WING/SOURCES.ZIP/images/fire23.bmp
/SOURCE/WING/SOURCES.ZIP/images/fire24.bmp
/SOURCE/WING/SOURCES.ZIP/images/fire25.bmp
/SOURCE/WING/SOURCES.ZIP/images/hsimages.dat
/SOURCE/WING/SOURCES.ZIP/images/hsmenua.bmp
/SOURCE/WING/SOURCES.ZIP/images/hsmenub.bmp
/SOURCE/WING/SOURCES.ZIP/images/hsmenuc.bmp
/SOURCE/WING/SOURCES.ZIP/images/hstitle.bmp
/SOURCE/WING/SOURCES.ZIP/images/laser.bmp
/SOURCE/WING/SOURCES.ZIP/images/menu.dat
/SOURCE/WING/SOURCES.ZIP/images/menua.bmp
/SOURCE/WING/SOURCES.ZIP/images/menub.bmp
/SOURCE/WING/SOURCES.ZIP/images/menuc.bmp
/SOURCE/WING/SOURCES.ZIP/images/menud.bmp
/SOURCE/WING/SOURCES.ZIP/images/menue.bmp
/SOURCE/WING/SOURCES.ZIP/images/minigun.bmp
/SOURCE/WING/SOURCES.ZIP/images/oimages.dat
/SOURCE/WING/SOURCES.ZIP/images/omenua.bmp
/SOURCE/WING/SOURCES.ZIP/images/omenub.bmp
/SOURCE/WING/SOURCES.ZIP/images/omenuc.bmp
/SOURCE/WING/SOURCES.ZIP/images/omenud.bmp
/SOURCE/WING/SOURCES.ZIP/images/omenue.bmp
/SOURCE/WING/SOURCES.ZIP/images/otitle.bmp
/SOURCE/WING/SOURCES.ZIP/images/plane.dat
/SOURCE/WING/SOURCES.ZIP/images/plasma.bmp
/SOURCE/WING/SOURCES.ZIP/images/scout.bmp
/SOURCE/WING/SOURCES.ZIP/images/ship1.bmp
/SOURCE/WING/SOURCES.ZIP/images/ship10.bmp
/SOURCE/WING/SOURCES.ZIP/images/ship11.bmp
/SOURCE/WING/SOURCES.ZIP/images/ship12.bmp
/SOURCE/WING/SOURCES.ZIP/images/ship13.bmp
/SOURCE/WING/SOURCES.ZIP/images/ship14.bmp
/SOURCE/WING/SOURCES.ZIP/images/ship15.bmp
/SOURCE/WING/SOURCES.ZIP/images/ship16.bmp
/SOURCE/WING/SOURCES.ZIP/images/ship2.bmp
/SOURCE/WING/SOURCES.ZIP/images/ship3.bmp
/SOURCE/WING/SOURCES.ZIP/images/ship4.bmp
/SOURCE/WING/SOURCES.ZIP/images/ship5.bmp
/SOURCE/WING/SOURCES.ZIP/images/ship6.bmp
/SOURCE/WING/SOURCES.ZIP/images/ship7.bmp
/SOURCE/WING/SOURCES.ZIP/images/ship8.bmp
/SOURCE/WING/SOURCES.ZIP/images/ship9.bmp
/SOURCE/WING/SOURCES.ZIP/images/torpedo.bmp
/SOURCE/WING/SOURCES.ZIP/images/wing.bmp
/SOURCE/WING/SOURCES.ZIP/levels/
/SOURCE/WING/SOURCES.ZIP/levels/level1.dat
/SOURCE/WING/SOURCES.ZIP/levels/level2.dat
/SOURCE/WING/SOURCES.ZIP/levels/level3.dat
/SOURCE/WING/SOURCES.ZIP/levels/level4.dat
/SOURCE/WING/SOURCES.ZIP/levels/level5.dat
/SOURCE/WING/SOURCES.ZIP/levels/level6.dat
/SOURCE/WING/SOURCES.ZIP/levels/level_names.dat
/SOURCE/WING/SOURCES.ZIP/main.cpp
/SOURCE/WING/SOURCES.ZIP/makefile.dos
/SOURCE/WING/SOURCES.ZIP/makefile.unx
/SOURCE/WING/SOURCES.ZIP/planetype.cpp
/SOURCE/WING/SOURCES.ZIP/planetype.h
/SOURCE/WING/SOURCES.ZIP/README.txt
/SOURCE/WING/SOURCES.ZIP/scorelisttype.cpp
/SOURCE/WING/SOURCES.ZIP/scorelisttype.h
/SOURCE/WING/SOURCES.ZIP/sound/
/SOURCE/WING/SOURCES.ZIP/sound/bullethit.wav
/SOURCE/WING/SOURCES.ZIP/sound/die.wav
/SOURCE/WING/SOURCES.ZIP/sound/enemydie.wav
/SOURCE/WING/SOURCES.ZIP/sound/flight.wav
/SOURCE/WING/SOURCES.ZIP/sound/gameover.wav
/SOURCE/WING/SOURCES.ZIP/sound/go.wav
/SOURCE/WING/SOURCES.ZIP/sound/laser.wav
/SOURCE/WING/SOURCES.ZIP/sound/menuitem.wav
/SOURCE/WING/SOURCES.ZIP/sound/minigun.wav
/SOURCE/WING/SOURCES.ZIP/sound/one.wav
/SOURCE/WING/SOURCES.ZIP/sound/plasma.wav
/SOURCE/WING/SOURCES.ZIP/sound/three.wav
/SOURCE/WING/SOURCES.ZIP/sound/torpedo.wav
/SOURCE/WING/SOURCES.ZIP/sound/two.wav
/SOURCE/WING/SOURCES.ZIP/sound.cpp
/SOURCE/WING/SOURCES.ZIP/sound.h
/SOURCE/WING/SOURCES.ZIP/star.cpp
/SOURCE/WING/SOURCES.ZIP/star.h
/SOURCE/WING/SOURCES.ZIP/util.cpp
/SOURCE/WING/SOURCES.ZIP/util.h
