/
/APPINFO/
/APPINFO/ZMIY.DE
/APPINFO/ZMIY.FR
/APPINFO/ZMIY.LSM
/APPINFO/ZMIY.SV
/APPINFO/ZMIY.TR
/GAMES/
/GAMES/ZMIY/
/GAMES/ZMIY/HISTORY.TXT
/GAMES/ZMIY/ZMIY.EXE
/GAMES/ZMIY/ZMIY.TXT
/SOURCE/
/SOURCE/ZMIY/
/SOURCE/ZMIY/SOURCES.ZIP/
/SOURCE/ZMIY/SOURCES.ZIP/HISTORY.TXT
/SOURCE/ZMIY/SOURCES.ZIP/IO.C
/SOURCE/ZMIY/SOURCES.ZIP/IO.H
/SOURCE/ZMIY/SOURCES.ZIP/LEVELS.C
/SOURCE/ZMIY/SOURCES.ZIP/LEVELS.H
/SOURCE/ZMIY/SOURCES.ZIP/MAKEFILE
/SOURCE/ZMIY/SOURCES.ZIP/TIMER.C
/SOURCE/ZMIY/SOURCES.ZIP/TIMER.H
/SOURCE/ZMIY/SOURCES.ZIP/ZMIY.C
/SOURCE/ZMIY/SOURCES.ZIP/ZMIY.LSM
/SOURCE/ZMIY/SOURCES.ZIP/ZMIY.TXT
