/
/APPINFO/
/APPINFO/ZOO.DE
/APPINFO/ZOO.FR
/APPINFO/ZOO.LSM
/APPINFO/ZOO.SV
/APPINFO/ZOO.TR
/BIN/
/BIN/FIZ.EXE
/BIN/ZOO.EXE
/DOC/
/DOC/ZOO/
/DOC/ZOO/FIZ.MAN
/DOC/ZOO/ZOO.MAN
/SOURCE/
/SOURCE/ZOO/
/SOURCE/ZOO/SOURCES.ZIP/
/SOURCE/ZOO/SOURCES.ZIP/ADDBFCRC.C
/SOURCE/ZOO/SOURCES.ZIP/ADDBFMSC.C
/SOURCE/ZOO/SOURCES.ZIP/ADDBFTCC.C
/SOURCE/ZOO/SOURCES.ZIP/ADDFNAME.C
/SOURCE/ZOO/SOURCES.ZIP/AR.H
/SOURCE/ZOO/SOURCES.ZIP/ASMCONST.AI
/SOURCE/ZOO/SOURCES.ZIP/ASSERT.H
/SOURCE/ZOO/SOURCES.ZIP/BASENAME.C
/SOURCE/ZOO/SOURCES.ZIP/BILF.C
/SOURCE/ZOO/SOURCES.ZIP/BSD.C
/SOURCE/ZOO/SOURCES.ZIP/COMMENT.C
/SOURCE/ZOO/SOURCES.ZIP/CRCDEFS.C
/SOURCE/ZOO/SOURCES.ZIP/DEBUG.H
/SOURCE/ZOO/SOURCES.ZIP/DECODE.C
/SOURCE/ZOO/SOURCES.ZIP/DESCRIP.MMS
/SOURCE/ZOO/SOURCES.ZIP/ENCODE.C
/SOURCE/ZOO/SOURCES.ZIP/ERRORS.I
/SOURCE/ZOO/SOURCES.ZIP/FILE.FIX
/SOURCE/ZOO/SOURCES.ZIP/FIZ.1
/SOURCE/ZOO/SOURCES.ZIP/FIZ.C
/SOURCE/ZOO/SOURCES.ZIP/FIZ.CS
/SOURCE/ZOO/SOURCES.ZIP/FIZ.DEF
/SOURCE/ZOO/SOURCES.ZIP/GENERIC.C
/SOURCE/ZOO/SOURCES.ZIP/GETFILE.C
/SOURCE/ZOO/SOURCES.ZIP/HUF.C
/SOURCE/ZOO/SOURCES.ZIP/INSTALL
/SOURCE/ZOO/SOURCES.ZIP/IO.C
/SOURCE/ZOO/SOURCES.ZIP/LIST
/SOURCE/ZOO/SOURCES.ZIP/LZC.ASM
/SOURCE/ZOO/SOURCES.ZIP/LZC.C
/SOURCE/ZOO/SOURCES.ZIP/LZCONST.H
/SOURCE/ZOO/SOURCES.ZIP/LZD.ASM
/SOURCE/ZOO/SOURCES.ZIP/LZD.C
/SOURCE/ZOO/SOURCES.ZIP/LZH.C
/SOURCE/ZOO/SOURCES.ZIP/LZH.H
/SOURCE/ZOO/SOURCES.ZIP/MACHINE.C
/SOURCE/ZOO/SOURCES.ZIP/MACHINE.H
/SOURCE/ZOO/SOURCES.ZIP/MACROS.AI
/SOURCE/ZOO/SOURCES.ZIP/MAKEFILE
/SOURCE/ZOO/SOURCES.ZIP/MAKEFILE.OS2
/SOURCE/ZOO/SOURCES.ZIP/MAKEFILE.TCC
/SOURCE/ZOO/SOURCES.ZIP/MAKELIST.C
/SOURCE/ZOO/SOURCES.ZIP/MAKETBL.C
/SOURCE/ZOO/SOURCES.ZIP/MAKETREE.C
/SOURCE/ZOO/SOURCES.ZIP/MISC2.C
/SOURCE/ZOO/SOURCES.ZIP/MISC.C
/SOURCE/ZOO/SOURCES.ZIP/MSC.C
/SOURCE/ZOO/SOURCES.ZIP/MSDOS.C
/SOURCE/ZOO/SOURCES.ZIP/MSTIME.I
/SOURCE/ZOO/SOURCES.ZIP/NEEDED.C
/SOURCE/ZOO/SOURCES.ZIP/NEXTFILE.C
/SOURCE/ZOO/SOURCES.ZIP/NIXMODE.I
/SOURCE/ZOO/SOURCES.ZIP/NIXTIME.I
/SOURCE/ZOO/SOURCES.ZIP/OPTIONS.C
/SOURCE/ZOO/SOURCES.ZIP/OPTIONS.DOC
/SOURCE/ZOO/SOURCES.ZIP/OPTIONS.H
/SOURCE/ZOO/SOURCES.ZIP/OPTIONS.OPT
/SOURCE/ZOO/SOURCES.ZIP/OS2.C
/SOURCE/ZOO/SOURCES.ZIP/PARSE.C
/SOURCE/ZOO/SOURCES.ZIP/PARSE.H
/SOURCE/ZOO/SOURCES.ZIP/PATCHES.OS2
/SOURCE/ZOO/SOURCES.ZIP/PORTABLE.C
/SOURCE/ZOO/SOURCES.ZIP/PORTABLE.H
/SOURCE/ZOO/SOURCES.ZIP/PRTERROR.C
/SOURCE/ZOO/SOURCES.ZIP/R-DHESI.ADR
/SOURCE/ZOO/SOURCES.ZIP/README.OS2
/SOURCE/ZOO/SOURCES.ZIP/SYSV.C
/SOURCE/ZOO/SOURCES.ZIP/TURBOC.C
/SOURCE/ZOO/SOURCES.ZIP/TURBOC.CFG
/SOURCE/ZOO/SOURCES.ZIP/VARIOUS.H
/SOURCE/ZOO/SOURCES.ZIP/VERSION.C
/SOURCE/ZOO/SOURCES.ZIP/VMSBUGS.DOC
/SOURCE/ZOO/SOURCES.ZIP/VMSBUILD.COM
/SOURCE/ZOO/SOURCES.ZIP/VMS.C
/SOURCE/ZOO/SOURCES.ZIP/VMSTIME.C
/SOURCE/ZOO/SOURCES.ZIP/ZOO.1
/SOURCE/ZOO/SOURCES.ZIP/ZOOADD2.C
/SOURCE/ZOO/SOURCES.ZIP/ZOOADD.C
/SOURCE/ZOO/SOURCES.ZIP/ZOO.C
/SOURCE/ZOO/SOURCES.ZIP/ZOO.CS
/SOURCE/ZOO/SOURCES.ZIP/ZOO.DEF
/SOURCE/ZOO/SOURCES.ZIP/ZOODEL.C
/SOURCE/ZOO/SOURCES.ZIP/ZOOEXT.C
/SOURCE/ZOO/SOURCES.ZIP/ZOOFILT.C
/SOURCE/ZOO/SOURCES.ZIP/ZOOFNS.H
/SOURCE/ZOO/SOURCES.ZIP/ZOO.H
/SOURCE/ZOO/SOURCES.ZIP/ZOOIO.H
/SOURCE/ZOO/SOURCES.ZIP/ZOOLIST.C
/SOURCE/ZOO/SOURCES.ZIP/ZOOMEM.H
/SOURCE/ZOO/SOURCES.ZIP/ZOOPACK.C
