/
/APPINFO/
/APPINFO/ANSIMAT.DE
/APPINFO/ANSIMAT.FR
/APPINFO/ANSIMAT.LSM
/APPINFO/ANSIMAT.SV
/APPINFO/ANSIMAT.TR
/SOURCE/
/SOURCE/ANSIMAT/
/SOURCE/ANSIMAT/SOURCES.ZIP/
/SOURCE/ANSIMAT/SOURCES.ZIP/ANSIFUNC.BI
/SOURCE/ANSIMAT/SOURCES.ZIP/ANSIMAT.BAS
/SOURCE/ANSIMAT/SOURCES.ZIP/ANSIMAT.CFG
/SOURCE/ANSIMAT/SOURCES.ZIP/ANSIMAT.RC
/SOURCE/ANSIMAT/SOURCES.ZIP/ANSIMAT.TXT
/SOURCE/ANSIMAT/SOURCES.ZIP/ANSIPALL.BI
/SOURCE/ANSIMAT/SOURCES.ZIP/CHANGES.TXT
/SOURCE/ANSIMAT/SOURCES.ZIP/CHECKFIL/
/SOURCE/ANSIMAT/SOURCES.ZIP/CHECKFIL/ACIDZN1.ANS
/SOURCE/ANSIMAT/SOURCES.ZIP/CHECKFIL/ANSI6.ANS
/SOURCE/ANSIMAT/SOURCES.ZIP/CHECKFIL/AR_XMAS.ANS
/SOURCE/ANSIMAT/SOURCES.ZIP/CHECKFIL/BS-GAZ!.ANS
/SOURCE/ANSIMAT/SOURCES.ZIP/CHECKFIL/DEMO.ANS
/SOURCE/ANSIMAT/SOURCES.ZIP/CHECKFIL/FASTMAS.ANS
/SOURCE/ANSIMAT/SOURCES.ZIP/CHECKFIL/KNIGHTS.ANS
/SOURCE/ANSIMAT/SOURCES.ZIP/CHECKVID.BI
/SOURCE/ANSIMAT/SOURCES.ZIP/DEBUGLOG.BI
/SOURCE/ANSIMAT/SOURCES.ZIP/DEFAULT.PAL
/SOURCE/ANSIMAT/SOURCES.ZIP/DEV-DOCU/
/SOURCE/ANSIMAT/SOURCES.ZIP/DEV-DOCU/ANSI/
/SOURCE/ANSIMAT/SOURCES.ZIP/DEV-DOCU/ANSI/ANSI-SPE.TXT
/SOURCE/ANSIMAT/SOURCES.ZIP/DEV-DOCU/ANSI/ANSICOLO.PNG
/SOURCE/ANSIMAT/SOURCES.ZIP/DEV-DOCU/ANSI/CHARTSET.GIF
/SOURCE/ANSIMAT/SOURCES.ZIP/DEV-DOCU/ANSI/NANSI.TXT
/SOURCE/ANSIMAT/SOURCES.ZIP/DEV-DOCU/IMAGEFOR/
/SOURCE/ANSIMAT/SOURCES.ZIP/DEV-DOCU/IMAGEFOR/FLC.PDF
/SOURCE/ANSIMAT/SOURCES.ZIP/DEV-DOCU/IMAGEFOR/GIF87A.TXT
/SOURCE/ANSIMAT/SOURCES.ZIP/DEV-DOCU/IMAGEFOR/GIF89A.TXT
/SOURCE/ANSIMAT/SOURCES.ZIP/DEV-DOCU/IMAGEFOR/PCX.TXT
/SOURCE/ANSIMAT/SOURCES.ZIP/DEV-DOCU/IMAGEFOR/TGA-FORM.PDF
/SOURCE/ANSIMAT/SOURCES.ZIP/DEV-DOCU/IMAGEFOR/TIFF6.PDF
/SOURCE/ANSIMAT/SOURCES.ZIP/ENABLEDR.BI
/SOURCE/ANSIMAT/SOURCES.ZIP/FEXISTS.BI
/SOURCE/ANSIMAT/SOURCES.ZIP/FLUSHKEY.BI
/SOURCE/ANSIMAT/SOURCES.ZIP/FONT.BI
/SOURCE/ANSIMAT/SOURCES.ZIP/FONT-EDI/
/SOURCE/ANSIMAT/SOURCES.ZIP/FONT-EDI/CHARED.BAS
/SOURCE/ANSIMAT/SOURCES.ZIP/FONT-EDI/CHARED.EXE
/SOURCE/ANSIMAT/SOURCES.ZIP/FONT-EDI/FONT.BI
/SOURCE/ANSIMAT/SOURCES.ZIP/FONT-EDI/FONT2BI
/SOURCE/ANSIMAT/SOURCES.ZIP/FONT-EDI/FONT2BI.BAS
/SOURCE/ANSIMAT/SOURCES.ZIP/FONT-EDI/FOXTYPE.640
/SOURCE/ANSIMAT/SOURCES.ZIP/ICON/
/SOURCE/ANSIMAT/SOURCES.ZIP/ICON/ANSIM128.PNG
/SOURCE/ANSIMAT/SOURCES.ZIP/ICON/ANSIM16.PNG
/SOURCE/ANSIMAT/SOURCES.ZIP/ICON/ANSIM256.PNG
/SOURCE/ANSIMAT/SOURCES.ZIP/ICON/ANSIM32.PNG
/SOURCE/ANSIMAT/SOURCES.ZIP/ICON/ANSIM48.PNG
/SOURCE/ANSIMAT/SOURCES.ZIP/ICON/ANSIM64.PNG
/SOURCE/ANSIMAT/SOURCES.ZIP/ICON/ANSIMAT.ICO
/SOURCE/ANSIMAT/SOURCES.ZIP/ICON/ANSIMAT.SVG
/SOURCE/ANSIMAT/SOURCES.ZIP/INTTODOU.BI
/SOURCE/ANSIMAT/SOURCES.ZIP/INTTODWO.BI
/SOURCE/ANSIMAT/SOURCES.ZIP/LICENSE.TXT
/SOURCE/ANSIMAT/SOURCES.ZIP/LOADCUST.BI
/SOURCE/ANSIMAT/SOURCES.ZIP/READCFG.BI
/SOURCE/ANSIMAT/SOURCES.ZIP/REFRESHS.BI
/SOURCE/ANSIMAT/SOURCES.ZIP/SAVEBMPF.BI
/SOURCE/ANSIMAT/SOURCES.ZIP/SAVEFLCF.BI
/SOURCE/ANSIMAT/SOURCES.ZIP/SAVEPCXF.BI
/SOURCE/ANSIMAT/SOURCES.ZIP/SAVEPPMF.BI
/SOURCE/ANSIMAT/SOURCES.ZIP/SAVETGAF.BI
/SOURCE/ANSIMAT/SOURCES.ZIP/SAVETIFF.BI
/SOURCE/ANSIMAT/SOURCES.ZIP/TODO.TXT
/UTIL/
/UTIL/ANSIMAT/
/UTIL/ANSIMAT/ANSIMAT.CFG
/UTIL/ANSIMAT/ANSIMAT.EXE
/UTIL/ANSIMAT/ANSIMAT.ICO
/UTIL/ANSIMAT/ANSIMAT.TXT
/UTIL/ANSIMAT/CHANGES.TXT
/UTIL/ANSIMAT/DEFAULT.PAL
/UTIL/ANSIMAT/LICENSE.TXT
