/
/APPINFO/
/APPINFO/ARJ.DE
/APPINFO/ARJ.FR
/APPINFO/ARJ.LSM
/APPINFO/ARJ.SV
/APPINFO/ARJ.TR
/BIN/
/BIN/ARJ.EXE
/BIN/ARJDISP.EXE
/BIN/REARJ.CFG
/BIN/REARJ.EXE
/DOC/
/DOC/ARJ/
/DOC/ARJ/DOS.TXT
/DOC/ARJ/FILE_ID.DIZ
/DOC/ARJ/HISTORY.TXT
/DOC/ARJ/README.TXT
/DOC/ARJ/REARJ.CFG
/SOURCE/
/SOURCE/ARJ/
/SOURCE/ARJ/SOURCES.ZIP/
/SOURCE/ARJ/SOURCES.ZIP/ANSI.C
/SOURCE/ARJ/SOURCES.ZIP/ANSI.H
/SOURCE/ARJ/SOURCES.ZIP/ARJ_ARCV.C
/SOURCE/ARJ/SOURCES.ZIP/ARJ_ARCV.H
/SOURCE/ARJ/SOURCES.ZIP/ARJ.C
/SOURCE/ARJ/SOURCES.ZIP/ARJCRYPT.C
/SOURCE/ARJ/SOURCES.ZIP/ARJCRYPT.H
/SOURCE/ARJ/SOURCES.ZIP/ARJDATA.C
/SOURCE/ARJ/SOURCES.ZIP/ARJDATA.H
/SOURCE/ARJ/SOURCES.ZIP/ARJDISP.C
/SOURCE/ARJ/SOURCES.ZIP/ARJ_FILE.C
/SOURCE/ARJ/SOURCES.ZIP/ARJ_FILE.H
/SOURCE/ARJ/SOURCES.ZIP/ARJ.H
/SOURCE/ARJ/SOURCES.ZIP/ARJ_PROC.C
/SOURCE/ARJ/SOURCES.ZIP/ARJ_PROC.H
/SOURCE/ARJ/SOURCES.ZIP/ARJSEC_H.C
/SOURCE/ARJ/SOURCES.ZIP/ARJSEC_H.H
/SOURCE/ARJ/SOURCES.ZIP/ARJSEC_L.C
/SOURCE/ARJ/SOURCES.ZIP/ARJSEC_L.H
/SOURCE/ARJ/SOURCES.ZIP/ARJSFX.C
/SOURCE/ARJ/SOURCES.ZIP/ARJSFX.H
/SOURCE/ARJ/SOURCES.ZIP/ARJSFXJR.C
/SOURCE/ARJ/SOURCES.ZIP/ARJTYPES.C
/SOURCE/ARJ/SOURCES.ZIP/ARJTYPES.H
/SOURCE/ARJ/SOURCES.ZIP/ARJ_USER.C
/SOURCE/ARJ/SOURCES.ZIP/ARJ_USER.H
/SOURCE/ARJ/SOURCES.ZIP/ARJ_XMS.ASM
/SOURCE/ARJ/SOURCES.ZIP/ARJ_XMS.H
/SOURCE/ARJ/SOURCES.ZIP/ASM_INCL.INC
/SOURCE/ARJ/SOURCES.ZIP/BINDINGS.H
/SOURCE/ARJ/SOURCES.ZIP/CHANGELO
/SOURCE/ARJ/SOURCES.ZIP/CHK_FMSG.C
/SOURCE/ARJ/SOURCES.ZIP/CHK_FMSG.H
/SOURCE/ARJ/SOURCES.ZIP/CRC16TAB.C
/SOURCE/ARJ/SOURCES.ZIP/CRC16TAB.H
/SOURCE/ARJ/SOURCES.ZIP/CRC32.C
/SOURCE/ARJ/SOURCES.ZIP/CRC32.H
/SOURCE/ARJ/SOURCES.ZIP/CSET2/
/SOURCE/ARJ/SOURCES.ZIP/CSET2/ARJ.DEF
/SOURCE/ARJ/SOURCES.ZIP/CSET2/ARJCRYPT
/SOURCE/ARJ/SOURCES.ZIP/CSET2/ARJDISP.DEF
/SOURCE/ARJ/SOURCES.ZIP/CSET2/ARJSFX.DEF
/SOURCE/ARJ/SOURCES.ZIP/CSET2/ARJSFXJR
/SOURCE/ARJ/SOURCES.ZIP/CSET2/ARJSFXV.DEF
/SOURCE/ARJ/SOURCES.ZIP/CSET2/DEFAULT.DEF
/SOURCE/ARJ/SOURCES.ZIP/CSET2/REARJ.DEF
/SOURCE/ARJ/SOURCES.ZIP/CSET2/REGISTER
/SOURCE/ARJ/SOURCES.ZIP/CSET2/SFXSTUB.DEF
/SOURCE/ARJ/SOURCES.ZIP/DATE_SIG.H
/SOURCE/ARJ/SOURCES.ZIP/DEBUG.C
/SOURCE/ARJ/SOURCES.ZIP/DEBUG.H
/SOURCE/ARJ/SOURCES.ZIP/DECODE.C
/SOURCE/ARJ/SOURCES.ZIP/DECODE.H
/SOURCE/ARJ/SOURCES.ZIP/DEFINES.H
/SOURCE/ARJ/SOURCES.ZIP/DET_X86.ASM
/SOURCE/ARJ/SOURCES.ZIP/DET_X86.H
/SOURCE/ARJ/SOURCES.ZIP/DOC/
/SOURCE/ARJ/SOURCES.ZIP/DOC/COMPILE.TXT
/SOURCE/ARJ/SOURCES.ZIP/DOC/COPYING
/SOURCE/ARJ/SOURCES.ZIP/DOC/DEBUG.TXT
/SOURCE/ARJ/SOURCES.ZIP/DOC/GLOSSARY
/SOURCE/ARJ/SOURCES.ZIP/DOC/REV_HIST
/SOURCE/ARJ/SOURCES.ZIP/DOC/XLATION.TXT
/SOURCE/ARJ/SOURCES.ZIP/EA_MGR.C
/SOURCE/ARJ/SOURCES.ZIP/EA_MGR.H
/SOURCE/ARJ/SOURCES.ZIP/ENC_GWY.C
/SOURCE/ARJ/SOURCES.ZIP/ENC_GWY.H
/SOURCE/ARJ/SOURCES.ZIP/ENCODE.C
/SOURCE/ARJ/SOURCES.ZIP/ENCODE.H
/SOURCE/ARJ/SOURCES.ZIP/ENVIRON.C
/SOURCE/ARJ/SOURCES.ZIP/ENVIRON.H
/SOURCE/ARJ/SOURCES.ZIP/EXE_SEAR.C
/SOURCE/ARJ/SOURCES.ZIP/EXE_SEAR.H
/SOURCE/ARJ/SOURCES.ZIP/EXTERNS.C
/SOURCE/ARJ/SOURCES.ZIP/EXTERNS.H
/SOURCE/ARJ/SOURCES.ZIP/EXT_HDR.C
/SOURCE/ARJ/SOURCES.ZIP/EXT_HDR.H
/SOURCE/ARJ/SOURCES.ZIP/FARDATA.C
/SOURCE/ARJ/SOURCES.ZIP/FARDATA.H
/SOURCE/ARJ/SOURCES.ZIP/FILELIST.C
/SOURCE/ARJ/SOURCES.ZIP/FILELIST.H
/SOURCE/ARJ/SOURCES.ZIP/FILEMODE.C
/SOURCE/ARJ/SOURCES.ZIP/FILEMODE.H
/SOURCE/ARJ/SOURCES.ZIP/FILE_REG.C
/SOURCE/ARJ/SOURCES.ZIP/FILE_REG.H
/SOURCE/ARJ/SOURCES.ZIP/FMEMCMP.ASM
/SOURCE/ARJ/SOURCES.ZIP/FMEMCMP.H
/SOURCE/ARJ/SOURCES.ZIP/GARBLE.C
/SOURCE/ARJ/SOURCES.ZIP/GARBLE.H
/SOURCE/ARJ/SOURCES.ZIP/GOST40.C
/SOURCE/ARJ/SOURCES.ZIP/GOST40.H
/SOURCE/ARJ/SOURCES.ZIP/GOST_ASM.ASM
/SOURCE/ARJ/SOURCES.ZIP/GOST_ASM.H
/SOURCE/ARJ/SOURCES.ZIP/GOST.C
/SOURCE/ARJ/SOURCES.ZIP/GOST.H
/SOURCE/ARJ/SOURCES.ZIP/GOST_T.C
/SOURCE/ARJ/SOURCES.ZIP/GOST_T.H
/SOURCE/ARJ/SOURCES.ZIP/HIGHC/
/SOURCE/ARJ/SOURCES.ZIP/HIGHC/HCD_OMF.LIB
/SOURCE/ARJ/SOURCES.ZIP/INTEGR.ASM
/SOURCE/ARJ/SOURCES.ZIP/INTEGR.C
/SOURCE/ARJ/SOURCES.ZIP/JOIN.C
/SOURCE/ARJ/SOURCES.ZIP/MAKEFILE
/SOURCE/ARJ/SOURCES.ZIP/MAKE_KEY.C
/SOURCE/ARJ/SOURCES.ZIP/MAKESTUB.C
/SOURCE/ARJ/SOURCES.ZIP/MISC.C
/SOURCE/ARJ/SOURCES.ZIP/MISC.H
/SOURCE/ARJ/SOURCES.ZIP/MSGBIND.C
/SOURCE/ARJ/SOURCES.ZIP/NTSTREAM.C
/SOURCE/ARJ/SOURCES.ZIP/NTSTREAM.H
/SOURCE/ARJ/SOURCES.ZIP/PACKAGER.C
/SOURCE/ARJ/SOURCES.ZIP/POSTPROC.C
/SOURCE/ARJ/SOURCES.ZIP/REARJ.C
/SOURCE/ARJ/SOURCES.ZIP/REARJ.H
/SOURCE/ARJ/SOURCES.ZIP/RECOVERY.C
/SOURCE/ARJ/SOURCES.ZIP/RECOVERY.H
/SOURCE/ARJ/SOURCES.ZIP/REGISTER.C
/SOURCE/ARJ/SOURCES.ZIP/REGISTER.H
/SOURCE/ARJ/SOURCES.ZIP/RESOURCE/
/SOURCE/ARJ/SOURCES.ZIP/RESOURCE/DE/
/SOURCE/ARJ/SOURCES.ZIP/RESOURCE/DE/ARJL.TXT
/SOURCE/ARJ/SOURCES.ZIP/RESOURCE/DE/ARJS.TXT
/SOURCE/ARJ/SOURCES.ZIP/RESOURCE/DE/FILE_ID.DIZ
/SOURCE/ARJ/SOURCES.ZIP/RESOURCE/EN/
/SOURCE/ARJ/SOURCES.ZIP/RESOURCE/EN/ARJL.TXT
/SOURCE/ARJ/SOURCES.ZIP/RESOURCE/EN/ARJS.TXT
/SOURCE/ARJ/SOURCES.ZIP/RESOURCE/EN/DOS.TXT
/SOURCE/ARJ/SOURCES.ZIP/RESOURCE/EN/FILE_ID.DIZ
/SOURCE/ARJ/SOURCES.ZIP/RESOURCE/EN/HISTORY.TXT
/SOURCE/ARJ/SOURCES.ZIP/RESOURCE/EN/README.TXT
/SOURCE/ARJ/SOURCES.ZIP/RESOURCE/HADI_DE.TXT
/SOURCE/ARJ/SOURCES.ZIP/RESOURCE/HADI_EN.TXT
/SOURCE/ARJ/SOURCES.ZIP/RESOURCE/HADI_RU.TXT
/SOURCE/ARJ/SOURCES.ZIP/RESOURCE/HREG_DE.TXT
/SOURCE/ARJ/SOURCES.ZIP/RESOURCE/HREG_EN.TXT
/SOURCE/ARJ/SOURCES.ZIP/RESOURCE/HREG_RU.TXT
/SOURCE/ARJ/SOURCES.ZIP/RESOURCE/HREJC_DE
/SOURCE/ARJ/SOURCES.ZIP/RESOURCE/HREJC_EN
/SOURCE/ARJ/SOURCES.ZIP/RESOURCE/HREJC_RU
/SOURCE/ARJ/SOURCES.ZIP/RESOURCE/HREJ_DE.TXT
/SOURCE/ARJ/SOURCES.ZIP/RESOURCE/HREJ_EN.TXT
/SOURCE/ARJ/SOURCES.ZIP/RESOURCE/HREJ_RU.TXT
/SOURCE/ARJ/SOURCES.ZIP/RESOURCE/HSFXV_DE
/SOURCE/ARJ/SOURCES.ZIP/RESOURCE/HSFXV_EN
/SOURCE/ARJ/SOURCES.ZIP/RESOURCE/HSFXV_RU
/SOURCE/ARJ/SOURCES.ZIP/RESOURCE/HSFX_DE.TXT
/SOURCE/ARJ/SOURCES.ZIP/RESOURCE/HSFX_EN.TXT
/SOURCE/ARJ/SOURCES.ZIP/RESOURCE/HSFX_RU.TXT
/SOURCE/ARJ/SOURCES.ZIP/RESOURCE/REARJ.CF
/SOURCE/ARJ/SOURCES.ZIP/RESOURCE/REARJ.CFG
/SOURCE/ARJ/SOURCES.ZIP/RESOURCE/RESOURCE
/SOURCE/ARJ/SOURCES.ZIP/RESOURCE/RU/
/SOURCE/ARJ/SOURCES.ZIP/RESOURCE/RU/ARJL.TXT
/SOURCE/ARJ/SOURCES.ZIP/RESOURCE/RU/ARJS.TXT
/SOURCE/ARJ/SOURCES.ZIP/RESOURCE/RU/DOS.TXT
/SOURCE/ARJ/SOURCES.ZIP/RESOURCE/RU/FILE_ID.DIZ
/SOURCE/ARJ/SOURCES.ZIP/RESOURCE/RU/HISTORY.TXT
/SOURCE/ARJ/SOURCES.ZIP/RESOURCE/RU/README.TXT
/SOURCE/ARJ/SOURCES.ZIP/SCRNIO.C
/SOURCE/ARJ/SOURCES.ZIP/SCRNIO.H
/SOURCE/ARJ/SOURCES.ZIP/SETTINGS/
/SOURCE/ARJ/SOURCES.ZIP/SETTINGS/BC31.STS
/SOURCE/ARJ/SOURCES.ZIP/SETTINGS/BC40.STS
/SOURCE/ARJ/SOURCES.ZIP/SETTINGS/MSC7.STS
/SOURCE/ARJ/SOURCES.ZIP/SETTINGS/MSVC10.STS
/SOURCE/ARJ/SOURCES.ZIP/SETTINGS/MSVC15.STS
/SOURCE/ARJ/SOURCES.ZIP/SETTINGS/TC10.STS
/SOURCE/ARJ/SOURCES.ZIP/SFX_ID.ASM
/SOURCE/ARJ/SOURCES.ZIP/SFX_ID.C
/SOURCE/ARJ/SOURCES.ZIP/SFXSTUB.ASM
/SOURCE/ARJ/SOURCES.ZIP/SFXSTUB.C
/SOURCE/ARJ/SOURCES.ZIP/TODAY.C
/SOURCE/ARJ/SOURCES.ZIP/UXSPEC.C
/SOURCE/ARJ/SOURCES.ZIP/UXSPEC.H
/SOURCE/ARJ/SOURCES.ZIP/VACPP/
/SOURCE/ARJ/SOURCES.ZIP/VACPP/VACPP365
/SOURCE/ARJ/SOURCES.ZIP/WIN95DOS.H
