/
/APPINFO/
/APPINFO/BIEW.DE
/APPINFO/BIEW.FR
/APPINFO/BIEW.LSM
/APPINFO/BIEW.SV
/APPINFO/BIEW.TR
/BIN/
/BIN/BIEW.EXE
/BIN/BIEW.HLP
/BIN/SKN/
/BIN/SKN/ASSEMBLY.SKN
/BIN/SKN/GOLDED.SKN
/BIN/SKN/INSIGHT.SKN
/BIN/SKN/LIGHT.SKN
/BIN/SKN/STANDARD.SKN
/BIN/SYNTAX/
/BIN/SYNTAX/AWK.STX
/BIN/SYNTAX/C.STX
/BIN/SYNTAX/CPP.STX
/BIN/SYNTAX/CXX.STX
/BIN/SYNTAX/DIFF.STX
/BIN/SYNTAX/FORTRAN.STX
/BIN/SYNTAX/HTML.STX
/BIN/SYNTAX/JAVA.STX
/BIN/SYNTAX/MAKEFILE.STX
/BIN/SYNTAX/PASCAL.STX
/BIN/SYNTAX/PERL.STX
/BIN/SYNTAX/PYTHON.STX
/BIN/SYNTAX/SH.STX
/BIN/SYNTAX/SQL.STX
/BIN/SYNTAX/SYNTAX.STX
/BIN/SYNTAX/TEMPLATE.STX
/BIN/SYNTAX/XML.STX
/BIN/XLT/
/BIN/XLT/NOTHING.XLT
/BIN/XLT/README
/BIN/XLT/RUSSIAN/
/BIN/XLT/RUSSIAN/ALT2KOI.XLT
/BIN/XLT/RUSSIAN/ALT2MAC.XLT
/BIN/XLT/RUSSIAN/ALT2WIN.XLT
/BIN/XLT/RUSSIAN/E2A.XLT
/BIN/XLT/RUSSIAN/GOST872A.XLT
/BIN/XLT/RUSSIAN/IBM2ALT.XLT
/BIN/XLT/RUSSIAN/ISO2ALT.XLT
/BIN/XLT/RUSSIAN/KOI02ALT.XLT
/BIN/XLT/RUSSIAN/KOI2ALT.XLT
/BIN/XLT/RUSSIAN/KOI72ALT.XLT
/BIN/XLT/RUSSIAN/KOI82_2A.XLT
/BIN/XLT/RUSSIAN/KOI8A2A.XLT
/BIN/XLT/RUSSIAN/KOI8E2A.XLT
/BIN/XLT/RUSSIAN/MAC2ALT.XLT
/BIN/XLT/RUSSIAN/MIK2ALT.XLT
/BIN/XLT/RUSSIAN/WIN2ALT.XLT
/BIN/XLT/XLT_CVT.C
/DOC/
/DOC/BIEW/
/DOC/BIEW/BIEW_EN.TXT
/DOC/BIEW/BIEW_RU.TXT
/DOC/BIEW/FILE_ID.DIZ
/DOC/BIEW/RELEASE.TXT
/SOURCE/
/SOURCE/BIEW/
/SOURCE/BIEW/SOURCES.ZIP/
/SOURCE/BIEW/SOURCES.ZIP/ADDENDUM.C
/SOURCE/BIEW/SOURCES.ZIP/ADDONS/
/SOURCE/BIEW/SOURCES.ZIP/ADDONS/SYS/
/SOURCE/BIEW/SOURCES.ZIP/ADDONS/SYS/ASCII.C
/SOURCE/BIEW/SOURCES.ZIP/ADDONS/SYS/CONSINFO.C
/SOURCE/BIEW/SOURCES.ZIP/ADDONS/SYS/CPU_PERF.C
/SOURCE/BIEW/SOURCES.ZIP/ADDONS/SYS/INVIEW.C
/SOURCE/BIEW/SOURCES.ZIP/ADDONS/TOOLS/
/SOURCE/BIEW/SOURCES.ZIP/ADDONS/TOOLS/DIG_CONV.C
/SOURCE/BIEW/SOURCES.ZIP/ADDONS/TOOLS/EVAL.C
/SOURCE/BIEW/SOURCES.ZIP/BCONSOLE.C
/SOURCE/BIEW/SOURCES.ZIP/BCONSOLE.H
/SOURCE/BIEW/SOURCES.ZIP/BIEW.C
/SOURCE/BIEW/SOURCES.ZIP/BIEWHELP.C
/SOURCE/BIEW/SOURCES.ZIP/BIEWHELP.H
/SOURCE/BIEW/SOURCES.ZIP/BIEWLIB/
/SOURCE/BIEW/SOURCES.ZIP/BIEWLIB/BBIO.C
/SOURCE/BIEW/SOURCES.ZIP/BIEWLIB/BBIO.H
/SOURCE/BIEW/SOURCES.ZIP/BIEWLIB/BIEWLIB.C
/SOURCE/BIEW/SOURCES.ZIP/BIEWLIB/BIEWLIB.H
/SOURCE/BIEW/SOURCES.ZIP/BIEWLIB/FILE_INI.C
/SOURCE/BIEW/SOURCES.ZIP/BIEWLIB/FILE_INI.H
/SOURCE/BIEW/SOURCES.ZIP/BIEWLIB/KBD_CODE.H
/SOURCE/BIEW/SOURCES.ZIP/BIEWLIB/PMALLOC.C
/SOURCE/BIEW/SOURCES.ZIP/BIEWLIB/PMALLOC.H
/SOURCE/BIEW/SOURCES.ZIP/BIEWLIB/SYSDEP/
/SOURCE/BIEW/SOURCES.ZIP/BIEWLIB/SYSDEP/GENERIC/
/SOURCE/BIEW/SOURCES.ZIP/BIEWLIB/SYSDEP/GENERIC/ACLIB.C
/SOURCE/BIEW/SOURCES.ZIP/BIEWLIB/SYSDEP/GENERIC/CPU_INFO.C
/SOURCE/BIEW/SOURCES.ZIP/BIEWLIB/SYSDEP/GENERIC/LINUX/
/SOURCE/BIEW/SOURCES.ZIP/BIEWLIB/SYSDEP/GENERIC/LINUX/CONSOLE.H
/SOURCE/BIEW/SOURCES.ZIP/BIEWLIB/SYSDEP/GENERIC/LINUX/FILEIO.C
/SOURCE/BIEW/SOURCES.ZIP/BIEWLIB/SYSDEP/GENERIC/LINUX/KBD_CODE.H
/SOURCE/BIEW/SOURCES.ZIP/BIEWLIB/SYSDEP/GENERIC/LINUX/KEYBOARD.C
/SOURCE/BIEW/SOURCES.ZIP/BIEWLIB/SYSDEP/GENERIC/LINUX/MISC.C
/SOURCE/BIEW/SOURCES.ZIP/BIEWLIB/SYSDEP/GENERIC/LINUX/MMFIO.C
/SOURCE/BIEW/SOURCES.ZIP/BIEWLIB/SYSDEP/GENERIC/LINUX/MOUSE.C
/SOURCE/BIEW/SOURCES.ZIP/BIEWLIB/SYSDEP/GENERIC/LINUX/NLS.C
/SOURCE/BIEW/SOURCES.ZIP/BIEWLIB/SYSDEP/GENERIC/LINUX/OS_DEP.C
/SOURCE/BIEW/SOURCES.ZIP/BIEWLIB/SYSDEP/GENERIC/LINUX/TIMER.C
/SOURCE/BIEW/SOURCES.ZIP/BIEWLIB/SYSDEP/GENERIC/LINUX/VIO.C
/SOURCE/BIEW/SOURCES.ZIP/BIEWLIB/SYSDEP/GENERIC/POSIX/
/SOURCE/BIEW/SOURCES.ZIP/BIEWLIB/SYSDEP/GENERIC/POSIX/FILEIO.C
/SOURCE/BIEW/SOURCES.ZIP/BIEWLIB/SYSDEP/GENERIC/POSIX/MISC.C
/SOURCE/BIEW/SOURCES.ZIP/BIEWLIB/SYSDEP/GENERIC/POSIX/MMFIO.C
/SOURCE/BIEW/SOURCES.ZIP/BIEWLIB/SYSDEP/GENERIC/POSIX/TIMER.C
/SOURCE/BIEW/SOURCES.ZIP/BIEWLIB/SYSDEP/GENERIC/UNIX/
/SOURCE/BIEW/SOURCES.ZIP/BIEWLIB/SYSDEP/GENERIC/UNIX/CONSOLE.H
/SOURCE/BIEW/SOURCES.ZIP/BIEWLIB/SYSDEP/GENERIC/UNIX/FILEIO.C
/SOURCE/BIEW/SOURCES.ZIP/BIEWLIB/SYSDEP/GENERIC/UNIX/KBD_CODE.H
/SOURCE/BIEW/SOURCES.ZIP/BIEWLIB/SYSDEP/GENERIC/UNIX/KEYBOARD.C
/SOURCE/BIEW/SOURCES.ZIP/BIEWLIB/SYSDEP/GENERIC/UNIX/MISC.C
/SOURCE/BIEW/SOURCES.ZIP/BIEWLIB/SYSDEP/GENERIC/UNIX/MMFIO.C
/SOURCE/BIEW/SOURCES.ZIP/BIEWLIB/SYSDEP/GENERIC/UNIX/MOUSE.C
/SOURCE/BIEW/SOURCES.ZIP/BIEWLIB/SYSDEP/GENERIC/UNIX/NLS.C
/SOURCE/BIEW/SOURCES.ZIP/BIEWLIB/SYSDEP/GENERIC/UNIX/OS_DEP.C
/SOURCE/BIEW/SOURCES.ZIP/BIEWLIB/SYSDEP/GENERIC/UNIX/TIMER.C
/SOURCE/BIEW/SOURCES.ZIP/BIEWLIB/SYSDEP/GENERIC/UNIX/VIO.C
/SOURCE/BIEW/SOURCES.ZIP/BIEWLIB/SYSDEP/GENERIC/_INLINES.H
/SOURCE/BIEW/SOURCES.ZIP/BIEWLIB/SYSDEP/GENERIC/__CONFIG.H
/SOURCE/BIEW/SOURCES.ZIP/BIEWLIB/SYSDEP/IA16/
/SOURCE/BIEW/SOURCES.ZIP/BIEWLIB/SYSDEP/IA16/ACLIB.C
/SOURCE/BIEW/SOURCES.ZIP/BIEWLIB/SYSDEP/IA16/CMN_IX86.C
/SOURCE/BIEW/SOURCES.ZIP/BIEWLIB/SYSDEP/IA16/CPU_INFO.C
/SOURCE/BIEW/SOURCES.ZIP/BIEWLIB/SYSDEP/IA16/DOS/
/SOURCE/BIEW/SOURCES.ZIP/BIEWLIB/SYSDEP/IA16/DOS/FILEIO.C
/SOURCE/BIEW/SOURCES.ZIP/BIEWLIB/SYSDEP/IA16/DOS/KBD_CODE.H
/SOURCE/BIEW/SOURCES.ZIP/BIEWLIB/SYSDEP/IA16/DOS/KEYBOARD.C
/SOURCE/BIEW/SOURCES.ZIP/BIEWLIB/SYSDEP/IA16/DOS/MISC.C
/SOURCE/BIEW/SOURCES.ZIP/BIEWLIB/SYSDEP/IA16/DOS/MMFIO.C
/SOURCE/BIEW/SOURCES.ZIP/BIEWLIB/SYSDEP/IA16/DOS/MOUSE.C
/SOURCE/BIEW/SOURCES.ZIP/BIEWLIB/SYSDEP/IA16/DOS/NLS.C
/SOURCE/BIEW/SOURCES.ZIP/BIEWLIB/SYSDEP/IA16/DOS/OS_DEP.C
/SOURCE/BIEW/SOURCES.ZIP/BIEWLIB/SYSDEP/IA16/DOS/TIMER.C
/SOURCE/BIEW/SOURCES.ZIP/BIEWLIB/SYSDEP/IA16/DOS/VIO.C
/SOURCE/BIEW/SOURCES.ZIP/BIEWLIB/SYSDEP/IA16/ENDIAN.H
/SOURCE/BIEW/SOURCES.ZIP/BIEWLIB/SYSDEP/IA16/OS2/
/SOURCE/BIEW/SOURCES.ZIP/BIEWLIB/SYSDEP/IA16/OS2/FILEIO.C
/SOURCE/BIEW/SOURCES.ZIP/BIEWLIB/SYSDEP/IA16/OS2/KEYBOARD.C
/SOURCE/BIEW/SOURCES.ZIP/BIEWLIB/SYSDEP/IA16/OS2/MISC.C
/SOURCE/BIEW/SOURCES.ZIP/BIEWLIB/SYSDEP/IA16/OS2/MMFIO.C
/SOURCE/BIEW/SOURCES.ZIP/BIEWLIB/SYSDEP/IA16/OS2/MOUSE.C
/SOURCE/BIEW/SOURCES.ZIP/BIEWLIB/SYSDEP/IA16/OS2/NLS.C
/SOURCE/BIEW/SOURCES.ZIP/BIEWLIB/SYSDEP/IA16/OS2/OS_DEP.C
/SOURCE/BIEW/SOURCES.ZIP/BIEWLIB/SYSDEP/IA16/OS2/TIMER.C
/SOURCE/BIEW/SOURCES.ZIP/BIEWLIB/SYSDEP/IA16/OS2/VIO.C
/SOURCE/BIEW/SOURCES.ZIP/BIEWLIB/SYSDEP/IA16/STDINT.H
/SOURCE/BIEW/SOURCES.ZIP/BIEWLIB/SYSDEP/IA16/WIN/
/SOURCE/BIEW/SOURCES.ZIP/BIEWLIB/SYSDEP/IA16/WIN/NLS.C
/SOURCE/BIEW/SOURCES.ZIP/BIEWLIB/SYSDEP/IA16/_INLINES.H
/SOURCE/BIEW/SOURCES.ZIP/BIEWLIB/SYSDEP/IA16/__CONFIG.H
/SOURCE/BIEW/SOURCES.ZIP/BIEWLIB/SYSDEP/IA32/
/SOURCE/BIEW/SOURCES.ZIP/BIEWLIB/SYSDEP/IA32/ACLIB.C
/SOURCE/BIEW/SOURCES.ZIP/BIEWLIB/SYSDEP/IA32/ACLIB_TE.C
/SOURCE/BIEW/SOURCES.ZIP/BIEWLIB/SYSDEP/IA32/BEOS/
/SOURCE/BIEW/SOURCES.ZIP/BIEWLIB/SYSDEP/IA32/BEOS/FILEIO.C
/SOURCE/BIEW/SOURCES.ZIP/BIEWLIB/SYSDEP/IA32/BEOS/KBD_CODE.H
/SOURCE/BIEW/SOURCES.ZIP/BIEWLIB/SYSDEP/IA32/BEOS/KEYBOARD.C
/SOURCE/BIEW/SOURCES.ZIP/BIEWLIB/SYSDEP/IA32/BEOS/MISC.C
/SOURCE/BIEW/SOURCES.ZIP/BIEWLIB/SYSDEP/IA32/BEOS/MMFIO.C
/SOURCE/BIEW/SOURCES.ZIP/BIEWLIB/SYSDEP/IA32/BEOS/MOUSE.C
/SOURCE/BIEW/SOURCES.ZIP/BIEWLIB/SYSDEP/IA32/BEOS/NLS.C
/SOURCE/BIEW/SOURCES.ZIP/BIEWLIB/SYSDEP/IA32/BEOS/OS_DEP.C
/SOURCE/BIEW/SOURCES.ZIP/BIEWLIB/SYSDEP/IA32/BEOS/TIMER.C
/SOURCE/BIEW/SOURCES.ZIP/BIEWLIB/SYSDEP/IA32/BEOS/VIO.C
/SOURCE/BIEW/SOURCES.ZIP/BIEWLIB/SYSDEP/IA32/CPU_INFO.C
/SOURCE/BIEW/SOURCES.ZIP/BIEWLIB/SYSDEP/IA32/CPU_INFO.WC
/SOURCE/BIEW/SOURCES.ZIP/BIEWLIB/SYSDEP/IA32/DOS/
/SOURCE/BIEW/SOURCES.ZIP/BIEWLIB/SYSDEP/IA32/DOS/FILEIO.C
/SOURCE/BIEW/SOURCES.ZIP/BIEWLIB/SYSDEP/IA32/DOS/KBD_CODE.H
/SOURCE/BIEW/SOURCES.ZIP/BIEWLIB/SYSDEP/IA32/DOS/KEYBOARD.C
/SOURCE/BIEW/SOURCES.ZIP/BIEWLIB/SYSDEP/IA32/DOS/MISC.C
/SOURCE/BIEW/SOURCES.ZIP/BIEWLIB/SYSDEP/IA32/DOS/MMFIO.C
/SOURCE/BIEW/SOURCES.ZIP/BIEWLIB/SYSDEP/IA32/DOS/MOUSE.C
/SOURCE/BIEW/SOURCES.ZIP/BIEWLIB/SYSDEP/IA32/DOS/NLS.C
/SOURCE/BIEW/SOURCES.ZIP/BIEWLIB/SYSDEP/IA32/DOS/OS_DEP.C
/SOURCE/BIEW/SOURCES.ZIP/BIEWLIB/SYSDEP/IA32/DOS/TIMER.C
/SOURCE/BIEW/SOURCES.ZIP/BIEWLIB/SYSDEP/IA32/DOS/VIO.C
/SOURCE/BIEW/SOURCES.ZIP/BIEWLIB/SYSDEP/IA32/DOS4GW/
/SOURCE/BIEW/SOURCES.ZIP/BIEWLIB/SYSDEP/IA32/DOS4GW/FILEIO.C
/SOURCE/BIEW/SOURCES.ZIP/BIEWLIB/SYSDEP/IA32/DOS4GW/KBD_CODE.H
/SOURCE/BIEW/SOURCES.ZIP/BIEWLIB/SYSDEP/IA32/DOS4GW/KEYBOARD.C
/SOURCE/BIEW/SOURCES.ZIP/BIEWLIB/SYSDEP/IA32/DOS4GW/MISC.C
/SOURCE/BIEW/SOURCES.ZIP/BIEWLIB/SYSDEP/IA32/DOS4GW/MMFIO.C
/SOURCE/BIEW/SOURCES.ZIP/BIEWLIB/SYSDEP/IA32/DOS4GW/MOUSE.C
/SOURCE/BIEW/SOURCES.ZIP/BIEWLIB/SYSDEP/IA32/DOS4GW/NLS.C
/SOURCE/BIEW/SOURCES.ZIP/BIEWLIB/SYSDEP/IA32/DOS4GW/OS_DEP.C
/SOURCE/BIEW/SOURCES.ZIP/BIEWLIB/SYSDEP/IA32/DOS4GW/TIMER.C
/SOURCE/BIEW/SOURCES.ZIP/BIEWLIB/SYSDEP/IA32/DOS4GW/VIO.C
/SOURCE/BIEW/SOURCES.ZIP/BIEWLIB/SYSDEP/IA32/FASTCOPY.H
/SOURCE/BIEW/SOURCES.ZIP/BIEWLIB/SYSDEP/IA32/LINUX/
/SOURCE/BIEW/SOURCES.ZIP/BIEWLIB/SYSDEP/IA32/LINUX/CONSOLE.H
/SOURCE/BIEW/SOURCES.ZIP/BIEWLIB/SYSDEP/IA32/LINUX/FILEIO.C
/SOURCE/BIEW/SOURCES.ZIP/BIEWLIB/SYSDEP/IA32/LINUX/KBD_CODE.H
/SOURCE/BIEW/SOURCES.ZIP/BIEWLIB/SYSDEP/IA32/LINUX/KEYBOARD.C
/SOURCE/BIEW/SOURCES.ZIP/BIEWLIB/SYSDEP/IA32/LINUX/MISC.C
/SOURCE/BIEW/SOURCES.ZIP/BIEWLIB/SYSDEP/IA32/LINUX/MMFIO.C
/SOURCE/BIEW/SOURCES.ZIP/BIEWLIB/SYSDEP/IA32/LINUX/MOUSE.C
/SOURCE/BIEW/SOURCES.ZIP/BIEWLIB/SYSDEP/IA32/LINUX/NLS.C
/SOURCE/BIEW/SOURCES.ZIP/BIEWLIB/SYSDEP/IA32/LINUX/OS_DEP.C
/SOURCE/BIEW/SOURCES.ZIP/BIEWLIB/SYSDEP/IA32/LINUX/TIMER.C
/SOURCE/BIEW/SOURCES.ZIP/BIEWLIB/SYSDEP/IA32/LINUX/VIO.C
/SOURCE/BIEW/SOURCES.ZIP/BIEWLIB/SYSDEP/IA32/MMX_DEFS.H
/SOURCE/BIEW/SOURCES.ZIP/BIEWLIB/SYSDEP/IA32/OS2/
/SOURCE/BIEW/SOURCES.ZIP/BIEWLIB/SYSDEP/IA32/OS2/FILEIO.C
/SOURCE/BIEW/SOURCES.ZIP/BIEWLIB/SYSDEP/IA32/OS2/KBD_CODE.H
/SOURCE/BIEW/SOURCES.ZIP/BIEWLIB/SYSDEP/IA32/OS2/KEYBOARD.C
/SOURCE/BIEW/SOURCES.ZIP/BIEWLIB/SYSDEP/IA32/OS2/MISC.C
/SOURCE/BIEW/SOURCES.ZIP/BIEWLIB/SYSDEP/IA32/OS2/MMFIO.C
/SOURCE/BIEW/SOURCES.ZIP/BIEWLIB/SYSDEP/IA32/OS2/MOUSE.C
/SOURCE/BIEW/SOURCES.ZIP/BIEWLIB/SYSDEP/IA32/OS2/NLS.C
/SOURCE/BIEW/SOURCES.ZIP/BIEWLIB/SYSDEP/IA32/OS2/OS_DEP.C
/SOURCE/BIEW/SOURCES.ZIP/BIEWLIB/SYSDEP/IA32/OS2/TIMER.C
/SOURCE/BIEW/SOURCES.ZIP/BIEWLIB/SYSDEP/IA32/OS2/VIO.C
/SOURCE/BIEW/SOURCES.ZIP/BIEWLIB/SYSDEP/IA32/QNX/
/SOURCE/BIEW/SOURCES.ZIP/BIEWLIB/SYSDEP/IA32/QNX/3RTO3S.ASM
/SOURCE/BIEW/SOURCES.ZIP/BIEWLIB/SYSDEP/IA32/QNX/3STO3R.ASM
/SOURCE/BIEW/SOURCES.ZIP/BIEWLIB/SYSDEP/IA32/QNX/CPU_INFO.ASM
/SOURCE/BIEW/SOURCES.ZIP/BIEWLIB/SYSDEP/IA32/QNX/CPU_INFO.QNX
/SOURCE/BIEW/SOURCES.ZIP/BIEWLIB/SYSDEP/IA32/QNX/FILEIO.C
/SOURCE/BIEW/SOURCES.ZIP/BIEWLIB/SYSDEP/IA32/QNX/KBD_CODE.H
/SOURCE/BIEW/SOURCES.ZIP/BIEWLIB/SYSDEP/IA32/QNX/KEYBOARD.C
/SOURCE/BIEW/SOURCES.ZIP/BIEWLIB/SYSDEP/IA32/QNX/MISC.C
/SOURCE/BIEW/SOURCES.ZIP/BIEWLIB/SYSDEP/IA32/QNX/MMFIO.C
/SOURCE/BIEW/SOURCES.ZIP/BIEWLIB/SYSDEP/IA32/QNX/MOUSE.C
/SOURCE/BIEW/SOURCES.ZIP/BIEWLIB/SYSDEP/IA32/QNX/NLS.C
/SOURCE/BIEW/SOURCES.ZIP/BIEWLIB/SYSDEP/IA32/QNX/OS_DEP.C
/SOURCE/BIEW/SOURCES.ZIP/BIEWLIB/SYSDEP/IA32/QNX/TIMER.C
/SOURCE/BIEW/SOURCES.ZIP/BIEWLIB/SYSDEP/IA32/QNX/VIO.C
/SOURCE/BIEW/SOURCES.ZIP/BIEWLIB/SYSDEP/IA32/QNXNTO/
/SOURCE/BIEW/SOURCES.ZIP/BIEWLIB/SYSDEP/IA32/QNXNTO/CONSOLE.H
/SOURCE/BIEW/SOURCES.ZIP/BIEWLIB/SYSDEP/IA32/QNXNTO/FILEIO.C
/SOURCE/BIEW/SOURCES.ZIP/BIEWLIB/SYSDEP/IA32/QNXNTO/KBD_CODE.H
/SOURCE/BIEW/SOURCES.ZIP/BIEWLIB/SYSDEP/IA32/QNXNTO/KEYBOARD.C
/SOURCE/BIEW/SOURCES.ZIP/BIEWLIB/SYSDEP/IA32/QNXNTO/MISC.C
/SOURCE/BIEW/SOURCES.ZIP/BIEWLIB/SYSDEP/IA32/QNXNTO/MMFIO.C
/SOURCE/BIEW/SOURCES.ZIP/BIEWLIB/SYSDEP/IA32/QNXNTO/MOUSE.C
/SOURCE/BIEW/SOURCES.ZIP/BIEWLIB/SYSDEP/IA32/QNXNTO/NLS.C
/SOURCE/BIEW/SOURCES.ZIP/BIEWLIB/SYSDEP/IA32/QNXNTO/OS_DEP.C
/SOURCE/BIEW/SOURCES.ZIP/BIEWLIB/SYSDEP/IA32/QNXNTO/PH_ICON.H
/SOURCE/BIEW/SOURCES.ZIP/BIEWLIB/SYSDEP/IA32/QNXNTO/TIMER.C
/SOURCE/BIEW/SOURCES.ZIP/BIEWLIB/SYSDEP/IA32/QNXNTO/VIO.C
/SOURCE/BIEW/SOURCES.ZIP/BIEWLIB/SYSDEP/IA32/STDINT.H
/SOURCE/BIEW/SOURCES.ZIP/BIEWLIB/SYSDEP/IA32/UNIX/
/SOURCE/BIEW/SOURCES.ZIP/BIEWLIB/SYSDEP/IA32/UNIX/FILEIO.C
/SOURCE/BIEW/SOURCES.ZIP/BIEWLIB/SYSDEP/IA32/UNIX/KBD_CODE.H
/SOURCE/BIEW/SOURCES.ZIP/BIEWLIB/SYSDEP/IA32/UNIX/KEYBOARD.C
/SOURCE/BIEW/SOURCES.ZIP/BIEWLIB/SYSDEP/IA32/UNIX/MISC.C
/SOURCE/BIEW/SOURCES.ZIP/BIEWLIB/SYSDEP/IA32/UNIX/MMFIO.C
/SOURCE/BIEW/SOURCES.ZIP/BIEWLIB/SYSDEP/IA32/UNIX/MOUSE.C
/SOURCE/BIEW/SOURCES.ZIP/BIEWLIB/SYSDEP/IA32/UNIX/NLS.C
/SOURCE/BIEW/SOURCES.ZIP/BIEWLIB/SYSDEP/IA32/UNIX/OS_DEP.C
/SOURCE/BIEW/SOURCES.ZIP/BIEWLIB/SYSDEP/IA32/UNIX/TIMER.C
/SOURCE/BIEW/SOURCES.ZIP/BIEWLIB/SYSDEP/IA32/UNIX/VIO.C
/SOURCE/BIEW/SOURCES.ZIP/BIEWLIB/SYSDEP/IA32/WIN32/
/SOURCE/BIEW/SOURCES.ZIP/BIEWLIB/SYSDEP/IA32/WIN32/FILEIO.C
/SOURCE/BIEW/SOURCES.ZIP/BIEWLIB/SYSDEP/IA32/WIN32/KBD_CODE.H
/SOURCE/BIEW/SOURCES.ZIP/BIEWLIB/SYSDEP/IA32/WIN32/KEYBOARD.C
/SOURCE/BIEW/SOURCES.ZIP/BIEWLIB/SYSDEP/IA32/WIN32/MISC.C
/SOURCE/BIEW/SOURCES.ZIP/BIEWLIB/SYSDEP/IA32/WIN32/MMFIO.C
/SOURCE/BIEW/SOURCES.ZIP/BIEWLIB/SYSDEP/IA32/WIN32/MOUSE.C
/SOURCE/BIEW/SOURCES.ZIP/BIEWLIB/SYSDEP/IA32/WIN32/NLS.C
/SOURCE/BIEW/SOURCES.ZIP/BIEWLIB/SYSDEP/IA32/WIN32/OS_DEP.C
/SOURCE/BIEW/SOURCES.ZIP/BIEWLIB/SYSDEP/IA32/WIN32/TIMER.C
/SOURCE/BIEW/SOURCES.ZIP/BIEWLIB/SYSDEP/IA32/WIN32/VIO.C
/SOURCE/BIEW/SOURCES.ZIP/BIEWLIB/SYSDEP/IA32/_INLINES.H
/SOURCE/BIEW/SOURCES.ZIP/BIEWLIB/SYSDEP/IA32/__CONFIG.H
/SOURCE/BIEW/SOURCES.ZIP/BIEWLIB/SYSDEP/PPC/
/SOURCE/BIEW/SOURCES.ZIP/BIEWLIB/SYSDEP/PPC/ACLIB.C
/SOURCE/BIEW/SOURCES.ZIP/BIEWLIB/SYSDEP/PPC/MACOS/
/SOURCE/BIEW/SOURCES.ZIP/BIEWLIB/SYSDEP/PPC/MACOS/NLS.C
/SOURCE/BIEW/SOURCES.ZIP/BIEWLIB/SYSDEP/PPC/_INLINES.H
/SOURCE/BIEW/SOURCES.ZIP/BIEWLIB/SYSDEP/X86_64/
/SOURCE/BIEW/SOURCES.ZIP/BIEWLIB/SYSDEP/X86_64/ACLIB.C
/SOURCE/BIEW/SOURCES.ZIP/BIEWLIB/SYSDEP/X86_64/ACLIB_TE.C
/SOURCE/BIEW/SOURCES.ZIP/BIEWLIB/SYSDEP/X86_64/CPU_INFO.C
/SOURCE/BIEW/SOURCES.ZIP/BIEWLIB/SYSDEP/X86_64/FASTCOPY.H
/SOURCE/BIEW/SOURCES.ZIP/BIEWLIB/SYSDEP/X86_64/LINUX/
/SOURCE/BIEW/SOURCES.ZIP/BIEWLIB/SYSDEP/X86_64/LINUX/CONSOLE.H
/SOURCE/BIEW/SOURCES.ZIP/BIEWLIB/SYSDEP/X86_64/LINUX/FILEIO.C
/SOURCE/BIEW/SOURCES.ZIP/BIEWLIB/SYSDEP/X86_64/LINUX/KBD_CODE.H
/SOURCE/BIEW/SOURCES.ZIP/BIEWLIB/SYSDEP/X86_64/LINUX/KEYBOARD.C
/SOURCE/BIEW/SOURCES.ZIP/BIEWLIB/SYSDEP/X86_64/LINUX/MISC.C
/SOURCE/BIEW/SOURCES.ZIP/BIEWLIB/SYSDEP/X86_64/LINUX/MMFIO.C
/SOURCE/BIEW/SOURCES.ZIP/BIEWLIB/SYSDEP/X86_64/LINUX/MOUSE.C
/SOURCE/BIEW/SOURCES.ZIP/BIEWLIB/SYSDEP/X86_64/LINUX/NLS.C
/SOURCE/BIEW/SOURCES.ZIP/BIEWLIB/SYSDEP/X86_64/LINUX/OS_DEP.C
/SOURCE/BIEW/SOURCES.ZIP/BIEWLIB/SYSDEP/X86_64/LINUX/TIMER.C
/SOURCE/BIEW/SOURCES.ZIP/BIEWLIB/SYSDEP/X86_64/LINUX/VIO.C
/SOURCE/BIEW/SOURCES.ZIP/BIEWLIB/SYSDEP/X86_64/MMX_DEFS.H
/SOURCE/BIEW/SOURCES.ZIP/BIEWLIB/SYSDEP/X86_64/STDINT.H
/SOURCE/BIEW/SOURCES.ZIP/BIEWLIB/SYSDEP/X86_64/UNIX/
/SOURCE/BIEW/SOURCES.ZIP/BIEWLIB/SYSDEP/X86_64/UNIX/FILEIO.C
/SOURCE/BIEW/SOURCES.ZIP/BIEWLIB/SYSDEP/X86_64/UNIX/KBD_CODE.H
/SOURCE/BIEW/SOURCES.ZIP/BIEWLIB/SYSDEP/X86_64/UNIX/KEYBOARD.C
/SOURCE/BIEW/SOURCES.ZIP/BIEWLIB/SYSDEP/X86_64/UNIX/MISC.C
/SOURCE/BIEW/SOURCES.ZIP/BIEWLIB/SYSDEP/X86_64/UNIX/MMFIO.C
/SOURCE/BIEW/SOURCES.ZIP/BIEWLIB/SYSDEP/X86_64/UNIX/MOUSE.C
/SOURCE/BIEW/SOURCES.ZIP/BIEWLIB/SYSDEP/X86_64/UNIX/NLS.C
/SOURCE/BIEW/SOURCES.ZIP/BIEWLIB/SYSDEP/X86_64/UNIX/OS_DEP.C
/SOURCE/BIEW/SOURCES.ZIP/BIEWLIB/SYSDEP/X86_64/UNIX/TIMER.C
/SOURCE/BIEW/SOURCES.ZIP/BIEWLIB/SYSDEP/X86_64/UNIX/VIO.C
/SOURCE/BIEW/SOURCES.ZIP/BIEWLIB/SYSDEP/X86_64/WIN32/
/SOURCE/BIEW/SOURCES.ZIP/BIEWLIB/SYSDEP/X86_64/WIN32/FILEIO.C
/SOURCE/BIEW/SOURCES.ZIP/BIEWLIB/SYSDEP/X86_64/WIN32/KBD_CODE.H
/SOURCE/BIEW/SOURCES.ZIP/BIEWLIB/SYSDEP/X86_64/WIN32/KEYBOARD.C
/SOURCE/BIEW/SOURCES.ZIP/BIEWLIB/SYSDEP/X86_64/WIN32/MISC.C
/SOURCE/BIEW/SOURCES.ZIP/BIEWLIB/SYSDEP/X86_64/WIN32/MMFIO.C
/SOURCE/BIEW/SOURCES.ZIP/BIEWLIB/SYSDEP/X86_64/WIN32/MOUSE.C
/SOURCE/BIEW/SOURCES.ZIP/BIEWLIB/SYSDEP/X86_64/WIN32/NLS.C
/SOURCE/BIEW/SOURCES.ZIP/BIEWLIB/SYSDEP/X86_64/WIN32/OS_DEP.C
/SOURCE/BIEW/SOURCES.ZIP/BIEWLIB/SYSDEP/X86_64/WIN32/TIMER.C
/SOURCE/BIEW/SOURCES.ZIP/BIEWLIB/SYSDEP/X86_64/WIN32/VIO.C
/SOURCE/BIEW/SOURCES.ZIP/BIEWLIB/SYSDEP/X86_64/_INLINES.H
/SOURCE/BIEW/SOURCES.ZIP/BIEWLIB/SYSDEP/X86_64/__CONFIG.H
/SOURCE/BIEW/SOURCES.ZIP/BIEWLIB/SYSDEP/_HRD_INF.H
/SOURCE/BIEW/SOURCES.ZIP/BIEWLIB/SYSDEP/_SYS_DEP.H
/SOURCE/BIEW/SOURCES.ZIP/BIEWLIB/SYSDEP/__CONFIG.H
/SOURCE/BIEW/SOURCES.ZIP/BIEWLIB/SYSDEP/__OS_DEP.H
/SOURCE/BIEW/SOURCES.ZIP/BIEWLIB/TWIN.C
/SOURCE/BIEW/SOURCES.ZIP/BIEWLIB/TWIN.H
/SOURCE/BIEW/SOURCES.ZIP/BIEWLIB/TW_CLASS.C
/SOURCE/BIEW/SOURCES.ZIP/BIEWLIB/TW_CLASS.H
/SOURCE/BIEW/SOURCES.ZIP/BIEW.PI
/SOURCE/BIEW/SOURCES.ZIP/BIEW.PR
/SOURCE/BIEW/SOURCES.ZIP/BIEWUTIL.C
/SOURCE/BIEW/SOURCES.ZIP/BIEWUTIL.H
/SOURCE/BIEW/SOURCES.ZIP/BIN_RC/
/SOURCE/BIEW/SOURCES.ZIP/BIN_RC/BIEW.HLP
/SOURCE/BIEW/SOURCES.ZIP/BIN_RC/SKN/
/SOURCE/BIEW/SOURCES.ZIP/BIN_RC/SKN/ASSEMBLY.SKN
/SOURCE/BIEW/SOURCES.ZIP/BIN_RC/SKN/GOLDED.SKN
/SOURCE/BIEW/SOURCES.ZIP/BIN_RC/SKN/INSIGHT.SKN
/SOURCE/BIEW/SOURCES.ZIP/BIN_RC/SKN/LIGHT.SKN
/SOURCE/BIEW/SOURCES.ZIP/BIN_RC/SKN/STANDARD.SKN
/SOURCE/BIEW/SOURCES.ZIP/BIN_RC/SYNTAX/
/SOURCE/BIEW/SOURCES.ZIP/BIN_RC/SYNTAX/AWK.STX
/SOURCE/BIEW/SOURCES.ZIP/BIN_RC/SYNTAX/C.STX
/SOURCE/BIEW/SOURCES.ZIP/BIN_RC/SYNTAX/CPP.STX
/SOURCE/BIEW/SOURCES.ZIP/BIN_RC/SYNTAX/CXX.STX
/SOURCE/BIEW/SOURCES.ZIP/BIN_RC/SYNTAX/DIFF.STX
/SOURCE/BIEW/SOURCES.ZIP/BIN_RC/SYNTAX/FORTRAN.STX
/SOURCE/BIEW/SOURCES.ZIP/BIN_RC/SYNTAX/HTML.STX
/SOURCE/BIEW/SOURCES.ZIP/BIN_RC/SYNTAX/JAVA.STX
/SOURCE/BIEW/SOURCES.ZIP/BIN_RC/SYNTAX/MAKEFILE.STX
/SOURCE/BIEW/SOURCES.ZIP/BIN_RC/SYNTAX/PASCAL.STX
/SOURCE/BIEW/SOURCES.ZIP/BIN_RC/SYNTAX/PERL.STX
/SOURCE/BIEW/SOURCES.ZIP/BIN_RC/SYNTAX/PYTHON.STX
/SOURCE/BIEW/SOURCES.ZIP/BIN_RC/SYNTAX/SH.STX
/SOURCE/BIEW/SOURCES.ZIP/BIN_RC/SYNTAX/SQL.STX
/SOURCE/BIEW/SOURCES.ZIP/BIN_RC/SYNTAX/SYNTAX.STX
/SOURCE/BIEW/SOURCES.ZIP/BIN_RC/SYNTAX/TEMPLATE.STX
/SOURCE/BIEW/SOURCES.ZIP/BIN_RC/SYNTAX/XML.STX
/SOURCE/BIEW/SOURCES.ZIP/BIN_RC/XLT/
/SOURCE/BIEW/SOURCES.ZIP/BIN_RC/XLT/NOTHING.XLT
/SOURCE/BIEW/SOURCES.ZIP/BIN_RC/XLT/README
/SOURCE/BIEW/SOURCES.ZIP/BIN_RC/XLT/RUSSIAN/
/SOURCE/BIEW/SOURCES.ZIP/BIN_RC/XLT/RUSSIAN/ALT2KOI.XLT
/SOURCE/BIEW/SOURCES.ZIP/BIN_RC/XLT/RUSSIAN/ALT2MAC.XLT
/SOURCE/BIEW/SOURCES.ZIP/BIN_RC/XLT/RUSSIAN/ALT2WIN.XLT
/SOURCE/BIEW/SOURCES.ZIP/BIN_RC/XLT/RUSSIAN/E2A.XLT
/SOURCE/BIEW/SOURCES.ZIP/BIN_RC/XLT/RUSSIAN/GOST872A.XLT
/SOURCE/BIEW/SOURCES.ZIP/BIN_RC/XLT/RUSSIAN/IBM2ALT.XLT
/SOURCE/BIEW/SOURCES.ZIP/BIN_RC/XLT/RUSSIAN/ISO2ALT.XLT
/SOURCE/BIEW/SOURCES.ZIP/BIN_RC/XLT/RUSSIAN/KOI02ALT.XLT
/SOURCE/BIEW/SOURCES.ZIP/BIN_RC/XLT/RUSSIAN/KOI2ALT.XLT
/SOURCE/BIEW/SOURCES.ZIP/BIN_RC/XLT/RUSSIAN/KOI72ALT.XLT
/SOURCE/BIEW/SOURCES.ZIP/BIN_RC/XLT/RUSSIAN/KOI82_2A.XLT
/SOURCE/BIEW/SOURCES.ZIP/BIN_RC/XLT/RUSSIAN/KOI8A2A.XLT
/SOURCE/BIEW/SOURCES.ZIP/BIN_RC/XLT/RUSSIAN/KOI8E2A.XLT
/SOURCE/BIEW/SOURCES.ZIP/BIN_RC/XLT/RUSSIAN/MAC2ALT.XLT
/SOURCE/BIEW/SOURCES.ZIP/BIN_RC/XLT/RUSSIAN/MIK2ALT.XLT
/SOURCE/BIEW/SOURCES.ZIP/BIN_RC/XLT/RUSSIAN/WIN2ALT.XLT
/SOURCE/BIEW/SOURCES.ZIP/BIN_RC/XLT/XLT_CVT.C
/SOURCE/BIEW/SOURCES.ZIP/BIN_UTIL.C
/SOURCE/BIEW/SOURCES.ZIP/BIN_UTIL.H
/SOURCE/BIEW/SOURCES.ZIP/BMFILE.C
/SOURCE/BIEW/SOURCES.ZIP/BMFILE.H
/SOURCE/BIEW/SOURCES.ZIP/BSWAP.H
/SOURCE/BIEW/SOURCES.ZIP/CODEGUID.C
/SOURCE/BIEW/SOURCES.ZIP/CODEGUID.H
/SOURCE/BIEW/SOURCES.ZIP/COLORSET.C
/SOURCE/BIEW/SOURCES.ZIP/COLORSET.H
/SOURCE/BIEW/SOURCES.ZIP/CONFIGUR
/SOURCE/BIEW/SOURCES.ZIP/DIALOGS.C
/SOURCE/BIEW/SOURCES.ZIP/DOC/
/SOURCE/BIEW/SOURCES.ZIP/DOC/BIEW.1
/SOURCE/BIEW/SOURCES.ZIP/DOC/BIEWSPEC
/SOURCE/BIEW/SOURCES.ZIP/DOC/BIEW_EN.TXT
/SOURCE/BIEW/SOURCES.ZIP/DOC/BIEW_RU.TXT
/SOURCE/BIEW/SOURCES.ZIP/DOC/COMPILE.EN
/SOURCE/BIEW/SOURCES.ZIP/DOC/COMPILE.RU
/SOURCE/BIEW/SOURCES.ZIP/DOC/DEVELOP.EN
/SOURCE/BIEW/SOURCES.ZIP/DOC/DEVELOP.RU
/SOURCE/BIEW/SOURCES.ZIP/DOC/DOXYGEN/
/SOURCE/BIEW/SOURCES.ZIP/DOC/DOXYGEN/DOXYFILE
/SOURCE/BIEW/SOURCES.ZIP/DOC/DOXYGEN/MAINPAGE.DOX
/SOURCE/BIEW/SOURCES.ZIP/DOC/DOXYGEN/README.TXT
/SOURCE/BIEW/SOURCES.ZIP/DOC/FILE_ID.DIZ
/SOURCE/BIEW/SOURCES.ZIP/DOC/FILE_INI.EN
/SOURCE/BIEW/SOURCES.ZIP/DOC/FILE_INI.RU
/SOURCE/BIEW/SOURCES.ZIP/DOC/LICENCE.EN
/SOURCE/BIEW/SOURCES.ZIP/DOC/LICENCE.RU
/SOURCE/BIEW/SOURCES.ZIP/DOC/RELEASE.TXT
/SOURCE/BIEW/SOURCES.ZIP/DOC/UNIX.TXT
/SOURCE/BIEW/SOURCES.ZIP/EDITOR.H
/SOURCE/BIEW/SOURCES.ZIP/EDITORS.C
/SOURCE/BIEW/SOURCES.ZIP/EVENTS.C
/SOURCE/BIEW/SOURCES.ZIP/FILEUTIL.C
/SOURCE/BIEW/SOURCES.ZIP/HLP/
/SOURCE/BIEW/SOURCES.ZIP/HLP/BIEWHLP.PRJ
/SOURCE/BIEW/SOURCES.ZIP/HLP/CREDITS.HTX
/SOURCE/BIEW/SOURCES.ZIP/HLP/EDITOR.HTX
/SOURCE/BIEW/SOURCES.ZIP/HLP/GOTO.HTX
/SOURCE/BIEW/SOURCES.ZIP/HLP/MAINHELP.HTX
/SOURCE/BIEW/SOURCES.ZIP/HLP/README.TXT
/SOURCE/BIEW/SOURCES.ZIP/HLP/SEARCH.HTX
/SOURCE/BIEW/SOURCES.ZIP/HLP/SETUP.HTX
/SOURCE/BIEW/SOURCES.ZIP/INFO_WIN.C
/SOURCE/BIEW/SOURCES.ZIP/MAINLOOP.C
/SOURCE/BIEW/SOURCES.ZIP/MAKEFILE
/SOURCE/BIEW/SOURCES.ZIP/MAKE_QNX.INC
/SOURCE/BIEW/SOURCES.ZIP/MK_FILES/
/SOURCE/BIEW/SOURCES.ZIP/MK_FILES/MAKEFILE.WC
/SOURCE/BIEW/SOURCES.ZIP/MK_FILES/MSVC/
/SOURCE/BIEW/SOURCES.ZIP/MK_FILES/MSVC/BIEW.DSP
/SOURCE/BIEW/SOURCES.ZIP/MK_FILES/MSVC/BIEW.DSW
/SOURCE/BIEW/SOURCES.ZIP/PLUGINS/
/SOURCE/BIEW/SOURCES.ZIP/PLUGINS/BIN/
/SOURCE/BIEW/SOURCES.ZIP/PLUGINS/BIN/AOUT.C
/SOURCE/BIEW/SOURCES.ZIP/PLUGINS/BIN/AOUT.HTX
/SOURCE/BIEW/SOURCES.ZIP/PLUGINS/BIN/AOUT64.H
/SOURCE/BIEW/SOURCES.ZIP/PLUGINS/BIN/ARCH.C
/SOURCE/BIEW/SOURCES.ZIP/PLUGINS/BIN/ARCH.H
/SOURCE/BIEW/SOURCES.ZIP/PLUGINS/BIN/ARCH.HTX
/SOURCE/BIEW/SOURCES.ZIP/PLUGINS/BIN/ASF.C
/SOURCE/BIEW/SOURCES.ZIP/PLUGINS/BIN/AVI.C
/SOURCE/BIEW/SOURCES.ZIP/PLUGINS/BIN/BIN.C
/SOURCE/BIEW/SOURCES.ZIP/PLUGINS/BIN/BMP.C
/SOURCE/BIEW/SOURCES.ZIP/PLUGINS/BIN/COFF386.C
/SOURCE/BIEW/SOURCES.ZIP/PLUGINS/BIN/COFF386.H
/SOURCE/BIEW/SOURCES.ZIP/PLUGINS/BIN/COFF386.HTX
/SOURCE/BIEW/SOURCES.ZIP/PLUGINS/BIN/DOS_SYS.C
/SOURCE/BIEW/SOURCES.ZIP/PLUGINS/BIN/DOS_SYS.H
/SOURCE/BIEW/SOURCES.ZIP/PLUGINS/BIN/DOS_SYS.HTX
/SOURCE/BIEW/SOURCES.ZIP/PLUGINS/BIN/ELF386.C
/SOURCE/BIEW/SOURCES.ZIP/PLUGINS/BIN/ELF386.H
/SOURCE/BIEW/SOURCES.ZIP/PLUGINS/BIN/ELF386.HTX
/SOURCE/BIEW/SOURCES.ZIP/PLUGINS/BIN/JPEG.C
/SOURCE/BIEW/SOURCES.ZIP/PLUGINS/BIN/JVMCLASS.C
/SOURCE/BIEW/SOURCES.ZIP/PLUGINS/BIN/LE.C
/SOURCE/BIEW/SOURCES.ZIP/PLUGINS/BIN/LE.HTX
/SOURCE/BIEW/SOURCES.ZIP/PLUGINS/BIN/LMF.C
/SOURCE/BIEW/SOURCES.ZIP/PLUGINS/BIN/LMF.H
/SOURCE/BIEW/SOURCES.ZIP/PLUGINS/BIN/LMF.HTX
/SOURCE/BIEW/SOURCES.ZIP/PLUGINS/BIN/LX.C
/SOURCE/BIEW/SOURCES.ZIP/PLUGINS/BIN/LX.HTX
/SOURCE/BIEW/SOURCES.ZIP/PLUGINS/BIN/LX_LE.H
/SOURCE/BIEW/SOURCES.ZIP/PLUGINS/BIN/MMIO.H
/SOURCE/BIEW/SOURCES.ZIP/PLUGINS/BIN/MOV.C
/SOURCE/BIEW/SOURCES.ZIP/PLUGINS/BIN/MP3.C
/SOURCE/BIEW/SOURCES.ZIP/PLUGINS/BIN/MPEG.C
/SOURCE/BIEW/SOURCES.ZIP/PLUGINS/BIN/MZ.C
/SOURCE/BIEW/SOURCES.ZIP/PLUGINS/BIN/MZ.H
/SOURCE/BIEW/SOURCES.ZIP/PLUGINS/BIN/MZ.HTX
/SOURCE/BIEW/SOURCES.ZIP/PLUGINS/BIN/NE.C
/SOURCE/BIEW/SOURCES.ZIP/PLUGINS/BIN/NE.H
/SOURCE/BIEW/SOURCES.ZIP/PLUGINS/BIN/NE.HTX
/SOURCE/BIEW/SOURCES.ZIP/PLUGINS/BIN/NLM386.C
/SOURCE/BIEW/SOURCES.ZIP/PLUGINS/BIN/NLM386.H
/SOURCE/BIEW/SOURCES.ZIP/PLUGINS/BIN/NLM386.HTX
/SOURCE/BIEW/SOURCES.ZIP/PLUGINS/BIN/OPHARLAP.C
/SOURCE/BIEW/SOURCES.ZIP/PLUGINS/BIN/OPHARLAP.HTX
/SOURCE/BIEW/SOURCES.ZIP/PLUGINS/BIN/PE.C
/SOURCE/BIEW/SOURCES.ZIP/PLUGINS/BIN/PE.H
/SOURCE/BIEW/SOURCES.ZIP/PLUGINS/BIN/PE.HTX
/SOURCE/BIEW/SOURCES.ZIP/PLUGINS/BIN/PHARLAP.C
/SOURCE/BIEW/SOURCES.ZIP/PLUGINS/BIN/PHARLAP.H
/SOURCE/BIEW/SOURCES.ZIP/PLUGINS/BIN/PHARLAP.HTX
/SOURCE/BIEW/SOURCES.ZIP/PLUGINS/BIN/RDOFF.C
/SOURCE/BIEW/SOURCES.ZIP/PLUGINS/BIN/RDOFF.H
/SOURCE/BIEW/SOURCES.ZIP/PLUGINS/BIN/RDOFF.HTX
/SOURCE/BIEW/SOURCES.ZIP/PLUGINS/BIN/RDOFF2.C
/SOURCE/BIEW/SOURCES.ZIP/PLUGINS/BIN/RDOFF2.H
/SOURCE/BIEW/SOURCES.ZIP/PLUGINS/BIN/RDOFF2.HTX
/SOURCE/BIEW/SOURCES.ZIP/PLUGINS/BIN/REALMEDI.C
/SOURCE/BIEW/SOURCES.ZIP/PLUGINS/BIN/SIS.C
/SOURCE/BIEW/SOURCES.ZIP/PLUGINS/BIN/SISX.C
/SOURCE/BIEW/SOURCES.ZIP/PLUGINS/BIN/WAV.C
/SOURCE/BIEW/SOURCES.ZIP/PLUGINS/BINMODE.C
/SOURCE/BIEW/SOURCES.ZIP/PLUGINS/BINMODE.HTX
/SOURCE/BIEW/SOURCES.ZIP/PLUGINS/DISASM.C
/SOURCE/BIEW/SOURCES.ZIP/PLUGINS/DISASM.H
/SOURCE/BIEW/SOURCES.ZIP/PLUGINS/DISASM/
/SOURCE/BIEW/SOURCES.ZIP/PLUGINS/DISASM/ARM/
/SOURCE/BIEW/SOURCES.ZIP/PLUGINS/DISASM/ARM/ARM.C
/SOURCE/BIEW/SOURCES.ZIP/PLUGINS/DISASM/ARM/ARM.H
/SOURCE/BIEW/SOURCES.ZIP/PLUGINS/DISASM/ARM/ARM.HTX
/SOURCE/BIEW/SOURCES.ZIP/PLUGINS/DISASM/ARM/ARM16.C
/SOURCE/BIEW/SOURCES.ZIP/PLUGINS/DISASM/ARM/ARM32.C
/SOURCE/BIEW/SOURCES.ZIP/PLUGINS/DISASM/ARM/ARMSIZE.HTX
/SOURCE/BIEW/SOURCES.ZIP/PLUGINS/DISASM/AVR/
/SOURCE/BIEW/SOURCES.ZIP/PLUGINS/DISASM/AVR/AVR.C
/SOURCE/BIEW/SOURCES.ZIP/PLUGINS/DISASM/AVR/AVR.H
/SOURCE/BIEW/SOURCES.ZIP/PLUGINS/DISASM/AVR/AVR.HTX
/SOURCE/BIEW/SOURCES.ZIP/PLUGINS/DISASM/AVR/AVRSIZE.HTX
/SOURCE/BIEW/SOURCES.ZIP/PLUGINS/DISASM/IX86/
/SOURCE/BIEW/SOURCES.ZIP/PLUGINS/DISASM/IX86/IX86.C
/SOURCE/BIEW/SOURCES.ZIP/PLUGINS/DISASM/IX86/IX86.H
/SOURCE/BIEW/SOURCES.ZIP/PLUGINS/DISASM/IX86/IX86.HTX
/SOURCE/BIEW/SOURCES.ZIP/PLUGINS/DISASM/IX86/IX86SIZE.HTX
/SOURCE/BIEW/SOURCES.ZIP/PLUGINS/DISASM/IX86/IX86_FPU.C
/SOURCE/BIEW/SOURCES.ZIP/PLUGINS/DISASM/IX86/IX86_FUN.C
/SOURCE/BIEW/SOURCES.ZIP/PLUGINS/DISASM/IX86/K86SIZE.HTX
/SOURCE/BIEW/SOURCES.ZIP/PLUGINS/DISASM/JAVA/
/SOURCE/BIEW/SOURCES.ZIP/PLUGINS/DISASM/JAVA/JAVA.C
/SOURCE/BIEW/SOURCES.ZIP/PLUGINS/DISASM/JAVA/JAVA.HTX
/SOURCE/BIEW/SOURCES.ZIP/PLUGINS/DISASM/JAVA/JAVASIZE.HTX
/SOURCE/BIEW/SOURCES.ZIP/PLUGINS/DISASM/NULL_DA.C
/SOURCE/BIEW/SOURCES.ZIP/PLUGINS/DISASM/NULL_DA.HTX
/SOURCE/BIEW/SOURCES.ZIP/PLUGINS/DISASM/PPC/
/SOURCE/BIEW/SOURCES.ZIP/PLUGINS/DISASM/PPC/PPC.C
/SOURCE/BIEW/SOURCES.ZIP/PLUGINS/DISASM/PPC/PPC.H
/SOURCE/BIEW/SOURCES.ZIP/PLUGINS/DISASM/PPC/PPC.HTX
/SOURCE/BIEW/SOURCES.ZIP/PLUGINS/DISASM/PPC/PPCSIZE.HTX
/SOURCE/BIEW/SOURCES.ZIP/PLUGINS/HEXMODE.C
/SOURCE/BIEW/SOURCES.ZIP/PLUGINS/HEXMODE.H
/SOURCE/BIEW/SOURCES.ZIP/PLUGINS/HEXMODE.HTX
/SOURCE/BIEW/SOURCES.ZIP/PLUGINS/NLS/
/SOURCE/BIEW/SOURCES.ZIP/PLUGINS/NLS/RUSSIAN.C
/SOURCE/BIEW/SOURCES.ZIP/PLUGINS/TEXTMODE.C
/SOURCE/BIEW/SOURCES.ZIP/PLUGINS/TEXTMODE.H
/SOURCE/BIEW/SOURCES.ZIP/PLUGINS/TEXTMODE.HTX
/SOURCE/BIEW/SOURCES.ZIP/REFS.C
/SOURCE/BIEW/SOURCES.ZIP/REG_FORM.H
/SOURCE/BIEW/SOURCES.ZIP/SEARCH.C
/SOURCE/BIEW/SOURCES.ZIP/SEARCH.H
/SOURCE/BIEW/SOURCES.ZIP/SETUP.C
/SOURCE/BIEW/SOURCES.ZIP/SETUP.H
/SOURCE/BIEW/SOURCES.ZIP/SYSINFO.C
/SOURCE/BIEW/SOURCES.ZIP/TESTLAB/
/SOURCE/BIEW/SOURCES.ZIP/TESTLAB/DISASM/
/SOURCE/BIEW/SOURCES.ZIP/TESTLAB/DISASM/X86/
/SOURCE/BIEW/SOURCES.ZIP/TESTLAB/DISASM/X86/3DNOW.ASM
/SOURCE/BIEW/SOURCES.ZIP/TESTLAB/DISASM/X86/3DNOW.DUM
/SOURCE/BIEW/SOURCES.ZIP/TESTLAB/DISASM/X86/DOS16.ASM
/SOURCE/BIEW/SOURCES.ZIP/TESTLAB/DISASM/X86/DOS16.DUM
/SOURCE/BIEW/SOURCES.ZIP/TESTLAB/DISASM/X86/MAKE.SH
/SOURCE/BIEW/SOURCES.ZIP/TESTLAB/DISASM/X86/X86_32.ASM
/SOURCE/BIEW/SOURCES.ZIP/TESTLAB/DISASM/X86/X86_32.DUM
/SOURCE/BIEW/SOURCES.ZIP/TESTLAB/DISASM/X86/X86_64.ASM
/SOURCE/BIEW/SOURCES.ZIP/TESTLAB/DISASM/X86/X86_64.DUM
/SOURCE/BIEW/SOURCES.ZIP/TESTLAB/DISASM/X86/XOP.ASM
/SOURCE/BIEW/SOURCES.ZIP/TESTLAB/DISASM/X86/XOP.DUM
/SOURCE/BIEW/SOURCES.ZIP/TESTLAB/FILE_INI/
/SOURCE/BIEW/SOURCES.ZIP/TESTLAB/FILE_INI/FINITEST.C
/SOURCE/BIEW/SOURCES.ZIP/TESTLAB/FILE_INI/FINITEST.PR
/SOURCE/BIEW/SOURCES.ZIP/TESTLAB/FILE_INI/MAKEFILE
/SOURCE/BIEW/SOURCES.ZIP/TESTLAB/FILE_INI/README.TXT
/SOURCE/BIEW/SOURCES.ZIP/TESTLAB/FILE_INI/S.INI
/SOURCE/BIEW/SOURCES.ZIP/TESTLAB/FILE_INI/SO.INI
/SOURCE/BIEW/SOURCES.ZIP/TESTLAB/FILE_INI/SOU.INI
/SOURCE/BIEW/SOURCES.ZIP/TESTLAB/FILE_INI/SOUR.INI
/SOURCE/BIEW/SOURCES.ZIP/TESTLAB/FILE_INI/SOURC.INI
/SOURCE/BIEW/SOURCES.ZIP/TESTLAB/FILE_INI/SOURCE.INI
/SOURCE/BIEW/SOURCES.ZIP/TESTLAB/FILE_INI/{SOURCE}.INI
/SOURCE/BIEW/SOURCES.ZIP/TESTLAB/LMF/
/SOURCE/BIEW/SOURCES.ZIP/TESTLAB/LMF/HELLO
/SOURCE/BIEW/SOURCES.ZIP/TESTLAB/LMF/HELLO.C
/SOURCE/BIEW/SOURCES.ZIP/TESTLAB/MISALIGN.C
/SOURCE/BIEW/SOURCES.ZIP/TESTLAB/TEXT/
/SOURCE/BIEW/SOURCES.ZIP/TESTLAB/TEXT/SYNTAX/
/SOURCE/BIEW/SOURCES.ZIP/TESTLAB/TEXT/SYNTAX/TEST.C
/SOURCE/BIEW/SOURCES.ZIP/TESTLAB/TEXT/SYNTAX/TEST.PY
/SOURCE/BIEW/SOURCES.ZIP/TESTLAB/TEXT/SYNTAX/TEST.SH
/SOURCE/BIEW/SOURCES.ZIP/TESTLAB/TWIN/
/SOURCE/BIEW/SOURCES.ZIP/TESTLAB/TWIN/MAKEFILE
/SOURCE/BIEW/SOURCES.ZIP/TESTLAB/TWIN/README.TXT
/SOURCE/BIEW/SOURCES.ZIP/TESTLAB/TWIN/TWINTEST.C
/SOURCE/BIEW/SOURCES.ZIP/TESTLAB/TWIN/TWINTEST.PR
/SOURCE/BIEW/SOURCES.ZIP/TESTLAB/UNICODE/
/SOURCE/BIEW/SOURCES.ZIP/TESTLAB/UNICODE/E2K_UNI.TXT
/SOURCE/BIEW/SOURCES.ZIP/TOOLS/
/SOURCE/BIEW/SOURCES.ZIP/TOOLS/BIEWHLP/
/SOURCE/BIEW/SOURCES.ZIP/TOOLS/BIEWHLP/BIEWHLP.C
/SOURCE/BIEW/SOURCES.ZIP/TOOLS/BIEWHLP/BIEWHLP.PR
/SOURCE/BIEW/SOURCES.ZIP/TOOLS/BIEWHLP/MAKEFILE
/SOURCE/BIEW/SOURCES.ZIP/TOOLS/BIEWHLP/README.TXT
/SOURCE/BIEW/SOURCES.ZIP/TOOLS/LZSS/
/SOURCE/BIEW/SOURCES.ZIP/TOOLS/LZSS/LZSS.C
/SOURCE/BIEW/SOURCES.ZIP/TOOLS/LZSS/LZSS.PR
/SOURCE/BIEW/SOURCES.ZIP/TOOLS/LZSS/LZSSUTIL.C
/SOURCE/BIEW/SOURCES.ZIP/TOOLS/LZSS/MAKEFILE
/SOURCE/BIEW/SOURCES.ZIP/TOOLS/LZSS/README.TXT
/SOURCE/BIEW/SOURCES.ZIP/TSTRINGS.C
/SOURCE/BIEW/SOURCES.ZIP/TSTRINGS.H
