/
/APPINFO/
/APPINFO/BLOCEK.DE
/APPINFO/BLOCEK.FR
/APPINFO/BLOCEK.LSM
/APPINFO/BLOCEK.SV
/APPINFO/BLOCEK.TR
/EDIT/
/EDIT/BLOCEK/
/EDIT/BLOCEK/BLOCEK.EXE
/EDIT/BLOCEK/BLOCEK1.CZ
/EDIT/BLOCEK/BLOCEK1.DE
/EDIT/BLOCEK/BLOCEK1.EN
/EDIT/BLOCEK/BLOCEK1.FR
/EDIT/BLOCEK/BLOCEK1.HU
/EDIT/BLOCEK/BLOCEK1.RU
/EDIT/BLOCEK/BLOCEK1.TR
/EDIT/BLOCEK/BLOCEK2.CZ
/EDIT/BLOCEK/BLOCEK2.DE
/EDIT/BLOCEK/BLOCEK2.EN
/EDIT/BLOCEK/BLOCEK2.FR
/EDIT/BLOCEK/BLOCEK2.HU
/EDIT/BLOCEK/BLOCEK2.RU
/EDIT/BLOCEK/BLOCEK2.TR
/EDIT/BLOCEK/CWSDPMI.EXE
/EDIT/BLOCEK/DEFAULT.CFG
/EDIT/BLOCEK/FONTY/
/EDIT/BLOCEK/FONTY/&ARABIC.F14
/EDIT/BLOCEK/FONTY/&EUR-GAE.F14
/EDIT/BLOCEK/FONTY/&FARSI.F14
/EDIT/BLOCEK/FONTY/&GREEK.F14
/EDIT/BLOCEK/FONTY/&HEB-RUS.F14
/EDIT/BLOCEK/FONTY/&HEBREW.F14
/EDIT/BLOCEK/FONTY/&POL-TUR.F14
/EDIT/BLOCEK/FONTY/&URDU.F14
/EDIT/BLOCEK/FONTY/&YUGOSLA.F14
/EDIT/BLOCEK/FONTY/2_HEBREW.F16
/EDIT/BLOCEK/FONTY/ALTERNAT/
/EDIT/BLOCEK/FONTY/ALTERNAT/LATIN114.CH
/EDIT/BLOCEK/FONTY/ALTERNAT/LATIN116.CH
/EDIT/BLOCEK/FONTY/ALTERNAT/LATIN214.CH
/EDIT/BLOCEK/FONTY/ALTERNAT/LATIN216.CH
/EDIT/BLOCEK/FONTY/ALTERNAT/README.TXT
/EDIT/BLOCEK/FONTY/ALTERNAT/RUSKY14.CH
/EDIT/BLOCEK/FONTY/ALTERNAT/RUSKY16.CH
/EDIT/BLOCEK/FONTY/ANTIQE16.FN
/EDIT/BLOCEK/FONTY/ANTIQE19.FN
/EDIT/BLOCEK/FONTY/ANTIQE28.FN
/EDIT/BLOCEK/FONTY/ANTIQE33.FN
/EDIT/BLOCEK/FONTY/ANTIQUE.F14
/EDIT/BLOCEK/FONTY/APEAUS.F08
/EDIT/BLOCEK/FONTY/APEAUS.F14
/EDIT/BLOCEK/FONTY/APEAUS.F16
/EDIT/BLOCEK/FONTY/ARABDRFT.F14
/EDIT/BLOCEK/FONTY/ARABKUFI.F14
/EDIT/BLOCEK/FONTY/ARABNAF.F14
/EDIT/BLOCEK/FONTY/ARBNASKH.F14
/EDIT/BLOCEK/FONTY/ARIAL10.FN
/EDIT/BLOCEK/FONTY/ARIAL11.FN
/EDIT/BLOCEK/FONTY/ARIAL12.FN
/EDIT/BLOCEK/FONTY/ARIAL14.FN
/EDIT/BLOCEK/FONTY/ARIAL15.FN
/EDIT/BLOCEK/FONTY/ARIAL18.FN
/EDIT/BLOCEK/FONTY/ARIAL29.FN
/EDIT/BLOCEK/FONTY/ARIAL37.FN
/EDIT/BLOCEK/FONTY/ARIAL56.FN
/EDIT/BLOCEK/FONTY/ARINCE19.FN
/EDIT/BLOCEK/FONTY/ARMENIAN.F08
/EDIT/BLOCEK/FONTY/ARMENIAN.F14
/EDIT/BLOCEK/FONTY/ARMENIAN.F16
/EDIT/BLOCEK/FONTY/ART.F16
/EDIT/BLOCEK/FONTY/BACKWARD.F14
/EDIT/BLOCEK/FONTY/BALL19.FN
/EDIT/BLOCEK/FONTY/BALL23.FN
/EDIT/BLOCEK/FONTY/BALL28.FN
/EDIT/BLOCEK/FONTY/BALL37.FN
/EDIT/BLOCEK/FONTY/BANFFN21.FN
/EDIT/BLOCEK/FONTY/BANFFN28.FN
/EDIT/BLOCEK/FONTY/BANFFN37.FN
/EDIT/BLOCEK/FONTY/BANFFN49.FN
/EDIT/BLOCEK/FONTY/BANFFN61.FN
/EDIT/BLOCEK/FONTY/BARDN23.FN
/EDIT/BLOCEK/FONTY/BDECLO.F14
/EDIT/BLOCEK/FONTY/BEDROK21.FN
/EDIT/BLOCEK/FONTY/BEDROK28.FN
/EDIT/BLOCEK/FONTY/BEDROK33.FN
/EDIT/BLOCEK/FONTY/BHEXALL.F14
/EDIT/BLOCEK/FONTY/BHEXBOX.F14
/EDIT/BLOCEK/FONTY/BHEXHI.F14
/EDIT/BLOCEK/FONTY/BHEXLO.F14
/EDIT/BLOCEK/FONTY/BIGSERIF.F14
/EDIT/BLOCEK/FONTY/BIGSERIF.F16
/EDIT/BLOCEK/FONTY/BIGSF.F14
/EDIT/BLOCEK/FONTY/BINARYED.F14
/EDIT/BLOCEK/FONTY/BLCKSNSF.F10
/EDIT/BLOCEK/FONTY/BLOCK.F14
/EDIT/BLOCEK/FONTY/BODNOF18.FN
/EDIT/BLOCEK/FONTY/BODNOF23.FN
/EDIT/BLOCEK/FONTY/BODNOF33.FN
/EDIT/BLOCEK/FONTY/BOLD.F14
/EDIT/BLOCEK/FONTY/BROADWAY.F14
/EDIT/BLOCEK/FONTY/BTHIN.F14
/EDIT/BLOCEK/FONTY/BULG-MIC.F16
/EDIT/BLOCEK/FONTY/CEFRNK18.FN
/EDIT/BLOCEK/FONTY/CEFRNK23.FN
/EDIT/BLOCEK/FONTY/CEFRNK28.FN
/EDIT/BLOCEK/FONTY/CEFRNK35.FN
/EDIT/BLOCEK/FONTY/CEFRNK49.FN
/EDIT/BLOCEK/FONTY/CEFRNK61.FN
/EDIT/BLOCEK/FONTY/COMPUTER.F14
/EDIT/BLOCEK/FONTY/COUR10.FN
/EDIT/BLOCEK/FONTY/COUR14.FN
/EDIT/BLOCEK/FONTY/COUR16.FN
/EDIT/BLOCEK/FONTY/COUR18.FN
/EDIT/BLOCEK/FONTY/COUR23.FN
/EDIT/BLOCEK/FONTY/COUR33.FN
/EDIT/BLOCEK/FONTY/COUR54.FN
/EDIT/BLOCEK/FONTY/COURI14.FN
/EDIT/BLOCEK/FONTY/COURI18.FN
/EDIT/BLOCEK/FONTY/COURI23.FN
/EDIT/BLOCEK/FONTY/COURI33.FN
/EDIT/BLOCEK/FONTY/COURI54.FN
/EDIT/BLOCEK/FONTY/COURIER.F14
/EDIT/BLOCEK/FONTY/CP111.F08
/EDIT/BLOCEK/FONTY/CP111.F14
/EDIT/BLOCEK/FONTY/CP111.F16
/EDIT/BLOCEK/FONTY/CP111.F19
/EDIT/BLOCEK/FONTY/CP112.F08
/EDIT/BLOCEK/FONTY/CP112.F14
/EDIT/BLOCEK/FONTY/CP112.F16
/EDIT/BLOCEK/FONTY/CP112.F19
/EDIT/BLOCEK/FONTY/CP113.F08
/EDIT/BLOCEK/FONTY/CP113.F14
/EDIT/BLOCEK/FONTY/CP113.F16
/EDIT/BLOCEK/FONTY/CP113.F19
/EDIT/BLOCEK/FONTY/CP437.F08
/EDIT/BLOCEK/FONTY/CP437.F14
/EDIT/BLOCEK/FONTY/CP437.F16
/EDIT/BLOCEK/FONTY/CP437.F19
/EDIT/BLOCEK/FONTY/CP850.F08
/EDIT/BLOCEK/FONTY/CP850.F14
/EDIT/BLOCEK/FONTY/CP850.F16
/EDIT/BLOCEK/FONTY/CP850.F19
/EDIT/BLOCEK/FONTY/CP851.F08
/EDIT/BLOCEK/FONTY/CP851.F14
/EDIT/BLOCEK/FONTY/CP851.F16
/EDIT/BLOCEK/FONTY/CP851.F19
/EDIT/BLOCEK/FONTY/CP852.F08
/EDIT/BLOCEK/FONTY/CP852.F14
/EDIT/BLOCEK/FONTY/CP852.F16
/EDIT/BLOCEK/FONTY/CP852.F19
/EDIT/BLOCEK/FONTY/CP853.F08
/EDIT/BLOCEK/FONTY/CP853.F14
/EDIT/BLOCEK/FONTY/CP853.F16
/EDIT/BLOCEK/FONTY/CP853.F19
/EDIT/BLOCEK/FONTY/CP860.F08
/EDIT/BLOCEK/FONTY/CP860.F14
/EDIT/BLOCEK/FONTY/CP860.F16
/EDIT/BLOCEK/FONTY/CP860.F19
/EDIT/BLOCEK/FONTY/CP861.F08
/EDIT/BLOCEK/FONTY/CP861.F14
/EDIT/BLOCEK/FONTY/CP861.F16
/EDIT/BLOCEK/FONTY/CP861.F19
/EDIT/BLOCEK/FONTY/CP862.F08
/EDIT/BLOCEK/FONTY/CP862.F14
/EDIT/BLOCEK/FONTY/CP862.F16
/EDIT/BLOCEK/FONTY/CP863.F08
/EDIT/BLOCEK/FONTY/CP863.F14
/EDIT/BLOCEK/FONTY/CP863.F16
/EDIT/BLOCEK/FONTY/CP863.F19
/EDIT/BLOCEK/FONTY/CP864.F08
/EDIT/BLOCEK/FONTY/CP864.F14
/EDIT/BLOCEK/FONTY/CP864.F16
/EDIT/BLOCEK/FONTY/CP865.F08
/EDIT/BLOCEK/FONTY/CP865.F14
/EDIT/BLOCEK/FONTY/CP865.F16
/EDIT/BLOCEK/FONTY/CP865.F19
/EDIT/BLOCEK/FONTY/CP866.F08
/EDIT/BLOCEK/FONTY/CP866.F14
/EDIT/BLOCEK/FONTY/CP866.F16
/EDIT/BLOCEK/FONTY/CP880.F08
/EDIT/BLOCEK/FONTY/CP880.F14
/EDIT/BLOCEK/FONTY/CP880.F16
/EDIT/BLOCEK/FONTY/CP881.F08
/EDIT/BLOCEK/FONTY/CP881.F14
/EDIT/BLOCEK/FONTY/CP881.F16
/EDIT/BLOCEK/FONTY/CP882.F08
/EDIT/BLOCEK/FONTY/CP882.F14
/EDIT/BLOCEK/FONTY/CP882.F16
/EDIT/BLOCEK/FONTY/CP883.F08
/EDIT/BLOCEK/FONTY/CP883.F14
/EDIT/BLOCEK/FONTY/CP883.F16
/EDIT/BLOCEK/FONTY/CP884.F08
/EDIT/BLOCEK/FONTY/CP884.F14
/EDIT/BLOCEK/FONTY/CP884.F16
/EDIT/BLOCEK/FONTY/CP885.F08
/EDIT/BLOCEK/FONTY/CP885.F14
/EDIT/BLOCEK/FONTY/CP885.F16
/EDIT/BLOCEK/FONTY/CYRILL1.F08
/EDIT/BLOCEK/FONTY/CYRILL1.F14
/EDIT/BLOCEK/FONTY/CYRILL1.F16
/EDIT/BLOCEK/FONTY/CYRILL2.F08
/EDIT/BLOCEK/FONTY/CYRILL2.F14
/EDIT/BLOCEK/FONTY/CYRILL2.F16
/EDIT/BLOCEK/FONTY/CYRILL3.F08
/EDIT/BLOCEK/FONTY/CYRILL3.F14
/EDIT/BLOCEK/FONTY/CYRILL3.F16
/EDIT/BLOCEK/FONTY/CYRILLIC.F14
/EDIT/BLOCEK/FONTY/DECORATE.F16
/EDIT/BLOCEK/FONTY/EURON15.FN
/EDIT/BLOCEK/FONTY/EVGA-ALT.F08
/EDIT/BLOCEK/FONTY/EVGA-ALT.F09
/EDIT/BLOCEK/FONTY/EVGA-ALT.F10
/EDIT/BLOCEK/FONTY/EVGA-ALT.F11
/EDIT/BLOCEK/FONTY/EVGA-ALT.F12
/EDIT/BLOCEK/FONTY/EVGA-ALT.F13
/EDIT/BLOCEK/FONTY/FINNISH.F14
/EDIT/BLOCEK/FONTY/FREEPR21.FN
/EDIT/BLOCEK/FONTY/FREEPR35.FN
/EDIT/BLOCEK/FONTY/FREEPR49.FN
/EDIT/BLOCEK/FONTY/FREEPR61.FN
/EDIT/BLOCEK/FONTY/FUTURE.F14
/EDIT/BLOCEK/FONTY/GOSTALTM.F16
/EDIT/BLOCEK/FONTY/GOSTALTN.F16
/EDIT/BLOCEK/FONTY/GOSTMAIN.F16
/EDIT/BLOCEK/FONTY/GRCKSSRF.F08
/EDIT/BLOCEK/FONTY/GRCKSSRF.F14
/EDIT/BLOCEK/FONTY/GRCKSSRF.F16
/EDIT/BLOCEK/FONTY/GREEK.F06
/EDIT/BLOCEK/FONTY/GREEK.F07
/EDIT/BLOCEK/FONTY/GREEK.F08
/EDIT/BLOCEK/FONTY/GREEK.F14
/EDIT/BLOCEK/FONTY/GREEK.F16
/EDIT/BLOCEK/FONTY/HACK4TH.F16
/EDIT/BLOCEK/FONTY/HANDUGLY.F16
/EDIT/BLOCEK/FONTY/HANDWRIT.F14
/EDIT/BLOCEK/FONTY/HANDWRIT.F16
/EDIT/BLOCEK/FONTY/HEB-7BIT.F16
/EDIT/BLOCEK/FONTY/HEB-BOLD.F16
/EDIT/BLOCEK/FONTY/HEBBOLDK.F16
/EDIT/BLOCEK/FONTY/HEBCLRGF.F14
/EDIT/BLOCEK/FONTY/HEBCLRGF.F16
/EDIT/BLOCEK/FONTY/HEBKTAV1.F16
/EDIT/BLOCEK/FONTY/HEBKTAV2.F16
/EDIT/BLOCEK/FONTY/HEBLARGE.F14
/EDIT/BLOCEK/FONTY/HEBLARGE.F16
/EDIT/BLOCEK/FONTY/HEBUGLY.F16
/EDIT/BLOCEK/FONTY/HEBYOGI.F16
/EDIT/BLOCEK/FONTY/HERCITAL.F08
/EDIT/BLOCEK/FONTY/HERCULES.F08
/EDIT/BLOCEK/FONTY/HERCULES.F10
/EDIT/BLOCEK/FONTY/HERCULES.F14
/EDIT/BLOCEK/FONTY/HOLLOW.F14
/EDIT/BLOCEK/FONTY/HRKGREEK.F14
/EDIT/BLOCEK/FONTY/HYLAS.F14
/EDIT/BLOCEK/FONTY/ICONS.F14
/EDIT/BLOCEK/FONTY/INVERTED.F14
/EDIT/BLOCEK/FONTY/ITALICS.F14
/EDIT/BLOCEK/FONTY/KOI8-R.F16
/EDIT/BLOCEK/FONTY/LATIN214.CH
/EDIT/BLOCEK/FONTY/LATIN216.CH
/EDIT/BLOCEK/FONTY/LATIN217.CH
/EDIT/BLOCEK/FONTY/LATIN28.CH
/EDIT/BLOCEK/FONTY/LCD.F14
/EDIT/BLOCEK/FONTY/MACNTOSH.F14
/EDIT/BLOCEK/FONTY/MACNTOSH.F16
/EDIT/BLOCEK/FONTY/MEDIEVAL.F14
/EDIT/BLOCEK/FONTY/MODERN.F16
/EDIT/BLOCEK/FONTY/MODERN.FN
/EDIT/BLOCEK/FONTY/NORWAY.F14
/EDIT/BLOCEK/FONTY/NORWAY2.F14
/EDIT/BLOCEK/FONTY/OLD-ENGL.F14
/EDIT/BLOCEK/FONTY/OLD-ENGL.F16
/EDIT/BLOCEK/FONTY/OLDENG-F.F16
/EDIT/BLOCEK/FONTY/PERSIAN.F14
/EDIT/BLOCEK/FONTY/PERSIAN.F16
/EDIT/BLOCEK/FONTY/POLY-SYS.F08
/EDIT/BLOCEK/FONTY/POLY-SYS.F14
/EDIT/BLOCEK/FONTY/POLY-SYS.F16
/EDIT/BLOCEK/FONTY/READABL7.F16
/EDIT/BLOCEK/FONTY/READABL8.F16
/EDIT/BLOCEK/FONTY/READABLE.F08
/EDIT/BLOCEK/FONTY/READABLE.F10
/EDIT/BLOCEK/FONTY/REVERSE.F14
/EDIT/BLOCEK/FONTY/RIMROCK.F10
/EDIT/BLOCEK/FONTY/RMRKBOLD.F14
/EDIT/BLOCEK/FONTY/ROMAN.F14
/EDIT/BLOCEK/FONTY/ROMAN.F16
/EDIT/BLOCEK/FONTY/RUNIC.F16
/EDIT/BLOCEK/FONTY/RUS-WIN.F16
/EDIT/BLOCEK/FONTY/RUSKY14.CH
/EDIT/BLOCEK/FONTY/RUSKY16.CH
/EDIT/BLOCEK/FONTY/RUSKY8.CH
/EDIT/BLOCEK/FONTY/RUSS14.CH
/EDIT/BLOCEK/FONTY/RUSSIAN.F08
/EDIT/BLOCEK/FONTY/RUSSIAN.F14
/EDIT/BLOCEK/FONTY/RUSSIAN.F16
/EDIT/BLOCEK/FONTY/RUSSS14.CH
/EDIT/BLOCEK/FONTY/SANS.CH
/EDIT/BLOCEK/FONTY/SANSERIF.F14
/EDIT/BLOCEK/FONTY/SANSERIF.F16
/EDIT/BLOCEK/FONTY/SCRWL---.F16
/EDIT/BLOCEK/FONTY/SCRWL~~~.F16
/EDIT/BLOCEK/FONTY/SLANT.F14
/EDIT/BLOCEK/FONTY/SMALCAPS.F14
/EDIT/BLOCEK/FONTY/SPRANTO.F14
/EDIT/BLOCEK/FONTY/SPRANTO1.F16
/EDIT/BLOCEK/FONTY/SPRANTO2.F16
/EDIT/BLOCEK/FONTY/SQUARE.F12
/EDIT/BLOCEK/FONTY/SS1251.F14
/EDIT/BLOCEK/FONTY/STANDARD.F14
/EDIT/BLOCEK/FONTY/STANDARD.F16
/EDIT/BLOCEK/FONTY/STRETCH.F14
/EDIT/BLOCEK/FONTY/SUBSUP.F16
/EDIT/BLOCEK/FONTY/SUPER.F16
/EDIT/BLOCEK/FONTY/SUREA19.FN
/EDIT/BLOCEK/FONTY/SUREA23.FN
/EDIT/BLOCEK/FONTY/SUREA28.FN
/EDIT/BLOCEK/FONTY/SUREA37.FN
/EDIT/BLOCEK/FONTY/SWISS-AV.F16
/EDIT/BLOCEK/FONTY/SWISS.F16
/EDIT/BLOCEK/FONTY/SWISSBOX.F16
/EDIT/BLOCEK/FONTY/SWITZB15.FN
/EDIT/BLOCEK/FONTY/SWITZB18.FN
/EDIT/BLOCEK/FONTY/SWITZB23.FN
/EDIT/BLOCEK/FONTY/TEX-MATH.F14
/EDIT/BLOCEK/FONTY/TEX-MATH.F16
/EDIT/BLOCEK/FONTY/TFN640.EXE
/EDIT/BLOCEK/FONTY/TFNX.EXE
/EDIT/BLOCEK/FONTY/THAI.F14
/EDIT/BLOCEK/FONTY/THIN.CH
/EDIT/BLOCEK/FONTY/THIN.F10
/EDIT/BLOCEK/FONTY/THINASCI.F07
/EDIT/BLOCEK/FONTY/THINCAPS.F14
/EDIT/BLOCEK/FONTY/THINDEMO.F14
/EDIT/BLOCEK/FONTY/THINSCRP.F14
/EDIT/BLOCEK/FONTY/TIMES12.FN
/EDIT/BLOCEK/FONTY/TIMES12I.UFN
/EDIT/BLOCEK/FONTY/TIMES12N.UFN
/EDIT/BLOCEK/FONTY/TIMES14.FN
/EDIT/BLOCEK/FONTY/UNIBIG.UFN
/EDIT/BLOCEK/FONTY/UNISMALL.UFN
/EDIT/BLOCEK/FONTY/VC.EXT
/EDIT/BLOCEK/FONTY/VGA-ROM.F08
/EDIT/BLOCEK/FONTY/VGA-ROM.F14
/EDIT/BLOCEK/FONTY/VGA-ROM.F16
/EDIT/BLOCEK/FONTY/VGA8X08.VGA
/EDIT/BLOCEK/FONTY/VGA8X14.VGA
/EDIT/BLOCEK/FONTY/VGA8X16.VGA
/EDIT/BLOCEK/FONTY/VGA8X16U.VGA
/EDIT/BLOCEK/FONTY/WIGGLY.F16
/EDIT/BLOCEK/HERMANEK.PNG
/EDIT/BLOCEK/INFO.BAT
/EDIT/BLOCEK/INFO.TXT
/EDIT/BLOCEK/KEY_TBL/
/EDIT/BLOCEK/KEY_TBL/BDS.KTB
/EDIT/BLOCEK/KEY_TBL/BG.GIF
/EDIT/BLOCEK/KEY_TBL/BRASIL.GIF
/EDIT/BLOCEK/KEY_TBL/BRASIL.KTB
/EDIT/BLOCEK/KEY_TBL/C1258UNI.TBL
/EDIT/BLOCEK/KEY_TBL/CESKA.A8T
/EDIT/BLOCEK/KEY_TBL/CESKA.GIF
/EDIT/BLOCEK/KEY_TBL/CESKA.KTB
/EDIT/BLOCEK/KEY_TBL/CP437UNI.TBL
/EDIT/BLOCEK/KEY_TBL/CP720UNI.TBL
/EDIT/BLOCEK/KEY_TBL/CP737UNI.TBL
/EDIT/BLOCEK/KEY_TBL/CP775UNI.TBL
/EDIT/BLOCEK/KEY_TBL/CP850UNI.TBL
/EDIT/BLOCEK/KEY_TBL/CP852UNI.TBL
/EDIT/BLOCEK/KEY_TBL/CP855UNI.TBL
/EDIT/BLOCEK/KEY_TBL/CP857UNI.TBL
/EDIT/BLOCEK/KEY_TBL/CP858UNI.TBL
/EDIT/BLOCEK/KEY_TBL/CP860UNI.TBL
/EDIT/BLOCEK/KEY_TBL/CP861UNI.TBL
/EDIT/BLOCEK/KEY_TBL/CP862UNI.TBL
/EDIT/BLOCEK/KEY_TBL/CP863UNI.TBL
/EDIT/BLOCEK/KEY_TBL/CP864UNI.TBL
/EDIT/BLOCEK/KEY_TBL/CP865UNI.TBL
/EDIT/BLOCEK/KEY_TBL/CP866UNI.TBL
/EDIT/BLOCEK/KEY_TBL/CP869UNI.TBL
/EDIT/BLOCEK/KEY_TBL/CP874UNI.TBL
/EDIT/BLOCEK/KEY_TBL/CP895UNI.TBL
/EDIT/BLOCEK/KEY_TBL/CP899UNI.TBL
/EDIT/BLOCEK/KEY_TBL/DEUTSCH.GIF
/EDIT/BLOCEK/KEY_TBL/DEUTSCH.KTB
/EDIT/BLOCEK/KEY_TBL/ENGLISH.GIF
/EDIT/BLOCEK/KEY_TBL/ENGLISH.KTB
/EDIT/BLOCEK/KEY_TBL/MAGYAR.GIF
/EDIT/BLOCEK/KEY_TBL/MAGYAR.KTB
/EDIT/BLOCEK/KEY_TBL/RUSSKAJA.A8T
/EDIT/BLOCEK/KEY_TBL/RUSSKAJA.GIF
/EDIT/BLOCEK/KEY_TBL/RUSSKAJA.KTB
/EDIT/BLOCEK/KEY_TBL/SLOVENSK.GIF
/EDIT/BLOCEK/KEY_TBL/SLOVENSK.KTB
/EDIT/BLOCEK/KEY_TBL/TBL_CREA/
/EDIT/BLOCEK/KEY_TBL/TBL_CREA/866.TXT
/EDIT/BLOCEK/KEY_TBL/TBL_CREA/895.TXT
/EDIT/BLOCEK/KEY_TBL/TBL_CREA/899.TXT
/EDIT/BLOCEK/KEY_TBL/TBL_CREA/CP895UNI.TBL
/EDIT/BLOCEK/KEY_TBL/TBL_CREA/CP899UNI.TBL
/EDIT/BLOCEK/KEY_TBL/TBL_CREA/CPVIEUNI.TBL
/EDIT/BLOCEK/KEY_TBL/TBL_CREA/TXT2UNI.EXE
/EDIT/BLOCEK/KEY_TBL/TBL_CREA/TXT2UNI.PAS
/EDIT/BLOCEK/TRANSLAT.TXT
/SOURCE/
/SOURCE/BLOCEK/
/SOURCE/BLOCEK/SOURCES.ZIP/
/SOURCE/BLOCEK/SOURCES.ZIP/BAREVNIK.PAS
/SOURCE/BLOCEK/SOURCES.ZIP/BLOCEK1.CZ
/SOURCE/BLOCEK/SOURCES.ZIP/BLOCEK1.DE
/SOURCE/BLOCEK/SOURCES.ZIP/BLOCEK1.EN
/SOURCE/BLOCEK/SOURCES.ZIP/BLOCEK1.FR
/SOURCE/BLOCEK/SOURCES.ZIP/BLOCEK1.HU
/SOURCE/BLOCEK/SOURCES.ZIP/BLOCEK1.RU
/SOURCE/BLOCEK/SOURCES.ZIP/BLOCEK1.TR
/SOURCE/BLOCEK/SOURCES.ZIP/BLOCEK2.CZ
/SOURCE/BLOCEK/SOURCES.ZIP/BLOCEK2.DE
/SOURCE/BLOCEK/SOURCES.ZIP/BLOCEK2.EN
/SOURCE/BLOCEK/SOURCES.ZIP/BLOCEK2.FR
/SOURCE/BLOCEK/SOURCES.ZIP/BLOCEK2.HU
/SOURCE/BLOCEK/SOURCES.ZIP/BLOCEK2.RU
/SOURCE/BLOCEK/SOURCES.ZIP/BLOCEK2.TR
/SOURCE/BLOCEK/SOURCES.ZIP/BLOCEK.CFG
/SOURCE/BLOCEK/SOURCES.ZIP/BLOCEK.MNU
/SOURCE/BLOCEK/SOURCES.ZIP/BLOCEK.PAS
/SOURCE/BLOCEK/SOURCES.ZIP/CLANKY.PAS
/SOURCE/BLOCEK/SOURCES.ZIP/CTVEREC.WMF
/SOURCE/BLOCEK/SOURCES.ZIP/CWSDPMI.EXE
/SOURCE/BLOCEK/SOURCES.ZIP/DEFAULT.CFG
/SOURCE/BLOCEK/SOURCES.ZIP/DEFINES.INC
/SOURCE/BLOCEK/SOURCES.ZIP/DEMO2.PAS
/SOURCE/BLOCEK/SOURCES.ZIP/DEMO.PAS
/SOURCE/BLOCEK/SOURCES.ZIP/DISK.PAS
/SOURCE/BLOCEK/SOURCES.ZIP/EDITPOLE.PAS
/SOURCE/BLOCEK/SOURCES.ZIP/FLIPTEST.PAS
/SOURCE/BLOCEK/SOURCES.ZIP/FNFONT2.PAS
/SOURCE/BLOCEK/SOURCES.ZIP/FN_UTIL/
/SOURCE/BLOCEK/SOURCES.ZIP/FN_UTIL/ALLEGTAB.CHR
/SOURCE/BLOCEK/SOURCES.ZIP/FN_UTIL/ANK.EXE
/SOURCE/BLOCEK/SOURCES.ZIP/FN_UTIL/ANK.PAS
/SOURCE/BLOCEK/SOURCES.ZIP/FN_UTIL/AZBUKA.CHR
/SOURCE/BLOCEK/SOURCES.ZIP/FN_UTIL/CWSDPMI.EXE
/SOURCE/BLOCEK/SOURCES.ZIP/FN_UTIL/FN.EXE
/SOURCE/BLOCEK/SOURCES.ZIP/FN_UTIL/FNED.EXE
/SOURCE/BLOCEK/SOURCES.ZIP/FN_UTIL/FNED.HLP
/SOURCE/BLOCEK/SOURCES.ZIP/FN_UTIL/FNED.ICO
/SOURCE/BLOCEK/SOURCES.ZIP/FN_UTIL/FP.DIR
/SOURCE/BLOCEK/SOURCES.ZIP/FN_UTIL/LATIN2.CHR
/SOURCE/BLOCEK/SOURCES.ZIP/FN_UTIL/PIC2DMFN.EXE
/SOURCE/BLOCEK/SOURCES.ZIP/FN_UTIL/PIC2DMFN.TXT
/SOURCE/BLOCEK/SOURCES.ZIP/FN_UTIL/README.TXT
/SOURCE/BLOCEK/SOURCES.ZIP/FN_UTIL/TFN640.EXE
/SOURCE/BLOCEK/SOURCES.ZIP/FN_UTIL/TFNX.EXE
/SOURCE/BLOCEK/SOURCES.ZIP/FN_UTIL/TTF2BMP.EXE
/SOURCE/BLOCEK/SOURCES.ZIP/FN_UTIL/TTF2FN.BAT
/SOURCE/BLOCEK/SOURCES.ZIP/FN_UTIL/TTF2PCX.EXE
/SOURCE/BLOCEK/SOURCES.ZIP/FN_UTIL/VC.EXT
/SOURCE/BLOCEK/SOURCES.ZIP/FN_UTIL/WINTAB.CHR
/SOURCE/BLOCEK/SOURCES.ZIP/FONTY/
/SOURCE/BLOCEK/SOURCES.ZIP/FONTY/ALTERNAT/
/SOURCE/BLOCEK/SOURCES.ZIP/FONTY/ALTERNAT/LATIN114.CH
/SOURCE/BLOCEK/SOURCES.ZIP/FONTY/ALTERNAT/LATIN116.CH
/SOURCE/BLOCEK/SOURCES.ZIP/FONTY/ALTERNAT/LATIN214.CH
/SOURCE/BLOCEK/SOURCES.ZIP/FONTY/ALTERNAT/LATIN216.CH
/SOURCE/BLOCEK/SOURCES.ZIP/FONTY/ALTERNAT/README.TXT
/SOURCE/BLOCEK/SOURCES.ZIP/FONTY/ALTERNAT/RUSKY14.CH
/SOURCE/BLOCEK/SOURCES.ZIP/FONTY/ALTERNAT/RUSKY16.CH
/SOURCE/BLOCEK/SOURCES.ZIP/FONTY/BANFFN21.FN
/SOURCE/BLOCEK/SOURCES.ZIP/FONTY/BANFFN28.FN
/SOURCE/BLOCEK/SOURCES.ZIP/FONTY/COUR10.FN
/SOURCE/BLOCEK/SOURCES.ZIP/FONTY/COUR14.FN
/SOURCE/BLOCEK/SOURCES.ZIP/FONTY/COUR16.FN
/SOURCE/BLOCEK/SOURCES.ZIP/FONTY/COUR18.FN
/SOURCE/BLOCEK/SOURCES.ZIP/FONTY/COURI18.FN
/SOURCE/BLOCEK/SOURCES.ZIP/FONTY/LATIN214.CH
/SOURCE/BLOCEK/SOURCES.ZIP/FONTY/LATIN216.CH
/SOURCE/BLOCEK/SOURCES.ZIP/FONTY/LATIN28.CH
/SOURCE/BLOCEK/SOURCES.ZIP/FONTY/RUSKY14.CH
/SOURCE/BLOCEK/SOURCES.ZIP/FONTY/RUSKY16.CH
/SOURCE/BLOCEK/SOURCES.ZIP/FONTY/RUSKY8.CH
/SOURCE/BLOCEK/SOURCES.ZIP/FONTY/SUREA37.FN
/SOURCE/BLOCEK/SOURCES.ZIP/FONTY/TIMES12I.UFN
/SOURCE/BLOCEK/SOURCES.ZIP/FONTY/TIMES12N.UFN
/SOURCE/BLOCEK/SOURCES.ZIP/FONTY/UNISMALL.UFN
/SOURCE/BLOCEK/SOURCES.ZIP/FONTY/VGA8X08.VGA
/SOURCE/BLOCEK/SOURCES.ZIP/FONTY/VGA8X14.VGA
/SOURCE/BLOCEK/SOURCES.ZIP/FONTY/VGA8X16.VGA
/SOURCE/BLOCEK/SOURCES.ZIP/FONTY/VGA8X16U.VGA
/SOURCE/BLOCEK/SOURCES.ZIP/FP.CFG
/SOURCE/BLOCEK/SOURCES.ZIP/FP.DSK
/SOURCE/BLOCEK/SOURCES.ZIP/FP.INI
/SOURCE/BLOCEK/SOURCES.ZIP/FSDEMO.PAS
/SOURCE/BLOCEK/SOURCES.ZIP/GRPFILE.PAS
/SOURCE/BLOCEK/SOURCES.ZIP/HERMANEK.JPG
/SOURCE/BLOCEK/SOURCES.ZIP/HERMANEK.PNG
/SOURCE/BLOCEK/SOURCES.ZIP/HOUBA.BMP
/SOURCE/BLOCEK/SOURCES.ZIP/HOUBA.PCX
/SOURCE/BLOCEK/SOURCES.ZIP/HVEZDA.WMF
/SOURCE/BLOCEK/SOURCES.ZIP/INFO.BAT
/SOURCE/BLOCEK/SOURCES.ZIP/INFO.TXT
/SOURCE/BLOCEK/SOURCES.ZIP/KASMAR.EN
/SOURCE/BLOCEK/SOURCES.ZIP/KASMAR.PAS
/SOURCE/BLOCEK/SOURCES.ZIP/KASMARUN.PAS
/SOURCE/BLOCEK/SOURCES.ZIP/KEXTRACT.EXE
/SOURCE/BLOCEK/SOURCES.ZIP/KEY_TBL/
/SOURCE/BLOCEK/SOURCES.ZIP/KEY_TBL/BDS.KTB
/SOURCE/BLOCEK/SOURCES.ZIP/KEY_TBL/BG.GIF
/SOURCE/BLOCEK/SOURCES.ZIP/KEY_TBL/BRASIL.GIF
/SOURCE/BLOCEK/SOURCES.ZIP/KEY_TBL/BRASIL.KTB
/SOURCE/BLOCEK/SOURCES.ZIP/KEY_TBL/C1258UNI.TBL
/SOURCE/BLOCEK/SOURCES.ZIP/KEY_TBL/CESKA.A8T
/SOURCE/BLOCEK/SOURCES.ZIP/KEY_TBL/CESKA.GIF
/SOURCE/BLOCEK/SOURCES.ZIP/KEY_TBL/CESKA.KTB
/SOURCE/BLOCEK/SOURCES.ZIP/KEY_TBL/CP437UNI.TBL
/SOURCE/BLOCEK/SOURCES.ZIP/KEY_TBL/CP720UNI.TBL
/SOURCE/BLOCEK/SOURCES.ZIP/KEY_TBL/CP737UNI.TBL
/SOURCE/BLOCEK/SOURCES.ZIP/KEY_TBL/CP775UNI.TBL
/SOURCE/BLOCEK/SOURCES.ZIP/KEY_TBL/CP850UNI.TBL
/SOURCE/BLOCEK/SOURCES.ZIP/KEY_TBL/CP852UNI.TBL
/SOURCE/BLOCEK/SOURCES.ZIP/KEY_TBL/CP855UNI.TBL
/SOURCE/BLOCEK/SOURCES.ZIP/KEY_TBL/CP857UNI.TBL
/SOURCE/BLOCEK/SOURCES.ZIP/KEY_TBL/CP858UNI.TBL
/SOURCE/BLOCEK/SOURCES.ZIP/KEY_TBL/CP860UNI.TBL
/SOURCE/BLOCEK/SOURCES.ZIP/KEY_TBL/CP861UNI.TBL
/SOURCE/BLOCEK/SOURCES.ZIP/KEY_TBL/CP862UNI.TBL
/SOURCE/BLOCEK/SOURCES.ZIP/KEY_TBL/CP863UNI.TBL
/SOURCE/BLOCEK/SOURCES.ZIP/KEY_TBL/CP864UNI.TBL
/SOURCE/BLOCEK/SOURCES.ZIP/KEY_TBL/CP865UNI.TBL
/SOURCE/BLOCEK/SOURCES.ZIP/KEY_TBL/CP866UNI.TBL
/SOURCE/BLOCEK/SOURCES.ZIP/KEY_TBL/CP869UNI.TBL
/SOURCE/BLOCEK/SOURCES.ZIP/KEY_TBL/CP874UNI.TBL
/SOURCE/BLOCEK/SOURCES.ZIP/KEY_TBL/CP895UNI.TBL
/SOURCE/BLOCEK/SOURCES.ZIP/KEY_TBL/CP899UNI.TBL
/SOURCE/BLOCEK/SOURCES.ZIP/KEY_TBL/DEUTSCH.GIF
/SOURCE/BLOCEK/SOURCES.ZIP/KEY_TBL/DEUTSCH.KTB
/SOURCE/BLOCEK/SOURCES.ZIP/KEY_TBL/ENGLISH.GIF
/SOURCE/BLOCEK/SOURCES.ZIP/KEY_TBL/ENGLISH.KTB
/SOURCE/BLOCEK/SOURCES.ZIP/KEY_TBL/MAGYAR.GIF
/SOURCE/BLOCEK/SOURCES.ZIP/KEY_TBL/MAGYAR.KTB
/SOURCE/BLOCEK/SOURCES.ZIP/KEY_TBL/RUSSKAJA.A8T
/SOURCE/BLOCEK/SOURCES.ZIP/KEY_TBL/RUSSKAJA.GIF
/SOURCE/BLOCEK/SOURCES.ZIP/KEY_TBL/RUSSKAJA.KTB
/SOURCE/BLOCEK/SOURCES.ZIP/KEY_TBL/SLOVENSK.GIF
/SOURCE/BLOCEK/SOURCES.ZIP/KEY_TBL/SLOVENSK.KTB
/SOURCE/BLOCEK/SOURCES.ZIP/KEY_TBL/TBL_CREA/
/SOURCE/BLOCEK/SOURCES.ZIP/KEY_TBL/TBL_CREA/866.TXT
/SOURCE/BLOCEK/SOURCES.ZIP/KEY_TBL/TBL_CREA/895.TXT
/SOURCE/BLOCEK/SOURCES.ZIP/KEY_TBL/TBL_CREA/899.TXT
/SOURCE/BLOCEK/SOURCES.ZIP/KEY_TBL/TBL_CREA/CP895UNI.TBL
/SOURCE/BLOCEK/SOURCES.ZIP/KEY_TBL/TBL_CREA/CP899UNI.TBL
/SOURCE/BLOCEK/SOURCES.ZIP/KEY_TBL/TBL_CREA/CPVIEUNI.TBL
/SOURCE/BLOCEK/SOURCES.ZIP/KEY_TBL/TBL_CREA/TXT2UNI.EXE
/SOURCE/BLOCEK/SOURCES.ZIP/KEY_TBL/TBL_CREA/TXT2UNI.PAS
/SOURCE/BLOCEK/SOURCES.ZIP/KGROUP.EXE
/SOURCE/BLOCEK/SOURCES.ZIP/KNIHOMOL.PAS
/SOURCE/BLOCEK/SOURCES.ZIP/KONFIG.PAS
/SOURCE/BLOCEK/SOURCES.ZIP/LACRT_MV.INC
/SOURCE/BLOCEK/SOURCES.ZIP/LACRT.PAS
/SOURCE/BLOCEK/SOURCES.ZIP/LACRT_VM.INC
/SOURCE/BLOCEK/SOURCES.ZIP/LAKLV.PAS
/SOURCE/BLOCEK/SOURCES.ZIP/LBDEMO.PAS
/SOURCE/BLOCEK/SOURCES.ZIP/MENUSTAV.EXE
/SOURCE/BLOCEK/SOURCES.ZIP/MENUSTAV.PAS
/SOURCE/BLOCEK/SOURCES.ZIP/MOJEMENU.DAT
/SOURCE/BLOCEK/SOURCES.ZIP/OBRAZKY/
/SOURCE/BLOCEK/SOURCES.ZIP/OBRAZKY/MALGO.PCX
/SOURCE/BLOCEK/SOURCES.ZIP/OBRAZKY/VRAG.PCX
/SOURCE/BLOCEK/SOURCES.ZIP/ODISK.PAS
/SOURCE/BLOCEK/SOURCES.ZIP/OVAZNIK.PAS
/SOURCE/BLOCEK/SOURCES.ZIP/PASJPEG/
/SOURCE/BLOCEK/SOURCES.ZIP/PASJPEG/BUILDPAS.PP
/SOURCE/BLOCEK/SOURCES.ZIP/PASJPEG/BUILDP~1.PP
/SOURCE/BLOCEK/SOURCES.ZIP/PASJPEG/BUILDP~2.PP
/SOURCE/BLOCEK/SOURCES.ZIP/PASJPEG/CDERROR.PAS
/SOURCE/BLOCEK/SOURCES.ZIP/PASJPEG/CDJPEG.PAS
/SOURCE/BLOCEK/SOURCES.ZIP/PASJPEG/CJPEG.DOF
/SOURCE/BLOCEK/SOURCES.ZIP/PASJPEG/CJPEG.PAS
/SOURCE/BLOCEK/SOURCES.ZIP/PASJPEG/CJPEG.RES
/SOURCE/BLOCEK/SOURCES.ZIP/PASJPEG/DEMO.DOF
/SOURCE/BLOCEK/SOURCES.ZIP/PASJPEG/DEMO.PAS
/SOURCE/BLOCEK/SOURCES.ZIP/PASJPEG/DEMO.RES
/SOURCE/BLOCEK/SOURCES.ZIP/PASJPEG/DJPEG.DOF
/SOURCE/BLOCEK/SOURCES.ZIP/PASJPEG/DJPEG.PAS
/SOURCE/BLOCEK/SOURCES.ZIP/PASJPEG/DJPEG.RES
/SOURCE/BLOCEK/SOURCES.ZIP/PASJPEG/EXAMPLE.PAS
/SOURCE/BLOCEK/SOURCES.ZIP/PASJPEG/FCACHE.PAS
/SOURCE/BLOCEK/SOURCES.ZIP/PASJPEG/FPMAKE.INC
/SOURCE/BLOCEK/SOURCES.ZIP/PASJPEG/FPMAKE.PP
/SOURCE/BLOCEK/SOURCES.ZIP/PASJPEG/JCAPIMIN.PAS
/SOURCE/BLOCEK/SOURCES.ZIP/PASJPEG/JCAPISTD.PAS
/SOURCE/BLOCEK/SOURCES.ZIP/PASJPEG/JCCOEFCT.PAS
/SOURCE/BLOCEK/SOURCES.ZIP/PASJPEG/JCCOLOR.PAS
/SOURCE/BLOCEK/SOURCES.ZIP/PASJPEG/JCDCTMGR.PAS
/SOURCE/BLOCEK/SOURCES.ZIP/PASJPEG/JCHUFF.PAS
/SOURCE/BLOCEK/SOURCES.ZIP/PASJPEG/JCINIT.PAS
/SOURCE/BLOCEK/SOURCES.ZIP/PASJPEG/JCMAINCT.PAS
/SOURCE/BLOCEK/SOURCES.ZIP/PASJPEG/JCMARKER.PAS
/SOURCE/BLOCEK/SOURCES.ZIP/PASJPEG/JCMASTER.PAS
/SOURCE/BLOCEK/SOURCES.ZIP/PASJPEG/JCOMAPI.PAS
/SOURCE/BLOCEK/SOURCES.ZIP/PASJPEG/JCONFIG.BAK
/SOURCE/BLOCEK/SOURCES.ZIP/PASJPEG/JCONFIG.INC
/SOURCE/BLOCEK/SOURCES.ZIP/PASJPEG/JCONSTS.PAS
/SOURCE/BLOCEK/SOURCES.ZIP/PASJPEG/JCPARAM.PAS
/SOURCE/BLOCEK/SOURCES.ZIP/PASJPEG/JCPHUFF.PAS
/SOURCE/BLOCEK/SOURCES.ZIP/PASJPEG/JCPREPCT.PAS
/SOURCE/BLOCEK/SOURCES.ZIP/PASJPEG/JCSAMPLE.PAS
/SOURCE/BLOCEK/SOURCES.ZIP/PASJPEG/JCTRANS.PAS
/SOURCE/BLOCEK/SOURCES.ZIP/PASJPEG/JDAPIMIN.PAS
/SOURCE/BLOCEK/SOURCES.ZIP/PASJPEG/JDAPISTD.PAS
/SOURCE/BLOCEK/SOURCES.ZIP/PASJPEG/JDATADST.BAK
/SOURCE/BLOCEK/SOURCES.ZIP/PASJPEG/JDATADST.PAS
/SOURCE/BLOCEK/SOURCES.ZIP/PASJPEG/JDATASRC.PAS
/SOURCE/BLOCEK/SOURCES.ZIP/PASJPEG/JDCOEFCT.PAS
/SOURCE/BLOCEK/SOURCES.ZIP/PASJPEG/JDCOLOR.PAS
/SOURCE/BLOCEK/SOURCES.ZIP/PASJPEG/JDCT.PAS
/SOURCE/BLOCEK/SOURCES.ZIP/PASJPEG/JDDCTMGR.PAS
/SOURCE/BLOCEK/SOURCES.ZIP/PASJPEG/JDEFERR.PAS
/SOURCE/BLOCEK/SOURCES.ZIP/PASJPEG/JDHUFF.PAS
/SOURCE/BLOCEK/SOURCES.ZIP/PASJPEG/JDINPUT.PAS
/SOURCE/BLOCEK/SOURCES.ZIP/PASJPEG/JDMAINCT.PAS
/SOURCE/BLOCEK/SOURCES.ZIP/PASJPEG/JDMARKER.PAS
/SOURCE/BLOCEK/SOURCES.ZIP/PASJPEG/JDMASTER.PAS
/SOURCE/BLOCEK/SOURCES.ZIP/PASJPEG/JDMERGE.PAS
/SOURCE/BLOCEK/SOURCES.ZIP/PASJPEG/JDPHUFF.PAS
/SOURCE/BLOCEK/SOURCES.ZIP/PASJPEG/JDPOSTCT.PAS
/SOURCE/BLOCEK/SOURCES.ZIP/PASJPEG/JDSAMPLE.PAS
/SOURCE/BLOCEK/SOURCES.ZIP/PASJPEG/JDTRANS.PAS
/SOURCE/BLOCEK/SOURCES.ZIP/PASJPEG/JERROR.PAS
/SOURCE/BLOCEK/SOURCES.ZIP/PASJPEG/JFDCTFLT.PAS
/SOURCE/BLOCEK/SOURCES.ZIP/PASJPEG/JFDCTFST.PAS
/SOURCE/BLOCEK/SOURCES.ZIP/PASJPEG/JFDCTINT.PAS
/SOURCE/BLOCEK/SOURCES.ZIP/PASJPEG/JIDCT2D.PAS
/SOURCE/BLOCEK/SOURCES.ZIP/PASJPEG/JIDCTASM.PAS
/SOURCE/BLOCEK/SOURCES.ZIP/PASJPEG/JIDCTFLT.PAS
/SOURCE/BLOCEK/SOURCES.ZIP/PASJPEG/JIDCTFST.PAS
/SOURCE/BLOCEK/SOURCES.ZIP/PASJPEG/JIDCTINT.PAS
/SOURCE/BLOCEK/SOURCES.ZIP/PASJPEG/JIDCTRED.PAS
/SOURCE/BLOCEK/SOURCES.ZIP/PASJPEG/JINCLUDE.BAK
/SOURCE/BLOCEK/SOURCES.ZIP/PASJPEG/JINCLUDE.PAS
/SOURCE/BLOCEK/SOURCES.ZIP/PASJPEG/JINCLUDX.PAS
/SOURCE/BLOCEK/SOURCES.ZIP/PASJPEG/JMEMDOS.PAS
/SOURCE/BLOCEK/SOURCES.ZIP/PASJPEG/JMEMDOSA.PAS
/SOURCE/BLOCEK/SOURCES.ZIP/PASJPEG/JMEMMGR.PAS
/SOURCE/BLOCEK/SOURCES.ZIP/PASJPEG/JMEMNOBS.PAS
/SOURCE/BLOCEK/SOURCES.ZIP/PASJPEG/JMEMSYS.PAS
/SOURCE/BLOCEK/SOURCES.ZIP/PASJPEG/JMORECFG.PAS
/SOURCE/BLOCEK/SOURCES.ZIP/PASJPEG/JPEG.PAS
/SOURCE/BLOCEK/SOURCES.ZIP/PASJPEG/JPEGLIB.PAS
/SOURCE/BLOCEK/SOURCES.ZIP/PASJPEG/JPEGTRAN.DOF
/SOURCE/BLOCEK/SOURCES.ZIP/PASJPEG/JPEGTRAN.DRC
/SOURCE/BLOCEK/SOURCES.ZIP/PASJPEG/JPEGTRAN.PAS
/SOURCE/BLOCEK/SOURCES.ZIP/PASJPEG/JPEGTRAN.RES
/SOURCE/BLOCEK/SOURCES.ZIP/PASJPEG/JPG_READ.BAK
/SOURCE/BLOCEK/SOURCES.ZIP/PASJPEG/JPG_READ.PAS
/SOURCE/BLOCEK/SOURCES.ZIP/PASJPEG/JQUANT1.PAS
/SOURCE/BLOCEK/SOURCES.ZIP/PASJPEG/JQUANT2.BAK
/SOURCE/BLOCEK/SOURCES.ZIP/PASJPEG/JQUANT2.PAS
/SOURCE/BLOCEK/SOURCES.ZIP/PASJPEG/JUTILS.PAS
/SOURCE/BLOCEK/SOURCES.ZIP/PASJPEG/LIBJPEG.DOC
/SOURCE/BLOCEK/SOURCES.ZIP/PASJPEG/MAKEFILE
/SOURCE/BLOCEK/SOURCES.ZIP/PASJPEG/MAKEFILE.FPC
/SOURCE/BLOCEK/SOURCES.ZIP/PASJPEG/PASJPEG.JPG
/SOURCE/BLOCEK/SOURCES.ZIP/PASJPEG/PASJPEG.PAS
/SOURCE/BLOCEK/SOURCES.ZIP/PASJPEG/PASJPEG.RAW
/SOURCE/BLOCEK/SOURCES.ZIP/PASJPEG/QTABLE1.IJG
/SOURCE/BLOCEK/SOURCES.ZIP/PASJPEG/RDBMP.PAS
/SOURCE/BLOCEK/SOURCES.ZIP/PASJPEG/RDCOLMAP.PAS
/SOURCE/BLOCEK/SOURCES.ZIP/PASJPEG/RDJPGCOM.PAS
/SOURCE/BLOCEK/SOURCES.ZIP/PASJPEG/RDPPM.PAS
/SOURCE/BLOCEK/SOURCES.ZIP/PASJPEG/RDSWITCH.PAS
/SOURCE/BLOCEK/SOURCES.ZIP/PASJPEG/RDTARGA.PAS
/SOURCE/BLOCEK/SOURCES.ZIP/PASJPEG/README.TXT
/SOURCE/BLOCEK/SOURCES.ZIP/PASJPEG/SCRIPT0.IJG
/SOURCE/BLOCEK/SOURCES.ZIP/PASJPEG/SCRIPT1.IJG
/SOURCE/BLOCEK/SOURCES.ZIP/PASJPEG/SCRIPT2.IJG
/SOURCE/BLOCEK/SOURCES.ZIP/PASJPEG/TEST.PAS
/SOURCE/BLOCEK/SOURCES.ZIP/PASJPEG/TEST1.DFM
/SOURCE/BLOCEK/SOURCES.ZIP/PASJPEG/TEST1.PAS
/SOURCE/BLOCEK/SOURCES.ZIP/PASJPEG/TESTPROJ.DOF
/SOURCE/BLOCEK/SOURCES.ZIP/PASJPEG/TESTPROJ.DPR
/SOURCE/BLOCEK/SOURCES.ZIP/PASJPEG/TESTPROJ.RES
/SOURCE/BLOCEK/SOURCES.ZIP/PASJPEG/TRANSUPP.PAS
/SOURCE/BLOCEK/SOURCES.ZIP/PASJPEG/WRBMP.PAS
/SOURCE/BLOCEK/SOURCES.ZIP/PASJPEG/WRJPGCOM.PAS
/SOURCE/BLOCEK/SOURCES.ZIP/PASJPEG/WRPPM.PAS
/SOURCE/BLOCEK/SOURCES.ZIP/PASJPEG/WRTARGA.PAS
/SOURCE/BLOCEK/SOURCES.ZIP/PASJPEG/__TOOL__.ERR
/SOURCE/BLOCEK/SOURCES.ZIP/PREPTEST.PAS
/SOURCE/BLOCEK/SOURCES.ZIP/REDEMO.PAS
/SOURCE/BLOCEK/SOURCES.ZIP/REZKLAV.BAK
/SOURCE/BLOCEK/SOURCES.ZIP/REZKLAV.INC
/SOURCE/BLOCEK/SOURCES.ZIP/REZKLAV.PAS
/SOURCE/BLOCEK/SOURCES.ZIP/SEDEMO.PAS
/SOURCE/BLOCEK/SOURCES.ZIP/SMOOTH.PAS
/SOURCE/BLOCEK/SOURCES.ZIP/SYSINFO.PAS
/SOURCE/BLOCEK/SOURCES.ZIP/SYSINFO.TXT
/SOURCE/BLOCEK/SOURCES.ZIP/TEDRADEK.PAS
/SOURCE/BLOCEK/SOURCES.ZIP/TEDRADKY.PAS
/SOURCE/BLOCEK/SOURCES.ZIP/TESTBL.PAS
/SOURCE/BLOCEK/SOURCES.ZIP/TEST_WMF.PAS
/SOURCE/BLOCEK/SOURCES.ZIP/TRANSLAT.TXT
/SOURCE/BLOCEK/SOURCES.ZIP/TTF2PCX/
/SOURCE/BLOCEK/SOURCES.ZIP/TTF2PCX/CHARACTE.CPP
/SOURCE/BLOCEK/SOURCES.ZIP/TTF2PCX/CHARACTE.H
/SOURCE/BLOCEK/SOURCES.ZIP/TTF2PCX/HXSTDERR.LOG
/SOURCE/BLOCEK/SOURCES.ZIP/TTF2PCX/PREVIEWB.CPP
/SOURCE/BLOCEK/SOURCES.ZIP/TTF2PCX/PREVIEWB.H
/SOURCE/BLOCEK/SOURCES.ZIP/TTF2PCX/README.TXT
/SOURCE/BLOCEK/SOURCES.ZIP/TTF2PCX/RES/
/SOURCE/BLOCEK/SOURCES.ZIP/TTF2PCX/RES/TTF2PCX.ICO
/SOURCE/BLOCEK/SOURCES.ZIP/TTF2PCX/RES/TTF2PCX.RC2
/SOURCE/BLOCEK/SOURCES.ZIP/TTF2PCX/RESOURCE.H
/SOURCE/BLOCEK/SOURCES.ZIP/TTF2PCX/STDAFX.CPP
/SOURCE/BLOCEK/SOURCES.ZIP/TTF2PCX/STDAFX.H
/SOURCE/BLOCEK/SOURCES.ZIP/TTF2PCX/TTF2PCX.CLW
/SOURCE/BLOCEK/SOURCES.ZIP/TTF2PCX/TTF2PCX.CPP
/SOURCE/BLOCEK/SOURCES.ZIP/TTF2PCX/TTF2PCX.DSP
/SOURCE/BLOCEK/SOURCES.ZIP/TTF2PCX/TTF2PCX.EXE
/SOURCE/BLOCEK/SOURCES.ZIP/TTF2PCX/TTF2PCX.H
/SOURCE/BLOCEK/SOURCES.ZIP/TTF2PCX/TTF2PCX.RC
/SOURCE/BLOCEK/SOURCES.ZIP/TTF2PCX/TTF2PCXD.CPP
/SOURCE/BLOCEK/SOURCES.ZIP/TTF2PCX/TTF2PCXD.H
/SOURCE/BLOCEK/SOURCES.ZIP/VAZNIK.PAS
/SOURCE/BLOCEK/SOURCES.ZIP/VENOM/
/SOURCE/BLOCEK/SOURCES.ZIP/VENOM/VENOMBNK.INC
/SOURCE/BLOCEK/SOURCES.ZIP/VENOM/VENOMCUR.INC
/SOURCE/BLOCEK/SOURCES.ZIP/VENOM/VENOMDDC.INC
/SOURCE/BLOCEK/SOURCES.ZIP/VENOM/VENOMGFX.PAS
/SOURCE/BLOCEK/SOURCES.ZIP/VENOM/VENOMGFX.TXT
/SOURCE/BLOCEK/SOURCES.ZIP/VENOM/VENOMGTF.PAS
/SOURCE/BLOCEK/SOURCES.ZIP/VENOM/VENOMMNG.PAS
/SOURCE/BLOCEK/SOURCES.ZIP/VENOM/VENOMPLU.PAS
/SOURCE/BLOCEK/SOURCES.ZIP/VENOM/VENOMPOL.INC
/SOURCE/BLOCEK/SOURCES.ZIP/VENOM/VESA_DDC.INC
/SOURCE/BLOCEK/SOURCES.ZIP/VENOM/VNMFNHLP.PAS
/SOURCE/BLOCEK/SOURCES.ZIP/VENOM/VNM_CHR.PAS
/SOURCE/BLOCEK/SOURCES.ZIP/VENOM/VNM_EXIF.PAS
/SOURCE/BLOCEK/SOURCES.ZIP/VENOM/VNM_FN.PAS
/SOURCE/BLOCEK/SOURCES.ZIP/VENOM/VNM_GIF.PAS
/SOURCE/BLOCEK/SOURCES.ZIP/VENOM/VNM_JPG.PAS
/SOURCE/BLOCEK/SOURCES.ZIP/VENOM/VNM_JPG2.PAS
/SOURCE/BLOCEK/SOURCES.ZIP/VENOM/VNM_PCX.PAS
/SOURCE/BLOCEK/SOURCES.ZIP/VENOM/VNM_PNG.PAS
/SOURCE/BLOCEK/SOURCES.ZIP/VENOM/VNM_VGA.PAS
/SOURCE/BLOCEK/SOURCES.ZIP/VENOM/VNM_WMF.PAS
/SOURCE/BLOCEK/SOURCES.ZIP/VENOM/pasjpeg/
/SOURCE/BLOCEK/SOURCES.ZIP/VENOM/pasjpeg/BUILDPAS.PP
/SOURCE/BLOCEK/SOURCES.ZIP/VENOM/pasjpeg/BUILDP~1.PP
/SOURCE/BLOCEK/SOURCES.ZIP/VENOM/pasjpeg/CDERROR.PAS
/SOURCE/BLOCEK/SOURCES.ZIP/VENOM/pasjpeg/CDJPEG.PAS
/SOURCE/BLOCEK/SOURCES.ZIP/VENOM/pasjpeg/CJPEG.DOF
/SOURCE/BLOCEK/SOURCES.ZIP/VENOM/pasjpeg/CJPEG.PAS
/SOURCE/BLOCEK/SOURCES.ZIP/VENOM/pasjpeg/CJPEG.RES
/SOURCE/BLOCEK/SOURCES.ZIP/VENOM/pasjpeg/DEMO.DOF
/SOURCE/BLOCEK/SOURCES.ZIP/VENOM/pasjpeg/DEMO.PAS
/SOURCE/BLOCEK/SOURCES.ZIP/VENOM/pasjpeg/DEMO.RES
/SOURCE/BLOCEK/SOURCES.ZIP/VENOM/pasjpeg/DJPEG.DOF
/SOURCE/BLOCEK/SOURCES.ZIP/VENOM/pasjpeg/DJPEG.PAS
/SOURCE/BLOCEK/SOURCES.ZIP/VENOM/pasjpeg/DJPEG.RES
/SOURCE/BLOCEK/SOURCES.ZIP/VENOM/pasjpeg/EXAMPLE.PAS
/SOURCE/BLOCEK/SOURCES.ZIP/VENOM/pasjpeg/FCACHE.PAS
/SOURCE/BLOCEK/SOURCES.ZIP/VENOM/pasjpeg/FPMAKE.INC
/SOURCE/BLOCEK/SOURCES.ZIP/VENOM/pasjpeg/FPMAKE.PP
/SOURCE/BLOCEK/SOURCES.ZIP/VENOM/pasjpeg/JCAPIMIN.PAS
/SOURCE/BLOCEK/SOURCES.ZIP/VENOM/pasjpeg/JCAPISTD.PAS
/SOURCE/BLOCEK/SOURCES.ZIP/VENOM/pasjpeg/JCCOEFCT.PAS
/SOURCE/BLOCEK/SOURCES.ZIP/VENOM/pasjpeg/JCCOLOR.PAS
/SOURCE/BLOCEK/SOURCES.ZIP/VENOM/pasjpeg/JCDCTMGR.PAS
/SOURCE/BLOCEK/SOURCES.ZIP/VENOM/pasjpeg/JCHUFF.PAS
/SOURCE/BLOCEK/SOURCES.ZIP/VENOM/pasjpeg/JCINIT.PAS
/SOURCE/BLOCEK/SOURCES.ZIP/VENOM/pasjpeg/JCMAINCT.PAS
/SOURCE/BLOCEK/SOURCES.ZIP/VENOM/pasjpeg/JCMARKER.PAS
/SOURCE/BLOCEK/SOURCES.ZIP/VENOM/pasjpeg/JCMASTER.PAS
/SOURCE/BLOCEK/SOURCES.ZIP/VENOM/pasjpeg/JCOMAPI.PAS
/SOURCE/BLOCEK/SOURCES.ZIP/VENOM/pasjpeg/JCONFIG.INC
/SOURCE/BLOCEK/SOURCES.ZIP/VENOM/pasjpeg/JCONFIG.bak
/SOURCE/BLOCEK/SOURCES.ZIP/VENOM/pasjpeg/JCONSTS.PAS
/SOURCE/BLOCEK/SOURCES.ZIP/VENOM/pasjpeg/JCPARAM.PAS
/SOURCE/BLOCEK/SOURCES.ZIP/VENOM/pasjpeg/JCPHUFF.PAS
/SOURCE/BLOCEK/SOURCES.ZIP/VENOM/pasjpeg/JCPREPCT.PAS
/SOURCE/BLOCEK/SOURCES.ZIP/VENOM/pasjpeg/JCSAMPLE.PAS
/SOURCE/BLOCEK/SOURCES.ZIP/VENOM/pasjpeg/JCTRANS.PAS
/SOURCE/BLOCEK/SOURCES.ZIP/VENOM/pasjpeg/JDAPIMIN.PAS
/SOURCE/BLOCEK/SOURCES.ZIP/VENOM/pasjpeg/JDAPISTD.PAS
/SOURCE/BLOCEK/SOURCES.ZIP/VENOM/pasjpeg/JDATADST.BAK
/SOURCE/BLOCEK/SOURCES.ZIP/VENOM/pasjpeg/JDATADST.PAS
/SOURCE/BLOCEK/SOURCES.ZIP/VENOM/pasjpeg/JDATASRC.PAS
/SOURCE/BLOCEK/SOURCES.ZIP/VENOM/pasjpeg/JDCOEFCT.PAS
/SOURCE/BLOCEK/SOURCES.ZIP/VENOM/pasjpeg/JDCOLOR.PAS
/SOURCE/BLOCEK/SOURCES.ZIP/VENOM/pasjpeg/JDCT.PAS
/SOURCE/BLOCEK/SOURCES.ZIP/VENOM/pasjpeg/JDDCTMGR.PAS
/SOURCE/BLOCEK/SOURCES.ZIP/VENOM/pasjpeg/JDEFERR.PAS
/SOURCE/BLOCEK/SOURCES.ZIP/VENOM/pasjpeg/JDHUFF.PAS
/SOURCE/BLOCEK/SOURCES.ZIP/VENOM/pasjpeg/JDINPUT.PAS
/SOURCE/BLOCEK/SOURCES.ZIP/VENOM/pasjpeg/JDMAINCT.PAS
/SOURCE/BLOCEK/SOURCES.ZIP/VENOM/pasjpeg/JDMARKER.PAS
/SOURCE/BLOCEK/SOURCES.ZIP/VENOM/pasjpeg/JDMASTER.PAS
/SOURCE/BLOCEK/SOURCES.ZIP/VENOM/pasjpeg/JDMERGE.PAS
/SOURCE/BLOCEK/SOURCES.ZIP/VENOM/pasjpeg/JDPHUFF.PAS
/SOURCE/BLOCEK/SOURCES.ZIP/VENOM/pasjpeg/JDPOSTCT.PAS
/SOURCE/BLOCEK/SOURCES.ZIP/VENOM/pasjpeg/JDSAMPLE.PAS
/SOURCE/BLOCEK/SOURCES.ZIP/VENOM/pasjpeg/JDTRANS.PAS
/SOURCE/BLOCEK/SOURCES.ZIP/VENOM/pasjpeg/JERROR.PAS
/SOURCE/BLOCEK/SOURCES.ZIP/VENOM/pasjpeg/JFDCTFLT.PAS
/SOURCE/BLOCEK/SOURCES.ZIP/VENOM/pasjpeg/JFDCTFST.PAS
/SOURCE/BLOCEK/SOURCES.ZIP/VENOM/pasjpeg/JFDCTINT.PAS
/SOURCE/BLOCEK/SOURCES.ZIP/VENOM/pasjpeg/JIDCT2D.PAS
/SOURCE/BLOCEK/SOURCES.ZIP/VENOM/pasjpeg/JIDCTASM.PAS
/SOURCE/BLOCEK/SOURCES.ZIP/VENOM/pasjpeg/JIDCTFLT.PAS
/SOURCE/BLOCEK/SOURCES.ZIP/VENOM/pasjpeg/JIDCTFST.PAS
/SOURCE/BLOCEK/SOURCES.ZIP/VENOM/pasjpeg/JIDCTINT.PAS
/SOURCE/BLOCEK/SOURCES.ZIP/VENOM/pasjpeg/JIDCTRED.PAS
/SOURCE/BLOCEK/SOURCES.ZIP/VENOM/pasjpeg/JINCLUDE.BAK
/SOURCE/BLOCEK/SOURCES.ZIP/VENOM/pasjpeg/JINCLUDE.PAS
/SOURCE/BLOCEK/SOURCES.ZIP/VENOM/pasjpeg/JMEMDOS.PAS
/SOURCE/BLOCEK/SOURCES.ZIP/VENOM/pasjpeg/JMEMDOSA.PAS
/SOURCE/BLOCEK/SOURCES.ZIP/VENOM/pasjpeg/JMEMMGR.PAS
/SOURCE/BLOCEK/SOURCES.ZIP/VENOM/pasjpeg/JMEMNOBS.PAS
/SOURCE/BLOCEK/SOURCES.ZIP/VENOM/pasjpeg/JMEMSYS.PAS
/SOURCE/BLOCEK/SOURCES.ZIP/VENOM/pasjpeg/JMORECFG.PAS
/SOURCE/BLOCEK/SOURCES.ZIP/VENOM/pasjpeg/JPEG.PAS
/SOURCE/BLOCEK/SOURCES.ZIP/VENOM/pasjpeg/JPEGLIB.PAS
/SOURCE/BLOCEK/SOURCES.ZIP/VENOM/pasjpeg/JPEGTRAN.DOF
/SOURCE/BLOCEK/SOURCES.ZIP/VENOM/pasjpeg/JPEGTRAN.DRC
/SOURCE/BLOCEK/SOURCES.ZIP/VENOM/pasjpeg/JPEGTRAN.PAS
/SOURCE/BLOCEK/SOURCES.ZIP/VENOM/pasjpeg/JPEGTRAN.RES
/SOURCE/BLOCEK/SOURCES.ZIP/VENOM/pasjpeg/JPG_READ.BAK
/SOURCE/BLOCEK/SOURCES.ZIP/VENOM/pasjpeg/JPG_READ.PAS
/SOURCE/BLOCEK/SOURCES.ZIP/VENOM/pasjpeg/JQUANT1.PAS
/SOURCE/BLOCEK/SOURCES.ZIP/VENOM/pasjpeg/JQUANT2.BAK
/SOURCE/BLOCEK/SOURCES.ZIP/VENOM/pasjpeg/JQUANT2.PAS
/SOURCE/BLOCEK/SOURCES.ZIP/VENOM/pasjpeg/JUTILS.PAS
/SOURCE/BLOCEK/SOURCES.ZIP/VENOM/pasjpeg/LIBJPEG.DOC
/SOURCE/BLOCEK/SOURCES.ZIP/VENOM/pasjpeg/Makefile
/SOURCE/BLOCEK/SOURCES.ZIP/VENOM/pasjpeg/Makefile.fpc
/SOURCE/BLOCEK/SOURCES.ZIP/VENOM/pasjpeg/PASJPEG.PAS
/SOURCE/BLOCEK/SOURCES.ZIP/VENOM/pasjpeg/PasJpeg.raw
/SOURCE/BLOCEK/SOURCES.ZIP/VENOM/pasjpeg/QTABLE1.IJG
/SOURCE/BLOCEK/SOURCES.ZIP/VENOM/pasjpeg/RDBMP.PAS
/SOURCE/BLOCEK/SOURCES.ZIP/VENOM/pasjpeg/RDCOLMAP.PAS
/SOURCE/BLOCEK/SOURCES.ZIP/VENOM/pasjpeg/RDJPGCOM.PAS
/SOURCE/BLOCEK/SOURCES.ZIP/VENOM/pasjpeg/RDPPM.PAS
/SOURCE/BLOCEK/SOURCES.ZIP/VENOM/pasjpeg/RDSWITCH.PAS
/SOURCE/BLOCEK/SOURCES.ZIP/VENOM/pasjpeg/RDTARGA.PAS
/SOURCE/BLOCEK/SOURCES.ZIP/VENOM/pasjpeg/README.TXT
/SOURCE/BLOCEK/SOURCES.ZIP/VENOM/pasjpeg/SCRIPT0.IJG
/SOURCE/BLOCEK/SOURCES.ZIP/VENOM/pasjpeg/SCRIPT1.IJG
/SOURCE/BLOCEK/SOURCES.ZIP/VENOM/pasjpeg/SCRIPT2.IJG
/SOURCE/BLOCEK/SOURCES.ZIP/VENOM/pasjpeg/TEST.PAS
/SOURCE/BLOCEK/SOURCES.ZIP/VENOM/pasjpeg/TEST1.DFM
/SOURCE/BLOCEK/SOURCES.ZIP/VENOM/pasjpeg/TEST1.PAS
/SOURCE/BLOCEK/SOURCES.ZIP/VENOM/pasjpeg/TESTPROJ.DOF
/SOURCE/BLOCEK/SOURCES.ZIP/VENOM/pasjpeg/TESTPROJ.DPR
/SOURCE/BLOCEK/SOURCES.ZIP/VENOM/pasjpeg/TESTPROJ.RES
/SOURCE/BLOCEK/SOURCES.ZIP/VENOM/pasjpeg/TRANSUPP.PAS
/SOURCE/BLOCEK/SOURCES.ZIP/VENOM/pasjpeg/WRBMP.PAS
/SOURCE/BLOCEK/SOURCES.ZIP/VENOM/pasjpeg/WRJPGCOM.PAS
/SOURCE/BLOCEK/SOURCES.ZIP/VENOM/pasjpeg/WRPPM.PAS
/SOURCE/BLOCEK/SOURCES.ZIP/VENOM/pasjpeg/WRTARGA.PAS
/SOURCE/BLOCEK/SOURCES.ZIP/VENOM/pasjpeg/buildpasjpeg.pp
/SOURCE/BLOCEK/SOURCES.ZIP/VENOM/pasjpeg/jiNCLUDx.PAS
/SOURCE/BLOCEK/SOURCES.ZIP/VENOMBNK.IN~
/SOURCE/BLOCEK/SOURCES.ZIP/VENOMBNK.INC
/SOURCE/BLOCEK/SOURCES.ZIP/VENOMCUR.INC
/SOURCE/BLOCEK/SOURCES.ZIP/VENOMDDC.INC
/SOURCE/BLOCEK/SOURCES.ZIP/VENOMGFX.PAS
/SOURCE/BLOCEK/SOURCES.ZIP/VENOMGFX.TXT
/SOURCE/BLOCEK/SOURCES.ZIP/VENOMGTF.PAS
/SOURCE/BLOCEK/SOURCES.ZIP/VENOMJPG.INC
/SOURCE/BLOCEK/SOURCES.ZIP/VENOMMNG.PAS
/SOURCE/BLOCEK/SOURCES.ZIP/VENOMPLU.PAS
/SOURCE/BLOCEK/SOURCES.ZIP/VENOMPNG.INC
/SOURCE/BLOCEK/SOURCES.ZIP/VENOMPOL.INC
/SOURCE/BLOCEK/SOURCES.ZIP/VESA_DDC.INC
/SOURCE/BLOCEK/SOURCES.ZIP/VLAJKY/
/SOURCE/BLOCEK/SOURCES.ZIP/VLAJKY/CZ1.PCX
/SOURCE/BLOCEK/SOURCES.ZIP/VLAJKY/CZ2.PCX
/SOURCE/BLOCEK/SOURCES.ZIP/VLAJKY/FR1.PCX
/SOURCE/BLOCEK/SOURCES.ZIP/VLAJKY/FR2.PCX
/SOURCE/BLOCEK/SOURCES.ZIP/VLAJKY/PL1.PCX
/SOURCE/BLOCEK/SOURCES.ZIP/VLAJKY/PL2.PCX
/SOURCE/BLOCEK/SOURCES.ZIP/VLAJKY/PREVOD.BAT
/SOURCE/BLOCEK/SOURCES.ZIP/VLAJKY/VLAJKY.TXT
/SOURCE/BLOCEK/SOURCES.ZIP/VLAJKY.KKH
/SOURCE/BLOCEK/SOURCES.ZIP/VNM_CHR.PAS
/SOURCE/BLOCEK/SOURCES.ZIP/VNM_EXIF.PAS
/SOURCE/BLOCEK/SOURCES.ZIP/VNMFNHLP.PAS
/SOURCE/BLOCEK/SOURCES.ZIP/VNM_FN.PAS
/SOURCE/BLOCEK/SOURCES.ZIP/VNM_GIF.PAS
/SOURCE/BLOCEK/SOURCES.ZIP/VNM_JPG2.BAK
/SOURCE/BLOCEK/SOURCES.ZIP/VNM_JPG2.PAS
/SOURCE/BLOCEK/SOURCES.ZIP/VNM_JPG.PAS
/SOURCE/BLOCEK/SOURCES.ZIP/VNM_PCX.PAS
/SOURCE/BLOCEK/SOURCES.ZIP/VNM_PNG.PAS
/SOURCE/BLOCEK/SOURCES.ZIP/VNM_VGA.PAS
/SOURCE/BLOCEK/SOURCES.ZIP/VNM_WMF.PAS
/SOURCE/BLOCEK/SOURCES.ZIP/VWDEMO.JPG
/SOURCE/BLOCEK/SOURCES.ZIP/VWDEMO.PAS
/SOURCE/BLOCEK/SOURCES.ZIP/WOKNA32.CZ
/SOURCE/BLOCEK/SOURCES.ZIP/WOKNA32.EN
/SOURCE/BLOCEK/SOURCES.ZIP/WOKNA32.INC
/SOURCE/BLOCEK/SOURCES.ZIP/WOKNA32.PAS
/SOURCE/BLOCEK/SOURCES.ZIP/WOKNA32.RU
/SOURCE/BLOCEK/SOURCES.ZIP/ZVIRATA.DAT
