/
/APPINFO/
/APPINFO/BOOM.DE
/APPINFO/BOOM.FR
/APPINFO/BOOM.LSM
/APPINFO/BOOM.SV
/APPINFO/BOOM.TR
/GAMES/
/GAMES/BOOM/
/GAMES/BOOM/ABOUT.TXT
/GAMES/BOOM/ASETUP.EXE
/GAMES/BOOM/BOOM.CFG
/GAMES/BOOM/BOOM.EXE
/GAMES/BOOM/BOOM.TXT
/GAMES/BOOM/BOOMDEH.TXT
/GAMES/BOOM/BOOMREF.TXT
/GAMES/BOOM/COPYING
/GAMES/BOOM/CWSDPMI.EXE
/GAMES/BOOM/DOOM.WAD
/GAMES/BOOM/GO32-V2.EXE
/GAMES/BOOM/IPXBOOM.EXE
/GAMES/BOOM/KEYCODE.EXE
/GAMES/BOOM/SERBOOM.EXE
/GAMES/BOOM/SNDDRVR.TXT
/GAMES/BOOM/TRANMAP.DAT
/SOURCE/
/SOURCE/BOOM/
/SOURCE/BOOM/SOURCES.ZIP/
/SOURCE/BOOM/SOURCES.ZIP/ABOUT.TXT
/SOURCE/BOOM/SOURCES.ZIP/ALLEGRO.H
/SOURCE/BOOM/SOURCES.ZIP/AM_MAP.C
/SOURCE/BOOM/SOURCES.ZIP/AM_MAP.H
/SOURCE/BOOM/SOURCES.ZIP/BIN2C.C
/SOURCE/BOOM/SOURCES.ZIP/BMP2C.C
/SOURCE/BOOM/SOURCES.ZIP/BOOK.OLD
/SOURCE/BOOM/SOURCES.ZIP/BOOMDEH.TXT
/SOURCE/BOOM/SOURCES.ZIP/BOOMREF.TXT
/SOURCE/BOOM/SOURCES.ZIP/BOOM.TXT
/SOURCE/BOOM/SOURCES.ZIP/CHANGES.OLD
/SOURCE/BOOM/SOURCES.ZIP/COMMON.CFG
/SOURCE/BOOM/SOURCES.ZIP/COPYING
/SOURCE/BOOM/SOURCES.ZIP/DCKBOOM.TXT
/SOURCE/BOOM/SOURCES.ZIP/D_DEH.C
/SOURCE/BOOM/SOURCES.ZIP/D_DEH.H
/SOURCE/BOOM/SOURCES.ZIP/DEFSWANI.DAT
/SOURCE/BOOM/SOURCES.ZIP/D_ENGLSH.H
/SOURCE/BOOM/SOURCES.ZIP/D_EVENT.H
/SOURCE/BOOM/SOURCES.ZIP/D_FRENCH.H
/SOURCE/BOOM/SOURCES.ZIP/D_ITEMS.C
/SOURCE/BOOM/SOURCES.ZIP/D_ITEMS.H
/SOURCE/BOOM/SOURCES.ZIP/D_MAIN.C
/SOURCE/BOOM/SOURCES.ZIP/D_MAIN.H
/SOURCE/BOOM/SOURCES.ZIP/D_NET.C
/SOURCE/BOOM/SOURCES.ZIP/D_NET.H
/SOURCE/BOOM/SOURCES.ZIP/DOOM17.DAT
/SOURCE/BOOM/SOURCES.ZIP/DOOM19.DAT
/SOURCE/BOOM/SOURCES.ZIP/DOOMDATA.H
/SOURCE/BOOM/SOURCES.ZIP/DOOMDEF.C
/SOURCE/BOOM/SOURCES.ZIP/DOOMDEF.H
/SOURCE/BOOM/SOURCES.ZIP/DOOMSTAT.C
/SOURCE/BOOM/SOURCES.ZIP/DOOMSTAT.H
/SOURCE/BOOM/SOURCES.ZIP/DOOMTYPE.H
/SOURCE/BOOM/SOURCES.ZIP/D_PLAYER.H
/SOURCE/BOOM/SOURCES.ZIP/DRAWCOL.S
/SOURCE/BOOM/SOURCES.ZIP/DRAWSPAN.S
/SOURCE/BOOM/SOURCES.ZIP/DSTRINGS.C
/SOURCE/BOOM/SOURCES.ZIP/DSTRINGS.H
/SOURCE/BOOM/SOURCES.ZIP/D_TEXTUR.H
/SOURCE/BOOM/SOURCES.ZIP/D_THINK.H
/SOURCE/BOOM/SOURCES.ZIP/D_TICCMD.H
/SOURCE/BOOM/SOURCES.ZIP/EMU8K.H
/SOURCE/BOOM/SOURCES.ZIP/EMU8KMID.C
/SOURCE/BOOM/SOURCES.ZIP/F_FINALE.C
/SOURCE/BOOM/SOURCES.ZIP/F_FINALE.H
/SOURCE/BOOM/SOURCES.ZIP/F_WIPE.C
/SOURCE/BOOM/SOURCES.ZIP/F_WIPE.H
/SOURCE/BOOM/SOURCES.ZIP/G_GAME.C
/SOURCE/BOOM/SOURCES.ZIP/G_GAME.H
/SOURCE/BOOM/SOURCES.ZIP/HU_LIB.C
/SOURCE/BOOM/SOURCES.ZIP/HU_LIB.H
/SOURCE/BOOM/SOURCES.ZIP/HU_STUFF.C
/SOURCE/BOOM/SOURCES.ZIP/HU_STUFF.H
/SOURCE/BOOM/SOURCES.ZIP/I_MAIN.C
/SOURCE/BOOM/SOURCES.ZIP/I_NET.C
/SOURCE/BOOM/SOURCES.ZIP/I_NET.H
/SOURCE/BOOM/SOURCES.ZIP/INFO.C
/SOURCE/BOOM/SOURCES.ZIP/INFO.H
/SOURCE/BOOM/SOURCES.ZIP/INTERNAL.H
/SOURCE/BOOM/SOURCES.ZIP/INTERNDJ.H
/SOURCE/BOOM/SOURCES.ZIP/I_SOUND.C
/SOURCE/BOOM/SOURCES.ZIP/I_SOUND.H
/SOURCE/BOOM/SOURCES.ZIP/I_SYSTEM.C
/SOURCE/BOOM/SOURCES.ZIP/I_SYSTEM.H
/SOURCE/BOOM/SOURCES.ZIP/I_VIDEO.C
/SOURCE/BOOM/SOURCES.ZIP/I_VIDEO.H
/SOURCE/BOOM/SOURCES.ZIP/KEYBOARD.C
/SOURCE/BOOM/SOURCES.ZIP/LIMITS.TXT
/SOURCE/BOOM/SOURCES.ZIP/LOG_JFF.TXT
/SOURCE/BOOM/SOURCES.ZIP/LOG_LEE.TXT
/SOURCE/BOOM/SOURCES.ZIP/LOG_RSP.TXT
/SOURCE/BOOM/SOURCES.ZIP/LOG_TY.TXT
/SOURCE/BOOM/SOURCES.ZIP/LPRINTF.C
/SOURCE/BOOM/SOURCES.ZIP/LPRINTF.H
/SOURCE/BOOM/SOURCES.ZIP/MAKEFILE
/SOURCE/BOOM/SOURCES.ZIP/M_ARGV.C
/SOURCE/BOOM/SOURCES.ZIP/M_ARGV.H
/SOURCE/BOOM/SOURCES.ZIP/M_BBOX.C
/SOURCE/BOOM/SOURCES.ZIP/M_BBOX.H
/SOURCE/BOOM/SOURCES.ZIP/M_CHEAT.C
/SOURCE/BOOM/SOURCES.ZIP/M_CHEAT.H
/SOURCE/BOOM/SOURCES.ZIP/M_FIXED.H
/SOURCE/BOOM/SOURCES.ZIP/M_MENU.C
/SOURCE/BOOM/SOURCES.ZIP/M_MENU.H
/SOURCE/BOOM/SOURCES.ZIP/M_MISC.C
/SOURCE/BOOM/SOURCES.ZIP/M_MISC.H
/SOURCE/BOOM/SOURCES.ZIP/MMUS2MID.C
/SOURCE/BOOM/SOURCES.ZIP/MMUS2MID.H
/SOURCE/BOOM/SOURCES.ZIP/M_RANDOM.C
/SOURCE/BOOM/SOURCES.ZIP/M_RANDOM.H
/SOURCE/BOOM/SOURCES.ZIP/M_SWAP.H
/SOURCE/BOOM/SOURCES.ZIP/P_CEILNG.C
/SOURCE/BOOM/SOURCES.ZIP/P_DOORS.C
/SOURCE/BOOM/SOURCES.ZIP/P_ENEMY.C
/SOURCE/BOOM/SOURCES.ZIP/P_ENEMY.H
/SOURCE/BOOM/SOURCES.ZIP/P_FLOOR.C
/SOURCE/BOOM/SOURCES.ZIP/P_GENLIN.C
/SOURCE/BOOM/SOURCES.ZIP/P_INTER.C
/SOURCE/BOOM/SOURCES.ZIP/P_INTER.H
/SOURCE/BOOM/SOURCES.ZIP/P_LIGHTS.C
/SOURCE/BOOM/SOURCES.ZIP/P_MAP.C
/SOURCE/BOOM/SOURCES.ZIP/P_MAP.H
/SOURCE/BOOM/SOURCES.ZIP/P_MAPUTL.C
/SOURCE/BOOM/SOURCES.ZIP/P_MAPUTL.H
/SOURCE/BOOM/SOURCES.ZIP/P_MOBJ.C
/SOURCE/BOOM/SOURCES.ZIP/P_MOBJ.H
/SOURCE/BOOM/SOURCES.ZIP/P_PLATS.C
/SOURCE/BOOM/SOURCES.ZIP/PPROBLIT.S
/SOURCE/BOOM/SOURCES.ZIP/P_PSPR.C
/SOURCE/BOOM/SOURCES.ZIP/P_PSPR.H
/SOURCE/BOOM/SOURCES.ZIP/P_SAVEG.C
/SOURCE/BOOM/SOURCES.ZIP/P_SAVEG.H
/SOURCE/BOOM/SOURCES.ZIP/P_SETUP.C
/SOURCE/BOOM/SOURCES.ZIP/P_SETUP.H
/SOURCE/BOOM/SOURCES.ZIP/P_SIGHT.C
/SOURCE/BOOM/SOURCES.ZIP/P_SPEC.C
/SOURCE/BOOM/SOURCES.ZIP/P_SPEC.H
/SOURCE/BOOM/SOURCES.ZIP/P_SWITCH.C
/SOURCE/BOOM/SOURCES.ZIP/P_TELEPT.C
/SOURCE/BOOM/SOURCES.ZIP/P_TICK.C
/SOURCE/BOOM/SOURCES.ZIP/P_TICK.H
/SOURCE/BOOM/SOURCES.ZIP/P_USER.C
/SOURCE/BOOM/SOURCES.ZIP/P_USER.H
/SOURCE/BOOM/SOURCES.ZIP/R_BSP.C
/SOURCE/BOOM/SOURCES.ZIP/R_BSP.H
/SOURCE/BOOM/SOURCES.ZIP/R_DATA.C
/SOURCE/BOOM/SOURCES.ZIP/R_DATA.H
/SOURCE/BOOM/SOURCES.ZIP/R_DEFS.H
/SOURCE/BOOM/SOURCES.ZIP/R_DRAW.C
/SOURCE/BOOM/SOURCES.ZIP/R_DRAW.H
/SOURCE/BOOM/SOURCES.ZIP/README.OLD
/SOURCE/BOOM/SOURCES.ZIP/R_MAIN.C
/SOURCE/BOOM/SOURCES.ZIP/R_MAIN.H
/SOURCE/BOOM/SOURCES.ZIP/R_PLANE.C
/SOURCE/BOOM/SOURCES.ZIP/R_PLANE.H
/SOURCE/BOOM/SOURCES.ZIP/R_SEGS.C
/SOURCE/BOOM/SOURCES.ZIP/R_SEGS.H
/SOURCE/BOOM/SOURCES.ZIP/R_SKY.C
/SOURCE/BOOM/SOURCES.ZIP/R_SKY.H
/SOURCE/BOOM/SOURCES.ZIP/R_STATE.H
/SOURCE/BOOM/SOURCES.ZIP/R_THINGS.C
/SOURCE/BOOM/SOURCES.ZIP/R_THINGS.H
/SOURCE/BOOM/SOURCES.ZIP/SNDDRVR.TXT
/SOURCE/BOOM/SOURCES.ZIP/SOUNDS.C
/SOURCE/BOOM/SOURCES.ZIP/SOUNDS.H
/SOURCE/BOOM/SOURCES.ZIP/SOUNDS.OLD
/SOURCE/BOOM/SOURCES.ZIP/S_SOUND.C
/SOURCE/BOOM/SOURCES.ZIP/S_SOUND.H
/SOURCE/BOOM/SOURCES.ZIP/ST_LIB.C
/SOURCE/BOOM/SOURCES.ZIP/ST_LIB.H
/SOURCE/BOOM/SOURCES.ZIP/ST_STUFF.C
/SOURCE/BOOM/SOURCES.ZIP/ST_STUFF.H
/SOURCE/BOOM/SOURCES.ZIP/SWANTBLS.C
/SOURCE/BOOM/SOURCES.ZIP/TABLES.C
/SOURCE/BOOM/SOURCES.ZIP/TABLES.H
/SOURCE/BOOM/SOURCES.ZIP/VERSION.C
/SOURCE/BOOM/SOURCES.ZIP/VERSION.H
/SOURCE/BOOM/SOURCES.ZIP/V_VIDEO.C
/SOURCE/BOOM/SOURCES.ZIP/V_VIDEO.H
/SOURCE/BOOM/SOURCES.ZIP/WI_STUFF.C
/SOURCE/BOOM/SOURCES.ZIP/WI_STUFF.H
/SOURCE/BOOM/SOURCES.ZIP/W_WAD.C
/SOURCE/BOOM/SOURCES.ZIP/W_WAD.H
/SOURCE/BOOM/SOURCES.ZIP/Z_ZONE.C
/SOURCE/BOOM/SOURCES.ZIP/Z_ZONE.H
