/
/APPINFO/
/APPINFO/BOOTFIX.DE
/APPINFO/BOOTFIX.FR
/APPINFO/BOOTFIX.LSM
/APPINFO/BOOTFIX.SV
/APPINFO/BOOTFIX.TR
/BIN/
/BIN/BOOTFIX.COM
/DOC/
/DOC/BOOTFIX/
/DOC/BOOTFIX/COPYING
/DOC/BOOTFIX/PLANS.TXT
/SOURCE/
/SOURCE/BOOTFIX/
/SOURCE/BOOTFIX/SOURCES.ZIP/
/SOURCE/BOOTFIX/SOURCES.ZIP/BOOTFIX.CPP
/SOURCE/BOOTFIX/SOURCES.ZIP/BOOTFIX.H
/SOURCE/BOOTFIX/SOURCES.ZIP/CC-BC.BAT
/SOURCE/BOOTFIX/SOURCES.ZIP/CC-WC.BAT
/SOURCE/BOOTFIX/SOURCES.ZIP/DISKIO.INC
/SOURCE/BOOTFIX/SOURCES.ZIP/GETBPB.INC
/SOURCE/BOOTFIX/SOURCES.ZIP/MALLOC.INC
/SOURCE/BOOTFIX/SOURCES.ZIP/SETUPIO.IB
/SOURCE/BOOTFIX/SOURCES.ZIP/TURBOC.CFG
/SOURCE/BOOTFIX/SOURCES.ZIP/WATCOMC.CFG
