/
/APPINFO/
/APPINFO/BZ2.DE
/APPINFO/BZ2.FR
/APPINFO/BZ2.LSM
/APPINFO/BZ2.SV
/APPINFO/BZ2.TR
/BIN/
/BIN/BUNZIP2.EXE
/BIN/BZCAT.EXE
/BIN/BZIP2.EXE
/BIN/BZIP2REC.EXE
/DOC/
/DOC/BZ2/
/DOC/BZ2/LICENSE
/DOC/BZ2/MANUAL.HTM
/DOC/BZ2/MANUAL.PDF
/DOC/BZ2/MANUAL.PS
/DOC/BZ2/README
/DOC/BZ2/README.DJ
/SOURCE/
/SOURCE/BZ2/
/SOURCE/BZ2/SOURCES.ZIP/
/SOURCE/BZ2/SOURCES.ZIP/blocksort.c
/SOURCE/BZ2/SOURCES.ZIP/bz-common.xsl
/SOURCE/BZ2/SOURCES.ZIP/bzdiff
/SOURCE/BZ2/SOURCES.ZIP/bzdiff.1
/SOURCE/BZ2/SOURCES.ZIP/bz-fo.xsl
/SOURCE/BZ2/SOURCES.ZIP/bzgrep
/SOURCE/BZ2/SOURCES.ZIP/bzgrep.1
/SOURCE/BZ2/SOURCES.ZIP/bz-html.xsl
/SOURCE/BZ2/SOURCES.ZIP/bzip2.1
/SOURCE/BZ2/SOURCES.ZIP/bzip2.c
/SOURCE/BZ2/SOURCES.ZIP/bzip2recover.c
/SOURCE/BZ2/SOURCES.ZIP/bzip.css
/SOURCE/BZ2/SOURCES.ZIP/bzlib.c
/SOURCE/BZ2/SOURCES.ZIP/bzlib.h
/SOURCE/BZ2/SOURCES.ZIP/bzlib_private.h
/SOURCE/BZ2/SOURCES.ZIP/bzmore
/SOURCE/BZ2/SOURCES.ZIP/bzmore.1
/SOURCE/BZ2/SOURCES.ZIP/changes
/SOURCE/BZ2/SOURCES.ZIP/compress.c
/SOURCE/BZ2/SOURCES.ZIP/crctable.c
/SOURCE/BZ2/SOURCES.ZIP/decompress.c
/SOURCE/BZ2/SOURCES.ZIP/djgpp/
/SOURCE/BZ2/SOURCES.ZIP/djgpp/diffs
/SOURCE/BZ2/SOURCES.ZIP/djgpp/readme
/SOURCE/BZ2/SOURCES.ZIP/entities.xml
/SOURCE/BZ2/SOURCES.ZIP/format.pl
/SOURCE/BZ2/SOURCES.ZIP/huffman.c
/SOURCE/BZ2/SOURCES.ZIP/include/
/SOURCE/BZ2/SOURCES.ZIP/include/bzlib.h
/SOURCE/BZ2/SOURCES.ZIP/lib/
/SOURCE/BZ2/SOURCES.ZIP/lib/libbz2.a
/SOURCE/BZ2/SOURCES.ZIP/license
/SOURCE/BZ2/SOURCES.ZIP/Makefile
/SOURCE/BZ2/SOURCES.ZIP/manifest/
/SOURCE/BZ2/SOURCES.ZIP/manifest/bz2-108a.dsm
/SOURCE/BZ2/SOURCES.ZIP/manifest/bz2-108a.mft
/SOURCE/BZ2/SOURCES.ZIP/manifest/bz2-108a.ver
/SOURCE/BZ2/SOURCES.ZIP/manifest/bz2-108b.dsm
/SOURCE/BZ2/SOURCES.ZIP/manifest/bz2-108b.mft
/SOURCE/BZ2/SOURCES.ZIP/manifest/bz2-108b.ver
/SOURCE/BZ2/SOURCES.ZIP/manifest/bz2-108d.dsm
/SOURCE/BZ2/SOURCES.ZIP/manifest/bz2-108d.mft
/SOURCE/BZ2/SOURCES.ZIP/manifest/bz2-108d.ver
/SOURCE/BZ2/SOURCES.ZIP/manifest/bz2-108s.dsm
/SOURCE/BZ2/SOURCES.ZIP/manifest/bz2-108s.mft
/SOURCE/BZ2/SOURCES.ZIP/manifest/bz2-108s.ver
/SOURCE/BZ2/SOURCES.ZIP/manual.xml
/SOURCE/BZ2/SOURCES.ZIP/mk251.c
/SOURCE/BZ2/SOURCES.ZIP/randtable.c
/SOURCE/BZ2/SOURCES.ZIP/readme
/SOURCE/BZ2/SOURCES.ZIP/README.COMPILATION.PROBLEMS
/SOURCE/BZ2/SOURCES.ZIP/README.XML.STUFF
/SOURCE/BZ2/SOURCES.ZIP/sample1.bz2
/SOURCE/BZ2/SOURCES.ZIP/sample1.ref
/SOURCE/BZ2/SOURCES.ZIP/sample2.bz2
/SOURCE/BZ2/SOURCES.ZIP/sample2.ref
/SOURCE/BZ2/SOURCES.ZIP/sample3.bz2
/SOURCE/BZ2/SOURCES.ZIP/sample3.ref
/SOURCE/BZ2/SOURCES.ZIP/share/
/SOURCE/BZ2/SOURCES.ZIP/share/man/
/SOURCE/BZ2/SOURCES.ZIP/share/man/cat1/
/SOURCE/BZ2/SOURCES.ZIP/share/man/cat1/bzcmp.1
/SOURCE/BZ2/SOURCES.ZIP/share/man/cat1/bzdiff.1
/SOURCE/BZ2/SOURCES.ZIP/share/man/cat1/bzegrep.1
/SOURCE/BZ2/SOURCES.ZIP/share/man/cat1/bzfgrep.1
/SOURCE/BZ2/SOURCES.ZIP/share/man/cat1/bzgrep.1
/SOURCE/BZ2/SOURCES.ZIP/share/man/cat1/bzip2.1
/SOURCE/BZ2/SOURCES.ZIP/share/man/cat1/bzless.1
/SOURCE/BZ2/SOURCES.ZIP/share/man/cat1/bzmore.1
/SOURCE/BZ2/SOURCES.ZIP/spewG.c
/SOURCE/BZ2/SOURCES.ZIP/unzcrash.c
/SOURCE/BZ2/SOURCES.ZIP/words0
/SOURCE/BZ2/SOURCES.ZIP/words1
/SOURCE/BZ2/SOURCES.ZIP/words2
/SOURCE/BZ2/SOURCES.ZIP/words3
/SOURCE/BZ2/SOURCES.ZIP/xmlproc.sh
