/
/APPINFO/
/APPINFO/CRYNWR.DE
/APPINFO/CRYNWR.FR
/APPINFO/CRYNWR.LSM
/APPINFO/CRYNWR.SV
/APPINFO/CRYNWR.TR
/DOC/
/DOC/CRYNWR/
/DOC/CRYNWR/3C507.DOC
/DOC/CRYNWR/ARCETHER.DOC
/DOC/CRYNWR/BIBLIO.DOC
/DOC/CRYNWR/BRIDGE.BAT
/DOC/CRYNWR/BRIDGE.DOC
/DOC/CRYNWR/BUGS.DOC
/DOC/CRYNWR/CHANGES
/DOC/CRYNWR/CHANGES.DOC
/DOC/CRYNWR/CRYNWR.TXT
/DOC/CRYNWR/CRYNWR.WAV
/DOC/CRYNWR/DESQVIEW.DOC
/DOC/CRYNWR/DIFFS
/DOC/CRYNWR/EP320XS.TXT
/DOC/CRYNWR/ETH_386.CMD
/DOC/CRYNWR/EXE2COM.DOC
/DOC/CRYNWR/FILELIST
/DOC/CRYNWR/FILES.LST
/DOC/CRYNWR/FTP/
/DOC/CRYNWR/FTP/CONFIG.SYS
/DOC/CRYNWR/FTP/PAKKET.BAT
/DOC/CRYNWR/FTP/PCTCP.INI
/DOC/CRYNWR/GOPHER.DOC
/DOC/CRYNWR/GPL.DOC
/DOC/CRYNWR/HOWTOGET.IT
/DOC/CRYNWR/INSTALL.DOC
/DOC/CRYNWR/IPXPKT.DOC
/DOC/CRYNWR/LICENSED.DOC
/DOC/CRYNWR/LMACREL.DOC
/DOC/CRYNWR/MANIFEST.DOC
/DOC/CRYNWR/NOVELL.DOC
/DOC/CRYNWR/ORDER.DOC
/DOC/CRYNWR/PACKET.DOC
/DOC/CRYNWR/PACKET_D.109
/DOC/CRYNWR/PCNTPK.MAP
/DOC/CRYNWR/PDETHER.DOC
/DOC/CRYNWR/PDETHER.LOG
/DOC/CRYNWR/PDIPX/
/DOC/CRYNWR/PDIPX/GOPKT.BAT
/DOC/CRYNWR/PI.DOC
/DOC/CRYNWR/PKTDLL.DOC
/DOC/CRYNWR/PKTPWR.DOC
/DOC/CRYNWR/PKTPWRR.DOC
/DOC/CRYNWR/PLIP.DOC
/DOC/CRYNWR/README
/DOC/CRYNWR/README.11C
/DOC/CRYNWR/README.1ST
/DOC/CRYNWR/README.TXT
/DOC/CRYNWR/RELEASE.DOC
/DOC/CRYNWR/RELEASE.TXT
/DOC/CRYNWR/RTSPKT.DOC
/DOC/CRYNWR/RTSPKT.TXT
/DOC/CRYNWR/SNMP.NOT
/DOC/CRYNWR/SOFTWARE.DOC
/DOC/CRYNWR/SUPPORT.DOC
/DOC/CRYNWR/TRAFGEN.TXT
/DOC/CRYNWR/TRAFMON.TXT
/DOC/CRYNWR/UUNET.DOC
/DOC/CRYNWR/VCS.CFG
/DOC/CRYNWR/WORKERS.DOC
/DRIVERS/
/DRIVERS/CRYNWR/
/DRIVERS/CRYNWR/3C501.COM
/DRIVERS/CRYNWR/3C503.COM
/DRIVERS/CRYNWR/3C505.COM
/DRIVERS/CRYNWR/3C507.COM
/DRIVERS/CRYNWR/3C509.COM
/DRIVERS/CRYNWR/3C523.COM
/DRIVERS/CRYNWR/AQUILA.COM
/DRIVERS/CRYNWR/AR450.COM
/DRIVERS/CRYNWR/ARCETHER.COM
/DRIVERS/CRYNWR/ARCNET.COM
/DRIVERS/CRYNWR/AT&T.COM
/DRIVERS/CRYNWR/AT&T_LP.COM
/DRIVERS/CRYNWR/AT1500.COM
/DRIVERS/CRYNWR/AT1700.COM
/DRIVERS/CRYNWR/C83815.COM
/DRIVERS/CRYNWR/CE3PD.COM
/DRIVERS/CRYNWR/CRYNWR.BAT
/DRIVERS/CRYNWR/CTRONDNI.COM
/DRIVERS/CRYNWR/DAVIDSYS.COM
/DRIVERS/CRYNWR/DC.COM
/DRIVERS/CRYNWR/DE600.COM
/DRIVERS/CRYNWR/DEPCA.COM
/DRIVERS/CRYNWR/DK86960.COM
/DRIVERS/CRYNWR/DK86965.COM
/DRIVERS/CRYNWR/DM9PCIPD.COM
/DRIVERS/CRYNWR/DUMP.EXE
/DRIVERS/CRYNWR/E100BPKT.COM
/DRIVERS/CRYNWR/E10PPKT.COM
/DRIVERS/CRYNWR/EEP10PKT.COM
/DRIVERS/CRYNWR/EN301.COM
/DRIVERS/CRYNWR/EPROPKT.COM
/DRIVERS/CRYNWR/ES3210.COM
/DRIVERS/CRYNWR/ETHERSL.COM
/DRIVERS/CRYNWR/ETHIIE.COM
/DRIVERS/CRYNWR/EXE2COM.EXE
/DRIVERS/CRYNWR/EXOS205.COM
/DRIVERS/CRYNWR/EXP16.COM
/DRIVERS/CRYNWR/EXPRESS.COM
/DRIVERS/CRYNWR/FEAPKT.COM
/DRIVERS/CRYNWR/HPPCLAN.COM
/DRIVERS/CRYNWR/HPPCLANP.COM
/DRIVERS/CRYNWR/IBMTOKEN.COM
/DRIVERS/CRYNWR/IPXPKT.COM
/DRIVERS/CRYNWR/IPXSTAT.EXE
/DRIVERS/CRYNWR/ISOLAN.COM
/DRIVERS/CRYNWR/ISOLINK.COM
/DRIVERS/CRYNWR/KODIAK16.COM
/DRIVERS/CRYNWR/KODIAK8.COM
/DRIVERS/CRYNWR/KODIAKK.COM
/DRIVERS/CRYNWR/LAN595.COM
/DRIVERS/CRYNWR/LOCALTLK.COM
/DRIVERS/CRYNWR/MACIPETH.COM
/DRIVERS/CRYNWR/MYLEX.COM
/DRIVERS/CRYNWR/NB.COM
/DRIVERS/CRYNWR/NCRET105.COM
/DRIVERS/CRYNWR/NE1000.COM
/DRIVERS/CRYNWR/NE2.COM
/DRIVERS/CRYNWR/NE2000.COM
/DRIVERS/CRYNWR/NE2100.COM
/DRIVERS/CRYNWR/NETX.EXE
/DRIVERS/CRYNWR/NI5010.COM
/DRIVERS/CRYNWR/NI5210.COM
/DRIVERS/CRYNWR/NI6510.COM
/DRIVERS/CRYNWR/NI9210.COM
/DRIVERS/CRYNWR/NOTEPORT.COM
/DRIVERS/CRYNWR/NTI16.COM
/DRIVERS/CRYNWR/PCLANA.COM
/DRIVERS/CRYNWR/PCNTPK.COM
/DRIVERS/CRYNWR/PDETHER.EXE
/DRIVERS/CRYNWR/PDIPX.COM
/DRIVERS/CRYNWR/PI.COM
/DRIVERS/CRYNWR/PKT8000.COM
/DRIVERS/CRYNWR/PKT8016.COM
/DRIVERS/CRYNWR/PKT8115.COM
/DRIVERS/CRYNWR/PKT8232.COM
/DRIVERS/CRYNWR/PKT9232.COM
/DRIVERS/CRYNWR/PKTADDR.COM
/DRIVERS/CRYNWR/PKTALL.COM
/DRIVERS/CRYNWR/PKTCHK.COM
/DRIVERS/CRYNWR/PKTD35.SYS
/DRIVERS/CRYNWR/PKTD40A.SYS
/DRIVERS/CRYNWR/PKTDLL.COM
/DRIVERS/CRYNWR/PKTMODE.COM
/DRIVERS/CRYNWR/PKTMULTI.COM
/DRIVERS/CRYNWR/PKTPWR.COM
/DRIVERS/CRYNWR/PKTSEND.COM
/DRIVERS/CRYNWR/PKTSTAT.COM
/DRIVERS/CRYNWR/PKTTRAF.COM
/DRIVERS/CRYNWR/PKTWATCH.COM
/DRIVERS/CRYNWR/PLIP.COM
/DRIVERS/CRYNWR/RTSPKT.COM
/DRIVERS/CRYNWR/SEEPKT.EXE
/DRIVERS/CRYNWR/SLIP8250.COM
/DRIVERS/CRYNWR/SMC_WD.COM
/DRIVERS/CRYNWR/TAIL.COM
/DRIVERS/CRYNWR/TCENET.COM
/DRIVERS/CRYNWR/TERMIN.COM
/DRIVERS/CRYNWR/TIARA.COM
/DRIVERS/CRYNWR/TPROPKT.COM
/DRIVERS/CRYNWR/TRACE.COM
/DRIVERS/CRYNWR/TRAFGEN.EXE
/DRIVERS/CRYNWR/TRAFMON.EXE
/DRIVERS/CRYNWR/UBNICPC.COM
/DRIVERS/CRYNWR/UBNICPS2.COM
/DRIVERS/CRYNWR/VAXMATE.COM
/DRIVERS/CRYNWR/WAVEAT.COM
/DRIVERS/CRYNWR/WD8003E.COM
/DRIVERS/CRYNWR/WINPKT.COM
/DRIVERS/CRYNWR/YAPCBR.EXE
/DRIVERS/CRYNWR/ZNOTE.COM
/SOURCE/
/SOURCE/CRYNWR/
/SOURCE/CRYNWR/SOURCES.ZIP/
/SOURCE/CRYNWR/SOURCES.ZIP/3C501.ASM
/SOURCE/CRYNWR/SOURCES.ZIP/3C503.ASM
/SOURCE/CRYNWR/SOURCES.ZIP/3C505.ASM
/SOURCE/CRYNWR/SOURCES.ZIP/3C507.ASM
/SOURCE/CRYNWR/SOURCES.ZIP/3C509.ASM
/SOURCE/CRYNWR/SOURCES.ZIP/3C523.ASM
/SOURCE/CRYNWR/SOURCES.ZIP/8250DEFS.ASM
/SOURCE/CRYNWR/SOURCES.ZIP/82557.INC
/SOURCE/CRYNWR/SOURCES.ZIP/82586.ASM
/SOURCE/CRYNWR/SOURCES.ZIP/82595.INC
/SOURCE/CRYNWR/SOURCES.ZIP/82595IO.ASM
/SOURCE/CRYNWR/SOURCES.ZIP/82596.INC
/SOURCE/CRYNWR/SOURCES.ZIP/8390.ASM
/SOURCE/CRYNWR/SOURCES.ZIP/8390.INC
/SOURCE/CRYNWR/SOURCES.ZIP/8530INC.ASM
/SOURCE/CRYNWR/SOURCES.ZIP/AQUILA.ASM
/SOURCE/CRYNWR/SOURCES.ZIP/AR450.ASM
/SOURCE/CRYNWR/SOURCES.ZIP/ARCETHER.ASM
/SOURCE/CRYNWR/SOURCES.ZIP/ARCNET.ASM
/SOURCE/CRYNWR/SOURCES.ZIP/AT1500.ASM
/SOURCE/CRYNWR/SOURCES.ZIP/AT1700.ASM
/SOURCE/CRYNWR/SOURCES.ZIP/AT&T.ASM
/SOURCE/CRYNWR/SOURCES.ZIP/AT&T_LP.ASM
/SOURCE/CRYNWR/SOURCES.ZIP/AUTOSENS.INC
/SOURCE/CRYNWR/SOURCES.ZIP/BIC574.INC
/SOURCE/CRYNWR/SOURCES.ZIP/BICNIC.H
/SOURCE/CRYNWR/SOURCES.ZIP/BICNIC.INC
/SOURCE/CRYNWR/SOURCES.ZIP/BLOCK.ASM
/SOURCE/CRYNWR/SOURCES.ZIP/BOARD_ID.H
/SOURCE/CRYNWR/SOURCES.ZIP/BOARD_ID.INC
/SOURCE/CRYNWR/SOURCES.ZIP/C83815.ASM
/SOURCE/CRYNWR/SOURCES.ZIP/CABLE.ASM
/SOURCE/CRYNWR/SOURCES.ZIP/CACHE.ASM
/SOURCE/CRYNWR/SOURCES.ZIP/CACHE.INC
/SOURCE/CRYNWR/SOURCES.ZIP/CACHENR.ASM
/SOURCE/CRYNWR/SOURCES.ZIP/CEEROM.ASM
/SOURCE/CRYNWR/SOURCES.ZIP/CGETCNFG.ASM
/SOURCE/CRYNWR/SOURCES.ZIP/CHIP.INC
/SOURCE/CRYNWR/SOURCES.ZIP/CHROUT.ASM
/SOURCE/CRYNWR/SOURCES.ZIP/CPUTCNFG.ASM
/SOURCE/CRYNWR/SOURCES.ZIP/CRLF.ASM
/SOURCE/CRYNWR/SOURCES.ZIP/CTRONDNI.ASM
/SOURCE/CRYNWR/SOURCES.ZIP/DAVIDSYS.ASM
/SOURCE/CRYNWR/SOURCES.ZIP/DC21X4PK.ASM
/SOURCE/CRYNWR/SOURCES.ZIP/DC_INIT.ASH
/SOURCE/CRYNWR/SOURCES.ZIP/DC_INIT.ASM
/SOURCE/CRYNWR/SOURCES.ZIP/DC_KWDS.ASH
/SOURCE/CRYNWR/SOURCES.ZIP/DC_KWDS.ASM
/SOURCE/CRYNWR/SOURCES.ZIP/DC_KWDS.INC
/SOURCE/CRYNWR/SOURCES.ZIP/DC_MEDIA.INC
/SOURCE/CRYNWR/SOURCES.ZIP/DC_REGS.ASH
/SOURCE/CRYNWR/SOURCES.ZIP/DC_REGS.ASM
/SOURCE/CRYNWR/SOURCES.ZIP/DC_REGS.INC
/SOURCE/CRYNWR/SOURCES.ZIP/DC_ROM.ASH
/SOURCE/CRYNWR/SOURCES.ZIP/DC_ROM.ASM
/SOURCE/CRYNWR/SOURCES.ZIP/DE600.ASM
/SOURCE/CRYNWR/SOURCES.ZIP/DECOUT.ASM
/SOURCE/CRYNWR/SOURCES.ZIP/DEFS.ASM
/SOURCE/CRYNWR/SOURCES.ZIP/DEPCA.ASM
/SOURCE/CRYNWR/SOURCES.ZIP/DESQVIEW.ASM
/SOURCE/CRYNWR/SOURCES.ZIP/DIGOUT.ASM
/SOURCE/CRYNWR/SOURCES.ZIP/DK86960.ASM
/SOURCE/CRYNWR/SOURCES.ZIP/DK86965.ASM
/SOURCE/CRYNWR/SOURCES.ZIP/DLLPKT.NOT
/SOURCE/CRYNWR/SOURCES.ZIP/DM9XXX/
/SOURCE/CRYNWR/SOURCES.ZIP/DM9XXX/9100.ASM
/SOURCE/CRYNWR/SOURCES.ZIP/DM9XXX/9801E4.ASM
/SOURCE/CRYNWR/SOURCES.ZIP/DM9XXX/CALCCRC.ASM
/SOURCE/CRYNWR/SOURCES.ZIP/DM9XXX/DAVICOM.ASM
/SOURCE/CRYNWR/SOURCES.ZIP/DM9XXX/DAVICOM.LST
/SOURCE/CRYNWR/SOURCES.ZIP/DM9XXX/DBG.ASM
/SOURCE/CRYNWR/SOURCES.ZIP/DM9XXX/DBG.LST
/SOURCE/CRYNWR/SOURCES.ZIP/DM9XXX/DEBUG.ASM
/SOURCE/CRYNWR/SOURCES.ZIP/DM9XXX/DEBUG.INC
/SOURCE/CRYNWR/SOURCES.ZIP/DM9XXX/DEFS.ASM
/SOURCE/CRYNWR/SOURCES.ZIP/DM9XXX/DM.BAT
/SOURCE/CRYNWR/SOURCES.ZIP/DM9XXX/DM9100.INC
/SOURCE/CRYNWR/SOURCES.ZIP/DM9XXX/DM9100.MAC
/SOURCE/CRYNWR/SOURCES.ZIP/DM9XXX/DM9PCIPD.MAK
/SOURCE/CRYNWR/SOURCES.ZIP/DM9XXX/ENV.BAT
/SOURCE/CRYNWR/SOURCES.ZIP/DM9XXX/ETOPEN.ASM
/SOURCE/CRYNWR/SOURCES.ZIP/DM9XXX/HARDWARE.ASD
/SOURCE/CRYNWR/SOURCES.ZIP/DM9XXX/HEAD.ASM
/SOURCE/CRYNWR/SOURCES.ZIP/DM9XXX/HEAD.LST
/SOURCE/CRYNWR/SOURCES.ZIP/DM9XXX/INITPCI.ASM
/SOURCE/CRYNWR/SOURCES.ZIP/DM9XXX/INITPCI.LST
/SOURCE/CRYNWR/SOURCES.ZIP/DM9XXX/ISR.ASM
/SOURCE/CRYNWR/SOURCES.ZIP/DM9XXX/MACCRC.ASM
/SOURCE/CRYNWR/SOURCES.ZIP/DM9XXX/MULTICRC.ASM
/SOURCE/CRYNWR/SOURCES.ZIP/DM9XXX/PHY.ASM
/SOURCE/CRYNWR/SOURCES.ZIP/DM9XXX/PHY.INC
/SOURCE/CRYNWR/SOURCES.ZIP/DM9XXX/PHY.LST
/SOURCE/CRYNWR/SOURCES.ZIP/DM9XXX/PKTERR.ASM
/SOURCE/CRYNWR/SOURCES.ZIP/DM9XXX/PKTUTIL.ASM
/SOURCE/CRYNWR/SOURCES.ZIP/DM9XXX/PORT.ASM
/SOURCE/CRYNWR/SOURCES.ZIP/DM9XXX/PRINTCUR.ASM
/SOURCE/CRYNWR/SOURCES.ZIP/DM9XXX/PRINTDIG.ASM
/SOURCE/CRYNWR/SOURCES.ZIP/DM9XXX/PRINTEA.ASM
/SOURCE/CRYNWR/SOURCES.ZIP/DM9XXX/PRINTGPR.ASM
/SOURCE/CRYNWR/SOURCES.ZIP/DM9XXX/RCV.ASM
/SOURCE/CRYNWR/SOURCES.ZIP/DM9XXX/RCV.INC
/SOURCE/CRYNWR/SOURCES.ZIP/DM9XXX/README
/SOURCE/CRYNWR/SOURCES.ZIP/DM9XXX/README.TXT
/SOURCE/CRYNWR/SOURCES.ZIP/DM9XXX/RTDATA.ASM
/SOURCE/CRYNWR/SOURCES.ZIP/DM9XXX/RTDATA.INC
/SOURCE/CRYNWR/SOURCES.ZIP/DM9XXX/SROM.ASM
/SOURCE/CRYNWR/SOURCES.ZIP/DM9XXX/T.ASM
/SOURCE/CRYNWR/SOURCES.ZIP/DM9XXX/TAIL.ASM
/SOURCE/CRYNWR/SOURCES.ZIP/DM9XXX/TAIL.LST
/SOURCE/CRYNWR/SOURCES.ZIP/DM9XXX/TXHANG.ASM
/SOURCE/CRYNWR/SOURCES.ZIP/DM9XXX/VERIFYPI.ASM
/SOURCE/CRYNWR/SOURCES.ZIP/DM9XXX/XMT.ASM
/SOURCE/CRYNWR/SOURCES.ZIP/DM9XXX/XMT.INC
/SOURCE/CRYNWR/SOURCES.ZIP/DRIVER.INC
/SOURCE/CRYNWR/SOURCES.ZIP/DUMP.C
/SOURCE/CRYNWR/SOURCES.ZIP/DUMPHEX.ASM
/SOURCE/CRYNWR/SOURCES.ZIP/ECOUPLER.ASM
/SOURCE/CRYNWR/SOURCES.ZIP/EDLC.INC
/SOURCE/CRYNWR/SOURCES.ZIP/EEP10PKT.MAP
/SOURCE/CRYNWR/SOURCES.ZIP/EEP15.INC
/SOURCE/CRYNWR/SOURCES.ZIP/EEP17.INC
/SOURCE/CRYNWR/SOURCES.ZIP/EEROM.INC
/SOURCE/CRYNWR/SOURCES.ZIP/EN301.ASM
/SOURCE/CRYNWR/SOURCES.ZIP/EPROPKTL.ASM
/SOURCE/CRYNWR/SOURCES.ZIP/EPROPKTR.ASM
/SOURCE/CRYNWR/SOURCES.ZIP/ES3210.ASM
/SOURCE/CRYNWR/SOURCES.ZIP/ETH_386.ASM
/SOURCE/CRYNWR/SOURCES.ZIP/ETH_386.INC
/SOURCE/CRYNWR/SOURCES.ZIP/ETH_CFG.ASM
/SOURCE/CRYNWR/SOURCES.ZIP/ETH_COM.ASM
/SOURCE/CRYNWR/SOURCES.ZIP/ETH_EISA.ASM
/SOURCE/CRYNWR/SOURCES.ZIP/ETH_EISA.H
/SOURCE/CRYNWR/SOURCES.ZIP/ETH_EISA.INC
/SOURCE/CRYNWR/SOURCES.ZIP/ETHEREST.ASM
/SOURCE/CRYNWR/SOURCES.ZIP/ETHERNET.TYP
/SOURCE/CRYNWR/SOURCES.ZIP/ETHERNET.VND
/SOURCE/CRYNWR/SOURCES.ZIP/ETHERSL.ASM
/SOURCE/CRYNWR/SOURCES.ZIP/ETHIIE.ASM
/SOURCE/CRYNWR/SOURCES.ZIP/ETH_PCM.ASM
/SOURCE/CRYNWR/SOURCES.ZIP/ETH_RTNS.INC
/SOURCE/CRYNWR/SOURCES.ZIP/EXE2COM.C
/SOURCE/CRYNWR/SOURCES.ZIP/EXOS205.ASM
/SOURCE/CRYNWR/SOURCES.ZIP/EXP16.ASM
/SOURCE/CRYNWR/SOURCES.ZIP/EXP16CON.ASM
/SOURCE/CRYNWR/SOURCES.ZIP/EXP16.INC
/SOURCE/CRYNWR/SOURCES.ZIP/EXP16MCA.ASM
/SOURCE/CRYNWR/SOURCES.ZIP/EXPRESS.ASM
/SOURCE/CRYNWR/SOURCES.ZIP/EZSTART.INC
/SOURCE/CRYNWR/SOURCES.ZIP/F965.INC
/SOURCE/CRYNWR/SOURCES.ZIP/GETCNFG.ASM
/SOURCE/CRYNWR/SOURCES.ZIP/GETCNFG.INC
/SOURCE/CRYNWR/SOURCES.ZIP/GETDIG.ASM
/SOURCE/CRYNWR/SOURCES.ZIP/GETEA.ASM
/SOURCE/CRYNWR/SOURCES.ZIP/GETENV.ASM
/SOURCE/CRYNWR/SOURCES.ZIP/GETNUM.ASM
/SOURCE/CRYNWR/SOURCES.ZIP/HEAD.ASM
/SOURCE/CRYNWR/SOURCES.ZIP/HELP.ASM
/SOURCE/CRYNWR/SOURCES.ZIP/HEXOUT.ASM
/SOURCE/CRYNWR/SOURCES.ZIP/HPFEPKT.ASM
/SOURCE/CRYNWR/SOURCES.ZIP/HPFEPKT.INC
/SOURCE/CRYNWR/SOURCES.ZIP/HPPCLAN.ASM
/SOURCE/CRYNWR/SOURCES.ZIP/HPPCLANP.ASM
/SOURCE/CRYNWR/SOURCES.ZIP/HW.INC
/SOURCE/CRYNWR/SOURCES.ZIP/IBMTOKEN.ASM
/SOURCE/CRYNWR/SOURCES.ZIP/IBMTOKEN.NOT
/SOURCE/CRYNWR/SOURCES.ZIP/IDMSG.INC
/SOURCE/CRYNWR/SOURCES.ZIP/IL.ASM
/SOURCE/CRYNWR/SOURCES.ZIP/I.MAP
/SOURCE/CRYNWR/SOURCES.ZIP/INTCHK.ASM
/SOURCE/CRYNWR/SOURCES.ZIP/INTLOOP.ASM
/SOURCE/CRYNWR/SOURCES.ZIP/INT_LOOP.C
/SOURCE/CRYNWR/SOURCES.ZIP/INT_LOOP.H
/SOURCE/CRYNWR/SOURCES.ZIP/IO16.ASM
/SOURCE/CRYNWR/SOURCES.ZIP/IO8.ASM
/SOURCE/CRYNWR/SOURCES.ZIP/IPXPKT.ASM
/SOURCE/CRYNWR/SOURCES.ZIP/IPXPKT.NOT
/SOURCE/CRYNWR/SOURCES.ZIP/IPXSTAT.C
/SOURCE/CRYNWR/SOURCES.ZIP/IR.ASM
/SOURCE/CRYNWR/SOURCES.ZIP/ISOLAN.ASM
/SOURCE/CRYNWR/SOURCES.ZIP/ISOLINK.ASM
/SOURCE/CRYNWR/SOURCES.ZIP/KODIAK16.ASM
/SOURCE/CRYNWR/SOURCES.ZIP/KODIAK8.ASM
/SOURCE/CRYNWR/SOURCES.ZIP/KODIAK.ASM
/SOURCE/CRYNWR/SOURCES.ZIP/KODIAK.INC
/SOURCE/CRYNWR/SOURCES.ZIP/KODIAKK.ASM
/SOURCE/CRYNWR/SOURCES.ZIP/LAN595.ASM
/SOURCE/CRYNWR/SOURCES.ZIP/LAN595IO.ASM
/SOURCE/CRYNWR/SOURCES.ZIP/LANCE.ASM
/SOURCE/CRYNWR/SOURCES.ZIP/LANCE.INC
/SOURCE/CRYNWR/SOURCES.ZIP/LANDLL.C
/SOURCE/CRYNWR/SOURCES.ZIP/LANDRVR.DEF
/SOURCE/CRYNWR/SOURCES.ZIP/LFT9232.ASM
/SOURCE/CRYNWR/SOURCES.ZIP/LFT_CFG.ASM
/SOURCE/CRYNWR/SOURCES.ZIP/LFT_DMA.INC
/SOURCE/CRYNWR/SOURCES.ZIP/LFT_EQ.INC
/SOURCE/CRYNWR/SOURCES.ZIP/LFT_EXT.ASM
/SOURCE/CRYNWR/SOURCES.ZIP/LFTMCRO.INC
/SOURCE/CRYNWR/SOURCES.ZIP/LFT_OPTS.INC
/SOURCE/CRYNWR/SOURCES.ZIP/LINE.ASM
/SOURCE/CRYNWR/SOURCES.ZIP/LMAC.LNK
/SOURCE/CRYNWR/SOURCES.ZIP/LMSTRUCT.H
/SOURCE/CRYNWR/SOURCES.ZIP/LMSTRUCT.INC
/SOURCE/CRYNWR/SOURCES.ZIP/LMT_UC.INC
/SOURCE/CRYNWR/SOURCES.ZIP/LOCALTLK.ASM
/SOURCE/CRYNWR/SOURCES.ZIP/LOCALTLK.NOT
/SOURCE/CRYNWR/SOURCES.ZIP/LOOKAHED.ASM
/SOURCE/CRYNWR/SOURCES.ZIP/LOOKSTR.ASM
/SOURCE/CRYNWR/SOURCES.ZIP/MAC2PHY.ASH
/SOURCE/CRYNWR/SOURCES.ZIP/MAC2PHY.ASM
/SOURCE/CRYNWR/SOURCES.ZIP/MACCRC.ASH
/SOURCE/CRYNWR/SOURCES.ZIP/MACCRC.ASM
/SOURCE/CRYNWR/SOURCES.ZIP/MACDATA.ASH
/SOURCE/CRYNWR/SOURCES.ZIP/MACDATA.ASM
/SOURCE/CRYNWR/SOURCES.ZIP/MAC.INC
/SOURCE/CRYNWR/SOURCES.ZIP/MACINIT.ASH
/SOURCE/CRYNWR/SOURCES.ZIP/MACINIT.ASM
/SOURCE/CRYNWR/SOURCES.ZIP/MACIPETH.ASM
/SOURCE/CRYNWR/SOURCES.ZIP/MACIP.NOT
/SOURCE/CRYNWR/SOURCES.ZIP/MACISR.ASH
/SOURCE/CRYNWR/SOURCES.ZIP/MACISR.ASM
/SOURCE/CRYNWR/SOURCES.ZIP/MACPORT.ASH
/SOURCE/CRYNWR/SOURCES.ZIP/MACPORT.ASM
/SOURCE/CRYNWR/SOURCES.ZIP/MACRCV.ASH
/SOURCE/CRYNWR/SOURCES.ZIP/MACRCV.ASM
/SOURCE/CRYNWR/SOURCES.ZIP/MACRCV.INC
/SOURCE/CRYNWR/SOURCES.ZIP/MACREQ.ASH
/SOURCE/CRYNWR/SOURCES.ZIP/MACREQ.ASM
/SOURCE/CRYNWR/SOURCES.ZIP/MACRO.INC
/SOURCE/CRYNWR/SOURCES.ZIP/MACXMT.ASH
/SOURCE/CRYNWR/SOURCES.ZIP/MACXMT.ASM
/SOURCE/CRYNWR/SOURCES.ZIP/MACXMT.INC
/SOURCE/CRYNWR/SOURCES.ZIP/MAIN.C
/SOURCE/CRYNWR/SOURCES.ZIP/MAKEFILE
/SOURCE/CRYNWR/SOURCES.ZIP/MAKEFILE.AWK
/SOURCE/CRYNWR/SOURCES.ZIP/MAKEFILE.BAT
/SOURCE/CRYNWR/SOURCES.ZIP/MAKEFILE.DBG
/SOURCE/CRYNWR/SOURCES.ZIP/MAKEFILE.NOR
/SOURCE/CRYNWR/SOURCES.ZIP/MEMTEST.ASM
/SOURCE/CRYNWR/SOURCES.ZIP/MESSAGES.INC
/SOURCE/CRYNWR/SOURCES.ZIP/MII_GEN.INC
/SOURCE/CRYNWR/SOURCES.ZIP/MII_PHY.INC
/SOURCE/CRYNWR/SOURCES.ZIP/MOVEMEM.ASM
/SOURCE/CRYNWR/SOURCES.ZIP/MSG.ASM
/SOURCE/CRYNWR/SOURCES.ZIP/MULTICRC.ASM
/SOURCE/CRYNWR/SOURCES.ZIP/MYLEX.ASM
/SOURCE/CRYNWR/SOURCES.ZIP/NB.ASM
/SOURCE/CRYNWR/SOURCES.ZIP/NB.NOT
/SOURCE/CRYNWR/SOURCES.ZIP/NCRET105.ASM
/SOURCE/CRYNWR/SOURCES.ZIP/NDIS.INC
/SOURCE/CRYNWR/SOURCES.ZIP/NE1000.ASM
/SOURCE/CRYNWR/SOURCES.ZIP/NE2000.ASM
/SOURCE/CRYNWR/SOURCES.ZIP/NE2100.ASM
/SOURCE/CRYNWR/SOURCES.ZIP/NE2.ASM
/SOURCE/CRYNWR/SOURCES.ZIP/NI5010.ASM
/SOURCE/CRYNWR/SOURCES.ZIP/NI5210.ASM
/SOURCE/CRYNWR/SOURCES.ZIP/NI6510.ASM
/SOURCE/CRYNWR/SOURCES.ZIP/NI9210.ASM
/SOURCE/CRYNWR/SOURCES.ZIP/NIC.ASH
/SOURCE/CRYNWR/SOURCES.ZIP/NIC.ASM
/SOURCE/CRYNWR/SOURCES.ZIP/NIC.INC
/SOURCE/CRYNWR/SOURCES.ZIP/NOVELL.NOT
/SOURCE/CRYNWR/SOURCES.ZIP/NTI16.ASM
/SOURCE/CRYNWR/SOURCES.ZIP/OCCUPIED.ASM
/SOURCE/CRYNWR/SOURCES.ZIP/OPTIONS.INC
/SOURCE/CRYNWR/SOURCES.ZIP/PACKET.INC
/SOURCE/CRYNWR/SOURCES.ZIP/PCI.INC
/SOURCE/CRYNWR/SOURCES.ZIP/PCLANA.ASM
/SOURCE/CRYNWR/SOURCES.ZIP/PCLANA.MAP
/SOURCE/CRYNWR/SOURCES.ZIP/PCMCIA.INC
/SOURCE/CRYNWR/SOURCES.ZIP/PCMCNFG.ASM
/SOURCE/CRYNWR/SOURCES.ZIP/PCNTPK.ASM
/SOURCE/CRYNWR/SOURCES.ZIP/PEA.INC
/SOURCE/CRYNWR/SOURCES.ZIP/PHYS.INC
/SOURCE/CRYNWR/SOURCES.ZIP/PI.ASM
/SOURCE/CRYNWR/SOURCES.ZIP/PIINC.ASM
/SOURCE/CRYNWR/SOURCES.ZIP/PIXEL.ASM
/SOURCE/CRYNWR/SOURCES.ZIP/PKT8000.ASM
/SOURCE/CRYNWR/SOURCES.ZIP/PKT8016.ASM
/SOURCE/CRYNWR/SOURCES.ZIP/PKT8115.ASM
/SOURCE/CRYNWR/SOURCES.ZIP/PKT8232.ASM
/SOURCE/CRYNWR/SOURCES.ZIP/PKT9232.ASM
/SOURCE/CRYNWR/SOURCES.ZIP/PKTADDR.ASM
/SOURCE/CRYNWR/SOURCES.ZIP/PKTALL.ASM
/SOURCE/CRYNWR/SOURCES.ZIP/PKTCHK.ASM
/SOURCE/CRYNWR/SOURCES.ZIP/PKTDLL.ASM
/SOURCE/CRYNWR/SOURCES.ZIP/PKTDRVR.C
/SOURCE/CRYNWR/SOURCES.ZIP/PKTDRVR.H
/SOURCE/CRYNWR/SOURCES.ZIP/PKTDRVR.PAS
/SOURCE/CRYNWR/SOURCES.ZIP/PKTDRVR.TPU
/SOURCE/CRYNWR/SOURCES.ZIP/PKTERR.ASM
/SOURCE/CRYNWR/SOURCES.ZIP/PKTMODE.ASM
/SOURCE/CRYNWR/SOURCES.ZIP/PKTMULTI.ASM
/SOURCE/CRYNWR/SOURCES.ZIP/PKTSEND.ASM
/SOURCE/CRYNWR/SOURCES.ZIP/PKTSTAT.ASM
/SOURCE/CRYNWR/SOURCES.ZIP/PKTTRAF.ASM
/SOURCE/CRYNWR/SOURCES.ZIP/PKTWATCH.ASM
/SOURCE/CRYNWR/SOURCES.ZIP/PKVEC.ASM
/SOURCE/CRYNWR/SOURCES.ZIP/PLIP.ASM
/SOURCE/CRYNWR/SOURCES.ZIP/PNINIT.ASM
/SOURCE/CRYNWR/SOURCES.ZIP/PNP.INC
/SOURCE/CRYNWR/SOURCES.ZIP/POPF.ASM
/SOURCE/CRYNWR/SOURCES.ZIP/POPFF.MAC
/SOURCE/CRYNWR/SOURCES.ZIP/PORTIO8.ASM
/SOURCE/CRYNWR/SOURCES.ZIP/PORTIO8.MAC
/SOURCE/CRYNWR/SOURCES.ZIP/PRINTEA.ASM
/SOURCE/CRYNWR/SOURCES.ZIP/PRINTNUM.ASM
/SOURCE/CRYNWR/SOURCES.ZIP/PROMBOOT.NOT
/SOURCE/CRYNWR/SOURCES.ZIP/PUTCNFG.ASM
/SOURCE/CRYNWR/SOURCES.ZIP/QUEUE.ASM
/SOURCE/CRYNWR/SOURCES.ZIP/READ.ASM
/SOURCE/CRYNWR/SOURCES.ZIP/READ.ME
/SOURCE/CRYNWR/SOURCES.ZIP/REEROM.ASM
/SOURCE/CRYNWR/SOURCES.ZIP/SCREEN.C
/SOURCE/CRYNWR/SOURCES.ZIP/SEEPKT.C
/SOURCE/CRYNWR/SOURCES.ZIP/SEG_DEFS.INC
/SOURCE/CRYNWR/SOURCES.ZIP/SERSUB.ASM
/SOURCE/CRYNWR/SOURCES.ZIP/SETUP.ASM
/SOURCE/CRYNWR/SOURCES.ZIP/SIA_GEN.INC
/SOURCE/CRYNWR/SOURCES.ZIP/SKELETON.ASM
/SOURCE/CRYNWR/SOURCES.ZIP/SKIPBLK.ASM
/SOURCE/CRYNWR/SOURCES.ZIP/SLIP8250.ASM
/SOURCE/CRYNWR/SOURCES.ZIP/SLIPMERG.ASM
/SOURCE/CRYNWR/SOURCES.ZIP/SMC_WD.ASM
/SOURCE/CRYNWR/SOURCES.ZIP/SSS.INC
/SOURCE/CRYNWR/SOURCES.ZIP/SYM_GEN.INC
/SOURCE/CRYNWR/SOURCES.ZIP/SYSSRVCS.ASH
/SOURCE/CRYNWR/SOURCES.ZIP/SYSSRVCS.ASM
/SOURCE/CRYNWR/SOURCES.ZIP/SYSSRVCS.INC
/SOURCE/CRYNWR/SOURCES.ZIP/T7231.ASM
/SOURCE/CRYNWR/SOURCES.ZIP/TAIL.ASM
/SOURCE/CRYNWR/SOURCES.ZIP/TCENET.ASM
/SOURCE/CRYNWR/SOURCES.ZIP/TCOM.ASM
/SOURCE/CRYNWR/SOURCES.ZIP/TERMIN.ASM
/SOURCE/CRYNWR/SOURCES.ZIP/TEST.ASM
/SOURCE/CRYNWR/SOURCES.ZIP/TIARA.ASM
/SOURCE/CRYNWR/SOURCES.ZIP/TIME.ASM
/SOURCE/CRYNWR/SOURCES.ZIP/TIMEOUT.ASM
/SOURCE/CRYNWR/SOURCES.ZIP/TIMER.C
/SOURCE/CRYNWR/SOURCES.ZIP/TIMER.PAS
/SOURCE/CRYNWR/SOURCES.ZIP/TIMER.TPU
/SOURCE/CRYNWR/SOURCES.ZIP/TOKEN.INC
/SOURCE/CRYNWR/SOURCES.ZIP/TOLOWER.ASM
/SOURCE/CRYNWR/SOURCES.ZIP/TOUPPER.ASM
/SOURCE/CRYNWR/SOURCES.ZIP/TPROPKT.ASM
/SOURCE/CRYNWR/SOURCES.ZIP/TPROPKTI.ASM
/SOURCE/CRYNWR/SOURCES.ZIP/TPROPKTI.MAC
/SOURCE/CRYNWR/SOURCES.ZIP/TPROPKT.INC
/SOURCE/CRYNWR/SOURCES.ZIP/TPROPKTN.ASM
/SOURCE/CRYNWR/SOURCES.ZIP/TRACE.ASM
/SOURCE/CRYNWR/SOURCES.ZIP/TRAFGEN.PAS
/SOURCE/CRYNWR/SOURCES.ZIP/TRAFMON.PAS
/SOURCE/CRYNWR/SOURCES.ZIP/TXHANG.ASH
/SOURCE/CRYNWR/SOURCES.ZIP/TXHANG.ASM
/SOURCE/CRYNWR/SOURCES.ZIP/UBNICPC.ASM
/SOURCE/CRYNWR/SOURCES.ZIP/UBNICPS2.ASM
/SOURCE/CRYNWR/SOURCES.ZIP/UMAC.ASM
/SOURCE/CRYNWR/SOURCES.ZIP/VAXMATE.ASM
/SOURCE/CRYNWR/SOURCES.ZIP/VERIFYPI.ASM
/SOURCE/CRYNWR/SOURCES.ZIP/VERSION.INC
/SOURCE/CRYNWR/SOURCES.ZIP/W3C507.ASM
/SOURCE/CRYNWR/SOURCES.ZIP/WAKE.ASM
/SOURCE/CRYNWR/SOURCES.ZIP/WD8003E.ASM
/SOURCE/CRYNWR/SOURCES.ZIP/WEEROM.ASM
/SOURCE/CRYNWR/SOURCES.ZIP/WINPKT.ASM
/SOURCE/CRYNWR/SOURCES.ZIP/XCOMMON.ASM
/SOURCE/CRYNWR/SOURCES.ZIP/XETHER.ASM
/SOURCE/CRYNWR/SOURCES.ZIP/XLMSTRCT.H
/SOURCE/CRYNWR/SOURCES.ZIP/XLMSTRCT.INC
/SOURCE/CRYNWR/SOURCES.ZIP/YAPCBR.C
/SOURCE/CRYNWR/SOURCES.ZIP/YAPCBR.CFG
/SOURCE/CRYNWR/SOURCES.ZIP/YAPCBR.DSK
/SOURCE/CRYNWR/SOURCES.ZIP/YAPCBR.H
/SOURCE/CRYNWR/SOURCES.ZIP/YAPCBR.PRJ
/SOURCE/CRYNWR/SOURCES.ZIP/ZNOTE.ASM
