/
/APPINFO/
/APPINFO/DIALOG.DE
/APPINFO/DIALOG.FR
/APPINFO/DIALOG.LSM
/APPINFO/DIALOG.SV
/APPINFO/DIALOG.TR
/BIN/
/BIN/DIALOG.EXE
/DOC/
/DOC/DIALOG.1
/DOC/DIALOG.3
/SOURCE/
/SOURCE/DIALOG/
/SOURCE/DIALOG/SOURCES.ZIP/
/SOURCE/DIALOG/SOURCES.ZIP/aclocal.m4
/SOURCE/DIALOG/SOURCES.ZIP/arrows.c
/SOURCE/DIALOG/SOURCES.ZIP/buttons.c
/SOURCE/DIALOG/SOURCES.ZIP/calendar.c
/SOURCE/DIALOG/SOURCES.ZIP/CHANGES
/SOURCE/DIALOG/SOURCES.ZIP/checklist.c
/SOURCE/DIALOG/SOURCES.ZIP/columns.c
/SOURCE/DIALOG/SOURCES.ZIP/config.guess
/SOURCE/DIALOG/SOURCES.ZIP/config.hin
/SOURCE/DIALOG/SOURCES.ZIP/config.log
/SOURCE/DIALOG/SOURCES.ZIP/config.status
/SOURCE/DIALOG/SOURCES.ZIP/config.sub
/SOURCE/DIALOG/SOURCES.ZIP/configure
/SOURCE/DIALOG/SOURCES.ZIP/configure.in
/SOURCE/DIALOG/SOURCES.ZIP/COPYING
/SOURCE/DIALOG/SOURCES.ZIP/dialog.1
/SOURCE/DIALOG/SOURCES.ZIP/dialog.3
/SOURCE/DIALOG/SOURCES.ZIP/dialog.c
/SOURCE/DIALOG/SOURCES.ZIP/dialog-config
/SOURCE/DIALOG/SOURCES.ZIP/dialog-config.in
/SOURCE/DIALOG/SOURCES.ZIP/dialog.h
/SOURCE/DIALOG/SOURCES.ZIP/dialog.lsm
/SOURCE/DIALOG/SOURCES.ZIP/dialog.pl
/SOURCE/DIALOG/SOURCES.ZIP/dlg_colors.h
/SOURCE/DIALOG/SOURCES.ZIP/dlg_config.h
/SOURCE/DIALOG/SOURCES.ZIP/dlg_keys.c
/SOURCE/DIALOG/SOURCES.ZIP/dlg_keys.h
/SOURCE/DIALOG/SOURCES.ZIP/editbox.c
/SOURCE/DIALOG/SOURCES.ZIP/formbox.c
/SOURCE/DIALOG/SOURCES.ZIP/fselect.c
/SOURCE/DIALOG/SOURCES.ZIP/gpm.log
/SOURCE/DIALOG/SOURCES.ZIP/guage.c
/SOURCE/DIALOG/SOURCES.ZIP/headers-sh
/SOURCE/DIALOG/SOURCES.ZIP/headers-sh.in
/SOURCE/DIALOG/SOURCES.ZIP/inputbox.c
/SOURCE/DIALOG/SOURCES.ZIP/inputstr.c
/SOURCE/DIALOG/SOURCES.ZIP/install-sh
/SOURCE/DIALOG/SOURCES.ZIP/makefile
/SOURCE/DIALOG/SOURCES.ZIP/makefile.in
/SOURCE/DIALOG/SOURCES.ZIP/menubox.c
/SOURCE/DIALOG/SOURCES.ZIP/mixedform.c
/SOURCE/DIALOG/SOURCES.ZIP/mixedgauge.c
/SOURCE/DIALOG/SOURCES.ZIP/mkdirs.sh
/SOURCE/DIALOG/SOURCES.ZIP/mouse.c
/SOURCE/DIALOG/SOURCES.ZIP/mousewget.c
/SOURCE/DIALOG/SOURCES.ZIP/msgbox.c
/SOURCE/DIALOG/SOURCES.ZIP/pause.c
/SOURCE/DIALOG/SOURCES.ZIP/po/
/SOURCE/DIALOG/SOURCES.ZIP/po/POTFILES.in
/SOURCE/DIALOG/SOURCES.ZIP/po/ar.po
/SOURCE/DIALOG/SOURCES.ZIP/po/be@latin.po
/SOURCE/DIALOG/SOURCES.ZIP/po/bg.po
/SOURCE/DIALOG/SOURCES.ZIP/po/ca.po
/SOURCE/DIALOG/SOURCES.ZIP/po/cs.po
/SOURCE/DIALOG/SOURCES.ZIP/po/cy.po
/SOURCE/DIALOG/SOURCES.ZIP/po/da.po
/SOURCE/DIALOG/SOURCES.ZIP/po/de.po
/SOURCE/DIALOG/SOURCES.ZIP/po/dialog.pot
/SOURCE/DIALOG/SOURCES.ZIP/po/el.po
/SOURCE/DIALOG/SOURCES.ZIP/po/eo.po
/SOURCE/DIALOG/SOURCES.ZIP/po/es.po
/SOURCE/DIALOG/SOURCES.ZIP/po/et.po
/SOURCE/DIALOG/SOURCES.ZIP/po/eu.po
/SOURCE/DIALOG/SOURCES.ZIP/po/fi.po
/SOURCE/DIALOG/SOURCES.ZIP/po/fr.po
/SOURCE/DIALOG/SOURCES.ZIP/po/ga.po
/SOURCE/DIALOG/SOURCES.ZIP/po/gl.po
/SOURCE/DIALOG/SOURCES.ZIP/po/hi.po
/SOURCE/DIALOG/SOURCES.ZIP/po/hr.po
/SOURCE/DIALOG/SOURCES.ZIP/po/hu.po
/SOURCE/DIALOG/SOURCES.ZIP/po/id.po
/SOURCE/DIALOG/SOURCES.ZIP/po/it.po
/SOURCE/DIALOG/SOURCES.ZIP/po/ja.po
/SOURCE/DIALOG/SOURCES.ZIP/po/ku.po
/SOURCE/DIALOG/SOURCES.ZIP/po/lt.po
/SOURCE/DIALOG/SOURCES.ZIP/po/makefile.inn
/SOURCE/DIALOG/SOURCES.ZIP/po/mg.po
/SOURCE/DIALOG/SOURCES.ZIP/po/mk.po
/SOURCE/DIALOG/SOURCES.ZIP/po/ms.po
/SOURCE/DIALOG/SOURCES.ZIP/po/nb.po
/SOURCE/DIALOG/SOURCES.ZIP/po/nl.po
/SOURCE/DIALOG/SOURCES.ZIP/po/pl.po
/SOURCE/DIALOG/SOURCES.ZIP/po/pt.po
/SOURCE/DIALOG/SOURCES.ZIP/po/pt_BR.po
/SOURCE/DIALOG/SOURCES.ZIP/po/rm.po
/SOURCE/DIALOG/SOURCES.ZIP/po/ro.po
/SOURCE/DIALOG/SOURCES.ZIP/po/ru.po
/SOURCE/DIALOG/SOURCES.ZIP/po/rw.po
/SOURCE/DIALOG/SOURCES.ZIP/po/sq.po
/SOURCE/DIALOG/SOURCES.ZIP/po/sr.po
/SOURCE/DIALOG/SOURCES.ZIP/po/sv.po
/SOURCE/DIALOG/SOURCES.ZIP/po/th.po
/SOURCE/DIALOG/SOURCES.ZIP/po/tr.po
/SOURCE/DIALOG/SOURCES.ZIP/po/uk.po
/SOURCE/DIALOG/SOURCES.ZIP/po/vi.po
/SOURCE/DIALOG/SOURCES.ZIP/po/wa.po
/SOURCE/DIALOG/SOURCES.ZIP/po/zh_CN.po
/SOURCE/DIALOG/SOURCES.ZIP/po/zh_TW.po
/SOURCE/DIALOG/SOURCES.ZIP/progressbox.c
/SOURCE/DIALOG/SOURCES.ZIP/rc.c
/SOURCE/DIALOG/SOURCES.ZIP/README
/SOURCE/DIALOG/SOURCES.ZIP/samples/
/SOURCE/DIALOG/SOURCES.ZIP/samples/README
/SOURCE/DIALOG/SOURCES.ZIP/samples/calendar
/SOURCE/DIALOG/SOURCES.ZIP/samples/calendar-stdout
/SOURCE/DIALOG/SOURCES.ZIP/samples/calendar2
/SOURCE/DIALOG/SOURCES.ZIP/samples/calendar2-stdout
/SOURCE/DIALOG/SOURCES.ZIP/samples/calendar3
/SOURCE/DIALOG/SOURCES.ZIP/samples/calendar3-stdout
/SOURCE/DIALOG/SOURCES.ZIP/samples/checklist
/SOURCE/DIALOG/SOURCES.ZIP/samples/checklist-8bit
/SOURCE/DIALOG/SOURCES.ZIP/samples/checklist-utf8
/SOURCE/DIALOG/SOURCES.ZIP/samples/checklist1
/SOURCE/DIALOG/SOURCES.ZIP/samples/checklist10
/SOURCE/DIALOG/SOURCES.ZIP/samples/checklist2
/SOURCE/DIALOG/SOURCES.ZIP/samples/checklist3
/SOURCE/DIALOG/SOURCES.ZIP/samples/checklist4
/SOURCE/DIALOG/SOURCES.ZIP/samples/checklist5
/SOURCE/DIALOG/SOURCES.ZIP/samples/checklist6
/SOURCE/DIALOG/SOURCES.ZIP/samples/checklist7
/SOURCE/DIALOG/SOURCES.ZIP/samples/checklist8
/SOURCE/DIALOG/SOURCES.ZIP/samples/checklist9
/SOURCE/DIALOG/SOURCES.ZIP/samples/checklist9.txt
/SOURCE/DIALOG/SOURCES.ZIP/samples/copifuncs/
/SOURCE/DIALOG/SOURCES.ZIP/samples/copifuncs/admin.funcs
/SOURCE/DIALOG/SOURCES.ZIP/samples/copifuncs/common.funcs
/SOURCE/DIALOG/SOURCES.ZIP/samples/copifuncs/copi.funcs
/SOURCE/DIALOG/SOURCES.ZIP/samples/copifuncs/copi.ifman1
/SOURCE/DIALOG/SOURCES.ZIP/samples/copifuncs/copi.ifman2
/SOURCE/DIALOG/SOURCES.ZIP/samples/copifuncs/copi.ifmcfg2
/SOURCE/DIALOG/SOURCES.ZIP/samples/copifuncs/copi.ifmcfg4
/SOURCE/DIALOG/SOURCES.ZIP/samples/copifuncs/copi.ifmcfg5
/SOURCE/DIALOG/SOURCES.ZIP/samples/copifuncs/copi.ifpoll1
/SOURCE/DIALOG/SOURCES.ZIP/samples/copifuncs/copi.ifpoll2
/SOURCE/DIALOG/SOURCES.ZIP/samples/copifuncs/copi.ifreq1
/SOURCE/DIALOG/SOURCES.ZIP/samples/copifuncs/copi.ifreq2
/SOURCE/DIALOG/SOURCES.ZIP/samples/copifuncs/copi.rcnews
/SOURCE/DIALOG/SOURCES.ZIP/samples/copifuncs/copi.sendifm1
/SOURCE/DIALOG/SOURCES.ZIP/samples/copifuncs/copi.sendifm2
/SOURCE/DIALOG/SOURCES.ZIP/samples/copifuncs/copi.trnrc
/SOURCE/DIALOG/SOURCES.ZIP/samples/copifuncs/copi.wheel
/SOURCE/DIALOG/SOURCES.ZIP/samples/copifuncs/ifpatch
/SOURCE/DIALOG/SOURCES.ZIP/samples/copismall
/SOURCE/DIALOG/SOURCES.ZIP/samples/debian.rc
/SOURCE/DIALOG/SOURCES.ZIP/samples/dialog.py
/SOURCE/DIALOG/SOURCES.ZIP/samples/dselect
/SOURCE/DIALOG/SOURCES.ZIP/samples/editbox
/SOURCE/DIALOG/SOURCES.ZIP/samples/editbox-utf8
/SOURCE/DIALOG/SOURCES.ZIP/samples/editbox2
/SOURCE/DIALOG/SOURCES.ZIP/samples/editbox3
/SOURCE/DIALOG/SOURCES.ZIP/samples/form1
/SOURCE/DIALOG/SOURCES.ZIP/samples/form1-both
/SOURCE/DIALOG/SOURCES.ZIP/samples/form1-extra
/SOURCE/DIALOG/SOURCES.ZIP/samples/form1-help
/SOURCE/DIALOG/SOURCES.ZIP/samples/form1-utf8
/SOURCE/DIALOG/SOURCES.ZIP/samples/form2
/SOURCE/DIALOG/SOURCES.ZIP/samples/form3
/SOURCE/DIALOG/SOURCES.ZIP/samples/form4
/SOURCE/DIALOG/SOURCES.ZIP/samples/form5
/SOURCE/DIALOG/SOURCES.ZIP/samples/form6
/SOURCE/DIALOG/SOURCES.ZIP/samples/fselect
/SOURCE/DIALOG/SOURCES.ZIP/samples/fselect-stdout
/SOURCE/DIALOG/SOURCES.ZIP/samples/fselect1
/SOURCE/DIALOG/SOURCES.ZIP/samples/fselect1-stdout
/SOURCE/DIALOG/SOURCES.ZIP/samples/fselect2
/SOURCE/DIALOG/SOURCES.ZIP/samples/fselect2-stdout
/SOURCE/DIALOG/SOURCES.ZIP/samples/gauge
/SOURCE/DIALOG/SOURCES.ZIP/samples/gauge0
/SOURCE/DIALOG/SOURCES.ZIP/samples/gauge0-input-fd
/SOURCE/DIALOG/SOURCES.ZIP/samples/gauge2
/SOURCE/DIALOG/SOURCES.ZIP/samples/gauge3
/SOURCE/DIALOG/SOURCES.ZIP/samples/infobox
/SOURCE/DIALOG/SOURCES.ZIP/samples/infobox1
/SOURCE/DIALOG/SOURCES.ZIP/samples/infobox2
/SOURCE/DIALOG/SOURCES.ZIP/samples/infobox3
/SOURCE/DIALOG/SOURCES.ZIP/samples/infobox4
/SOURCE/DIALOG/SOURCES.ZIP/samples/infobox5
/SOURCE/DIALOG/SOURCES.ZIP/samples/infobox6
/SOURCE/DIALOG/SOURCES.ZIP/samples/inputbox
/SOURCE/DIALOG/SOURCES.ZIP/samples/inputbox-both
/SOURCE/DIALOG/SOURCES.ZIP/samples/inputbox-extra
/SOURCE/DIALOG/SOURCES.ZIP/samples/inputbox-help
/SOURCE/DIALOG/SOURCES.ZIP/samples/inputbox1
/SOURCE/DIALOG/SOURCES.ZIP/samples/inputbox2
/SOURCE/DIALOG/SOURCES.ZIP/samples/inputbox3
/SOURCE/DIALOG/SOURCES.ZIP/samples/inputbox4
/SOURCE/DIALOG/SOURCES.ZIP/samples/inputbox5
/SOURCE/DIALOG/SOURCES.ZIP/samples/inputbox6-8bit
/SOURCE/DIALOG/SOURCES.ZIP/samples/inputbox6-utf8
/SOURCE/DIALOG/SOURCES.ZIP/samples/inputbox7
/SOURCE/DIALOG/SOURCES.ZIP/samples/inputmenu
/SOURCE/DIALOG/SOURCES.ZIP/samples/inputmenu-stdout
/SOURCE/DIALOG/SOURCES.ZIP/samples/inputmenu1
/SOURCE/DIALOG/SOURCES.ZIP/samples/inputmenu2
/SOURCE/DIALOG/SOURCES.ZIP/samples/inputmenu3
/SOURCE/DIALOG/SOURCES.ZIP/samples/inputmenu4
/SOURCE/DIALOG/SOURCES.ZIP/samples/install/
/SOURCE/DIALOG/SOURCES.ZIP/samples/install/FDISK.TEST
/SOURCE/DIALOG/SOURCES.ZIP/samples/install/makefile
/SOURCE/DIALOG/SOURCES.ZIP/samples/install/makefile.in
/SOURCE/DIALOG/SOURCES.ZIP/samples/install/setup.c
/SOURCE/DIALOG/SOURCES.ZIP/samples/install/setup.help
/SOURCE/DIALOG/SOURCES.ZIP/samples/killall
/SOURCE/DIALOG/SOURCES.ZIP/samples/listing
/SOURCE/DIALOG/SOURCES.ZIP/samples/menubox
/SOURCE/DIALOG/SOURCES.ZIP/samples/menubox-8bit
/SOURCE/DIALOG/SOURCES.ZIP/samples/menubox-utf8
/SOURCE/DIALOG/SOURCES.ZIP/samples/menubox1
/SOURCE/DIALOG/SOURCES.ZIP/samples/menubox10
/SOURCE/DIALOG/SOURCES.ZIP/samples/menubox2
/SOURCE/DIALOG/SOURCES.ZIP/samples/menubox3
/SOURCE/DIALOG/SOURCES.ZIP/samples/menubox4
/SOURCE/DIALOG/SOURCES.ZIP/samples/menubox5
/SOURCE/DIALOG/SOURCES.ZIP/samples/menubox6
/SOURCE/DIALOG/SOURCES.ZIP/samples/menubox7
/SOURCE/DIALOG/SOURCES.ZIP/samples/menubox8
/SOURCE/DIALOG/SOURCES.ZIP/samples/menubox9
/SOURCE/DIALOG/SOURCES.ZIP/samples/mixedform
/SOURCE/DIALOG/SOURCES.ZIP/samples/mixedform2
/SOURCE/DIALOG/SOURCES.ZIP/samples/mixedgauge
/SOURCE/DIALOG/SOURCES.ZIP/samples/msgbox
/SOURCE/DIALOG/SOURCES.ZIP/samples/msgbox-help
/SOURCE/DIALOG/SOURCES.ZIP/samples/msgbox1
/SOURCE/DIALOG/SOURCES.ZIP/samples/msgbox2
/SOURCE/DIALOG/SOURCES.ZIP/samples/msgbox3
/SOURCE/DIALOG/SOURCES.ZIP/samples/msgbox4-8bit
/SOURCE/DIALOG/SOURCES.ZIP/samples/msgbox4-eucjp
/SOURCE/DIALOG/SOURCES.ZIP/samples/msgbox4-utf8
/SOURCE/DIALOG/SOURCES.ZIP/samples/msgbox5
/SOURCE/DIALOG/SOURCES.ZIP/samples/msgbox6
/SOURCE/DIALOG/SOURCES.ZIP/samples/msgbox6a
/SOURCE/DIALOG/SOURCES.ZIP/samples/password
/SOURCE/DIALOG/SOURCES.ZIP/samples/password1
/SOURCE/DIALOG/SOURCES.ZIP/samples/password2
/SOURCE/DIALOG/SOURCES.ZIP/samples/passwordform1
/SOURCE/DIALOG/SOURCES.ZIP/samples/passwordform1-utf8
/SOURCE/DIALOG/SOURCES.ZIP/samples/pause
/SOURCE/DIALOG/SOURCES.ZIP/samples/pause-help
/SOURCE/DIALOG/SOURCES.ZIP/samples/progress
/SOURCE/DIALOG/SOURCES.ZIP/samples/progress2
/SOURCE/DIALOG/SOURCES.ZIP/samples/radiolist
/SOURCE/DIALOG/SOURCES.ZIP/samples/radiolist10
/SOURCE/DIALOG/SOURCES.ZIP/samples/radiolist2
/SOURCE/DIALOG/SOURCES.ZIP/samples/radiolist3
/SOURCE/DIALOG/SOURCES.ZIP/samples/radiolist4
/SOURCE/DIALOG/SOURCES.ZIP/samples/rotated-data
/SOURCE/DIALOG/SOURCES.ZIP/samples/slackware.rc
/SOURCE/DIALOG/SOURCES.ZIP/samples/sourcemage.rc
/SOURCE/DIALOG/SOURCES.ZIP/samples/suse.rc
/SOURCE/DIALOG/SOURCES.ZIP/samples/tailbox
/SOURCE/DIALOG/SOURCES.ZIP/samples/tailboxbg
/SOURCE/DIALOG/SOURCES.ZIP/samples/tailboxbg1
/SOURCE/DIALOG/SOURCES.ZIP/samples/tailboxbg2
/SOURCE/DIALOG/SOURCES.ZIP/samples/testdata-8bit
/SOURCE/DIALOG/SOURCES.ZIP/samples/textbox
/SOURCE/DIALOG/SOURCES.ZIP/samples/textbox.txt
/SOURCE/DIALOG/SOURCES.ZIP/samples/textbox2
/SOURCE/DIALOG/SOURCES.ZIP/samples/textbox3
/SOURCE/DIALOG/SOURCES.ZIP/samples/timebox
/SOURCE/DIALOG/SOURCES.ZIP/samples/timebox-stdout
/SOURCE/DIALOG/SOURCES.ZIP/samples/timebox2
/SOURCE/DIALOG/SOURCES.ZIP/samples/timebox2-stdout
/SOURCE/DIALOG/SOURCES.ZIP/samples/wheel
/SOURCE/DIALOG/SOURCES.ZIP/samples/whiptail.rc
/SOURCE/DIALOG/SOURCES.ZIP/samples/yesno
/SOURCE/DIALOG/SOURCES.ZIP/samples/yesno-both
/SOURCE/DIALOG/SOURCES.ZIP/samples/yesno-extra
/SOURCE/DIALOG/SOURCES.ZIP/samples/yesno-help
/SOURCE/DIALOG/SOURCES.ZIP/samples/yesno2
/SOURCE/DIALOG/SOURCES.ZIP/samples/yesno3
/SOURCE/DIALOG/SOURCES.ZIP/tailbox.c
/SOURCE/DIALOG/SOURCES.ZIP/textbox.c
/SOURCE/DIALOG/SOURCES.ZIP/timebox.c
/SOURCE/DIALOG/SOURCES.ZIP/trace.c
/SOURCE/DIALOG/SOURCES.ZIP/ui_getc.c
/SOURCE/DIALOG/SOURCES.ZIP/util.c
/SOURCE/DIALOG/SOURCES.ZIP/VERSION
/SOURCE/DIALOG/SOURCES.ZIP/version.c
/SOURCE/DIALOG/SOURCES.ZIP/yesno.c
