/
/APPINFO/
/APPINFO/DOG.DE
/APPINFO/DOG.FR
/APPINFO/DOG.LSM
/APPINFO/DOG.SV
/APPINFO/DOG.TR
/DOC/
/DOC/DOG/
/DOC/DOG/DOG.HTM
/DOC/DOG/GGPL.TXT
/DOC/DOG/README_X.TXT
/DOC/DOG/RN080B.TXT
/DOC/DOG/RN081B.TXT
/DOC/DOG/RN082B.TXT
/DOC/DOG/RN083B.TXT
/SOURCE/
/SOURCE/DOG/
/SOURCE/DOG/SOURCES.ZIP/
/SOURCE/DOG/SOURCES.ZIP/BIN/
/SOURCE/DOG/SOURCES.ZIP/BIN/BUILDALL.BAT
/SOURCE/DOG/SOURCES.ZIP/BIN/CC.BAT
/SOURCE/DOG/SOURCES.ZIP/BIN/CLEAN.BAT
/SOURCE/DOG/SOURCES.ZIP/BIN/CLEAN2.BAT
/SOURCE/DOG/SOURCES.ZIP/BIN/DOG.DOG
/SOURCE/DOG/SOURCES.ZIP/BIN/DOG.ICO
/SOURCE/DOG/SOURCES.ZIP/BIN/DOG2.ICO
/SOURCE/DOG/SOURCES.ZIP/BIN/MAKEDOG.BAT
/SOURCE/DOG/SOURCES.ZIP/BIN/MAKEEXT.BAT
/SOURCE/DOG/SOURCES.ZIP/BIN/MAKEUTIL.BAT
/SOURCE/DOG/SOURCES.ZIP/BIN/MSDOS.DOG
/SOURCE/DOG/SOURCES.ZIP/DOC/
/SOURCE/DOG/SOURCES.ZIP/DOC/DOG.HTM
/SOURCE/DOG/SOURCES.ZIP/DOC/GGPL.TXT
/SOURCE/DOG/SOURCES.ZIP/DOC/README_S.TXT
/SOURCE/DOG/SOURCES.ZIP/DOC/RN080B.TXT
/SOURCE/DOG/SOURCES.ZIP/DOC/RN081B.TXT
/SOURCE/DOG/SOURCES.ZIP/DOC/RN082B.TXT
/SOURCE/DOG/SOURCES.ZIP/DOC/RN083B.TXT
/SOURCE/DOG/SOURCES.ZIP/SRC/
/SOURCE/DOG/SOURCES.ZIP/SRC/ALSE.C
/SOURCE/DOG/SOURCES.ZIP/SRC/BAT.C
/SOURCE/DOG/SOURCES.ZIP/SRC/CC.C
/SOURCE/DOG/SOURCES.ZIP/SRC/CMRD.C
/SOURCE/DOG/SOURCES.ZIP/SRC/CT.C
/SOURCE/DOG/SOURCES.ZIP/SRC/DOG.C
/SOURCE/DOG/SOURCES.ZIP/SRC/DOG.H
/SOURCE/DOG/SOURCES.ZIP/SRC/EH.C
/SOURCE/DOG/SOURCES.ZIP/SRC/EXT/
/SOURCE/DOG/SOURCES.ZIP/SRC/EXT/BP.C
/SOURCE/DOG/SOURCES.ZIP/SRC/EXT/BR.C
/SOURCE/DOG/SOURCES.ZIP/SRC/EXT/CL.C
/SOURCE/DOG/SOURCES.ZIP/SRC/EXT/CP.C
/SOURCE/DOG/SOURCES.ZIP/SRC/EXT/DT.C
/SOURCE/DOG/SOURCES.ZIP/SRC/EXT/EXT.H
/SOURCE/DOG/SOURCES.ZIP/SRC/EXT/LS.C
/SOURCE/DOG/SOURCES.ZIP/SRC/EXT/MV.C
/SOURCE/DOG/SOURCES.ZIP/SRC/EXT/RM.C
/SOURCE/DOG/SOURCES.ZIP/SRC/EXT/SZ.C
/SOURCE/DOG/SOURCES.ZIP/SRC/EXT/TP.C
/SOURCE/DOG/SOURCES.ZIP/SRC/EXT/VF.C
/SOURCE/DOG/SOURCES.ZIP/SRC/EXT/VR.C
/SOURCE/DOG/SOURCES.ZIP/SRC/HH.C
/SOURCE/DOG/SOURCES.ZIP/SRC/INTS.C
/SOURCE/DOG/SOURCES.ZIP/SRC/UTIL/
/SOURCE/DOG/SOURCES.ZIP/SRC/UTIL/HEAD.C
/SOURCE/DOG/SOURCES.ZIP/SRC/UTIL/HELP.C
/SOURCE/DOG/SOURCES.ZIP/SRC/UTIL/UTIL.H
/SOURCE/DOG/SOURCES.ZIP/SRC/UTIL/WHICH.C
/SOURCE/DOG/SOURCES.ZIP/SRC/XX.C
/UTIL/
/UTIL/DOG/
/UTIL/DOG/BP.COM
/UTIL/DOG/BR.COM
/UTIL/DOG/CL.COM
/UTIL/DOG/CP.COM
/UTIL/DOG/DOG.COM
/UTIL/DOG/DOG.DOG
/UTIL/DOG/DOG.ICO
/UTIL/DOG/DOG2.ICO
/UTIL/DOG/DT.COM
/UTIL/DOG/HEAD.COM
/UTIL/DOG/HELP.COM
/UTIL/DOG/LS.COM
/UTIL/DOG/MSDOS.DOG
/UTIL/DOG/MV.COM
/UTIL/DOG/RM.COM
/UTIL/DOG/SZ.COM
/UTIL/DOG/TP.COM
/UTIL/DOG/VF.COM
/UTIL/DOG/VR.COM
/UTIL/DOG/WHICH.COM
