/
/APPINFO/
/APPINFO/DOSDEF.DE
/APPINFO/DOSDEF.FR
/APPINFO/DOSDEF.LSM
/APPINFO/DOSDEF.SV
/APPINFO/DOSDEF.TR
/GAMES/
/GAMES/DOSDEF/
/GAMES/DOSDEF/DOSDEF.COM
/SOURCE/
/SOURCE/DOSDEF/
/SOURCE/DOSDEF/SOURCES.ZIP/
/SOURCE/DOSDEF/SOURCES.ZIP/ALLOC.H
/SOURCE/DOSDEF/SOURCES.ZIP/COM.LD
/SOURCE/DOSDEF/SOURCES.ZIP/DOSDEF.C
/SOURCE/DOSDEF/SOURCES.ZIP/INIT.H
/SOURCE/DOSDEF/SOURCES.ZIP/INT.H
/SOURCE/DOSDEF/SOURCES.ZIP/JOYSTICK.H
/SOURCE/DOSDEF/SOURCES.ZIP/KEYBOARD.H
/SOURCE/DOSDEF/SOURCES.ZIP/MAKEFILE
/SOURCE/DOSDEF/SOURCES.ZIP/MATH.H
/SOURCE/DOSDEF/SOURCES.ZIP/PORT.H
/SOURCE/DOSDEF/SOURCES.ZIP/PRINT.H
/SOURCE/DOSDEF/SOURCES.ZIP/RAND.H
/SOURCE/DOSDEF/SOURCES.ZIP/README.MD
/SOURCE/DOSDEF/SOURCES.ZIP/SPEAKER.H
/SOURCE/DOSDEF/SOURCES.ZIP/TIME.H
/SOURCE/DOSDEF/SOURCES.ZIP/TONE.H
/SOURCE/DOSDEF/SOURCES.ZIP/UNLICENS
/SOURCE/DOSDEF/SOURCES.ZIP/VGA_FONT.H
/SOURCE/DOSDEF/SOURCES.ZIP/VGA.H
