/
/APPINFO/
/APPINFO/E1000PKT.DE
/APPINFO/E1000PKT.FR
/APPINFO/E1000PKT.LSM
/APPINFO/E1000PKT.SV
/APPINFO/E1000PKT.TR
/DOC/
/DOC/E1000PKT/
/DOC/E1000PKT/README.TXT
/DRIVERS/
/DRIVERS/E1000PKT/
/DRIVERS/E1000PKT/E1000PKT.COM
/SOURCE/
/SOURCE/E1000PKT/
/SOURCE/E1000PKT/SOURCES.ZIP/
/SOURCE/E1000PKT/SOURCES.ZIP/82544.INC
/SOURCE/E1000PKT/SOURCES.ZIP/BUILD.BAT
/SOURCE/E1000PKT/SOURCES.ZIP/DEF.INC
/SOURCE/E1000PKT/SOURCES.ZIP/DRIVER.ASM
/SOURCE/E1000PKT/SOURCES.ZIP/EEPROM.ASM
/SOURCE/E1000PKT/SOURCES.ZIP/EEPROM.INC
/SOURCE/E1000PKT/SOURCES.ZIP/INIT.ASM
/SOURCE/E1000PKT/SOURCES.ZIP/MAKEFILE
/SOURCE/E1000PKT/SOURCES.ZIP/MESSAGE.INC
/SOURCE/E1000PKT/SOURCES.ZIP/PCI.INC
/SOURCE/E1000PKT/SOURCES.ZIP/PHY.ASM
/SOURCE/E1000PKT/SOURCES.ZIP/PHY.INC
/SOURCE/E1000PKT/SOURCES.ZIP/PRINT.ASM
/SOURCE/E1000PKT/SOURCES.ZIP/SEGMS.INC
/SOURCE/E1000PKT/SOURCES.ZIP/TIMER.ASM
