/
/APPINFO/
/APPINFO/E3.DE
/APPINFO/E3.FR
/APPINFO/E3.LSM
/APPINFO/E3.SV
/APPINFO/E3.TR
/EDIT/
/EDIT/E3/
/EDIT/E3/E3-16.COM
/EDIT/E3/E3.EXE
/EDIT/E3/README
/SOURCE/
/SOURCE/E3/
/SOURCE/E3/SOURCES.ZIP/
/SOURCE/E3/SOURCES.ZIP/armlinux/
/SOURCE/E3/SOURCES.ZIP/armlinux/Makefile
/SOURCE/E3/SOURCES.ZIP/armlinux/e3.s
/SOURCE/E3/SOURCES.ZIP/armlinux/emulayer.s
/SOURCE/E3/SOURCES.ZIP/armlinux/macros
/SOURCE/E3/SOURCES.ZIP/ChangeLog
/SOURCE/E3/SOURCES.ZIP/COPYING.GPL
/SOURCE/E3/SOURCES.ZIP/COPYRIGHT
/SOURCE/E3/SOURCES.ZIP/e3-16.asm
/SOURCE/E3/SOURCES.ZIP/e3.asm
/SOURCE/E3/SOURCES.ZIP/e3c/
/SOURCE/E3/SOURCES.ZIP/e3c/Makefile.arm
/SOURCE/E3/SOURCES.ZIP/e3c/Makefile.mipsel
/SOURCE/E3/SOURCES.ZIP/e3c/Makefile.x86
/SOURCE/E3/SOURCES.ZIP/e3c/README
/SOURCE/E3/SOURCES.ZIP/e3c/e3.asm_base_for_e3c
/SOURCE/E3/SOURCES.ZIP/e3c/e3.c
/SOURCE/E3/SOURCES.ZIP/e3c/e3.res
/SOURCE/E3/SOURCES.ZIP/e3c/e3c.man
/SOURCE/E3/SOURCES.ZIP/e3c/e3ws.hlp
/SOURCE/E3/SOURCES.ZIP/e3.h
/SOURCE/E3/SOURCES.ZIP/e3.html
/SOURCE/E3/SOURCES.ZIP/e3make.txt
/SOURCE/E3/SOURCES.ZIP/e3.man
/SOURCE/E3/SOURCES.ZIP/e3_nasm_yasm.sed
/SOURCE/E3/SOURCES.ZIP/e3_yasm_yasm64.sed
/SOURCE/E3/SOURCES.ZIP/elks/
/SOURCE/E3/SOURCES.ZIP/elks/Makefile
/SOURCE/E3/SOURCES.ZIP/elks/e3-16.asm
/SOURCE/E3/SOURCES.ZIP/Makefile
/SOURCE/E3/SOURCES.ZIP/OpenBSD/
/SOURCE/E3/SOURCES.ZIP/OpenBSD/Makefile
/SOURCE/E3/SOURCES.ZIP/README
