/
/APPINFO/
/APPINFO/ELVIS.DE
/APPINFO/ELVIS.FR
/APPINFO/ELVIS.LSM
/APPINFO/ELVIS.SV
/APPINFO/ELVIS.TR
/EDIT/
/EDIT/ELVIS/
/EDIT/ELVIS/BUGS
/EDIT/ELVIS/COPYING
/EDIT/ELVIS/CTAGS.EXE
/EDIT/ELVIS/DATA/
/EDIT/ELVIS/DATA/ELVIS.ALI
/EDIT/ELVIS/DATA/ELVIS.ARF
/EDIT/ELVIS/DATA/ELVIS.AWF
/EDIT/ELVIS/DATA/ELVIS.BRF
/EDIT/ELVIS/DATA/ELVIS.BRO
/EDIT/ELVIS/DATA/ELVIS.BWF
/EDIT/ELVIS/DATA/ELVIS.CLR
/EDIT/ELVIS/DATA/ELVIS.GLA
/EDIT/ELVIS/DATA/ELVIS.GNO
/EDIT/ELVIS/DATA/ELVIS.INI
/EDIT/ELVIS/DATA/ELVIS.LAT
/EDIT/ELVIS/DATA/ELVIS.MSG
/EDIT/ELVIS/DATA/ELVIS.PC8
/EDIT/ELVIS/DATA/ELVIS.PS
/EDIT/ELVIS/DATA/ELVIS.RC
/EDIT/ELVIS/DATA/ELVIS.SPE
/EDIT/ELVIS/DATA/ELVIS.SYN
/EDIT/ELVIS/DATA/ELVIS.X11
/EDIT/ELVIS/DATA/ICONS/
/EDIT/ELVIS/DATA/ICONS/ELVIS.XPM
/EDIT/ELVIS/DATA/ICONS/ELVIS1.XPM
/EDIT/ELVIS/DATA/ICONS/ELVIS2.XPM
/EDIT/ELVIS/DATA/ICONS/ELVIS3.XPM
/EDIT/ELVIS/DATA/ICONS/KDE.XPM
/EDIT/ELVIS/DATA/ICONS/MINI.XPM
/EDIT/ELVIS/DATA/ICONS/NORMAL.XPM
/EDIT/ELVIS/DATA/ICONS/PRESLEY.XPM
/EDIT/ELVIS/DATA/ICONS/SMALL.XPM
/EDIT/ELVIS/DATA/SCRIPTS/
/EDIT/ELVIS/DATA/SCRIPTS/ALIGN.EX
/EDIT/ELVIS/DATA/SCRIPTS/AUGZ.EX
/EDIT/ELVIS/DATA/SCRIPTS/CB.EX
/EDIT/ELVIS/DATA/SCRIPTS/CURSOR.EX
/EDIT/ELVIS/DATA/SCRIPTS/DECODE.EX
/EDIT/ELVIS/DATA/SCRIPTS/DEFINE.EX
/EDIT/ELVIS/DATA/SCRIPTS/DICT.EX
/EDIT/ELVIS/DATA/SCRIPTS/ELLIPSE.EX
/EDIT/ELVIS/DATA/SCRIPTS/FIND.EX
/EDIT/ELVIS/DATA/SCRIPTS/FONTSIZE.EX
/EDIT/ELVIS/DATA/SCRIPTS/HTML.EX
/EDIT/ELVIS/DATA/SCRIPTS/INFO.EX
/EDIT/ELVIS/DATA/SCRIPTS/INFO2.EX
/EDIT/ELVIS/DATA/SCRIPTS/INREGION.EX
/EDIT/ELVIS/DATA/SCRIPTS/ISEARCH.EX
/EDIT/ELVIS/DATA/SCRIPTS/LIFE.EX
/EDIT/ELVIS/DATA/SCRIPTS/LIKEVIM.EX
/EDIT/ELVIS/DATA/SCRIPTS/MAILTO.EX
/EDIT/ELVIS/DATA/SCRIPTS/MAKEHTML.EX
/EDIT/ELVIS/DATA/SCRIPTS/MATCH.EX
/EDIT/ELVIS/DATA/SCRIPTS/PIG.EX
/EDIT/ELVIS/DATA/SCRIPTS/REVERSE.EX
/EDIT/ELVIS/DATA/SCRIPTS/ROT13.EX
/EDIT/ELVIS/DATA/SCRIPTS/SFB.EX
/EDIT/ELVIS/DATA/SCRIPTS/SHADE.EX
/EDIT/ELVIS/DATA/SCRIPTS/SHOW.EX
/EDIT/ELVIS/DATA/SCRIPTS/SINCE.EX
/EDIT/ELVIS/DATA/SCRIPTS/TAGS.EX
/EDIT/ELVIS/DATA/SCRIPTS/WC.EX
/EDIT/ELVIS/DATA/SCRIPTS/WHOIS.EX
/EDIT/ELVIS/DATA/SCRIPTS/XBUF.EX
/EDIT/ELVIS/DATA/STUBS/
/EDIT/ELVIS/DATA/STUBS/ANSISTUB.C
/EDIT/ELVIS/DATA/STUBS/GDKSTUB.C
/EDIT/ELVIS/DATA/STUBS/GLIBSTUB.C
/EDIT/ELVIS/DATA/STUBS/GTKSTUB.C
/EDIT/ELVIS/DATA/STUBS/PTHREAD.C
/EDIT/ELVIS/DATA/STUBS/UNIXSTUB.C
/EDIT/ELVIS/DATA/STUBS/XFTSTUB.C
/EDIT/ELVIS/DATA/STUBS/XLIBSTUB.C
/EDIT/ELVIS/DATA/STUBS/XPMSTUB.C
/EDIT/ELVIS/DATA/TAGS
/EDIT/ELVIS/DATA/THEMES/
/EDIT/ELVIS/DATA/THEMES/SAND.EX
/EDIT/ELVIS/DATA/THEMES/SAND.XPM
/EDIT/ELVIS/DOC/
/EDIT/ELVIS/DOC/BUGS.TXT
/EDIT/ELVIS/DOC/CTAGS.MAN
/EDIT/ELVIS/DOC/DOEXEC.TXT
/EDIT/ELVIS/DOC/ELVFMT.MAN
/EDIT/ELVIS/DOC/ELVIS.HTM
/EDIT/ELVIS/DOC/ELVIS.MAN
/EDIT/ELVIS/DOC/ELVISCUT.HTM
/EDIT/ELVIS/DOC/ELVISDM.HTM
/EDIT/ELVIS/DOC/ELVISEX.HTM
/EDIT/ELVIS/DOC/ELVISEXP.HTM
/EDIT/ELVIS/DOC/ELVISGUI.HTM
/EDIT/ELVIS/DOC/ELVISINP.HTM
/EDIT/ELVIS/DOC/ELVISMSG.HTM
/EDIT/ELVIS/DOC/ELVISNET.HTM
/EDIT/ELVIS/DOC/ELVISOPT.HTM
/EDIT/ELVIS/DOC/ELVISOS.HTM
/EDIT/ELVIS/DOC/ELVISQR.HTM
/EDIT/ELVIS/DOC/ELVISRE.HTM
/EDIT/ELVIS/DOC/ELVISSES.HTM
/EDIT/ELVIS/DOC/ELVISTAG.HTM
/EDIT/ELVIS/DOC/ELVISTIP.HTM
/EDIT/ELVIS/DOC/ELVISTRS.MSG
/EDIT/ELVIS/DOC/ELVISVI.HTM
/EDIT/ELVIS/DOC/ELVTAGS.MAN
/EDIT/ELVIS/DOC/FMT.MAN
/EDIT/ELVIS/DOC/HOWTO.HTM
/EDIT/ELVIS/DOC/LICENSE.HTM
/EDIT/ELVIS/DOC/PRINTDOC.BAT
/EDIT/ELVIS/DOC/REF.MAN
/EDIT/ELVIS/ELVIS.EXE
/EDIT/ELVIS/EX.EXE
/EDIT/ELVIS/FMT.EXE
/EDIT/ELVIS/README.HTM
/EDIT/ELVIS/REF.EXE
/EDIT/ELVIS/VI.EXE
/EDIT/ELVIS/VIEW.EXE
/SOURCE/
/SOURCE/ELVIS/
/SOURCE/ELVIS/SOURCES.ZIP/
/SOURCE/ELVIS/SOURCES.ZIP/alias.c
/SOURCE/ELVIS/SOURCES.ZIP/Announce-2.2_0
/SOURCE/ELVIS/SOURCES.ZIP/autocmd.c
/SOURCE/ELVIS/SOURCES.ZIP/autocmd.h
/SOURCE/ELVIS/SOURCES.ZIP/buffer2.h
/SOURCE/ELVIS/SOURCES.ZIP/buffer.c
/SOURCE/ELVIS/SOURCES.ZIP/buffer.h
/SOURCE/ELVIS/SOURCES.ZIP/BUGS
/SOURCE/ELVIS/SOURCES.ZIP/calc.c
/SOURCE/ELVIS/SOURCES.ZIP/calc.h
/SOURCE/ELVIS/SOURCES.ZIP/color.c
/SOURCE/ELVIS/SOURCES.ZIP/color.h
/SOURCE/ELVIS/SOURCES.ZIP/configure
/SOURCE/ELVIS/SOURCES.ZIP/COPYING
/SOURCE/ELVIS/SOURCES.ZIP/ctags.c
/SOURCE/ELVIS/SOURCES.ZIP/ctypetbl.h
/SOURCE/ELVIS/SOURCES.ZIP/cut.c
/SOURCE/ELVIS/SOURCES.ZIP/cut.h
/SOURCE/ELVIS/SOURCES.ZIP/data/
/SOURCE/ELVIS/SOURCES.ZIP/data/elvis.ali
/SOURCE/ELVIS/SOURCES.ZIP/data/elvis.arf
/SOURCE/ELVIS/SOURCES.ZIP/data/elvis.awf
/SOURCE/ELVIS/SOURCES.ZIP/data/elvis.brf
/SOURCE/ELVIS/SOURCES.ZIP/data/elvis.bro
/SOURCE/ELVIS/SOURCES.ZIP/data/elvis.bwf
/SOURCE/ELVIS/SOURCES.ZIP/data/elvis.clr
/SOURCE/ELVIS/SOURCES.ZIP/data/elvis.glade
/SOURCE/ELVIS/SOURCES.ZIP/data/elvis.gnome
/SOURCE/ELVIS/SOURCES.ZIP/data/elvis.ini
/SOURCE/ELVIS/SOURCES.ZIP/data/elvis.lat
/SOURCE/ELVIS/SOURCES.ZIP/data/elvis.msg
/SOURCE/ELVIS/SOURCES.ZIP/data/elvis.pc8
/SOURCE/ELVIS/SOURCES.ZIP/data/elvis.ps
/SOURCE/ELVIS/SOURCES.ZIP/data/elvis.rc
/SOURCE/ELVIS/SOURCES.ZIP/data/elvis.spe
/SOURCE/ELVIS/SOURCES.ZIP/data/elvis.syn
/SOURCE/ELVIS/SOURCES.ZIP/data/elvis.x11
/SOURCE/ELVIS/SOURCES.ZIP/data/icons/
/SOURCE/ELVIS/SOURCES.ZIP/data/icons/elvis.xpm
/SOURCE/ELVIS/SOURCES.ZIP/data/icons/elvis1.xpm
/SOURCE/ELVIS/SOURCES.ZIP/data/icons/elvis2.xpm
/SOURCE/ELVIS/SOURCES.ZIP/data/icons/elvis3.xpm
/SOURCE/ELVIS/SOURCES.ZIP/data/icons/kde.xpm
/SOURCE/ELVIS/SOURCES.ZIP/data/icons/mini.xpm
/SOURCE/ELVIS/SOURCES.ZIP/data/icons/normal.xpm
/SOURCE/ELVIS/SOURCES.ZIP/data/icons/presley.xpm
/SOURCE/ELVIS/SOURCES.ZIP/data/icons/small.xpm
/SOURCE/ELVIS/SOURCES.ZIP/data/scripts/
/SOURCE/ELVIS/SOURCES.ZIP/data/scripts/align.ex
/SOURCE/ELVIS/SOURCES.ZIP/data/scripts/augz.ex
/SOURCE/ELVIS/SOURCES.ZIP/data/scripts/cb.ex
/SOURCE/ELVIS/SOURCES.ZIP/data/scripts/cursor.ex
/SOURCE/ELVIS/SOURCES.ZIP/data/scripts/decode.ex
/SOURCE/ELVIS/SOURCES.ZIP/data/scripts/define.ex
/SOURCE/ELVIS/SOURCES.ZIP/data/scripts/dict.ex
/SOURCE/ELVIS/SOURCES.ZIP/data/scripts/ellipse.ex
/SOURCE/ELVIS/SOURCES.ZIP/data/scripts/find.ex
/SOURCE/ELVIS/SOURCES.ZIP/data/scripts/fontsize.ex
/SOURCE/ELVIS/SOURCES.ZIP/data/scripts/html.ex
/SOURCE/ELVIS/SOURCES.ZIP/data/scripts/info.ex
/SOURCE/ELVIS/SOURCES.ZIP/data/scripts/info2.ex
/SOURCE/ELVIS/SOURCES.ZIP/data/scripts/inregion.ex
/SOURCE/ELVIS/SOURCES.ZIP/data/scripts/isearch.ex
/SOURCE/ELVIS/SOURCES.ZIP/data/scripts/life.ex
/SOURCE/ELVIS/SOURCES.ZIP/data/scripts/likevim.ex
/SOURCE/ELVIS/SOURCES.ZIP/data/scripts/mailto.ex
/SOURCE/ELVIS/SOURCES.ZIP/data/scripts/makehtml.ex
/SOURCE/ELVIS/SOURCES.ZIP/data/scripts/match.ex
/SOURCE/ELVIS/SOURCES.ZIP/data/scripts/pig.ex
/SOURCE/ELVIS/SOURCES.ZIP/data/scripts/reverse.ex
/SOURCE/ELVIS/SOURCES.ZIP/data/scripts/rot13.ex
/SOURCE/ELVIS/SOURCES.ZIP/data/scripts/sfb.ex
/SOURCE/ELVIS/SOURCES.ZIP/data/scripts/shade.ex
/SOURCE/ELVIS/SOURCES.ZIP/data/scripts/show.ex
/SOURCE/ELVIS/SOURCES.ZIP/data/scripts/since.ex
/SOURCE/ELVIS/SOURCES.ZIP/data/scripts/tags.ex
/SOURCE/ELVIS/SOURCES.ZIP/data/scripts/wc.ex
/SOURCE/ELVIS/SOURCES.ZIP/data/scripts/whois.ex
/SOURCE/ELVIS/SOURCES.ZIP/data/scripts/xbuf.ex
/SOURCE/ELVIS/SOURCES.ZIP/data/stubs/
/SOURCE/ELVIS/SOURCES.ZIP/data/stubs/ansistub.c
/SOURCE/ELVIS/SOURCES.ZIP/data/stubs/gdkstub.c
/SOURCE/ELVIS/SOURCES.ZIP/data/stubs/glibstub.c
/SOURCE/ELVIS/SOURCES.ZIP/data/stubs/gtkstub.c
/SOURCE/ELVIS/SOURCES.ZIP/data/stubs/pthread.c
/SOURCE/ELVIS/SOURCES.ZIP/data/stubs/unixstub.c
/SOURCE/ELVIS/SOURCES.ZIP/data/stubs/xftstub.c
/SOURCE/ELVIS/SOURCES.ZIP/data/stubs/xlibstub.c
/SOURCE/ELVIS/SOURCES.ZIP/data/stubs/xpmstub.c
/SOURCE/ELVIS/SOURCES.ZIP/data/themes/
/SOURCE/ELVIS/SOURCES.ZIP/data/themes/sand.ex
/SOURCE/ELVIS/SOURCES.ZIP/data/themes/sand.xpm
/SOURCE/ELVIS/SOURCES.ZIP/descr.c
/SOURCE/ELVIS/SOURCES.ZIP/descr.h
/SOURCE/ELVIS/SOURCES.ZIP/digraph.c
/SOURCE/ELVIS/SOURCES.ZIP/digraph.h
/SOURCE/ELVIS/SOURCES.ZIP/display2.h
/SOURCE/ELVIS/SOURCES.ZIP/display.c
/SOURCE/ELVIS/SOURCES.ZIP/display.h
/SOURCE/ELVIS/SOURCES.ZIP/dmhex.c
/SOURCE/ELVIS/SOURCES.ZIP/dmmarkup.c
/SOURCE/ELVIS/SOURCES.ZIP/dmnormal.c
/SOURCE/ELVIS/SOURCES.ZIP/dmsyntax.c
/SOURCE/ELVIS/SOURCES.ZIP/doc/
/SOURCE/ELVIS/SOURCES.ZIP/doc/bugs.txt
/SOURCE/ELVIS/SOURCES.ZIP/doc/ctags.man
/SOURCE/ELVIS/SOURCES.ZIP/doc/doexec.txt
/SOURCE/ELVIS/SOURCES.ZIP/doc/elvis.html
/SOURCE/ELVIS/SOURCES.ZIP/doc/elvis.man
/SOURCE/ELVIS/SOURCES.ZIP/doc/elviscut.html
/SOURCE/ELVIS/SOURCES.ZIP/doc/elvisdm.html
/SOURCE/ELVIS/SOURCES.ZIP/doc/elvisex.html
/SOURCE/ELVIS/SOURCES.ZIP/doc/elvisexp.html
/SOURCE/ELVIS/SOURCES.ZIP/doc/elvisgui.html
/SOURCE/ELVIS/SOURCES.ZIP/doc/elvisinp.html
/SOURCE/ELVIS/SOURCES.ZIP/doc/elvismsg.html
/SOURCE/ELVIS/SOURCES.ZIP/doc/elvisnet.html
/SOURCE/ELVIS/SOURCES.ZIP/doc/elvisopt.html
/SOURCE/ELVIS/SOURCES.ZIP/doc/elvisos.html
/SOURCE/ELVIS/SOURCES.ZIP/doc/elvisqr.html
/SOURCE/ELVIS/SOURCES.ZIP/doc/elvisre.html
/SOURCE/ELVIS/SOURCES.ZIP/doc/elvisses.html
/SOURCE/ELVIS/SOURCES.ZIP/doc/elvistag.html
/SOURCE/ELVIS/SOURCES.ZIP/doc/elvistip.html
/SOURCE/ELVIS/SOURCES.ZIP/doc/elvistrs.msg
/SOURCE/ELVIS/SOURCES.ZIP/doc/elvisvi.html
/SOURCE/ELVIS/SOURCES.ZIP/doc/fmt.man
/SOURCE/ELVIS/SOURCES.ZIP/doc/howto.html
/SOURCE/ELVIS/SOURCES.ZIP/doc/license.html
/SOURCE/ELVIS/SOURCES.ZIP/doc/printdoc.bat
/SOURCE/ELVIS/SOURCES.ZIP/doc/ref.man
/SOURCE/ELVIS/SOURCES.ZIP/draw2.h
/SOURCE/ELVIS/SOURCES.ZIP/draw.c
/SOURCE/ELVIS/SOURCES.ZIP/draw.h
/SOURCE/ELVIS/SOURCES.ZIP/e2
/SOURCE/ELVIS/SOURCES.ZIP/elvctype.h
/SOURCE/ELVIS/SOURCES.ZIP/elvdump.c
/SOURCE/ELVIS/SOURCES.ZIP/elvis.h
/SOURCE/ELVIS/SOURCES.ZIP/elvisio.h
/SOURCE/ELVIS/SOURCES.ZIP/elvis.lsm
/SOURCE/ELVIS/SOURCES.ZIP/elvis.spec.in
/SOURCE/ELVIS/SOURCES.ZIP/event.c
/SOURCE/ELVIS/SOURCES.ZIP/event.h
/SOURCE/ELVIS/SOURCES.ZIP/exaction.c
/SOURCE/ELVIS/SOURCES.ZIP/ex.c
/SOURCE/ELVIS/SOURCES.ZIP/exconfig.c
/SOURCE/ELVIS/SOURCES.ZIP/exedit.c
/SOURCE/ELVIS/SOURCES.ZIP/ex.h
/SOURCE/ELVIS/SOURCES.ZIP/exmake.c
/SOURCE/ELVIS/SOURCES.ZIP/exsubst.c
/SOURCE/ELVIS/SOURCES.ZIP/fmt.c
/SOURCE/ELVIS/SOURCES.ZIP/fold.c
/SOURCE/ELVIS/SOURCES.ZIP/fold.h
/SOURCE/ELVIS/SOURCES.ZIP/ftp.c
/SOURCE/ELVIS/SOURCES.ZIP/gui2.h
/SOURCE/ELVIS/SOURCES.ZIP/gui.c
/SOURCE/ELVIS/SOURCES.ZIP/guicurs.c
/SOURCE/ELVIS/SOURCES.ZIP/guignome/
/SOURCE/ELVIS/SOURCES.ZIP/guignome/IDL_Elvis_ElvisPrivate_1.0.gnorba
/SOURCE/ELVIS/SOURCES.ZIP/guignome/README.gnome
/SOURCE/ELVIS/SOURCES.ZIP/guignome/elvisCorba.idl
/SOURCE/ELVIS/SOURCES.ZIP/guignome/guignome.c
/SOURCE/ELVIS/SOURCES.ZIP/guignome/guignome.h
/SOURCE/ELVIS/SOURCES.ZIP/guignome/guignome_clip.c
/SOURCE/ELVIS/SOURCES.ZIP/guignome/guignome_clip.h
/SOURCE/ELVIS/SOURCES.ZIP/guignome/guignome_corba.c
/SOURCE/ELVIS/SOURCES.ZIP/guignome/guignome_corba.h
/SOURCE/ELVIS/SOURCES.ZIP/guignome/guignome_mousedrag.c
/SOURCE/ELVIS/SOURCES.ZIP/guignome/guignome_mousedrag.h
/SOURCE/ELVIS/SOURCES.ZIP/gui.h
/SOURCE/ELVIS/SOURCES.ZIP/guiopen.c
/SOURCE/ELVIS/SOURCES.ZIP/guitcap.c
/SOURCE/ELVIS/SOURCES.ZIP/guiwin32/
/SOURCE/ELVIS/SOURCES.ZIP/guiwin32/WinElvis.mak
/SOURCE/ELVIS/SOURCES.ZIP/guiwin32/WinElvis.rc
/SOURCE/ELVIS/SOURCES.ZIP/guiwin32/WinTags.mak
/SOURCE/ELVIS/SOURCES.ZIP/guiwin32/WinTags.rc
/SOURCE/ELVIS/SOURCES.ZIP/guiwin32/arrow.cur
/SOURCE/ELVIS/SOURCES.ZIP/guiwin32/cursor1.cur
/SOURCE/ELVIS/SOURCES.ZIP/guiwin32/elvis.ico
/SOURCE/ELVIS/SOURCES.ZIP/guiwin32/elvisres.h
/SOURCE/ELVIS/SOURCES.ZIP/guiwin32/foo
/SOURCE/ELVIS/SOURCES.ZIP/guiwin32/guiwin.c
/SOURCE/ELVIS/SOURCES.ZIP/guiwin32/gwcmd.c
/SOURCE/ELVIS/SOURCES.ZIP/guiwin32/gwdlgs.c
/SOURCE/ELVIS/SOURCES.ZIP/guiwin32/gwimage.c
/SOURCE/ELVIS/SOURCES.ZIP/guiwin32/gwmsg.c
/SOURCE/ELVIS/SOURCES.ZIP/guiwin32/gwopts.c
/SOURCE/ELVIS/SOURCES.ZIP/guiwin32/gwprint.c
/SOURCE/ELVIS/SOURCES.ZIP/guiwin32/gwstatb.c
/SOURCE/ELVIS/SOURCES.ZIP/guiwin32/gwtoolb.c
/SOURCE/ELVIS/SOURCES.ZIP/guiwin32/gwutil.c
/SOURCE/ELVIS/SOURCES.ZIP/guiwin32/toolbar.bmp
/SOURCE/ELVIS/SOURCES.ZIP/guiwin32/winelvis.c
/SOURCE/ELVIS/SOURCES.ZIP/guiwin32/winelvis.h
/SOURCE/ELVIS/SOURCES.ZIP/guiwin32/wintags.c
/SOURCE/ELVIS/SOURCES.ZIP/guiwin32/wintags.h
/SOURCE/ELVIS/SOURCES.ZIP/guiwin32/wintools.c
/SOURCE/ELVIS/SOURCES.ZIP/guiwin32/wintools.h
/SOURCE/ELVIS/SOURCES.ZIP/guix11/
/SOURCE/ELVIS/SOURCES.ZIP/guix11/Elvis.kdelnk
/SOURCE/ELVIS/SOURCES.ZIP/guix11/elvis.xbm
/SOURCE/ELVIS/SOURCES.ZIP/guix11/elvispin.xbm
/SOURCE/ELVIS/SOURCES.ZIP/guix11/foo.xbm
/SOURCE/ELVIS/SOURCES.ZIP/guix11/gray.xbm
/SOURCE/ELVIS/SOURCES.ZIP/guix11/guix11.c
/SOURCE/ELVIS/SOURCES.ZIP/guix11/guix11.h
/SOURCE/ELVIS/SOURCES.ZIP/guix11/tags
/SOURCE/ELVIS/SOURCES.ZIP/guix11/xclip.c
/SOURCE/ELVIS/SOURCES.ZIP/guix11/xclip.h
/SOURCE/ELVIS/SOURCES.ZIP/guix11/xdialog.c
/SOURCE/ELVIS/SOURCES.ZIP/guix11/xdialog.h
/SOURCE/ELVIS/SOURCES.ZIP/guix11/xevent.c
/SOURCE/ELVIS/SOURCES.ZIP/guix11/xevent.h
/SOURCE/ELVIS/SOURCES.ZIP/guix11/xmisc.c
/SOURCE/ELVIS/SOURCES.ZIP/guix11/xmisc.h
/SOURCE/ELVIS/SOURCES.ZIP/guix11/xscroll.c
/SOURCE/ELVIS/SOURCES.ZIP/guix11/xscroll.h
/SOURCE/ELVIS/SOURCES.ZIP/guix11/xstatus.c
/SOURCE/ELVIS/SOURCES.ZIP/guix11/xstatus.h
/SOURCE/ELVIS/SOURCES.ZIP/guix11/xtext.c
/SOURCE/ELVIS/SOURCES.ZIP/guix11/xtext.h
/SOURCE/ELVIS/SOURCES.ZIP/guix11/xtool.c
/SOURCE/ELVIS/SOURCES.ZIP/guix11/xtool.h
/SOURCE/ELVIS/SOURCES.ZIP/http.c
/SOURCE/ELVIS/SOURCES.ZIP/input.c
/SOURCE/ELVIS/SOURCES.ZIP/input.h
/SOURCE/ELVIS/SOURCES.ZIP/INSTALL
/SOURCE/ELVIS/SOURCES.ZIP/instman.sh
/SOURCE/ELVIS/SOURCES.ZIP/io.c
/SOURCE/ELVIS/SOURCES.ZIP/lowbuf.c
/SOURCE/ELVIS/SOURCES.ZIP/lowbuf.h
/SOURCE/ELVIS/SOURCES.ZIP/lp.c
/SOURCE/ELVIS/SOURCES.ZIP/lpescape.c
/SOURCE/ELVIS/SOURCES.ZIP/lp.h
/SOURCE/ELVIS/SOURCES.ZIP/lpovrtyp.c
/SOURCE/ELVIS/SOURCES.ZIP/lpps.c
/SOURCE/ELVIS/SOURCES.ZIP/main.c
/SOURCE/ELVIS/SOURCES.ZIP/Makefile.in
/SOURCE/ELVIS/SOURCES.ZIP/makmsdos.bat
/SOURCE/ELVIS/SOURCES.ZIP/makos2.cmd
/SOURCE/ELVIS/SOURCES.ZIP/makwin32.bat
/SOURCE/ELVIS/SOURCES.ZIP/map.c
/SOURCE/ELVIS/SOURCES.ZIP/map.h
/SOURCE/ELVIS/SOURCES.ZIP/mark.c
/SOURCE/ELVIS/SOURCES.ZIP/mark.h
/SOURCE/ELVIS/SOURCES.ZIP/message2.h
/SOURCE/ELVIS/SOURCES.ZIP/message.c
/SOURCE/ELVIS/SOURCES.ZIP/message.h
/SOURCE/ELVIS/SOURCES.ZIP/misc.c
/SOURCE/ELVIS/SOURCES.ZIP/misc.h
/SOURCE/ELVIS/SOURCES.ZIP/more.c
/SOURCE/ELVIS/SOURCES.ZIP/more.h
/SOURCE/ELVIS/SOURCES.ZIP/move.c
/SOURCE/ELVIS/SOURCES.ZIP/move.h
/SOURCE/ELVIS/SOURCES.ZIP/need.c
/SOURCE/ELVIS/SOURCES.ZIP/need.h
/SOURCE/ELVIS/SOURCES.ZIP/operator.c
/SOURCE/ELVIS/SOURCES.ZIP/operator.h
/SOURCE/ELVIS/SOURCES.ZIP/opsys.h
/SOURCE/ELVIS/SOURCES.ZIP/optglob.c
/SOURCE/ELVIS/SOURCES.ZIP/optglob.h
/SOURCE/ELVIS/SOURCES.ZIP/options2.h
/SOURCE/ELVIS/SOURCES.ZIP/options.c
/SOURCE/ELVIS/SOURCES.ZIP/options.h
/SOURCE/ELVIS/SOURCES.ZIP/osmsdos/
/SOURCE/ELVIS/SOURCES.ZIP/osmsdos/ctags.mak
/SOURCE/ELVIS/SOURCES.ZIP/osmsdos/doexec.h
/SOURCE/ELVIS/SOURCES.ZIP/osmsdos/doexec.lib
/SOURCE/ELVIS/SOURCES.ZIP/osmsdos/elvis.mak
/SOURCE/ELVIS/SOURCES.ZIP/osmsdos/fmt.mak
/SOURCE/ELVIS/SOURCES.ZIP/osmsdos/mouse.c
/SOURCE/ELVIS/SOURCES.ZIP/osmsdos/mouse.h
/SOURCE/ELVIS/SOURCES.ZIP/osmsdos/osblock.c
/SOURCE/ELVIS/SOURCES.ZIP/osmsdos/osconfig.h
/SOURCE/ELVIS/SOURCES.ZIP/osmsdos/osdef.h
/SOURCE/ELVIS/SOURCES.ZIP/osmsdos/osdir.c
/SOURCE/ELVIS/SOURCES.ZIP/osmsdos/osprg.c
/SOURCE/ELVIS/SOURCES.ZIP/osmsdos/ostext.c
/SOURCE/ELVIS/SOURCES.ZIP/osmsdos/pcvideo.h
/SOURCE/ELVIS/SOURCES.ZIP/osmsdos/ref.mak
/SOURCE/ELVIS/SOURCES.ZIP/osmsdos/tcaphelp.c
/SOURCE/ELVIS/SOURCES.ZIP/osmsdos/vi.mak
/SOURCE/ELVIS/SOURCES.ZIP/osos2/
/SOURCE/ELVIS/SOURCES.ZIP/osos2/Elvis1.ICO
/SOURCE/ELVIS/SOURCES.ZIP/osos2/Elvis2.ICO
/SOURCE/ELVIS/SOURCES.ZIP/osos2/Makefile.os2
/SOURCE/ELVIS/SOURCES.ZIP/osos2/Makefile.os2,v
/SOURCE/ELVIS/SOURCES.ZIP/osos2/config-no-tcp.h
/SOURCE/ELVIS/SOURCES.ZIP/osos2/config-with-tcp.h
/SOURCE/ELVIS/SOURCES.ZIP/osos2/debug.c
/SOURCE/ELVIS/SOURCES.ZIP/osos2/debug.h
/SOURCE/ELVIS/SOURCES.ZIP/osos2/elvis.def
/SOURCE/ELVIS/SOURCES.ZIP/osos2/guivio.c
/SOURCE/ELVIS/SOURCES.ZIP/osos2/guivio.h
/SOURCE/ELVIS/SOURCES.ZIP/osos2/osblock.c
/SOURCE/ELVIS/SOURCES.ZIP/osos2/osdef.h
/SOURCE/ELVIS/SOURCES.ZIP/osos2/osdir.c
/SOURCE/ELVIS/SOURCES.ZIP/osos2/osnet.c
/SOURCE/ELVIS/SOURCES.ZIP/osos2/osprg.c
/SOURCE/ELVIS/SOURCES.ZIP/osos2/ostext.c
/SOURCE/ELVIS/SOURCES.ZIP/osos2/tcaphelp.c
/SOURCE/ELVIS/SOURCES.ZIP/osunix/
/SOURCE/ELVIS/SOURCES.ZIP/osunix/osblock.c
/SOURCE/ELVIS/SOURCES.ZIP/osunix/osdef.h
/SOURCE/ELVIS/SOURCES.ZIP/osunix/osdir.c
/SOURCE/ELVIS/SOURCES.ZIP/osunix/osnet.c
/SOURCE/ELVIS/SOURCES.ZIP/osunix/osprg.c
/SOURCE/ELVIS/SOURCES.ZIP/osunix/ostext.c
/SOURCE/ELVIS/SOURCES.ZIP/osunix/tcapbsd.h
/SOURCE/ELVIS/SOURCES.ZIP/osunix/tcaphelp.c
/SOURCE/ELVIS/SOURCES.ZIP/osunix/tcaposix.h
/SOURCE/ELVIS/SOURCES.ZIP/osunix/tcapsysv.h
/SOURCE/ELVIS/SOURCES.ZIP/oswin32/
/SOURCE/ELVIS/SOURCES.ZIP/oswin32/ctags.mak
/SOURCE/ELVIS/SOURCES.ZIP/oswin32/elvis.mak
/SOURCE/ELVIS/SOURCES.ZIP/oswin32/elvisutl.mak
/SOURCE/ELVIS/SOURCES.ZIP/oswin32/fmt.mak
/SOURCE/ELVIS/SOURCES.ZIP/oswin32/ls.c
/SOURCE/ELVIS/SOURCES.ZIP/oswin32/osblock.c
/SOURCE/ELVIS/SOURCES.ZIP/oswin32/osconfig.h
/SOURCE/ELVIS/SOURCES.ZIP/oswin32/osdef.h
/SOURCE/ELVIS/SOURCES.ZIP/oswin32/osdir.c
/SOURCE/ELVIS/SOURCES.ZIP/oswin32/osnet.c
/SOURCE/ELVIS/SOURCES.ZIP/oswin32/osprg.c
/SOURCE/ELVIS/SOURCES.ZIP/oswin32/ostext.c
/SOURCE/ELVIS/SOURCES.ZIP/oswin32/ref.mak
/SOURCE/ELVIS/SOURCES.ZIP/oswin32/tcaphelp.c
/SOURCE/ELVIS/SOURCES.ZIP/oswin32/winelvis.mak
/SOURCE/ELVIS/SOURCES.ZIP/oswin32/wintags.mak
/SOURCE/ELVIS/SOURCES.ZIP/README.html
/SOURCE/ELVIS/SOURCES.ZIP/ref.c
/SOURCE/ELVIS/SOURCES.ZIP/regexp.c
/SOURCE/ELVIS/SOURCES.ZIP/regexp.h
/SOURCE/ELVIS/SOURCES.ZIP/region.c
/SOURCE/ELVIS/SOURCES.ZIP/region.h
/SOURCE/ELVIS/SOURCES.ZIP/regsub.c
/SOURCE/ELVIS/SOURCES.ZIP/safe.c
/SOURCE/ELVIS/SOURCES.ZIP/safe.h
/SOURCE/ELVIS/SOURCES.ZIP/scan.c
/SOURCE/ELVIS/SOURCES.ZIP/scan.h
/SOURCE/ELVIS/SOURCES.ZIP/screen.h
/SOURCE/ELVIS/SOURCES.ZIP/search.c
/SOURCE/ELVIS/SOURCES.ZIP/session.c
/SOURCE/ELVIS/SOURCES.ZIP/session.h
/SOURCE/ELVIS/SOURCES.ZIP/spell.c
/SOURCE/ELVIS/SOURCES.ZIP/spell.h
/SOURCE/ELVIS/SOURCES.ZIP/state2.h
/SOURCE/ELVIS/SOURCES.ZIP/state.c
/SOURCE/ELVIS/SOURCES.ZIP/state.h
/SOURCE/ELVIS/SOURCES.ZIP/tag.c
/SOURCE/ELVIS/SOURCES.ZIP/tagelvis.c
/SOURCE/ELVIS/SOURCES.ZIP/tagelvis.h
/SOURCE/ELVIS/SOURCES.ZIP/tag.h
/SOURCE/ELVIS/SOURCES.ZIP/tagsrch.c
/SOURCE/ELVIS/SOURCES.ZIP/tagsrch.h
/SOURCE/ELVIS/SOURCES.ZIP/tinytcap.c
/SOURCE/ELVIS/SOURCES.ZIP/url.c
/SOURCE/ELVIS/SOURCES.ZIP/verify.c
/SOURCE/ELVIS/SOURCES.ZIP/version.h
/SOURCE/ELVIS/SOURCES.ZIP/vi.c
/SOURCE/ELVIS/SOURCES.ZIP/vicmd.c
/SOURCE/ELVIS/SOURCES.ZIP/vicmd.h
/SOURCE/ELVIS/SOURCES.ZIP/vi.h
/SOURCE/ELVIS/SOURCES.ZIP/window.c
/SOURCE/ELVIS/SOURCES.ZIP/window.h
