/
/APPINFO/
/APPINFO/FDSHELL.DE
/APPINFO/FDSHELL.FR
/APPINFO/FDSHELL.LSM
/APPINFO/FDSHELL.SV
/APPINFO/FDSHELL.TR
/BIN/
/BIN/DOSSHELL.EXE
/BIN/DOSSHELL.INI
/BIN/copying.txt
/DOC/
/DOC/FDSHELL/
/DOC/FDSHELL/CHANGELO
/DOC/FDSHELL/README.TXT
/DOC/FDSHELL/SRCDIST
/HELP/
/HELP/DOSSHELL.DE
/HELP/DOSSHELL.EN
/HELP/DOSSHELL.ES
/HELP/DOSSHELL.FR
/HELP/DOSSHELL.SV
/HELP/DOSSHELL.TR
/SOURCE/
/SOURCE/FDSHELL/
/SOURCE/FDSHELL/SOURCES.ZIP/
/SOURCE/FDSHELL/SOURCES.ZIP/CODE/
/SOURCE/FDSHELL/SOURCES.ZIP/CODE/DOSSHELL.BAS
/SOURCE/FDSHELL/SOURCES.ZIP/CREATE.BAT
/SOURCE/FDSHELL/SOURCES.ZIP/DOSSHELL.INI
/SOURCE/FDSHELL/SOURCES.ZIP/DOSSHELL.MAK
/SOURCE/FDSHELL/SOURCES.ZIP/FORMS/
/SOURCE/FDSHELL/SOURCES.ZIP/FORMS/MAIN.FRM
/SOURCE/FDSHELL/SOURCES.ZIP/FORMS/MENUCMDS/
/SOURCE/FDSHELL/SOURCES.ZIP/FORMS/MENUCMDS/FILEMENU/
/SOURCE/FDSHELL/SOURCES.ZIP/FORMS/MENUCMDS/FILEMENU/CHATTR.FRM
/SOURCE/FDSHELL/SOURCES.ZIP/FORMS/MENUCMDS/FILEMENU/SEARCH.FRM
/SOURCE/FDSHELL/SOURCES.ZIP/FORMS/MENUCMDS/FILEMENU/VIEW.FRM
/SOURCE/FDSHELL/SOURCES.ZIP/FORMS/MENUCMDS/OPTIMENU/
/SOURCE/FDSHELL/SOURCES.ZIP/FORMS/MENUCMDS/OPTIMENU/CONTROLP.FRM
/SOURCE/FDSHELL/SOURCES.ZIP/FORMS/MENUCMDS/OPTIMENU/FDOPT.FRM
/SOURCE/FDSHELL/SOURCES.ZIP/FORMS/MENUCMDS/OPTIMENU/SHOWINFO.FRM
/SOURCE/FDSHELL/SOURCES.ZIP/FORMS/ONEFIELD.FRM
/SOURCE/FDSHELL/SOURCES.ZIP/FORMS/TWOFIELD.FRM
