/
/APPINFO/
/APPINFO/FDTUI.DE
/APPINFO/FDTUI.FR
/APPINFO/FDTUI.LSM
/APPINFO/FDTUI.SV
/APPINFO/FDTUI.TR
/BIN/
/BIN/FDOSTUI.INI
/BIN/FDTUI.EXE
/DOC/
/DOC/FDTUI/
/DOC/FDTUI/3RDPARTY/
/DOC/FDTUI/3RDPARTY/LICENCES/
/DOC/FDTUI/3RDPARTY/LICENCES/FDOSTUI/
/DOC/FDTUI/3RDPARTY/LICENCES/FDOSTUI/CC0.txt
/DOC/FDTUI/3RDPARTY/LICENCES/FDOSTUI/FLTK.txt
/DOC/FDTUI/3RDPARTY/LICENCES/FDOSTUI/MPLv2_0.txt
/DOC/FDTUI/3RDPARTY/LICENCES/Kitten/
/DOC/FDTUI/3RDPARTY/LICENCES/Kitten/LGPLv2_1.txt
/DOC/FDTUI/GPLv2.txt
/DOC/FDTUI/GPLv3.txt
/DOC/FDTUI/LICENSE
/DOC/FDTUI/README/
/DOC/FDTUI/README/DE/
/DOC/FDTUI/README/DE/README
/DOC/FDTUI/README/EN/
/DOC/FDTUI/README/EN/README
/DOC/FDTUI/README/ES/
/DOC/FDTUI/README/ES/README
/DOC/FDTUI/README/FR/
/DOC/FDTUI/README/FR/README
/DOC/FDTUI/README/SV/
/DOC/FDTUI/README/SV/README
/DOC/FDTUI/README/TR/
/DOC/FDTUI/README/TR/README
/NLS/
/NLS/FDTUI.DE
/NLS/FDTUI.EN
/NLS/FDTUI.ES
/NLS/FDTUI.FR
/NLS/FDTUI.SV
/NLS/FDTUI.TR
/SOURCE/
/SOURCE/FDTUI/
/SOURCE/FDTUI/SOURCES.ZIP/
/SOURCE/FDTUI/SOURCES.ZIP/bin/
/SOURCE/FDTUI/SOURCES.ZIP/bin/FDOSTUI.INI
/SOURCE/FDTUI/SOURCES.ZIP/GPLv2.txt
/SOURCE/FDTUI/SOURCES.ZIP/GPLv3.txt
/SOURCE/FDTUI/SOURCES.ZIP/include/
/SOURCE/FDTUI/SOURCES.ZIP/include/common.hpp
/SOURCE/FDTUI/SOURCES.ZIP/include/config.hpp
/SOURCE/FDTUI/SOURCES.ZIP/include/dosshell.hpp
/SOURCE/FDTUI/SOURCES.ZIP/include/fm.hpp
/SOURCE/FDTUI/SOURCES.ZIP/include/main.hpp
/SOURCE/FDTUI/SOURCES.ZIP/include/run.hpp
/SOURCE/FDTUI/SOURCES.ZIP/lib/
/SOURCE/FDTUI/SOURCES.ZIP/lib/fdostui/
/SOURCE/FDTUI/SOURCES.ZIP/lib/fdostui/authors
/SOURCE/FDTUI/SOURCES.ZIP/lib/fdostui/bin/
/SOURCE/FDTUI/SOURCES.ZIP/lib/fdostui/bin/readme
/SOURCE/FDTUI/SOURCES.ZIP/lib/fdostui/copying
/SOURCE/FDTUI/SOURCES.ZIP/lib/fdostui/doxygen/
/SOURCE/FDTUI/SOURCES.ZIP/lib/fdostui/doxygen/array.dox
/SOURCE/FDTUI/SOURCES.ZIP/lib/fdostui/doxygen/block.dox
/SOURCE/FDTUI/SOURCES.ZIP/lib/fdostui/doxygen/box.dox
/SOURCE/FDTUI/SOURCES.ZIP/lib/fdostui/doxygen/button.dox
/SOURCE/FDTUI/SOURCES.ZIP/lib/fdostui/doxygen/checkbtn.dox
/SOURCE/FDTUI/SOURCES.ZIP/lib/fdostui/doxygen/clip.dox
/SOURCE/FDTUI/SOURCES.ZIP/lib/fdostui/doxygen/combobox.dox
/SOURCE/FDTUI/SOURCES.ZIP/lib/fdostui/doxygen/compile.dox
/SOURCE/FDTUI/SOURCES.ZIP/lib/fdostui/doxygen/cursor.dox
/SOURCE/FDTUI/SOURCES.ZIP/lib/fdostui/doxygen/doxyfile
/SOURCE/FDTUI/SOURCES.ZIP/lib/fdostui/doxygen/draw.dox
/SOURCE/FDTUI/SOURCES.ZIP/lib/fdostui/doxygen/edit.dox
/SOURCE/FDTUI/SOURCES.ZIP/lib/fdostui/doxygen/entry.dox
/SOURCE/FDTUI/SOURCES.ZIP/lib/fdostui/doxygen/event.dox
/SOURCE/FDTUI/SOURCES.ZIP/lib/fdostui/doxygen/fdostui.dox
/SOURCE/FDTUI/SOURCES.ZIP/lib/fdostui/doxygen/fdtuicfg.dox
/SOURCE/FDTUI/SOURCES.ZIP/lib/fdostui/doxygen/filedlg.dox
/SOURCE/FDTUI/SOURCES.ZIP/lib/fdostui/doxygen/gapbuf.dox
/SOURCE/FDTUI/SOURCES.ZIP/lib/fdostui/doxygen/group.dox
/SOURCE/FDTUI/SOURCES.ZIP/lib/fdostui/doxygen/hash.dox
/SOURCE/FDTUI/SOURCES.ZIP/lib/fdostui/doxygen/hello.dox
/SOURCE/FDTUI/SOURCES.ZIP/lib/fdostui/doxygen/hw.dox
/SOURCE/FDTUI/SOURCES.ZIP/lib/fdostui/doxygen/images/
/SOURCE/FDTUI/SOURCES.ZIP/lib/fdostui/doxygen/images/copying
/SOURCE/FDTUI/SOURCES.ZIP/lib/fdostui/doxygen/images/hello.png
/SOURCE/FDTUI/SOURCES.ZIP/lib/fdostui/doxygen/ini.dox
/SOURCE/FDTUI/SOURCES.ZIP/lib/fdostui/doxygen/inpdlg.dox
/SOURCE/FDTUI/SOURCES.ZIP/lib/fdostui/doxygen/keyboard.dox
/SOURCE/FDTUI/SOURCES.ZIP/lib/fdostui/doxygen/label.dox
/SOURCE/FDTUI/SOURCES.ZIP/lib/fdostui/doxygen/license.dox
/SOURCE/FDTUI/SOURCES.ZIP/lib/fdostui/doxygen/listbox.dox
/SOURCE/FDTUI/SOURCES.ZIP/lib/fdostui/doxygen/mainpage.dox
/SOURCE/FDTUI/SOURCES.ZIP/lib/fdostui/doxygen/matrix.dox
/SOURCE/FDTUI/SOURCES.ZIP/lib/fdostui/doxygen/menu.dox
/SOURCE/FDTUI/SOURCES.ZIP/lib/fdostui/doxygen/menubar.dox
/SOURCE/FDTUI/SOURCES.ZIP/lib/fdostui/doxygen/menuitem.dox
/SOURCE/FDTUI/SOURCES.ZIP/lib/fdostui/doxygen/mouse.dox
/SOURCE/FDTUI/SOURCES.ZIP/lib/fdostui/doxygen/poll.dox
/SOURCE/FDTUI/SOURCES.ZIP/lib/fdostui/doxygen/popup.dox
/SOURCE/FDTUI/SOURCES.ZIP/lib/fdostui/doxygen/radiobtn.dox
/SOURCE/FDTUI/SOURCES.ZIP/lib/fdostui/doxygen/screen.dox
/SOURCE/FDTUI/SOURCES.ZIP/lib/fdostui/doxygen/scrllbar.dox
/SOURCE/FDTUI/SOURCES.ZIP/lib/fdostui/doxygen/scroller.dox
/SOURCE/FDTUI/SOURCES.ZIP/lib/fdostui/doxygen/skin.dox
/SOURCE/FDTUI/SOURCES.ZIP/lib/fdostui/doxygen/slider.dox
/SOURCE/FDTUI/SOURCES.ZIP/lib/fdostui/doxygen/spinner.dox
/SOURCE/FDTUI/SOURCES.ZIP/lib/fdostui/doxygen/theme.dox
/SOURCE/FDTUI/SOURCES.ZIP/lib/fdostui/doxygen/tree.dox
/SOURCE/FDTUI/SOURCES.ZIP/lib/fdostui/doxygen/treeitem.dox
/SOURCE/FDTUI/SOURCES.ZIP/lib/fdostui/doxygen/valuator.dox
/SOURCE/FDTUI/SOURCES.ZIP/lib/fdostui/doxygen/widget.dox
/SOURCE/FDTUI/SOURCES.ZIP/lib/fdostui/doxygen/window.dox
/SOURCE/FDTUI/SOURCES.ZIP/lib/fdostui/doxygen/wm.dox
/SOURCE/FDTUI/SOURCES.ZIP/lib/fdostui/doxygen/wmhelper.dox
/SOURCE/FDTUI/SOURCES.ZIP/lib/fdostui/doxygen/wmmenu.dox
/SOURCE/FDTUI/SOURCES.ZIP/lib/fdostui/include/
/SOURCE/FDTUI/SOURCES.ZIP/lib/fdostui/include/array.h
/SOURCE/FDTUI/SOURCES.ZIP/lib/fdostui/include/block.h
/SOURCE/FDTUI/SOURCES.ZIP/lib/fdostui/include/box.h
/SOURCE/FDTUI/SOURCES.ZIP/lib/fdostui/include/button.hpp
/SOURCE/FDTUI/SOURCES.ZIP/lib/fdostui/include/checkbtn.hpp
/SOURCE/FDTUI/SOURCES.ZIP/lib/fdostui/include/clip.h
/SOURCE/FDTUI/SOURCES.ZIP/lib/fdostui/include/combobox.hpp
/SOURCE/FDTUI/SOURCES.ZIP/lib/fdostui/include/cursor.h
/SOURCE/FDTUI/SOURCES.ZIP/lib/fdostui/include/dpmi.inc
/SOURCE/FDTUI/SOURCES.ZIP/lib/fdostui/include/draw.h
/SOURCE/FDTUI/SOURCES.ZIP/lib/fdostui/include/edit.hpp
/SOURCE/FDTUI/SOURCES.ZIP/lib/fdostui/include/entry.hpp
/SOURCE/FDTUI/SOURCES.ZIP/lib/fdostui/include/event.h
/SOURCE/FDTUI/SOURCES.ZIP/lib/fdostui/include/fdostui.hpp
/SOURCE/FDTUI/SOURCES.ZIP/lib/fdostui/include/fdtuicfg.h
/SOURCE/FDTUI/SOURCES.ZIP/lib/fdostui/include/file.hpp
/SOURCE/FDTUI/SOURCES.ZIP/lib/fdostui/include/filedlg.hpp
/SOURCE/FDTUI/SOURCES.ZIP/lib/fdostui/include/gapbuf.h
/SOURCE/FDTUI/SOURCES.ZIP/lib/fdostui/include/group.hpp
/SOURCE/FDTUI/SOURCES.ZIP/lib/fdostui/include/hash.h
/SOURCE/FDTUI/SOURCES.ZIP/lib/fdostui/include/hw.h
/SOURCE/FDTUI/SOURCES.ZIP/lib/fdostui/include/ini.h
/SOURCE/FDTUI/SOURCES.ZIP/lib/fdostui/include/inpdlg.hpp
/SOURCE/FDTUI/SOURCES.ZIP/lib/fdostui/include/keyboard.h
/SOURCE/FDTUI/SOURCES.ZIP/lib/fdostui/include/label.hpp
/SOURCE/FDTUI/SOURCES.ZIP/lib/fdostui/include/listbox.hpp
/SOURCE/FDTUI/SOURCES.ZIP/lib/fdostui/include/matrix.h
/SOURCE/FDTUI/SOURCES.ZIP/lib/fdostui/include/menu.hpp
/SOURCE/FDTUI/SOURCES.ZIP/lib/fdostui/include/menubar.hpp
/SOURCE/FDTUI/SOURCES.ZIP/lib/fdostui/include/menuitem.h
/SOURCE/FDTUI/SOURCES.ZIP/lib/fdostui/include/mouse.h
/SOURCE/FDTUI/SOURCES.ZIP/lib/fdostui/include/mouse.inc
/SOURCE/FDTUI/SOURCES.ZIP/lib/fdostui/include/poll.h
/SOURCE/FDTUI/SOURCES.ZIP/lib/fdostui/include/popup.hpp
/SOURCE/FDTUI/SOURCES.ZIP/lib/fdostui/include/radiobtn.hpp
/SOURCE/FDTUI/SOURCES.ZIP/lib/fdostui/include/screen.h
/SOURCE/FDTUI/SOURCES.ZIP/lib/fdostui/include/scrllbar.hpp
/SOURCE/FDTUI/SOURCES.ZIP/lib/fdostui/include/scroller.hpp
/SOURCE/FDTUI/SOURCES.ZIP/lib/fdostui/include/skin.h
/SOURCE/FDTUI/SOURCES.ZIP/lib/fdostui/include/slider.hpp
/SOURCE/FDTUI/SOURCES.ZIP/lib/fdostui/include/spinner.hpp
/SOURCE/FDTUI/SOURCES.ZIP/lib/fdostui/include/strings.h
/SOURCE/FDTUI/SOURCES.ZIP/lib/fdostui/include/tree.hpp
/SOURCE/FDTUI/SOURCES.ZIP/lib/fdostui/include/treeitem.hpp
/SOURCE/FDTUI/SOURCES.ZIP/lib/fdostui/include/valuator.hpp
/SOURCE/FDTUI/SOURCES.ZIP/lib/fdostui/include/video.inc
/SOURCE/FDTUI/SOURCES.ZIP/lib/fdostui/include/widget.hpp
/SOURCE/FDTUI/SOURCES.ZIP/lib/fdostui/include/window.hpp
/SOURCE/FDTUI/SOURCES.ZIP/lib/fdostui/include/wm.hpp
/SOURCE/FDTUI/SOURCES.ZIP/lib/fdostui/include/wmhelper.hpp
/SOURCE/FDTUI/SOURCES.ZIP/lib/fdostui/include/wmmenu.hpp
/SOURCE/FDTUI/SOURCES.ZIP/lib/fdostui/lib/
/SOURCE/FDTUI/SOURCES.ZIP/lib/fdostui/lib/readme
/SOURCE/FDTUI/SOURCES.ZIP/lib/fdostui/licenses/
/SOURCE/FDTUI/SOURCES.ZIP/lib/fdostui/licenses/cc0
/SOURCE/FDTUI/SOURCES.ZIP/lib/fdostui/licenses/fltk
/SOURCE/FDTUI/SOURCES.ZIP/lib/fdostui/licenses/mpl20
/SOURCE/FDTUI/SOURCES.ZIP/lib/fdostui/make/
/SOURCE/FDTUI/SOURCES.ZIP/lib/fdostui/make/bccw32.lbc
/SOURCE/FDTUI/SOURCES.ZIP/lib/fdostui/make/bccw32.mak
/SOURCE/FDTUI/SOURCES.ZIP/lib/fdostui/make/depend.mak
/SOURCE/FDTUI/SOURCES.ZIP/lib/fdostui/make/djgpp.mak
/SOURCE/FDTUI/SOURCES.ZIP/lib/fdostui/make/dmw32.mak
/SOURCE/FDTUI/SOURCES.ZIP/lib/fdostui/make/mingw.mak
/SOURCE/FDTUI/SOURCES.ZIP/lib/fdostui/make/ncur.mak
/SOURCE/FDTUI/SOURCES.ZIP/lib/fdostui/make/owd16.lbc
/SOURCE/FDTUI/SOURCES.ZIP/lib/fdostui/make/owd16.mak
/SOURCE/FDTUI/SOURCES.ZIP/lib/fdostui/make/owd32.lbc
/SOURCE/FDTUI/SOURCES.ZIP/lib/fdostui/make/owd32.mak
/SOURCE/FDTUI/SOURCES.ZIP/lib/fdostui/make/oww32.lbc
/SOURCE/FDTUI/SOURCES.ZIP/lib/fdostui/make/oww32.mak
/SOURCE/FDTUI/SOURCES.ZIP/lib/fdostui/make/vs.lbc
/SOURCE/FDTUI/SOURCES.ZIP/lib/fdostui/make/vs.mak
/SOURCE/FDTUI/SOURCES.ZIP/lib/fdostui/notes/
/SOURCE/FDTUI/SOURCES.ZIP/lib/fdostui/notes/ascii.txt
/SOURCE/FDTUI/SOURCES.ZIP/lib/fdostui/notes/circbuf.txt
/SOURCE/FDTUI/SOURCES.ZIP/lib/fdostui/notes/info.pas
/SOURCE/FDTUI/SOURCES.ZIP/lib/fdostui/obj/
/SOURCE/FDTUI/SOURCES.ZIP/lib/fdostui/obj/bccw32/
/SOURCE/FDTUI/SOURCES.ZIP/lib/fdostui/obj/bccw32/readme
/SOURCE/FDTUI/SOURCES.ZIP/lib/fdostui/obj/djgpp/
/SOURCE/FDTUI/SOURCES.ZIP/lib/fdostui/obj/djgpp/readme
/SOURCE/FDTUI/SOURCES.ZIP/lib/fdostui/obj/dmw32/
/SOURCE/FDTUI/SOURCES.ZIP/lib/fdostui/obj/dmw32/readme
/SOURCE/FDTUI/SOURCES.ZIP/lib/fdostui/obj/mingw/
/SOURCE/FDTUI/SOURCES.ZIP/lib/fdostui/obj/mingw/readme
/SOURCE/FDTUI/SOURCES.ZIP/lib/fdostui/obj/ncur/
/SOURCE/FDTUI/SOURCES.ZIP/lib/fdostui/obj/ncur/readme
/SOURCE/FDTUI/SOURCES.ZIP/lib/fdostui/obj/owd16/
/SOURCE/FDTUI/SOURCES.ZIP/lib/fdostui/obj/owd16/readme
/SOURCE/FDTUI/SOURCES.ZIP/lib/fdostui/obj/owd32/
/SOURCE/FDTUI/SOURCES.ZIP/lib/fdostui/obj/owd32/readme
/SOURCE/FDTUI/SOURCES.ZIP/lib/fdostui/obj/oww32/
/SOURCE/FDTUI/SOURCES.ZIP/lib/fdostui/obj/oww32/readme
/SOURCE/FDTUI/SOURCES.ZIP/lib/fdostui/obj/readme
/SOURCE/FDTUI/SOURCES.ZIP/lib/fdostui/obj/vs32/
/SOURCE/FDTUI/SOURCES.ZIP/lib/fdostui/obj/vs32/readme
/SOURCE/FDTUI/SOURCES.ZIP/lib/fdostui/readme
/SOURCE/FDTUI/SOURCES.ZIP/lib/fdostui/src/
/SOURCE/FDTUI/SOURCES.ZIP/lib/fdostui/src/array.c
/SOURCE/FDTUI/SOURCES.ZIP/lib/fdostui/src/block.c
/SOURCE/FDTUI/SOURCES.ZIP/lib/fdostui/src/box.c
/SOURCE/FDTUI/SOURCES.ZIP/lib/fdostui/src/button.cpp
/SOURCE/FDTUI/SOURCES.ZIP/lib/fdostui/src/checkbtn.cpp
/SOURCE/FDTUI/SOURCES.ZIP/lib/fdostui/src/clip.c
/SOURCE/FDTUI/SOURCES.ZIP/lib/fdostui/src/combobox.cpp
/SOURCE/FDTUI/SOURCES.ZIP/lib/fdostui/src/cursor.c
/SOURCE/FDTUI/SOURCES.ZIP/lib/fdostui/src/djgpp/
/SOURCE/FDTUI/SOURCES.ZIP/lib/fdostui/src/djgpp/cursor.c
/SOURCE/FDTUI/SOURCES.ZIP/lib/fdostui/src/djgpp/hw.c
/SOURCE/FDTUI/SOURCES.ZIP/lib/fdostui/src/djgpp/keyboard.c
/SOURCE/FDTUI/SOURCES.ZIP/lib/fdostui/src/djgpp/mouse.c
/SOURCE/FDTUI/SOURCES.ZIP/lib/fdostui/src/djgpp/screen.c
/SOURCE/FDTUI/SOURCES.ZIP/lib/fdostui/src/djgpp/video.c
/SOURCE/FDTUI/SOURCES.ZIP/lib/fdostui/src/djgpp/video.h
/SOURCE/FDTUI/SOURCES.ZIP/lib/fdostui/src/dos16/
/SOURCE/FDTUI/SOURCES.ZIP/lib/fdostui/src/dos16/hw.asm
/SOURCE/FDTUI/SOURCES.ZIP/lib/fdostui/src/dos16/hw_old.asm
/SOURCE/FDTUI/SOURCES.ZIP/lib/fdostui/src/dos16/mouse.asm
/SOURCE/FDTUI/SOURCES.ZIP/lib/fdostui/src/dos16/screen.asm
/SOURCE/FDTUI/SOURCES.ZIP/lib/fdostui/src/dos16/video.asm
/SOURCE/FDTUI/SOURCES.ZIP/lib/fdostui/src/dos32/
/SOURCE/FDTUI/SOURCES.ZIP/lib/fdostui/src/dos32/hw.asm
/SOURCE/FDTUI/SOURCES.ZIP/lib/fdostui/src/dos32/mouse.asm
/SOURCE/FDTUI/SOURCES.ZIP/lib/fdostui/src/dos32/screen.asm
/SOURCE/FDTUI/SOURCES.ZIP/lib/fdostui/src/dos32/video.asm
/SOURCE/FDTUI/SOURCES.ZIP/lib/fdostui/src/draw.c
/SOURCE/FDTUI/SOURCES.ZIP/lib/fdostui/src/edit.cpp
/SOURCE/FDTUI/SOURCES.ZIP/lib/fdostui/src/entry.cpp
/SOURCE/FDTUI/SOURCES.ZIP/lib/fdostui/src/fdtuicfg.c
/SOURCE/FDTUI/SOURCES.ZIP/lib/fdostui/src/file.cpp
/SOURCE/FDTUI/SOURCES.ZIP/lib/fdostui/src/filedlg.cpp
/SOURCE/FDTUI/SOURCES.ZIP/lib/fdostui/src/gapbuf.c
/SOURCE/FDTUI/SOURCES.ZIP/lib/fdostui/src/group.cpp
/SOURCE/FDTUI/SOURCES.ZIP/lib/fdostui/src/hash.c
/SOURCE/FDTUI/SOURCES.ZIP/lib/fdostui/src/ini.c
/SOURCE/FDTUI/SOURCES.ZIP/lib/fdostui/src/inpdlg.cpp
/SOURCE/FDTUI/SOURCES.ZIP/lib/fdostui/src/label.cpp
/SOURCE/FDTUI/SOURCES.ZIP/lib/fdostui/src/listbox.cpp
/SOURCE/FDTUI/SOURCES.ZIP/lib/fdostui/src/matrix.c
/SOURCE/FDTUI/SOURCES.ZIP/lib/fdostui/src/menu.cpp
/SOURCE/FDTUI/SOURCES.ZIP/lib/fdostui/src/menubar.cpp
/SOURCE/FDTUI/SOURCES.ZIP/lib/fdostui/src/menuitem.c
/SOURCE/FDTUI/SOURCES.ZIP/lib/fdostui/src/ncurses/
/SOURCE/FDTUI/SOURCES.ZIP/lib/fdostui/src/ncurses/cursor.c
/SOURCE/FDTUI/SOURCES.ZIP/lib/fdostui/src/ncurses/filedlg.cpp
/SOURCE/FDTUI/SOURCES.ZIP/lib/fdostui/src/ncurses/poll.c
/SOURCE/FDTUI/SOURCES.ZIP/lib/fdostui/src/ncurses/screen.c
/SOURCE/FDTUI/SOURCES.ZIP/lib/fdostui/src/poll.c
/SOURCE/FDTUI/SOURCES.ZIP/lib/fdostui/src/popup.cpp
/SOURCE/FDTUI/SOURCES.ZIP/lib/fdostui/src/radiobtn.cpp
/SOURCE/FDTUI/SOURCES.ZIP/lib/fdostui/src/scrllbar.cpp
/SOURCE/FDTUI/SOURCES.ZIP/lib/fdostui/src/scroller.cpp
/SOURCE/FDTUI/SOURCES.ZIP/lib/fdostui/src/skin.c
/SOURCE/FDTUI/SOURCES.ZIP/lib/fdostui/src/slider.cpp
/SOURCE/FDTUI/SOURCES.ZIP/lib/fdostui/src/spinner.cpp
/SOURCE/FDTUI/SOURCES.ZIP/lib/fdostui/src/strings.c
/SOURCE/FDTUI/SOURCES.ZIP/lib/fdostui/src/tree.cpp
/SOURCE/FDTUI/SOURCES.ZIP/lib/fdostui/src/treeitem.cpp
/SOURCE/FDTUI/SOURCES.ZIP/lib/fdostui/src/valuator.cpp
/SOURCE/FDTUI/SOURCES.ZIP/lib/fdostui/src/widget.cpp
/SOURCE/FDTUI/SOURCES.ZIP/lib/fdostui/src/win32/
/SOURCE/FDTUI/SOURCES.ZIP/lib/fdostui/src/win32/cursor.c
/SOURCE/FDTUI/SOURCES.ZIP/lib/fdostui/src/win32/filedlg.cpp
/SOURCE/FDTUI/SOURCES.ZIP/lib/fdostui/src/win32/hw.c
/SOURCE/FDTUI/SOURCES.ZIP/lib/fdostui/src/win32/poll.c
/SOURCE/FDTUI/SOURCES.ZIP/lib/fdostui/src/win32/screen.c
/SOURCE/FDTUI/SOURCES.ZIP/lib/fdostui/src/window.cpp
/SOURCE/FDTUI/SOURCES.ZIP/lib/fdostui/src/wm.cpp
/SOURCE/FDTUI/SOURCES.ZIP/lib/fdostui/src/wmhelper.cpp
/SOURCE/FDTUI/SOURCES.ZIP/lib/fdostui/src/wmmenu.cpp
/SOURCE/FDTUI/SOURCES.ZIP/lib/fdostui/test/
/SOURCE/FDTUI/SOURCES.ZIP/lib/fdostui/test/bccw32.mak
/SOURCE/FDTUI/SOURCES.ZIP/lib/fdostui/test/djgpp.mak
/SOURCE/FDTUI/SOURCES.ZIP/lib/fdostui/test/dmw32.mak
/SOURCE/FDTUI/SOURCES.ZIP/lib/fdostui/test/mingw.mak
/SOURCE/FDTUI/SOURCES.ZIP/lib/fdostui/test/ncur.mak
/SOURCE/FDTUI/SOURCES.ZIP/lib/fdostui/test/owd16.mak
/SOURCE/FDTUI/SOURCES.ZIP/lib/fdostui/test/owd32.mak
/SOURCE/FDTUI/SOURCES.ZIP/lib/fdostui/test/oww32.mak
/SOURCE/FDTUI/SOURCES.ZIP/lib/fdostui/test/tfile.cpp
/SOURCE/FDTUI/SOURCES.ZIP/lib/fdostui/test/thello.cpp
/SOURCE/FDTUI/SOURCES.ZIP/lib/fdostui/test/tmenu.cpp
/SOURCE/FDTUI/SOURCES.ZIP/lib/fdostui/test/tscrollr.cpp
/SOURCE/FDTUI/SOURCES.ZIP/lib/fdostui/test/ttree.cpp
/SOURCE/FDTUI/SOURCES.ZIP/lib/fdostui/test/twidget.cpp
/SOURCE/FDTUI/SOURCES.ZIP/lib/fdostui/test/vs.mak
/SOURCE/FDTUI/SOURCES.ZIP/lib/kitten/
/SOURCE/FDTUI/SOURCES.ZIP/lib/kitten/LGPLv2_1.txt
/SOURCE/FDTUI/SOURCES.ZIP/lib/kitten/kitten.c
/SOURCE/FDTUI/SOURCES.ZIP/lib/kitten/kitten.h
/SOURCE/FDTUI/SOURCES.ZIP/LICENSE
/SOURCE/FDTUI/SOURCES.ZIP/link.lbc
/SOURCE/FDTUI/SOURCES.ZIP/Makefile
/SOURCE/FDTUI/SOURCES.ZIP/nls/
/SOURCE/FDTUI/SOURCES.ZIP/nls/FDTUI.DE
/SOURCE/FDTUI/SOURCES.ZIP/nls/FDTUI.EN
/SOURCE/FDTUI/SOURCES.ZIP/nls/FDTUI.ES
/SOURCE/FDTUI/SOURCES.ZIP/nls/FDTUI.FR
/SOURCE/FDTUI/SOURCES.ZIP/nls/FDTUI.SV
/SOURCE/FDTUI/SOURCES.ZIP/nls/FDTUI.TR
/SOURCE/FDTUI/SOURCES.ZIP/README/
/SOURCE/FDTUI/SOURCES.ZIP/README/DE/
/SOURCE/FDTUI/SOURCES.ZIP/README/DE/README
/SOURCE/FDTUI/SOURCES.ZIP/README/EN/
/SOURCE/FDTUI/SOURCES.ZIP/README/EN/README
/SOURCE/FDTUI/SOURCES.ZIP/README/ES/
/SOURCE/FDTUI/SOURCES.ZIP/README/ES/README
/SOURCE/FDTUI/SOURCES.ZIP/README/FR/
/SOURCE/FDTUI/SOURCES.ZIP/README/FR/README
/SOURCE/FDTUI/SOURCES.ZIP/README/SV/
/SOURCE/FDTUI/SOURCES.ZIP/README/SV/README
/SOURCE/FDTUI/SOURCES.ZIP/README/TR/
/SOURCE/FDTUI/SOURCES.ZIP/README/TR/README
/SOURCE/FDTUI/SOURCES.ZIP/README.md
/SOURCE/FDTUI/SOURCES.ZIP/screenshot.png
/SOURCE/FDTUI/SOURCES.ZIP/src/
/SOURCE/FDTUI/SOURCES.ZIP/src/common.cpp
/SOURCE/FDTUI/SOURCES.ZIP/src/fm.cpp
/SOURCE/FDTUI/SOURCES.ZIP/src/main.cpp
/SOURCE/FDTUI/SOURCES.ZIP/src/run.cpp
