/
/APPINFO/
/APPINFO/FLASHROM.DE
/APPINFO/FLASHROM.FR
/APPINFO/FLASHROM.LSM
/APPINFO/FLASHROM.SV
/APPINFO/FLASHROM.TR
/BIN/
/BIN/FLASHROM.EXE
/DOC/
/DOC/FLASHROM/
/DOC/FLASHROM/README.TXT
/HELP/
/HELP/FLASHROM.DE
/HELP/FLASHROM.EN
/HELP/FLASHROM.ES
/HELP/FLASHROM.FR
/HELP/FLASHROM.SV
/HELP/FLASHROM.TR
/SOURCE/
/SOURCE/FLASHROM/
/SOURCE/FLASHROM/SOURCES.ZIP/
/SOURCE/FLASHROM/SOURCES.ZIP/82802ab.c
/SOURCE/FLASHROM/SOURCES.ZIP/a25.c
/SOURCE/FLASHROM/SOURCES.ZIP/arch.h
/SOURCE/FLASHROM/SOURCES.ZIP/at25.c
/SOURCE/FLASHROM/SOURCES.ZIP/atahpt.c
/SOURCE/FLASHROM/SOURCES.ZIP/bitbang_spi.c
/SOURCE/FLASHROM/SOURCES.ZIP/board_enable.c
/SOURCE/FLASHROM/SOURCES.ZIP/buspirate_spi.c
/SOURCE/FLASHROM/SOURCES.ZIP/cbtable.c
/SOURCE/FLASHROM/SOURCES.ZIP/ChangeLog
/SOURCE/FLASHROM/SOURCES.ZIP/chipdrivers.h
/SOURCE/FLASHROM/SOURCES.ZIP/chipset_enable.c
/SOURCE/FLASHROM/SOURCES.ZIP/cli_classic.c
/SOURCE/FLASHROM/SOURCES.ZIP/cli_output.c
/SOURCE/FLASHROM/SOURCES.ZIP/COPYING
/SOURCE/FLASHROM/SOURCES.ZIP/coreboot_tables.h
/SOURCE/FLASHROM/SOURCES.ZIP/dediprog.c
/SOURCE/FLASHROM/SOURCES.ZIP/dmi.c
/SOURCE/FLASHROM/SOURCES.ZIP/drkaiser.c
/SOURCE/FLASHROM/SOURCES.ZIP/dummyflasher.c
/SOURCE/FLASHROM/SOURCES.ZIP/flashchips.c
/SOURCE/FLASHROM/SOURCES.ZIP/flashchips.h
/SOURCE/FLASHROM/SOURCES.ZIP/flash.h
/SOURCE/FLASHROM/SOURCES.ZIP/flashrom.8
/SOURCE/FLASHROM/SOURCES.ZIP/flashrom.c
/SOURCE/FLASHROM/SOURCES.ZIP/ft2232_spi.c
/SOURCE/FLASHROM/SOURCES.ZIP/gfxnvidia.c
/SOURCE/FLASHROM/SOURCES.ZIP/hwaccess.c
/SOURCE/FLASHROM/SOURCES.ZIP/hwaccess.h
/SOURCE/FLASHROM/SOURCES.ZIP/ichspi.c
/SOURCE/FLASHROM/SOURCES.ZIP/internal.c
/SOURCE/FLASHROM/SOURCES.ZIP/it85spi.c
/SOURCE/FLASHROM/SOURCES.ZIP/it87spi.c
/SOURCE/FLASHROM/SOURCES.ZIP/jedec.c
/SOURCE/FLASHROM/SOURCES.ZIP/layout.c
/SOURCE/FLASHROM/SOURCES.ZIP/m29f400bt.c
/SOURCE/FLASHROM/SOURCES.ZIP/Makefile
/SOURCE/FLASHROM/SOURCES.ZIP/mcp6x_spi.c
/SOURCE/FLASHROM/SOURCES.ZIP/nic3com.c
/SOURCE/FLASHROM/SOURCES.ZIP/nicintel.c
/SOURCE/FLASHROM/SOURCES.ZIP/nicintel_spi.c
/SOURCE/FLASHROM/SOURCES.ZIP/nicnatsemi.c
/SOURCE/FLASHROM/SOURCES.ZIP/nicrealtek.c
/SOURCE/FLASHROM/SOURCES.ZIP/ogp_spi.c
/SOURCE/FLASHROM/SOURCES.ZIP/pcidev.c
/SOURCE/FLASHROM/SOURCES.ZIP/physmap.c
/SOURCE/FLASHROM/SOURCES.ZIP/pm49fl00x.c
/SOURCE/FLASHROM/SOURCES.ZIP/print.c
/SOURCE/FLASHROM/SOURCES.ZIP/print_wiki.c
/SOURCE/FLASHROM/SOURCES.ZIP/processor_enable.c
/SOURCE/FLASHROM/SOURCES.ZIP/programmer.c
/SOURCE/FLASHROM/SOURCES.ZIP/programmer.h
/SOURCE/FLASHROM/SOURCES.ZIP/rayer_spi.c
/SOURCE/FLASHROM/SOURCES.ZIP/README
/SOURCE/FLASHROM/SOURCES.ZIP/satamv.c
/SOURCE/FLASHROM/SOURCES.ZIP/satasii.c
/SOURCE/FLASHROM/SOURCES.ZIP/sb600spi.c
/SOURCE/FLASHROM/SOURCES.ZIP/serial.c
/SOURCE/FLASHROM/SOURCES.ZIP/serprog.c
/SOURCE/FLASHROM/SOURCES.ZIP/serprog-protocol.txt
/SOURCE/FLASHROM/SOURCES.ZIP/sharplhf00l04.c
/SOURCE/FLASHROM/SOURCES.ZIP/spi25.c
/SOURCE/FLASHROM/SOURCES.ZIP/spi.c
/SOURCE/FLASHROM/SOURCES.ZIP/spi.h
/SOURCE/FLASHROM/SOURCES.ZIP/sst28sf040.c
/SOURCE/FLASHROM/SOURCES.ZIP/sst49lfxxxc.c
/SOURCE/FLASHROM/SOURCES.ZIP/sst_fwhub.c
/SOURCE/FLASHROM/SOURCES.ZIP/stm50flw0x0x.c
/SOURCE/FLASHROM/SOURCES.ZIP/udelay.c
/SOURCE/FLASHROM/SOURCES.ZIP/util/
/SOURCE/FLASHROM/SOURCES.ZIP/util/flashrom_partial_write_test.sh
/SOURCE/FLASHROM/SOURCES.ZIP/util/z60_flashrom.rules
/SOURCE/FLASHROM/SOURCES.ZIP/w29ee011.c
/SOURCE/FLASHROM/SOURCES.ZIP/w39.c
/SOURCE/FLASHROM/SOURCES.ZIP/wbsio_spi.c
