/
/APPINFO/
/APPINFO/FLPYBIRD.DE
/APPINFO/FLPYBIRD.FR
/APPINFO/FLPYBIRD.LSM
/APPINFO/FLPYBIRD.SV
/APPINFO/FLPYBIRD.TR
/BATLINKS/
/BATLINKS/FLPYBIRD.BAT
/GAMES/
/GAMES/FLPYBIRD/
/GAMES/FLPYBIRD/FLPYBIRD.COM
/GAMES/FLPYBIRD/LICENSE
/GAMES/FLPYBIRD/README.MD
/SOURCE/
/SOURCE/FLPYBIRD/
/SOURCE/FLPYBIRD/SOURCES.ZIP/
/SOURCE/FLPYBIRD/SOURCES.ZIP/build/
/SOURCE/FLPYBIRD/SOURCES.ZIP/build/.gitkeep
/SOURCE/FLPYBIRD/SOURCES.ZIP/build/floppybird.img
/SOURCE/FLPYBIRD/SOURCES.ZIP/build/floppybird.iso
/SOURCE/FLPYBIRD/SOURCES.ZIP/build/flpybird.com
/SOURCE/FLPYBIRD/SOURCES.ZIP/build/iso/
/SOURCE/FLPYBIRD/SOURCES.ZIP/build/iso/.gitkeep
/SOURCE/FLPYBIRD/SOURCES.ZIP/build/iso/floppybird.img
/SOURCE/FLPYBIRD/SOURCES.ZIP/data/
/SOURCE/FLPYBIRD/SOURCES.ZIP/data/bird.tga
/SOURCE/FLPYBIRD/SOURCES.ZIP/data/bush.tga
/SOURCE/FLPYBIRD/SOURCES.ZIP/data/cloud.tga
/SOURCE/FLPYBIRD/SOURCES.ZIP/data/flats.tga
/SOURCE/FLPYBIRD/SOURCES.ZIP/data/font.tga
/SOURCE/FLPYBIRD/SOURCES.ZIP/data/grass.tga
/SOURCE/FLPYBIRD/SOURCES.ZIP/data/pipe.tga
/SOURCE/FLPYBIRD/SOURCES.ZIP/data/pipe_top.tga
/SOURCE/FLPYBIRD/SOURCES.ZIP/data/rgb/
/SOURCE/FLPYBIRD/SOURCES.ZIP/data/rgb/bird.tga
/SOURCE/FLPYBIRD/SOURCES.ZIP/data/rgb/bush.tga
/SOURCE/FLPYBIRD/SOURCES.ZIP/data/rgb/cloud.tga
/SOURCE/FLPYBIRD/SOURCES.ZIP/data/rgb/flats.tga
/SOURCE/FLPYBIRD/SOURCES.ZIP/data/rgb/font.tga
/SOURCE/FLPYBIRD/SOURCES.ZIP/data/rgb/font_old.tga
/SOURCE/FLPYBIRD/SOURCES.ZIP/data/rgb/grass.tga
/SOURCE/FLPYBIRD/SOURCES.ZIP/data/rgb/logo.tga
/SOURCE/FLPYBIRD/SOURCES.ZIP/data/rgb/palette/
/SOURCE/FLPYBIRD/SOURCES.ZIP/data/rgb/palette/VGA.gpl
/SOURCE/FLPYBIRD/SOURCES.ZIP/data/rgb/palette/palette.ppm
/SOURCE/FLPYBIRD/SOURCES.ZIP/data/rgb/pipe.tga
/SOURCE/FLPYBIRD/SOURCES.ZIP/data/rgb/pipe_top.tga
/SOURCE/FLPYBIRD/SOURCES.ZIP/demo.gif
/SOURCE/FLPYBIRD/SOURCES.ZIP/dosbox.conf
/SOURCE/FLPYBIRD/SOURCES.ZIP/LICENSE
/SOURCE/FLPYBIRD/SOURCES.ZIP/Makefile
/SOURCE/FLPYBIRD/SOURCES.ZIP/README.md
/SOURCE/FLPYBIRD/SOURCES.ZIP/src/
/SOURCE/FLPYBIRD/SOURCES.ZIP/src/boot.asm
/SOURCE/FLPYBIRD/SOURCES.ZIP/src/com.asm
/SOURCE/FLPYBIRD/SOURCES.ZIP/src/game/
/SOURCE/FLPYBIRD/SOURCES.ZIP/src/game/background.asm
/SOURCE/FLPYBIRD/SOURCES.ZIP/src/game/bird.asm
/SOURCE/FLPYBIRD/SOURCES.ZIP/src/game/bushes.asm
/SOURCE/FLPYBIRD/SOURCES.ZIP/src/game/clouds.asm
/SOURCE/FLPYBIRD/SOURCES.ZIP/src/game/data.asm
/SOURCE/FLPYBIRD/SOURCES.ZIP/src/game/flats.asm
/SOURCE/FLPYBIRD/SOURCES.ZIP/src/game/ground.asm
/SOURCE/FLPYBIRD/SOURCES.ZIP/src/game/pipes.asm
/SOURCE/FLPYBIRD/SOURCES.ZIP/src/game/score.asm
/SOURCE/FLPYBIRD/SOURCES.ZIP/src/main.asm
/SOURCE/FLPYBIRD/SOURCES.ZIP/src/sys/
/SOURCE/FLPYBIRD/SOURCES.ZIP/src/sys/rnd.asm
/SOURCE/FLPYBIRD/SOURCES.ZIP/src/sys/snd.asm
/SOURCE/FLPYBIRD/SOURCES.ZIP/src/sys/tmr.asm
/SOURCE/FLPYBIRD/SOURCES.ZIP/src/sys/txt.asm
/SOURCE/FLPYBIRD/SOURCES.ZIP/src/sys/vga.asm
