/
/APPINFO/
/APPINFO/FOXTYPE.DE
/APPINFO/FOXTYPE.FR
/APPINFO/FOXTYPE.LSM
/APPINFO/FOXTYPE.SV
/APPINFO/FOXTYPE.TR
/BIN/
/BIN/FOXTYPE.640
/BIN/FOXTYPE.BIN
/BIN/FOXTYPE.BLN
/BIN/FOXTYPE.DAT
/BIN/FOXTYPE.EXE
/DOC/
/DOC/FOXTYPE/
/DOC/FOXTYPE/CHANGES.TXT
/DOC/FOXTYPE/DEMO.TXT
/DOC/FOXTYPE/FOXTYPE.TXT
/DOC/FOXTYPE/LICENCE.TXT
/SOURCE/
/SOURCE/FOXTYPE/
/SOURCE/FOXTYPE/SOURCES.ZIP/
/SOURCE/FOXTYPE/SOURCES.ZIP/8TO16.BAS
/SOURCE/FOXTYPE/SOURCES.ZIP/8TO16.EXE
/SOURCE/FOXTYPE/SOURCES.ZIP/CHANGES.TXT
/SOURCE/FOXTYPE/SOURCES.ZIP/CHARED2.BAS
/SOURCE/FOXTYPE/SOURCES.ZIP/CHARED2.EXE
/SOURCE/FOXTYPE/SOURCES.ZIP/CHARED.BAS
/SOURCE/FOXTYPE/SOURCES.ZIP/CHARED.EXE
/SOURCE/FOXTYPE/SOURCES.ZIP/CHKBLANK.BAS
/SOURCE/FOXTYPE/SOURCES.ZIP/CHKBLANK.EXE
/SOURCE/FOXTYPE/SOURCES.ZIP/CHKBLANK.TXT
/SOURCE/FOXTYPE/SOURCES.ZIP/DEMO.TXT
/SOURCE/FOXTYPE/SOURCES.ZIP/FOXTYPE.640
/SOURCE/FOXTYPE/SOURCES.ZIP/FOXTYPE.BAS
/SOURCE/FOXTYPE/SOURCES.ZIP/FOXTYPE.BIN
/SOURCE/FOXTYPE/SOURCES.ZIP/FOXTYPE.BLN
/SOURCE/FOXTYPE/SOURCES.ZIP/FOXTYPE.DAT
/SOURCE/FOXTYPE/SOURCES.ZIP/FOXTYPE.TXT
/SOURCE/FOXTYPE/SOURCES.ZIP/IMPORT.BAS
/SOURCE/FOXTYPE/SOURCES.ZIP/LICENCE.TXT
/SOURCE/FOXTYPE/SOURCES.ZIP/TODO.TXT
/SOURCE/FOXTYPE/SOURCES.ZIP/TXT2640.BAS
/SOURCE/FOXTYPE/SOURCES.ZIP/TXT2640.EXE
/SOURCE/FOXTYPE/SOURCES.ZIP/TXT2DAT.BAS
/SOURCE/FOXTYPE/SOURCES.ZIP/TXT2DAT.EXE
/SOURCE/FOXTYPE/SOURCES.ZIP/UTF2UNI.BAS
/SOURCE/FOXTYPE/SOURCES.ZIP/UTF2UNI.EXE
/SOURCE/FOXTYPE/SOURCES.ZIP/UTFGEN.BAS
/SOURCE/FOXTYPE/SOURCES.ZIP/UTFGEN.EXE
