/
/APPINFO/
/APPINFO/GCDROM.DE
/APPINFO/GCDROM.FR
/APPINFO/GCDROM.LSM
/APPINFO/GCDROM.SV
/APPINFO/GCDROM.TR
/BIN/
/BIN/GCDROM.SYS
/DOC/
/DOC/GCDROM/
/DOC/GCDROM/AUTOEXEC.TXT
/DOC/GCDROM/CONFIG.TXT
/SOURCE/
/SOURCE/GCDROM/
/SOURCE/GCDROM/SOURCES.ZIP/
/SOURCE/GCDROM/SOURCES.ZIP/GCDROM.LST
/SOURCE/GCDROM/SOURCES.ZIP/GNU_GPL.TXT
/SOURCE/GCDROM/SOURCES.ZIP/XCDMSGS.DE
/SOURCE/GCDROM/SOURCES.ZIP/XCDMSGS.ENG
/SOURCE/GCDROM/SOURCES.ZIP/XCDMSGS.ES
/SOURCE/GCDROM/SOURCES.ZIP/XCDMSGS.FR
/SOURCE/GCDROM/SOURCES.ZIP/XCDMSGS.TR
/SOURCE/GCDROM/SOURCES.ZIP/XCDROM.ASM
