/
/APPINFO/
/APPINFO/GNUFONTS.DE
/APPINFO/GNUFONTS.FR
/APPINFO/GNUFONTS.LSM
/APPINFO/GNUFONTS.SV
/APPINFO/GNUFONTS.TR
/UTIL/
/UTIL/GNUFONTS/
/UTIL/GNUFONTS/8X10.FNT
/UTIL/GNUFONTS/8X11SNSF.FNT
/UTIL/GNUFONTS/8X14.FNT
/UTIL/GNUFONTS/8X8.FNT
/UTIL/GNUFONTS/ANTIQUE.FNT
/UTIL/GNUFONTS/ARCHON.FNT
/UTIL/GNUFONTS/BACKWARD.FNT
/UTIL/GNUFONTS/BIGSERIF.FNT
/UTIL/GNUFONTS/BLCKSNSF.FNT
/UTIL/GNUFONTS/BLOCK.FNT
/UTIL/GNUFONTS/BOLD.FNT
/UTIL/GNUFONTS/BREEZE.FNT
/UTIL/GNUFONTS/BROADWAY.FNT
/UTIL/GNUFONTS/COMPUTER.FNT
/UTIL/GNUFONTS/COURIER.FNT
/UTIL/GNUFONTS/CYRILLIC.FNT
/UTIL/GNUFONTS/DECO.FNT
/UTIL/GNUFONTS/EMPTY.FNT
/UTIL/GNUFONTS/EUROTYPE.FNT
/UTIL/GNUFONTS/FAT.FNT
/UTIL/GNUFONTS/FINNISH.FNT
/UTIL/GNUFONTS/FLAT.FNT
/UTIL/GNUFONTS/FRANCE.FNT
/UTIL/GNUFONTS/FRESNO.FNT
/UTIL/GNUFONTS/FUTURA-1.FNT
/UTIL/GNUFONTS/FUTURA-2.FNT
/UTIL/GNUFONTS/GREEK.FNT
/UTIL/GNUFONTS/HEARST.FNT
/UTIL/GNUFONTS/HEBREW.FNT
/UTIL/GNUFONTS/HYLAS.FNT
/UTIL/GNUFONTS/INVERTED.FNT
/UTIL/GNUFONTS/ITALICS.FNT
/UTIL/GNUFONTS/KIDS-1.FNT
/UTIL/GNUFONTS/KIDS-2.FNT
/UTIL/GNUFONTS/LCD.FNT
/UTIL/GNUFONTS/MEDIEVAL.FNT
/UTIL/GNUFONTS/MODERN-1.FNT
/UTIL/GNUFONTS/MODERN-2.FNT
/UTIL/GNUFONTS/NORWAY.FNT
/UTIL/GNUFONTS/REV8X8.FNT
/UTIL/GNUFONTS/REVERSE.FNT
/UTIL/GNUFONTS/ROMAN-1.FNT
/UTIL/GNUFONTS/ROMAN-2.FNT
/UTIL/GNUFONTS/SANSERIF.FNT
/UTIL/GNUFONTS/SANSURF.FNT
/UTIL/GNUFONTS/SCOTT.FNT
/UTIL/GNUFONTS/SCRIPT.FNT
/UTIL/GNUFONTS/SILVER.FNT
/UTIL/GNUFONTS/STANDARD.FNT
/UTIL/GNUFONTS/STRETCH.FNT
/UTIL/GNUFONTS/SUPER.FNT
/UTIL/GNUFONTS/SURREAL.FNT
/UTIL/GNUFONTS/SWISS-1.FNT
/UTIL/GNUFONTS/SWISS-2.FNT
/UTIL/GNUFONTS/SWISS-3.FNT
/UTIL/GNUFONTS/TEKTON.FNT
/UTIL/GNUFONTS/TERMINUS.FNT
/UTIL/GNUFONTS/THAI.FNT
/UTIL/GNUFONTS/THIN.FNT
