/
/APPINFO/
/APPINFO/GNUSED.DE
/APPINFO/GNUSED.FR
/APPINFO/GNUSED.LSM
/APPINFO/GNUSED.SV
/APPINFO/GNUSED.TR
/BIN/
/BIN/SED.EXE
/DOC/
/DOC/GNUSED/
/DOC/GNUSED/CHANGELO
/DOC/GNUSED/DJGPP/
/DOC/GNUSED/DJGPP/README
/DOC/GNUSED/INFO/
/DOC/GNUSED/INFO/SED.INF
/DOC/GNUSED/MAN/
/DOC/GNUSED/MAN/CAT1/
/DOC/GNUSED/MAN/CAT1/SED.1
/DOC/GNUSED/MANIFEST/
/DOC/GNUSED/MANIFEST/SED422BR.DSM
/DOC/GNUSED/MANIFEST/SED422BR.MFT
/DOC/GNUSED/MANIFEST/SED422BR.VER
/DOC/GNUSED/NEWS
/DOC/GNUSED/PO/
/DOC/GNUSED/PO/CHANGELO
/DOC/GNUSED/README
/SOURCE/
/SOURCE/GNUSED/
/SOURCE/GNUSED/SOURCES.ZIP/
/SOURCE/GNUSED/SOURCES.ZIP/gnu/
/SOURCE/GNUSED/SOURCES.ZIP/gnu/sed-4.2.2/
/SOURCE/GNUSED/SOURCES.ZIP/gnu/sed-4.2.2/ABOUT-NLS
/SOURCE/GNUSED/SOURCES.ZIP/gnu/sed-4.2.2/AUTHORS
/SOURCE/GNUSED/SOURCES.ZIP/gnu/sed-4.2.2/BUGS
/SOURCE/GNUSED/SOURCES.ZIP/gnu/sed-4.2.2/COPYING
/SOURCE/GNUSED/SOURCES.ZIP/gnu/sed-4.2.2/COPYING.DOC
/SOURCE/GNUSED/SOURCES.ZIP/gnu/sed-4.2.2/ChangeLog
/SOURCE/GNUSED/SOURCES.ZIP/gnu/sed-4.2.2/INSTALL
/SOURCE/GNUSED/SOURCES.ZIP/gnu/sed-4.2.2/Makefile.am
/SOURCE/GNUSED/SOURCES.ZIP/gnu/sed-4.2.2/Makefile.in
/SOURCE/GNUSED/SOURCES.ZIP/gnu/sed-4.2.2/NEWS
/SOURCE/GNUSED/SOURCES.ZIP/gnu/sed-4.2.2/README
/SOURCE/GNUSED/SOURCES.ZIP/gnu/sed-4.2.2/README-alpha
/SOURCE/GNUSED/SOURCES.ZIP/gnu/sed-4.2.2/THANKS
/SOURCE/GNUSED/SOURCES.ZIP/gnu/sed-4.2.2/_build.205/
/SOURCE/GNUSED/SOURCES.ZIP/gnu/sed-4.2.2/_build.205/Makefile
/SOURCE/GNUSED/SOURCES.ZIP/gnu/sed-4.2.2/_build.205/config.cache
/SOURCE/GNUSED/SOURCES.ZIP/gnu/sed-4.2.2/_build.205/config.h
/SOURCE/GNUSED/SOURCES.ZIP/gnu/sed-4.2.2/_build.205/config.log
/SOURCE/GNUSED/SOURCES.ZIP/gnu/sed-4.2.2/_build.205/config.status
/SOURCE/GNUSED/SOURCES.ZIP/gnu/sed-4.2.2/_build.205/config_h.org
/SOURCE/GNUSED/SOURCES.ZIP/gnu/sed-4.2.2/_build.205/configure
/SOURCE/GNUSED/SOURCES.ZIP/gnu/sed-4.2.2/_build.205/configure.org
/SOURCE/GNUSED/SOURCES.ZIP/gnu/sed-4.2.2/_build.205/doc/
/SOURCE/GNUSED/SOURCES.ZIP/gnu/sed-4.2.2/_build.205/doc/Makefile
/SOURCE/GNUSED/SOURCES.ZIP/gnu/sed-4.2.2/_build.205/doc/Makefile.org
/SOURCE/GNUSED/SOURCES.ZIP/gnu/sed-4.2.2/_build.205/lib/
/SOURCE/GNUSED/SOURCES.ZIP/gnu/sed-4.2.2/_build.205/lib/Makefile
/SOURCE/GNUSED/SOURCES.ZIP/gnu/sed-4.2.2/_build.205/po/
/SOURCE/GNUSED/SOURCES.ZIP/gnu/sed-4.2.2/_build.205/po/Makefile
/SOURCE/GNUSED/SOURCES.ZIP/gnu/sed-4.2.2/_build.205/po/Makefile.in
/SOURCE/GNUSED/SOURCES.ZIP/gnu/sed-4.2.2/_build.205/po/Makefile.org
/SOURCE/GNUSED/SOURCES.ZIP/gnu/sed-4.2.2/_build.205/po/POTFILES
/SOURCE/GNUSED/SOURCES.ZIP/gnu/sed-4.2.2/_build.205/sed/
/SOURCE/GNUSED/SOURCES.ZIP/gnu/sed-4.2.2/_build.205/sed/Makefile
/SOURCE/GNUSED/SOURCES.ZIP/gnu/sed-4.2.2/_build.205/stamp-h1
/SOURCE/GNUSED/SOURCES.ZIP/gnu/sed-4.2.2/_build.205/testsuite/
/SOURCE/GNUSED/SOURCES.ZIP/gnu/sed-4.2.2/_build.205/testsuite/Makefile
/SOURCE/GNUSED/SOURCES.ZIP/gnu/sed-4.2.2/_build.205/testsuite/Makefile.org
/SOURCE/GNUSED/SOURCES.ZIP/gnu/sed-4.2.2/_build.205/testsuite/version.good
/SOURCE/GNUSED/SOURCES.ZIP/gnu/sed-4.2.2/aclocal.m4
/SOURCE/GNUSED/SOURCES.ZIP/gnu/sed-4.2.2/basicdefs.h
/SOURCE/GNUSED/SOURCES.ZIP/gnu/sed-4.2.2/bootstrap
/SOURCE/GNUSED/SOURCES.ZIP/gnu/sed-4.2.2/bootstrap.conf
/SOURCE/GNUSED/SOURCES.ZIP/gnu/sed-4.2.2/build-aux/
/SOURCE/GNUSED/SOURCES.ZIP/gnu/sed-4.2.2/build-aux/compile
/SOURCE/GNUSED/SOURCES.ZIP/gnu/sed-4.2.2/build-aux/config.guess
/SOURCE/GNUSED/SOURCES.ZIP/gnu/sed-4.2.2/build-aux/config.rpath
/SOURCE/GNUSED/SOURCES.ZIP/gnu/sed-4.2.2/build-aux/config.sub
/SOURCE/GNUSED/SOURCES.ZIP/gnu/sed-4.2.2/build-aux/depcomp
/SOURCE/GNUSED/SOURCES.ZIP/gnu/sed-4.2.2/build-aux/help2man
/SOURCE/GNUSED/SOURCES.ZIP/gnu/sed-4.2.2/build-aux/install-sh
/SOURCE/GNUSED/SOURCES.ZIP/gnu/sed-4.2.2/build-aux/mdate-sh
/SOURCE/GNUSED/SOURCES.ZIP/gnu/sed-4.2.2/build-aux/missing
/SOURCE/GNUSED/SOURCES.ZIP/gnu/sed-4.2.2/build-aux/snippet/
/SOURCE/GNUSED/SOURCES.ZIP/gnu/sed-4.2.2/build-aux/snippet/_Noreturn.h
/SOURCE/GNUSED/SOURCES.ZIP/gnu/sed-4.2.2/build-aux/snippet/arg-nonnull.h
/SOURCE/GNUSED/SOURCES.ZIP/gnu/sed-4.2.2/build-aux/snippet/cxxdefs.h
/SOURCE/GNUSED/SOURCES.ZIP/gnu/sed-4.2.2/build-aux/snippet/unused-parameter.h
/SOURCE/GNUSED/SOURCES.ZIP/gnu/sed-4.2.2/build-aux/snippet/warn-on-use.h
/SOURCE/GNUSED/SOURCES.ZIP/gnu/sed-4.2.2/build-aux/texi2dvi
/SOURCE/GNUSED/SOURCES.ZIP/gnu/sed-4.2.2/build-aux/texinfo.tex
/SOURCE/GNUSED/SOURCES.ZIP/gnu/sed-4.2.2/config_h.in
/SOURCE/GNUSED/SOURCES.ZIP/gnu/sed-4.2.2/configure
/SOURCE/GNUSED/SOURCES.ZIP/gnu/sed-4.2.2/configure.ac
/SOURCE/GNUSED/SOURCES.ZIP/gnu/sed-4.2.2/djgpp/
/SOURCE/GNUSED/SOURCES.ZIP/gnu/sed-4.2.2/djgpp/Makefile.sed
/SOURCE/GNUSED/SOURCES.ZIP/gnu/sed-4.2.2/djgpp/README
/SOURCE/GNUSED/SOURCES.ZIP/gnu/sed-4.2.2/djgpp/config.bat
/SOURCE/GNUSED/SOURCES.ZIP/gnu/sed-4.2.2/djgpp/config.sed
/SOURCE/GNUSED/SOURCES.ZIP/gnu/sed-4.2.2/djgpp/config.site
/SOURCE/GNUSED/SOURCES.ZIP/gnu/sed-4.2.2/djgpp/config_h.sed
/SOURCE/GNUSED/SOURCES.ZIP/gnu/sed-4.2.2/djgpp/diffs
/SOURCE/GNUSED/SOURCES.ZIP/gnu/sed-4.2.2/doc/
/SOURCE/GNUSED/SOURCES.ZIP/gnu/sed-4.2.2/doc/Makefile.am
/SOURCE/GNUSED/SOURCES.ZIP/gnu/sed-4.2.2/doc/Makefile.in
/SOURCE/GNUSED/SOURCES.ZIP/gnu/sed-4.2.2/doc/config.texi
/SOURCE/GNUSED/SOURCES.ZIP/gnu/sed-4.2.2/doc/groupify.sed
/SOURCE/GNUSED/SOURCES.ZIP/gnu/sed-4.2.2/doc/sed-in.texi
/SOURCE/GNUSED/SOURCES.ZIP/gnu/sed-4.2.2/doc/sed.1
/SOURCE/GNUSED/SOURCES.ZIP/gnu/sed-4.2.2/doc/sed.x
/SOURCE/GNUSED/SOURCES.ZIP/gnu/sed-4.2.2/lib/
/SOURCE/GNUSED/SOURCES.ZIP/gnu/sed-4.2.2/lib/Makefile.am
/SOURCE/GNUSED/SOURCES.ZIP/gnu/sed-4.2.2/lib/Makefile.in
/SOURCE/GNUSED/SOURCES.ZIP/gnu/sed-4.2.2/lib/acl-internal.h
/SOURCE/GNUSED/SOURCES.ZIP/gnu/sed-4.2.2/lib/acl.h
/SOURCE/GNUSED/SOURCES.ZIP/gnu/sed-4.2.2/lib/acl_entries.c
/SOURCE/GNUSED/SOURCES.ZIP/gnu/sed-4.2.2/lib/alloca.c
/SOURCE/GNUSED/SOURCES.ZIP/gnu/sed-4.2.2/lib/alloca.in.h
/SOURCE/GNUSED/SOURCES.ZIP/gnu/sed-4.2.2/lib/basename-lgpl.c
/SOURCE/GNUSED/SOURCES.ZIP/gnu/sed-4.2.2/lib/btowc.c
/SOURCE/GNUSED/SOURCES.ZIP/gnu/sed-4.2.2/lib/c-ctype.c
/SOURCE/GNUSED/SOURCES.ZIP/gnu/sed-4.2.2/lib/c-ctype.h
/SOURCE/GNUSED/SOURCES.ZIP/gnu/sed-4.2.2/lib/c-strcase.h
/SOURCE/GNUSED/SOURCES.ZIP/gnu/sed-4.2.2/lib/c-strcasecmp.c
/SOURCE/GNUSED/SOURCES.ZIP/gnu/sed-4.2.2/lib/c-strcaseeq.h
/SOURCE/GNUSED/SOURCES.ZIP/gnu/sed-4.2.2/lib/c-strncasecmp.c
/SOURCE/GNUSED/SOURCES.ZIP/gnu/sed-4.2.2/lib/canonicalize-lgpl.c
/SOURCE/GNUSED/SOURCES.ZIP/gnu/sed-4.2.2/lib/config.charset
/SOURCE/GNUSED/SOURCES.ZIP/gnu/sed-4.2.2/lib/copy-acl.c
/SOURCE/GNUSED/SOURCES.ZIP/gnu/sed-4.2.2/lib/dirname-lgpl.c
/SOURCE/GNUSED/SOURCES.ZIP/gnu/sed-4.2.2/lib/dirname.h
/SOURCE/GNUSED/SOURCES.ZIP/gnu/sed-4.2.2/lib/dosname.h
/SOURCE/GNUSED/SOURCES.ZIP/gnu/sed-4.2.2/lib/errno.in.h
/SOURCE/GNUSED/SOURCES.ZIP/gnu/sed-4.2.2/lib/error.c
/SOURCE/GNUSED/SOURCES.ZIP/gnu/sed-4.2.2/lib/error.h
/SOURCE/GNUSED/SOURCES.ZIP/gnu/sed-4.2.2/lib/exitfail.c
/SOURCE/GNUSED/SOURCES.ZIP/gnu/sed-4.2.2/lib/exitfail.h
/SOURCE/GNUSED/SOURCES.ZIP/gnu/sed-4.2.2/lib/fcntl.in.h
/SOURCE/GNUSED/SOURCES.ZIP/gnu/sed-4.2.2/lib/file-has-acl.c
/SOURCE/GNUSED/SOURCES.ZIP/gnu/sed-4.2.2/lib/fstat.c
/SOURCE/GNUSED/SOURCES.ZIP/gnu/sed-4.2.2/lib/fwriting.c
/SOURCE/GNUSED/SOURCES.ZIP/gnu/sed-4.2.2/lib/fwriting.h
/SOURCE/GNUSED/SOURCES.ZIP/gnu/sed-4.2.2/lib/getdelim.c
/SOURCE/GNUSED/SOURCES.ZIP/gnu/sed-4.2.2/lib/getfilecon.c
/SOURCE/GNUSED/SOURCES.ZIP/gnu/sed-4.2.2/lib/getopt.c
/SOURCE/GNUSED/SOURCES.ZIP/gnu/sed-4.2.2/lib/getopt.in.h
/SOURCE/GNUSED/SOURCES.ZIP/gnu/sed-4.2.2/lib/getopt1.c
/SOURCE/GNUSED/SOURCES.ZIP/gnu/sed-4.2.2/lib/getopt_int.h
/SOURCE/GNUSED/SOURCES.ZIP/gnu/sed-4.2.2/lib/gettext.h
/SOURCE/GNUSED/SOURCES.ZIP/gnu/sed-4.2.2/lib/gettimeofday.c
/SOURCE/GNUSED/SOURCES.ZIP/gnu/sed-4.2.2/lib/gnulib.mk
/SOURCE/GNUSED/SOURCES.ZIP/gnu/sed-4.2.2/lib/intprops.h
/SOURCE/GNUSED/SOURCES.ZIP/gnu/sed-4.2.2/lib/langinfo.in.h
/SOURCE/GNUSED/SOURCES.ZIP/gnu/sed-4.2.2/lib/localcharset.c
/SOURCE/GNUSED/SOURCES.ZIP/gnu/sed-4.2.2/lib/localcharset.h
/SOURCE/GNUSED/SOURCES.ZIP/gnu/sed-4.2.2/lib/locale.in.h
/SOURCE/GNUSED/SOURCES.ZIP/gnu/sed-4.2.2/lib/localeconv.c
/SOURCE/GNUSED/SOURCES.ZIP/gnu/sed-4.2.2/lib/lstat.c
/SOURCE/GNUSED/SOURCES.ZIP/gnu/sed-4.2.2/lib/malloc.c
/SOURCE/GNUSED/SOURCES.ZIP/gnu/sed-4.2.2/lib/malloca.c
/SOURCE/GNUSED/SOURCES.ZIP/gnu/sed-4.2.2/lib/malloca.h
/SOURCE/GNUSED/SOURCES.ZIP/gnu/sed-4.2.2/lib/malloca.valgrind
/SOURCE/GNUSED/SOURCES.ZIP/gnu/sed-4.2.2/lib/mbrlen.c
/SOURCE/GNUSED/SOURCES.ZIP/gnu/sed-4.2.2/lib/mbrtowc.c
/SOURCE/GNUSED/SOURCES.ZIP/gnu/sed-4.2.2/lib/mbsinit.c
/SOURCE/GNUSED/SOURCES.ZIP/gnu/sed-4.2.2/lib/mbtowc-impl.h
/SOURCE/GNUSED/SOURCES.ZIP/gnu/sed-4.2.2/lib/mbtowc.c
/SOURCE/GNUSED/SOURCES.ZIP/gnu/sed-4.2.2/lib/memchr.c
/SOURCE/GNUSED/SOURCES.ZIP/gnu/sed-4.2.2/lib/memchr.valgrind
/SOURCE/GNUSED/SOURCES.ZIP/gnu/sed-4.2.2/lib/mkostemp.c
/SOURCE/GNUSED/SOURCES.ZIP/gnu/sed-4.2.2/lib/msvc-inval.c
/SOURCE/GNUSED/SOURCES.ZIP/gnu/sed-4.2.2/lib/msvc-inval.h
/SOURCE/GNUSED/SOURCES.ZIP/gnu/sed-4.2.2/lib/msvc-nothrow.c
/SOURCE/GNUSED/SOURCES.ZIP/gnu/sed-4.2.2/lib/msvc-nothrow.h
/SOURCE/GNUSED/SOURCES.ZIP/gnu/sed-4.2.2/lib/nl_langinfo.c
/SOURCE/GNUSED/SOURCES.ZIP/gnu/sed-4.2.2/lib/obstack.c
/SOURCE/GNUSED/SOURCES.ZIP/gnu/sed-4.2.2/lib/obstack.h
/SOURCE/GNUSED/SOURCES.ZIP/gnu/sed-4.2.2/lib/pathmax.h
/SOURCE/GNUSED/SOURCES.ZIP/gnu/sed-4.2.2/lib/quote.h
/SOURCE/GNUSED/SOURCES.ZIP/gnu/sed-4.2.2/lib/quotearg.c
/SOURCE/GNUSED/SOURCES.ZIP/gnu/sed-4.2.2/lib/quotearg.h
/SOURCE/GNUSED/SOURCES.ZIP/gnu/sed-4.2.2/lib/readlink.c
/SOURCE/GNUSED/SOURCES.ZIP/gnu/sed-4.2.2/lib/realloc.c
/SOURCE/GNUSED/SOURCES.ZIP/gnu/sed-4.2.2/lib/ref-add.sin
/SOURCE/GNUSED/SOURCES.ZIP/gnu/sed-4.2.2/lib/ref-del.sin
/SOURCE/GNUSED/SOURCES.ZIP/gnu/sed-4.2.2/lib/regcomp.c
/SOURCE/GNUSED/SOURCES.ZIP/gnu/sed-4.2.2/lib/regex.c
/SOURCE/GNUSED/SOURCES.ZIP/gnu/sed-4.2.2/lib/regex.h
/SOURCE/GNUSED/SOURCES.ZIP/gnu/sed-4.2.2/lib/regex_internal.c
/SOURCE/GNUSED/SOURCES.ZIP/gnu/sed-4.2.2/lib/regex_internal.h
/SOURCE/GNUSED/SOURCES.ZIP/gnu/sed-4.2.2/lib/regexec.c
/SOURCE/GNUSED/SOURCES.ZIP/gnu/sed-4.2.2/lib/rename.c
/SOURCE/GNUSED/SOURCES.ZIP/gnu/sed-4.2.2/lib/rmdir.c
/SOURCE/GNUSED/SOURCES.ZIP/gnu/sed-4.2.2/lib/same-inode.h
/SOURCE/GNUSED/SOURCES.ZIP/gnu/sed-4.2.2/lib/se-context.c
/SOURCE/GNUSED/SOURCES.ZIP/gnu/sed-4.2.2/lib/se-context.in.h
/SOURCE/GNUSED/SOURCES.ZIP/gnu/sed-4.2.2/lib/se-selinux.c
/SOURCE/GNUSED/SOURCES.ZIP/gnu/sed-4.2.2/lib/se-selinux.in.h
/SOURCE/GNUSED/SOURCES.ZIP/gnu/sed-4.2.2/lib/set-mode-acl.c
/SOURCE/GNUSED/SOURCES.ZIP/gnu/sed-4.2.2/lib/stat-macros.h
/SOURCE/GNUSED/SOURCES.ZIP/gnu/sed-4.2.2/lib/stat.c
/SOURCE/GNUSED/SOURCES.ZIP/gnu/sed-4.2.2/lib/stdarg.in.h
/SOURCE/GNUSED/SOURCES.ZIP/gnu/sed-4.2.2/lib/stdbool.in.h
/SOURCE/GNUSED/SOURCES.ZIP/gnu/sed-4.2.2/lib/stddef.in.h
/SOURCE/GNUSED/SOURCES.ZIP/gnu/sed-4.2.2/lib/stdint.in.h
/SOURCE/GNUSED/SOURCES.ZIP/gnu/sed-4.2.2/lib/stdio-impl.h
/SOURCE/GNUSED/SOURCES.ZIP/gnu/sed-4.2.2/lib/stdio.c
/SOURCE/GNUSED/SOURCES.ZIP/gnu/sed-4.2.2/lib/stdio.in.h
/SOURCE/GNUSED/SOURCES.ZIP/gnu/sed-4.2.2/lib/stdlib.in.h
/SOURCE/GNUSED/SOURCES.ZIP/gnu/sed-4.2.2/lib/streq.h
/SOURCE/GNUSED/SOURCES.ZIP/gnu/sed-4.2.2/lib/strerror-override.c
/SOURCE/GNUSED/SOURCES.ZIP/gnu/sed-4.2.2/lib/strerror-override.h
/SOURCE/GNUSED/SOURCES.ZIP/gnu/sed-4.2.2/lib/strerror.c
/SOURCE/GNUSED/SOURCES.ZIP/gnu/sed-4.2.2/lib/string.in.h
/SOURCE/GNUSED/SOURCES.ZIP/gnu/sed-4.2.2/lib/stripslash.c
/SOURCE/GNUSED/SOURCES.ZIP/gnu/sed-4.2.2/lib/strverscmp.c
/SOURCE/GNUSED/SOURCES.ZIP/gnu/sed-4.2.2/lib/sys_stat.in.h
/SOURCE/GNUSED/SOURCES.ZIP/gnu/sed-4.2.2/lib/sys_time.in.h
/SOURCE/GNUSED/SOURCES.ZIP/gnu/sed-4.2.2/lib/sys_types.in.h
/SOURCE/GNUSED/SOURCES.ZIP/gnu/sed-4.2.2/lib/tempname.c
/SOURCE/GNUSED/SOURCES.ZIP/gnu/sed-4.2.2/lib/tempname.h
/SOURCE/GNUSED/SOURCES.ZIP/gnu/sed-4.2.2/lib/time.in.h
/SOURCE/GNUSED/SOURCES.ZIP/gnu/sed-4.2.2/lib/unistd.c
/SOURCE/GNUSED/SOURCES.ZIP/gnu/sed-4.2.2/lib/unistd.in.h
/SOURCE/GNUSED/SOURCES.ZIP/gnu/sed-4.2.2/lib/unlocked-io.h
/SOURCE/GNUSED/SOURCES.ZIP/gnu/sed-4.2.2/lib/verify.h
/SOURCE/GNUSED/SOURCES.ZIP/gnu/sed-4.2.2/lib/version-etc-fsf.c
/SOURCE/GNUSED/SOURCES.ZIP/gnu/sed-4.2.2/lib/version-etc.c
/SOURCE/GNUSED/SOURCES.ZIP/gnu/sed-4.2.2/lib/version-etc.h
/SOURCE/GNUSED/SOURCES.ZIP/gnu/sed-4.2.2/lib/wchar.in.h
/SOURCE/GNUSED/SOURCES.ZIP/gnu/sed-4.2.2/lib/wcrtomb.c
/SOURCE/GNUSED/SOURCES.ZIP/gnu/sed-4.2.2/lib/wctob.c
/SOURCE/GNUSED/SOURCES.ZIP/gnu/sed-4.2.2/lib/wctomb-impl.h
/SOURCE/GNUSED/SOURCES.ZIP/gnu/sed-4.2.2/lib/wctomb.c
/SOURCE/GNUSED/SOURCES.ZIP/gnu/sed-4.2.2/lib/wctype-h.c
/SOURCE/GNUSED/SOURCES.ZIP/gnu/sed-4.2.2/lib/wctype.in.h
/SOURCE/GNUSED/SOURCES.ZIP/gnu/sed-4.2.2/lib/xalloc-die.c
/SOURCE/GNUSED/SOURCES.ZIP/gnu/sed-4.2.2/lib/xalloc-oversized.h
/SOURCE/GNUSED/SOURCES.ZIP/gnu/sed-4.2.2/lib/xalloc.h
/SOURCE/GNUSED/SOURCES.ZIP/gnu/sed-4.2.2/lib/xmalloc.c
/SOURCE/GNUSED/SOURCES.ZIP/gnu/sed-4.2.2/m4/
/SOURCE/GNUSED/SOURCES.ZIP/gnu/sed-4.2.2/m4/00gnulib.m4
/SOURCE/GNUSED/SOURCES.ZIP/gnu/sed-4.2.2/m4/acl.m4
/SOURCE/GNUSED/SOURCES.ZIP/gnu/sed-4.2.2/m4/alloca.m4
/SOURCE/GNUSED/SOURCES.ZIP/gnu/sed-4.2.2/m4/btowc.m4
/SOURCE/GNUSED/SOURCES.ZIP/gnu/sed-4.2.2/m4/canonicalize.m4
/SOURCE/GNUSED/SOURCES.ZIP/gnu/sed-4.2.2/m4/codeset.m4
/SOURCE/GNUSED/SOURCES.ZIP/gnu/sed-4.2.2/m4/configmake.m4
/SOURCE/GNUSED/SOURCES.ZIP/gnu/sed-4.2.2/m4/dirname.m4
/SOURCE/GNUSED/SOURCES.ZIP/gnu/sed-4.2.2/m4/double-slash-root.m4
/SOURCE/GNUSED/SOURCES.ZIP/gnu/sed-4.2.2/m4/eealloc.m4
/SOURCE/GNUSED/SOURCES.ZIP/gnu/sed-4.2.2/m4/errno_h.m4
/SOURCE/GNUSED/SOURCES.ZIP/gnu/sed-4.2.2/m4/error.m4
/SOURCE/GNUSED/SOURCES.ZIP/gnu/sed-4.2.2/m4/extensions.m4
/SOURCE/GNUSED/SOURCES.ZIP/gnu/sed-4.2.2/m4/extern-inline.m4
/SOURCE/GNUSED/SOURCES.ZIP/gnu/sed-4.2.2/m4/fcntl-o.m4
/SOURCE/GNUSED/SOURCES.ZIP/gnu/sed-4.2.2/m4/fcntl_h.m4
/SOURCE/GNUSED/SOURCES.ZIP/gnu/sed-4.2.2/m4/fstat.m4
/SOURCE/GNUSED/SOURCES.ZIP/gnu/sed-4.2.2/m4/fwriting.m4
/SOURCE/GNUSED/SOURCES.ZIP/gnu/sed-4.2.2/m4/getdelim.m4
/SOURCE/GNUSED/SOURCES.ZIP/gnu/sed-4.2.2/m4/getopt.m4
/SOURCE/GNUSED/SOURCES.ZIP/gnu/sed-4.2.2/m4/gettext.m4
/SOURCE/GNUSED/SOURCES.ZIP/gnu/sed-4.2.2/m4/gettimeofday.m4
/SOURCE/GNUSED/SOURCES.ZIP/gnu/sed-4.2.2/m4/glibc21.m4
/SOURCE/GNUSED/SOURCES.ZIP/gnu/sed-4.2.2/m4/gnulib-common.m4
/SOURCE/GNUSED/SOURCES.ZIP/gnu/sed-4.2.2/m4/gnulib-comp.m4
/SOURCE/GNUSED/SOURCES.ZIP/gnu/sed-4.2.2/m4/iconv.m4
/SOURCE/GNUSED/SOURCES.ZIP/gnu/sed-4.2.2/m4/include_next.m4
/SOURCE/GNUSED/SOURCES.ZIP/gnu/sed-4.2.2/m4/intlmacosx.m4
/SOURCE/GNUSED/SOURCES.ZIP/gnu/sed-4.2.2/m4/langinfo_h.m4
/SOURCE/GNUSED/SOURCES.ZIP/gnu/sed-4.2.2/m4/largefile.m4
/SOURCE/GNUSED/SOURCES.ZIP/gnu/sed-4.2.2/m4/lib-ld.m4
/SOURCE/GNUSED/SOURCES.ZIP/gnu/sed-4.2.2/m4/lib-link.m4
/SOURCE/GNUSED/SOURCES.ZIP/gnu/sed-4.2.2/m4/lib-prefix.m4
/SOURCE/GNUSED/SOURCES.ZIP/gnu/sed-4.2.2/m4/localcharset.m4
/SOURCE/GNUSED/SOURCES.ZIP/gnu/sed-4.2.2/m4/locale-fr.m4
/SOURCE/GNUSED/SOURCES.ZIP/gnu/sed-4.2.2/m4/locale-ja.m4
/SOURCE/GNUSED/SOURCES.ZIP/gnu/sed-4.2.2/m4/locale-zh.m4
/SOURCE/GNUSED/SOURCES.ZIP/gnu/sed-4.2.2/m4/locale_h.m4
/SOURCE/GNUSED/SOURCES.ZIP/gnu/sed-4.2.2/m4/localeconv.m4
/SOURCE/GNUSED/SOURCES.ZIP/gnu/sed-4.2.2/m4/longlong.m4
/SOURCE/GNUSED/SOURCES.ZIP/gnu/sed-4.2.2/m4/lstat.m4
/SOURCE/GNUSED/SOURCES.ZIP/gnu/sed-4.2.2/m4/malloc.m4
/SOURCE/GNUSED/SOURCES.ZIP/gnu/sed-4.2.2/m4/malloca.m4
/SOURCE/GNUSED/SOURCES.ZIP/gnu/sed-4.2.2/m4/mbrlen.m4
/SOURCE/GNUSED/SOURCES.ZIP/gnu/sed-4.2.2/m4/mbrtowc.m4
/SOURCE/GNUSED/SOURCES.ZIP/gnu/sed-4.2.2/m4/mbsinit.m4
/SOURCE/GNUSED/SOURCES.ZIP/gnu/sed-4.2.2/m4/mbstate_t.m4
/SOURCE/GNUSED/SOURCES.ZIP/gnu/sed-4.2.2/m4/mbtowc.m4
/SOURCE/GNUSED/SOURCES.ZIP/gnu/sed-4.2.2/m4/memchr.m4
/SOURCE/GNUSED/SOURCES.ZIP/gnu/sed-4.2.2/m4/mkostemp.m4
/SOURCE/GNUSED/SOURCES.ZIP/gnu/sed-4.2.2/m4/mmap-anon.m4
/SOURCE/GNUSED/SOURCES.ZIP/gnu/sed-4.2.2/m4/msvc-inval.m4
/SOURCE/GNUSED/SOURCES.ZIP/gnu/sed-4.2.2/m4/msvc-nothrow.m4
/SOURCE/GNUSED/SOURCES.ZIP/gnu/sed-4.2.2/m4/multiarch.m4
/SOURCE/GNUSED/SOURCES.ZIP/gnu/sed-4.2.2/m4/nl_langinfo.m4
/SOURCE/GNUSED/SOURCES.ZIP/gnu/sed-4.2.2/m4/nls.m4
/SOURCE/GNUSED/SOURCES.ZIP/gnu/sed-4.2.2/m4/nocrash.m4
/SOURCE/GNUSED/SOURCES.ZIP/gnu/sed-4.2.2/m4/off_t.m4
/SOURCE/GNUSED/SOURCES.ZIP/gnu/sed-4.2.2/m4/pathmax.m4
/SOURCE/GNUSED/SOURCES.ZIP/gnu/sed-4.2.2/m4/po.m4
/SOURCE/GNUSED/SOURCES.ZIP/gnu/sed-4.2.2/m4/progtest.m4
/SOURCE/GNUSED/SOURCES.ZIP/gnu/sed-4.2.2/m4/quote.m4
/SOURCE/GNUSED/SOURCES.ZIP/gnu/sed-4.2.2/m4/quotearg.m4
/SOURCE/GNUSED/SOURCES.ZIP/gnu/sed-4.2.2/m4/readlink.m4
/SOURCE/GNUSED/SOURCES.ZIP/gnu/sed-4.2.2/m4/realloc.m4
/SOURCE/GNUSED/SOURCES.ZIP/gnu/sed-4.2.2/m4/regex.m4
/SOURCE/GNUSED/SOURCES.ZIP/gnu/sed-4.2.2/m4/rename.m4
/SOURCE/GNUSED/SOURCES.ZIP/gnu/sed-4.2.2/m4/rmdir.m4
/SOURCE/GNUSED/SOURCES.ZIP/gnu/sed-4.2.2/m4/selinux-context-h.m4
/SOURCE/GNUSED/SOURCES.ZIP/gnu/sed-4.2.2/m4/selinux-selinux-h.m4
/SOURCE/GNUSED/SOURCES.ZIP/gnu/sed-4.2.2/m4/ssize_t.m4
/SOURCE/GNUSED/SOURCES.ZIP/gnu/sed-4.2.2/m4/stat.m4
/SOURCE/GNUSED/SOURCES.ZIP/gnu/sed-4.2.2/m4/stdarg.m4
/SOURCE/GNUSED/SOURCES.ZIP/gnu/sed-4.2.2/m4/stdbool.m4
/SOURCE/GNUSED/SOURCES.ZIP/gnu/sed-4.2.2/m4/stddef_h.m4
/SOURCE/GNUSED/SOURCES.ZIP/gnu/sed-4.2.2/m4/stdint.m4
/SOURCE/GNUSED/SOURCES.ZIP/gnu/sed-4.2.2/m4/stdio_h.m4
/SOURCE/GNUSED/SOURCES.ZIP/gnu/sed-4.2.2/m4/stdlib_h.m4
/SOURCE/GNUSED/SOURCES.ZIP/gnu/sed-4.2.2/m4/strerror.m4
/SOURCE/GNUSED/SOURCES.ZIP/gnu/sed-4.2.2/m4/string_h.m4
/SOURCE/GNUSED/SOURCES.ZIP/gnu/sed-4.2.2/m4/strverscmp.m4
/SOURCE/GNUSED/SOURCES.ZIP/gnu/sed-4.2.2/m4/sys_socket_h.m4
/SOURCE/GNUSED/SOURCES.ZIP/gnu/sed-4.2.2/m4/sys_stat_h.m4
/SOURCE/GNUSED/SOURCES.ZIP/gnu/sed-4.2.2/m4/sys_time_h.m4
/SOURCE/GNUSED/SOURCES.ZIP/gnu/sed-4.2.2/m4/sys_types_h.m4
/SOURCE/GNUSED/SOURCES.ZIP/gnu/sed-4.2.2/m4/tempname.m4
/SOURCE/GNUSED/SOURCES.ZIP/gnu/sed-4.2.2/m4/threadlib.m4
/SOURCE/GNUSED/SOURCES.ZIP/gnu/sed-4.2.2/m4/time_h.m4
/SOURCE/GNUSED/SOURCES.ZIP/gnu/sed-4.2.2/m4/unistd_h.m4
/SOURCE/GNUSED/SOURCES.ZIP/gnu/sed-4.2.2/m4/unlocked-io.m4
/SOURCE/GNUSED/SOURCES.ZIP/gnu/sed-4.2.2/m4/version-etc.m4
/SOURCE/GNUSED/SOURCES.ZIP/gnu/sed-4.2.2/m4/warn-on-use.m4
/SOURCE/GNUSED/SOURCES.ZIP/gnu/sed-4.2.2/m4/wchar_h.m4
/SOURCE/GNUSED/SOURCES.ZIP/gnu/sed-4.2.2/m4/wchar_t.m4
/SOURCE/GNUSED/SOURCES.ZIP/gnu/sed-4.2.2/m4/wcrtomb.m4
/SOURCE/GNUSED/SOURCES.ZIP/gnu/sed-4.2.2/m4/wctob.m4
/SOURCE/GNUSED/SOURCES.ZIP/gnu/sed-4.2.2/m4/wctomb.m4
/SOURCE/GNUSED/SOURCES.ZIP/gnu/sed-4.2.2/m4/wctype_h.m4
/SOURCE/GNUSED/SOURCES.ZIP/gnu/sed-4.2.2/m4/wint_t.m4
/SOURCE/GNUSED/SOURCES.ZIP/gnu/sed-4.2.2/m4/xalloc.m4
/SOURCE/GNUSED/SOURCES.ZIP/gnu/sed-4.2.2/po/
/SOURCE/GNUSED/SOURCES.ZIP/gnu/sed-4.2.2/po/ChangeLog
/SOURCE/GNUSED/SOURCES.ZIP/gnu/sed-4.2.2/po/LINGUAS
/SOURCE/GNUSED/SOURCES.ZIP/gnu/sed-4.2.2/po/Makefile.in-in
/SOURCE/GNUSED/SOURCES.ZIP/gnu/sed-4.2.2/po/Makevars
/SOURCE/GNUSED/SOURCES.ZIP/gnu/sed-4.2.2/po/POTFILES.in
/SOURCE/GNUSED/SOURCES.ZIP/gnu/sed-4.2.2/po/Rules-quot
/SOURCE/GNUSED/SOURCES.ZIP/gnu/sed-4.2.2/po/af.gmo
/SOURCE/GNUSED/SOURCES.ZIP/gnu/sed-4.2.2/po/af.po
/SOURCE/GNUSED/SOURCES.ZIP/gnu/sed-4.2.2/po/ast.gmo
/SOURCE/GNUSED/SOURCES.ZIP/gnu/sed-4.2.2/po/ast.po
/SOURCE/GNUSED/SOURCES.ZIP/gnu/sed-4.2.2/po/boldquot.sed
/SOURCE/GNUSED/SOURCES.ZIP/gnu/sed-4.2.2/po/ca.gmo
/SOURCE/GNUSED/SOURCES.ZIP/gnu/sed-4.2.2/po/ca.po
/SOURCE/GNUSED/SOURCES.ZIP/gnu/sed-4.2.2/po/cs.gmo
/SOURCE/GNUSED/SOURCES.ZIP/gnu/sed-4.2.2/po/cs.po
/SOURCE/GNUSED/SOURCES.ZIP/gnu/sed-4.2.2/po/da.gmo
/SOURCE/GNUSED/SOURCES.ZIP/gnu/sed-4.2.2/po/da.po
/SOURCE/GNUSED/SOURCES.ZIP/gnu/sed-4.2.2/po/de.gmo
/SOURCE/GNUSED/SOURCES.ZIP/gnu/sed-4.2.2/po/de.po
/SOURCE/GNUSED/SOURCES.ZIP/gnu/sed-4.2.2/po/el.gmo
/SOURCE/GNUSED/SOURCES.ZIP/gnu/sed-4.2.2/po/el.po
/SOURCE/GNUSED/SOURCES.ZIP/gnu/sed-4.2.2/po/en@boldquot.header
/SOURCE/GNUSED/SOURCES.ZIP/gnu/sed-4.2.2/po/en@quot.header
/SOURCE/GNUSED/SOURCES.ZIP/gnu/sed-4.2.2/po/eo.gmo
/SOURCE/GNUSED/SOURCES.ZIP/gnu/sed-4.2.2/po/eo.po
/SOURCE/GNUSED/SOURCES.ZIP/gnu/sed-4.2.2/po/es.gmo
/SOURCE/GNUSED/SOURCES.ZIP/gnu/sed-4.2.2/po/es.po
/SOURCE/GNUSED/SOURCES.ZIP/gnu/sed-4.2.2/po/et.gmo
/SOURCE/GNUSED/SOURCES.ZIP/gnu/sed-4.2.2/po/et.po
/SOURCE/GNUSED/SOURCES.ZIP/gnu/sed-4.2.2/po/eu.gmo
/SOURCE/GNUSED/SOURCES.ZIP/gnu/sed-4.2.2/po/eu.po
/SOURCE/GNUSED/SOURCES.ZIP/gnu/sed-4.2.2/po/fi.gmo
/SOURCE/GNUSED/SOURCES.ZIP/gnu/sed-4.2.2/po/fi.po
/SOURCE/GNUSED/SOURCES.ZIP/gnu/sed-4.2.2/po/fr.gmo
/SOURCE/GNUSED/SOURCES.ZIP/gnu/sed-4.2.2/po/fr.po
/SOURCE/GNUSED/SOURCES.ZIP/gnu/sed-4.2.2/po/ga.gmo
/SOURCE/GNUSED/SOURCES.ZIP/gnu/sed-4.2.2/po/ga.po
/SOURCE/GNUSED/SOURCES.ZIP/gnu/sed-4.2.2/po/gl.gmo
/SOURCE/GNUSED/SOURCES.ZIP/gnu/sed-4.2.2/po/gl.po
/SOURCE/GNUSED/SOURCES.ZIP/gnu/sed-4.2.2/po/he.gmo
/SOURCE/GNUSED/SOURCES.ZIP/gnu/sed-4.2.2/po/he.po
/SOURCE/GNUSED/SOURCES.ZIP/gnu/sed-4.2.2/po/hr.gmo
/SOURCE/GNUSED/SOURCES.ZIP/gnu/sed-4.2.2/po/hr.po
/SOURCE/GNUSED/SOURCES.ZIP/gnu/sed-4.2.2/po/hu.gmo
/SOURCE/GNUSED/SOURCES.ZIP/gnu/sed-4.2.2/po/hu.po
/SOURCE/GNUSED/SOURCES.ZIP/gnu/sed-4.2.2/po/id.gmo
/SOURCE/GNUSED/SOURCES.ZIP/gnu/sed-4.2.2/po/id.po
/SOURCE/GNUSED/SOURCES.ZIP/gnu/sed-4.2.2/po/insert-header.sin
/SOURCE/GNUSED/SOURCES.ZIP/gnu/sed-4.2.2/po/it.gmo
/SOURCE/GNUSED/SOURCES.ZIP/gnu/sed-4.2.2/po/it.po
/SOURCE/GNUSED/SOURCES.ZIP/gnu/sed-4.2.2/po/ja.gmo
/SOURCE/GNUSED/SOURCES.ZIP/gnu/sed-4.2.2/po/ja.po
/SOURCE/GNUSED/SOURCES.ZIP/gnu/sed-4.2.2/po/ko.gmo
/SOURCE/GNUSED/SOURCES.ZIP/gnu/sed-4.2.2/po/ko.po
/SOURCE/GNUSED/SOURCES.ZIP/gnu/sed-4.2.2/po/nb.gmo
/SOURCE/GNUSED/SOURCES.ZIP/gnu/sed-4.2.2/po/nb.po
/SOURCE/GNUSED/SOURCES.ZIP/gnu/sed-4.2.2/po/nl.gmo
/SOURCE/GNUSED/SOURCES.ZIP/gnu/sed-4.2.2/po/nl.po
/SOURCE/GNUSED/SOURCES.ZIP/gnu/sed-4.2.2/po/pl.gmo
/SOURCE/GNUSED/SOURCES.ZIP/gnu/sed-4.2.2/po/pl.po
/SOURCE/GNUSED/SOURCES.ZIP/gnu/sed-4.2.2/po/pt.gmo
/SOURCE/GNUSED/SOURCES.ZIP/gnu/sed-4.2.2/po/pt.po
/SOURCE/GNUSED/SOURCES.ZIP/gnu/sed-4.2.2/po/pt_BR.gmo
/SOURCE/GNUSED/SOURCES.ZIP/gnu/sed-4.2.2/po/pt_BR.po
/SOURCE/GNUSED/SOURCES.ZIP/gnu/sed-4.2.2/po/quot.sed
/SOURCE/GNUSED/SOURCES.ZIP/gnu/sed-4.2.2/po/remove-potcdate.sin
/SOURCE/GNUSED/SOURCES.ZIP/gnu/sed-4.2.2/po/ro.gmo
/SOURCE/GNUSED/SOURCES.ZIP/gnu/sed-4.2.2/po/ro.po
/SOURCE/GNUSED/SOURCES.ZIP/gnu/sed-4.2.2/po/ru.gmo
/SOURCE/GNUSED/SOURCES.ZIP/gnu/sed-4.2.2/po/ru.po
/SOURCE/GNUSED/SOURCES.ZIP/gnu/sed-4.2.2/po/sed.pot
/SOURCE/GNUSED/SOURCES.ZIP/gnu/sed-4.2.2/po/sk.gmo
/SOURCE/GNUSED/SOURCES.ZIP/gnu/sed-4.2.2/po/sk.po
/SOURCE/GNUSED/SOURCES.ZIP/gnu/sed-4.2.2/po/sl.gmo
/SOURCE/GNUSED/SOURCES.ZIP/gnu/sed-4.2.2/po/sl.po
/SOURCE/GNUSED/SOURCES.ZIP/gnu/sed-4.2.2/po/sr.gmo
/SOURCE/GNUSED/SOURCES.ZIP/gnu/sed-4.2.2/po/sr.po
/SOURCE/GNUSED/SOURCES.ZIP/gnu/sed-4.2.2/po/stamp-po
/SOURCE/GNUSED/SOURCES.ZIP/gnu/sed-4.2.2/po/sv.gmo
/SOURCE/GNUSED/SOURCES.ZIP/gnu/sed-4.2.2/po/sv.po
/SOURCE/GNUSED/SOURCES.ZIP/gnu/sed-4.2.2/po/tr.gmo
/SOURCE/GNUSED/SOURCES.ZIP/gnu/sed-4.2.2/po/tr.po
/SOURCE/GNUSED/SOURCES.ZIP/gnu/sed-4.2.2/po/uk.gmo
/SOURCE/GNUSED/SOURCES.ZIP/gnu/sed-4.2.2/po/uk.po
/SOURCE/GNUSED/SOURCES.ZIP/gnu/sed-4.2.2/po/vi.gmo
/SOURCE/GNUSED/SOURCES.ZIP/gnu/sed-4.2.2/po/vi.po
/SOURCE/GNUSED/SOURCES.ZIP/gnu/sed-4.2.2/po/zh_CN.gmo
/SOURCE/GNUSED/SOURCES.ZIP/gnu/sed-4.2.2/po/zh_CN.po
/SOURCE/GNUSED/SOURCES.ZIP/gnu/sed-4.2.2/po/zh_TW.gmo
/SOURCE/GNUSED/SOURCES.ZIP/gnu/sed-4.2.2/po/zh_TW.po
/SOURCE/GNUSED/SOURCES.ZIP/gnu/sed-4.2.2/sed/
/SOURCE/GNUSED/SOURCES.ZIP/gnu/sed-4.2.2/sed/Makefile.am
/SOURCE/GNUSED/SOURCES.ZIP/gnu/sed-4.2.2/sed/Makefile.in
/SOURCE/GNUSED/SOURCES.ZIP/gnu/sed-4.2.2/sed/compile.c
/SOURCE/GNUSED/SOURCES.ZIP/gnu/sed-4.2.2/sed/execute.c
/SOURCE/GNUSED/SOURCES.ZIP/gnu/sed-4.2.2/sed/fmt.c
/SOURCE/GNUSED/SOURCES.ZIP/gnu/sed-4.2.2/sed/mbcs.c
/SOURCE/GNUSED/SOURCES.ZIP/gnu/sed-4.2.2/sed/regexp.c
/SOURCE/GNUSED/SOURCES.ZIP/gnu/sed-4.2.2/sed/sed.c
/SOURCE/GNUSED/SOURCES.ZIP/gnu/sed-4.2.2/sed/sed.h
/SOURCE/GNUSED/SOURCES.ZIP/gnu/sed-4.2.2/sed/utils.c
/SOURCE/GNUSED/SOURCES.ZIP/gnu/sed-4.2.2/sed/utils.h
/SOURCE/GNUSED/SOURCES.ZIP/gnu/sed-4.2.2/testsuite/
/SOURCE/GNUSED/SOURCES.ZIP/gnu/sed-4.2.2/testsuite/0range.good
/SOURCE/GNUSED/SOURCES.ZIP/gnu/sed-4.2.2/testsuite/0range.inp
/SOURCE/GNUSED/SOURCES.ZIP/gnu/sed-4.2.2/testsuite/0range.sed
/SOURCE/GNUSED/SOURCES.ZIP/gnu/sed-4.2.2/testsuite/8bit.good
/SOURCE/GNUSED/SOURCES.ZIP/gnu/sed-4.2.2/testsuite/8bit.inp
/SOURCE/GNUSED/SOURCES.ZIP/gnu/sed-4.2.2/testsuite/8bit.sed
/SOURCE/GNUSED/SOURCES.ZIP/gnu/sed-4.2.2/testsuite/8to7.good
/SOURCE/GNUSED/SOURCES.ZIP/gnu/sed-4.2.2/testsuite/8to7.inp
/SOURCE/GNUSED/SOURCES.ZIP/gnu/sed-4.2.2/testsuite/8to7.sed
/SOURCE/GNUSED/SOURCES.ZIP/gnu/sed-4.2.2/testsuite/BOOST.tests
/SOURCE/GNUSED/SOURCES.ZIP/gnu/sed-4.2.2/testsuite/Makefile.am
/SOURCE/GNUSED/SOURCES.ZIP/gnu/sed-4.2.2/testsuite/Makefile.in
/SOURCE/GNUSED/SOURCES.ZIP/gnu/sed-4.2.2/testsuite/Makefile.tests
/SOURCE/GNUSED/SOURCES.ZIP/gnu/sed-4.2.2/testsuite/PCRE.tests
/SOURCE/GNUSED/SOURCES.ZIP/gnu/sed-4.2.2/testsuite/SPENCER.tests
/SOURCE/GNUSED/SOURCES.ZIP/gnu/sed-4.2.2/testsuite/allsub.good
/SOURCE/GNUSED/SOURCES.ZIP/gnu/sed-4.2.2/testsuite/allsub.inp
/SOURCE/GNUSED/SOURCES.ZIP/gnu/sed-4.2.2/testsuite/allsub.sed
/SOURCE/GNUSED/SOURCES.ZIP/gnu/sed-4.2.2/testsuite/amp-escape.good
/SOURCE/GNUSED/SOURCES.ZIP/gnu/sed-4.2.2/testsuite/amp-escape.inp
/SOURCE/GNUSED/SOURCES.ZIP/gnu/sed-4.2.2/testsuite/amp-escape.sed
/SOURCE/GNUSED/SOURCES.ZIP/gnu/sed-4.2.2/testsuite/appquit.good
/SOURCE/GNUSED/SOURCES.ZIP/gnu/sed-4.2.2/testsuite/appquit.inp
/SOURCE/GNUSED/SOURCES.ZIP/gnu/sed-4.2.2/testsuite/appquit.sed
/SOURCE/GNUSED/SOURCES.ZIP/gnu/sed-4.2.2/testsuite/badenc.good
/SOURCE/GNUSED/SOURCES.ZIP/gnu/sed-4.2.2/testsuite/badenc.inp
/SOURCE/GNUSED/SOURCES.ZIP/gnu/sed-4.2.2/testsuite/badenc.sed
/SOURCE/GNUSED/SOURCES.ZIP/gnu/sed-4.2.2/testsuite/binary.good
/SOURCE/GNUSED/SOURCES.ZIP/gnu/sed-4.2.2/testsuite/binary.inp
/SOURCE/GNUSED/SOURCES.ZIP/gnu/sed-4.2.2/testsuite/binary.sed
/SOURCE/GNUSED/SOURCES.ZIP/gnu/sed-4.2.2/testsuite/binary2.sed
/SOURCE/GNUSED/SOURCES.ZIP/gnu/sed-4.2.2/testsuite/binary3.sed
/SOURCE/GNUSED/SOURCES.ZIP/gnu/sed-4.2.2/testsuite/bkslashes.good
/SOURCE/GNUSED/SOURCES.ZIP/gnu/sed-4.2.2/testsuite/bkslashes.inp
/SOURCE/GNUSED/SOURCES.ZIP/gnu/sed-4.2.2/testsuite/bkslashes.sed
/SOURCE/GNUSED/SOURCES.ZIP/gnu/sed-4.2.2/testsuite/brackets.good
/SOURCE/GNUSED/SOURCES.ZIP/gnu/sed-4.2.2/testsuite/brackets.inp
/SOURCE/GNUSED/SOURCES.ZIP/gnu/sed-4.2.2/testsuite/brackets.sed
/SOURCE/GNUSED/SOURCES.ZIP/gnu/sed-4.2.2/testsuite/bsd.good
/SOURCE/GNUSED/SOURCES.ZIP/gnu/sed-4.2.2/testsuite/bsd.sh
/SOURCE/GNUSED/SOURCES.ZIP/gnu/sed-4.2.2/testsuite/bug-regex10.c
/SOURCE/GNUSED/SOURCES.ZIP/gnu/sed-4.2.2/testsuite/bug-regex11.c
/SOURCE/GNUSED/SOURCES.ZIP/gnu/sed-4.2.2/testsuite/bug-regex12.c
/SOURCE/GNUSED/SOURCES.ZIP/gnu/sed-4.2.2/testsuite/bug-regex13.c
/SOURCE/GNUSED/SOURCES.ZIP/gnu/sed-4.2.2/testsuite/bug-regex14.c
/SOURCE/GNUSED/SOURCES.ZIP/gnu/sed-4.2.2/testsuite/bug-regex15.c
/SOURCE/GNUSED/SOURCES.ZIP/gnu/sed-4.2.2/testsuite/bug-regex16.c
/SOURCE/GNUSED/SOURCES.ZIP/gnu/sed-4.2.2/testsuite/bug-regex21.c
/SOURCE/GNUSED/SOURCES.ZIP/gnu/sed-4.2.2/testsuite/bug-regex27.c
/SOURCE/GNUSED/SOURCES.ZIP/gnu/sed-4.2.2/testsuite/bug-regex28.c
/SOURCE/GNUSED/SOURCES.ZIP/gnu/sed-4.2.2/testsuite/bug-regex7.c
/SOURCE/GNUSED/SOURCES.ZIP/gnu/sed-4.2.2/testsuite/bug-regex8.c
/SOURCE/GNUSED/SOURCES.ZIP/gnu/sed-4.2.2/testsuite/bug-regex9.c
/SOURCE/GNUSED/SOURCES.ZIP/gnu/sed-4.2.2/testsuite/classes.good
/SOURCE/GNUSED/SOURCES.ZIP/gnu/sed-4.2.2/testsuite/classes.inp
/SOURCE/GNUSED/SOURCES.ZIP/gnu/sed-4.2.2/testsuite/classes.sed
/SOURCE/GNUSED/SOURCES.ZIP/gnu/sed-4.2.2/testsuite/cv-vars.good
/SOURCE/GNUSED/SOURCES.ZIP/gnu/sed-4.2.2/testsuite/cv-vars.inp
/SOURCE/GNUSED/SOURCES.ZIP/gnu/sed-4.2.2/testsuite/cv-vars.sed
/SOURCE/GNUSED/SOURCES.ZIP/gnu/sed-4.2.2/testsuite/dc.good
/SOURCE/GNUSED/SOURCES.ZIP/gnu/sed-4.2.2/testsuite/dc.inp
/SOURCE/GNUSED/SOURCES.ZIP/gnu/sed-4.2.2/testsuite/dc.sed
/SOURCE/GNUSED/SOURCES.ZIP/gnu/sed-4.2.2/testsuite/distrib.good
/SOURCE/GNUSED/SOURCES.ZIP/gnu/sed-4.2.2/testsuite/distrib.inp
/SOURCE/GNUSED/SOURCES.ZIP/gnu/sed-4.2.2/testsuite/distrib.sed
/SOURCE/GNUSED/SOURCES.ZIP/gnu/sed-4.2.2/testsuite/distrib.sh
/SOURCE/GNUSED/SOURCES.ZIP/gnu/sed-4.2.2/testsuite/dollar.good
/SOURCE/GNUSED/SOURCES.ZIP/gnu/sed-4.2.2/testsuite/dollar.inp
/SOURCE/GNUSED/SOURCES.ZIP/gnu/sed-4.2.2/testsuite/dollar.sed
/SOURCE/GNUSED/SOURCES.ZIP/gnu/sed-4.2.2/testsuite/empty.good
/SOURCE/GNUSED/SOURCES.ZIP/gnu/sed-4.2.2/testsuite/empty.inp
/SOURCE/GNUSED/SOURCES.ZIP/gnu/sed-4.2.2/testsuite/empty.sed
/SOURCE/GNUSED/SOURCES.ZIP/gnu/sed-4.2.2/testsuite/enable.good
/SOURCE/GNUSED/SOURCES.ZIP/gnu/sed-4.2.2/testsuite/enable.inp
/SOURCE/GNUSED/SOURCES.ZIP/gnu/sed-4.2.2/testsuite/enable.sed
/SOURCE/GNUSED/SOURCES.ZIP/gnu/sed-4.2.2/testsuite/eval.good
/SOURCE/GNUSED/SOURCES.ZIP/gnu/sed-4.2.2/testsuite/eval.inp
/SOURCE/GNUSED/SOURCES.ZIP/gnu/sed-4.2.2/testsuite/eval.sed
/SOURCE/GNUSED/SOURCES.ZIP/gnu/sed-4.2.2/testsuite/factor.good
/SOURCE/GNUSED/SOURCES.ZIP/gnu/sed-4.2.2/testsuite/factor.inp
/SOURCE/GNUSED/SOURCES.ZIP/gnu/sed-4.2.2/testsuite/factor.sed
/SOURCE/GNUSED/SOURCES.ZIP/gnu/sed-4.2.2/testsuite/fasts.good
/SOURCE/GNUSED/SOURCES.ZIP/gnu/sed-4.2.2/testsuite/fasts.inp
/SOURCE/GNUSED/SOURCES.ZIP/gnu/sed-4.2.2/testsuite/fasts.sed
/SOURCE/GNUSED/SOURCES.ZIP/gnu/sed-4.2.2/testsuite/flipcase.good
/SOURCE/GNUSED/SOURCES.ZIP/gnu/sed-4.2.2/testsuite/flipcase.inp
/SOURCE/GNUSED/SOURCES.ZIP/gnu/sed-4.2.2/testsuite/flipcase.sed
/SOURCE/GNUSED/SOURCES.ZIP/gnu/sed-4.2.2/testsuite/head.good
/SOURCE/GNUSED/SOURCES.ZIP/gnu/sed-4.2.2/testsuite/head.inp
/SOURCE/GNUSED/SOURCES.ZIP/gnu/sed-4.2.2/testsuite/head.sed
/SOURCE/GNUSED/SOURCES.ZIP/gnu/sed-4.2.2/testsuite/inclib.good
/SOURCE/GNUSED/SOURCES.ZIP/gnu/sed-4.2.2/testsuite/inclib.inp
/SOURCE/GNUSED/SOURCES.ZIP/gnu/sed-4.2.2/testsuite/inclib.sed
/SOURCE/GNUSED/SOURCES.ZIP/gnu/sed-4.2.2/testsuite/insens.good
/SOURCE/GNUSED/SOURCES.ZIP/gnu/sed-4.2.2/testsuite/insens.inp
/SOURCE/GNUSED/SOURCES.ZIP/gnu/sed-4.2.2/testsuite/insens.sed
/SOURCE/GNUSED/SOURCES.ZIP/gnu/sed-4.2.2/testsuite/insert.good
/SOURCE/GNUSED/SOURCES.ZIP/gnu/sed-4.2.2/testsuite/insert.inp
/SOURCE/GNUSED/SOURCES.ZIP/gnu/sed-4.2.2/testsuite/insert.sed
/SOURCE/GNUSED/SOURCES.ZIP/gnu/sed-4.2.2/testsuite/khadafy.good
/SOURCE/GNUSED/SOURCES.ZIP/gnu/sed-4.2.2/testsuite/khadafy.inp
/SOURCE/GNUSED/SOURCES.ZIP/gnu/sed-4.2.2/testsuite/khadafy.sed
/SOURCE/GNUSED/SOURCES.ZIP/gnu/sed-4.2.2/testsuite/linecnt.good
/SOURCE/GNUSED/SOURCES.ZIP/gnu/sed-4.2.2/testsuite/linecnt.inp
/SOURCE/GNUSED/SOURCES.ZIP/gnu/sed-4.2.2/testsuite/linecnt.sed
/SOURCE/GNUSED/SOURCES.ZIP/gnu/sed-4.2.2/testsuite/mac-mf.good
/SOURCE/GNUSED/SOURCES.ZIP/gnu/sed-4.2.2/testsuite/mac-mf.inp
/SOURCE/GNUSED/SOURCES.ZIP/gnu/sed-4.2.2/testsuite/mac-mf.sed
/SOURCE/GNUSED/SOURCES.ZIP/gnu/sed-4.2.2/testsuite/madding.good
/SOURCE/GNUSED/SOURCES.ZIP/gnu/sed-4.2.2/testsuite/madding.inp
/SOURCE/GNUSED/SOURCES.ZIP/gnu/sed-4.2.2/testsuite/madding.sed
/SOURCE/GNUSED/SOURCES.ZIP/gnu/sed-4.2.2/testsuite/manis.good
/SOURCE/GNUSED/SOURCES.ZIP/gnu/sed-4.2.2/testsuite/manis.inp
/SOURCE/GNUSED/SOURCES.ZIP/gnu/sed-4.2.2/testsuite/manis.sed
/SOURCE/GNUSED/SOURCES.ZIP/gnu/sed-4.2.2/testsuite/middle.good
/SOURCE/GNUSED/SOURCES.ZIP/gnu/sed-4.2.2/testsuite/middle.inp
/SOURCE/GNUSED/SOURCES.ZIP/gnu/sed-4.2.2/testsuite/middle.sed
/SOURCE/GNUSED/SOURCES.ZIP/gnu/sed-4.2.2/testsuite/modulo.good
/SOURCE/GNUSED/SOURCES.ZIP/gnu/sed-4.2.2/testsuite/modulo.inp
/SOURCE/GNUSED/SOURCES.ZIP/gnu/sed-4.2.2/testsuite/modulo.sed
/SOURCE/GNUSED/SOURCES.ZIP/gnu/sed-4.2.2/testsuite/newjis.good
/SOURCE/GNUSED/SOURCES.ZIP/gnu/sed-4.2.2/testsuite/newjis.inp
/SOURCE/GNUSED/SOURCES.ZIP/gnu/sed-4.2.2/testsuite/newjis.sed
/SOURCE/GNUSED/SOURCES.ZIP/gnu/sed-4.2.2/testsuite/noeol.good
/SOURCE/GNUSED/SOURCES.ZIP/gnu/sed-4.2.2/testsuite/noeol.inp
/SOURCE/GNUSED/SOURCES.ZIP/gnu/sed-4.2.2/testsuite/noeol.sed
/SOURCE/GNUSED/SOURCES.ZIP/gnu/sed-4.2.2/testsuite/noeolw.1good
/SOURCE/GNUSED/SOURCES.ZIP/gnu/sed-4.2.2/testsuite/noeolw.2good
/SOURCE/GNUSED/SOURCES.ZIP/gnu/sed-4.2.2/testsuite/noeolw.good
/SOURCE/GNUSED/SOURCES.ZIP/gnu/sed-4.2.2/testsuite/noeolw.sed
/SOURCE/GNUSED/SOURCES.ZIP/gnu/sed-4.2.2/testsuite/numsub.good
/SOURCE/GNUSED/SOURCES.ZIP/gnu/sed-4.2.2/testsuite/numsub.inp
/SOURCE/GNUSED/SOURCES.ZIP/gnu/sed-4.2.2/testsuite/numsub.sed
/SOURCE/GNUSED/SOURCES.ZIP/gnu/sed-4.2.2/testsuite/numsub2.good
/SOURCE/GNUSED/SOURCES.ZIP/gnu/sed-4.2.2/testsuite/numsub2.inp
/SOURCE/GNUSED/SOURCES.ZIP/gnu/sed-4.2.2/testsuite/numsub2.sed
/SOURCE/GNUSED/SOURCES.ZIP/gnu/sed-4.2.2/testsuite/numsub3.good
/SOURCE/GNUSED/SOURCES.ZIP/gnu/sed-4.2.2/testsuite/numsub3.inp
/SOURCE/GNUSED/SOURCES.ZIP/gnu/sed-4.2.2/testsuite/numsub3.sed
/SOURCE/GNUSED/SOURCES.ZIP/gnu/sed-4.2.2/testsuite/numsub4.good
/SOURCE/GNUSED/SOURCES.ZIP/gnu/sed-4.2.2/testsuite/numsub4.inp
/SOURCE/GNUSED/SOURCES.ZIP/gnu/sed-4.2.2/testsuite/numsub4.sed
/SOURCE/GNUSED/SOURCES.ZIP/gnu/sed-4.2.2/testsuite/numsub5.good
/SOURCE/GNUSED/SOURCES.ZIP/gnu/sed-4.2.2/testsuite/numsub5.inp
/SOURCE/GNUSED/SOURCES.ZIP/gnu/sed-4.2.2/testsuite/numsub5.sed
/SOURCE/GNUSED/SOURCES.ZIP/gnu/sed-4.2.2/testsuite/ptestcases.h
/SOURCE/GNUSED/SOURCES.ZIP/gnu/sed-4.2.2/testsuite/readin.good
/SOURCE/GNUSED/SOURCES.ZIP/gnu/sed-4.2.2/testsuite/readin.inp
/SOURCE/GNUSED/SOURCES.ZIP/gnu/sed-4.2.2/testsuite/readin.sed
/SOURCE/GNUSED/SOURCES.ZIP/gnu/sed-4.2.2/testsuite/recall.good
/SOURCE/GNUSED/SOURCES.ZIP/gnu/sed-4.2.2/testsuite/recall.inp
/SOURCE/GNUSED/SOURCES.ZIP/gnu/sed-4.2.2/testsuite/recall.sed
/SOURCE/GNUSED/SOURCES.ZIP/gnu/sed-4.2.2/testsuite/recall2.good
/SOURCE/GNUSED/SOURCES.ZIP/gnu/sed-4.2.2/testsuite/recall2.inp
/SOURCE/GNUSED/SOURCES.ZIP/gnu/sed-4.2.2/testsuite/recall2.sed
/SOURCE/GNUSED/SOURCES.ZIP/gnu/sed-4.2.2/testsuite/runptests.c
/SOURCE/GNUSED/SOURCES.ZIP/gnu/sed-4.2.2/testsuite/runtest
/SOURCE/GNUSED/SOURCES.ZIP/gnu/sed-4.2.2/testsuite/runtests.c
/SOURCE/GNUSED/SOURCES.ZIP/gnu/sed-4.2.2/testsuite/sep.good
/SOURCE/GNUSED/SOURCES.ZIP/gnu/sed-4.2.2/testsuite/sep.inp
/SOURCE/GNUSED/SOURCES.ZIP/gnu/sed-4.2.2/testsuite/sep.sed
/SOURCE/GNUSED/SOURCES.ZIP/gnu/sed-4.2.2/testsuite/space.good
/SOURCE/GNUSED/SOURCES.ZIP/gnu/sed-4.2.2/testsuite/space.inp
/SOURCE/GNUSED/SOURCES.ZIP/gnu/sed-4.2.2/testsuite/space.sed
/SOURCE/GNUSED/SOURCES.ZIP/gnu/sed-4.2.2/testsuite/subwrite.inp
/SOURCE/GNUSED/SOURCES.ZIP/gnu/sed-4.2.2/testsuite/subwrite.sed
/SOURCE/GNUSED/SOURCES.ZIP/gnu/sed-4.2.2/testsuite/subwrt1.good
/SOURCE/GNUSED/SOURCES.ZIP/gnu/sed-4.2.2/testsuite/subwrt2.good
/SOURCE/GNUSED/SOURCES.ZIP/gnu/sed-4.2.2/testsuite/testcases.h
/SOURCE/GNUSED/SOURCES.ZIP/gnu/sed-4.2.2/testsuite/tst-boost.c
/SOURCE/GNUSED/SOURCES.ZIP/gnu/sed-4.2.2/testsuite/tst-pcre.c
/SOURCE/GNUSED/SOURCES.ZIP/gnu/sed-4.2.2/testsuite/tst-regex2.c
/SOURCE/GNUSED/SOURCES.ZIP/gnu/sed-4.2.2/testsuite/tst-rxspencer.c
/SOURCE/GNUSED/SOURCES.ZIP/gnu/sed-4.2.2/testsuite/uniq.good
/SOURCE/GNUSED/SOURCES.ZIP/gnu/sed-4.2.2/testsuite/uniq.inp
/SOURCE/GNUSED/SOURCES.ZIP/gnu/sed-4.2.2/testsuite/uniq.sed
/SOURCE/GNUSED/SOURCES.ZIP/gnu/sed-4.2.2/testsuite/utf8-1.good
/SOURCE/GNUSED/SOURCES.ZIP/gnu/sed-4.2.2/testsuite/utf8-1.inp
/SOURCE/GNUSED/SOURCES.ZIP/gnu/sed-4.2.2/testsuite/utf8-1.sed
/SOURCE/GNUSED/SOURCES.ZIP/gnu/sed-4.2.2/testsuite/utf8-2.good
/SOURCE/GNUSED/SOURCES.ZIP/gnu/sed-4.2.2/testsuite/utf8-2.inp
/SOURCE/GNUSED/SOURCES.ZIP/gnu/sed-4.2.2/testsuite/utf8-2.sed
/SOURCE/GNUSED/SOURCES.ZIP/gnu/sed-4.2.2/testsuite/utf8-3.good
/SOURCE/GNUSED/SOURCES.ZIP/gnu/sed-4.2.2/testsuite/utf8-3.inp
/SOURCE/GNUSED/SOURCES.ZIP/gnu/sed-4.2.2/testsuite/utf8-3.sed
/SOURCE/GNUSED/SOURCES.ZIP/gnu/sed-4.2.2/testsuite/utf8-4.good
/SOURCE/GNUSED/SOURCES.ZIP/gnu/sed-4.2.2/testsuite/utf8-4.inp
/SOURCE/GNUSED/SOURCES.ZIP/gnu/sed-4.2.2/testsuite/utf8-4.sed
/SOURCE/GNUSED/SOURCES.ZIP/gnu/sed-4.2.2/testsuite/version.gin
/SOURCE/GNUSED/SOURCES.ZIP/gnu/sed-4.2.2/testsuite/writeout.inp
/SOURCE/GNUSED/SOURCES.ZIP/gnu/sed-4.2.2/testsuite/writeout.sed
/SOURCE/GNUSED/SOURCES.ZIP/gnu/sed-4.2.2/testsuite/wrtout1.good
/SOURCE/GNUSED/SOURCES.ZIP/gnu/sed-4.2.2/testsuite/wrtout2.good
/SOURCE/GNUSED/SOURCES.ZIP/gnu/sed-4.2.2/testsuite/xabcx.good
/SOURCE/GNUSED/SOURCES.ZIP/gnu/sed-4.2.2/testsuite/xabcx.inp
/SOURCE/GNUSED/SOURCES.ZIP/gnu/sed-4.2.2/testsuite/xabcx.sed
/SOURCE/GNUSED/SOURCES.ZIP/gnu/sed-4.2.2/testsuite/xbxcx.good
/SOURCE/GNUSED/SOURCES.ZIP/gnu/sed-4.2.2/testsuite/xbxcx.inp
/SOURCE/GNUSED/SOURCES.ZIP/gnu/sed-4.2.2/testsuite/xbxcx.sed
/SOURCE/GNUSED/SOURCES.ZIP/gnu/sed-4.2.2/testsuite/xbxcx3.good
/SOURCE/GNUSED/SOURCES.ZIP/gnu/sed-4.2.2/testsuite/xbxcx3.inp
/SOURCE/GNUSED/SOURCES.ZIP/gnu/sed-4.2.2/testsuite/xbxcx3.sed
/SOURCE/GNUSED/SOURCES.ZIP/gnu/sed-4.2.2/testsuite/xemacs.good
/SOURCE/GNUSED/SOURCES.ZIP/gnu/sed-4.2.2/testsuite/xemacs.inp
/SOURCE/GNUSED/SOURCES.ZIP/gnu/sed-4.2.2/testsuite/xemacs.sed
/SOURCE/GNUSED/SOURCES.ZIP/gnu/sed-4.2.2/testsuite/y-bracket.good
/SOURCE/GNUSED/SOURCES.ZIP/gnu/sed-4.2.2/testsuite/y-bracket.inp
/SOURCE/GNUSED/SOURCES.ZIP/gnu/sed-4.2.2/testsuite/y-bracket.sed
/SOURCE/GNUSED/SOURCES.ZIP/gnu/sed-4.2.2/testsuite/y-newline.good
/SOURCE/GNUSED/SOURCES.ZIP/gnu/sed-4.2.2/testsuite/y-newline.inp
/SOURCE/GNUSED/SOURCES.ZIP/gnu/sed-4.2.2/testsuite/y-newline.sed
/SOURCE/GNUSED/SOURCES.ZIP/manifest/
/SOURCE/GNUSED/SOURCES.ZIP/manifest/sed422sr2.dsm
/SOURCE/GNUSED/SOURCES.ZIP/manifest/sed422sr2.mft
/SOURCE/GNUSED/SOURCES.ZIP/manifest/sed422sr2.ver
