/
/APPINFO/
/APPINFO/GZIP.DE
/APPINFO/GZIP.FR
/APPINFO/GZIP.LSM
/APPINFO/GZIP.SV
/APPINFO/GZIP.TR
/BIN/
/BIN/GZIP.EXE
/BIN/GZIP386.EXE
/DOC/
/DOC/GZIP/
/DOC/GZIP/COPYING
/DOC/GZIP/GZIP.DOC
/DOC/GZIP/README
/DOC/GZIP/README.DOS
/SOURCE/
/SOURCE/GZIP/
/SOURCE/GZIP/SOURCES.ZIP/
/SOURCE/GZIP/SOURCES.ZIP/amiga/
/SOURCE/GZIP/SOURCES.ZIP/amiga/Makefile.gcc
/SOURCE/GZIP/SOURCES.ZIP/amiga/Makefile.sasc
/SOURCE/GZIP/SOURCES.ZIP/amiga/match.a
/SOURCE/GZIP/SOURCES.ZIP/amiga/tailor.c
/SOURCE/GZIP/SOURCES.ZIP/amiga/utime.h
/SOURCE/GZIP/SOURCES.ZIP/atari/
/SOURCE/GZIP/SOURCES.ZIP/atari/Makefile.st
/SOURCE/GZIP/SOURCES.ZIP/bits.c
/SOURCE/GZIP/SOURCES.ZIP/configure
/SOURCE/GZIP/SOURCES.ZIP/configure.in
/SOURCE/GZIP/SOURCES.ZIP/crypt.c
/SOURCE/GZIP/SOURCES.ZIP/crypt.h
/SOURCE/GZIP/SOURCES.ZIP/deflate.c
/SOURCE/GZIP/SOURCES.ZIP/getopt.c
/SOURCE/GZIP/SOURCES.ZIP/getopt.h
/SOURCE/GZIP/SOURCES.ZIP/gpl.texinfo
/SOURCE/GZIP/SOURCES.ZIP/gzexe.1
/SOURCE/GZIP/SOURCES.ZIP/gzexe.in
/SOURCE/GZIP/SOURCES.ZIP/gzip.1
/SOURCE/GZIP/SOURCES.ZIP/gzip.c
/SOURCE/GZIP/SOURCES.ZIP/gzip.h
/SOURCE/GZIP/SOURCES.ZIP/gzip.info
/SOURCE/GZIP/SOURCES.ZIP/gzip.texi
/SOURCE/GZIP/SOURCES.ZIP/inflate.c
/SOURCE/GZIP/SOURCES.ZIP/lzw.c
/SOURCE/GZIP/SOURCES.ZIP/lzw.h
/SOURCE/GZIP/SOURCES.ZIP/Makefile.in
/SOURCE/GZIP/SOURCES.ZIP/match.S
/SOURCE/GZIP/SOURCES.ZIP/msdos/
/SOURCE/GZIP/SOURCES.ZIP/msdos/Makefile.bor
/SOURCE/GZIP/SOURCES.ZIP/msdos/Makefile.djg
/SOURCE/GZIP/SOURCES.ZIP/msdos/Makefile.msc
/SOURCE/GZIP/SOURCES.ZIP/msdos/doturboc.bat
/SOURCE/GZIP/SOURCES.ZIP/msdos/gzip.prj
/SOURCE/GZIP/SOURCES.ZIP/msdos/match.asm
/SOURCE/GZIP/SOURCES.ZIP/msdos/tailor.c
/SOURCE/GZIP/SOURCES.ZIP/nt/
/SOURCE/GZIP/SOURCES.ZIP/nt/Makefile.nt
/SOURCE/GZIP/SOURCES.ZIP/os2/
/SOURCE/GZIP/SOURCES.ZIP/os2/Makefile.os2
/SOURCE/GZIP/SOURCES.ZIP/os2/gzip.def
/SOURCE/GZIP/SOURCES.ZIP/os2/gzip16.def
/SOURCE/GZIP/SOURCES.ZIP/primos/
/SOURCE/GZIP/SOURCES.ZIP/primos/build.cpl
/SOURCE/GZIP/SOURCES.ZIP/primos/ci.opts
/SOURCE/GZIP/SOURCES.ZIP/primos/include/
/SOURCE/GZIP/SOURCES.ZIP/primos/include/errno.h
/SOURCE/GZIP/SOURCES.ZIP/primos/include/fcntl.h
/SOURCE/GZIP/SOURCES.ZIP/primos/include/stdlib.h
/SOURCE/GZIP/SOURCES.ZIP/primos/include/sysStat.h
/SOURCE/GZIP/SOURCES.ZIP/primos/include/sysTypes.h
/SOURCE/GZIP/SOURCES.ZIP/primos/primos.c
/SOURCE/GZIP/SOURCES.ZIP/primos/readme
/SOURCE/GZIP/SOURCES.ZIP/revision.h
/SOURCE/GZIP/SOURCES.ZIP/sample/
/SOURCE/GZIP/SOURCES.ZIP/sample/add.c
/SOURCE/GZIP/SOURCES.ZIP/sample/makecrc.c
/SOURCE/GZIP/SOURCES.ZIP/sample/sub.c
/SOURCE/GZIP/SOURCES.ZIP/sample/zfile
/SOURCE/GZIP/SOURCES.ZIP/sample/zread.c
/SOURCE/GZIP/SOURCES.ZIP/sample/ztouch
/SOURCE/GZIP/SOURCES.ZIP/tailor.h
/SOURCE/GZIP/SOURCES.ZIP/texinfo.tex
/SOURCE/GZIP/SOURCES.ZIP/trees.c
/SOURCE/GZIP/SOURCES.ZIP/unlzh.c
/SOURCE/GZIP/SOURCES.ZIP/unlzw.c
/SOURCE/GZIP/SOURCES.ZIP/unpack.c
/SOURCE/GZIP/SOURCES.ZIP/unzip.c
/SOURCE/GZIP/SOURCES.ZIP/util.c
/SOURCE/GZIP/SOURCES.ZIP/vms/
/SOURCE/GZIP/SOURCES.ZIP/vms/Makefile.gcc
/SOURCE/GZIP/SOURCES.ZIP/vms/Makefile.mms
/SOURCE/GZIP/SOURCES.ZIP/vms/Makefile.vms
/SOURCE/GZIP/SOURCES.ZIP/vms/Readme.vms
/SOURCE/GZIP/SOURCES.ZIP/vms/gzip.hlp
/SOURCE/GZIP/SOURCES.ZIP/vms/makegzip.com
/SOURCE/GZIP/SOURCES.ZIP/vms/vms.c
/SOURCE/GZIP/SOURCES.ZIP/zdiff.1
/SOURCE/GZIP/SOURCES.ZIP/zdiff.in
/SOURCE/GZIP/SOURCES.ZIP/zforce.1
/SOURCE/GZIP/SOURCES.ZIP/zforce.in
/SOURCE/GZIP/SOURCES.ZIP/zgrep.1
/SOURCE/GZIP/SOURCES.ZIP/zgrep.in
/SOURCE/GZIP/SOURCES.ZIP/zip.c
/SOURCE/GZIP/SOURCES.ZIP/zmore.1
/SOURCE/GZIP/SOURCES.ZIP/zmore.in
/SOURCE/GZIP/SOURCES.ZIP/znew.1
/SOURCE/GZIP/SOURCES.ZIP/znew.in
