/
/APPINFO/
/APPINFO/IMGEDIT.DE
/APPINFO/IMGEDIT.FR
/APPINFO/IMGEDIT.LSM
/APPINFO/IMGEDIT.SV
/APPINFO/IMGEDIT.TR
/BIN/
/BIN/IMGEDIT.EXE
/BIN/IMGVIEW.EXE
/SOURCE/
/SOURCE/IMGEDIT/
/SOURCE/IMGEDIT/SOURCES.ZIP/
/SOURCE/IMGEDIT/SOURCES.ZIP/BUILD.BAT
/SOURCE/IMGEDIT/SOURCES.ZIP/CHANGELOG
/SOURCE/IMGEDIT/SOURCES.ZIP/IMGEDIT/
/SOURCE/IMGEDIT/SOURCES.ZIP/IMGEDIT/BTNS1212/
/SOURCE/IMGEDIT/SOURCES.ZIP/IMGEDIT/BTNS1212/DRAW.IGG
/SOURCE/IMGEDIT/SOURCES.ZIP/IMGEDIT/BTNS1212/EYEDROP.IGG
/SOURCE/IMGEDIT/SOURCES.ZIP/IMGEDIT/BTNS1212/FILL.IGG
/SOURCE/IMGEDIT/SOURCES.ZIP/IMGEDIT/BTNS1212/IMAGE.IGG
/SOURCE/IMGEDIT/SOURCES.ZIP/IMGEDIT/BTNS1212/IMG2MASK.IGG
/SOURCE/IMGEDIT/SOURCES.ZIP/IMGEDIT/BTNS1212/IMGNXT.IGG
/SOURCE/IMGEDIT/SOURCES.ZIP/IMGEDIT/BTNS1212/IMGPRV.IGG
/SOURCE/IMGEDIT/SOURCES.ZIP/IMGEDIT/BTNS1212/MASK.IGG
/SOURCE/IMGEDIT/SOURCES.ZIP/IMGEDIT/BTNS1212/PLAY.IGG
/SOURCE/IMGEDIT/SOURCES.ZIP/IMGEDIT/BTNS1212/SEQNXT.IGG
/SOURCE/IMGEDIT/SOURCES.ZIP/IMGEDIT/BTNS1212/SEQPRV.IGG
/SOURCE/IMGEDIT/SOURCES.ZIP/IMGEDIT/GOODBYE.DE
/SOURCE/IMGEDIT/SOURCES.ZIP/IMGEDIT/GOODBYE.EN
/SOURCE/IMGEDIT/SOURCES.ZIP/IMGEDIT/GOODBYE.ES
/SOURCE/IMGEDIT/SOURCES.ZIP/IMGEDIT/GOODBYE.FR
/SOURCE/IMGEDIT/SOURCES.ZIP/IMGEDIT/GOODBYE.RU
/SOURCE/IMGEDIT/SOURCES.ZIP/IMGEDIT/GOODBYE.TR
/SOURCE/IMGEDIT/SOURCES.ZIP/IMGEDIT/HELPTXT.DE
/SOURCE/IMGEDIT/SOURCES.ZIP/IMGEDIT/HELPTXT.EN
/SOURCE/IMGEDIT/SOURCES.ZIP/IMGEDIT/HELPTXT.FR
/SOURCE/IMGEDIT/SOURCES.ZIP/IMGEDIT/HELPTXT.TR
/SOURCE/IMGEDIT/SOURCES.ZIP/IMGEDIT/IMGEDIT.DE
/SOURCE/IMGEDIT/SOURCES.ZIP/IMGEDIT/IMGEDIT.EN
/SOURCE/IMGEDIT/SOURCES.ZIP/IMGEDIT/IMGEDIT.ES
/SOURCE/IMGEDIT/SOURCES.ZIP/IMGEDIT/IMGEDIT.FR
/SOURCE/IMGEDIT/SOURCES.ZIP/IMGEDIT/IMGEDIT.TR
/SOURCE/IMGEDIT/SOURCES.ZIP/IMGEDIT/fonts/
/SOURCE/IMGEDIT/SOURCES.ZIP/IMGEDIT/fonts/0808N-EN.FNT
/SOURCE/IMGEDIT/SOURCES.ZIP/IMGEDIT/fonts/0810N-EN.FNT
/SOURCE/IMGEDIT/SOURCES.ZIP/IMGEDIT/fonts/0812N-EN.FNT
/SOURCE/IMGEDIT/SOURCES.ZIP/IMGEDIT/fonts/0814N-EN.FNT
/SOURCE/IMGEDIT/SOURCES.ZIP/IMGEDIT/fonts/0816N-EN.FNT
/SOURCE/IMGEDIT/SOURCES.ZIP/IMGEDIT/fonts/0816N-FR.FNT
/SOURCE/IMGEDIT/SOURCES.ZIP/IMGEDIT/fonts/0816N-TR.FNT
/SOURCE/IMGEDIT/SOURCES.ZIP/IMGEDIT/fonts/0818N-EN.FNT
/SOURCE/IMGEDIT/SOURCES.ZIP/IMGEDIT/fonts/0820N-EN.FNT
/SOURCE/IMGEDIT/SOURCES.ZIP/IMGEDIT/fonts/1012N-EN.FNT
/SOURCE/IMGEDIT/SOURCES.ZIP/IMGEDIT/fonts/1012N-FR.FNT
/SOURCE/IMGEDIT/SOURCES.ZIP/IMGEDIT/fonts/1012N-TR.FNT
/SOURCE/IMGEDIT/SOURCES.ZIP/IMGEDIT/fonts/1214N-EN.FNT
/SOURCE/IMGEDIT/SOURCES.ZIP/IMGEDIT.LSM
/SOURCE/IMGEDIT/SOURCES.ZIP/IMGEDIT.PAS
/SOURCE/IMGEDIT/SOURCES.ZIP/IMGVIEW/
/SOURCE/IMGEDIT/SOURCES.ZIP/IMGVIEW/HELPTXT.DE
/SOURCE/IMGEDIT/SOURCES.ZIP/IMGVIEW/HELPTXT.EN
/SOURCE/IMGEDIT/SOURCES.ZIP/IMGVIEW/HELPTXT.FR
/SOURCE/IMGEDIT/SOURCES.ZIP/IMGVIEW/HELPTXT.TR
/SOURCE/IMGEDIT/SOURCES.ZIP/IMGVIEW/IMGVIEW.DE
/SOURCE/IMGEDIT/SOURCES.ZIP/IMGVIEW/IMGVIEW.EN
/SOURCE/IMGEDIT/SOURCES.ZIP/IMGVIEW/IMGVIEW.FR
/SOURCE/IMGEDIT/SOURCES.ZIP/IMGVIEW/IMGVIEW.TR
/SOURCE/IMGEDIT/SOURCES.ZIP/IMGVIEW/fonts/
/SOURCE/IMGEDIT/SOURCES.ZIP/IMGVIEW/fonts/1012N-EN.FNT
/SOURCE/IMGEDIT/SOURCES.ZIP/IMGVIEW/fonts/1012N-FR.FNT
/SOURCE/IMGEDIT/SOURCES.ZIP/IMGVIEW/fonts/1012N-TR.FNT
/SOURCE/IMGEDIT/SOURCES.ZIP/IMGVIEW.PAS
/SOURCE/IMGEDIT/SOURCES.ZIP/LICENSE
/SOURCE/IMGEDIT/SOURCES.ZIP/README.md
