/
/APPINFO/
/APPINFO/KITTENC.DE
/APPINFO/KITTENC.FR
/APPINFO/KITTENC.LSM
/APPINFO/KITTENC.SV
/APPINFO/KITTENC.TR
/BIN/
/BIN/kittenc.exe
/DOC/
/DOC/KITTENC/
/DOC/KITTENC/KITTENC.TXT
/DOC/KITTENC/
/DOC/KITTENC/KITTENC.TXT
/DOC/KITTENC/lgpl-2.1.txt
/NLS/
/NLS/KITTENC.DE
/NLS/KITTENC.EN
/NLS/KITTENC.ES
/NLS/KITTENC.FR
/NLS/KITTENC.SV
/NLS/KITTENC.TR
/SOURCE/
/SOURCE/KITTENC/
/SOURCE/KITTENC/SOURCES.ZIP/
/SOURCE/KITTENC/SOURCES.ZIP/build.bat
/SOURCE/KITTENC/SOURCES.ZIP/kitten.c
/SOURCE/KITTENC/SOURCES.ZIP/kittenc.c
/SOURCE/KITTENC/SOURCES.ZIP/kittenc.dsp
/SOURCE/KITTENC/SOURCES.ZIP/KITTENC.dsw
/SOURCE/KITTENC/SOURCES.ZIP/kittenc.exe
/SOURCE/KITTENC/SOURCES.ZIP/KITTENC.TXT
/SOURCE/KITTENC/SOURCES.ZIP/kitten.h
/SOURCE/KITTENC/SOURCES.ZIP/mkzip.bat
/SOURCE/KITTENC/SOURCES.ZIP/nls/
/SOURCE/KITTENC/SOURCES.ZIP/nls/kittenc.de
/SOURCE/KITTENC/SOURCES.ZIP/nls/kittenc.en
/SOURCE/KITTENC/SOURCES.ZIP/nls/kittenc.es
