/
/APPINFO/
/APPINFO/KRAPTOR.DE
/APPINFO/KRAPTOR.FR
/APPINFO/KRAPTOR.LSM
/APPINFO/KRAPTOR.SV
/APPINFO/KRAPTOR.TR
/GAMES/
/GAMES/KRAPTOR/
/GAMES/KRAPTOR/ALLEGRO.CFG
/GAMES/KRAPTOR/CINEM02.DAT
/GAMES/KRAPTOR/CINEM03.DAT
/GAMES/KRAPTOR/CINEM04.DAT
/GAMES/KRAPTOR/CINEM05.DAT
/GAMES/KRAPTOR/CINEM06.DAT
/GAMES/KRAPTOR/CINEM07.DAT
/GAMES/KRAPTOR/CINEM08.DAT
/GAMES/KRAPTOR/CINEM09.DAT
/GAMES/KRAPTOR/CINEM10.DAT
/GAMES/KRAPTOR/FINAL.DAT
/GAMES/KRAPTOR/GAMEOVER.DAT
/GAMES/KRAPTOR/IA.DAT
/GAMES/KRAPTOR/INTRO.DAT
/GAMES/KRAPTOR/KEYBOARD.DAT
/GAMES/KRAPTOR/KRAPMAIN.DAT
/GAMES/KRAPTOR/KRAPMNU.DAT
/GAMES/KRAPTOR/KRAPTOR.CFG
/GAMES/KRAPTOR/KRAPTOR.EXE
/GAMES/KRAPTOR/LANGUAGE.DAT
/GAMES/KRAPTOR/LEVEL1.DAT
/GAMES/KRAPTOR/LEVEL10.DAT
/GAMES/KRAPTOR/LEVEL2.DAT
/GAMES/KRAPTOR/LEVEL3.DAT
/GAMES/KRAPTOR/LEVEL4.DAT
/GAMES/KRAPTOR/LEVEL5.DAT
/GAMES/KRAPTOR/LEVEL6.DAT
/GAMES/KRAPTOR/LEVEL7.DAT
/GAMES/KRAPTOR/LEVEL8.DAT
/GAMES/KRAPTOR/LEVEL9.DAT
/SOURCE/
/SOURCE/KRAPTOR/
/SOURCE/KRAPTOR/SOURCES.ZIP/
/SOURCE/KRAPTOR/SOURCES.ZIP/EXTRAS/
/SOURCE/KRAPTOR/SOURCES.ZIP/EXTRAS/AI/
/SOURCE/KRAPTOR/SOURCES.ZIP/EXTRAS/AI/LEEME.TXT
/SOURCE/KRAPTOR/SOURCES.ZIP/EXTRAS/AI/PARSE_IA.C
/SOURCE/KRAPTOR/SOURCES.ZIP/EXTRAS/DOC/
/SOURCE/KRAPTOR/SOURCES.ZIP/EXTRAS/DOC/ES/
/SOURCE/KRAPTOR/SOURCES.ZIP/EXTRAS/DOC/ES/CINEMATI.TXT
/SOURCE/KRAPTOR/SOURCES.ZIP/EXTRAS/DOC/ES/GENERAL.TXT
/SOURCE/KRAPTOR/SOURCES.ZIP/EXTRAS/DOC/ES/IA.TXT
/SOURCE/KRAPTOR/SOURCES.ZIP/EXTRAS/DOC/ES/LANGUAGE.TXT
/SOURCE/KRAPTOR/SOURCES.ZIP/EXTRAS/DOC/ES/LICENSE.TXT
/SOURCE/KRAPTOR/SOURCES.ZIP/EXTRAS/DOC/ES/PREMIOS.TXT
/SOURCE/KRAPTOR/SOURCES.ZIP/EXTRAS/MAPEDIT/
/SOURCE/KRAPTOR/SOURCES.ZIP/EXTRAS/MAPEDIT/ENEEDIT.C
/SOURCE/KRAPTOR/SOURCES.ZIP/EXTRAS/MAPEDIT/LEEME.TXT
/SOURCE/KRAPTOR/SOURCES.ZIP/EXTRAS/MAPEDIT/MAKEFILE
/SOURCE/KRAPTOR/SOURCES.ZIP/EXTRAS/MAPEDIT/MAKEGRID.C
/SOURCE/KRAPTOR/SOURCES.ZIP/EXTRAS/MAPEDIT/MAPEDIT.C
/SOURCE/KRAPTOR/SOURCES.ZIP/EXTRAS/SHADER/
/SOURCE/KRAPTOR/SOURCES.ZIP/EXTRAS/SHADER/LEEME.TXT
/SOURCE/KRAPTOR/SOURCES.ZIP/EXTRAS/SHADER/MAKEFILE
/SOURCE/KRAPTOR/SOURCES.ZIP/EXTRAS/SHADER/SHADER.C
/SOURCE/KRAPTOR/SOURCES.ZIP/FIX.BAT
/SOURCE/KRAPTOR/SOURCES.ZIP/FIX.SH
/SOURCE/KRAPTOR/SOURCES.ZIP/INCLUDE/
/SOURCE/KRAPTOR/SOURCES.ZIP/INCLUDE/AZAR.H
/SOURCE/KRAPTOR/SOURCES.ZIP/INCLUDE/BOMBA.H
/SOURCE/KRAPTOR/SOURCES.ZIP/INCLUDE/CAPTURA.H
/SOURCE/KRAPTOR/SOURCES.ZIP/INCLUDE/CINEMA.H
/SOURCE/KRAPTOR/SOURCES.ZIP/INCLUDE/CLIMA.H
/SOURCE/KRAPTOR/SOURCES.ZIP/INCLUDE/COMBO.H
/SOURCE/KRAPTOR/SOURCES.ZIP/INCLUDE/CONFIG.H
/SOURCE/KRAPTOR/SOURCES.ZIP/INCLUDE/DATA.H
/SOURCE/KRAPTOR/SOURCES.ZIP/INCLUDE/DATAFIND.H
/SOURCE/KRAPTOR/SOURCES.ZIP/INCLUDE/ENEMIGO.H
/SOURCE/KRAPTOR/SOURCES.ZIP/INCLUDE/ERROR.H
/SOURCE/KRAPTOR/SOURCES.ZIP/INCLUDE/EXPLOS.H
/SOURCE/KRAPTOR/SOURCES.ZIP/INCLUDE/FILEDATA.H
/SOURCE/KRAPTOR/SOURCES.ZIP/INCLUDE/GAME.H
/SOURCE/KRAPTOR/SOURCES.ZIP/INCLUDE/GLOBAL.H
/SOURCE/KRAPTOR/SOURCES.ZIP/INCLUDE/GUIPROCS.H
/SOURCE/KRAPTOR/SOURCES.ZIP/INCLUDE/GUITRANS.H
/SOURCE/KRAPTOR/SOURCES.ZIP/INCLUDE/HUMO.H
/SOURCE/KRAPTOR/SOURCES.ZIP/INCLUDE/IA.H
/SOURCE/KRAPTOR/SOURCES.ZIP/INCLUDE/JOYMNU.H
/SOURCE/KRAPTOR/SOURCES.ZIP/INCLUDE/JUGADOR.H
/SOURCE/KRAPTOR/SOURCES.ZIP/INCLUDE/KFBUFFER.H
/SOURCE/KRAPTOR/SOURCES.ZIP/INCLUDE/KRSTRING.H
/SOURCE/KRAPTOR/SOURCES.ZIP/INCLUDE/MAIN.H
/SOURCE/KRAPTOR/SOURCES.ZIP/INCLUDE/MAPA.H
/SOURCE/KRAPTOR/SOURCES.ZIP/INCLUDE/MENU.H
/SOURCE/KRAPTOR/SOURCES.ZIP/INCLUDE/PARTIC.H
/SOURCE/KRAPTOR/SOURCES.ZIP/INCLUDE/PMASK.H
/SOURCE/KRAPTOR/SOURCES.ZIP/INCLUDE/PREMIO.H
/SOURCE/KRAPTOR/SOURCES.ZIP/INCLUDE/RVIDEO.H
/SOURCE/KRAPTOR/SOURCES.ZIP/INCLUDE/SAVEDLG.H
/SOURCE/KRAPTOR/SOURCES.ZIP/INCLUDE/SHOPPING.H
/SOURCE/KRAPTOR/SOURCES.ZIP/INCLUDE/SOMBRAS.H
/SOURCE/KRAPTOR/SOURCES.ZIP/INCLUDE/SONIDO.H
/SOURCE/KRAPTOR/SOURCES.ZIP/INCLUDE/WORDWRAP.H
/SOURCE/KRAPTOR/SOURCES.ZIP/INSTALL
/SOURCE/KRAPTOR/SOURCES.ZIP/LICENSE
/SOURCE/KRAPTOR/SOURCES.ZIP/MAKEFILE
/SOURCE/KRAPTOR/SOURCES.ZIP/MAKEFILE.ALL
/SOURCE/KRAPTOR/SOURCES.ZIP/OBJ/
/SOURCE/KRAPTOR/SOURCES.ZIP/OBJ/DJGPP/
/SOURCE/KRAPTOR/SOURCES.ZIP/OBJ/DJGPP/REMOVE.ME
/SOURCE/KRAPTOR/SOURCES.ZIP/OBJ/LINUX/
/SOURCE/KRAPTOR/SOURCES.ZIP/OBJ/LINUX/REMOVE.ME
/SOURCE/KRAPTOR/SOURCES.ZIP/OBJ/MINGW32/
/SOURCE/KRAPTOR/SOURCES.ZIP/OBJ/MINGW32/REMOVE.ME
/SOURCE/KRAPTOR/SOURCES.ZIP/README
/SOURCE/KRAPTOR/SOURCES.ZIP/SRC/
/SOURCE/KRAPTOR/SOURCES.ZIP/SRC/AZAR.C
/SOURCE/KRAPTOR/SOURCES.ZIP/SRC/BOMBA.C
/SOURCE/KRAPTOR/SOURCES.ZIP/SRC/CAPTURA.C
/SOURCE/KRAPTOR/SOURCES.ZIP/SRC/CINEMA.C
/SOURCE/KRAPTOR/SOURCES.ZIP/SRC/CLIMA.C
/SOURCE/KRAPTOR/SOURCES.ZIP/SRC/COMBO.C
/SOURCE/KRAPTOR/SOURCES.ZIP/SRC/CONFIG.C
/SOURCE/KRAPTOR/SOURCES.ZIP/SRC/DATA.C
/SOURCE/KRAPTOR/SOURCES.ZIP/SRC/DATAFIND.C
/SOURCE/KRAPTOR/SOURCES.ZIP/SRC/ENEMIGO.C
/SOURCE/KRAPTOR/SOURCES.ZIP/SRC/ERROR.C
/SOURCE/KRAPTOR/SOURCES.ZIP/SRC/EXPLOS.C
/SOURCE/KRAPTOR/SOURCES.ZIP/SRC/FILEDATA.C
/SOURCE/KRAPTOR/SOURCES.ZIP/SRC/GAME.C
/SOURCE/KRAPTOR/SOURCES.ZIP/SRC/GLOBAL.C
/SOURCE/KRAPTOR/SOURCES.ZIP/SRC/GUIPROCS.C
/SOURCE/KRAPTOR/SOURCES.ZIP/SRC/GUITRANS.C
/SOURCE/KRAPTOR/SOURCES.ZIP/SRC/HUMO.C
/SOURCE/KRAPTOR/SOURCES.ZIP/SRC/IA.C
/SOURCE/KRAPTOR/SOURCES.ZIP/SRC/JOYMNU.C
/SOURCE/KRAPTOR/SOURCES.ZIP/SRC/JUGADOR.C
/SOURCE/KRAPTOR/SOURCES.ZIP/SRC/KFBUFFER.C
/SOURCE/KRAPTOR/SOURCES.ZIP/SRC/KRSTRING.C
/SOURCE/KRAPTOR/SOURCES.ZIP/SRC/MAIN.C
/SOURCE/KRAPTOR/SOURCES.ZIP/SRC/MAPA.C
/SOURCE/KRAPTOR/SOURCES.ZIP/SRC/MENU.C
/SOURCE/KRAPTOR/SOURCES.ZIP/SRC/PARTIC.C
/SOURCE/KRAPTOR/SOURCES.ZIP/SRC/PMASK.C
/SOURCE/KRAPTOR/SOURCES.ZIP/SRC/PREMIO.C
/SOURCE/KRAPTOR/SOURCES.ZIP/SRC/RVIDEO.C
/SOURCE/KRAPTOR/SOURCES.ZIP/SRC/SAVEDLG.C
/SOURCE/KRAPTOR/SOURCES.ZIP/SRC/SHOPPING.C
/SOURCE/KRAPTOR/SOURCES.ZIP/SRC/SOMBRAS.C
/SOURCE/KRAPTOR/SOURCES.ZIP/SRC/SONIDO.C
/SOURCE/KRAPTOR/SOURCES.ZIP/SRC/WORDWRAP.C
/SOURCE/KRAPTOR/SOURCES.ZIP/TEST.C
/SOURCE/KRAPTOR/SOURCES.ZIP/VERSION
