/
/APPINFO/
/APPINFO/LFNDOS.DE
/APPINFO/LFNDOS.FR
/APPINFO/LFNDOS.LSM
/APPINFO/LFNDOS.SV
/APPINFO/LFNDOS.TR
/BIN/
/BIN/LFNDOS.EXE
/DOC/
/DOC/LFNDOS/
/DOC/LFNDOS/LFNDOS.DOC
/SOURCE/
/SOURCE/LFNDOS/
/SOURCE/LFNDOS/SOURCES.ZIP/
/SOURCE/LFNDOS/SOURCES.ZIP/ABSLFN.CPP
/SOURCE/LFNDOS/SOURCES.ZIP/COPYING
/SOURCE/LFNDOS/SOURCES.ZIP/INTWRAP.ASM
/SOURCE/LFNDOS/SOURCES.ZIP/INTWRAP.OBJ
/SOURCE/LFNDOS/SOURCES.ZIP/LFNDOS.CPP
/SOURCE/LFNDOS/SOURCES.ZIP/LFNDSNEW/
/SOURCE/LFNDOS/SOURCES.ZIP/LFNDSNEW/ABSLFN.CPP
/SOURCE/LFNDOS/SOURCES.ZIP/LFNDSNEW/COPYING
/SOURCE/LFNDOS/SOURCES.ZIP/LFNDSNEW/GB2312.C
/SOURCE/LFNDOS/SOURCES.ZIP/LFNDSNEW/GB2312.H
/SOURCE/LFNDOS/SOURCES.ZIP/LFNDSNEW/GB2312.TXT
/SOURCE/LFNDOS/SOURCES.ZIP/LFNDSNEW/INTWRAP.OBJ
/SOURCE/LFNDOS/SOURCES.ZIP/LFNDSNEW/LFNDOS.CPP
/SOURCE/LFNDOS/SOURCES.ZIP/LFNDSNEW/UNICODE.C
/SOURCE/LFNDOS/SOURCES.ZIP/LFNDSNEW/UNICODE.H
/SOURCE/LFNDOS/SOURCES.ZIP/LFNDSNEW/Unicode.txt
/SOURCE/LFNDOS/SOURCES.ZIP/LFNDSSRC.TXT
