/
/APPINFO/
/APPINFO/LIQUIWAR.DE
/APPINFO/LIQUIWAR.FR
/APPINFO/LIQUIWAR.LSM
/APPINFO/LIQUIWAR.SV
/APPINFO/LIQUIWAR.TR
/GAMES/
/GAMES/LIQUIWAR/
/GAMES/LIQUIWAR/CHANGES.TXT
/GAMES/LIQUIWAR/CUSTOM/
/GAMES/LIQUIWAR/CUSTOM/MAP/
/GAMES/LIQUIWAR/CUSTOM/MAP/MEDITATE.BMP
/GAMES/LIQUIWAR/CUSTOM/MAP/PACMAN.BMP
/GAMES/LIQUIWAR/CUSTOM/MAP/PAILLE.BMP
/GAMES/LIQUIWAR/CUSTOM/MAP/T4.BMP
/GAMES/LIQUIWAR/CUSTOM/MUSIC/
/GAMES/LIQUIWAR/CUSTOM/MUSIC/COLOSSUS.MID
/GAMES/LIQUIWAR/CUSTOM/TEXTURE/
/GAMES/LIQUIWAR/CUSTOM/TEXTURE/BLUESQ.BMP
/GAMES/LIQUIWAR/CUSTOM/TEXTURE/CLOVERS.BMP
/GAMES/LIQUIWAR/CUSTOM/TEXTURE/MEDITATE.BMP
/GAMES/LIQUIWAR/CUSTOM/TEXTURE/RUST.BMP
/GAMES/LIQUIWAR/CUSTOM/TEXTURE/WARNING.BMP
/GAMES/LIQUIWAR/CWSDPMI.EXE
/GAMES/LIQUIWAR/DATA/
/GAMES/LIQUIWAR/DATA/LW.DAT
/GAMES/LIQUIWAR/DOC/
/GAMES/LIQUIWAR/DOC/TXT/
/GAMES/LIQUIWAR/DOC/TXT/ALGORITH.TXT
/GAMES/LIQUIWAR/DOC/TXT/AUTHORS.TXT
/GAMES/LIQUIWAR/DOC/TXT/BUGS.TXT
/GAMES/LIQUIWAR/DOC/TXT/COPYING.TXT
/GAMES/LIQUIWAR/DOC/TXT/FANFIC.TXT
/GAMES/LIQUIWAR/DOC/TXT/MAILINGL.TXT
/GAMES/LIQUIWAR/DOC/TXT/NETWORK.TXT
/GAMES/LIQUIWAR/DOC/TXT/OPTIONS.TXT
/GAMES/LIQUIWAR/DOC/TXT/PARAMETE.TXT
/GAMES/LIQUIWAR/DOC/TXT/PLATFORM.TXT
/GAMES/LIQUIWAR/DOC/TXT/RULES.TXT
/GAMES/LIQUIWAR/DOC/TXT/SOURCE.TXT
/GAMES/LIQUIWAR/DOC/TXT/TODO.TXT
/GAMES/LIQUIWAR/DOC/TXT/USERLEVE.TXT
/GAMES/LIQUIWAR/DOC/TXT/WIP.TXT
/GAMES/LIQUIWAR/LICENSE.TXT
/GAMES/LIQUIWAR/LW.ICO
/GAMES/LIQUIWAR/LWDOS.EXE
/GAMES/LIQUIWAR/LWDOSMAP.EXE
/GAMES/LIQUIWAR/README.TXT
/GAMES/LIQUIWAR/READMEDE.TXT
/GAMES/LIQUIWAR/READMEDK.TXT
/GAMES/LIQUIWAR/READMEFR.TXT
/SOURCE/
/SOURCE/LIQUIWAR/
/SOURCE/LIQUIWAR/SOURCES.ZIP/
/SOURCE/LIQUIWAR/SOURCES.ZIP/ChangeLog
/SOURCE/LIQUIWAR/SOURCES.ZIP/config.guess
/SOURCE/LIQUIWAR/SOURCES.ZIP/config.sub
/SOURCE/LIQUIWAR/SOURCES.ZIP/configure
/SOURCE/LIQUIWAR/SOURCES.ZIP/configure.in
/SOURCE/LIQUIWAR/SOURCES.ZIP/COPYING
/SOURCE/LIQUIWAR/SOURCES.ZIP/custom/
/SOURCE/LIQUIWAR/SOURCES.ZIP/custom/map/
/SOURCE/LIQUIWAR/SOURCES.ZIP/custom/map/meditate.bmp
/SOURCE/LIQUIWAR/SOURCES.ZIP/custom/map/pacman.bmp
/SOURCE/LIQUIWAR/SOURCES.ZIP/custom/map/paille.bmp
/SOURCE/LIQUIWAR/SOURCES.ZIP/custom/map/t4.bmp
/SOURCE/LIQUIWAR/SOURCES.ZIP/custom/music/
/SOURCE/LIQUIWAR/SOURCES.ZIP/custom/music/colossus.mid
/SOURCE/LIQUIWAR/SOURCES.ZIP/custom/texture/
/SOURCE/LIQUIWAR/SOURCES.ZIP/custom/texture/bluesq.bmp
/SOURCE/LIQUIWAR/SOURCES.ZIP/custom/texture/clovers.bmp
/SOURCE/LIQUIWAR/SOURCES.ZIP/custom/texture/meditate.bmp
/SOURCE/LIQUIWAR/SOURCES.ZIP/custom/texture/rust.bmp
/SOURCE/LIQUIWAR/SOURCES.ZIP/custom/texture/warning.bmp
/SOURCE/LIQUIWAR/SOURCES.ZIP/data/
/SOURCE/LIQUIWAR/SOURCES.ZIP/data/.cvsignore
/SOURCE/LIQUIWAR/SOURCES.ZIP/data/Makefile.in
/SOURCE/LIQUIWAR/SOURCES.ZIP/data/back/
/SOURCE/LIQUIWAR/SOURCES.ZIP/data/back/.cvsignore
/SOURCE/LIQUIWAR/SOURCES.ZIP/data/back/Makefile.in
/SOURCE/LIQUIWAR/SOURCES.ZIP/data/back/lw5back.pcx
/SOURCE/LIQUIWAR/SOURCES.ZIP/data/font/
/SOURCE/LIQUIWAR/SOURCES.ZIP/data/font/.cvsignore
/SOURCE/LIQUIWAR/SOURCES.ZIP/data/font/Makefile.in
/SOURCE/LIQUIWAR/SOURCES.ZIP/data/font/degrad10.pcx
/SOURCE/LIQUIWAR/SOURCES.ZIP/data/font/degrad20.pcx
/SOURCE/LIQUIWAR/SOURCES.ZIP/data/font/mouse20.pcx
/SOURCE/LIQUIWAR/SOURCES.ZIP/data/font/mouse40.pcx
/SOURCE/LIQUIWAR/SOURCES.ZIP/data/font/void1.pcx
/SOURCE/LIQUIWAR/SOURCES.ZIP/data/map/
/SOURCE/LIQUIWAR/SOURCES.ZIP/data/map/.cvsignore
/SOURCE/LIQUIWAR/SOURCES.ZIP/data/map/007.pcx
/SOURCE/LIQUIWAR/SOURCES.ZIP/data/map/007.txt
/SOURCE/LIQUIWAR/SOURCES.ZIP/data/map/213.pcx
/SOURCE/LIQUIWAR/SOURCES.ZIP/data/map/213.txt
/SOURCE/LIQUIWAR/SOURCES.ZIP/data/map/2d.bmp
/SOURCE/LIQUIWAR/SOURCES.ZIP/data/map/2d.txt
/SOURCE/LIQUIWAR/SOURCES.ZIP/data/map/3d.bmp
/SOURCE/LIQUIWAR/SOURCES.ZIP/data/map/3d.txt
/SOURCE/LIQUIWAR/SOURCES.ZIP/data/map/3x3.bmp
/SOURCE/LIQUIWAR/SOURCES.ZIP/data/map/3x3.txt
/SOURCE/LIQUIWAR/SOURCES.ZIP/data/map/4zones.pcx
/SOURCE/LIQUIWAR/SOURCES.ZIP/data/map/4zones.txt
/SOURCE/LIQUIWAR/SOURCES.ZIP/data/map/666.pcx
/SOURCE/LIQUIWAR/SOURCES.ZIP/data/map/666.txt
/SOURCE/LIQUIWAR/SOURCES.ZIP/data/map/8.bmp
/SOURCE/LIQUIWAR/SOURCES.ZIP/data/map/8.txt
/SOURCE/LIQUIWAR/SOURCES.ZIP/data/map/Makefile.in
/SOURCE/LIQUIWAR/SOURCES.ZIP/data/map/ac.bmp
/SOURCE/LIQUIWAR/SOURCES.ZIP/data/map/ac.txt
/SOURCE/LIQUIWAR/SOURCES.ZIP/data/map/alstar1.pcx
/SOURCE/LIQUIWAR/SOURCES.ZIP/data/map/alstar1.txt
/SOURCE/LIQUIWAR/SOURCES.ZIP/data/map/anaglyph1.bmp
/SOURCE/LIQUIWAR/SOURCES.ZIP/data/map/anaglyph1.txt
/SOURCE/LIQUIWAR/SOURCES.ZIP/data/map/anaglyph2.bmp
/SOURCE/LIQUIWAR/SOURCES.ZIP/data/map/anaglyph2.txt
/SOURCE/LIQUIWAR/SOURCES.ZIP/data/map/aquarium.pcx
/SOURCE/LIQUIWAR/SOURCES.ZIP/data/map/aquarium.txt
/SOURCE/LIQUIWAR/SOURCES.ZIP/data/map/around.bmp
/SOURCE/LIQUIWAR/SOURCES.ZIP/data/map/around.txt
/SOURCE/LIQUIWAR/SOURCES.ZIP/data/map/bestiole.pcx
/SOURCE/LIQUIWAR/SOURCES.ZIP/data/map/bestiole.txt
/SOURCE/LIQUIWAR/SOURCES.ZIP/data/map/biere.pcx
/SOURCE/LIQUIWAR/SOURCES.ZIP/data/map/biere.txt
/SOURCE/LIQUIWAR/SOURCES.ZIP/data/map/big.bmp
/SOURCE/LIQUIWAR/SOURCES.ZIP/data/map/big.txt
/SOURCE/LIQUIWAR/SOURCES.ZIP/data/map/bigm.txt
/SOURCE/LIQUIWAR/SOURCES.ZIP/data/map/blemmya.bmp
/SOURCE/LIQUIWAR/SOURCES.ZIP/data/map/blemmya.txt
/SOURCE/LIQUIWAR/SOURCES.ZIP/data/map/boa.pcx
/SOURCE/LIQUIWAR/SOURCES.ZIP/data/map/boa.txt
/SOURCE/LIQUIWAR/SOURCES.ZIP/data/map/bonoball.pcx
/SOURCE/LIQUIWAR/SOURCES.ZIP/data/map/bonoball.txt
/SOURCE/LIQUIWAR/SOURCES.ZIP/data/map/bored.bmp
/SOURCE/LIQUIWAR/SOURCES.ZIP/data/map/bored.txt
/SOURCE/LIQUIWAR/SOURCES.ZIP/data/map/bubbles.bmp
/SOURCE/LIQUIWAR/SOURCES.ZIP/data/map/bubbles.txt
/SOURCE/LIQUIWAR/SOURCES.ZIP/data/map/card.bmp
/SOURCE/LIQUIWAR/SOURCES.ZIP/data/map/card.txt
/SOURCE/LIQUIWAR/SOURCES.ZIP/data/map/carreaux.pcx
/SOURCE/LIQUIWAR/SOURCES.ZIP/data/map/carreaux.txt
/SOURCE/LIQUIWAR/SOURCES.ZIP/data/map/carres.pcx
/SOURCE/LIQUIWAR/SOURCES.ZIP/data/map/carres.txt
/SOURCE/LIQUIWAR/SOURCES.ZIP/data/map/centrik.pcx
/SOURCE/LIQUIWAR/SOURCES.ZIP/data/map/centrik.txt
/SOURCE/LIQUIWAR/SOURCES.ZIP/data/map/charming.bmp
/SOURCE/LIQUIWAR/SOURCES.ZIP/data/map/charming.txt
/SOURCE/LIQUIWAR/SOURCES.ZIP/data/map/chenille.pcx
/SOURCE/LIQUIWAR/SOURCES.ZIP/data/map/chenille.txt
/SOURCE/LIQUIWAR/SOURCES.ZIP/data/map/chess.bmp
/SOURCE/LIQUIWAR/SOURCES.ZIP/data/map/chess.txt
/SOURCE/LIQUIWAR/SOURCES.ZIP/data/map/chinois.pcx
/SOURCE/LIQUIWAR/SOURCES.ZIP/data/map/chinois.txt
/SOURCE/LIQUIWAR/SOURCES.ZIP/data/map/circle.bmp
/SOURCE/LIQUIWAR/SOURCES.ZIP/data/map/circle.txt
/SOURCE/LIQUIWAR/SOURCES.ZIP/data/map/circlus.bmp
/SOURCE/LIQUIWAR/SOURCES.ZIP/data/map/circlus.txt
/SOURCE/LIQUIWAR/SOURCES.ZIP/data/map/clean.bmp
/SOURCE/LIQUIWAR/SOURCES.ZIP/data/map/clean.txt
/SOURCE/LIQUIWAR/SOURCES.ZIP/data/map/clown.pcx
/SOURCE/LIQUIWAR/SOURCES.ZIP/data/map/clown.txt
/SOURCE/LIQUIWAR/SOURCES.ZIP/data/map/coccinel.pcx
/SOURCE/LIQUIWAR/SOURCES.ZIP/data/map/coccinel.txt
/SOURCE/LIQUIWAR/SOURCES.ZIP/data/map/coeurs.pcx
/SOURCE/LIQUIWAR/SOURCES.ZIP/data/map/coeurs.txt
/SOURCE/LIQUIWAR/SOURCES.ZIP/data/map/confuse.bmp
/SOURCE/LIQUIWAR/SOURCES.ZIP/data/map/confuse.txt
/SOURCE/LIQUIWAR/SOURCES.ZIP/data/map/cornet3b.pcx
/SOURCE/LIQUIWAR/SOURCES.ZIP/data/map/cornet3b.txt
/SOURCE/LIQUIWAR/SOURCES.ZIP/data/map/crown.pcx
/SOURCE/LIQUIWAR/SOURCES.ZIP/data/map/crown.txt
/SOURCE/LIQUIWAR/SOURCES.ZIP/data/map/darkone1.bmp
/SOURCE/LIQUIWAR/SOURCES.ZIP/data/map/darkone1.txt
/SOURCE/LIQUIWAR/SOURCES.ZIP/data/map/darkone2.bmp
/SOURCE/LIQUIWAR/SOURCES.ZIP/data/map/darkone2.txt
/SOURCE/LIQUIWAR/SOURCES.ZIP/data/map/darkone3.bmp
/SOURCE/LIQUIWAR/SOURCES.ZIP/data/map/darkone3.txt
/SOURCE/LIQUIWAR/SOURCES.ZIP/data/map/darkone4.bmp
/SOURCE/LIQUIWAR/SOURCES.ZIP/data/map/darkone4.txt
/SOURCE/LIQUIWAR/SOURCES.ZIP/data/map/derivsol.pcx
/SOURCE/LIQUIWAR/SOURCES.ZIP/data/map/derivsol.txt
/SOURCE/LIQUIWAR/SOURCES.ZIP/data/map/dirt.bmp
/SOURCE/LIQUIWAR/SOURCES.ZIP/data/map/dirt.txt
/SOURCE/LIQUIWAR/SOURCES.ZIP/data/map/donuts.pcx
/SOURCE/LIQUIWAR/SOURCES.ZIP/data/map/donuts.txt
/SOURCE/LIQUIWAR/SOURCES.ZIP/data/map/echange.pcx
/SOURCE/LIQUIWAR/SOURCES.ZIP/data/map/echange.txt
/SOURCE/LIQUIWAR/SOURCES.ZIP/data/map/echlune.pcx
/SOURCE/LIQUIWAR/SOURCES.ZIP/data/map/echlune.txt
/SOURCE/LIQUIWAR/SOURCES.ZIP/data/map/egg.bmp
/SOURCE/LIQUIWAR/SOURCES.ZIP/data/map/egg.txt
/SOURCE/LIQUIWAR/SOURCES.ZIP/data/map/etoile.pcx
/SOURCE/LIQUIWAR/SOURCES.ZIP/data/map/etoile.txt
/SOURCE/LIQUIWAR/SOURCES.ZIP/data/map/eyes.bmp
/SOURCE/LIQUIWAR/SOURCES.ZIP/data/map/eyes.txt
/SOURCE/LIQUIWAR/SOURCES.ZIP/data/map/feuille.pcx
/SOURCE/LIQUIWAR/SOURCES.ZIP/data/map/feuille.txt
/SOURCE/LIQUIWAR/SOURCES.ZIP/data/map/fille.pcx
/SOURCE/LIQUIWAR/SOURCES.ZIP/data/map/fille.txt
/SOURCE/LIQUIWAR/SOURCES.ZIP/data/map/fils.pcx
/SOURCE/LIQUIWAR/SOURCES.ZIP/data/map/fils.txt
/SOURCE/LIQUIWAR/SOURCES.ZIP/data/map/flo1.pcx
/SOURCE/LIQUIWAR/SOURCES.ZIP/data/map/flo1.txt
/SOURCE/LIQUIWAR/SOURCES.ZIP/data/map/garcon.pcx
/SOURCE/LIQUIWAR/SOURCES.ZIP/data/map/garcon.txt
/SOURCE/LIQUIWAR/SOURCES.ZIP/data/map/garden.bmp
/SOURCE/LIQUIWAR/SOURCES.ZIP/data/map/garden.txt
/SOURCE/LIQUIWAR/SOURCES.ZIP/data/map/glasses.pcx
/SOURCE/LIQUIWAR/SOURCES.ZIP/data/map/glasses.txt
/SOURCE/LIQUIWAR/SOURCES.ZIP/data/map/h.bmp
/SOURCE/LIQUIWAR/SOURCES.ZIP/data/map/h.txt
/SOURCE/LIQUIWAR/SOURCES.ZIP/data/map/haricot.pcx
/SOURCE/LIQUIWAR/SOURCES.ZIP/data/map/haricot.txt
/SOURCE/LIQUIWAR/SOURCES.ZIP/data/map/hi.bmp
/SOURCE/LIQUIWAR/SOURCES.ZIP/data/map/hi.txt
/SOURCE/LIQUIWAR/SOURCES.ZIP/data/map/honey.bmp
/SOURCE/LIQUIWAR/SOURCES.ZIP/data/map/honey.txt
/SOURCE/LIQUIWAR/SOURCES.ZIP/data/map/honeymoon.bmp
/SOURCE/LIQUIWAR/SOURCES.ZIP/data/map/honeymoon.txt
/SOURCE/LIQUIWAR/SOURCES.ZIP/data/map/jabberwocky.bmp
/SOURCE/LIQUIWAR/SOURCES.ZIP/data/map/jabberwocky.txt
/SOURCE/LIQUIWAR/SOURCES.ZIP/data/map/labyrint.bmp
/SOURCE/LIQUIWAR/SOURCES.ZIP/data/map/labyrint.txt
/SOURCE/LIQUIWAR/SOURCES.ZIP/data/map/lapin.pcx
/SOURCE/LIQUIWAR/SOURCES.ZIP/data/map/lapin.txt
/SOURCE/LIQUIWAR/SOURCES.ZIP/data/map/liqwar.pcx
/SOURCE/LIQUIWAR/SOURCES.ZIP/data/map/liqwar.txt
/SOURCE/LIQUIWAR/SOURCES.ZIP/data/map/logo.bmp
/SOURCE/LIQUIWAR/SOURCES.ZIP/data/map/logo.txt
/SOURCE/LIQUIWAR/SOURCES.ZIP/data/map/lost.bmp
/SOURCE/LIQUIWAR/SOURCES.ZIP/data/map/lost.txt
/SOURCE/LIQUIWAR/SOURCES.ZIP/data/map/lw.bmp
/SOURCE/LIQUIWAR/SOURCES.ZIP/data/map/lw.txt
/SOURCE/LIQUIWAR/SOURCES.ZIP/data/map/lwtab002.pcx
/SOURCE/LIQUIWAR/SOURCES.ZIP/data/map/lwtab002.txt
/SOURCE/LIQUIWAR/SOURCES.ZIP/data/map/lwtab003.pcx
/SOURCE/LIQUIWAR/SOURCES.ZIP/data/map/lwtab003.txt
/SOURCE/LIQUIWAR/SOURCES.ZIP/data/map/lwtab004.pcx
/SOURCE/LIQUIWAR/SOURCES.ZIP/data/map/lwtab004.txt
/SOURCE/LIQUIWAR/SOURCES.ZIP/data/map/lwtab005.pcx
/SOURCE/LIQUIWAR/SOURCES.ZIP/data/map/lwtab005.txt
/SOURCE/LIQUIWAR/SOURCES.ZIP/data/map/lwtab006.pcx
/SOURCE/LIQUIWAR/SOURCES.ZIP/data/map/lwtab006.txt
/SOURCE/LIQUIWAR/SOURCES.ZIP/data/map/lwtab008.pcx
/SOURCE/LIQUIWAR/SOURCES.ZIP/data/map/lwtab008.txt
/SOURCE/LIQUIWAR/SOURCES.ZIP/data/map/lwtab009.pcx
/SOURCE/LIQUIWAR/SOURCES.ZIP/data/map/lwtab009.txt
/SOURCE/LIQUIWAR/SOURCES.ZIP/data/map/lwtabbar.pcx
/SOURCE/LIQUIWAR/SOURCES.ZIP/data/map/lwtabbar.txt
/SOURCE/LIQUIWAR/SOURCES.ZIP/data/map/lwtabdrt.pcx
/SOURCE/LIQUIWAR/SOURCES.ZIP/data/map/lwtabdrt.txt
/SOURCE/LIQUIWAR/SOURCES.ZIP/data/map/lwtabgen.pcx
/SOURCE/LIQUIWAR/SOURCES.ZIP/data/map/lwtabgen.txt
/SOURCE/LIQUIWAR/SOURCES.ZIP/data/map/lwtabmic.pcx
/SOURCE/LIQUIWAR/SOURCES.ZIP/data/map/lwtabmic.txt
/SOURCE/LIQUIWAR/SOURCES.ZIP/data/map/lwtabrec.pcx
/SOURCE/LIQUIWAR/SOURCES.ZIP/data/map/lwtabrec.txt
/SOURCE/LIQUIWAR/SOURCES.ZIP/data/map/lwtabses.pcx
/SOURCE/LIQUIWAR/SOURCES.ZIP/data/map/lwtabses.txt
/SOURCE/LIQUIWAR/SOURCES.ZIP/data/map/lwtabto2.pcx
/SOURCE/LIQUIWAR/SOURCES.ZIP/data/map/lwtabto2.txt
/SOURCE/LIQUIWAR/SOURCES.ZIP/data/map/lwtabto3.pcx
/SOURCE/LIQUIWAR/SOURCES.ZIP/data/map/lwtabto3.txt
/SOURCE/LIQUIWAR/SOURCES.ZIP/data/map/lwtabto4.pcx
/SOURCE/LIQUIWAR/SOURCES.ZIP/data/map/lwtabto4.txt
/SOURCE/LIQUIWAR/SOURCES.ZIP/data/map/lwtabtom.pcx
/SOURCE/LIQUIWAR/SOURCES.ZIP/data/map/lwtabtom.txt
/SOURCE/LIQUIWAR/SOURCES.ZIP/data/map/lwtabtru.pcx
/SOURCE/LIQUIWAR/SOURCES.ZIP/data/map/lwtabtru.txt
/SOURCE/LIQUIWAR/SOURCES.ZIP/data/map/lwtabvid.pcx
/SOURCE/LIQUIWAR/SOURCES.ZIP/data/map/lwtabvid.txt
/SOURCE/LIQUIWAR/SOURCES.ZIP/data/map/marionet.pcx
/SOURCE/LIQUIWAR/SOURCES.ZIP/data/map/marionet.txt
/SOURCE/LIQUIWAR/SOURCES.ZIP/data/map/metation.bmp
/SOURCE/LIQUIWAR/SOURCES.ZIP/data/map/metation.txt
/SOURCE/LIQUIWAR/SOURCES.ZIP/data/map/mouse1.bmp
/SOURCE/LIQUIWAR/SOURCES.ZIP/data/map/mouse1.txt
/SOURCE/LIQUIWAR/SOURCES.ZIP/data/map/muehle.bmp
/SOURCE/LIQUIWAR/SOURCES.ZIP/data/map/muehle.txt
/SOURCE/LIQUIWAR/SOURCES.ZIP/data/map/musique.pcx
/SOURCE/LIQUIWAR/SOURCES.ZIP/data/map/musique.txt
/SOURCE/LIQUIWAR/SOURCES.ZIP/data/map/net1.pcx
/SOURCE/LIQUIWAR/SOURCES.ZIP/data/map/net1.txt
/SOURCE/LIQUIWAR/SOURCES.ZIP/data/map/net2.pcx
/SOURCE/LIQUIWAR/SOURCES.ZIP/data/map/net2.txt
/SOURCE/LIQUIWAR/SOURCES.ZIP/data/map/ordino.pcx
/SOURCE/LIQUIWAR/SOURCES.ZIP/data/map/ordino.txt
/SOURCE/LIQUIWAR/SOURCES.ZIP/data/map/paper.bmp
/SOURCE/LIQUIWAR/SOURCES.ZIP/data/map/paper.txt
/SOURCE/LIQUIWAR/SOURCES.ZIP/data/map/papercut.bmp
/SOURCE/LIQUIWAR/SOURCES.ZIP/data/map/papercut.txt
/SOURCE/LIQUIWAR/SOURCES.ZIP/data/map/papillon.pcx
/SOURCE/LIQUIWAR/SOURCES.ZIP/data/map/papillon.txt
/SOURCE/LIQUIWAR/SOURCES.ZIP/data/map/pastel.bmp
/SOURCE/LIQUIWAR/SOURCES.ZIP/data/map/pastel.txt
/SOURCE/LIQUIWAR/SOURCES.ZIP/data/map/penta.pcx
/SOURCE/LIQUIWAR/SOURCES.ZIP/data/map/penta.txt
/SOURCE/LIQUIWAR/SOURCES.ZIP/data/map/peur.pcx
/SOURCE/LIQUIWAR/SOURCES.ZIP/data/map/peur.txt
/SOURCE/LIQUIWAR/SOURCES.ZIP/data/map/pieuvre.pcx
/SOURCE/LIQUIWAR/SOURCES.ZIP/data/map/pieuvre.txt
/SOURCE/LIQUIWAR/SOURCES.ZIP/data/map/pigface.pcx
/SOURCE/LIQUIWAR/SOURCES.ZIP/data/map/pigface.txt
/SOURCE/LIQUIWAR/SOURCES.ZIP/data/map/place.bmp
/SOURCE/LIQUIWAR/SOURCES.ZIP/data/map/place.txt
/SOURCE/LIQUIWAR/SOURCES.ZIP/data/map/platform.pcx
/SOURCE/LIQUIWAR/SOURCES.ZIP/data/map/platform.txt
/SOURCE/LIQUIWAR/SOURCES.ZIP/data/map/poisson.pcx
/SOURCE/LIQUIWAR/SOURCES.ZIP/data/map/poisson.txt
/SOURCE/LIQUIWAR/SOURCES.ZIP/data/map/policier.pcx
/SOURCE/LIQUIWAR/SOURCES.ZIP/data/map/policier.txt
/SOURCE/LIQUIWAR/SOURCES.ZIP/data/map/portable.pcx
/SOURCE/LIQUIWAR/SOURCES.ZIP/data/map/portable.txt
/SOURCE/LIQUIWAR/SOURCES.ZIP/data/map/puckman.bmp
/SOURCE/LIQUIWAR/SOURCES.ZIP/data/map/puckman.txt
/SOURCE/LIQUIWAR/SOURCES.ZIP/data/map/quaders.bmp
/SOURCE/LIQUIWAR/SOURCES.ZIP/data/map/quaders.txt
/SOURCE/LIQUIWAR/SOURCES.ZIP/data/map/rect.bmp
/SOURCE/LIQUIWAR/SOURCES.ZIP/data/map/rect.txt
/SOURCE/LIQUIWAR/SOURCES.ZIP/data/map/rectangle.bmp
/SOURCE/LIQUIWAR/SOURCES.ZIP/data/map/rectangle.txt
/SOURCE/LIQUIWAR/SOURCES.ZIP/data/map/rene02.bmp
/SOURCE/LIQUIWAR/SOURCES.ZIP/data/map/rene02.txt
/SOURCE/LIQUIWAR/SOURCES.ZIP/data/map/rene03.bmp
/SOURCE/LIQUIWAR/SOURCES.ZIP/data/map/rene03.txt
/SOURCE/LIQUIWAR/SOURCES.ZIP/data/map/rene04.bmp
/SOURCE/LIQUIWAR/SOURCES.ZIP/data/map/rene04.txt
/SOURCE/LIQUIWAR/SOURCES.ZIP/data/map/rolz.bmp
/SOURCE/LIQUIWAR/SOURCES.ZIP/data/map/rolz.txt
/SOURCE/LIQUIWAR/SOURCES.ZIP/data/map/rough.bmp
/SOURCE/LIQUIWAR/SOURCES.ZIP/data/map/rough.txt
/SOURCE/LIQUIWAR/SOURCES.ZIP/data/map/sgdb.pcx
/SOURCE/LIQUIWAR/SOURCES.ZIP/data/map/sgdb.txt
/SOURCE/LIQUIWAR/SOURCES.ZIP/data/map/skull.bmp
/SOURCE/LIQUIWAR/SOURCES.ZIP/data/map/skull.txt
/SOURCE/LIQUIWAR/SOURCES.ZIP/data/map/skullbig.bmp
/SOURCE/LIQUIWAR/SOURCES.ZIP/data/map/skullbig.txt
/SOURCE/LIQUIWAR/SOURCES.ZIP/data/map/slimy.bmp
/SOURCE/LIQUIWAR/SOURCES.ZIP/data/map/slimy.txt
/SOURCE/LIQUIWAR/SOURCES.ZIP/data/map/smile.bmp
/SOURCE/LIQUIWAR/SOURCES.ZIP/data/map/smile.txt
/SOURCE/LIQUIWAR/SOURCES.ZIP/data/map/sol.pcx
/SOURCE/LIQUIWAR/SOURCES.ZIP/data/map/sol.txt
/SOURCE/LIQUIWAR/SOURCES.ZIP/data/map/sonnesystem.bmp
/SOURCE/LIQUIWAR/SOURCES.ZIP/data/map/sonnesystem.txt
/SOURCE/LIQUIWAR/SOURCES.ZIP/data/map/spagueti.pcx
/SOURCE/LIQUIWAR/SOURCES.ZIP/data/map/spagueti.txt
/SOURCE/LIQUIWAR/SOURCES.ZIP/data/map/strike.pcx
/SOURCE/LIQUIWAR/SOURCES.ZIP/data/map/strike.txt
/SOURCE/LIQUIWAR/SOURCES.ZIP/data/map/tag.bmp
/SOURCE/LIQUIWAR/SOURCES.ZIP/data/map/tag.txt
/SOURCE/LIQUIWAR/SOURCES.ZIP/data/map/tiles.bmp
/SOURCE/LIQUIWAR/SOURCES.ZIP/data/map/tiles.txt
/SOURCE/LIQUIWAR/SOURCES.ZIP/data/map/tilt.pcx
/SOURCE/LIQUIWAR/SOURCES.ZIP/data/map/tilt.txt
/SOURCE/LIQUIWAR/SOURCES.ZIP/data/map/tipi.pcx
/SOURCE/LIQUIWAR/SOURCES.ZIP/data/map/tipi.txt
/SOURCE/LIQUIWAR/SOURCES.ZIP/data/map/titanic.pcx
/SOURCE/LIQUIWAR/SOURCES.ZIP/data/map/titanic.txt
/SOURCE/LIQUIWAR/SOURCES.ZIP/data/map/trumpet.pcx
/SOURCE/LIQUIWAR/SOURCES.ZIP/data/map/trumpet.txt
/SOURCE/LIQUIWAR/SOURCES.ZIP/data/map/tulipes.pcx
/SOURCE/LIQUIWAR/SOURCES.ZIP/data/map/tulipes.txt
/SOURCE/LIQUIWAR/SOURCES.ZIP/data/map/tuyaux.pcx
/SOURCE/LIQUIWAR/SOURCES.ZIP/data/map/tuyaux.txt
/SOURCE/LIQUIWAR/SOURCES.ZIP/data/map/underground.bmp
/SOURCE/LIQUIWAR/SOURCES.ZIP/data/map/underground.txt
/SOURCE/LIQUIWAR/SOURCES.ZIP/data/map/velo.pcx
/SOURCE/LIQUIWAR/SOURCES.ZIP/data/map/velo.txt
/SOURCE/LIQUIWAR/SOURCES.ZIP/data/map/village.pcx
/SOURCE/LIQUIWAR/SOURCES.ZIP/data/map/village.txt
/SOURCE/LIQUIWAR/SOURCES.ZIP/data/map/void.pcx
/SOURCE/LIQUIWAR/SOURCES.ZIP/data/map/void.txt
/SOURCE/LIQUIWAR/SOURCES.ZIP/data/map/volet.pcx
/SOURCE/LIQUIWAR/SOURCES.ZIP/data/map/volet.txt
/SOURCE/LIQUIWAR/SOURCES.ZIP/data/map/watch.bmp
/SOURCE/LIQUIWAR/SOURCES.ZIP/data/map/watch.txt
/SOURCE/LIQUIWAR/SOURCES.ZIP/data/map/world1.bmp
/SOURCE/LIQUIWAR/SOURCES.ZIP/data/map/world1.txt
/SOURCE/LIQUIWAR/SOURCES.ZIP/data/map/world2.bmp
/SOURCE/LIQUIWAR/SOURCES.ZIP/data/map/world2.txt
/SOURCE/LIQUIWAR/SOURCES.ZIP/data/map/world3.bmp
/SOURCE/LIQUIWAR/SOURCES.ZIP/data/map/world3.txt
/SOURCE/LIQUIWAR/SOURCES.ZIP/data/map/world4.bmp
/SOURCE/LIQUIWAR/SOURCES.ZIP/data/map/world4.txt
/SOURCE/LIQUIWAR/SOURCES.ZIP/data/map/z.pcx
/SOURCE/LIQUIWAR/SOURCES.ZIP/data/map/z.txt
/SOURCE/LIQUIWAR/SOURCES.ZIP/data/maptex/
/SOURCE/LIQUIWAR/SOURCES.ZIP/data/maptex/.cvsignore
/SOURCE/LIQUIWAR/SOURCES.ZIP/data/maptex/2d.orig.bmp
/SOURCE/LIQUIWAR/SOURCES.ZIP/data/maptex/3d.orig.bmp
/SOURCE/LIQUIWAR/SOURCES.ZIP/data/maptex/3x3.orig.bmp
/SOURCE/LIQUIWAR/SOURCES.ZIP/data/maptex/Makefile.in
/SOURCE/LIQUIWAR/SOURCES.ZIP/data/maptex/ac.orig.bmp
/SOURCE/LIQUIWAR/SOURCES.ZIP/data/maptex/anaglyph1.orig.bmp
/SOURCE/LIQUIWAR/SOURCES.ZIP/data/maptex/anaglyph2.orig.bmp
/SOURCE/LIQUIWAR/SOURCES.ZIP/data/maptex/around.orig.bmp
/SOURCE/LIQUIWAR/SOURCES.ZIP/data/maptex/big.orig.bmp
/SOURCE/LIQUIWAR/SOURCES.ZIP/data/maptex/blemmya.orig.bmp
/SOURCE/LIQUIWAR/SOURCES.ZIP/data/maptex/bored.orig.bmp
/SOURCE/LIQUIWAR/SOURCES.ZIP/data/maptex/card.orig.bmp
/SOURCE/LIQUIWAR/SOURCES.ZIP/data/maptex/charming.orig.bmp
/SOURCE/LIQUIWAR/SOURCES.ZIP/data/maptex/chess.orig.bmp
/SOURCE/LIQUIWAR/SOURCES.ZIP/data/maptex/circle.orig.bmp
/SOURCE/LIQUIWAR/SOURCES.ZIP/data/maptex/circlus.orig.bmp
/SOURCE/LIQUIWAR/SOURCES.ZIP/data/maptex/clean.orig.bmp
/SOURCE/LIQUIWAR/SOURCES.ZIP/data/maptex/confuse.orig.bmp
/SOURCE/LIQUIWAR/SOURCES.ZIP/data/maptex/dirt.orig.bmp
/SOURCE/LIQUIWAR/SOURCES.ZIP/data/maptex/egg.orig.bmp
/SOURCE/LIQUIWAR/SOURCES.ZIP/data/maptex/eyes.orig.bmp
/SOURCE/LIQUIWAR/SOURCES.ZIP/data/maptex/garden.orig.bmp
/SOURCE/LIQUIWAR/SOURCES.ZIP/data/maptex/honey.orig.bmp
/SOURCE/LIQUIWAR/SOURCES.ZIP/data/maptex/honeymoon.orig.bmp
/SOURCE/LIQUIWAR/SOURCES.ZIP/data/maptex/jabberwocky.orig.bmp
/SOURCE/LIQUIWAR/SOURCES.ZIP/data/maptex/labyrint.orig.bmp
/SOURCE/LIQUIWAR/SOURCES.ZIP/data/maptex/logo.orig.bmp
/SOURCE/LIQUIWAR/SOURCES.ZIP/data/maptex/lost.orig.bmp
/SOURCE/LIQUIWAR/SOURCES.ZIP/data/maptex/lw.orig.bmp
/SOURCE/LIQUIWAR/SOURCES.ZIP/data/maptex/lwtab002.orig.pcx
/SOURCE/LIQUIWAR/SOURCES.ZIP/data/maptex/lwtab003.orig.pcx
/SOURCE/LIQUIWAR/SOURCES.ZIP/data/maptex/lwtab004.orig.pcx
/SOURCE/LIQUIWAR/SOURCES.ZIP/data/maptex/lwtab006.orig.pcx
/SOURCE/LIQUIWAR/SOURCES.ZIP/data/maptex/lwtab007.orig.pcx
/SOURCE/LIQUIWAR/SOURCES.ZIP/data/maptex/lwtab008.orig.pcx
/SOURCE/LIQUIWAR/SOURCES.ZIP/data/maptex/lwtab009.orig.pcx
/SOURCE/LIQUIWAR/SOURCES.ZIP/data/maptex/lwtabbar.orig.pcx
/SOURCE/LIQUIWAR/SOURCES.ZIP/data/maptex/lwtabdrt.orig.pcx
/SOURCE/LIQUIWAR/SOURCES.ZIP/data/maptex/lwtabmic.orig.pcx
/SOURCE/LIQUIWAR/SOURCES.ZIP/data/maptex/lwtabrec.orig.pcx
/SOURCE/LIQUIWAR/SOURCES.ZIP/data/maptex/lwtabses.orig.pcx
/SOURCE/LIQUIWAR/SOURCES.ZIP/data/maptex/lwtabto2.orig.pcx
/SOURCE/LIQUIWAR/SOURCES.ZIP/data/maptex/lwtabto3.orig.pcx
/SOURCE/LIQUIWAR/SOURCES.ZIP/data/maptex/lwtabto4.orig.pcx
/SOURCE/LIQUIWAR/SOURCES.ZIP/data/maptex/lwtabtom.orig.pcx
/SOURCE/LIQUIWAR/SOURCES.ZIP/data/maptex/lwtabtru.orig.pcx
/SOURCE/LIQUIWAR/SOURCES.ZIP/data/maptex/lwtabvid.orig.pcx
/SOURCE/LIQUIWAR/SOURCES.ZIP/data/maptex/metation.orig.bmp
/SOURCE/LIQUIWAR/SOURCES.ZIP/data/maptex/paper.orig.bmp
/SOURCE/LIQUIWAR/SOURCES.ZIP/data/maptex/papercut.orig.bmp
/SOURCE/LIQUIWAR/SOURCES.ZIP/data/maptex/pastel.orig.bmp
/SOURCE/LIQUIWAR/SOURCES.ZIP/data/maptex/place.orig.bmp
/SOURCE/LIQUIWAR/SOURCES.ZIP/data/maptex/puckman.orig.bmp
/SOURCE/LIQUIWAR/SOURCES.ZIP/data/maptex/rect.orig.bmp
/SOURCE/LIQUIWAR/SOURCES.ZIP/data/maptex/rectangle.orig.bmp
/SOURCE/LIQUIWAR/SOURCES.ZIP/data/maptex/rough.orig.bmp
/SOURCE/LIQUIWAR/SOURCES.ZIP/data/maptex/skull.orig.bmp
/SOURCE/LIQUIWAR/SOURCES.ZIP/data/maptex/skullbig.orig.bmp
/SOURCE/LIQUIWAR/SOURCES.ZIP/data/maptex/slimy.orig.bmp
/SOURCE/LIQUIWAR/SOURCES.ZIP/data/maptex/smile.orig.bmp
/SOURCE/LIQUIWAR/SOURCES.ZIP/data/maptex/sonnesystem.orig.bmp
/SOURCE/LIQUIWAR/SOURCES.ZIP/data/maptex/tiles.orig.bmp
/SOURCE/LIQUIWAR/SOURCES.ZIP/data/maptex/underground.orig.bmp
/SOURCE/LIQUIWAR/SOURCES.ZIP/data/maptex/watch.orig.bmp
/SOURCE/LIQUIWAR/SOURCES.ZIP/data/music/
/SOURCE/LIQUIWAR/SOURCES.ZIP/data/music/.cvsignore
/SOURCE/LIQUIWAR/SOURCES.ZIP/data/music/Makefile.in
/SOURCE/LIQUIWAR/SOURCES.ZIP/data/music/clarity.mid
/SOURCE/LIQUIWAR/SOURCES.ZIP/data/music/fodder.mid
/SOURCE/LIQUIWAR/SOURCES.ZIP/data/music/headless.mid
/SOURCE/LIQUIWAR/SOURCES.ZIP/data/music/marauder.mid
/SOURCE/LIQUIWAR/SOURCES.ZIP/data/music/return.mid
/SOURCE/LIQUIWAR/SOURCES.ZIP/data/music/thmoov.mid
/SOURCE/LIQUIWAR/SOURCES.ZIP/data/music/torqued.mid
/SOURCE/LIQUIWAR/SOURCES.ZIP/data/sfx/
/SOURCE/LIQUIWAR/SOURCES.ZIP/data/sfx/.cvsignore
/SOURCE/LIQUIWAR/SOURCES.ZIP/data/sfx/Makefile.in
/SOURCE/LIQUIWAR/SOURCES.ZIP/data/sfx/clock1.wav
/SOURCE/LIQUIWAR/SOURCES.ZIP/data/sfx/crowd1.wav
/SOURCE/LIQUIWAR/SOURCES.ZIP/data/sfx/cuckoo.wav
/SOURCE/LIQUIWAR/SOURCES.ZIP/data/sfx/foghorn.wav
/SOURCE/LIQUIWAR/SOURCES.ZIP/data/sfx/splash1.wav
/SOURCE/LIQUIWAR/SOURCES.ZIP/data/sfx/war.wav
/SOURCE/LIQUIWAR/SOURCES.ZIP/data/texture/
/SOURCE/LIQUIWAR/SOURCES.ZIP/data/texture/.cvsignore
/SOURCE/LIQUIWAR/SOURCES.ZIP/data/texture/Makefile.in
/SOURCE/LIQUIWAR/SOURCES.ZIP/data/texture/amethyst.gimp.pcx
/SOURCE/LIQUIWAR/SOURCES.ZIP/data/texture/bricks.gimp.pcx
/SOURCE/LIQUIWAR/SOURCES.ZIP/data/texture/crash1.gimp.pcx
/SOURCE/LIQUIWAR/SOURCES.ZIP/data/texture/electricblue.gimp.pcx
/SOURCE/LIQUIWAR/SOURCES.ZIP/data/texture/granite2.gimp.pcx
/SOURCE/LIQUIWAR/SOURCES.ZIP/data/texture/greenmess.gimp.pcx
/SOURCE/LIQUIWAR/SOURCES.ZIP/data/texture/lumps.gimp.pcx
/SOURCE/LIQUIWAR/SOURCES.ZIP/data/texture/marble3.gimp.pcx
/SOURCE/LIQUIWAR/SOURCES.ZIP/data/texture/pebbles.gimp.pcx
/SOURCE/LIQUIWAR/SOURCES.ZIP/data/texture/pine.gimp.pcx
/SOURCE/LIQUIWAR/SOURCES.ZIP/data/texture/poolbottom.gimp.pcx
/SOURCE/LIQUIWAR/SOURCES.ZIP/data/texture/qbert.gimp.pcx
/SOURCE/LIQUIWAR/SOURCES.ZIP/data/texture/redcubes.gimp.pcx
/SOURCE/LIQUIWAR/SOURCES.ZIP/data/texture/smallsquares.gimp.pcx
/SOURCE/LIQUIWAR/SOURCES.ZIP/data/texture/terra.gimp.pcx
/SOURCE/LIQUIWAR/SOURCES.ZIP/data/texture/wood2.gimp.pcx
/SOURCE/LIQUIWAR/SOURCES.ZIP/data/water/
/SOURCE/LIQUIWAR/SOURCES.ZIP/data/water/.cvsignore
/SOURCE/LIQUIWAR/SOURCES.ZIP/data/water/Makefile.in
/SOURCE/LIQUIWAR/SOURCES.ZIP/data/water/amb3.wav
/SOURCE/LIQUIWAR/SOURCES.ZIP/data/water/amb4.wav
/SOURCE/LIQUIWAR/SOURCES.ZIP/data/water/bath1.wav
/SOURCE/LIQUIWAR/SOURCES.ZIP/data/water/bath2.wav
/SOURCE/LIQUIWAR/SOURCES.ZIP/data/water/bubble.wav
/SOURCE/LIQUIWAR/SOURCES.ZIP/data/water/flush.wav
/SOURCE/LIQUIWAR/SOURCES.ZIP/data/water/forest1.wav
/SOURCE/LIQUIWAR/SOURCES.ZIP/data/water/kitch4.wav
/SOURCE/LIQUIWAR/SOURCES.ZIP/data/water/lavaflow.wav
/SOURCE/LIQUIWAR/SOURCES.ZIP/data/water/niagara.wav
/SOURCE/LIQUIWAR/SOURCES.ZIP/data/water/shower1.wav
/SOURCE/LIQUIWAR/SOURCES.ZIP/data/water/sodapor.wav
/SOURCE/LIQUIWAR/SOURCES.ZIP/data/water/thundr2.wav
/SOURCE/LIQUIWAR/SOURCES.ZIP/data/water/thundr3.wav
/SOURCE/LIQUIWAR/SOURCES.ZIP/data/water/tidal.wav
/SOURCE/LIQUIWAR/SOURCES.ZIP/data/water/water.wav
/SOURCE/LIQUIWAR/SOURCES.ZIP/doc/
/SOURCE/LIQUIWAR/SOURCES.ZIP/doc/.cvsignore
/SOURCE/LIQUIWAR/SOURCES.ZIP/doc/Makefile.in
/SOURCE/LIQUIWAR/SOURCES.ZIP/doc/README
/SOURCE/LIQUIWAR/SOURCES.ZIP/doc/html/
/SOURCE/LIQUIWAR/SOURCES.ZIP/doc/html/.cvsignore
/SOURCE/LIQUIWAR/SOURCES.ZIP/doc/html/footer.inc
/SOURCE/LIQUIWAR/SOURCES.ZIP/doc/html/header.inc
/SOURCE/LIQUIWAR/SOURCES.ZIP/doc/html/index.html.in
/SOURCE/LIQUIWAR/SOURCES.ZIP/doc/info/
/SOURCE/LIQUIWAR/SOURCES.ZIP/doc/info/.cvsignore
/SOURCE/LIQUIWAR/SOURCES.ZIP/doc/info/DUMMY
/SOURCE/LIQUIWAR/SOURCES.ZIP/doc/makedoc.py
/SOURCE/LIQUIWAR/SOURCES.ZIP/doc/man/
/SOURCE/LIQUIWAR/SOURCES.ZIP/doc/man/.cvsignore
/SOURCE/LIQUIWAR/SOURCES.ZIP/doc/man/begin.man.in
/SOURCE/LIQUIWAR/SOURCES.ZIP/doc/man/end.man
/SOURCE/LIQUIWAR/SOURCES.ZIP/doc/pdf/
/SOURCE/LIQUIWAR/SOURCES.ZIP/doc/pdf/.cvsignore
/SOURCE/LIQUIWAR/SOURCES.ZIP/doc/pdf/DUMMY
/SOURCE/LIQUIWAR/SOURCES.ZIP/doc/php3/
/SOURCE/LIQUIWAR/SOURCES.ZIP/doc/php3/.cvsignore
/SOURCE/LIQUIWAR/SOURCES.ZIP/doc/php3/DUMMY
/SOURCE/LIQUIWAR/SOURCES.ZIP/doc/ps/
/SOURCE/LIQUIWAR/SOURCES.ZIP/doc/ps/.cvsignore
/SOURCE/LIQUIWAR/SOURCES.ZIP/doc/ps/DUMMY
/SOURCE/LIQUIWAR/SOURCES.ZIP/doc/tex/
/SOURCE/LIQUIWAR/SOURCES.ZIP/doc/tex/.cvsignore
/SOURCE/LIQUIWAR/SOURCES.ZIP/doc/tex/liquidwar.tex.in
/SOURCE/LIQUIWAR/SOURCES.ZIP/doc/texi/
/SOURCE/LIQUIWAR/SOURCES.ZIP/doc/texi/.cvsignore
/SOURCE/LIQUIWAR/SOURCES.ZIP/doc/texi/begin.texi.in
/SOURCE/LIQUIWAR/SOURCES.ZIP/doc/texi/end.texi
/SOURCE/LIQUIWAR/SOURCES.ZIP/doc/txt/
/SOURCE/LIQUIWAR/SOURCES.ZIP/doc/txt/.cvsignore
/SOURCE/LIQUIWAR/SOURCES.ZIP/doc/txt/DUMMY
/SOURCE/LIQUIWAR/SOURCES.ZIP/doc/uwc/
/SOURCE/LIQUIWAR/SOURCES.ZIP/doc/uwc/.cvsignore
/SOURCE/LIQUIWAR/SOURCES.ZIP/doc/uwc/DUMMY
/SOURCE/LIQUIWAR/SOURCES.ZIP/doc/xml/
/SOURCE/LIQUIWAR/SOURCES.ZIP/doc/xml/algorithm.xml
/SOURCE/LIQUIWAR/SOURCES.ZIP/doc/xml/authors.xml
/SOURCE/LIQUIWAR/SOURCES.ZIP/doc/xml/bugs.xml
/SOURCE/LIQUIWAR/SOURCES.ZIP/doc/xml/copying.xml
/SOURCE/LIQUIWAR/SOURCES.ZIP/doc/xml/fanfic.xml
/SOURCE/LIQUIWAR/SOURCES.ZIP/doc/xml/file.dtd
/SOURCE/LIQUIWAR/SOURCES.ZIP/doc/xml/mailinglists.xml
/SOURCE/LIQUIWAR/SOURCES.ZIP/doc/xml/network.xml
/SOURCE/LIQUIWAR/SOURCES.ZIP/doc/xml/options.xml
/SOURCE/LIQUIWAR/SOURCES.ZIP/doc/xml/parameters.xml
/SOURCE/LIQUIWAR/SOURCES.ZIP/doc/xml/platforms.xml
/SOURCE/LIQUIWAR/SOURCES.ZIP/doc/xml/rules.xml
/SOURCE/LIQUIWAR/SOURCES.ZIP/doc/xml/source.xml
/SOURCE/LIQUIWAR/SOURCES.ZIP/doc/xml/todo.xml
/SOURCE/LIQUIWAR/SOURCES.ZIP/doc/xml/userlevels.xml
/SOURCE/LIQUIWAR/SOURCES.ZIP/doc/xml/wip.xml
/SOURCE/LIQUIWAR/SOURCES.ZIP/fix.sh
/SOURCE/LIQUIWAR/SOURCES.ZIP/INSTALL
/SOURCE/LIQUIWAR/SOURCES.ZIP/install-sh
/SOURCE/LIQUIWAR/SOURCES.ZIP/liquidwar.spec
/SOURCE/LIQUIWAR/SOURCES.ZIP/liquidwar.spec.in
/SOURCE/LIQUIWAR/SOURCES.ZIP/Makefile.dos
/SOURCE/LIQUIWAR/SOURCES.ZIP/Makefile.in
/SOURCE/LIQUIWAR/SOURCES.ZIP/Makefile.win
/SOURCE/LIQUIWAR/SOURCES.ZIP/misc/
/SOURCE/LIQUIWAR/SOURCES.ZIP/misc/.cvsignore
/SOURCE/LIQUIWAR/SOURCES.ZIP/misc/fix_map_palette.sh
/SOURCE/LIQUIWAR/SOURCES.ZIP/misc/globe.icns
/SOURCE/LIQUIWAR/SOURCES.ZIP/misc/globe.png
/SOURCE/LIQUIWAR/SOURCES.ZIP/misc/globe.pov
/SOURCE/LIQUIWAR/SOURCES.ZIP/misc/gpl_de.html
/SOURCE/LIQUIWAR/SOURCES.ZIP/misc/gpl_fr.html
/SOURCE/LIQUIWAR/SOURCES.ZIP/misc/liquidwar.desktop
/SOURCE/LIQUIWAR/SOURCES.ZIP/misc/liquidwar.ico
/SOURCE/LIQUIWAR/SOURCES.ZIP/misc/liquidwar.xpm
/SOURCE/LIQUIWAR/SOURCES.ZIP/misc/liquidwar_32x32.xpm
/SOURCE/LIQUIWAR/SOURCES.ZIP/misc/liquidwar_notify.sh
/SOURCE/LIQUIWAR/SOURCES.ZIP/misc/liquidward.in
/SOURCE/LIQUIWAR/SOURCES.ZIP/misc/lwpopup.js
/SOURCE/LIQUIWAR/SOURCES.ZIP/misc/lwserver.bat
/SOURCE/LIQUIWAR/SOURCES.ZIP/misc/macosx_info.plist.in
/SOURCE/LIQUIWAR/SOURCES.ZIP/misc/macosx_launcher.sh
/SOURCE/LIQUIWAR/SOURCES.ZIP/misc/macosx_readme.rtf
/SOURCE/LIQUIWAR/SOURCES.ZIP/misc/mpeg_utils_imagestompeg.sh
/SOURCE/LIQUIWAR/SOURCES.ZIP/misc/mpeg_utils_imagetoppm.sh
/SOURCE/LIQUIWAR/SOURCES.ZIP/misc/mpeg_utils_imagetoyuv.sh
/SOURCE/LIQUIWAR/SOURCES.ZIP/misc/mpeg_utils_make_mpeg2encode_parfile.sh
/SOURCE/LIQUIWAR/SOURCES.ZIP/README
/SOURCE/LIQUIWAR/SOURCES.ZIP/README.de
/SOURCE/LIQUIWAR/SOURCES.ZIP/README.dk
/SOURCE/LIQUIWAR/SOURCES.ZIP/README.fr
/SOURCE/LIQUIWAR/SOURCES.ZIP/src/
/SOURCE/LIQUIWAR/SOURCES.ZIP/src/.cvsignore
/SOURCE/LIQUIWAR/SOURCES.ZIP/src/Makefile.dep.in
/SOURCE/LIQUIWAR/SOURCES.ZIP/src/Makefile.in
/SOURCE/LIQUIWAR/SOURCES.ZIP/src/about.c
/SOURCE/LIQUIWAR/SOURCES.ZIP/src/about.h
/SOURCE/LIQUIWAR/SOURCES.ZIP/src/advanced.c
/SOURCE/LIQUIWAR/SOURCES.ZIP/src/advanced.h
/SOURCE/LIQUIWAR/SOURCES.ZIP/src/alleg2.c
/SOURCE/LIQUIWAR/SOURCES.ZIP/src/alleg2.h
/SOURCE/LIQUIWAR/SOURCES.ZIP/src/area.c
/SOURCE/LIQUIWAR/SOURCES.ZIP/src/area.h
/SOURCE/LIQUIWAR/SOURCES.ZIP/src/army.c
/SOURCE/LIQUIWAR/SOURCES.ZIP/src/army.h
/SOURCE/LIQUIWAR/SOURCES.ZIP/src/asm.c
/SOURCE/LIQUIWAR/SOURCES.ZIP/src/asm.h
/SOURCE/LIQUIWAR/SOURCES.ZIP/src/autoplay.c
/SOURCE/LIQUIWAR/SOURCES.ZIP/src/autoplay.h
/SOURCE/LIQUIWAR/SOURCES.ZIP/src/back.c
/SOURCE/LIQUIWAR/SOURCES.ZIP/src/back.h
/SOURCE/LIQUIWAR/SOURCES.ZIP/src/base.h.in
/SOURCE/LIQUIWAR/SOURCES.ZIP/src/basicopt.c
/SOURCE/LIQUIWAR/SOURCES.ZIP/src/basicopt.h
/SOURCE/LIQUIWAR/SOURCES.ZIP/src/bigdata.c
/SOURCE/LIQUIWAR/SOURCES.ZIP/src/bigdata.h
/SOURCE/LIQUIWAR/SOURCES.ZIP/src/capture.c
/SOURCE/LIQUIWAR/SOURCES.ZIP/src/capture.h
/SOURCE/LIQUIWAR/SOURCES.ZIP/src/chat.c
/SOURCE/LIQUIWAR/SOURCES.ZIP/src/chat.h
/SOURCE/LIQUIWAR/SOURCES.ZIP/src/checksum.c
/SOURCE/LIQUIWAR/SOURCES.ZIP/src/checksum.h
/SOURCE/LIQUIWAR/SOURCES.ZIP/src/code.c
/SOURCE/LIQUIWAR/SOURCES.ZIP/src/code.h
/SOURCE/LIQUIWAR/SOURCES.ZIP/src/config.c
/SOURCE/LIQUIWAR/SOURCES.ZIP/src/config.h
/SOURCE/LIQUIWAR/SOURCES.ZIP/src/connect.c
/SOURCE/LIQUIWAR/SOURCES.ZIP/src/connect.h
/SOURCE/LIQUIWAR/SOURCES.ZIP/src/controls.c
/SOURCE/LIQUIWAR/SOURCES.ZIP/src/controls.h
/SOURCE/LIQUIWAR/SOURCES.ZIP/src/cursor.c
/SOURCE/LIQUIWAR/SOURCES.ZIP/src/cursor.h
/SOURCE/LIQUIWAR/SOURCES.ZIP/src/decal.c
/SOURCE/LIQUIWAR/SOURCES.ZIP/src/decal.h
/SOURCE/LIQUIWAR/SOURCES.ZIP/src/dialog.c
/SOURCE/LIQUIWAR/SOURCES.ZIP/src/dialog.h
/SOURCE/LIQUIWAR/SOURCES.ZIP/src/disk.c
/SOURCE/LIQUIWAR/SOURCES.ZIP/src/disk.h
/SOURCE/LIQUIWAR/SOURCES.ZIP/src/disp.c
/SOURCE/LIQUIWAR/SOURCES.ZIP/src/disp.h
/SOURCE/LIQUIWAR/SOURCES.ZIP/src/distor.c
/SOURCE/LIQUIWAR/SOURCES.ZIP/src/distor.h
/SOURCE/LIQUIWAR/SOURCES.ZIP/src/dnsutil.c
/SOURCE/LIQUIWAR/SOURCES.ZIP/src/dnsutil.h
/SOURCE/LIQUIWAR/SOURCES.ZIP/src/error.c
/SOURCE/LIQUIWAR/SOURCES.ZIP/src/error.h
/SOURCE/LIQUIWAR/SOURCES.ZIP/src/exec2.c
/SOURCE/LIQUIWAR/SOURCES.ZIP/src/exec2.h
/SOURCE/LIQUIWAR/SOURCES.ZIP/src/execgen.h
/SOURCE/LIQUIWAR/SOURCES.ZIP/src/execunix.c
/SOURCE/LIQUIWAR/SOURCES.ZIP/src/execw32.c
/SOURCE/LIQUIWAR/SOURCES.ZIP/src/exit.c
/SOURCE/LIQUIWAR/SOURCES.ZIP/src/exit.h
/SOURCE/LIQUIWAR/SOURCES.ZIP/src/fighter.c
/SOURCE/LIQUIWAR/SOURCES.ZIP/src/fighter.h
/SOURCE/LIQUIWAR/SOURCES.ZIP/src/game.c
/SOURCE/LIQUIWAR/SOURCES.ZIP/src/game.h
/SOURCE/LIQUIWAR/SOURCES.ZIP/src/gfxmode.c
/SOURCE/LIQUIWAR/SOURCES.ZIP/src/gfxmode.h
/SOURCE/LIQUIWAR/SOURCES.ZIP/src/glouglou.h
/SOURCE/LIQUIWAR/SOURCES.ZIP/src/glouglou.s
/SOURCE/LIQUIWAR/SOURCES.ZIP/src/grad.c
/SOURCE/LIQUIWAR/SOURCES.ZIP/src/grad.h
/SOURCE/LIQUIWAR/SOURCES.ZIP/src/graphics.c
/SOURCE/LIQUIWAR/SOURCES.ZIP/src/graphics.h
/SOURCE/LIQUIWAR/SOURCES.ZIP/src/help.c
/SOURCE/LIQUIWAR/SOURCES.ZIP/src/help.h
/SOURCE/LIQUIWAR/SOURCES.ZIP/src/httputil.c
/SOURCE/LIQUIWAR/SOURCES.ZIP/src/httputil.h
/SOURCE/LIQUIWAR/SOURCES.ZIP/src/info.c
/SOURCE/LIQUIWAR/SOURCES.ZIP/src/info.h
/SOURCE/LIQUIWAR/SOURCES.ZIP/src/init.c
/SOURCE/LIQUIWAR/SOURCES.ZIP/src/init.h
/SOURCE/LIQUIWAR/SOURCES.ZIP/src/internet.c
/SOURCE/LIQUIWAR/SOURCES.ZIP/src/internet.h
/SOURCE/LIQUIWAR/SOURCES.ZIP/src/joystick.c
/SOURCE/LIQUIWAR/SOURCES.ZIP/src/joystick.h
/SOURCE/LIQUIWAR/SOURCES.ZIP/src/keyboard.c
/SOURCE/LIQUIWAR/SOURCES.ZIP/src/keyboard.h
/SOURCE/LIQUIWAR/SOURCES.ZIP/src/keyexch.c
/SOURCE/LIQUIWAR/SOURCES.ZIP/src/keyexch.h
/SOURCE/LIQUIWAR/SOURCES.ZIP/src/lang.c
/SOURCE/LIQUIWAR/SOURCES.ZIP/src/lang.h
/SOURCE/LIQUIWAR/SOURCES.ZIP/src/langde.c
/SOURCE/LIQUIWAR/SOURCES.ZIP/src/langde.h
/SOURCE/LIQUIWAR/SOURCES.ZIP/src/langdk.c
/SOURCE/LIQUIWAR/SOURCES.ZIP/src/langdk.h
/SOURCE/LIQUIWAR/SOURCES.ZIP/src/langen.c
/SOURCE/LIQUIWAR/SOURCES.ZIP/src/langen.h
/SOURCE/LIQUIWAR/SOURCES.ZIP/src/langfr.c
/SOURCE/LIQUIWAR/SOURCES.ZIP/src/langfr.h
/SOURCE/LIQUIWAR/SOURCES.ZIP/src/language.c
/SOURCE/LIQUIWAR/SOURCES.ZIP/src/language.h
/SOURCE/LIQUIWAR/SOURCES.ZIP/src/level.c
/SOURCE/LIQUIWAR/SOURCES.ZIP/src/level.h
/SOURCE/LIQUIWAR/SOURCES.ZIP/src/log.h
/SOURCE/LIQUIWAR/SOURCES.ZIP/src/logcli.c
/SOURCE/LIQUIWAR/SOURCES.ZIP/src/logsrv.c
/SOURCE/LIQUIWAR/SOURCES.ZIP/src/lwwin.rc
/SOURCE/LIQUIWAR/SOURCES.ZIP/src/macro.h
/SOURCE/LIQUIWAR/SOURCES.ZIP/src/main.c
/SOURCE/LIQUIWAR/SOURCES.ZIP/src/map.c
/SOURCE/LIQUIWAR/SOURCES.ZIP/src/map.h
/SOURCE/LIQUIWAR/SOURCES.ZIP/src/maptex.c
/SOURCE/LIQUIWAR/SOURCES.ZIP/src/maptex.h
/SOURCE/LIQUIWAR/SOURCES.ZIP/src/menu.c
/SOURCE/LIQUIWAR/SOURCES.ZIP/src/menu.h
/SOURCE/LIQUIWAR/SOURCES.ZIP/src/mesh.c
/SOURCE/LIQUIWAR/SOURCES.ZIP/src/mesh.h
/SOURCE/LIQUIWAR/SOURCES.ZIP/src/message.c
/SOURCE/LIQUIWAR/SOURCES.ZIP/src/message.h
/SOURCE/LIQUIWAR/SOURCES.ZIP/src/monster.h
/SOURCE/LIQUIWAR/SOURCES.ZIP/src/monster.s
/SOURCE/LIQUIWAR/SOURCES.ZIP/src/mouse.c
/SOURCE/LIQUIWAR/SOURCES.ZIP/src/mouse.h
/SOURCE/LIQUIWAR/SOURCES.ZIP/src/move.c
/SOURCE/LIQUIWAR/SOURCES.ZIP/src/move.h
/SOURCE/LIQUIWAR/SOURCES.ZIP/src/music.c
/SOURCE/LIQUIWAR/SOURCES.ZIP/src/music.h
/SOURCE/LIQUIWAR/SOURCES.ZIP/src/mutxdos.c
/SOURCE/LIQUIWAR/SOURCES.ZIP/src/mutxgen.h
/SOURCE/LIQUIWAR/SOURCES.ZIP/src/mutxunix.c
/SOURCE/LIQUIWAR/SOURCES.ZIP/src/mutxw32.c
/SOURCE/LIQUIWAR/SOURCES.ZIP/src/netconf.c
/SOURCE/LIQUIWAR/SOURCES.ZIP/src/netconf.h
/SOURCE/LIQUIWAR/SOURCES.ZIP/src/netgame.c
/SOURCE/LIQUIWAR/SOURCES.ZIP/src/netgame.h
/SOURCE/LIQUIWAR/SOURCES.ZIP/src/netkey.c
/SOURCE/LIQUIWAR/SOURCES.ZIP/src/netkey.h
/SOURCE/LIQUIWAR/SOURCES.ZIP/src/netmap.c
/SOURCE/LIQUIWAR/SOURCES.ZIP/src/netmap.h
/SOURCE/LIQUIWAR/SOURCES.ZIP/src/netmess.c
/SOURCE/LIQUIWAR/SOURCES.ZIP/src/netmess.h
/SOURCE/LIQUIWAR/SOURCES.ZIP/src/netplay.c
/SOURCE/LIQUIWAR/SOURCES.ZIP/src/netplay.h
/SOURCE/LIQUIWAR/SOURCES.ZIP/src/network.c
/SOURCE/LIQUIWAR/SOURCES.ZIP/src/network.h
/SOURCE/LIQUIWAR/SOURCES.ZIP/src/options.c
/SOURCE/LIQUIWAR/SOURCES.ZIP/src/options.h
/SOURCE/LIQUIWAR/SOURCES.ZIP/src/palette.c
/SOURCE/LIQUIWAR/SOURCES.ZIP/src/palette.h
/SOURCE/LIQUIWAR/SOURCES.ZIP/src/parser.c
/SOURCE/LIQUIWAR/SOURCES.ZIP/src/parser.h
/SOURCE/LIQUIWAR/SOURCES.ZIP/src/path.c
/SOURCE/LIQUIWAR/SOURCES.ZIP/src/path.h
/SOURCE/LIQUIWAR/SOURCES.ZIP/src/ping.c
/SOURCE/LIQUIWAR/SOURCES.ZIP/src/ping.h
/SOURCE/LIQUIWAR/SOURCES.ZIP/src/pion.c
/SOURCE/LIQUIWAR/SOURCES.ZIP/src/pion.h
/SOURCE/LIQUIWAR/SOURCES.ZIP/src/play.c
/SOURCE/LIQUIWAR/SOURCES.ZIP/src/play.h
/SOURCE/LIQUIWAR/SOURCES.ZIP/src/popupgen.h
/SOURCE/LIQUIWAR/SOURCES.ZIP/src/popupw32.c
/SOURCE/LIQUIWAR/SOURCES.ZIP/src/profile.c
/SOURCE/LIQUIWAR/SOURCES.ZIP/src/profile.h
/SOURCE/LIQUIWAR/SOURCES.ZIP/src/protocol.c
/SOURCE/LIQUIWAR/SOURCES.ZIP/src/protocol.h
/SOURCE/LIQUIWAR/SOURCES.ZIP/src/random.c
/SOURCE/LIQUIWAR/SOURCES.ZIP/src/random.h
/SOURCE/LIQUIWAR/SOURCES.ZIP/src/rules.c
/SOURCE/LIQUIWAR/SOURCES.ZIP/src/rules.h
/SOURCE/LIQUIWAR/SOURCES.ZIP/src/score.c
/SOURCE/LIQUIWAR/SOURCES.ZIP/src/score.h
/SOURCE/LIQUIWAR/SOURCES.ZIP/src/serial.c
/SOURCE/LIQUIWAR/SOURCES.ZIP/src/serial.h
/SOURCE/LIQUIWAR/SOURCES.ZIP/src/server.c
/SOURCE/LIQUIWAR/SOURCES.ZIP/src/server.h
/SOURCE/LIQUIWAR/SOURCES.ZIP/src/sock2cli.c
/SOURCE/LIQUIWAR/SOURCES.ZIP/src/sock2gen.h
/SOURCE/LIQUIWAR/SOURCES.ZIP/src/sock2srv.c
/SOURCE/LIQUIWAR/SOURCES.ZIP/src/sockdos.c
/SOURCE/LIQUIWAR/SOURCES.ZIP/src/sockex.c
/SOURCE/LIQUIWAR/SOURCES.ZIP/src/sockgen.h
/SOURCE/LIQUIWAR/SOURCES.ZIP/src/sockunix.c
/SOURCE/LIQUIWAR/SOURCES.ZIP/src/sockw32.c
/SOURCE/LIQUIWAR/SOURCES.ZIP/src/sound.c
/SOURCE/LIQUIWAR/SOURCES.ZIP/src/sound.h
/SOURCE/LIQUIWAR/SOURCES.ZIP/src/speeds.c
/SOURCE/LIQUIWAR/SOURCES.ZIP/src/speeds.h
/SOURCE/LIQUIWAR/SOURCES.ZIP/src/spread.h
/SOURCE/LIQUIWAR/SOURCES.ZIP/src/spread.s
/SOURCE/LIQUIWAR/SOURCES.ZIP/src/srvchan.c
/SOURCE/LIQUIWAR/SOURCES.ZIP/src/srvchan.h
/SOURCE/LIQUIWAR/SOURCES.ZIP/src/srvcont.c
/SOURCE/LIQUIWAR/SOURCES.ZIP/src/srvcont.h
/SOURCE/LIQUIWAR/SOURCES.ZIP/src/srvteam.c
/SOURCE/LIQUIWAR/SOURCES.ZIP/src/srvteam.h
/SOURCE/LIQUIWAR/SOURCES.ZIP/src/srvtime.c
/SOURCE/LIQUIWAR/SOURCES.ZIP/src/srvtime.h
/SOURCE/LIQUIWAR/SOURCES.ZIP/src/startinf.c
/SOURCE/LIQUIWAR/SOURCES.ZIP/src/startinf.h
/SOURCE/LIQUIWAR/SOURCES.ZIP/src/startup.c
/SOURCE/LIQUIWAR/SOURCES.ZIP/src/startup.h
/SOURCE/LIQUIWAR/SOURCES.ZIP/src/team.c
/SOURCE/LIQUIWAR/SOURCES.ZIP/src/team.h
/SOURCE/LIQUIWAR/SOURCES.ZIP/src/texture.c
/SOURCE/LIQUIWAR/SOURCES.ZIP/src/texture.h
/SOURCE/LIQUIWAR/SOURCES.ZIP/src/thrddos.c
/SOURCE/LIQUIWAR/SOURCES.ZIP/src/thrdgen.h
/SOURCE/LIQUIWAR/SOURCES.ZIP/src/thrdunix.c
/SOURCE/LIQUIWAR/SOURCES.ZIP/src/thrdw32.c
/SOURCE/LIQUIWAR/SOURCES.ZIP/src/ticker.c
/SOURCE/LIQUIWAR/SOURCES.ZIP/src/ticker.h
/SOURCE/LIQUIWAR/SOURCES.ZIP/src/time.c
/SOURCE/LIQUIWAR/SOURCES.ZIP/src/time.h
/SOURCE/LIQUIWAR/SOURCES.ZIP/src/viewport.c
/SOURCE/LIQUIWAR/SOURCES.ZIP/src/viewport.h
/SOURCE/LIQUIWAR/SOURCES.ZIP/src/volume.c
/SOURCE/LIQUIWAR/SOURCES.ZIP/src/volume.h
/SOURCE/LIQUIWAR/SOURCES.ZIP/src/watchdog.c
/SOURCE/LIQUIWAR/SOURCES.ZIP/src/watchdog.h
/SOURCE/LIQUIWAR/SOURCES.ZIP/src/wave.c
/SOURCE/LIQUIWAR/SOURCES.ZIP/src/wave.h
/SOURCE/LIQUIWAR/SOURCES.ZIP/src/wwwcli.c
/SOURCE/LIQUIWAR/SOURCES.ZIP/src/wwwcli.h
/SOURCE/LIQUIWAR/SOURCES.ZIP/src/wwwsrv.c
/SOURCE/LIQUIWAR/SOURCES.ZIP/src/wwwsrv.h
/SOURCE/LIQUIWAR/SOURCES.ZIP/test.sh
/SOURCE/LIQUIWAR/SOURCES.ZIP/utils/
/SOURCE/LIQUIWAR/SOURCES.ZIP/utils/.cvsignore
/SOURCE/LIQUIWAR/SOURCES.ZIP/utils/Makefile.in
/SOURCE/LIQUIWAR/SOURCES.ZIP/utils/liquidwarcol.c
/SOURCE/LIQUIWAR/SOURCES.ZIP/utils/liquidwarmap.c
/SOURCE/LIQUIWAR/SOURCES.ZIP/utils/liquidwartex.c
/SOURCE/LIQUIWAR/SOURCES.ZIP/utils/lwmapgen/
/SOURCE/LIQUIWAR/SOURCES.ZIP/utils/lwmapgen/.cvsignore
/SOURCE/LIQUIWAR/SOURCES.ZIP/utils/lwmapgen/CHANGES
/SOURCE/LIQUIWAR/SOURCES.ZIP/utils/lwmapgen/CREDITS
/SOURCE/LIQUIWAR/SOURCES.ZIP/utils/lwmapgen/HACKING
/SOURCE/LIQUIWAR/SOURCES.ZIP/utils/lwmapgen/HEADER
/SOURCE/LIQUIWAR/SOURCES.ZIP/utils/lwmapgen/Makefile
/SOURCE/LIQUIWAR/SOURCES.ZIP/utils/lwmapgen/README
/SOURCE/LIQUIWAR/SOURCES.ZIP/utils/lwmapgen/big_quad.c
/SOURCE/LIQUIWAR/SOURCES.ZIP/utils/lwmapgen/boxes.c
/SOURCE/LIQUIWAR/SOURCES.ZIP/utils/lwmapgen/bubbles.c
/SOURCE/LIQUIWAR/SOURCES.ZIP/utils/lwmapgen/circles.c
/SOURCE/LIQUIWAR/SOURCES.ZIP/utils/lwmapgen/circuit.c
/SOURCE/LIQUIWAR/SOURCES.ZIP/utils/lwmapgen/cut.c
/SOURCE/LIQUIWAR/SOURCES.ZIP/utils/lwmapgen/cut.h
/SOURCE/LIQUIWAR/SOURCES.ZIP/utils/lwmapgen/func.c
/SOURCE/LIQUIWAR/SOURCES.ZIP/utils/lwmapgen/func.h
/SOURCE/LIQUIWAR/SOURCES.ZIP/utils/lwmapgen/func_list.h
/SOURCE/LIQUIWAR/SOURCES.ZIP/utils/lwmapgen/hole.c
/SOURCE/LIQUIWAR/SOURCES.ZIP/utils/lwmapgen/lines.c
/SOURCE/LIQUIWAR/SOURCES.ZIP/utils/lwmapgen/main.c
/SOURCE/LIQUIWAR/SOURCES.ZIP/utils/lwmapgen/map.c
/SOURCE/LIQUIWAR/SOURCES.ZIP/utils/lwmapgen/map.h
/SOURCE/LIQUIWAR/SOURCES.ZIP/utils/lwmapgen/map_generator.c
/SOURCE/LIQUIWAR/SOURCES.ZIP/utils/lwmapgen/map_generator.h
/SOURCE/LIQUIWAR/SOURCES.ZIP/utils/lwmapgen/misc.c
/SOURCE/LIQUIWAR/SOURCES.ZIP/utils/lwmapgen/misc.h
/SOURCE/LIQUIWAR/SOURCES.ZIP/utils/lwmapgen/old/
/SOURCE/LIQUIWAR/SOURCES.ZIP/utils/lwmapgen/old/invert_rand_poly.c
/SOURCE/LIQUIWAR/SOURCES.ZIP/utils/lwmapgen/old/rand_poly_cut.c
/SOURCE/LIQUIWAR/SOURCES.ZIP/utils/lwmapgen/old/rand_poly_diag_cut.c
/SOURCE/LIQUIWAR/SOURCES.ZIP/utils/lwmapgen/rand_box.c
/SOURCE/LIQUIWAR/SOURCES.ZIP/utils/lwmapgen/rand_func.c
/SOURCE/LIQUIWAR/SOURCES.ZIP/utils/lwmapgen/rand_poly.c
/SOURCE/LIQUIWAR/SOURCES.ZIP/utils/lwmapgen/rand_poly_cut.c
/SOURCE/LIQUIWAR/SOURCES.ZIP/utils/lwmapgen/street.c
/SOURCE/LIQUIWAR/SOURCES.ZIP/utils/lwmapgen/tester.sh
/SOURCE/LIQUIWAR/SOURCES.ZIP/utils/lwmapgen/worms.c
/SOURCE/LIQUIWAR/SOURCES.ZIP/utils/snprintf/
/SOURCE/LIQUIWAR/SOURCES.ZIP/utils/snprintf/COPYING
/SOURCE/LIQUIWAR/SOURCES.ZIP/utils/snprintf/INSTALL
/SOURCE/LIQUIWAR/SOURCES.ZIP/utils/snprintf/LICENSE.txt
/SOURCE/LIQUIWAR/SOURCES.ZIP/utils/snprintf/Makefile
/SOURCE/LIQUIWAR/SOURCES.ZIP/utils/snprintf/README.html
/SOURCE/LIQUIWAR/SOURCES.ZIP/utils/snprintf/snprintf.c
/SOURCE/LIQUIWAR/SOURCES.ZIP/utils/snprintf/snprintf.h
/SOURCE/LIQUIWAR/SOURCES.ZIP/utils/snprintf/test.c
/SOURCE/LIQUIWAR/SOURCES.ZIP/utils/snprintf/valid-html40.gif
/SOURCE/LIQUIWAR/SOURCES.ZIP/www/
/SOURCE/LIQUIWAR/SOURCES.ZIP/www/README
/SOURCE/LIQUIWAR/SOURCES.ZIP/www/mysql/
/SOURCE/LIQUIWAR/SOURCES.ZIP/www/mysql/tables.sql
/SOURCE/LIQUIWAR/SOURCES.ZIP/www/php3/
/SOURCE/LIQUIWAR/SOURCES.ZIP/www/php3/cleanup.php3
/SOURCE/LIQUIWAR/SOURCES.ZIP/www/php3/db.php3
/SOURCE/LIQUIWAR/SOURCES.ZIP/www/php3/html.php3
/SOURCE/LIQUIWAR/SOURCES.ZIP/www/php3/index.php3
/SOURCE/LIQUIWAR/SOURCES.ZIP/www/php3/list.php3
/SOURCE/LIQUIWAR/SOURCES.ZIP/www/php3/metaserver.php3
/SOURCE/LIQUIWAR/SOURCES.ZIP/www/php3/register.php3
