/
/APPINFO/
/APPINFO/LOCALCFG.DE
/APPINFO/LOCALCFG.FR
/APPINFO/LOCALCFG.LSM
/APPINFO/LOCALCFG.SV
/APPINFO/LOCALCFG.TR
/SOURCE/
/SOURCE/LOCALCFG/
/SOURCE/LOCALCFG/SOURCES.ZIP/
/SOURCE/LOCALCFG/SOURCES.ZIP/COUNTRY.C
/SOURCE/LOCALCFG/SOURCES.ZIP/COUNTRY.H
/SOURCE/LOCALCFG/SOURCES.ZIP/HISTORY.TXT
/SOURCE/LOCALCFG/SOURCES.ZIP/LOCALCFG.C
/SOURCE/LOCALCFG/SOURCES.ZIP/LOCALCFG.TXT
/SOURCE/LOCALCFG/SOURCES.ZIP/MAKEFILE
/SOURCE/LOCALCFG/SOURCES.ZIP/MAKEFILE.GCC
/UTIL/
/UTIL/LOCALCFG/
/UTIL/LOCALCFG/HISTORY.TXT
/UTIL/LOCALCFG/LOCALCFG.COM
/UTIL/LOCALCFG/LOCALCFG.TXT
