/
/APPINFO/
/APPINFO/LYNX.DE
/APPINFO/LYNX.FR
/APPINFO/LYNX.LSM
/APPINFO/LYNX.SV
/APPINFO/LYNX.TR
/NET/
/NET/LYNX/
/NET/LYNX/README.1
/NET/LYNX/README.2
/NET/LYNX/README.3
/NET/LYNX/certs/
/NET/LYNX/doc/
/NET/LYNX/doc/CHANGES
/NET/LYNX/doc/COPYING
/NET/LYNX/doc/COPYING.asc
/NET/LYNX/doc/PROBLEMS
/NET/LYNX/doc/README
/NET/LYNX/doc/docs/
/NET/LYNX/doc/docs/README.jp
/NET/LYNX/doc/docs/README.ssl
/NET/LYNX/doc/docs/changes2.3
/NET/LYNX/doc/docs/changes2.4
/NET/LYNX/doc/docs/changes2.5
/NET/LYNX/doc/docs/changes2.6
/NET/LYNX/doc/docs/changes2.7
/NET/LYNX/doc/docs/changes2.8
/NET/LYNX/doc/docs/djgpp.key
/NET/LYNX/doc/docs/pdcurses.key
/NET/LYNX/doc/docs/slang.key
/NET/LYNX/doc/samples/
/NET/LYNX/doc/samples/home.htm
/NET/LYNX/doc/samples/jumps.htm
/NET/LYNX/doc/samples/lynx.bat
/NET/LYNX/doc/samples/lynx.com
/NET/LYNX/doc/samples/lynx.ico
/NET/LYNX/doc/samples/lynx.lss
/NET/LYNX/doc/samples/lynxdump
/NET/LYNX/doc/samples/mailcap
/NET/LYNX/doc/samples/midnight.lss
/NET/LYNX/doc/samples/oldlynx
/NET/LYNX/doc/samples/oldlynx.bat
/NET/LYNX/doc/samples/opaque.lss
/NET/LYNX/doc/test/
/NET/LYNX/doc/test/README.txt
/NET/LYNX/doc/test/image.jpg
/NET/LYNX/help/
/NET/LYNX/help/COPYING
/NET/LYNX/lynx.cfg
/NET/LYNX/lynx.exe
/NET/LYNX/lynx.lss
/NET/LYNX/man/
/NET/LYNX/man/cat1/
/NET/LYNX/man/cat1/lynx.1
/NET/LYNX/noise/
/NET/LYNX/noise/bugs.txt
/NET/LYNX/noise/changes.txt
/NET/LYNX/noise/noise.txt
/NET/LYNX/noise/noise386.sys
/NET/LYNX/noise/noise586.sys
/NET/LYNX/noise/readme.1st
/NET/LYNX/noise/sample.exe
/NET/LYNX/noise/sample_c.dif
/NET/LYNX/noise/technote.txt
/NET/LYNX/noise/to-do.txt
/NET/LYNX/
/NET/LYNX/README.1
/NET/LYNX/README.2
/NET/LYNX/README.3
/NET/LYNX/certs/
/NET/LYNX/certs/ca-bundle.pem
/NET/LYNX/doc/
/NET/LYNX/doc/CHANGES
/NET/LYNX/doc/COPYING
/NET/LYNX/doc/COPYING.asc
/NET/LYNX/doc/PROBLEMS
/NET/LYNX/doc/README
/NET/LYNX/doc/docs/
/NET/LYNX/doc/docs/README.jp
/NET/LYNX/doc/docs/README.ssl
/NET/LYNX/doc/docs/changes2.3
/NET/LYNX/doc/docs/changes2.4
/NET/LYNX/doc/docs/changes2.5
/NET/LYNX/doc/docs/changes2.6
/NET/LYNX/doc/docs/changes2.7
/NET/LYNX/doc/docs/changes2.8
/NET/LYNX/doc/docs/djgpp.key
/NET/LYNX/doc/docs/pdcurses.key
/NET/LYNX/doc/docs/slang.key
/NET/LYNX/doc/docs/CRAWL.announce
/NET/LYNX/doc/docs/FM.announce
/NET/LYNX/doc/docs/IBMPC-charsets.announce
/NET/LYNX/doc/docs/OS-390.announce
/NET/LYNX/doc/docs/README.chartrans
/NET/LYNX/doc/docs/README.cookies
/NET/LYNX/doc/docs/README.defines
/NET/LYNX/doc/docs/README.metrics
/NET/LYNX/doc/docs/README.options
/NET/LYNX/doc/docs/README.release
/NET/LYNX/doc/docs/README.rootcerts
/NET/LYNX/doc/docs/README.sslcerts
/NET/LYNX/doc/docs/README.TRST
/NET/LYNX/doc/docs/SOCKETSHR.announce
/NET/LYNX/doc/docs/TCPWARE.announce
/NET/LYNX/doc/docs/VMSWAIS.announce
/NET/LYNX/doc/docs/win-386.announce
/NET/LYNX/doc/samples/
/NET/LYNX/doc/samples/home.htm
/NET/LYNX/doc/samples/jumps.htm
/NET/LYNX/doc/samples/lynx.bat
/NET/LYNX/doc/samples/lynx.com
/NET/LYNX/doc/samples/lynx.ico
/NET/LYNX/doc/samples/lynx.lss
/NET/LYNX/doc/samples/lynxdump
/NET/LYNX/doc/samples/mailcap
/NET/LYNX/doc/samples/midnight.lss
/NET/LYNX/doc/samples/oldlynx
/NET/LYNX/doc/samples/oldlynx.bat
/NET/LYNX/doc/samples/opaque.lss
/NET/LYNX/doc/samples/blue-background.lss
/NET/LYNX/doc/samples/bright-blue.lss
/NET/LYNX/doc/samples/cernrules.txt
/NET/LYNX/doc/samples/installdirs.html
/NET/LYNX/doc/samples/jumpsUnix.html
/NET/LYNX/doc/samples/jumpsVMS.html
/NET/LYNX/doc/samples/keepviewer
/NET/LYNX/doc/samples/lynx_bookmarks.htm
/NET/LYNX/doc/samples/lynx-demo.cfg
/NET/LYNX/doc/samples/lynx-keymaps
/NET/LYNX/doc/samples/mailto-form.pl
/NET/LYNX/doc/samples/mild-colors.lss
/NET/LYNX/doc/samples/mime.types
/NET/LYNX/doc/test/
/NET/LYNX/doc/test/README.txt
/NET/LYNX/doc/test/image.jpg
/NET/LYNX/doc/test/ALT88592.html
/NET/LYNX/doc/test/bad-html.html
/NET/LYNX/doc/test/c1.html
/NET/LYNX/doc/test/circle.html
/NET/LYNX/doc/test/cp-1252a.html
/NET/LYNX/doc/test/cp-1252.html
/NET/LYNX/doc/test/idna-tr46.html
/NET/LYNX/doc/test/iso-8859-1a.html
/NET/LYNX/doc/test/iso-8859-1.html
/NET/LYNX/doc/test/iso-8859-2a.html
/NET/LYNX/doc/test/iso-8859-2.html
/NET/LYNX/doc/test/ISO_LATIN1_test.html
/NET/LYNX/doc/test/koi8-r.html
/NET/LYNX/doc/test/quickbrown.html
/NET/LYNX/doc/test/raw8bit.html
/NET/LYNX/doc/test/sgml.html
/NET/LYNX/doc/test/spaces.html
/NET/LYNX/doc/test/special_urls.html
/NET/LYNX/doc/test/square.html
/NET/LYNX/doc/test/tabtest.html
/NET/LYNX/doc/test/tags.html
/NET/LYNX/doc/test/TestComment.html
/NET/LYNX/doc/test/test-styles.html
/NET/LYNX/doc/test/triangle.html
/NET/LYNX/doc/test/unicode.html
/NET/LYNX/doc/test/utf-8-demo.html
/NET/LYNX/doc/COPYHEADER
/NET/LYNX/doc/COPYHEADER.asc
/NET/LYNX/help/
/NET/LYNX/help/COPYING
/NET/LYNX/help/about_lynx.html
/NET/LYNX/help/COPYHEADER
/NET/LYNX/help/keystrokes/
/NET/LYNX/help/keystrokes/alt_edit_help.html
/NET/LYNX/help/keystrokes/bashlike_edit_help.html
/NET/LYNX/help/keystrokes/bookmark_help.html
/NET/LYNX/help/keystrokes/cookie_help.html
/NET/LYNX/help/keystrokes/dired_help.html
/NET/LYNX/help/keystrokes/edit_help.html
/NET/LYNX/help/keystrokes/environments.html
/NET/LYNX/help/keystrokes/follow_help.html
/NET/LYNX/help/keystrokes/gopher_types_help.html
/NET/LYNX/help/keystrokes/history_help.html
/NET/LYNX/help/keystrokes/keystroke_help.html
/NET/LYNX/help/keystrokes/movement_help.html
/NET/LYNX/help/keystrokes/option_help.html
/NET/LYNX/help/keystrokes/other_help.html
/NET/LYNX/help/keystrokes/print_help.html
/NET/LYNX/help/keystrokes/scrolling_help.html
/NET/LYNX/help/keystrokes/test_display.html
/NET/LYNX/help/keystrokes/visited_help.html
/NET/LYNX/help/keystrokes/xterm_help.html
/NET/LYNX/help/lynx-dev.html
/NET/LYNX/help/lynx_help_main.html
/NET/LYNX/help/lynx_url_support.html
/NET/LYNX/help/Lynx_users_guide.html
/NET/LYNX/lynx.cfg
/NET/LYNX/lynx.exe
/NET/LYNX/lynx.lss
/NET/LYNX/man/
/NET/LYNX/man/cat1/
/NET/LYNX/man/cat1/lynx.1
/NET/LYNX/noise/
/NET/LYNX/noise/bugs.txt
/NET/LYNX/noise/changes.txt
/NET/LYNX/noise/noise.txt
/NET/LYNX/noise/noise386.sys
/NET/LYNX/noise/noise586.sys
/NET/LYNX/noise/readme.1st
/NET/LYNX/noise/sample.exe
/NET/LYNX/noise/sample_c.dif
/NET/LYNX/noise/technote.txt
/NET/LYNX/noise/to-do.txt
/SOURCE/
/SOURCE/LYNX/
/SOURCE/LYNX/SOURCES.ZIP/
/SOURCE/LYNX/SOURCES.ZIP/0build/
/SOURCE/LYNX/SOURCES.ZIP/0build/Makefile
/SOURCE/LYNX/SOURCES.ZIP/0build/Makefile.org
/SOURCE/LYNX/SOURCES.ZIP/0build/config.cache
/SOURCE/LYNX/SOURCES.ZIP/0build/config.log
/SOURCE/LYNX/SOURCES.ZIP/0build/config.status
/SOURCE/LYNX/SOURCES.ZIP/0build/configure
/SOURCE/LYNX/SOURCES.ZIP/0build/configure.org
/SOURCE/LYNX/SOURCES.ZIP/0build/lynx_cfg.h
/SOURCE/LYNX/SOURCES.ZIP/0build/lynx_cfg_h.org
/SOURCE/LYNX/SOURCES.ZIP/0build/src/
/SOURCE/LYNX/SOURCES.ZIP/0build/src/Makefile
/SOURCE/LYNX/SOURCES.ZIP/0build/src/Makefile.org
/SOURCE/LYNX/SOURCES.ZIP/0build/src/chrtrans/
/SOURCE/LYNX/SOURCES.ZIP/0build/src/chrtrans/Makefile
/SOURCE/LYNX/SOURCES.ZIP/0build/src/chrtrans/Makefile.org
/SOURCE/LYNX/SOURCES.ZIP/0build/www/
/SOURCE/LYNX/SOURCES.ZIP/0build/www/Library/
/SOURCE/LYNX/SOURCES.ZIP/0build/www/Library/Implementation/
/SOURCE/LYNX/SOURCES.ZIP/0build/www/Library/Implementation/makefile
/SOURCE/LYNX/SOURCES.ZIP/ABOUT-NLS
/SOURCE/LYNX/SOURCES.ZIP/aclocal.m4
/SOURCE/LYNX/SOURCES.ZIP/authors
/SOURCE/LYNX/SOURCES.ZIP/bcblibs.bat
/SOURCE/LYNX/SOURCES.ZIP/build.bat
/SOURCE/LYNX/SOURCES.ZIP/build.com
/SOURCE/LYNX/SOURCES.ZIP/changes
/SOURCE/LYNX/SOURCES.ZIP/clean.com
/SOURCE/LYNX/SOURCES.ZIP/config.guess
/SOURCE/LYNX/SOURCES.ZIP/config.hin
/SOURCE/LYNX/SOURCES.ZIP/config.sub
/SOURCE/LYNX/SOURCES.ZIP/configure
/SOURCE/LYNX/SOURCES.ZIP/configure.in
/SOURCE/LYNX/SOURCES.ZIP/COPYHEADER
/SOURCE/LYNX/SOURCES.ZIP/COPYHEADER.asc
/SOURCE/LYNX/SOURCES.ZIP/copying
/SOURCE/LYNX/SOURCES.ZIP/COPYING.asc
/SOURCE/LYNX/SOURCES.ZIP/descrip.mms
/SOURCE/LYNX/SOURCES.ZIP/djgpp/
/SOURCE/LYNX/SOURCES.ZIP/djgpp/Makefile.sed
/SOURCE/LYNX/SOURCES.ZIP/djgpp/README
/SOURCE/LYNX/SOURCES.ZIP/djgpp/cfg_defs.sh
/SOURCE/LYNX/SOURCES.ZIP/djgpp/config.bat
/SOURCE/LYNX/SOURCES.ZIP/djgpp/config.sed
/SOURCE/LYNX/SOURCES.ZIP/djgpp/config.site
/SOURCE/LYNX/SOURCES.ZIP/djgpp/config_h.sed
/SOURCE/LYNX/SOURCES.ZIP/djgpp/diffs
/SOURCE/LYNX/SOURCES.ZIP/docs/
/SOURCE/LYNX/SOURCES.ZIP/docs/CRAWL.announce
/SOURCE/LYNX/SOURCES.ZIP/docs/FM.announce
/SOURCE/LYNX/SOURCES.ZIP/docs/IBMPC-charsets.announce
/SOURCE/LYNX/SOURCES.ZIP/docs/OS-390.announce
/SOURCE/LYNX/SOURCES.ZIP/docs/README.TRST
/SOURCE/LYNX/SOURCES.ZIP/docs/README.chartrans
/SOURCE/LYNX/SOURCES.ZIP/docs/README.cookies
/SOURCE/LYNX/SOURCES.ZIP/docs/README.defines
/SOURCE/LYNX/SOURCES.ZIP/docs/README.jp
/SOURCE/LYNX/SOURCES.ZIP/docs/README.metrics
/SOURCE/LYNX/SOURCES.ZIP/docs/README.options
/SOURCE/LYNX/SOURCES.ZIP/docs/README.release
/SOURCE/LYNX/SOURCES.ZIP/docs/README.rootcerts
/SOURCE/LYNX/SOURCES.ZIP/docs/README.ssl
/SOURCE/LYNX/SOURCES.ZIP/docs/README.sslcerts
/SOURCE/LYNX/SOURCES.ZIP/docs/SOCKETSHR.announce
/SOURCE/LYNX/SOURCES.ZIP/docs/TCPWARE.announce
/SOURCE/LYNX/SOURCES.ZIP/docs/VMSWAIS.announce
/SOURCE/LYNX/SOURCES.ZIP/docs/changes2.3
/SOURCE/LYNX/SOURCES.ZIP/docs/changes2.4
/SOURCE/LYNX/SOURCES.ZIP/docs/changes2.5
/SOURCE/LYNX/SOURCES.ZIP/docs/changes2.6
/SOURCE/LYNX/SOURCES.ZIP/docs/changes2.7
/SOURCE/LYNX/SOURCES.ZIP/docs/changes2.8
/SOURCE/LYNX/SOURCES.ZIP/docs/djgpp.key
/SOURCE/LYNX/SOURCES.ZIP/docs/pdcurses.key
/SOURCE/LYNX/SOURCES.ZIP/docs/slang.key
/SOURCE/LYNX/SOURCES.ZIP/docs/win-386.announce
/SOURCE/LYNX/SOURCES.ZIP/fixed512.com
/SOURCE/LYNX/SOURCES.ZIP/INSTALLATION
/SOURCE/LYNX/SOURCES.ZIP/install-sh.sh
/SOURCE/LYNX/SOURCES.ZIP/lib/
/SOURCE/LYNX/SOURCES.ZIP/lib/dirent.c
/SOURCE/LYNX/SOURCES.ZIP/lib/dirent.h
/SOURCE/LYNX/SOURCES.ZIP/LYHelp.hin
/SOURCE/LYNX/SOURCES.ZIP/LYMessages_en.h
/SOURCE/LYNX/SOURCES.ZIP/lynx.cfg
/SOURCE/LYNX/SOURCES.ZIP/lynx_help/
/SOURCE/LYNX/SOURCES.ZIP/lynx_help/Lynx_users_guide.html
/SOURCE/LYNX/SOURCES.ZIP/lynx_help/about_lynx.html
/SOURCE/LYNX/SOURCES.ZIP/lynx_help/help_files.txt
/SOURCE/LYNX/SOURCES.ZIP/lynx_help/keystrokes/
/SOURCE/LYNX/SOURCES.ZIP/lynx_help/keystrokes/alt_edit_help.html
/SOURCE/LYNX/SOURCES.ZIP/lynx_help/keystrokes/bashlike_edit_help.html
/SOURCE/LYNX/SOURCES.ZIP/lynx_help/keystrokes/bookmark_help.html
/SOURCE/LYNX/SOURCES.ZIP/lynx_help/keystrokes/cookie_help.html
/SOURCE/LYNX/SOURCES.ZIP/lynx_help/keystrokes/dired_help.html
/SOURCE/LYNX/SOURCES.ZIP/lynx_help/keystrokes/edit_help.html
/SOURCE/LYNX/SOURCES.ZIP/lynx_help/keystrokes/environments.html
/SOURCE/LYNX/SOURCES.ZIP/lynx_help/keystrokes/follow_help.html
/SOURCE/LYNX/SOURCES.ZIP/lynx_help/keystrokes/gopher_types_help.html
/SOURCE/LYNX/SOURCES.ZIP/lynx_help/keystrokes/history_help.html
/SOURCE/LYNX/SOURCES.ZIP/lynx_help/keystrokes/keystroke_help.html
/SOURCE/LYNX/SOURCES.ZIP/lynx_help/keystrokes/movement_help.html
/SOURCE/LYNX/SOURCES.ZIP/lynx_help/keystrokes/option_help.html
/SOURCE/LYNX/SOURCES.ZIP/lynx_help/keystrokes/other_help.html
/SOURCE/LYNX/SOURCES.ZIP/lynx_help/keystrokes/print_help.html
/SOURCE/LYNX/SOURCES.ZIP/lynx_help/keystrokes/scrolling_help.html
/SOURCE/LYNX/SOURCES.ZIP/lynx_help/keystrokes/test_display.html
/SOURCE/LYNX/SOURCES.ZIP/lynx_help/keystrokes/visited_help.html
/SOURCE/LYNX/SOURCES.ZIP/lynx_help/keystrokes/xterm_help.html
/SOURCE/LYNX/SOURCES.ZIP/lynx_help/lynx-dev.html
/SOURCE/LYNX/SOURCES.ZIP/lynx_help/lynx_help_main.html
/SOURCE/LYNX/SOURCES.ZIP/lynx_help/lynx_url_support.html
/SOURCE/LYNX/SOURCES.ZIP/lynx.hlp
/SOURCE/LYNX/SOURCES.ZIP/lynx.man
/SOURCE/LYNX/SOURCES.ZIP/makefile.bcb
/SOURCE/LYNX/SOURCES.ZIP/makefile.in
/SOURCE/LYNX/SOURCES.ZIP/makefile.msc
/SOURCE/LYNX/SOURCES.ZIP/makelynx.bat
/SOURCE/LYNX/SOURCES.ZIP/make-msc.bat
/SOURCE/LYNX/SOURCES.ZIP/makew32.bat
/SOURCE/LYNX/SOURCES.ZIP/noise/
/SOURCE/LYNX/SOURCES.ZIP/noise/cpuid.inc
/SOURCE/LYNX/SOURCES.ZIP/noise/demo/
/SOURCE/LYNX/SOURCES.ZIP/noise/demo/makefile
/SOURCE/LYNX/SOURCES.ZIP/noise/demo/sample.c
/SOURCE/LYNX/SOURCES.ZIP/noise/demo/usuals.h
/SOURCE/LYNX/SOURCES.ZIP/noise/initnoise.inc
/SOURCE/LYNX/SOURCES.ZIP/noise/license.txt
/SOURCE/LYNX/SOURCES.ZIP/noise/makefile
/SOURCE/LYNX/SOURCES.ZIP/noise/multiplex.inc
/SOURCE/LYNX/SOURCES.ZIP/noise/noise.asm
/SOURCE/LYNX/SOURCES.ZIP/noise/noise.def
/SOURCE/LYNX/SOURCES.ZIP/noise/noise.mac
/SOURCE/LYNX/SOURCES.ZIP/noise/pat/
/SOURCE/LYNX/SOURCES.ZIP/noise/pat/devlod.sh
/SOURCE/LYNX/SOURCES.ZIP/noise/pat/drvload.sh
/SOURCE/LYNX/SOURCES.ZIP/noise/pat/idrv106.sh
/SOURCE/LYNX/SOURCES.ZIP/noise/pat/readme
/SOURCE/LYNX/SOURCES.ZIP/noise/printf.inc
/SOURCE/LYNX/SOURCES.ZIP/noise/sha.inc
/SOURCE/LYNX/SOURCES.ZIP/noise/version
/SOURCE/LYNX/SOURCES.ZIP/package/
/SOURCE/LYNX/SOURCES.ZIP/package/debian/
/SOURCE/LYNX/SOURCES.ZIP/package/debian/changelog
/SOURCE/LYNX/SOURCES.ZIP/package/debian/compat
/SOURCE/LYNX/SOURCES.ZIP/package/debian/control
/SOURCE/LYNX/SOURCES.ZIP/package/debian/copyright
/SOURCE/LYNX/SOURCES.ZIP/package/debian/doc-base
/SOURCE/LYNX/SOURCES.ZIP/package/debian/lynx-dev.lintian-overrides
/SOURCE/LYNX/SOURCES.ZIP/package/debian/menu
/SOURCE/LYNX/SOURCES.ZIP/package/debian/mime
/SOURCE/LYNX/SOURCES.ZIP/package/debian/postinst
/SOURCE/LYNX/SOURCES.ZIP/package/debian/prerm
/SOURCE/LYNX/SOURCES.ZIP/package/debian/rules
/SOURCE/LYNX/SOURCES.ZIP/package/debian/source/
/SOURCE/LYNX/SOURCES.ZIP/package/debian/source/format
/SOURCE/LYNX/SOURCES.ZIP/package/debian/watch
/SOURCE/LYNX/SOURCES.ZIP/package/lynx-curses.iss
/SOURCE/LYNX/SOURCES.ZIP/package/lynx-default.iss
/SOURCE/LYNX/SOURCES.ZIP/package/lynx-newssl.iss
/SOURCE/LYNX/SOURCES.ZIP/package/lynx-oldssl.iss
/SOURCE/LYNX/SOURCES.ZIP/package/lynx-slang.iss
/SOURCE/LYNX/SOURCES.ZIP/package/lynx.iss
/SOURCE/LYNX/SOURCES.ZIP/package/lynx.nsi
/SOURCE/LYNX/SOURCES.ZIP/package/lynx.spec
/SOURCE/LYNX/SOURCES.ZIP/package/version.iss
/SOURCE/LYNX/SOURCES.ZIP/po/
/SOURCE/LYNX/SOURCES.ZIP/po/POTFILES.in
/SOURCE/LYNX/SOURCES.ZIP/po/ca.po
/SOURCE/LYNX/SOURCES.ZIP/po/cs.po
/SOURCE/LYNX/SOURCES.ZIP/po/da.po
/SOURCE/LYNX/SOURCES.ZIP/po/de.po
/SOURCE/LYNX/SOURCES.ZIP/po/eo.po
/SOURCE/LYNX/SOURCES.ZIP/po/et.po
/SOURCE/LYNX/SOURCES.ZIP/po/fi.po
/SOURCE/LYNX/SOURCES.ZIP/po/fr.po
/SOURCE/LYNX/SOURCES.ZIP/po/hu.po
/SOURCE/LYNX/SOURCES.ZIP/po/id.po
/SOURCE/LYNX/SOURCES.ZIP/po/it.po
/SOURCE/LYNX/SOURCES.ZIP/po/ja.po
/SOURCE/LYNX/SOURCES.ZIP/po/lynx.pot
/SOURCE/LYNX/SOURCES.ZIP/po/makefile.inn
/SOURCE/LYNX/SOURCES.ZIP/po/nl.po
/SOURCE/LYNX/SOURCES.ZIP/po/pt_BR.po
/SOURCE/LYNX/SOURCES.ZIP/po/readme
/SOURCE/LYNX/SOURCES.ZIP/po/ro.po
/SOURCE/LYNX/SOURCES.ZIP/po/ru.po
/SOURCE/LYNX/SOURCES.ZIP/po/sl.po
/SOURCE/LYNX/SOURCES.ZIP/po/sv.po
/SOURCE/LYNX/SOURCES.ZIP/po/tr.po
/SOURCE/LYNX/SOURCES.ZIP/po/uk.po
/SOURCE/LYNX/SOURCES.ZIP/po/vi.po
/SOURCE/LYNX/SOURCES.ZIP/po/zh_CN.po
/SOURCE/LYNX/SOURCES.ZIP/po/zh_TW.po
/SOURCE/LYNX/SOURCES.ZIP/problems
/SOURCE/LYNX/SOURCES.ZIP/readme
/SOURCE/LYNX/SOURCES.ZIP/samples/
/SOURCE/LYNX/SOURCES.ZIP/samples/blue-background.lss
/SOURCE/LYNX/SOURCES.ZIP/samples/bright-blue.lss
/SOURCE/LYNX/SOURCES.ZIP/samples/cernrules.txt
/SOURCE/LYNX/SOURCES.ZIP/samples/home.htm
/SOURCE/LYNX/SOURCES.ZIP/samples/installdirs.html
/SOURCE/LYNX/SOURCES.ZIP/samples/jumps.htm
/SOURCE/LYNX/SOURCES.ZIP/samples/jumpsUnix.html
/SOURCE/LYNX/SOURCES.ZIP/samples/jumpsVMS.html
/SOURCE/LYNX/SOURCES.ZIP/samples/keepviewer
/SOURCE/LYNX/SOURCES.ZIP/samples/lynx-demo.cfg
/SOURCE/LYNX/SOURCES.ZIP/samples/lynx-keymaps
/SOURCE/LYNX/SOURCES.ZIP/samples/lynx.bat
/SOURCE/LYNX/SOURCES.ZIP/samples/lynx.com
/SOURCE/LYNX/SOURCES.ZIP/samples/lynx.ico
/SOURCE/LYNX/SOURCES.ZIP/samples/lynx.lss
/SOURCE/LYNX/SOURCES.ZIP/samples/lynx_bookmarks.htm
/SOURCE/LYNX/SOURCES.ZIP/samples/lynxdump
/SOURCE/LYNX/SOURCES.ZIP/samples/mailcap
/SOURCE/LYNX/SOURCES.ZIP/samples/mailto-form.pl
/SOURCE/LYNX/SOURCES.ZIP/samples/midnight.lss
/SOURCE/LYNX/SOURCES.ZIP/samples/mild-colors.lss
/SOURCE/LYNX/SOURCES.ZIP/samples/mime.types
/SOURCE/LYNX/SOURCES.ZIP/samples/oldlynx
/SOURCE/LYNX/SOURCES.ZIP/samples/oldlynx.bat
/SOURCE/LYNX/SOURCES.ZIP/samples/opaque.lss
/SOURCE/LYNX/SOURCES.ZIP/scripts/
/SOURCE/LYNX/SOURCES.ZIP/scripts/cfg2html.pl
/SOURCE/LYNX/SOURCES.ZIP/scripts/cfg_defs.sh
/SOURCE/LYNX/SOURCES.ZIP/scripts/cfg_edit.sh
/SOURCE/LYNX/SOURCES.ZIP/scripts/cfg_path.sh
/SOURCE/LYNX/SOURCES.ZIP/scripts/collapse-br
/SOURCE/LYNX/SOURCES.ZIP/scripts/conf.mingw.sh
/SOURCE/LYNX/SOURCES.ZIP/scripts/config.djgpp.sh
/SOURCE/LYNX/SOURCES.ZIP/scripts/fixtext.sh
/SOURCE/LYNX/SOURCES.ZIP/scripts/indent.sh
/SOURCE/LYNX/SOURCES.ZIP/scripts/install-cfg.sh
/SOURCE/LYNX/SOURCES.ZIP/scripts/install-lss.sh
/SOURCE/LYNX/SOURCES.ZIP/scripts/man2hlp.sh
/SOURCE/LYNX/SOURCES.ZIP/scripts/tbl2html.pl
/SOURCE/LYNX/SOURCES.ZIP/src/
/SOURCE/LYNX/SOURCES.ZIP/src/AttrList.h
/SOURCE/LYNX/SOURCES.ZIP/src/DefaultStyle.c
/SOURCE/LYNX/SOURCES.ZIP/src/GridText.c
/SOURCE/LYNX/SOURCES.ZIP/src/GridText.h
/SOURCE/LYNX/SOURCES.ZIP/src/HTAlert.c
/SOURCE/LYNX/SOURCES.ZIP/src/HTAlert.h
/SOURCE/LYNX/SOURCES.ZIP/src/HTFWriter.c
/SOURCE/LYNX/SOURCES.ZIP/src/HTFont.h
/SOURCE/LYNX/SOURCES.ZIP/src/HTForms.h
/SOURCE/LYNX/SOURCES.ZIP/src/HTInit.c
/SOURCE/LYNX/SOURCES.ZIP/src/HTML.c
/SOURCE/LYNX/SOURCES.ZIP/src/HTML.h
/SOURCE/LYNX/SOURCES.ZIP/src/HTNestedList.h
/SOURCE/LYNX/SOURCES.ZIP/src/HTSaveToFile.h
/SOURCE/LYNX/SOURCES.ZIP/src/LYBookmark.c
/SOURCE/LYNX/SOURCES.ZIP/src/LYBookmark.h
/SOURCE/LYNX/SOURCES.ZIP/src/LYCgi.c
/SOURCE/LYNX/SOURCES.ZIP/src/LYCgi.h
/SOURCE/LYNX/SOURCES.ZIP/src/LYCharSets.c
/SOURCE/LYNX/SOURCES.ZIP/src/LYCharSets.h
/SOURCE/LYNX/SOURCES.ZIP/src/LYCharUtils.c
/SOURCE/LYNX/SOURCES.ZIP/src/LYCharUtils.h
/SOURCE/LYNX/SOURCES.ZIP/src/LYCharVals.h
/SOURCE/LYNX/SOURCES.ZIP/src/LYClean.c
/SOURCE/LYNX/SOURCES.ZIP/src/LYClean.h
/SOURCE/LYNX/SOURCES.ZIP/src/LYCookie.c
/SOURCE/LYNX/SOURCES.ZIP/src/LYCookie.h
/SOURCE/LYNX/SOURCES.ZIP/src/LYCurses.c
/SOURCE/LYNX/SOURCES.ZIP/src/LYCurses.h
/SOURCE/LYNX/SOURCES.ZIP/src/LYDownload.c
/SOURCE/LYNX/SOURCES.ZIP/src/LYDownload.h
/SOURCE/LYNX/SOURCES.ZIP/src/LYEdit.c
/SOURCE/LYNX/SOURCES.ZIP/src/LYEdit.h
/SOURCE/LYNX/SOURCES.ZIP/src/LYEditmap.c
/SOURCE/LYNX/SOURCES.ZIP/src/LYExtern.c
/SOURCE/LYNX/SOURCES.ZIP/src/LYExtern.h
/SOURCE/LYNX/SOURCES.ZIP/src/LYForms.c
/SOURCE/LYNX/SOURCES.ZIP/src/LYGCurses.h
/SOURCE/LYNX/SOURCES.ZIP/src/LYGetFile.c
/SOURCE/LYNX/SOURCES.ZIP/src/LYGetFile.h
/SOURCE/LYNX/SOURCES.ZIP/src/LYGlobalDefs.h
/SOURCE/LYNX/SOURCES.ZIP/src/LYHash.c
/SOURCE/LYNX/SOURCES.ZIP/src/LYHash.h
/SOURCE/LYNX/SOURCES.ZIP/src/LYHistory.c
/SOURCE/LYNX/SOURCES.ZIP/src/LYHistory.h
/SOURCE/LYNX/SOURCES.ZIP/src/LYIcon.rc
/SOURCE/LYNX/SOURCES.ZIP/src/LYJump.c
/SOURCE/LYNX/SOURCES.ZIP/src/LYJump.h
/SOURCE/LYNX/SOURCES.ZIP/src/LYJustify.h
/SOURCE/LYNX/SOURCES.ZIP/src/LYKeymap.c
/SOURCE/LYNX/SOURCES.ZIP/src/LYKeymap.h
/SOURCE/LYNX/SOURCES.ZIP/src/LYLeaks.c
/SOURCE/LYNX/SOURCES.ZIP/src/LYList.c
/SOURCE/LYNX/SOURCES.ZIP/src/LYList.h
/SOURCE/LYNX/SOURCES.ZIP/src/LYLocal.c
/SOURCE/LYNX/SOURCES.ZIP/src/LYLocal.h
/SOURCE/LYNX/SOURCES.ZIP/src/LYMail.c
/SOURCE/LYNX/SOURCES.ZIP/src/LYMail.h
/SOURCE/LYNX/SOURCES.ZIP/src/LYMain.c
/SOURCE/LYNX/SOURCES.ZIP/src/LYMainLoop.c
/SOURCE/LYNX/SOURCES.ZIP/src/LYMainLoop.h
/SOURCE/LYNX/SOURCES.ZIP/src/LYMap.c
/SOURCE/LYNX/SOURCES.ZIP/src/LYMap.h
/SOURCE/LYNX/SOURCES.ZIP/src/LYNews.c
/SOURCE/LYNX/SOURCES.ZIP/src/LYNews.h
/SOURCE/LYNX/SOURCES.ZIP/src/LYOptions.c
/SOURCE/LYNX/SOURCES.ZIP/src/LYOptions.h
/SOURCE/LYNX/SOURCES.ZIP/src/LYPrettySrc.c
/SOURCE/LYNX/SOURCES.ZIP/src/LYPrettySrc.h
/SOURCE/LYNX/SOURCES.ZIP/src/LYPrint.c
/SOURCE/LYNX/SOURCES.ZIP/src/LYPrint.h
/SOURCE/LYNX/SOURCES.ZIP/src/LYReadCFG.c
/SOURCE/LYNX/SOURCES.ZIP/src/LYReadCFG.h
/SOURCE/LYNX/SOURCES.ZIP/src/LYSearch.c
/SOURCE/LYNX/SOURCES.ZIP/src/LYSearch.h
/SOURCE/LYNX/SOURCES.ZIP/src/LYSession.c
/SOURCE/LYNX/SOURCES.ZIP/src/LYSession.h
/SOURCE/LYNX/SOURCES.ZIP/src/LYShowInfo.c
/SOURCE/LYNX/SOURCES.ZIP/src/LYShowInfo.h
/SOURCE/LYNX/SOURCES.ZIP/src/LYSignal.h
/SOURCE/LYNX/SOURCES.ZIP/src/LYStrings.c
/SOURCE/LYNX/SOURCES.ZIP/src/LYStrings.h
/SOURCE/LYNX/SOURCES.ZIP/src/LYStructs.h
/SOURCE/LYNX/SOURCES.ZIP/src/LYStyle.c
/SOURCE/LYNX/SOURCES.ZIP/src/LYStyle.h
/SOURCE/LYNX/SOURCES.ZIP/src/LYTraversal.c
/SOURCE/LYNX/SOURCES.ZIP/src/LYTraversal.h
/SOURCE/LYNX/SOURCES.ZIP/src/LYUpload.c
/SOURCE/LYNX/SOURCES.ZIP/src/LYUpload.h
/SOURCE/LYNX/SOURCES.ZIP/src/LYUtils.c
/SOURCE/LYNX/SOURCES.ZIP/src/LYUtils.h
/SOURCE/LYNX/SOURCES.ZIP/src/LYVMSdef.h
/SOURCE/LYNX/SOURCES.ZIP/src/LYebcdic.c
/SOURCE/LYNX/SOURCES.ZIP/src/LYexit.c
/SOURCE/LYNX/SOURCES.ZIP/src/LYmktime.c
/SOURCE/LYNX/SOURCES.ZIP/src/LYrcFile.c
/SOURCE/LYNX/SOURCES.ZIP/src/LYrcFile.h
/SOURCE/LYNX/SOURCES.ZIP/src/TRSTable.c
/SOURCE/LYNX/SOURCES.ZIP/src/TRSTable.h
/SOURCE/LYNX/SOURCES.ZIP/src/UCAuto.c
/SOURCE/LYNX/SOURCES.ZIP/src/UCAuto.h
/SOURCE/LYNX/SOURCES.ZIP/src/UCAux.c
/SOURCE/LYNX/SOURCES.ZIP/src/UCdomap.c
/SOURCE/LYNX/SOURCES.ZIP/src/UCdomap.h
/SOURCE/LYNX/SOURCES.ZIP/src/Xsystem.c
/SOURCE/LYNX/SOURCES.ZIP/src/chrtrans/
/SOURCE/LYNX/SOURCES.ZIP/src/chrtrans/README.format
/SOURCE/LYNX/SOURCES.ZIP/src/chrtrans/README.tables
/SOURCE/LYNX/SOURCES.ZIP/src/chrtrans/UCkd.h
/SOURCE/LYNX/SOURCES.ZIP/src/chrtrans/build-chrtrans.com
/SOURCE/LYNX/SOURCES.ZIP/src/chrtrans/build-header.com
/SOURCE/LYNX/SOURCES.ZIP/src/chrtrans/caselower.h
/SOURCE/LYNX/SOURCES.ZIP/src/chrtrans/cp1250_uni.tbl
/SOURCE/LYNX/SOURCES.ZIP/src/chrtrans/cp1251_uni.tbl
/SOURCE/LYNX/SOURCES.ZIP/src/chrtrans/cp1252_uni.tbl
/SOURCE/LYNX/SOURCES.ZIP/src/chrtrans/cp1253_uni.tbl
/SOURCE/LYNX/SOURCES.ZIP/src/chrtrans/cp1255_uni.tbl
/SOURCE/LYNX/SOURCES.ZIP/src/chrtrans/cp1256_uni.tbl
/SOURCE/LYNX/SOURCES.ZIP/src/chrtrans/cp1257_uni.tbl
/SOURCE/LYNX/SOURCES.ZIP/src/chrtrans/cp437_uni.tbl
/SOURCE/LYNX/SOURCES.ZIP/src/chrtrans/cp737_uni.tbl
/SOURCE/LYNX/SOURCES.ZIP/src/chrtrans/cp775_uni.tbl
/SOURCE/LYNX/SOURCES.ZIP/src/chrtrans/cp850_uni.tbl
/SOURCE/LYNX/SOURCES.ZIP/src/chrtrans/cp852_uni.tbl
/SOURCE/LYNX/SOURCES.ZIP/src/chrtrans/cp857_uni.tbl
/SOURCE/LYNX/SOURCES.ZIP/src/chrtrans/cp862_uni.tbl
/SOURCE/LYNX/SOURCES.ZIP/src/chrtrans/cp864_uni.tbl
/SOURCE/LYNX/SOURCES.ZIP/src/chrtrans/cp866_uni.tbl
/SOURCE/LYNX/SOURCES.ZIP/src/chrtrans/cp866u_uni.tbl
/SOURCE/LYNX/SOURCES.ZIP/src/chrtrans/cp869_uni.tbl
/SOURCE/LYNX/SOURCES.ZIP/src/chrtrans/def7_uni.tbl
/SOURCE/LYNX/SOURCES.ZIP/src/chrtrans/dmcs_uni.tbl
/SOURCE/LYNX/SOURCES.ZIP/src/chrtrans/entities.h
/SOURCE/LYNX/SOURCES.ZIP/src/chrtrans/hp_uni.tbl
/SOURCE/LYNX/SOURCES.ZIP/src/chrtrans/iso01_uni.tbl
/SOURCE/LYNX/SOURCES.ZIP/src/chrtrans/iso02_uni.tbl
/SOURCE/LYNX/SOURCES.ZIP/src/chrtrans/iso03_uni.tbl
/SOURCE/LYNX/SOURCES.ZIP/src/chrtrans/iso04_uni.tbl
/SOURCE/LYNX/SOURCES.ZIP/src/chrtrans/iso05_uni.tbl
/SOURCE/LYNX/SOURCES.ZIP/src/chrtrans/iso06_uni.tbl
/SOURCE/LYNX/SOURCES.ZIP/src/chrtrans/iso07_uni.tbl
/SOURCE/LYNX/SOURCES.ZIP/src/chrtrans/iso08_uni.tbl
/SOURCE/LYNX/SOURCES.ZIP/src/chrtrans/iso09_uni.tbl
/SOURCE/LYNX/SOURCES.ZIP/src/chrtrans/iso10_uni.tbl
/SOURCE/LYNX/SOURCES.ZIP/src/chrtrans/iso13_uni.tbl
/SOURCE/LYNX/SOURCES.ZIP/src/chrtrans/iso14_uni.tbl
/SOURCE/LYNX/SOURCES.ZIP/src/chrtrans/iso15_uni.tbl
/SOURCE/LYNX/SOURCES.ZIP/src/chrtrans/iso16_uni.tbl
/SOURCE/LYNX/SOURCES.ZIP/src/chrtrans/jcuken_kb.h
/SOURCE/LYNX/SOURCES.ZIP/src/chrtrans/koi8r_uni.tbl
/SOURCE/LYNX/SOURCES.ZIP/src/chrtrans/koi8u_uni.tbl
/SOURCE/LYNX/SOURCES.ZIP/src/chrtrans/mac_uni.tbl
/SOURCE/LYNX/SOURCES.ZIP/src/chrtrans/make-msc.bat
/SOURCE/LYNX/SOURCES.ZIP/src/chrtrans/makefile.bcb
/SOURCE/LYNX/SOURCES.ZIP/src/chrtrans/makefile.dos
/SOURCE/LYNX/SOURCES.ZIP/src/chrtrans/makefile.in
/SOURCE/LYNX/SOURCES.ZIP/src/chrtrans/makefile.msc
/SOURCE/LYNX/SOURCES.ZIP/src/chrtrans/makehdrs.bat
/SOURCE/LYNX/SOURCES.ZIP/src/chrtrans/makeuctb.c
/SOURCE/LYNX/SOURCES.ZIP/src/chrtrans/makew32.bat
/SOURCE/LYNX/SOURCES.ZIP/src/chrtrans/mnem2_suni.tbl
/SOURCE/LYNX/SOURCES.ZIP/src/chrtrans/mnem_suni.tbl
/SOURCE/LYNX/SOURCES.ZIP/src/chrtrans/next_uni.tbl
/SOURCE/LYNX/SOURCES.ZIP/src/chrtrans/pt154_uni.tbl
/SOURCE/LYNX/SOURCES.ZIP/src/chrtrans/rfc_suni.tbl
/SOURCE/LYNX/SOURCES.ZIP/src/chrtrans/rot13_kb.h
/SOURCE/LYNX/SOURCES.ZIP/src/chrtrans/utf8_uni.tbl
/SOURCE/LYNX/SOURCES.ZIP/src/chrtrans/viscii_uni.tbl
/SOURCE/LYNX/SOURCES.ZIP/src/chrtrans/yawerty_kb.h
/SOURCE/LYNX/SOURCES.ZIP/src/cmu_tcp.opt
/SOURCE/LYNX/SOURCES.ZIP/src/decc.opt
/SOURCE/LYNX/SOURCES.ZIP/src/descrip.mms
/SOURCE/LYNX/SOURCES.ZIP/src/gnuc.opt
/SOURCE/LYNX/SOURCES.ZIP/src/makefile.dos
/SOURCE/LYNX/SOURCES.ZIP/src/makefile.dsl
/SOURCE/LYNX/SOURCES.ZIP/src/makefile.in
/SOURCE/LYNX/SOURCES.ZIP/src/makefile.wsl
/SOURCE/LYNX/SOURCES.ZIP/src/mktime.c
/SOURCE/LYNX/SOURCES.ZIP/src/multinet.opt
/SOURCE/LYNX/SOURCES.ZIP/src/multinet_ucx.opt
/SOURCE/LYNX/SOURCES.ZIP/src/parsdate.c
/SOURCE/LYNX/SOURCES.ZIP/src/parsdate.h
/SOURCE/LYNX/SOURCES.ZIP/src/parsdate.y
/SOURCE/LYNX/SOURCES.ZIP/src/socketshr_tcp.opt
/SOURCE/LYNX/SOURCES.ZIP/src/strstr.c
/SOURCE/LYNX/SOURCES.ZIP/src/structdump.h
/SOURCE/LYNX/SOURCES.ZIP/src/tcpipolb.opt
/SOURCE/LYNX/SOURCES.ZIP/src/tcpipshr.opt
/SOURCE/LYNX/SOURCES.ZIP/src/tcpwareolb.opt
/SOURCE/LYNX/SOURCES.ZIP/src/tcpwareshr.opt
/SOURCE/LYNX/SOURCES.ZIP/src/tidy_tls.c
/SOURCE/LYNX/SOURCES.ZIP/src/ucxolb.opt
/SOURCE/LYNX/SOURCES.ZIP/src/ucxshr.opt
/SOURCE/LYNX/SOURCES.ZIP/src/vaxc.opt
/SOURCE/LYNX/SOURCES.ZIP/src/wcwidth.c
/SOURCE/LYNX/SOURCES.ZIP/src/wcwidth.h
/SOURCE/LYNX/SOURCES.ZIP/src/win_tcp.opt
/SOURCE/LYNX/SOURCES.ZIP/test/
/SOURCE/LYNX/SOURCES.ZIP/test/ALT88592.html
/SOURCE/LYNX/SOURCES.ZIP/test/ISO_LATIN1_test.html
/SOURCE/LYNX/SOURCES.ZIP/test/README.txt
/SOURCE/LYNX/SOURCES.ZIP/test/TestComment.html
/SOURCE/LYNX/SOURCES.ZIP/test/bad-html.html
/SOURCE/LYNX/SOURCES.ZIP/test/c1.html
/SOURCE/LYNX/SOURCES.ZIP/test/circle.html
/SOURCE/LYNX/SOURCES.ZIP/test/cp-1252.html
/SOURCE/LYNX/SOURCES.ZIP/test/cp-1252a.html
/SOURCE/LYNX/SOURCES.ZIP/test/idna-tr46.html
/SOURCE/LYNX/SOURCES.ZIP/test/image.jpg
/SOURCE/LYNX/SOURCES.ZIP/test/iso-8859-1.html
/SOURCE/LYNX/SOURCES.ZIP/test/iso-8859-1a.html
/SOURCE/LYNX/SOURCES.ZIP/test/iso-8859-2.html
/SOURCE/LYNX/SOURCES.ZIP/test/iso-8859-2a.html
/SOURCE/LYNX/SOURCES.ZIP/test/koi8-r.html
/SOURCE/LYNX/SOURCES.ZIP/test/nobody
/SOURCE/LYNX/SOURCES.ZIP/test/quickbrown.html
/SOURCE/LYNX/SOURCES.ZIP/test/raw8bit.html
/SOURCE/LYNX/SOURCES.ZIP/test/sgml.html
/SOURCE/LYNX/SOURCES.ZIP/test/spaces.html
/SOURCE/LYNX/SOURCES.ZIP/test/special_urls.html
/SOURCE/LYNX/SOURCES.ZIP/test/square.html
/SOURCE/LYNX/SOURCES.ZIP/test/tabtest.html
/SOURCE/LYNX/SOURCES.ZIP/test/tags.html
/SOURCE/LYNX/SOURCES.ZIP/test/test-styles.html
/SOURCE/LYNX/SOURCES.ZIP/test/triangle.html
/SOURCE/LYNX/SOURCES.ZIP/test/unicode.html
/SOURCE/LYNX/SOURCES.ZIP/test/utf-8-demo.html
/SOURCE/LYNX/SOURCES.ZIP/test/x
/SOURCE/LYNX/SOURCES.ZIP/userdefs.h
/SOURCE/LYNX/SOURCES.ZIP/VMSPrint.com
/SOURCE/LYNX/SOURCES.ZIP/www/
/SOURCE/LYNX/SOURCES.ZIP/www/FreeofCharge.html
/SOURCE/LYNX/SOURCES.ZIP/www/Library/
/SOURCE/LYNX/SOURCES.ZIP/www/Library/Implementation/
/SOURCE/LYNX/SOURCES.ZIP/www/Library/Implementation/HTAABrow.c
/SOURCE/LYNX/SOURCES.ZIP/www/Library/Implementation/HTAABrow.h
/SOURCE/LYNX/SOURCES.ZIP/www/Library/Implementation/HTAAProt.c
/SOURCE/LYNX/SOURCES.ZIP/www/Library/Implementation/HTAAProt.h
/SOURCE/LYNX/SOURCES.ZIP/www/Library/Implementation/HTAAUtil.c
/SOURCE/LYNX/SOURCES.ZIP/www/Library/Implementation/HTAAUtil.h
/SOURCE/LYNX/SOURCES.ZIP/www/Library/Implementation/HTAccess.c
/SOURCE/LYNX/SOURCES.ZIP/www/Library/Implementation/HTAccess.h
/SOURCE/LYNX/SOURCES.ZIP/www/Library/Implementation/HTAnchor.c
/SOURCE/LYNX/SOURCES.ZIP/www/Library/Implementation/HTAnchor.h
/SOURCE/LYNX/SOURCES.ZIP/www/Library/Implementation/HTAssoc.c
/SOURCE/LYNX/SOURCES.ZIP/www/Library/Implementation/HTAssoc.h
/SOURCE/LYNX/SOURCES.ZIP/www/Library/Implementation/HTAtom.c
/SOURCE/LYNX/SOURCES.ZIP/www/Library/Implementation/HTAtom.h
/SOURCE/LYNX/SOURCES.ZIP/www/Library/Implementation/HTBTree.c
/SOURCE/LYNX/SOURCES.ZIP/www/Library/Implementation/HTBTree.h
/SOURCE/LYNX/SOURCES.ZIP/www/Library/Implementation/HTCJK.h
/SOURCE/LYNX/SOURCES.ZIP/www/Library/Implementation/HTChunk.c
/SOURCE/LYNX/SOURCES.ZIP/www/Library/Implementation/HTChunk.h
/SOURCE/LYNX/SOURCES.ZIP/www/Library/Implementation/HTDOS.c
/SOURCE/LYNX/SOURCES.ZIP/www/Library/Implementation/HTDOS.h
/SOURCE/LYNX/SOURCES.ZIP/www/Library/Implementation/HTFTP.c
/SOURCE/LYNX/SOURCES.ZIP/www/Library/Implementation/HTFTP.h
/SOURCE/LYNX/SOURCES.ZIP/www/Library/Implementation/HTFWriter.h
/SOURCE/LYNX/SOURCES.ZIP/www/Library/Implementation/HTFile.c
/SOURCE/LYNX/SOURCES.ZIP/www/Library/Implementation/HTFile.h
/SOURCE/LYNX/SOURCES.ZIP/www/Library/Implementation/HTFinger.c
/SOURCE/LYNX/SOURCES.ZIP/www/Library/Implementation/HTFinger.h
/SOURCE/LYNX/SOURCES.ZIP/www/Library/Implementation/HTFormat.c
/SOURCE/LYNX/SOURCES.ZIP/www/Library/Implementation/HTFormat.h
/SOURCE/LYNX/SOURCES.ZIP/www/Library/Implementation/HTGopher.c
/SOURCE/LYNX/SOURCES.ZIP/www/Library/Implementation/HTGopher.h
/SOURCE/LYNX/SOURCES.ZIP/www/Library/Implementation/HTGroup.c
/SOURCE/LYNX/SOURCES.ZIP/www/Library/Implementation/HTGroup.h
/SOURCE/LYNX/SOURCES.ZIP/www/Library/Implementation/HTInit.h
/SOURCE/LYNX/SOURCES.ZIP/www/Library/Implementation/HTLex.c
/SOURCE/LYNX/SOURCES.ZIP/www/Library/Implementation/HTLex.h
/SOURCE/LYNX/SOURCES.ZIP/www/Library/Implementation/HTList.c
/SOURCE/LYNX/SOURCES.ZIP/www/Library/Implementation/HTList.h
/SOURCE/LYNX/SOURCES.ZIP/www/Library/Implementation/HTMIME.c
/SOURCE/LYNX/SOURCES.ZIP/www/Library/Implementation/HTMIME.h
/SOURCE/LYNX/SOURCES.ZIP/www/Library/Implementation/HTMLDTD.c
/SOURCE/LYNX/SOURCES.ZIP/www/Library/Implementation/HTMLDTD.h
/SOURCE/LYNX/SOURCES.ZIP/www/Library/Implementation/HTMLGen.c
/SOURCE/LYNX/SOURCES.ZIP/www/Library/Implementation/HTMLGen.h
/SOURCE/LYNX/SOURCES.ZIP/www/Library/Implementation/HTNews.c
/SOURCE/LYNX/SOURCES.ZIP/www/Library/Implementation/HTNews.h
/SOURCE/LYNX/SOURCES.ZIP/www/Library/Implementation/HTParse.c
/SOURCE/LYNX/SOURCES.ZIP/www/Library/Implementation/HTParse.h
/SOURCE/LYNX/SOURCES.ZIP/www/Library/Implementation/HTPlain.c
/SOURCE/LYNX/SOURCES.ZIP/www/Library/Implementation/HTPlain.h
/SOURCE/LYNX/SOURCES.ZIP/www/Library/Implementation/HTRules.c
/SOURCE/LYNX/SOURCES.ZIP/www/Library/Implementation/HTRules.h
/SOURCE/LYNX/SOURCES.ZIP/www/Library/Implementation/HTStream.h
/SOURCE/LYNX/SOURCES.ZIP/www/Library/Implementation/HTString.c
/SOURCE/LYNX/SOURCES.ZIP/www/Library/Implementation/HTString.h
/SOURCE/LYNX/SOURCES.ZIP/www/Library/Implementation/HTStyle.c
/SOURCE/LYNX/SOURCES.ZIP/www/Library/Implementation/HTStyle.h
/SOURCE/LYNX/SOURCES.ZIP/www/Library/Implementation/HTTCP.c
/SOURCE/LYNX/SOURCES.ZIP/www/Library/Implementation/HTTCP.h
/SOURCE/LYNX/SOURCES.ZIP/www/Library/Implementation/HTTP.c
/SOURCE/LYNX/SOURCES.ZIP/www/Library/Implementation/HTTP.h
/SOURCE/LYNX/SOURCES.ZIP/www/Library/Implementation/HTTelnet.c
/SOURCE/LYNX/SOURCES.ZIP/www/Library/Implementation/HTTelnet.h
/SOURCE/LYNX/SOURCES.ZIP/www/Library/Implementation/HTUU.c
/SOURCE/LYNX/SOURCES.ZIP/www/Library/Implementation/HTUU.h
/SOURCE/LYNX/SOURCES.ZIP/www/Library/Implementation/HTUtils.h
/SOURCE/LYNX/SOURCES.ZIP/www/Library/Implementation/HTVMSUtils.c
/SOURCE/LYNX/SOURCES.ZIP/www/Library/Implementation/HTVMSUtils.h
/SOURCE/LYNX/SOURCES.ZIP/www/Library/Implementation/HTVMS_WaisProt.c
/SOURCE/LYNX/SOURCES.ZIP/www/Library/Implementation/HTVMS_WaisProt.h
/SOURCE/LYNX/SOURCES.ZIP/www/Library/Implementation/HTVMS_WaisUI.c
/SOURCE/LYNX/SOURCES.ZIP/www/Library/Implementation/HTVMS_WaisUI.h
/SOURCE/LYNX/SOURCES.ZIP/www/Library/Implementation/HTWAIS.c
/SOURCE/LYNX/SOURCES.ZIP/www/Library/Implementation/HTWAIS.h
/SOURCE/LYNX/SOURCES.ZIP/www/Library/Implementation/HTWSRC.c
/SOURCE/LYNX/SOURCES.ZIP/www/Library/Implementation/HTWSRC.h
/SOURCE/LYNX/SOURCES.ZIP/www/Library/Implementation/HText.h
/SOURCE/LYNX/SOURCES.ZIP/www/Library/Implementation/HTioctl.h
/SOURCE/LYNX/SOURCES.ZIP/www/Library/Implementation/LYLeaks.h
/SOURCE/LYNX/SOURCES.ZIP/www/Library/Implementation/LYexit.h
/SOURCE/LYNX/SOURCES.ZIP/www/Library/Implementation/SGML.c
/SOURCE/LYNX/SOURCES.ZIP/www/Library/Implementation/SGML.h
/SOURCE/LYNX/SOURCES.ZIP/www/Library/Implementation/UCAux.h
/SOURCE/LYNX/SOURCES.ZIP/www/Library/Implementation/UCDefs.h
/SOURCE/LYNX/SOURCES.ZIP/www/Library/Implementation/UCMap.h
/SOURCE/LYNX/SOURCES.ZIP/www/Library/Implementation/Version.make
/SOURCE/LYNX/SOURCES.ZIP/www/Library/Implementation/dtd_util.c
/SOURCE/LYNX/SOURCES.ZIP/www/Library/Implementation/hdr_HTMLDTD.h
/SOURCE/LYNX/SOURCES.ZIP/www/Library/Implementation/makefile.in
/SOURCE/LYNX/SOURCES.ZIP/www/Library/Implementation/src0_HTMLDTD.h
/SOURCE/LYNX/SOURCES.ZIP/www/Library/Implementation/src0_HTMLDTD.txt
/SOURCE/LYNX/SOURCES.ZIP/www/Library/Implementation/src1_HTMLDTD.h
/SOURCE/LYNX/SOURCES.ZIP/www/Library/Implementation/src1_HTMLDTD.txt
/SOURCE/LYNX/SOURCES.ZIP/www/Library/Implementation/tidy_tls.h
/SOURCE/LYNX/SOURCES.ZIP/www/Library/Implementation/www_tcp.h
/SOURCE/LYNX/SOURCES.ZIP/www/Library/Implementation/www_wait.h
/SOURCE/LYNX/SOURCES.ZIP/www/Library/djgpp/
/SOURCE/LYNX/SOURCES.ZIP/www/Library/djgpp/CommonMakefile
/SOURCE/LYNX/SOURCES.ZIP/www/Library/djgpp/makefile
/SOURCE/LYNX/SOURCES.ZIP/www/Library/djgpp/makefile.sla
/SOURCE/LYNX/SOURCES.ZIP/www/Library/vms/
/SOURCE/LYNX/SOURCES.ZIP/www/Library/vms/copying.lib
/SOURCE/LYNX/SOURCES.ZIP/www/Library/vms/descrip.mms
/SOURCE/LYNX/SOURCES.ZIP/www/Library/vms/libmake.com
