/
/APPINFO/
/APPINFO/MBEDIT.DE
/APPINFO/MBEDIT.FR
/APPINFO/MBEDIT.LSM
/APPINFO/MBEDIT.SV
/APPINFO/MBEDIT.TR
/EDIT/
/EDIT/MBEDIT/
/EDIT/MBEDIT/DOC_HTML/
/EDIT/MBEDIT/DOC_HTML/DEUTSCH/
/EDIT/MBEDIT/DOC_HTML/DEUTSCH/MB_AA_D.HTM
/EDIT/MBEDIT/DOC_HTML/DEUTSCH/MB_AB_D.HTM
/EDIT/MBEDIT/DOC_HTML/DEUTSCH/MB_AC_D.HTM
/EDIT/MBEDIT/DOC_HTML/DEUTSCH/MB_AD_D.HTM
/EDIT/MBEDIT/DOC_HTML/DEUTSCH/MB_AE_D.HTM
/EDIT/MBEDIT/DOC_HTML/DEUTSCH/MB_C0_D.HTM
/EDIT/MBEDIT/DOC_HTML/DEUTSCH/MB_C10_D.HTM
/EDIT/MBEDIT/DOC_HTML/DEUTSCH/MB_C11_D.HTM
/EDIT/MBEDIT/DOC_HTML/DEUTSCH/MB_C1_D.HTM
/EDIT/MBEDIT/DOC_HTML/DEUTSCH/MB_C2_D.HTM
/EDIT/MBEDIT/DOC_HTML/DEUTSCH/MB_C3_D.HTM
/EDIT/MBEDIT/DOC_HTML/DEUTSCH/MB_C4_D.HTM
/EDIT/MBEDIT/DOC_HTML/DEUTSCH/MB_C5_D.HTM
/EDIT/MBEDIT/DOC_HTML/DEUTSCH/MB_C6_D.HTM
/EDIT/MBEDIT/DOC_HTML/DEUTSCH/MB_C7_D.HTM
/EDIT/MBEDIT/DOC_HTML/DEUTSCH/MB_C8_D.HTM
/EDIT/MBEDIT/DOC_HTML/DEUTSCH/MB_C9_D.HTM
/EDIT/MBEDIT/DOC_HTML/DEUTSCH/MB_M0_D.HTM
/EDIT/MBEDIT/DOC_HTML/DEUTSCH/MB_M10_D.HTM
/EDIT/MBEDIT/DOC_HTML/DEUTSCH/MB_M11_D.HTM
/EDIT/MBEDIT/DOC_HTML/DEUTSCH/MB_M1_D.HTM
/EDIT/MBEDIT/DOC_HTML/DEUTSCH/MB_M2_D.HTM
/EDIT/MBEDIT/DOC_HTML/DEUTSCH/MB_M3_D.HTM
/EDIT/MBEDIT/DOC_HTML/DEUTSCH/MB_M4_D.HTM
/EDIT/MBEDIT/DOC_HTML/DEUTSCH/MB_M5_D.HTM
/EDIT/MBEDIT/DOC_HTML/DEUTSCH/MB_M6H_D.HTM
/EDIT/MBEDIT/DOC_HTML/DEUTSCH/MB_M6Y_D.HTM
/EDIT/MBEDIT/DOC_HTML/DEUTSCH/MB_M6_D.HTM
/EDIT/MBEDIT/DOC_HTML/DEUTSCH/MB_M7_D.HTM
/EDIT/MBEDIT/DOC_HTML/DEUTSCH/MB_M8_D.HTM
/EDIT/MBEDIT/DOC_HTML/DEUTSCH/MB_M9_D.HTM
/EDIT/MBEDIT/DOC_HTML/DEUTSCH/MB_MA_D.HTM
/EDIT/MBEDIT/DOC_HTML/DEUTSCH/MB_MB_D.HTM
/EDIT/MBEDIT/DOC_HTML/DEUTSCH/MB_MC_D.HTM
/EDIT/MBEDIT/DOC_HTML/DEUTSCH/MB_MD_D.HTM
/EDIT/MBEDIT/DOC_HTML/DEUTSCH/MB_MEN_D.HTM
/EDIT/MBEDIT/DOC_HTML/DEUTSCH/MB_ME_D.HTM
/EDIT/MBEDIT/DOC_HTML/EMAIL.GIF
/EDIT/MBEDIT/DOC_HTML/ENGLISH/
/EDIT/MBEDIT/DOC_HTML/ENGLISH/MB_AA_E.HTM
/EDIT/MBEDIT/DOC_HTML/ENGLISH/MB_AB_E.HTM
/EDIT/MBEDIT/DOC_HTML/ENGLISH/MB_AC_E.HTM
/EDIT/MBEDIT/DOC_HTML/ENGLISH/MB_AD_E.HTM
/EDIT/MBEDIT/DOC_HTML/ENGLISH/MB_AE_E.HTM
/EDIT/MBEDIT/DOC_HTML/ENGLISH/MB_C0_E.HTM
/EDIT/MBEDIT/DOC_HTML/ENGLISH/MB_C10_E.HTM
/EDIT/MBEDIT/DOC_HTML/ENGLISH/MB_C11_E.HTM
/EDIT/MBEDIT/DOC_HTML/ENGLISH/MB_C1_E.HTM
/EDIT/MBEDIT/DOC_HTML/ENGLISH/MB_C2_E.HTM
/EDIT/MBEDIT/DOC_HTML/ENGLISH/MB_C3_E.HTM
/EDIT/MBEDIT/DOC_HTML/ENGLISH/MB_C4_E.HTM
/EDIT/MBEDIT/DOC_HTML/ENGLISH/MB_C5_E.HTM
/EDIT/MBEDIT/DOC_HTML/ENGLISH/MB_C6_E.HTM
/EDIT/MBEDIT/DOC_HTML/ENGLISH/MB_C7_E.HTM
/EDIT/MBEDIT/DOC_HTML/ENGLISH/MB_C8_E.HTM
/EDIT/MBEDIT/DOC_HTML/ENGLISH/MB_C9_E.HTM
/EDIT/MBEDIT/DOC_HTML/ENGLISH/MB_M0_E.HTM
/EDIT/MBEDIT/DOC_HTML/ENGLISH/MB_M10_E.HTM
/EDIT/MBEDIT/DOC_HTML/ENGLISH/MB_M11_E.HTM
/EDIT/MBEDIT/DOC_HTML/ENGLISH/MB_M1_E.HTM
/EDIT/MBEDIT/DOC_HTML/ENGLISH/MB_M2_E.HTM
/EDIT/MBEDIT/DOC_HTML/ENGLISH/MB_M3_E.HTM
/EDIT/MBEDIT/DOC_HTML/ENGLISH/MB_M4_E.HTM
/EDIT/MBEDIT/DOC_HTML/ENGLISH/MB_M5_E.HTM
/EDIT/MBEDIT/DOC_HTML/ENGLISH/MB_M6H_E.HTM
/EDIT/MBEDIT/DOC_HTML/ENGLISH/MB_M6Y_E.HTM
/EDIT/MBEDIT/DOC_HTML/ENGLISH/MB_M6_E.HTM
/EDIT/MBEDIT/DOC_HTML/ENGLISH/MB_M7_E.HTM
/EDIT/MBEDIT/DOC_HTML/ENGLISH/MB_M8_E.HTM
/EDIT/MBEDIT/DOC_HTML/ENGLISH/MB_M9_E.HTM
/EDIT/MBEDIT/DOC_HTML/ENGLISH/MB_MA_E.HTM
/EDIT/MBEDIT/DOC_HTML/ENGLISH/MB_MB_E.HTM
/EDIT/MBEDIT/DOC_HTML/ENGLISH/MB_MC_E.HTM
/EDIT/MBEDIT/DOC_HTML/ENGLISH/MB_MD_E.HTM
/EDIT/MBEDIT/DOC_HTML/ENGLISH/MB_MEN_E.HTM
/EDIT/MBEDIT/DOC_HTML/ENGLISH/MB_ME_E.HTM
/EDIT/MBEDIT/DOC_HTML/FAVICON.ICO
/EDIT/MBEDIT/DOC_HTML/FLAGD.GIF
/EDIT/MBEDIT/DOC_HTML/FLAGE.GIF
/EDIT/MBEDIT/DOC_HTML/HEX_EDIT.GIF
/EDIT/MBEDIT/DOC_HTML/INDEX.HTM
/EDIT/MBEDIT/DOC_HTML/MBEDIT.MAC
/EDIT/MBEDIT/DOC_HTML/MBEDIT.SYN
/EDIT/MBEDIT/DOC_HTML/MB_LOGO.GIF
/EDIT/MBEDIT/DOC_HTML/MODES_3.GIF
/EDIT/MBEDIT/DOC_HTML/MODIFY.TXT
/EDIT/MBEDIT/DOC_HTML/README
/EDIT/MBEDIT/DOC_HTML/SEMIGRAF.GIF
/EDIT/MBEDIT/DOC_HTML/SYNTAX.HTM
/EDIT/MBEDIT/DOC_HTML/WALLPAPR.JPG
/EDIT/MBEDIT/MBEDIT.EXE
/EDIT/MBEDIT/MBEDIT.ICO
/EDIT/MBEDIT/MBEDIT.MAC
/EDIT/MBEDIT/MBEDIT.PIF
/EDIT/MBEDIT/MBEDIT.SYN
/SOURCE/
/SOURCE/MBEDIT/
/SOURCE/MBEDIT/SOURCES.ZIP/
/SOURCE/MBEDIT/SOURCES.ZIP/DIRECTRY.TXT
/SOURCE/MBEDIT/SOURCES.ZIP/EMAILS/
/SOURCE/MBEDIT/SOURCES.ZIP/EMAILS/R_SPAETH.TXT
/SOURCE/MBEDIT/SOURCES.ZIP/EMODE/
/SOURCE/MBEDIT/SOURCES.ZIP/EMODE/EMODE.PAS
/SOURCE/MBEDIT/SOURCES.ZIP/EMODE/MBEDIT.MAC
/SOURCE/MBEDIT/SOURCES.ZIP/GNU/
/SOURCE/MBEDIT/SOURCES.ZIP/GNU/LICENSE.TXT
/SOURCE/MBEDIT/SOURCES.ZIP/ICONS/
/SOURCE/MBEDIT/SOURCES.ZIP/ICONS/HDS.ICO
/SOURCE/MBEDIT/SOURCES.ZIP/ICONS/MBEDIT.ICO
/SOURCE/MBEDIT/SOURCES.ZIP/MACROS/
/SOURCE/MBEDIT/SOURCES.ZIP/MACROS/ANSI_OUT.MAC
/SOURCE/MBEDIT/SOURCES.ZIP/MACROS/IBM2HTML.MAC
/SOURCE/MBEDIT/SOURCES.ZIP/MACROS/MBEDIT.MAC
/SOURCE/MBEDIT/SOURCES.ZIP/MACROS/MBEDIT.SYN
/SOURCE/MBEDIT/SOURCES.ZIP/MACROS/README.TXT
/SOURCE/MBEDIT/SOURCES.ZIP/MAKFILES/
/SOURCE/MBEDIT/SOURCES.ZIP/MAKFILES/CYGWIN/
/SOURCE/MBEDIT/SOURCES.ZIP/MAKFILES/CYGWIN/MAKEFILE
/SOURCE/MBEDIT/SOURCES.ZIP/MAKFILES/HP_UX/
/SOURCE/MBEDIT/SOURCES.ZIP/MAKFILES/HP_UX/MAKEFILE
/SOURCE/MBEDIT/SOURCES.ZIP/MAKFILES/MS_DOS/
/SOURCE/MBEDIT/SOURCES.ZIP/MAKFILES/MS_DOS/MAKEFILE
/SOURCE/MBEDIT/SOURCES.ZIP/MAKFILES/OS_9/
/SOURCE/MBEDIT/SOURCES.ZIP/MAKFILES/OS_9/MAKEFILE
/SOURCE/MBEDIT/SOURCES.ZIP/MAKFILES/OS_9000/
/SOURCE/MBEDIT/SOURCES.ZIP/MAKFILES/OS_9000/MAKEFILE
/SOURCE/MBEDIT/SOURCES.ZIP/MAKFILES/OS_9000/MD_FS20.MBE
/SOURCE/MBEDIT/SOURCES.ZIP/MAKFILES/OS_9000/MK_MACRO.IPS
/SOURCE/MBEDIT/SOURCES.ZIP/MAKFILES/OS_9000/MK_SRC_F
/SOURCE/MBEDIT/SOURCES.ZIP/MAKFILES/UNIX/
/SOURCE/MBEDIT/SOURCES.ZIP/MAKFILES/UNIX/MAKEFILE
/SOURCE/MBEDIT/SOURCES.ZIP/MAKFILES/WIN32/
/SOURCE/MBEDIT/SOURCES.ZIP/MAKFILES/WIN32/MBEDIT.DSP
/SOURCE/MBEDIT/SOURCES.ZIP/MAKFILES/WIN32/MBEDIT.DSW
/SOURCE/MBEDIT/SOURCES.ZIP/MAKFILES/WIN95/
/SOURCE/MBEDIT/SOURCES.ZIP/MAKFILES/WIN95/MAKEFILE.VCW
/SOURCE/MBEDIT/SOURCES.ZIP/MAKFILES/WIN95/MBEDIT.RC
/SOURCE/MBEDIT/SOURCES.ZIP/README
/SOURCE/MBEDIT/SOURCES.ZIP/SCRIPTS/
/SOURCE/MBEDIT/SOURCES.ZIP/SCRIPTS/CLEAN.SH
/SOURCE/MBEDIT/SOURCES.ZIP/SCRIPTS/CRLF2LF.SH
/SOURCE/MBEDIT/SOURCES.ZIP/SCRIPTS/CRLFALL.SH
/SOURCE/MBEDIT/SOURCES.ZIP/SCRIPTS/DELBAK.SH
/SOURCE/MBEDIT/SOURCES.ZIP/SOURCE/
/SOURCE/MBEDIT/SOURCES.ZIP/SOURCE/ANSI_OUT.C
/SOURCE/MBEDIT/SOURCES.ZIP/SOURCE/ANSI_OUT.H
/SOURCE/MBEDIT/SOURCES.ZIP/SOURCE/BLOCKS.C
/SOURCE/MBEDIT/SOURCES.ZIP/SOURCE/BLOCKS.H
/SOURCE/MBEDIT/SOURCES.ZIP/SOURCE/CALC.C
/SOURCE/MBEDIT/SOURCES.ZIP/SOURCE/CALC.H
/SOURCE/MBEDIT/SOURCES.ZIP/SOURCE/CALCEVAR.C
/SOURCE/MBEDIT/SOURCES.ZIP/SOURCE/CALCHLP.C
/SOURCE/MBEDIT/SOURCES.ZIP/SOURCE/CALCHLP.H
/SOURCE/MBEDIT/SOURCES.ZIP/SOURCE/CALC_VAR.C
/SOURCE/MBEDIT/SOURCES.ZIP/SOURCE/CALC_VAR.H
/SOURCE/MBEDIT/SOURCES.ZIP/SOURCE/COMMANDS.C
/SOURCE/MBEDIT/SOURCES.ZIP/SOURCE/COMMANDS.H
/SOURCE/MBEDIT/SOURCES.ZIP/SOURCE/CONFIG.H
/SOURCE/MBEDIT/SOURCES.ZIP/SOURCE/CONFIG2.HH
/SOURCE/MBEDIT/SOURCES.ZIP/SOURCE/DIRECTRY.C
/SOURCE/MBEDIT/SOURCES.ZIP/SOURCE/DIRECTRY.H
/SOURCE/MBEDIT/SOURCES.ZIP/SOURCE/DISP_HND.C
/SOURCE/MBEDIT/SOURCES.ZIP/SOURCE/DISP_HND.H
/SOURCE/MBEDIT/SOURCES.ZIP/SOURCE/ERR_MESS.C
/SOURCE/MBEDIT/SOURCES.ZIP/SOURCE/ERR_MESS.H
/SOURCE/MBEDIT/SOURCES.ZIP/SOURCE/FILE_HND.C
/SOURCE/MBEDIT/SOURCES.ZIP/SOURCE/FILE_HND.H
/SOURCE/MBEDIT/SOURCES.ZIP/SOURCE/GLOBAL.H
/SOURCE/MBEDIT/SOURCES.ZIP/SOURCE/HELP_OPT.C
/SOURCE/MBEDIT/SOURCES.ZIP/SOURCE/HELP_OPT.H
/SOURCE/MBEDIT/SOURCES.ZIP/SOURCE/HISTORY.C
/SOURCE/MBEDIT/SOURCES.ZIP/SOURCE/HISTORY.H
/SOURCE/MBEDIT/SOURCES.ZIP/SOURCE/HI_LIGHT.H
/SOURCE/MBEDIT/SOURCES.ZIP/SOURCE/KB_INPUT.C
/SOURCE/MBEDIT/SOURCES.ZIP/SOURCE/KB_INPUT.H
/SOURCE/MBEDIT/SOURCES.ZIP/SOURCE/MACRO.C
/SOURCE/MBEDIT/SOURCES.ZIP/SOURCE/MACRO.H
/SOURCE/MBEDIT/SOURCES.ZIP/SOURCE/MAKEFILE
/SOURCE/MBEDIT/SOURCES.ZIP/SOURCE/MBEDIT.C
/SOURCE/MBEDIT/SOURCES.ZIP/SOURCE/MBEDIT.H
/SOURCE/MBEDIT/SOURCES.ZIP/SOURCE/MBED_SUB.C
/SOURCE/MBEDIT/SOURCES.ZIP/SOURCE/MBED_SUB.H
/SOURCE/MBEDIT/SOURCES.ZIP/SOURCE/MB_CTYPE.C
/SOURCE/MBEDIT/SOURCES.ZIP/SOURCE/MB_CTYPE.H
/SOURCE/MBEDIT/SOURCES.ZIP/SOURCE/MEMO_HND.C
/SOURCE/MBEDIT/SOURCES.ZIP/SOURCE/MEMO_HND.H
/SOURCE/MBEDIT/SOURCES.ZIP/SOURCE/MICROSFT.C
/SOURCE/MBEDIT/SOURCES.ZIP/SOURCE/MICROSFT.H
/SOURCE/MBEDIT/SOURCES.ZIP/SOURCE/MON_OUTP.C
/SOURCE/MBEDIT/SOURCES.ZIP/SOURCE/MON_OUTP.H
/SOURCE/MBEDIT/SOURCES.ZIP/SOURCE/MOUSEC.C
/SOURCE/MBEDIT/SOURCES.ZIP/SOURCE/MOUSEC.H
/SOURCE/MBEDIT/SOURCES.ZIP/SOURCE/MOUSECA.ASM
/SOURCE/MBEDIT/SOURCES.ZIP/SOURCE/PARAGRAF.C
/SOURCE/MBEDIT/SOURCES.ZIP/SOURCE/PARAGRAF.H
/SOURCE/MBEDIT/SOURCES.ZIP/SOURCE/PERFORM.C
/SOURCE/MBEDIT/SOURCES.ZIP/SOURCE/PERFORM.H
/SOURCE/MBEDIT/SOURCES.ZIP/SOURCE/RESOURCE.H
/SOURCE/MBEDIT/SOURCES.ZIP/SOURCE/STANDARD.H
/SOURCE/MBEDIT/SOURCES.ZIP/SOURCE/SWITCHES.C
/SOURCE/MBEDIT/SOURCES.ZIP/SOURCE/SWITCHES.H
/SOURCE/MBEDIT/SOURCES.ZIP/SOURCE/VBIOS.C
/SOURCE/MBEDIT/SOURCES.ZIP/SOURCE/VBIOS.H
/SOURCE/MBEDIT/SOURCES.ZIP/SOURCE/WILDNAME.C
/SOURCE/MBEDIT/SOURCES.ZIP/SOURCE/WILDNAME.H
/SOURCE/MBEDIT/SOURCES.ZIP/SOURCE/WINDOW.C
/SOURCE/MBEDIT/SOURCES.ZIP/SOURCE/WINDOW.H
/SOURCE/MBEDIT/SOURCES.ZIP/X11/
/SOURCE/MBEDIT/SOURCES.ZIP/X11/README.TXT
/SOURCE/MBEDIT/SOURCES.ZIP/X11/XMBEDIT
