/
/APPINFO/
/APPINFO/MIRMAGIC.DE
/APPINFO/MIRMAGIC.FR
/APPINFO/MIRMAGIC.LSM
/APPINFO/MIRMAGIC.SV
/APPINFO/MIRMAGIC.TR
/GAMES/
/GAMES/MIRMAGIC/
/GAMES/MIRMAGIC/CHANGES
/GAMES/MIRMAGIC/COPYING
/GAMES/MIRMAGIC/CREDITS
/GAMES/MIRMAGIC/CWSDPMI.EXE
/GAMES/MIRMAGIC/CWSDPMI.TXT
/GAMES/MIRMAGIC/GRAPHICS/
/GAMES/MIRMAGIC/GRAPHICS/DF.PCX
/GAMES/MIRMAGIC/GRAPHICS/DOOR.PCX
/GAMES/MIRMAGIC/GRAPHICS/FONT.PCX
/GAMES/MIRMAGIC/GRAPHICS/FONT2.PCX
/GAMES/MIRMAGIC/GRAPHICS/FONT3.PCX
/GAMES/MIRMAGIC/GRAPHICS/ICON.XBM
/GAMES/MIRMAGIC/GRAPHICS/ICONMASK.XBM
/GAMES/MIRMAGIC/GRAPHICS/MOUSE.PCX
/GAMES/MIRMAGIC/GRAPHICS/SCREEN.PCX
/GAMES/MIRMAGIC/GRAPHICS/TOONS.PCX
/GAMES/MIRMAGIC/INSTALL
/GAMES/MIRMAGIC/LEVELS/
/GAMES/MIRMAGIC/LEVELS/CLASSIC_/
/GAMES/MIRMAGIC/LEVELS/CLASSIC_/CLASSIC_.000/
/GAMES/MIRMAGIC/LEVELS/CLASSIC_/CLASSIC_.000/001.LVL
/GAMES/MIRMAGIC/LEVELS/CLASSIC_/CLASSIC_.000/002.LVL
/GAMES/MIRMAGIC/LEVELS/CLASSIC_/CLASSIC_.000/003.LVL
/GAMES/MIRMAGIC/LEVELS/CLASSIC_/CLASSIC_.000/004.LVL
/GAMES/MIRMAGIC/LEVELS/CLASSIC_/CLASSIC_.000/005.LVL
/GAMES/MIRMAGIC/LEVELS/CLASSIC_/CLASSIC_.000/006.LVL
/GAMES/MIRMAGIC/LEVELS/CLASSIC_/CLASSIC_.000/007.LVL
/GAMES/MIRMAGIC/LEVELS/CLASSIC_/CLASSIC_.000/008.LVL
/GAMES/MIRMAGIC/LEVELS/CLASSIC_/CLASSIC_.000/009.LVL
/GAMES/MIRMAGIC/LEVELS/CLASSIC_/CLASSIC_.000/010.LVL
/GAMES/MIRMAGIC/LEVELS/CLASSIC_/CLASSIC_.000/011.LVL
/GAMES/MIRMAGIC/LEVELS/CLASSIC_/CLASSIC_.000/012.LVL
/GAMES/MIRMAGIC/LEVELS/CLASSIC_/CLASSIC_.000/013.LVL
/GAMES/MIRMAGIC/LEVELS/CLASSIC_/CLASSIC_.000/014.LVL
/GAMES/MIRMAGIC/LEVELS/CLASSIC_/CLASSIC_.000/015.LVL
/GAMES/MIRMAGIC/LEVELS/CLASSIC_/CLASSIC_.000/016.LVL
/GAMES/MIRMAGIC/LEVELS/CLASSIC_/CLASSIC_.000/017.LVL
/GAMES/MIRMAGIC/LEVELS/CLASSIC_/CLASSIC_.000/018.LVL
/GAMES/MIRMAGIC/LEVELS/CLASSIC_/CLASSIC_.000/019.LVL
/GAMES/MIRMAGIC/LEVELS/CLASSIC_/CLASSIC_.000/020.LVL
/GAMES/MIRMAGIC/LEVELS/CLASSIC_/CLASSIC_.000/021.LVL
/GAMES/MIRMAGIC/LEVELS/CLASSIC_/CLASSIC_.000/022.LVL
/GAMES/MIRMAGIC/LEVELS/CLASSIC_/CLASSIC_.000/023.LVL
/GAMES/MIRMAGIC/LEVELS/CLASSIC_/CLASSIC_.000/024.LVL
/GAMES/MIRMAGIC/LEVELS/CLASSIC_/CLASSIC_.000/025.LVL
/GAMES/MIRMAGIC/LEVELS/CLASSIC_/CLASSIC_.000/026.LVL
/GAMES/MIRMAGIC/LEVELS/CLASSIC_/CLASSIC_.000/027.LVL
/GAMES/MIRMAGIC/LEVELS/CLASSIC_/CLASSIC_.000/028.LVL
/GAMES/MIRMAGIC/LEVELS/CLASSIC_/CLASSIC_.000/029.LVL
/GAMES/MIRMAGIC/LEVELS/CLASSIC_/CLASSIC_.000/030.LVL
/GAMES/MIRMAGIC/LEVELS/CLASSIC_/CLASSIC_.000/031.LVL
/GAMES/MIRMAGIC/LEVELS/CLASSIC_/CLASSIC_.000/032.LVL
/GAMES/MIRMAGIC/LEVELS/CLASSIC_/CLASSIC_.000/033.LVL
/GAMES/MIRMAGIC/LEVELS/CLASSIC_/CLASSIC_.000/034.LVL
/GAMES/MIRMAGIC/LEVELS/CLASSIC_/CLASSIC_.000/035.LVL
/GAMES/MIRMAGIC/LEVELS/CLASSIC_/CLASSIC_.000/036.LVL
/GAMES/MIRMAGIC/LEVELS/CLASSIC_/CLASSIC_.000/037.LVL
/GAMES/MIRMAGIC/LEVELS/CLASSIC_/CLASSIC_.000/038.LVL
/GAMES/MIRMAGIC/LEVELS/CLASSIC_/CLASSIC_.000/039.LVL
/GAMES/MIRMAGIC/LEVELS/CLASSIC_/CLASSIC_.000/040.LVL
/GAMES/MIRMAGIC/LEVELS/CLASSIC_/CLASSIC_.000/041.LVL
/GAMES/MIRMAGIC/LEVELS/CLASSIC_/CLASSIC_.000/042.LVL
/GAMES/MIRMAGIC/LEVELS/CLASSIC_/CLASSIC_.000/043.LVL
/GAMES/MIRMAGIC/LEVELS/CLASSIC_/CLASSIC_.000/044.LVL
/GAMES/MIRMAGIC/LEVELS/CLASSIC_/CLASSIC_.000/045.LVL
/GAMES/MIRMAGIC/LEVELS/CLASSIC_/CLASSIC_.000/046.LVL
/GAMES/MIRMAGIC/LEVELS/CLASSIC_/CLASSIC_.000/047.LVL
/GAMES/MIRMAGIC/LEVELS/CLASSIC_/CLASSIC_.000/048.LVL
/GAMES/MIRMAGIC/LEVELS/CLASSIC_/CLASSIC_.000/049.LVL
/GAMES/MIRMAGIC/LEVELS/CLASSIC_/CLASSIC_.000/050.LVL
/GAMES/MIRMAGIC/LEVELS/CLASSIC_/CLASSIC_.000/051.LVL
/GAMES/MIRMAGIC/LEVELS/CLASSIC_/CLASSIC_.000/052.LVL
/GAMES/MIRMAGIC/LEVELS/CLASSIC_/CLASSIC_.000/053.LVL
/GAMES/MIRMAGIC/LEVELS/CLASSIC_/CLASSIC_.000/054.LVL
/GAMES/MIRMAGIC/LEVELS/CLASSIC_/CLASSIC_.000/055.LVL
/GAMES/MIRMAGIC/LEVELS/CLASSIC_/CLASSIC_.000/056.LVL
/GAMES/MIRMAGIC/LEVELS/CLASSIC_/CLASSIC_.000/057.LVL
/GAMES/MIRMAGIC/LEVELS/CLASSIC_/CLASSIC_.000/058.LVL
/GAMES/MIRMAGIC/LEVELS/CLASSIC_/CLASSIC_.000/059.LVL
/GAMES/MIRMAGIC/LEVELS/CLASSIC_/CLASSIC_.000/060.LVL
/GAMES/MIRMAGIC/LEVELS/CLASSIC_/CLASSIC_.000/LVLINFO.CNF
/GAMES/MIRMAGIC/LEVELS/CLASSIC_/CLASSIC_/
/GAMES/MIRMAGIC/LEVELS/CLASSIC_/CLASSIC_/000.LVL
/GAMES/MIRMAGIC/LEVELS/CLASSIC_/CLASSIC_/001.LVL
/GAMES/MIRMAGIC/LEVELS/CLASSIC_/CLASSIC_/002.LVL
/GAMES/MIRMAGIC/LEVELS/CLASSIC_/CLASSIC_/003.LVL
/GAMES/MIRMAGIC/LEVELS/CLASSIC_/CLASSIC_/004.LVL
/GAMES/MIRMAGIC/LEVELS/CLASSIC_/CLASSIC_/005.LVL
/GAMES/MIRMAGIC/LEVELS/CLASSIC_/CLASSIC_/006.LVL
/GAMES/MIRMAGIC/LEVELS/CLASSIC_/CLASSIC_/007.LVL
/GAMES/MIRMAGIC/LEVELS/CLASSIC_/CLASSIC_/008.LVL
/GAMES/MIRMAGIC/LEVELS/CLASSIC_/CLASSIC_/009.LVL
/GAMES/MIRMAGIC/LEVELS/CLASSIC_/CLASSIC_/010.LVL
/GAMES/MIRMAGIC/LEVELS/CLASSIC_/CLASSIC_/011.LVL
/GAMES/MIRMAGIC/LEVELS/CLASSIC_/CLASSIC_/012.LVL
/GAMES/MIRMAGIC/LEVELS/CLASSIC_/CLASSIC_/013.LVL
/GAMES/MIRMAGIC/LEVELS/CLASSIC_/CLASSIC_/014.LVL
/GAMES/MIRMAGIC/LEVELS/CLASSIC_/CLASSIC_/015.LVL
/GAMES/MIRMAGIC/LEVELS/CLASSIC_/CLASSIC_/016.LVL
/GAMES/MIRMAGIC/LEVELS/CLASSIC_/CLASSIC_/017.LVL
/GAMES/MIRMAGIC/LEVELS/CLASSIC_/CLASSIC_/018.LVL
/GAMES/MIRMAGIC/LEVELS/CLASSIC_/CLASSIC_/019.LVL
/GAMES/MIRMAGIC/LEVELS/CLASSIC_/CLASSIC_/020.LVL
/GAMES/MIRMAGIC/LEVELS/CLASSIC_/CLASSIC_/021.LVL
/GAMES/MIRMAGIC/LEVELS/CLASSIC_/CLASSIC_/022.LVL
/GAMES/MIRMAGIC/LEVELS/CLASSIC_/CLASSIC_/023.LVL
/GAMES/MIRMAGIC/LEVELS/CLASSIC_/CLASSIC_/024.LVL
/GAMES/MIRMAGIC/LEVELS/CLASSIC_/CLASSIC_/025.LVL
/GAMES/MIRMAGIC/LEVELS/CLASSIC_/CLASSIC_/026.LVL
/GAMES/MIRMAGIC/LEVELS/CLASSIC_/CLASSIC_/027.LVL
/GAMES/MIRMAGIC/LEVELS/CLASSIC_/CLASSIC_/028.LVL
/GAMES/MIRMAGIC/LEVELS/CLASSIC_/CLASSIC_/029.LVL
/GAMES/MIRMAGIC/LEVELS/CLASSIC_/CLASSIC_/030.LVL
/GAMES/MIRMAGIC/LEVELS/CLASSIC_/CLASSIC_/031.LVL
/GAMES/MIRMAGIC/LEVELS/CLASSIC_/CLASSIC_/032.LVL
/GAMES/MIRMAGIC/LEVELS/CLASSIC_/CLASSIC_/033.LVL
/GAMES/MIRMAGIC/LEVELS/CLASSIC_/CLASSIC_/034.LVL
/GAMES/MIRMAGIC/LEVELS/CLASSIC_/CLASSIC_/035.LVL
/GAMES/MIRMAGIC/LEVELS/CLASSIC_/CLASSIC_/036.LVL
/GAMES/MIRMAGIC/LEVELS/CLASSIC_/CLASSIC_/037.LVL
/GAMES/MIRMAGIC/LEVELS/CLASSIC_/CLASSIC_/038.LVL
/GAMES/MIRMAGIC/LEVELS/CLASSIC_/CLASSIC_/039.LVL
/GAMES/MIRMAGIC/LEVELS/CLASSIC_/CLASSIC_/040.LVL
/GAMES/MIRMAGIC/LEVELS/CLASSIC_/CLASSIC_/041.LVL
/GAMES/MIRMAGIC/LEVELS/CLASSIC_/CLASSIC_/042.LVL
/GAMES/MIRMAGIC/LEVELS/CLASSIC_/CLASSIC_/043.LVL
/GAMES/MIRMAGIC/LEVELS/CLASSIC_/CLASSIC_/044.LVL
/GAMES/MIRMAGIC/LEVELS/CLASSIC_/CLASSIC_/045.LVL
/GAMES/MIRMAGIC/LEVELS/CLASSIC_/CLASSIC_/046.LVL
/GAMES/MIRMAGIC/LEVELS/CLASSIC_/CLASSIC_/047.LVL
/GAMES/MIRMAGIC/LEVELS/CLASSIC_/CLASSIC_/048.LVL
/GAMES/MIRMAGIC/LEVELS/CLASSIC_/CLASSIC_/049.LVL
/GAMES/MIRMAGIC/LEVELS/CLASSIC_/CLASSIC_/050.LVL
/GAMES/MIRMAGIC/LEVELS/CLASSIC_/CLASSIC_/051.LVL
/GAMES/MIRMAGIC/LEVELS/CLASSIC_/CLASSIC_/052.LVL
/GAMES/MIRMAGIC/LEVELS/CLASSIC_/CLASSIC_/053.LVL
/GAMES/MIRMAGIC/LEVELS/CLASSIC_/CLASSIC_/054.LVL
/GAMES/MIRMAGIC/LEVELS/CLASSIC_/CLASSIC_/055.LVL
/GAMES/MIRMAGIC/LEVELS/CLASSIC_/CLASSIC_/056.LVL
/GAMES/MIRMAGIC/LEVELS/CLASSIC_/CLASSIC_/057.LVL
/GAMES/MIRMAGIC/LEVELS/CLASSIC_/CLASSIC_/058.LVL
/GAMES/MIRMAGIC/LEVELS/CLASSIC_/CLASSIC_/059.LVL
/GAMES/MIRMAGIC/LEVELS/CLASSIC_/CLASSIC_/060.LVL
/GAMES/MIRMAGIC/LEVELS/CLASSIC_/CLASSIC_/061.LVL
/GAMES/MIRMAGIC/LEVELS/CLASSIC_/CLASSIC_/062.LVL
/GAMES/MIRMAGIC/LEVELS/CLASSIC_/CLASSIC_/063.LVL
/GAMES/MIRMAGIC/LEVELS/CLASSIC_/CLASSIC_/064.LVL
/GAMES/MIRMAGIC/LEVELS/CLASSIC_/CLASSIC_/065.LVL
/GAMES/MIRMAGIC/LEVELS/CLASSIC_/CLASSIC_/066.LVL
/GAMES/MIRMAGIC/LEVELS/CLASSIC_/CLASSIC_/067.LVL
/GAMES/MIRMAGIC/LEVELS/CLASSIC_/CLASSIC_/068.LVL
/GAMES/MIRMAGIC/LEVELS/CLASSIC_/CLASSIC_/069.LVL
/GAMES/MIRMAGIC/LEVELS/CLASSIC_/CLASSIC_/070.LVL
/GAMES/MIRMAGIC/LEVELS/CLASSIC_/CLASSIC_/071.LVL
/GAMES/MIRMAGIC/LEVELS/CLASSIC_/CLASSIC_/072.LVL
/GAMES/MIRMAGIC/LEVELS/CLASSIC_/CLASSIC_/073.LVL
/GAMES/MIRMAGIC/LEVELS/CLASSIC_/CLASSIC_/074.LVL
/GAMES/MIRMAGIC/LEVELS/CLASSIC_/CLASSIC_/075.LVL
/GAMES/MIRMAGIC/LEVELS/CLASSIC_/CLASSIC_/076.LVL
/GAMES/MIRMAGIC/LEVELS/CLASSIC_/CLASSIC_/077.LVL
/GAMES/MIRMAGIC/LEVELS/CLASSIC_/CLASSIC_/078.LVL
/GAMES/MIRMAGIC/LEVELS/CLASSIC_/CLASSIC_/079.LVL
/GAMES/MIRMAGIC/LEVELS/CLASSIC_/CLASSIC_/080.LVL
/GAMES/MIRMAGIC/LEVELS/CLASSIC_/CLASSIC_/081.LVL
/GAMES/MIRMAGIC/LEVELS/CLASSIC_/CLASSIC_/082.LVL
/GAMES/MIRMAGIC/LEVELS/CLASSIC_/CLASSIC_/083.LVL
/GAMES/MIRMAGIC/LEVELS/CLASSIC_/CLASSIC_/084.LVL
/GAMES/MIRMAGIC/LEVELS/CLASSIC_/CLASSIC_/085.LVL
/GAMES/MIRMAGIC/LEVELS/CLASSIC_/CLASSIC_/086.LVL
/GAMES/MIRMAGIC/LEVELS/CLASSIC_/CLASSIC_/087.LVL
/GAMES/MIRMAGIC/LEVELS/CLASSIC_/CLASSIC_/088.LVL
/GAMES/MIRMAGIC/LEVELS/CLASSIC_/CLASSIC_/089.LVL
/GAMES/MIRMAGIC/LEVELS/CLASSIC_/CLASSIC_/090.LVL
/GAMES/MIRMAGIC/LEVELS/CLASSIC_/CLASSIC_/091.LVL
/GAMES/MIRMAGIC/LEVELS/CLASSIC_/CLASSIC_/092.LVL
/GAMES/MIRMAGIC/LEVELS/CLASSIC_/CLASSIC_/093.LVL
/GAMES/MIRMAGIC/LEVELS/CLASSIC_/CLASSIC_/094.LVL
/GAMES/MIRMAGIC/LEVELS/CLASSIC_/CLASSIC_/095.LVL
/GAMES/MIRMAGIC/LEVELS/CLASSIC_/CLASSIC_/096.LVL
/GAMES/MIRMAGIC/LEVELS/CLASSIC_/CLASSIC_/097.LVL
/GAMES/MIRMAGIC/LEVELS/CLASSIC_/CLASSIC_/098.LVL
/GAMES/MIRMAGIC/LEVELS/CLASSIC_/CLASSIC_/099.LVL
/GAMES/MIRMAGIC/LEVELS/CLASSIC_/CLASSIC_/LVLINFO.CNF
/GAMES/MIRMAGIC/LEVELS/CLASSIC_/LVLINFO.CNF
/GAMES/MIRMAGIC/MAKEFILE
/GAMES/MIRMAGIC/MIRROR.EXE
/GAMES/MIRMAGIC/MIRROR20.LSM
/GAMES/MIRMAGIC/MUSIC/
/GAMES/MIRMAGIC/MUSIC/MOD.ENT
/GAMES/MIRMAGIC/MUSIC/MOD.LK
/GAMES/MIRMAGIC/MUSIC/MOD.LOU
/GAMES/MIRMAGIC/MUSIC/TYGER.WAV
/GAMES/MIRMAGIC/MUSIC/VOYAGER.WAV
/GAMES/MIRMAGIC/README
/GAMES/MIRMAGIC/SOUNDS/
/GAMES/MIRMAGIC/SOUNDS/AMOEBE.WAV
/GAMES/MIRMAGIC/SOUNDS/ANTIGRAV.WAV
/GAMES/MIRMAGIC/SOUNDS/AUTSCH.WAV
/GAMES/MIRMAGIC/SOUNDS/BONG.WAV
/GAMES/MIRMAGIC/SOUNDS/FUEL.WAV
/GAMES/MIRMAGIC/SOUNDS/HALLOFFA.WAV
/GAMES/MIRMAGIC/SOUNDS/HOLZ.WAV
/GAMES/MIRMAGIC/SOUNDS/HUI.WAV
/GAMES/MIRMAGIC/SOUNDS/KABUMM.WAV
/GAMES/MIRMAGIC/SOUNDS/KINK.WAV
/GAMES/MIRMAGIC/SOUNDS/KLING.WAV
/GAMES/MIRMAGIC/SOUNDS/LASER.WAV
/GAMES/MIRMAGIC/SOUNDS/OEFFNEN.WAV
/GAMES/MIRMAGIC/SOUNDS/QUIEK.WAV
/GAMES/MIRMAGIC/SOUNDS/RHYTHMLO.WAV
/GAMES/MIRMAGIC/SOUNDS/ROAAAR.WAV
/GAMES/MIRMAGIC/SOUNDS/SIRR.WAV
/GAMES/MIRMAGIC/SOUNDS/SLURP.WAV
/GAMES/MIRMAGIC/SOUNDS/WARNTON.WAV
/GAMES/MIRMAGIC/SOUNDS/WHOOSH.WAV
/GAMES/MIRMAGIC/TODO
/SOURCE/
/SOURCE/MIRMAGIC/
/SOURCE/MIRMAGIC/SOURCES.ZIP/
/SOURCE/MIRMAGIC/SOURCES.ZIP/CARTOONS.C
/SOURCE/MIRMAGIC/SOURCES.ZIP/CARTOONS.H
/SOURCE/MIRMAGIC/SOURCES.ZIP/EDITOR.C
/SOURCE/MIRMAGIC/SOURCES.ZIP/EDITOR.H
/SOURCE/MIRMAGIC/SOURCES.ZIP/EVENTS.C
/SOURCE/MIRMAGIC/SOURCES.ZIP/EVENTS.H
/SOURCE/MIRMAGIC/SOURCES.ZIP/FILES.C
/SOURCE/MIRMAGIC/SOURCES.ZIP/FILES.H
/SOURCE/MIRMAGIC/SOURCES.ZIP/GAME.C
/SOURCE/MIRMAGIC/SOURCES.ZIP/GAME.H
/SOURCE/MIRMAGIC/SOURCES.ZIP/INIT.C
/SOURCE/MIRMAGIC/SOURCES.ZIP/INIT.H
/SOURCE/MIRMAGIC/SOURCES.ZIP/LIBGAME/
/SOURCE/MIRMAGIC/SOURCES.ZIP/LIBGAME/GADGETS.C
/SOURCE/MIRMAGIC/SOURCES.ZIP/LIBGAME/GADGETS.H
/SOURCE/MIRMAGIC/SOURCES.ZIP/LIBGAME/IMAGE.C
/SOURCE/MIRMAGIC/SOURCES.ZIP/LIBGAME/IMAGE.H
/SOURCE/MIRMAGIC/SOURCES.ZIP/LIBGAME/LIBGAME.H
/SOURCE/MIRMAGIC/SOURCES.ZIP/LIBGAME/MAKEFILE
/SOURCE/MIRMAGIC/SOURCES.ZIP/LIBGAME/MISC.C
/SOURCE/MIRMAGIC/SOURCES.ZIP/LIBGAME/MISC.H
/SOURCE/MIRMAGIC/SOURCES.ZIP/LIBGAME/MSDOS.C
/SOURCE/MIRMAGIC/SOURCES.ZIP/LIBGAME/MSDOS.H
/SOURCE/MIRMAGIC/SOURCES.ZIP/LIBGAME/PCX.C
/SOURCE/MIRMAGIC/SOURCES.ZIP/LIBGAME/PCX.H
/SOURCE/MIRMAGIC/SOURCES.ZIP/LIBGAME/PLATFORM.H
/SOURCE/MIRMAGIC/SOURCES.ZIP/LIBGAME/RANDOM.C
/SOURCE/MIRMAGIC/SOURCES.ZIP/LIBGAME/RANDOM.H
/SOURCE/MIRMAGIC/SOURCES.ZIP/LIBGAME/SDL.C
/SOURCE/MIRMAGIC/SOURCES.ZIP/LIBGAME/SDL.H
/SOURCE/MIRMAGIC/SOURCES.ZIP/LIBGAME/SOUND.C
/SOURCE/MIRMAGIC/SOURCES.ZIP/LIBGAME/SOUND.H
/SOURCE/MIRMAGIC/SOURCES.ZIP/LIBGAME/SYSTEM.C
/SOURCE/MIRMAGIC/SOURCES.ZIP/LIBGAME/SYSTEM.H
/SOURCE/MIRMAGIC/SOURCES.ZIP/LIBGAME/TEXT.C
/SOURCE/MIRMAGIC/SOURCES.ZIP/LIBGAME/TEXT.H
/SOURCE/MIRMAGIC/SOURCES.ZIP/LIBGAME/TYPES.H
/SOURCE/MIRMAGIC/SOURCES.ZIP/LIBGAME/X11.C
/SOURCE/MIRMAGIC/SOURCES.ZIP/LIBGAME/X11.H
/SOURCE/MIRMAGIC/SOURCES.ZIP/MAIN.C
/SOURCE/MIRMAGIC/SOURCES.ZIP/MAIN.H
/SOURCE/MIRMAGIC/SOURCES.ZIP/MAKEFILE
/SOURCE/MIRMAGIC/SOURCES.ZIP/SCREENS.C
/SOURCE/MIRMAGIC/SOURCES.ZIP/SCREENS.H
/SOURCE/MIRMAGIC/SOURCES.ZIP/TOOLS.C
/SOURCE/MIRMAGIC/SOURCES.ZIP/TOOLS.H
