/
/APPINFO/
/APPINFO/MSKERMIT.DE
/APPINFO/MSKERMIT.FR
/APPINFO/MSKERMIT.LSM
/APPINFO/MSKERMIT.SV
/APPINFO/MSKERMIT.TR
/NET/
/NET/MSKERMIT/
/NET/MSKERMIT/COLS132.BAT
/NET/MSKERMIT/COLS80.BAT
/NET/MSKERMIT/CYRILLIC/
/NET/MSKERMIT/CYRILLIC/KOI8.INI
/NET/MSKERMIT/CYRILLIC/LATINC.INI
/NET/MSKERMIT/CYRILLIC/READ.ME
/NET/MSKERMIT/CYRILLIC/SHORTKOI.INI
/NET/MSKERMIT/DIALUPS.TXT
/NET/MSKERMIT/HEBREW/
/NET/MSKERMIT/HEBREW/CP862.TBL
/NET/MSKERMIT/HEBREW/HEBREW.DOC
/NET/MSKERMIT/HEBREW/HEBREW.HLP
/NET/MSKERMIT/HEBREW/HEBREW.INI
/NET/MSKERMIT/HEBREW/HEBREW7.TBL
/NET/MSKERMIT/HEBREW/KEYMAP.PS
/NET/MSKERMIT/HEBREW/LATINH.TBL
/NET/MSKERMIT/HEBREW/READ.ME
/NET/MSKERMIT/KERMIT.BWR
/NET/MSKERMIT/KERMIT.EXE
/NET/MSKERMIT/KERMIT.HLP
/NET/MSKERMIT/KERMIT.UPD
/NET/MSKERMIT/KEYBOARD/
/NET/MSKERMIT/KEYBOARD/CAPSCTRL.COM
/NET/MSKERMIT/KEYBOARD/DASHER.INI
/NET/MSKERMIT/KEYBOARD/DGKEY.COM
/NET/MSKERMIT/KEYBOARD/DGKEY.DOC
/NET/MSKERMIT/KEYBOARD/EMACS.INI
/NET/MSKERMIT/KEYBOARD/GOLD.COM
/NET/MSKERMIT/KEYBOARD/GOLD.DOC
/NET/MSKERMIT/KEYBOARD/KANJI106.INI
/NET/MSKERMIT/KEYBOARD/MSULK2.COM
/NET/MSKERMIT/KEYBOARD/MSULK2.HLP
/NET/MSKERMIT/KEYBOARD/MSULKV.COM
/NET/MSKERMIT/KEYBOARD/READ.ME
/NET/MSKERMIT/KEYBOARD/VT300.DOC
/NET/MSKERMIT/KEYBOARD/VT300.INI
/NET/MSKERMIT/KEYBOARD/WPGGOLD.COM
/NET/MSKERMIT/KEYBOARD/WPGGOLD.DOC
/NET/MSKERMIT/MODEMS/
/NET/MSKERMIT/MODEMS/BESTDATA.SCR
/NET/MSKERMIT/MODEMS/BOCA.SCR
/NET/MSKERMIT/MODEMS/CONN144P.SCR
/NET/MSKERMIT/MODEMS/DATAPORT.SCR
/NET/MSKERMIT/MODEMS/DYNA1414.SCR
/NET/MSKERMIT/MODEMS/FASTALK2.SCR
/NET/MSKERMIT/MODEMS/HAYES.SCR
/NET/MSKERMIT/MODEMS/INTEL14.SCR
/NET/MSKERMIT/MODEMS/MT1432.SCR
/NET/MSKERMIT/MODEMS/PENRIL.SCR
/NET/MSKERMIT/MODEMS/PPI.SCR
/NET/MSKERMIT/MODEMS/QBLAZER.SCR
/NET/MSKERMIT/MODEMS/QX4232.SCR
/NET/MSKERMIT/MODEMS/READ.ME
/NET/MSKERMIT/MODEMS/ROLM.SCR
/NET/MSKERMIT/MODEMS/SPORT.SCR
/NET/MSKERMIT/MODEMS/SUPRA.SCR
/NET/MSKERMIT/MODEMS/T3000.SCR
/NET/MSKERMIT/MODEMS/TELEPCMC.SCR
/NET/MSKERMIT/MODEMS/ULTRA144.SCR
/NET/MSKERMIT/MODEMS/VIVA.SCR
/NET/MSKERMIT/MODEMS/ZOOM.SCR
/NET/MSKERMIT/MODEMS/ZYXEL.SCR
/NET/MSKERMIT/MSCUSTOM.INI
/NET/MSKERMIT/MSK315.DOC
/NET/MSKERMIT/MSK316.TXT
/NET/MSKERMIT/MSKERMIT.INI
/NET/MSKERMIT/NETWORKS/
/NET/MSKERMIT/NETWORKS/READ.ME
/NET/MSKERMIT/NETWORKS/SETUP.DOC
/NET/MSKERMIT/PERFORM/
/NET/MSKERMIT/PERFORM/PERFORM.DOC
/NET/MSKERMIT/ROMAN/
/NET/MSKERMIT/ROMAN/CP852.TBL
/NET/MSKERMIT/ROMAN/CP861.TBL
/NET/MSKERMIT/ROMAN/LATIN2.TBL
/NET/MSKERMIT/ROMAN/READ.ME
/NET/MSKERMIT/UTILS/
/NET/MSKERMIT/UTILS/PCPRINT.COM
/NET/MSKERMIT/UTILS/PCPRINT.MAN
/NET/MSKERMIT/UTILS/PCPRINT.SH
/NET/MSKERMIT/UTILS/READ.ME
/NET/MSKERMIT/UTILS/RECOVER.SCR
/NET/MSKERMIT/UTILS/UPLOAD.SCR
/NET/MSKERMIT/UTILS/XONXOFF.COM
/NET/MSKERMIT/UTILS/XONXOFF.HLP
/NET/MSKERMIT/UTILS/XSEND.EXE
/NET/MSKERMIT/UTILS/XSEND.HLP
/NET/MSKERMIT/WINDOWS/
/NET/MSKERMIT/WINDOWS/KERMIT.PIF
/NET/MSKERMIT/WINDOWS/READ.ME
/SOURCE/
/SOURCE/MSKERMIT/
/SOURCE/MSKERMIT/SOURCES.ZIP/
/SOURCE/MSKERMIT/SOURCES.ZIP/KER.LNK
/SOURCE/MSKERMIT/SOURCES.ZIP/MAKEFILE
/SOURCE/MSKERMIT/SOURCES.ZIP/MSGIBM.ASM
/SOURCE/MSKERMIT/SOURCES.ZIP/MSNARP.C
/SOURCE/MSKERMIT/SOURCES.ZIP/MSNBTP.C
/SOURCE/MSKERMIT/SOURCES.ZIP/MSNDNS.C
/SOURCE/MSKERMIT/SOURCES.ZIP/MSNICM.C
/SOURCE/MSKERMIT/SOURCES.ZIP/MSNLIB.C
/SOURCE/MSKERMIT/SOURCES.ZIP/MSNLIB.H
/SOURCE/MSKERMIT/SOURCES.ZIP/MSNPDI.ASM
/SOURCE/MSKERMIT/SOURCES.ZIP/MSNPKT.C
/SOURCE/MSKERMIT/SOURCES.ZIP/MSNSED.C
/SOURCE/MSKERMIT/SOURCES.ZIP/MSNTCP.C
/SOURCE/MSKERMIT/SOURCES.ZIP/MSNTCP.H
/SOURCE/MSKERMIT/SOURCES.ZIP/MSNTND.C
/SOURCE/MSKERMIT/SOURCES.ZIP/MSNTNI.ASM
/SOURCE/MSKERMIT/SOURCES.ZIP/MSNUT1.ASM
/SOURCE/MSKERMIT/SOURCES.ZIP/MSSCMD.ASM
/SOURCE/MSKERMIT/SOURCES.ZIP/MSSCOM.ASM
/SOURCE/MSKERMIT/SOURCES.ZIP/MSSDEF.H
/SOURCE/MSKERMIT/SOURCES.ZIP/MSSFIL.ASM
/SOURCE/MSKERMIT/SOURCES.ZIP/MSSKER.ASM
/SOURCE/MSKERMIT/SOURCES.ZIP/MSSRCV.ASM
/SOURCE/MSKERMIT/SOURCES.ZIP/MSSSCP.ASM
/SOURCE/MSKERMIT/SOURCES.ZIP/MSSSEN.ASM
/SOURCE/MSKERMIT/SOURCES.ZIP/MSSSER.ASM
/SOURCE/MSKERMIT/SOURCES.ZIP/MSSSET.ASM
/SOURCE/MSKERMIT/SOURCES.ZIP/MSSSHO.ASM
/SOURCE/MSKERMIT/SOURCES.ZIP/MSSTER.ASM
/SOURCE/MSKERMIT/SOURCES.ZIP/MSUIBM.ASM
/SOURCE/MSKERMIT/SOURCES.ZIP/MSXIBM.ASM
/SOURCE/MSKERMIT/SOURCES.ZIP/MSYIBM.ASM
/SOURCE/MSKERMIT/SOURCES.ZIP/MSZIBM.ASM
