/
/APPINFO/
/APPINFO/NGE_NIBB.DE
/APPINFO/NGE_NIBB.FR
/APPINFO/NGE_NIBB.LSM
/APPINFO/NGE_NIBB.SV
/APPINFO/NGE_NIBB.TR
/GAMES/
/GAMES/NGE_NIBB/
/GAMES/NGE_NIBB/ART/
/GAMES/NGE_NIBB/ART/BODY.SPR
/GAMES/NGE_NIBB/ART/GRAPE.SPR
/GAMES/NGE_NIBB/ART/HEAD.SPR
/GAMES/NGE_NIBB/ART/LOGO.RAW
/GAMES/NGE_NIBB/ART/SYSTEM.PAL
/GAMES/NGE_NIBB/ART/TAIL.SPR
/GAMES/NGE_NIBB/ART/X.SPR
/GAMES/NGE_NIBB/FONT/
/GAMES/NGE_NIBB/FONT/CALISTO.FNT
/GAMES/NGE_NIBB/GPL.TXT
/GAMES/NGE_NIBB/LEVELS/
/GAMES/NGE_NIBB/LEVELS/LEVEL1.RAW
/GAMES/NGE_NIBB/LEVELS/LEVEL1.SCP
/GAMES/NGE_NIBB/LEVELS/LEVEL2.RAW
/GAMES/NGE_NIBB/LEVELS/LEVEL2.SCP
/GAMES/NGE_NIBB/LEVELS/LEVEL3.RAW
/GAMES/NGE_NIBB/LEVELS/LEVEL3.SCP
/GAMES/NGE_NIBB/LEVELS/LEVEL4.RAW
/GAMES/NGE_NIBB/LEVELS/LEVEL4.SCP
/GAMES/NGE_NIBB/NIBBLES.EXE
/SOURCE/
/SOURCE/NGE_NIBB/
/SOURCE/NGE_NIBB/SOURCES.ZIP/
/SOURCE/NGE_NIBB/SOURCES.ZIP/GRABBERS/
/SOURCE/NGE_NIBB/SOURCES.ZIP/GRABBERS/FONTS/
/SOURCE/NGE_NIBB/SOURCES.ZIP/GRABBERS/FONTS/CALISTO.FNT
/SOURCE/NGE_NIBB/SOURCES.ZIP/GRABBERS/FONTS/FNTGRAB.GPR
/SOURCE/NGE_NIBB/SOURCES.ZIP/GRABBERS/FONTS/FONT3.RAW
/SOURCE/NGE_NIBB/SOURCES.ZIP/GRABBERS/FONTS/MAIN.CPP
/SOURCE/NGE_NIBB/SOURCES.ZIP/GRABBERS/FONTS/SYSTEM.PAL
/SOURCE/NGE_NIBB/SOURCES.ZIP/GRABBERS/SPRITES/
/SOURCE/NGE_NIBB/SOURCES.ZIP/GRABBERS/SPRITES/CALISTO.FNT
/SOURCE/NGE_NIBB/SOURCES.ZIP/GRABBERS/SPRITES/MAIN.CPP
/SOURCE/NGE_NIBB/SOURCES.ZIP/GRABBERS/SPRITES/NIB1.PAL
/SOURCE/NGE_NIBB/SOURCES.ZIP/GRABBERS/SPRITES/NIB1.RAW
/SOURCE/NGE_NIBB/SOURCES.ZIP/GRABBERS/SPRITES/SPRGRAB.GPR
/SOURCE/NGE_NIBB/SOURCES.ZIP/GRABBERS/SPRITES/SYSTEM.PAL
/SOURCE/NGE_NIBB/SOURCES.ZIP/NGENGINE/
/SOURCE/NGE_NIBB/SOURCES.ZIP/NGENGINE/DBLBUF.CPP
/SOURCE/NGE_NIBB/SOURCES.ZIP/NGENGINE/DBLBUF.H
/SOURCE/NGE_NIBB/SOURCES.ZIP/NGENGINE/FONT.CPP
/SOURCE/NGE_NIBB/SOURCES.ZIP/NGENGINE/FONT.H
/SOURCE/NGE_NIBB/SOURCES.ZIP/NGENGINE/MATHFUN.CPP
/SOURCE/NGE_NIBB/SOURCES.ZIP/NGENGINE/MATHFUN.H
/SOURCE/NGE_NIBB/SOURCES.ZIP/NGENGINE/SPRITE.CPP
/SOURCE/NGE_NIBB/SOURCES.ZIP/NGENGINE/SPRITE.H
/SOURCE/NGE_NIBB/SOURCES.ZIP/NGENGINE/VGA256.CPP
/SOURCE/NGE_NIBB/SOURCES.ZIP/NGENGINE/VGA256.H
/SOURCE/NGE_NIBB/SOURCES.ZIP/NIBBLES/
/SOURCE/NGE_NIBB/SOURCES.ZIP/NIBBLES/ART/
/SOURCE/NGE_NIBB/SOURCES.ZIP/NIBBLES/ART/BODY.SPR
/SOURCE/NGE_NIBB/SOURCES.ZIP/NIBBLES/ART/GRAPE.SPR
/SOURCE/NGE_NIBB/SOURCES.ZIP/NIBBLES/ART/HEAD.SPR
/SOURCE/NGE_NIBB/SOURCES.ZIP/NIBBLES/ART/LOGO.RAW
/SOURCE/NGE_NIBB/SOURCES.ZIP/NIBBLES/ART/SYSTEM.PAL
/SOURCE/NGE_NIBB/SOURCES.ZIP/NIBBLES/ART/TAIL.SPR
/SOURCE/NGE_NIBB/SOURCES.ZIP/NIBBLES/ART/X.SPR
/SOURCE/NGE_NIBB/SOURCES.ZIP/NIBBLES/AWORM.CPP
/SOURCE/NGE_NIBB/SOURCES.ZIP/NIBBLES/AWORM.H
/SOURCE/NGE_NIBB/SOURCES.ZIP/NIBBLES/BODY.CPP
/SOURCE/NGE_NIBB/SOURCES.ZIP/NIBBLES/BODY.H
/SOURCE/NGE_NIBB/SOURCES.ZIP/NIBBLES/FONT/
/SOURCE/NGE_NIBB/SOURCES.ZIP/NIBBLES/FONT/CALISTO.FNT
/SOURCE/NGE_NIBB/SOURCES.ZIP/NIBBLES/HEAD.CPP
/SOURCE/NGE_NIBB/SOURCES.ZIP/NIBBLES/HEAD.H
/SOURCE/NGE_NIBB/SOURCES.ZIP/NIBBLES/INTRO.CPP
/SOURCE/NGE_NIBB/SOURCES.ZIP/NIBBLES/INTRO.H
/SOURCE/NGE_NIBB/SOURCES.ZIP/NIBBLES/LEVEL.CPP
/SOURCE/NGE_NIBB/SOURCES.ZIP/NIBBLES/LEVEL.H
/SOURCE/NGE_NIBB/SOURCES.ZIP/NIBBLES/LEVELS/
/SOURCE/NGE_NIBB/SOURCES.ZIP/NIBBLES/LEVELS/LEVEL1.RAW
/SOURCE/NGE_NIBB/SOURCES.ZIP/NIBBLES/LEVELS/LEVEL1.SCP
/SOURCE/NGE_NIBB/SOURCES.ZIP/NIBBLES/LEVELS/LEVEL2.RAW
/SOURCE/NGE_NIBB/SOURCES.ZIP/NIBBLES/LEVELS/LEVEL2.SCP
/SOURCE/NGE_NIBB/SOURCES.ZIP/NIBBLES/LEVELS/LEVEL3.RAW
/SOURCE/NGE_NIBB/SOURCES.ZIP/NIBBLES/LEVELS/LEVEL3.SCP
/SOURCE/NGE_NIBB/SOURCES.ZIP/NIBBLES/LEVELS/LEVEL4.RAW
/SOURCE/NGE_NIBB/SOURCES.ZIP/NIBBLES/LEVELS/LEVEL4.SCP
/SOURCE/NGE_NIBB/SOURCES.ZIP/NIBBLES/MAIN.CPP
/SOURCE/NGE_NIBB/SOURCES.ZIP/NIBBLES/NIBBLES.GPR
