/
/APPINFO/
/APPINFO/NOUDAR.DE
/APPINFO/NOUDAR.FR
/APPINFO/NOUDAR.LSM
/APPINFO/NOUDAR.SV
/APPINFO/NOUDAR.TR
/GAMES/
/GAMES/NOUDAR/
/GAMES/NOUDAR/CWSDPMI.EXE
/GAMES/NOUDAR/DATA.PFS
/GAMES/NOUDAR/LICENSE.MD
/GAMES/NOUDAR/NOUDAR.EXE
/SOURCE/
/SOURCE/NOUDAR/
/SOURCE/NOUDAR/SOURCES.ZIP/
/SOURCE/NOUDAR/SOURCES.ZIP/DungeonsOfNoudar486/
/SOURCE/NOUDAR/SOURCES.ZIP/DungeonsOfNoudar486/CMakeLists.txt
/SOURCE/NOUDAR/SOURCES.ZIP/DungeonsOfNoudar486/DOSVersion/
/SOURCE/NOUDAR/SOURCES.ZIP/DungeonsOfNoudar486/DOSVersion/CDOSRenderer.cpp
/SOURCE/NOUDAR/SOURCES.ZIP/DungeonsOfNoudar486/Makefile
/SOURCE/NOUDAR/SOURCES.ZIP/DungeonsOfNoudar486/Makefile.SDL
/SOURCE/NOUDAR/SOURCES.ZIP/DungeonsOfNoudar486/OPL2LPT/
/SOURCE/NOUDAR/SOURCES.ZIP/DungeonsOfNoudar486/OPL2LPT/MusicDOS.cpp
/SOURCE/NOUDAR/SOURCES.ZIP/DungeonsOfNoudar486/OPL2LPT/MusicSDL.cpp
/SOURCE/NOUDAR/SOURCES.ZIP/DungeonsOfNoudar486/OPL2LPT/OPL2.cpp
/SOURCE/NOUDAR/SOURCES.ZIP/DungeonsOfNoudar486/OPL2LPT/OPL2.h
/SOURCE/NOUDAR/SOURCES.ZIP/DungeonsOfNoudar486/OPL2LPT/controller.cpp
/SOURCE/NOUDAR/SOURCES.ZIP/DungeonsOfNoudar486/OPL2LPT/controller.h
/SOURCE/NOUDAR/SOURCES.ZIP/DungeonsOfNoudar486/OPL2LPT/midi_instruments.h
/SOURCE/NOUDAR/SOURCES.ZIP/DungeonsOfNoudar486/OPL2LPT/timer.cpp
/SOURCE/NOUDAR/SOURCES.ZIP/DungeonsOfNoudar486/OPL2LPT/timer.h
/SOURCE/NOUDAR/SOURCES.ZIP/DungeonsOfNoudar486/SDLVersion/
/SOURCE/NOUDAR/SOURCES.ZIP/DungeonsOfNoudar486/SDLVersion/CSDLRenderer.cpp
/SOURCE/NOUDAR/SOURCES.ZIP/DungeonsOfNoudar486/cmake_find/
/SOURCE/NOUDAR/SOURCES.ZIP/DungeonsOfNoudar486/cmake_find/FindSDL2.cmake
/SOURCE/NOUDAR/SOURCES.ZIP/DungeonsOfNoudar486/cmake_find/FindSDL2_image.cmake
/SOURCE/NOUDAR/SOURCES.ZIP/DungeonsOfNoudar486/cmake_find/FindSDL2_mixer.cmake
/SOURCE/NOUDAR/SOURCES.ZIP/DungeonsOfNoudar486/cmake_find/FindSDL2_ttf.cmake
/SOURCE/NOUDAR/SOURCES.ZIP/DungeonsOfNoudar486/events.cpp
/SOURCE/NOUDAR/SOURCES.ZIP/DungeonsOfNoudar486/include/
/SOURCE/NOUDAR/SOURCES.ZIP/DungeonsOfNoudar486/include/CPackedFileReader.h
/SOURCE/NOUDAR/SOURCES.ZIP/DungeonsOfNoudar486/include/CRenderer.h
/SOURCE/NOUDAR/SOURCES.ZIP/DungeonsOfNoudar486/include/CTile3DProperties.h
/SOURCE/NOUDAR/SOURCES.ZIP/DungeonsOfNoudar486/include/MapWithCharKey.h
/SOURCE/NOUDAR/SOURCES.ZIP/DungeonsOfNoudar486/include/RasterizerCommon.h
/SOURCE/NOUDAR/SOURCES.ZIP/DungeonsOfNoudar486/include/RaycastCommon.h
/SOURCE/NOUDAR/SOURCES.ZIP/DungeonsOfNoudar486/include/VisibilityStrategy.h
/SOURCE/NOUDAR/SOURCES.ZIP/DungeonsOfNoudar486/main.cpp
/SOURCE/NOUDAR/SOURCES.ZIP/DungeonsOfNoudar486/packer.cpp
/SOURCE/NOUDAR/SOURCES.ZIP/DungeonsOfNoudar486/res/
/SOURCE/NOUDAR/SOURCES.ZIP/DungeonsOfNoudar486/res/CocoonStanding0.png
/SOURCE/NOUDAR/SOURCES.ZIP/DungeonsOfNoudar486/res/EvilSpiritAttack0.png
/SOURCE/NOUDAR/SOURCES.ZIP/DungeonsOfNoudar486/res/FallenAttack0.png
/SOURCE/NOUDAR/SOURCES.ZIP/DungeonsOfNoudar486/res/MonkAttack0.png
/SOURCE/NOUDAR/SOURCES.ZIP/DungeonsOfNoudar486/res/StrongDemonAttack0.png
/SOURCE/NOUDAR/SOURCES.ZIP/DungeonsOfNoudar486/res/WarthogAttack0.png
/SOURCE/NOUDAR/SOURCES.ZIP/DungeonsOfNoudar486/res/WeakDemonAttack0.png
/SOURCE/NOUDAR/SOURCES.ZIP/DungeonsOfNoudar486/res/arch.png
/SOURCE/NOUDAR/SOURCES.ZIP/DungeonsOfNoudar486/res/bars.png
/SOURCE/NOUDAR/SOURCES.ZIP/DungeonsOfNoudar486/res/bricks.png
/SOURCE/NOUDAR/SOURCES.ZIP/DungeonsOfNoudar486/res/bricks2.png
/SOURCE/NOUDAR/SOURCES.ZIP/DungeonsOfNoudar486/res/bricks_blood.png
/SOURCE/NOUDAR/SOURCES.ZIP/DungeonsOfNoudar486/res/bricks_candles.png
/SOURCE/NOUDAR/SOURCES.ZIP/DungeonsOfNoudar486/res/ceiling.png
/SOURCE/NOUDAR/SOURCES.ZIP/DungeonsOfNoudar486/res/ceilingbars.png
/SOURCE/NOUDAR/SOURCES.ZIP/DungeonsOfNoudar486/res/ceilingbegin.png
/SOURCE/NOUDAR/SOURCES.ZIP/DungeonsOfNoudar486/res/ceilingdoor.png
/SOURCE/NOUDAR/SOURCES.ZIP/DungeonsOfNoudar486/res/ceilingend.png
/SOURCE/NOUDAR/SOURCES.ZIP/DungeonsOfNoudar486/res/chapter0.txt
/SOURCE/NOUDAR/SOURCES.ZIP/DungeonsOfNoudar486/res/chapter1.txt
/SOURCE/NOUDAR/SOURCES.ZIP/DungeonsOfNoudar486/res/chapter2.txt
/SOURCE/NOUDAR/SOURCES.ZIP/DungeonsOfNoudar486/res/chapter3.txt
/SOURCE/NOUDAR/SOURCES.ZIP/DungeonsOfNoudar486/res/chapter4.txt
/SOURCE/NOUDAR/SOURCES.ZIP/DungeonsOfNoudar486/res/chapter5.txt
/SOURCE/NOUDAR/SOURCES.ZIP/DungeonsOfNoudar486/res/chapter6.txt
/SOURCE/NOUDAR/SOURCES.ZIP/DungeonsOfNoudar486/res/chapter7.txt
/SOURCE/NOUDAR/SOURCES.ZIP/DungeonsOfNoudar486/res/clouds.png
/SOURCE/NOUDAR/SOURCES.ZIP/DungeonsOfNoudar486/res/cobblestone.png
/SOURCE/NOUDAR/SOURCES.ZIP/DungeonsOfNoudar486/res/crossbow.png
/SOURCE/NOUDAR/SOURCES.ZIP/DungeonsOfNoudar486/res/falcata.png
/SOURCE/NOUDAR/SOURCES.ZIP/DungeonsOfNoudar486/res/fence.png
/SOURCE/NOUDAR/SOURCES.ZIP/DungeonsOfNoudar486/res/finis_gloriae_mundi.png
/SOURCE/NOUDAR/SOURCES.ZIP/DungeonsOfNoudar486/res/font.png
/SOURCE/NOUDAR/SOURCES.ZIP/DungeonsOfNoudar486/res/gameover.txt
/SOURCE/NOUDAR/SOURCES.ZIP/DungeonsOfNoudar486/res/grass.png
/SOURCE/NOUDAR/SOURCES.ZIP/DungeonsOfNoudar486/res/grass2.png
/SOURCE/NOUDAR/SOURCES.ZIP/DungeonsOfNoudar486/res/in_ictu_oculi.png
/SOURCE/NOUDAR/SOURCES.ZIP/DungeonsOfNoudar486/res/intro.png
/SOURCE/NOUDAR/SOURCES.ZIP/DungeonsOfNoudar486/res/lava0.png
/SOURCE/NOUDAR/SOURCES.ZIP/DungeonsOfNoudar486/res/lava1.png
/SOURCE/NOUDAR/SOURCES.ZIP/DungeonsOfNoudar486/res/logo.png
/SOURCE/NOUDAR/SOURCES.ZIP/DungeonsOfNoudar486/res/map0.txt
/SOURCE/NOUDAR/SOURCES.ZIP/DungeonsOfNoudar486/res/map1.txt
/SOURCE/NOUDAR/SOURCES.ZIP/DungeonsOfNoudar486/res/map2.txt
/SOURCE/NOUDAR/SOURCES.ZIP/DungeonsOfNoudar486/res/map3.txt
/SOURCE/NOUDAR/SOURCES.ZIP/DungeonsOfNoudar486/res/map4.txt
/SOURCE/NOUDAR/SOURCES.ZIP/DungeonsOfNoudar486/res/map5.txt
/SOURCE/NOUDAR/SOURCES.ZIP/DungeonsOfNoudar486/res/map6.txt
/SOURCE/NOUDAR/SOURCES.ZIP/DungeonsOfNoudar486/res/map7.txt
/SOURCE/NOUDAR/SOURCES.ZIP/DungeonsOfNoudar486/res/rope.png
/SOURCE/NOUDAR/SOURCES.ZIP/DungeonsOfNoudar486/res/seal.png
/SOURCE/NOUDAR/SOURCES.ZIP/DungeonsOfNoudar486/res/shield.png
/SOURCE/NOUDAR/SOURCES.ZIP/DungeonsOfNoudar486/res/slot.png
/SOURCE/NOUDAR/SOURCES.ZIP/DungeonsOfNoudar486/res/splat0.png
/SOURCE/NOUDAR/SOURCES.ZIP/DungeonsOfNoudar486/res/splat1.png
/SOURCE/NOUDAR/SOURCES.ZIP/DungeonsOfNoudar486/res/splat2.png
/SOURCE/NOUDAR/SOURCES.ZIP/DungeonsOfNoudar486/res/stoneceiling.png
/SOURCE/NOUDAR/SOURCES.ZIP/DungeonsOfNoudar486/res/stonefloor.png
/SOURCE/NOUDAR/SOURCES.ZIP/DungeonsOfNoudar486/res/tile.png
/SOURCE/NOUDAR/SOURCES.ZIP/DungeonsOfNoudar486/res/tiles0.lst
/SOURCE/NOUDAR/SOURCES.ZIP/DungeonsOfNoudar486/res/tiles0.prp
/SOURCE/NOUDAR/SOURCES.ZIP/DungeonsOfNoudar486/res/tiles1.lst
/SOURCE/NOUDAR/SOURCES.ZIP/DungeonsOfNoudar486/res/tiles1.prp
/SOURCE/NOUDAR/SOURCES.ZIP/DungeonsOfNoudar486/res/tiles2.lst
/SOURCE/NOUDAR/SOURCES.ZIP/DungeonsOfNoudar486/res/tiles2.prp
/SOURCE/NOUDAR/SOURCES.ZIP/DungeonsOfNoudar486/res/tiles3.lst
/SOURCE/NOUDAR/SOURCES.ZIP/DungeonsOfNoudar486/res/tiles3.prp
/SOURCE/NOUDAR/SOURCES.ZIP/DungeonsOfNoudar486/res/tiles4.lst
/SOURCE/NOUDAR/SOURCES.ZIP/DungeonsOfNoudar486/res/tiles4.prp
/SOURCE/NOUDAR/SOURCES.ZIP/DungeonsOfNoudar486/res/tiles5.lst
/SOURCE/NOUDAR/SOURCES.ZIP/DungeonsOfNoudar486/res/tiles5.prp
/SOURCE/NOUDAR/SOURCES.ZIP/DungeonsOfNoudar486/res/tiles6.lst
/SOURCE/NOUDAR/SOURCES.ZIP/DungeonsOfNoudar486/res/tiles6.prp
/SOURCE/NOUDAR/SOURCES.ZIP/DungeonsOfNoudar486/res/title.txt
/SOURCE/NOUDAR/SOURCES.ZIP/DungeonsOfNoudar486/res/token.png
/SOURCE/NOUDAR/SOURCES.ZIP/DungeonsOfNoudar486/src/
/SOURCE/NOUDAR/SOURCES.ZIP/DungeonsOfNoudar486/src/CPackedFileReader.cpp
/SOURCE/NOUDAR/SOURCES.ZIP/DungeonsOfNoudar486/src/CRenderer.cpp
/SOURCE/NOUDAR/SOURCES.ZIP/DungeonsOfNoudar486/src/CRenderer_Rasterization.cpp
/SOURCE/NOUDAR/SOURCES.ZIP/DungeonsOfNoudar486/src/CRenderer_Tesselation.cpp
/SOURCE/NOUDAR/SOURCES.ZIP/DungeonsOfNoudar486/src/CTile3DProperties.cpp
/SOURCE/NOUDAR/SOURCES.ZIP/DungeonsOfNoudar486/src/NativeBitmap.cpp
/SOURCE/NOUDAR/SOURCES.ZIP/DungeonsOfNoudar486/src/RasterizerCommon.cpp
/SOURCE/NOUDAR/SOURCES.ZIP/DungeonsOfNoudar486/src/VisibilityStrategy.cpp
/SOURCE/NOUDAR/SOURCES.ZIP/fixed_point/
/SOURCE/NOUDAR/SOURCES.ZIP/fixed_point/.appveyor.yml
/SOURCE/NOUDAR/SOURCES.ZIP/fixed_point/.editorconfig
/SOURCE/NOUDAR/SOURCES.ZIP/fixed_point/.gitmodules
/SOURCE/NOUDAR/SOURCES.ZIP/fixed_point/.travis-setup-linux.sh
/SOURCE/NOUDAR/SOURCES.ZIP/fixed_point/.travis.yml
/SOURCE/NOUDAR/SOURCES.ZIP/fixed_point/CMakeLists.txt
/SOURCE/NOUDAR/SOURCES.ZIP/fixed_point/LICENSE_1_0.txt
/SOURCE/NOUDAR/SOURCES.ZIP/fixed_point/README.md
/SOURCE/NOUDAR/SOURCES.ZIP/fixed_point/doc/
/SOURCE/NOUDAR/SOURCES.ZIP/fixed_point/doc/CMakeLists.txt
/SOURCE/NOUDAR/SOURCES.ZIP/fixed_point/doc/Doxyfile
/SOURCE/NOUDAR/SOURCES.ZIP/fixed_point/doc/gh-pages/
/SOURCE/NOUDAR/SOURCES.ZIP/fixed_point/doc/gh-pages/annotated.html
/SOURCE/NOUDAR/SOURCES.ZIP/fixed_point/doc/gh-pages/bc_s.png
/SOURCE/NOUDAR/SOURCES.ZIP/fixed_point/doc/gh-pages/bdwn.png
/SOURCE/NOUDAR/SOURCES.ZIP/fixed_point/doc/gh-pages/classes.html
/SOURCE/NOUDAR/SOURCES.ZIP/fixed_point/doc/gh-pages/classsg14_1_1const__integer-members.html
/SOURCE/NOUDAR/SOURCES.ZIP/fixed_point/doc/gh-pages/classsg14_1_1const__integer.html
/SOURCE/NOUDAR/SOURCES.ZIP/fixed_point/doc/gh-pages/classsg14_1_1elastic__integer-members.html
/SOURCE/NOUDAR/SOURCES.ZIP/fixed_point/doc/gh-pages/classsg14_1_1elastic__integer.html
/SOURCE/NOUDAR/SOURCES.ZIP/fixed_point/doc/gh-pages/classsg14_1_1fixed__point-members.html
/SOURCE/NOUDAR/SOURCES.ZIP/fixed_point/doc/gh-pages/classsg14_1_1fixed__point.html
/SOURCE/NOUDAR/SOURCES.ZIP/fixed_point/doc/gh-pages/closed.png
/SOURCE/NOUDAR/SOURCES.ZIP/fixed_point/doc/gh-pages/common_8h_source.html
/SOURCE/NOUDAR/SOURCES.ZIP/fixed_point/doc/gh-pages/config_8h_source.html
/SOURCE/NOUDAR/SOURCES.ZIP/fixed_point/doc/gh-pages/const__integer_8h_source.html
/SOURCE/NOUDAR/SOURCES.ZIP/fixed_point/doc/gh-pages/dir_46d14ea7bd85bf8c071692ac7481d6e4.html
/SOURCE/NOUDAR/SOURCES.ZIP/fixed_point/doc/gh-pages/dir_75ed6d28de03590354d2ae6e8fbfe7fb.html
/SOURCE/NOUDAR/SOURCES.ZIP/fixed_point/doc/gh-pages/dir_a792a3f53dd6768cbaaba1d198a86c16.html
/SOURCE/NOUDAR/SOURCES.ZIP/fixed_point/doc/gh-pages/doc.png
/SOURCE/NOUDAR/SOURCES.ZIP/fixed_point/doc/gh-pages/doxygen.css
/SOURCE/NOUDAR/SOURCES.ZIP/fixed_point/doc/gh-pages/doxygen.png
/SOURCE/NOUDAR/SOURCES.ZIP/fixed_point/doc/gh-pages/dynsections.js
/SOURCE/NOUDAR/SOURCES.ZIP/fixed_point/doc/gh-pages/elastic__fixed__point_8h_source.html
/SOURCE/NOUDAR/SOURCES.ZIP/fixed_point/doc/gh-pages/elastic__integer_8h_source.html
/SOURCE/NOUDAR/SOURCES.ZIP/fixed_point/doc/gh-pages/fixed__point__arithmetic_8h_source.html
/SOURCE/NOUDAR/SOURCES.ZIP/fixed_point/doc/gh-pages/fixed__point__common__type_8h_source.html
/SOURCE/NOUDAR/SOURCES.ZIP/fixed_point/doc/gh-pages/fixed__point__extras_8h_source.html
/SOURCE/NOUDAR/SOURCES.ZIP/fixed_point/doc/gh-pages/fixed__point__make_8h_source.html
/SOURCE/NOUDAR/SOURCES.ZIP/fixed_point/doc/gh-pages/fixed__point__math_8h_source.html
/SOURCE/NOUDAR/SOURCES.ZIP/fixed_point/doc/gh-pages/fixed__point__named_8h_source.html
/SOURCE/NOUDAR/SOURCES.ZIP/fixed_point/doc/gh-pages/fixed__point__operators_8h_source.html
/SOURCE/NOUDAR/SOURCES.ZIP/fixed_point/doc/gh-pages/fixed__point__type_8h_source.html
/SOURCE/NOUDAR/SOURCES.ZIP/fixed_point/doc/gh-pages/folderclosed.png
/SOURCE/NOUDAR/SOURCES.ZIP/fixed_point/doc/gh-pages/folderopen.png
/SOURCE/NOUDAR/SOURCES.ZIP/fixed_point/doc/gh-pages/functions.html
/SOURCE/NOUDAR/SOURCES.ZIP/fixed_point/doc/gh-pages/functions_func.html
/SOURCE/NOUDAR/SOURCES.ZIP/fixed_point/doc/gh-pages/functions_type.html
/SOURCE/NOUDAR/SOURCES.ZIP/fixed_point/doc/gh-pages/functions_vars.html
/SOURCE/NOUDAR/SOURCES.ZIP/fixed_point/doc/gh-pages/index.html
/SOURCE/NOUDAR/SOURCES.ZIP/fixed_point/doc/gh-pages/jquery.js
/SOURCE/NOUDAR/SOURCES.ZIP/fixed_point/doc/gh-pages/limits_8h_source.html
/SOURCE/NOUDAR/SOURCES.ZIP/fixed_point/doc/gh-pages/menu.js
/SOURCE/NOUDAR/SOURCES.ZIP/fixed_point/doc/gh-pages/menudata.js
/SOURCE/NOUDAR/SOURCES.ZIP/fixed_point/doc/gh-pages/multiprecision_8h_source.html
/SOURCE/NOUDAR/SOURCES.ZIP/fixed_point/doc/gh-pages/namespacemembers.html
/SOURCE/NOUDAR/SOURCES.ZIP/fixed_point/doc/gh-pages/namespacemembers_func.html
/SOURCE/NOUDAR/SOURCES.ZIP/fixed_point/doc/gh-pages/namespacemembers_type.html
/SOURCE/NOUDAR/SOURCES.ZIP/fixed_point/doc/gh-pages/namespaces.html
/SOURCE/NOUDAR/SOURCES.ZIP/fixed_point/doc/gh-pages/namespacesg14.html
/SOURCE/NOUDAR/SOURCES.ZIP/fixed_point/doc/gh-pages/namespacesg14_1_1literals.html
/SOURCE/NOUDAR/SOURCES.ZIP/fixed_point/doc/gh-pages/nav_f.png
/SOURCE/NOUDAR/SOURCES.ZIP/fixed_point/doc/gh-pages/nav_g.png
/SOURCE/NOUDAR/SOURCES.ZIP/fixed_point/doc/gh-pages/nav_h.png
/SOURCE/NOUDAR/SOURCES.ZIP/fixed_point/doc/gh-pages/num__traits_8h_source.html
/SOURCE/NOUDAR/SOURCES.ZIP/fixed_point/doc/gh-pages/number__base_8h_source.html
/SOURCE/NOUDAR/SOURCES.ZIP/fixed_point/doc/gh-pages/numeric_8h_source.html
/SOURCE/NOUDAR/SOURCES.ZIP/fixed_point/doc/gh-pages/open.png
/SOURCE/NOUDAR/SOURCES.ZIP/fixed_point/doc/gh-pages/overflow_8h_source.html
/SOURCE/NOUDAR/SOURCES.ZIP/fixed_point/doc/gh-pages/precise__integer_8h_source.html
/SOURCE/NOUDAR/SOURCES.ZIP/fixed_point/doc/gh-pages/safe__integer_8h_source.html
/SOURCE/NOUDAR/SOURCES.ZIP/fixed_point/doc/gh-pages/search/
/SOURCE/NOUDAR/SOURCES.ZIP/fixed_point/doc/gh-pages/search/all_0.html
/SOURCE/NOUDAR/SOURCES.ZIP/fixed_point/doc/gh-pages/search/all_0.js
/SOURCE/NOUDAR/SOURCES.ZIP/fixed_point/doc/gh-pages/search/all_1.html
/SOURCE/NOUDAR/SOURCES.ZIP/fixed_point/doc/gh-pages/search/all_1.js
/SOURCE/NOUDAR/SOURCES.ZIP/fixed_point/doc/gh-pages/search/all_2.html
/SOURCE/NOUDAR/SOURCES.ZIP/fixed_point/doc/gh-pages/search/all_2.js
/SOURCE/NOUDAR/SOURCES.ZIP/fixed_point/doc/gh-pages/search/all_3.html
/SOURCE/NOUDAR/SOURCES.ZIP/fixed_point/doc/gh-pages/search/all_3.js
/SOURCE/NOUDAR/SOURCES.ZIP/fixed_point/doc/gh-pages/search/all_4.html
/SOURCE/NOUDAR/SOURCES.ZIP/fixed_point/doc/gh-pages/search/all_4.js
/SOURCE/NOUDAR/SOURCES.ZIP/fixed_point/doc/gh-pages/search/all_5.html
/SOURCE/NOUDAR/SOURCES.ZIP/fixed_point/doc/gh-pages/search/all_5.js
/SOURCE/NOUDAR/SOURCES.ZIP/fixed_point/doc/gh-pages/search/all_6.html
/SOURCE/NOUDAR/SOURCES.ZIP/fixed_point/doc/gh-pages/search/all_6.js
/SOURCE/NOUDAR/SOURCES.ZIP/fixed_point/doc/gh-pages/search/all_7.html
/SOURCE/NOUDAR/SOURCES.ZIP/fixed_point/doc/gh-pages/search/all_7.js
/SOURCE/NOUDAR/SOURCES.ZIP/fixed_point/doc/gh-pages/search/all_8.html
/SOURCE/NOUDAR/SOURCES.ZIP/fixed_point/doc/gh-pages/search/all_8.js
/SOURCE/NOUDAR/SOURCES.ZIP/fixed_point/doc/gh-pages/search/all_9.html
/SOURCE/NOUDAR/SOURCES.ZIP/fixed_point/doc/gh-pages/search/all_9.js
/SOURCE/NOUDAR/SOURCES.ZIP/fixed_point/doc/gh-pages/search/all_a.html
/SOURCE/NOUDAR/SOURCES.ZIP/fixed_point/doc/gh-pages/search/all_a.js
/SOURCE/NOUDAR/SOURCES.ZIP/fixed_point/doc/gh-pages/search/all_b.html
/SOURCE/NOUDAR/SOURCES.ZIP/fixed_point/doc/gh-pages/search/all_b.js
/SOURCE/NOUDAR/SOURCES.ZIP/fixed_point/doc/gh-pages/search/classes_0.html
/SOURCE/NOUDAR/SOURCES.ZIP/fixed_point/doc/gh-pages/search/classes_0.js
/SOURCE/NOUDAR/SOURCES.ZIP/fixed_point/doc/gh-pages/search/classes_1.html
/SOURCE/NOUDAR/SOURCES.ZIP/fixed_point/doc/gh-pages/search/classes_1.js
/SOURCE/NOUDAR/SOURCES.ZIP/fixed_point/doc/gh-pages/search/classes_2.html
/SOURCE/NOUDAR/SOURCES.ZIP/fixed_point/doc/gh-pages/search/classes_2.js
/SOURCE/NOUDAR/SOURCES.ZIP/fixed_point/doc/gh-pages/search/close.png
/SOURCE/NOUDAR/SOURCES.ZIP/fixed_point/doc/gh-pages/search/functions_0.html
/SOURCE/NOUDAR/SOURCES.ZIP/fixed_point/doc/gh-pages/search/functions_0.js
/SOURCE/NOUDAR/SOURCES.ZIP/fixed_point/doc/gh-pages/search/functions_1.html
/SOURCE/NOUDAR/SOURCES.ZIP/fixed_point/doc/gh-pages/search/functions_1.js
/SOURCE/NOUDAR/SOURCES.ZIP/fixed_point/doc/gh-pages/search/functions_2.html
/SOURCE/NOUDAR/SOURCES.ZIP/fixed_point/doc/gh-pages/search/functions_2.js
/SOURCE/NOUDAR/SOURCES.ZIP/fixed_point/doc/gh-pages/search/functions_3.html
/SOURCE/NOUDAR/SOURCES.ZIP/fixed_point/doc/gh-pages/search/functions_3.js
/SOURCE/NOUDAR/SOURCES.ZIP/fixed_point/doc/gh-pages/search/functions_4.html
/SOURCE/NOUDAR/SOURCES.ZIP/fixed_point/doc/gh-pages/search/functions_4.js
/SOURCE/NOUDAR/SOURCES.ZIP/fixed_point/doc/gh-pages/search/functions_5.html
/SOURCE/NOUDAR/SOURCES.ZIP/fixed_point/doc/gh-pages/search/functions_5.js
/SOURCE/NOUDAR/SOURCES.ZIP/fixed_point/doc/gh-pages/search/functions_6.html
/SOURCE/NOUDAR/SOURCES.ZIP/fixed_point/doc/gh-pages/search/functions_6.js
/SOURCE/NOUDAR/SOURCES.ZIP/fixed_point/doc/gh-pages/search/functions_7.html
/SOURCE/NOUDAR/SOURCES.ZIP/fixed_point/doc/gh-pages/search/functions_7.js
/SOURCE/NOUDAR/SOURCES.ZIP/fixed_point/doc/gh-pages/search/mag_sel.png
/SOURCE/NOUDAR/SOURCES.ZIP/fixed_point/doc/gh-pages/search/namespaces_0.html
/SOURCE/NOUDAR/SOURCES.ZIP/fixed_point/doc/gh-pages/search/namespaces_0.js
/SOURCE/NOUDAR/SOURCES.ZIP/fixed_point/doc/gh-pages/search/nomatches.html
/SOURCE/NOUDAR/SOURCES.ZIP/fixed_point/doc/gh-pages/search/pages_0.html
/SOURCE/NOUDAR/SOURCES.ZIP/fixed_point/doc/gh-pages/search/pages_0.js
/SOURCE/NOUDAR/SOURCES.ZIP/fixed_point/doc/gh-pages/search/search.css
/SOURCE/NOUDAR/SOURCES.ZIP/fixed_point/doc/gh-pages/search/search.js
/SOURCE/NOUDAR/SOURCES.ZIP/fixed_point/doc/gh-pages/search/search_l.png
/SOURCE/NOUDAR/SOURCES.ZIP/fixed_point/doc/gh-pages/search/search_m.png
/SOURCE/NOUDAR/SOURCES.ZIP/fixed_point/doc/gh-pages/search/search_r.png
/SOURCE/NOUDAR/SOURCES.ZIP/fixed_point/doc/gh-pages/search/searchdata.js
/SOURCE/NOUDAR/SOURCES.ZIP/fixed_point/doc/gh-pages/search/typedefs_0.html
/SOURCE/NOUDAR/SOURCES.ZIP/fixed_point/doc/gh-pages/search/typedefs_0.js
/SOURCE/NOUDAR/SOURCES.ZIP/fixed_point/doc/gh-pages/search/typedefs_1.html
/SOURCE/NOUDAR/SOURCES.ZIP/fixed_point/doc/gh-pages/search/typedefs_1.js
/SOURCE/NOUDAR/SOURCES.ZIP/fixed_point/doc/gh-pages/search/typedefs_2.html
/SOURCE/NOUDAR/SOURCES.ZIP/fixed_point/doc/gh-pages/search/typedefs_2.js
/SOURCE/NOUDAR/SOURCES.ZIP/fixed_point/doc/gh-pages/search/typedefs_3.html
/SOURCE/NOUDAR/SOURCES.ZIP/fixed_point/doc/gh-pages/search/typedefs_3.js
/SOURCE/NOUDAR/SOURCES.ZIP/fixed_point/doc/gh-pages/search/variables_0.html
/SOURCE/NOUDAR/SOURCES.ZIP/fixed_point/doc/gh-pages/search/variables_0.js
/SOURCE/NOUDAR/SOURCES.ZIP/fixed_point/doc/gh-pages/search/variables_1.html
/SOURCE/NOUDAR/SOURCES.ZIP/fixed_point/doc/gh-pages/search/variables_1.js
/SOURCE/NOUDAR/SOURCES.ZIP/fixed_point/doc/gh-pages/search/variables_2.html
/SOURCE/NOUDAR/SOURCES.ZIP/fixed_point/doc/gh-pages/search/variables_2.js
/SOURCE/NOUDAR/SOURCES.ZIP/fixed_point/doc/gh-pages/search/variables_3.html
/SOURCE/NOUDAR/SOURCES.ZIP/fixed_point/doc/gh-pages/search/variables_3.js
/SOURCE/NOUDAR/SOURCES.ZIP/fixed_point/doc/gh-pages/splitbar.png
/SOURCE/NOUDAR/SOURCES.ZIP/fixed_point/doc/gh-pages/sync_off.png
/SOURCE/NOUDAR/SOURCES.ZIP/fixed_point/doc/gh-pages/sync_on.png
/SOURCE/NOUDAR/SOURCES.ZIP/fixed_point/doc/gh-pages/tab_a.png
/SOURCE/NOUDAR/SOURCES.ZIP/fixed_point/doc/gh-pages/tab_b.png
/SOURCE/NOUDAR/SOURCES.ZIP/fixed_point/doc/gh-pages/tab_h.png
/SOURCE/NOUDAR/SOURCES.ZIP/fixed_point/doc/gh-pages/tab_s.png
/SOURCE/NOUDAR/SOURCES.ZIP/fixed_point/doc/gh-pages/tabs.css
/SOURCE/NOUDAR/SOURCES.ZIP/fixed_point/doc/gh-pages/type__traits_8h_source.html
/SOURCE/NOUDAR/SOURCES.ZIP/fixed_point/doc/index.md
/SOURCE/NOUDAR/SOURCES.ZIP/fixed_point/doc/p0037.md
/SOURCE/NOUDAR/SOURCES.ZIP/fixed_point/doc/p0037r0.md
/SOURCE/NOUDAR/SOURCES.ZIP/fixed_point/doc/p0037r1.md
/SOURCE/NOUDAR/SOURCES.ZIP/fixed_point/doc/p0037r2.md
/SOURCE/NOUDAR/SOURCES.ZIP/fixed_point/doc/p0037r3.md
/SOURCE/NOUDAR/SOURCES.ZIP/fixed_point/doc/p0381.md
/SOURCE/NOUDAR/SOURCES.ZIP/fixed_point/doc/p0381r0.md
/SOURCE/NOUDAR/SOURCES.ZIP/fixed_point/doc/p0381r1.md
/SOURCE/NOUDAR/SOURCES.ZIP/fixed_point/doc/p0554.md
/SOURCE/NOUDAR/SOURCES.ZIP/fixed_point/doc/p0675.md
/SOURCE/NOUDAR/SOURCES.ZIP/fixed_point/doc/presentations/
/SOURCE/NOUDAR/SOURCES.ZIP/fixed_point/doc/presentations/2016-06-08_ACCU_Silicon_Valley.pdf
/SOURCE/NOUDAR/SOURCES.ZIP/fixed_point/doc/presentations/2016-09-19_CppCon2016.pdf
/SOURCE/NOUDAR/SOURCES.ZIP/fixed_point/doc/presentations/2017-05-16_CppNow2017/
/SOURCE/NOUDAR/SOURCES.ZIP/fixed_point/doc/presentations/2017-05-16_CppNow2017/Composite Arithmetic Types Are _ the + of Their Parts.pdf
/SOURCE/NOUDAR/SOURCES.ZIP/fixed_point/doc/presentations/2017-05-16_CppNow2017/slides.html
/SOURCE/NOUDAR/SOURCES.ZIP/fixed_point/include/
/SOURCE/NOUDAR/SOURCES.ZIP/fixed_point/include/CMakeLists.txt
/SOURCE/NOUDAR/SOURCES.ZIP/fixed_point/include/sg14/
/SOURCE/NOUDAR/SOURCES.ZIP/fixed_point/include/sg14/auxiliary/
/SOURCE/NOUDAR/SOURCES.ZIP/fixed_point/include/sg14/auxiliary/boost.multiprecision.h
/SOURCE/NOUDAR/SOURCES.ZIP/fixed_point/include/sg14/auxiliary/boost.simd.h
/SOURCE/NOUDAR/SOURCES.ZIP/fixed_point/include/sg14/auxiliary/const_integer.h
/SOURCE/NOUDAR/SOURCES.ZIP/fixed_point/include/sg14/auxiliary/elastic_fixed_point.h
/SOURCE/NOUDAR/SOURCES.ZIP/fixed_point/include/sg14/auxiliary/elastic_integer.h
/SOURCE/NOUDAR/SOURCES.ZIP/fixed_point/include/sg14/auxiliary/multiprecision.h
/SOURCE/NOUDAR/SOURCES.ZIP/fixed_point/include/sg14/auxiliary/numeric.h
/SOURCE/NOUDAR/SOURCES.ZIP/fixed_point/include/sg14/auxiliary/overflow.h
/SOURCE/NOUDAR/SOURCES.ZIP/fixed_point/include/sg14/auxiliary/precise_integer.h
/SOURCE/NOUDAR/SOURCES.ZIP/fixed_point/include/sg14/auxiliary/safe_integer.h
/SOURCE/NOUDAR/SOURCES.ZIP/fixed_point/include/sg14/bits/
/SOURCE/NOUDAR/SOURCES.ZIP/fixed_point/include/sg14/bits/common.h
/SOURCE/NOUDAR/SOURCES.ZIP/fixed_point/include/sg14/bits/config.h
/SOURCE/NOUDAR/SOURCES.ZIP/fixed_point/include/sg14/bits/fixed_point_arithmetic.h
/SOURCE/NOUDAR/SOURCES.ZIP/fixed_point/include/sg14/bits/fixed_point_common_type.h
/SOURCE/NOUDAR/SOURCES.ZIP/fixed_point/include/sg14/bits/fixed_point_extras.h
/SOURCE/NOUDAR/SOURCES.ZIP/fixed_point/include/sg14/bits/fixed_point_make.h
/SOURCE/NOUDAR/SOURCES.ZIP/fixed_point/include/sg14/bits/fixed_point_math.h
/SOURCE/NOUDAR/SOURCES.ZIP/fixed_point/include/sg14/bits/fixed_point_named.h
/SOURCE/NOUDAR/SOURCES.ZIP/fixed_point/include/sg14/bits/fixed_point_operators.h
/SOURCE/NOUDAR/SOURCES.ZIP/fixed_point/include/sg14/bits/fixed_point_type.h
/SOURCE/NOUDAR/SOURCES.ZIP/fixed_point/include/sg14/bits/limits.h
/SOURCE/NOUDAR/SOURCES.ZIP/fixed_point/include/sg14/bits/number_base.h
/SOURCE/NOUDAR/SOURCES.ZIP/fixed_point/include/sg14/bits/type_traits.h
/SOURCE/NOUDAR/SOURCES.ZIP/fixed_point/include/sg14/fixed_point
/SOURCE/NOUDAR/SOURCES.ZIP/fixed_point/include/sg14/num_traits.h
/SOURCE/NOUDAR/SOURCES.ZIP/fixed_point/src/
/SOURCE/NOUDAR/SOURCES.ZIP/fixed_point/src/benchmark/
/SOURCE/NOUDAR/SOURCES.ZIP/fixed_point/src/benchmark/CMakeLists.txt
/SOURCE/NOUDAR/SOURCES.ZIP/fixed_point/src/benchmark/benchmark.cpp
/SOURCE/NOUDAR/SOURCES.ZIP/fixed_point/src/benchmark/report.py
/SOURCE/NOUDAR/SOURCES.ZIP/fixed_point/src/benchmark/review.py
/SOURCE/NOUDAR/SOURCES.ZIP/fixed_point/src/common/
/SOURCE/NOUDAR/SOURCES.ZIP/fixed_point/src/common/common.cmake
/SOURCE/NOUDAR/SOURCES.ZIP/fixed_point/src/common/fixed_point.natvis
/SOURCE/NOUDAR/SOURCES.ZIP/fixed_point/src/common/sample_functions.h
/SOURCE/NOUDAR/SOURCES.ZIP/fixed_point/src/single_header/
/SOURCE/NOUDAR/SOURCES.ZIP/fixed_point/src/single_header/CMakeLists.txt
/SOURCE/NOUDAR/SOURCES.ZIP/fixed_point/src/single_header/fixed_point.h
/SOURCE/NOUDAR/SOURCES.ZIP/fixed_point/src/single_header/fixed_point_includes.h
/SOURCE/NOUDAR/SOURCES.ZIP/fixed_point/src/single_header/footer.h
/SOURCE/NOUDAR/SOURCES.ZIP/fixed_point/src/single_header/header.h
/SOURCE/NOUDAR/SOURCES.ZIP/fixed_point/src/single_header/single_header.cpp
/SOURCE/NOUDAR/SOURCES.ZIP/fixed_point/src/single_header/standard_includes.h
/SOURCE/NOUDAR/SOURCES.ZIP/fixed_point/src/test/
/SOURCE/NOUDAR/SOURCES.ZIP/fixed_point/src/test/CMakeLists.txt
/SOURCE/NOUDAR/SOURCES.ZIP/fixed_point/src/test/boost.multiprecision.cpp
/SOURCE/NOUDAR/SOURCES.ZIP/fixed_point/src/test/boost.simd.cpp
/SOURCE/NOUDAR/SOURCES.ZIP/fixed_point/src/test/common.cpp
/SOURCE/NOUDAR/SOURCES.ZIP/fixed_point/src/test/const_integer.cpp
/SOURCE/NOUDAR/SOURCES.ZIP/fixed_point/src/test/cppnow2017.cpp
/SOURCE/NOUDAR/SOURCES.ZIP/fixed_point/src/test/elastic_fixed_point.cpp
/SOURCE/NOUDAR/SOURCES.ZIP/fixed_point/src/test/elastic_integer.cpp
/SOURCE/NOUDAR/SOURCES.ZIP/fixed_point/src/test/fft.cpp
/SOURCE/NOUDAR/SOURCES.ZIP/fixed_point/src/test/fft.h
/SOURCE/NOUDAR/SOURCES.ZIP/fixed_point/src/test/fixed_point_built_in.cpp
/SOURCE/NOUDAR/SOURCES.ZIP/fixed_point/src/test/fixed_point_common.h
/SOURCE/NOUDAR/SOURCES.ZIP/fixed_point/src/test/fixed_point_math.cpp
/SOURCE/NOUDAR/SOURCES.ZIP/fixed_point/src/test/fixed_point_math_Q0.cpp
/SOURCE/NOUDAR/SOURCES.ZIP/fixed_point/src/test/fixed_point_math_Q1.cpp
/SOURCE/NOUDAR/SOURCES.ZIP/fixed_point/src/test/fixed_point_math_Q15.cpp
/SOURCE/NOUDAR/SOURCES.ZIP/fixed_point/src/test/fixed_point_math_Q31.cpp
/SOURCE/NOUDAR/SOURCES.ZIP/fixed_point/src/test/fixed_point_math_common.h
/SOURCE/NOUDAR/SOURCES.ZIP/fixed_point/src/test/fixed_point_native_integer.cpp
/SOURCE/NOUDAR/SOURCES.ZIP/fixed_point/src/test/fixed_point_saturated_integer.cpp
/SOURCE/NOUDAR/SOURCES.ZIP/fixed_point/src/test/fixed_point_throwing_integer.cpp
/SOURCE/NOUDAR/SOURCES.ZIP/fixed_point/src/test/glm.cpp
/SOURCE/NOUDAR/SOURCES.ZIP/fixed_point/src/test/index.cpp
/SOURCE/NOUDAR/SOURCES.ZIP/fixed_point/src/test/main.cpp
/SOURCE/NOUDAR/SOURCES.ZIP/fixed_point/src/test/make_elastic_fixed_point.cpp
/SOURCE/NOUDAR/SOURCES.ZIP/fixed_point/src/test/multiprecision.cpp
/SOURCE/NOUDAR/SOURCES.ZIP/fixed_point/src/test/num_traits.cpp
/SOURCE/NOUDAR/SOURCES.ZIP/fixed_point/src/test/number_test.cpp
/SOURCE/NOUDAR/SOURCES.ZIP/fixed_point/src/test/number_test.h
/SOURCE/NOUDAR/SOURCES.ZIP/fixed_point/src/test/numeric.cpp
/SOURCE/NOUDAR/SOURCES.ZIP/fixed_point/src/test/overflow.cpp
/SOURCE/NOUDAR/SOURCES.ZIP/fixed_point/src/test/p0037.cpp
/SOURCE/NOUDAR/SOURCES.ZIP/fixed_point/src/test/p0381.cpp
/SOURCE/NOUDAR/SOURCES.ZIP/fixed_point/src/test/p0554.cpp
/SOURCE/NOUDAR/SOURCES.ZIP/fixed_point/src/test/p0675.cpp
/SOURCE/NOUDAR/SOURCES.ZIP/fixed_point/src/test/precise_elastic_integer.cpp
/SOURCE/NOUDAR/SOURCES.ZIP/fixed_point/src/test/precise_fixed_point.cpp
/SOURCE/NOUDAR/SOURCES.ZIP/fixed_point/src/test/precise_integer.cpp
/SOURCE/NOUDAR/SOURCES.ZIP/fixed_point/src/test/precise_safe_elastic_fixed_point.cpp
/SOURCE/NOUDAR/SOURCES.ZIP/fixed_point/src/test/precise_safe_elastic_integer.cpp
/SOURCE/NOUDAR/SOURCES.ZIP/fixed_point/src/test/readme.cpp
/SOURCE/NOUDAR/SOURCES.ZIP/fixed_point/src/test/safe_elastic_integer.cpp
/SOURCE/NOUDAR/SOURCES.ZIP/fixed_point/src/test/safe_integer.cpp
/SOURCE/NOUDAR/SOURCES.ZIP/fixed_point/src/test/snippets.cpp
/SOURCE/NOUDAR/SOURCES.ZIP/fixed_point/src/test/utils.cpp
/SOURCE/NOUDAR/SOURCES.ZIP/fixed_point/src/test/zero_cost_average.cpp
/SOURCE/NOUDAR/SOURCES.ZIP/fixed_point/src/test/zero_cost_free_functions.cpp
/SOURCE/NOUDAR/SOURCES.ZIP/fixed_point/src/test/zero_cost_square.cpp
/SOURCE/NOUDAR/SOURCES.ZIP/License.md
/SOURCE/NOUDAR/SOURCES.ZIP/noudar-core/
/SOURCE/NOUDAR/SOURCES.ZIP/noudar-core/.gitmodules
/SOURCE/NOUDAR/SOURCES.ZIP/noudar-core/CMakeLists.txt
/SOURCE/NOUDAR/SOURCES.ZIP/noudar-core/License.md
/SOURCE/NOUDAR/SOURCES.ZIP/noudar-core/Makefile
/SOURCE/NOUDAR/SOURCES.ZIP/noudar-core/Makefile.DOS
/SOURCE/NOUDAR/SOURCES.ZIP/noudar-core/README.md
/SOURCE/NOUDAR/SOURCES.ZIP/noudar-core/Tests/
/SOURCE/NOUDAR/SOURCES.ZIP/noudar-core/Tests/TestCCharacter.cpp
/SOURCE/NOUDAR/SOURCES.ZIP/noudar-core/Tests/TestCGame.cpp
/SOURCE/NOUDAR/SOURCES.ZIP/noudar-core/Tests/TestVec2i.cpp
/SOURCE/NOUDAR/SOURCES.ZIP/noudar-core/XcodeProject/
/SOURCE/NOUDAR/SOURCES.ZIP/noudar-core/XcodeProject/Noudar Core/
/SOURCE/NOUDAR/SOURCES.ZIP/noudar-core/XcodeProject/Noudar Core/Noudar Core.xcodeproj/
/SOURCE/NOUDAR/SOURCES.ZIP/noudar-core/XcodeProject/Noudar Core/Noudar Core.xcodeproj/project.pbxproj
/SOURCE/NOUDAR/SOURCES.ZIP/noudar-core/XcodeProject/Noudar Core/Noudar Core.xcodeproj/project.xcworkspace/
/SOURCE/NOUDAR/SOURCES.ZIP/noudar-core/XcodeProject/Noudar Core/Noudar Core.xcodeproj/project.xcworkspace/contents.xcworkspacedata
/SOURCE/NOUDAR/SOURCES.ZIP/noudar-core/XcodeProject/Noudar Core/Noudar Core.xcodeproj/project.xcworkspace/xcuserdata/
/SOURCE/NOUDAR/SOURCES.ZIP/noudar-core/XcodeProject/Noudar Core/Noudar Core.xcodeproj/project.xcworkspace/xcuserdata/monty.xcuserdatad/
/SOURCE/NOUDAR/SOURCES.ZIP/noudar-core/XcodeProject/Noudar Core/Noudar Core.xcodeproj/project.xcworkspace/xcuserdata/monty.xcuserdatad/UserInterfaceState.xcuserstate
/SOURCE/NOUDAR/SOURCES.ZIP/noudar-core/XcodeProject/Noudar Core/Noudar Core.xcodeproj/xcuserdata/
/SOURCE/NOUDAR/SOURCES.ZIP/noudar-core/XcodeProject/Noudar Core/Noudar Core.xcodeproj/xcuserdata/monty.xcuserdatad/
/SOURCE/NOUDAR/SOURCES.ZIP/noudar-core/XcodeProject/Noudar Core/Noudar Core.xcodeproj/xcuserdata/monty.xcuserdatad/xcschemes/
/SOURCE/NOUDAR/SOURCES.ZIP/noudar-core/XcodeProject/Noudar Core/Noudar Core.xcodeproj/xcuserdata/monty.xcuserdatad/xcschemes/Noudar Core.xcscheme
/SOURCE/NOUDAR/SOURCES.ZIP/noudar-core/XcodeProject/Noudar Core/Noudar Core.xcodeproj/xcuserdata/monty.xcuserdatad/xcschemes/xcschememanagement.plist
/SOURCE/NOUDAR/SOURCES.ZIP/noudar-core/XcodeProject/Noudar Core/Noudar Core/
/SOURCE/NOUDAR/SOURCES.ZIP/noudar-core/XcodeProject/Noudar Core/Noudar Core/main.cpp
/SOURCE/NOUDAR/SOURCES.ZIP/noudar-core/docs/
/SOURCE/NOUDAR/SOURCES.ZIP/noudar-core/docs/bell-tower.md
/SOURCE/NOUDAR/SOURCES.ZIP/noudar-core/docs/cemetery.md
/SOURCE/NOUDAR/SOURCES.ZIP/noudar-core/docs/characters.md
/SOURCE/NOUDAR/SOURCES.ZIP/noudar-core/docs/church.md
/SOURCE/NOUDAR/SOURCES.ZIP/noudar-core/docs/citadel.md
/SOURCE/NOUDAR/SOURCES.ZIP/noudar-core/docs/crossbow.md
/SOURCE/NOUDAR/SOURCES.ZIP/noudar-core/docs/evil-spirit.md
/SOURCE/NOUDAR/SOURCES.ZIP/noudar-core/docs/fallen-heroes.md
/SOURCE/NOUDAR/SOURCES.ZIP/noudar-core/docs/index.md
/SOURCE/NOUDAR/SOURCES.ZIP/noudar-core/docs/items.md
/SOURCE/NOUDAR/SOURCES.ZIP/noudar-core/docs/levels.md
/SOURCE/NOUDAR/SOURCES.ZIP/noudar-core/docs/locations.md
/SOURCE/NOUDAR/SOURCES.ZIP/noudar-core/docs/master-demon.md
/SOURCE/NOUDAR/SOURCES.ZIP/noudar-core/docs/mausoleum.md
/SOURCE/NOUDAR/SOURCES.ZIP/noudar-core/docs/monastery.md
/SOURCE/NOUDAR/SOURCES.ZIP/noudar-core/docs/monks.md
/SOURCE/NOUDAR/SOURCES.ZIP/noudar-core/docs/nest.md
/SOURCE/NOUDAR/SOURCES.ZIP/noudar-core/docs/patium.md
/SOURCE/NOUDAR/SOURCES.ZIP/noudar-core/docs/prison.md
/SOURCE/NOUDAR/SOURCES.ZIP/noudar-core/docs/shield.md
/SOURCE/NOUDAR/SOURCES.ZIP/noudar-core/docs/statue.md
/SOURCE/NOUDAR/SOURCES.ZIP/noudar-core/docs/sword.md
/SOURCE/NOUDAR/SOURCES.ZIP/noudar-core/docs/tokens-of-faith.md
/SOURCE/NOUDAR/SOURCES.ZIP/noudar-core/docs/tower.md
/SOURCE/NOUDAR/SOURCES.ZIP/noudar-core/docs/vitrals.md
/SOURCE/NOUDAR/SOURCES.ZIP/noudar-core/docs/warthog.md
/SOURCE/NOUDAR/SOURCES.ZIP/noudar-core/lib/
/SOURCE/NOUDAR/SOURCES.ZIP/noudar-core/lib/googletest/
/SOURCE/NOUDAR/SOURCES.ZIP/noudar-core/lib/googletest/.clang-format
/SOURCE/NOUDAR/SOURCES.ZIP/noudar-core/lib/googletest/.travis.yml
/SOURCE/NOUDAR/SOURCES.ZIP/noudar-core/lib/googletest/BUILD.bazel
/SOURCE/NOUDAR/SOURCES.ZIP/noudar-core/lib/googletest/CMakeLists.txt
/SOURCE/NOUDAR/SOURCES.ZIP/noudar-core/lib/googletest/CONTRIBUTING.md
/SOURCE/NOUDAR/SOURCES.ZIP/noudar-core/lib/googletest/LICENSE
/SOURCE/NOUDAR/SOURCES.ZIP/noudar-core/lib/googletest/README.md
/SOURCE/NOUDAR/SOURCES.ZIP/noudar-core/lib/googletest/WORKSPACE
/SOURCE/NOUDAR/SOURCES.ZIP/noudar-core/lib/googletest/appveyor.yml
/SOURCE/NOUDAR/SOURCES.ZIP/noudar-core/lib/googletest/ci/
/SOURCE/NOUDAR/SOURCES.ZIP/noudar-core/lib/googletest/ci/build-linux-bazel.sh
/SOURCE/NOUDAR/SOURCES.ZIP/noudar-core/lib/googletest/ci/build-platformio.sh
/SOURCE/NOUDAR/SOURCES.ZIP/noudar-core/lib/googletest/ci/env-linux.sh
/SOURCE/NOUDAR/SOURCES.ZIP/noudar-core/lib/googletest/ci/env-osx.sh
/SOURCE/NOUDAR/SOURCES.ZIP/noudar-core/lib/googletest/ci/get-nprocessors.sh
/SOURCE/NOUDAR/SOURCES.ZIP/noudar-core/lib/googletest/ci/install-linux.sh
/SOURCE/NOUDAR/SOURCES.ZIP/noudar-core/lib/googletest/ci/install-osx.sh
/SOURCE/NOUDAR/SOURCES.ZIP/noudar-core/lib/googletest/ci/install-platformio.sh
/SOURCE/NOUDAR/SOURCES.ZIP/noudar-core/lib/googletest/ci/log-config.sh
/SOURCE/NOUDAR/SOURCES.ZIP/noudar-core/lib/googletest/ci/travis.sh
/SOURCE/NOUDAR/SOURCES.ZIP/noudar-core/lib/googletest/googlemock/
/SOURCE/NOUDAR/SOURCES.ZIP/noudar-core/lib/googletest/googlemock/CMakeLists.txt
/SOURCE/NOUDAR/SOURCES.ZIP/noudar-core/lib/googletest/googlemock/CONTRIBUTORS
/SOURCE/NOUDAR/SOURCES.ZIP/noudar-core/lib/googletest/googlemock/LICENSE
/SOURCE/NOUDAR/SOURCES.ZIP/noudar-core/lib/googletest/googlemock/README.md
/SOURCE/NOUDAR/SOURCES.ZIP/noudar-core/lib/googletest/googlemock/cmake/
/SOURCE/NOUDAR/SOURCES.ZIP/noudar-core/lib/googletest/googlemock/cmake/gmock.pc.in
/SOURCE/NOUDAR/SOURCES.ZIP/noudar-core/lib/googletest/googlemock/cmake/gmock_main.pc.in
/SOURCE/NOUDAR/SOURCES.ZIP/noudar-core/lib/googletest/googlemock/docs/
/SOURCE/NOUDAR/SOURCES.ZIP/noudar-core/lib/googletest/googlemock/docs/cheat_sheet.md
/SOURCE/NOUDAR/SOURCES.ZIP/noudar-core/lib/googletest/googlemock/docs/cook_book.md
/SOURCE/NOUDAR/SOURCES.ZIP/noudar-core/lib/googletest/googlemock/docs/for_dummies.md
/SOURCE/NOUDAR/SOURCES.ZIP/noudar-core/lib/googletest/googlemock/docs/gmock_faq.md
/SOURCE/NOUDAR/SOURCES.ZIP/noudar-core/lib/googletest/googlemock/include/
/SOURCE/NOUDAR/SOURCES.ZIP/noudar-core/lib/googletest/googlemock/include/gmock/
/SOURCE/NOUDAR/SOURCES.ZIP/noudar-core/lib/googletest/googlemock/include/gmock/gmock-actions.h
/SOURCE/NOUDAR/SOURCES.ZIP/noudar-core/lib/googletest/googlemock/include/gmock/gmock-cardinalities.h
/SOURCE/NOUDAR/SOURCES.ZIP/noudar-core/lib/googletest/googlemock/include/gmock/gmock-function-mocker.h
/SOURCE/NOUDAR/SOURCES.ZIP/noudar-core/lib/googletest/googlemock/include/gmock/gmock-generated-actions.h
/SOURCE/NOUDAR/SOURCES.ZIP/noudar-core/lib/googletest/googlemock/include/gmock/gmock-generated-actions.h.pump
/SOURCE/NOUDAR/SOURCES.ZIP/noudar-core/lib/googletest/googlemock/include/gmock/gmock-generated-function-mockers.h
/SOURCE/NOUDAR/SOURCES.ZIP/noudar-core/lib/googletest/googlemock/include/gmock/gmock-generated-function-mockers.h.pump
/SOURCE/NOUDAR/SOURCES.ZIP/noudar-core/lib/googletest/googlemock/include/gmock/gmock-generated-matchers.h
/SOURCE/NOUDAR/SOURCES.ZIP/noudar-core/lib/googletest/googlemock/include/gmock/gmock-generated-matchers.h.pump
/SOURCE/NOUDAR/SOURCES.ZIP/noudar-core/lib/googletest/googlemock/include/gmock/gmock-matchers.h
/SOURCE/NOUDAR/SOURCES.ZIP/noudar-core/lib/googletest/googlemock/include/gmock/gmock-more-actions.h
/SOURCE/NOUDAR/SOURCES.ZIP/noudar-core/lib/googletest/googlemock/include/gmock/gmock-more-matchers.h
/SOURCE/NOUDAR/SOURCES.ZIP/noudar-core/lib/googletest/googlemock/include/gmock/gmock-nice-strict.h
/SOURCE/NOUDAR/SOURCES.ZIP/noudar-core/lib/googletest/googlemock/include/gmock/gmock-spec-builders.h
/SOURCE/NOUDAR/SOURCES.ZIP/noudar-core/lib/googletest/googlemock/include/gmock/gmock.h
/SOURCE/NOUDAR/SOURCES.ZIP/noudar-core/lib/googletest/googlemock/include/gmock/internal/
/SOURCE/NOUDAR/SOURCES.ZIP/noudar-core/lib/googletest/googlemock/include/gmock/internal/custom/
/SOURCE/NOUDAR/SOURCES.ZIP/noudar-core/lib/googletest/googlemock/include/gmock/internal/custom/README.md
/SOURCE/NOUDAR/SOURCES.ZIP/noudar-core/lib/googletest/googlemock/include/gmock/internal/custom/gmock-generated-actions.h
/SOURCE/NOUDAR/SOURCES.ZIP/noudar-core/lib/googletest/googlemock/include/gmock/internal/custom/gmock-generated-actions.h.pump
/SOURCE/NOUDAR/SOURCES.ZIP/noudar-core/lib/googletest/googlemock/include/gmock/internal/custom/gmock-matchers.h
/SOURCE/NOUDAR/SOURCES.ZIP/noudar-core/lib/googletest/googlemock/include/gmock/internal/custom/gmock-port.h
/SOURCE/NOUDAR/SOURCES.ZIP/noudar-core/lib/googletest/googlemock/include/gmock/internal/gmock-internal-utils.h
/SOURCE/NOUDAR/SOURCES.ZIP/noudar-core/lib/googletest/googlemock/include/gmock/internal/gmock-port.h
/SOURCE/NOUDAR/SOURCES.ZIP/noudar-core/lib/googletest/googlemock/include/gmock/internal/gmock-pp.h
/SOURCE/NOUDAR/SOURCES.ZIP/noudar-core/lib/googletest/googlemock/scripts/
/SOURCE/NOUDAR/SOURCES.ZIP/noudar-core/lib/googletest/googlemock/scripts/fuse_gmock_files.py
/SOURCE/NOUDAR/SOURCES.ZIP/noudar-core/lib/googletest/googlemock/scripts/generator/
/SOURCE/NOUDAR/SOURCES.ZIP/noudar-core/lib/googletest/googlemock/scripts/generator/LICENSE
/SOURCE/NOUDAR/SOURCES.ZIP/noudar-core/lib/googletest/googlemock/scripts/generator/README
/SOURCE/NOUDAR/SOURCES.ZIP/noudar-core/lib/googletest/googlemock/scripts/generator/README.cppclean
/SOURCE/NOUDAR/SOURCES.ZIP/noudar-core/lib/googletest/googlemock/scripts/generator/cpp/
/SOURCE/NOUDAR/SOURCES.ZIP/noudar-core/lib/googletest/googlemock/scripts/generator/cpp/__init__.py
/SOURCE/NOUDAR/SOURCES.ZIP/noudar-core/lib/googletest/googlemock/scripts/generator/cpp/ast.py
/SOURCE/NOUDAR/SOURCES.ZIP/noudar-core/lib/googletest/googlemock/scripts/generator/cpp/gmock_class.py
/SOURCE/NOUDAR/SOURCES.ZIP/noudar-core/lib/googletest/googlemock/scripts/generator/cpp/gmock_class_test.py
/SOURCE/NOUDAR/SOURCES.ZIP/noudar-core/lib/googletest/googlemock/scripts/generator/cpp/keywords.py
/SOURCE/NOUDAR/SOURCES.ZIP/noudar-core/lib/googletest/googlemock/scripts/generator/cpp/tokenize.py
/SOURCE/NOUDAR/SOURCES.ZIP/noudar-core/lib/googletest/googlemock/scripts/generator/cpp/utils.py
/SOURCE/NOUDAR/SOURCES.ZIP/noudar-core/lib/googletest/googlemock/scripts/generator/gmock_gen.py
/SOURCE/NOUDAR/SOURCES.ZIP/noudar-core/lib/googletest/googlemock/scripts/gmock_doctor.py
/SOURCE/NOUDAR/SOURCES.ZIP/noudar-core/lib/googletest/googlemock/scripts/upload.py
/SOURCE/NOUDAR/SOURCES.ZIP/noudar-core/lib/googletest/googlemock/scripts/upload_gmock.py
/SOURCE/NOUDAR/SOURCES.ZIP/noudar-core/lib/googletest/googlemock/src/
/SOURCE/NOUDAR/SOURCES.ZIP/noudar-core/lib/googletest/googlemock/src/gmock-all.cc
/SOURCE/NOUDAR/SOURCES.ZIP/noudar-core/lib/googletest/googlemock/src/gmock-cardinalities.cc
/SOURCE/NOUDAR/SOURCES.ZIP/noudar-core/lib/googletest/googlemock/src/gmock-internal-utils.cc
/SOURCE/NOUDAR/SOURCES.ZIP/noudar-core/lib/googletest/googlemock/src/gmock-matchers.cc
/SOURCE/NOUDAR/SOURCES.ZIP/noudar-core/lib/googletest/googlemock/src/gmock-spec-builders.cc
/SOURCE/NOUDAR/SOURCES.ZIP/noudar-core/lib/googletest/googlemock/src/gmock.cc
/SOURCE/NOUDAR/SOURCES.ZIP/noudar-core/lib/googletest/googlemock/src/gmock_main.cc
/SOURCE/NOUDAR/SOURCES.ZIP/noudar-core/lib/googletest/googlemock/test/
/SOURCE/NOUDAR/SOURCES.ZIP/noudar-core/lib/googletest/googlemock/test/BUILD.bazel
/SOURCE/NOUDAR/SOURCES.ZIP/noudar-core/lib/googletest/googlemock/test/gmock-actions_test.cc
/SOURCE/NOUDAR/SOURCES.ZIP/noudar-core/lib/googletest/googlemock/test/gmock-cardinalities_test.cc
/SOURCE/NOUDAR/SOURCES.ZIP/noudar-core/lib/googletest/googlemock/test/gmock-function-mocker_nc.cc
/SOURCE/NOUDAR/SOURCES.ZIP/noudar-core/lib/googletest/googlemock/test/gmock-function-mocker_nc_test.py
/SOURCE/NOUDAR/SOURCES.ZIP/noudar-core/lib/googletest/googlemock/test/gmock-function-mocker_test.cc
/SOURCE/NOUDAR/SOURCES.ZIP/noudar-core/lib/googletest/googlemock/test/gmock-generated-actions_test.cc
/SOURCE/NOUDAR/SOURCES.ZIP/noudar-core/lib/googletest/googlemock/test/gmock-generated-function-mockers_test.cc
/SOURCE/NOUDAR/SOURCES.ZIP/noudar-core/lib/googletest/googlemock/test/gmock-generated-matchers_test.cc
/SOURCE/NOUDAR/SOURCES.ZIP/noudar-core/lib/googletest/googlemock/test/gmock-internal-utils_test.cc
/SOURCE/NOUDAR/SOURCES.ZIP/noudar-core/lib/googletest/googlemock/test/gmock-matchers_test.cc
/SOURCE/NOUDAR/SOURCES.ZIP/noudar-core/lib/googletest/googlemock/test/gmock-more-actions_test.cc
/SOURCE/NOUDAR/SOURCES.ZIP/noudar-core/lib/googletest/googlemock/test/gmock-nice-strict_test.cc
/SOURCE/NOUDAR/SOURCES.ZIP/noudar-core/lib/googletest/googlemock/test/gmock-port_test.cc
/SOURCE/NOUDAR/SOURCES.ZIP/noudar-core/lib/googletest/googlemock/test/gmock-pp-string_test.cc
/SOURCE/NOUDAR/SOURCES.ZIP/noudar-core/lib/googletest/googlemock/test/gmock-pp_test.cc
/SOURCE/NOUDAR/SOURCES.ZIP/noudar-core/lib/googletest/googlemock/test/gmock-spec-builders_test.cc
/SOURCE/NOUDAR/SOURCES.ZIP/noudar-core/lib/googletest/googlemock/test/gmock_all_test.cc
/SOURCE/NOUDAR/SOURCES.ZIP/noudar-core/lib/googletest/googlemock/test/gmock_ex_test.cc
/SOURCE/NOUDAR/SOURCES.ZIP/noudar-core/lib/googletest/googlemock/test/gmock_leak_test.py
/SOURCE/NOUDAR/SOURCES.ZIP/noudar-core/lib/googletest/googlemock/test/gmock_leak_test_.cc
/SOURCE/NOUDAR/SOURCES.ZIP/noudar-core/lib/googletest/googlemock/test/gmock_link2_test.cc
/SOURCE/NOUDAR/SOURCES.ZIP/noudar-core/lib/googletest/googlemock/test/gmock_link_test.cc
/SOURCE/NOUDAR/SOURCES.ZIP/noudar-core/lib/googletest/googlemock/test/gmock_link_test.h
/SOURCE/NOUDAR/SOURCES.ZIP/noudar-core/lib/googletest/googlemock/test/gmock_output_test.py
/SOURCE/NOUDAR/SOURCES.ZIP/noudar-core/lib/googletest/googlemock/test/gmock_output_test_.cc
/SOURCE/NOUDAR/SOURCES.ZIP/noudar-core/lib/googletest/googlemock/test/gmock_output_test_golden.txt
/SOURCE/NOUDAR/SOURCES.ZIP/noudar-core/lib/googletest/googlemock/test/gmock_stress_test.cc
/SOURCE/NOUDAR/SOURCES.ZIP/noudar-core/lib/googletest/googlemock/test/gmock_test.cc
/SOURCE/NOUDAR/SOURCES.ZIP/noudar-core/lib/googletest/googlemock/test/gmock_test_utils.py
/SOURCE/NOUDAR/SOURCES.ZIP/noudar-core/lib/googletest/googletest/
/SOURCE/NOUDAR/SOURCES.ZIP/noudar-core/lib/googletest/googletest/CMakeLists.txt
/SOURCE/NOUDAR/SOURCES.ZIP/noudar-core/lib/googletest/googletest/CONTRIBUTORS
/SOURCE/NOUDAR/SOURCES.ZIP/noudar-core/lib/googletest/googletest/LICENSE
/SOURCE/NOUDAR/SOURCES.ZIP/noudar-core/lib/googletest/googletest/README.md
/SOURCE/NOUDAR/SOURCES.ZIP/noudar-core/lib/googletest/googletest/cmake/
/SOURCE/NOUDAR/SOURCES.ZIP/noudar-core/lib/googletest/googletest/cmake/Config.cmake.in
/SOURCE/NOUDAR/SOURCES.ZIP/noudar-core/lib/googletest/googletest/cmake/gtest.pc.in
/SOURCE/NOUDAR/SOURCES.ZIP/noudar-core/lib/googletest/googletest/cmake/gtest_main.pc.in
/SOURCE/NOUDAR/SOURCES.ZIP/noudar-core/lib/googletest/googletest/cmake/internal_utils.cmake
/SOURCE/NOUDAR/SOURCES.ZIP/noudar-core/lib/googletest/googletest/cmake/libgtest.la.in
/SOURCE/NOUDAR/SOURCES.ZIP/noudar-core/lib/googletest/googletest/docs/
/SOURCE/NOUDAR/SOURCES.ZIP/noudar-core/lib/googletest/googletest/docs/advanced.md
/SOURCE/NOUDAR/SOURCES.ZIP/noudar-core/lib/googletest/googletest/docs/faq.md
/SOURCE/NOUDAR/SOURCES.ZIP/noudar-core/lib/googletest/googletest/docs/pkgconfig.md
/SOURCE/NOUDAR/SOURCES.ZIP/noudar-core/lib/googletest/googletest/docs/primer.md
/SOURCE/NOUDAR/SOURCES.ZIP/noudar-core/lib/googletest/googletest/docs/pump_manual.md
/SOURCE/NOUDAR/SOURCES.ZIP/noudar-core/lib/googletest/googletest/docs/samples.md
/SOURCE/NOUDAR/SOURCES.ZIP/noudar-core/lib/googletest/googletest/include/
/SOURCE/NOUDAR/SOURCES.ZIP/noudar-core/lib/googletest/googletest/include/gtest/
/SOURCE/NOUDAR/SOURCES.ZIP/noudar-core/lib/googletest/googletest/include/gtest/gtest-death-test.h
/SOURCE/NOUDAR/SOURCES.ZIP/noudar-core/lib/googletest/googletest/include/gtest/gtest-matchers.h
/SOURCE/NOUDAR/SOURCES.ZIP/noudar-core/lib/googletest/googletest/include/gtest/gtest-message.h
/SOURCE/NOUDAR/SOURCES.ZIP/noudar-core/lib/googletest/googletest/include/gtest/gtest-param-test.h
/SOURCE/NOUDAR/SOURCES.ZIP/noudar-core/lib/googletest/googletest/include/gtest/gtest-printers.h
/SOURCE/NOUDAR/SOURCES.ZIP/noudar-core/lib/googletest/googletest/include/gtest/gtest-spi.h
/SOURCE/NOUDAR/SOURCES.ZIP/noudar-core/lib/googletest/googletest/include/gtest/gtest-test-part.h
/SOURCE/NOUDAR/SOURCES.ZIP/noudar-core/lib/googletest/googletest/include/gtest/gtest-typed-test.h
/SOURCE/NOUDAR/SOURCES.ZIP/noudar-core/lib/googletest/googletest/include/gtest/gtest.h
/SOURCE/NOUDAR/SOURCES.ZIP/noudar-core/lib/googletest/googletest/include/gtest/gtest_pred_impl.h
/SOURCE/NOUDAR/SOURCES.ZIP/noudar-core/lib/googletest/googletest/include/gtest/gtest_prod.h
/SOURCE/NOUDAR/SOURCES.ZIP/noudar-core/lib/googletest/googletest/include/gtest/internal/
/SOURCE/NOUDAR/SOURCES.ZIP/noudar-core/lib/googletest/googletest/include/gtest/internal/custom/
/SOURCE/NOUDAR/SOURCES.ZIP/noudar-core/lib/googletest/googletest/include/gtest/internal/custom/README.md
/SOURCE/NOUDAR/SOURCES.ZIP/noudar-core/lib/googletest/googletest/include/gtest/internal/custom/gtest-port.h
/SOURCE/NOUDAR/SOURCES.ZIP/noudar-core/lib/googletest/googletest/include/gtest/internal/custom/gtest-printers.h
/SOURCE/NOUDAR/SOURCES.ZIP/noudar-core/lib/googletest/googletest/include/gtest/internal/custom/gtest.h
/SOURCE/NOUDAR/SOURCES.ZIP/noudar-core/lib/googletest/googletest/include/gtest/internal/gtest-death-test-internal.h
/SOURCE/NOUDAR/SOURCES.ZIP/noudar-core/lib/googletest/googletest/include/gtest/internal/gtest-filepath.h
/SOURCE/NOUDAR/SOURCES.ZIP/noudar-core/lib/googletest/googletest/include/gtest/internal/gtest-internal.h
/SOURCE/NOUDAR/SOURCES.ZIP/noudar-core/lib/googletest/googletest/include/gtest/internal/gtest-param-util.h
/SOURCE/NOUDAR/SOURCES.ZIP/noudar-core/lib/googletest/googletest/include/gtest/internal/gtest-port-arch.h
/SOURCE/NOUDAR/SOURCES.ZIP/noudar-core/lib/googletest/googletest/include/gtest/internal/gtest-port.h
/SOURCE/NOUDAR/SOURCES.ZIP/noudar-core/lib/googletest/googletest/include/gtest/internal/gtest-string.h
/SOURCE/NOUDAR/SOURCES.ZIP/noudar-core/lib/googletest/googletest/include/gtest/internal/gtest-type-util.h
/SOURCE/NOUDAR/SOURCES.ZIP/noudar-core/lib/googletest/googletest/include/gtest/internal/gtest-type-util.h.pump
/SOURCE/NOUDAR/SOURCES.ZIP/noudar-core/lib/googletest/googletest/samples/
/SOURCE/NOUDAR/SOURCES.ZIP/noudar-core/lib/googletest/googletest/samples/prime_tables.h
/SOURCE/NOUDAR/SOURCES.ZIP/noudar-core/lib/googletest/googletest/samples/sample1.cc
/SOURCE/NOUDAR/SOURCES.ZIP/noudar-core/lib/googletest/googletest/samples/sample1.h
/SOURCE/NOUDAR/SOURCES.ZIP/noudar-core/lib/googletest/googletest/samples/sample10_unittest.cc
/SOURCE/NOUDAR/SOURCES.ZIP/noudar-core/lib/googletest/googletest/samples/sample1_unittest.cc
/SOURCE/NOUDAR/SOURCES.ZIP/noudar-core/lib/googletest/googletest/samples/sample2.cc
/SOURCE/NOUDAR/SOURCES.ZIP/noudar-core/lib/googletest/googletest/samples/sample2.h
/SOURCE/NOUDAR/SOURCES.ZIP/noudar-core/lib/googletest/googletest/samples/sample2_unittest.cc
/SOURCE/NOUDAR/SOURCES.ZIP/noudar-core/lib/googletest/googletest/samples/sample3-inl.h
/SOURCE/NOUDAR/SOURCES.ZIP/noudar-core/lib/googletest/googletest/samples/sample3_unittest.cc
/SOURCE/NOUDAR/SOURCES.ZIP/noudar-core/lib/googletest/googletest/samples/sample4.cc
/SOURCE/NOUDAR/SOURCES.ZIP/noudar-core/lib/googletest/googletest/samples/sample4.h
/SOURCE/NOUDAR/SOURCES.ZIP/noudar-core/lib/googletest/googletest/samples/sample4_unittest.cc
/SOURCE/NOUDAR/SOURCES.ZIP/noudar-core/lib/googletest/googletest/samples/sample5_unittest.cc
/SOURCE/NOUDAR/SOURCES.ZIP/noudar-core/lib/googletest/googletest/samples/sample6_unittest.cc
/SOURCE/NOUDAR/SOURCES.ZIP/noudar-core/lib/googletest/googletest/samples/sample7_unittest.cc
/SOURCE/NOUDAR/SOURCES.ZIP/noudar-core/lib/googletest/googletest/samples/sample8_unittest.cc
/SOURCE/NOUDAR/SOURCES.ZIP/noudar-core/lib/googletest/googletest/samples/sample9_unittest.cc
/SOURCE/NOUDAR/SOURCES.ZIP/noudar-core/lib/googletest/googletest/scripts/
/SOURCE/NOUDAR/SOURCES.ZIP/noudar-core/lib/googletest/googletest/scripts/common.py
/SOURCE/NOUDAR/SOURCES.ZIP/noudar-core/lib/googletest/googletest/scripts/fuse_gtest_files.py
/SOURCE/NOUDAR/SOURCES.ZIP/noudar-core/lib/googletest/googletest/scripts/gen_gtest_pred_impl.py
/SOURCE/NOUDAR/SOURCES.ZIP/noudar-core/lib/googletest/googletest/scripts/gtest-config.in
/SOURCE/NOUDAR/SOURCES.ZIP/noudar-core/lib/googletest/googletest/scripts/pump.py
/SOURCE/NOUDAR/SOURCES.ZIP/noudar-core/lib/googletest/googletest/scripts/test/
/SOURCE/NOUDAR/SOURCES.ZIP/noudar-core/lib/googletest/googletest/scripts/test/Makefile
/SOURCE/NOUDAR/SOURCES.ZIP/noudar-core/lib/googletest/googletest/scripts/upload.py
/SOURCE/NOUDAR/SOURCES.ZIP/noudar-core/lib/googletest/googletest/scripts/upload_gtest.py
/SOURCE/NOUDAR/SOURCES.ZIP/noudar-core/lib/googletest/googletest/src/
/SOURCE/NOUDAR/SOURCES.ZIP/noudar-core/lib/googletest/googletest/src/gtest-all.cc
/SOURCE/NOUDAR/SOURCES.ZIP/noudar-core/lib/googletest/googletest/src/gtest-death-test.cc
/SOURCE/NOUDAR/SOURCES.ZIP/noudar-core/lib/googletest/googletest/src/gtest-filepath.cc
/SOURCE/NOUDAR/SOURCES.ZIP/noudar-core/lib/googletest/googletest/src/gtest-internal-inl.h
/SOURCE/NOUDAR/SOURCES.ZIP/noudar-core/lib/googletest/googletest/src/gtest-matchers.cc
/SOURCE/NOUDAR/SOURCES.ZIP/noudar-core/lib/googletest/googletest/src/gtest-port.cc
/SOURCE/NOUDAR/SOURCES.ZIP/noudar-core/lib/googletest/googletest/src/gtest-printers.cc
/SOURCE/NOUDAR/SOURCES.ZIP/noudar-core/lib/googletest/googletest/src/gtest-test-part.cc
/SOURCE/NOUDAR/SOURCES.ZIP/noudar-core/lib/googletest/googletest/src/gtest-typed-test.cc
/SOURCE/NOUDAR/SOURCES.ZIP/noudar-core/lib/googletest/googletest/src/gtest.cc
/SOURCE/NOUDAR/SOURCES.ZIP/noudar-core/lib/googletest/googletest/src/gtest_main.cc
/SOURCE/NOUDAR/SOURCES.ZIP/noudar-core/lib/googletest/googletest/test/
/SOURCE/NOUDAR/SOURCES.ZIP/noudar-core/lib/googletest/googletest/test/BUILD.bazel
/SOURCE/NOUDAR/SOURCES.ZIP/noudar-core/lib/googletest/googletest/test/googletest-break-on-failure-unittest.py
/SOURCE/NOUDAR/SOURCES.ZIP/noudar-core/lib/googletest/googletest/test/googletest-break-on-failure-unittest_.cc
/SOURCE/NOUDAR/SOURCES.ZIP/noudar-core/lib/googletest/googletest/test/googletest-catch-exceptions-test.py
/SOURCE/NOUDAR/SOURCES.ZIP/noudar-core/lib/googletest/googletest/test/googletest-catch-exceptions-test_.cc
/SOURCE/NOUDAR/SOURCES.ZIP/noudar-core/lib/googletest/googletest/test/googletest-color-test.py
/SOURCE/NOUDAR/SOURCES.ZIP/noudar-core/lib/googletest/googletest/test/googletest-color-test_.cc
/SOURCE/NOUDAR/SOURCES.ZIP/noudar-core/lib/googletest/googletest/test/googletest-death-test-test.cc
/SOURCE/NOUDAR/SOURCES.ZIP/noudar-core/lib/googletest/googletest/test/googletest-death-test_ex_test.cc
/SOURCE/NOUDAR/SOURCES.ZIP/noudar-core/lib/googletest/googletest/test/googletest-env-var-test.py
/SOURCE/NOUDAR/SOURCES.ZIP/noudar-core/lib/googletest/googletest/test/googletest-env-var-test_.cc
/SOURCE/NOUDAR/SOURCES.ZIP/noudar-core/lib/googletest/googletest/test/googletest-filepath-test.cc
/SOURCE/NOUDAR/SOURCES.ZIP/noudar-core/lib/googletest/googletest/test/googletest-filter-unittest.py
/SOURCE/NOUDAR/SOURCES.ZIP/noudar-core/lib/googletest/googletest/test/googletest-filter-unittest_.cc
/SOURCE/NOUDAR/SOURCES.ZIP/noudar-core/lib/googletest/googletest/test/googletest-json-outfiles-test.py
/SOURCE/NOUDAR/SOURCES.ZIP/noudar-core/lib/googletest/googletest/test/googletest-json-output-unittest.py
/SOURCE/NOUDAR/SOURCES.ZIP/noudar-core/lib/googletest/googletest/test/googletest-list-tests-unittest.py
/SOURCE/NOUDAR/SOURCES.ZIP/noudar-core/lib/googletest/googletest/test/googletest-list-tests-unittest_.cc
/SOURCE/NOUDAR/SOURCES.ZIP/noudar-core/lib/googletest/googletest/test/googletest-listener-test.cc
/SOURCE/NOUDAR/SOURCES.ZIP/noudar-core/lib/googletest/googletest/test/googletest-message-test.cc
/SOURCE/NOUDAR/SOURCES.ZIP/noudar-core/lib/googletest/googletest/test/googletest-options-test.cc
/SOURCE/NOUDAR/SOURCES.ZIP/noudar-core/lib/googletest/googletest/test/googletest-output-test-golden-lin.txt
/SOURCE/NOUDAR/SOURCES.ZIP/noudar-core/lib/googletest/googletest/test/googletest-output-test.py
/SOURCE/NOUDAR/SOURCES.ZIP/noudar-core/lib/googletest/googletest/test/googletest-output-test_.cc
/SOURCE/NOUDAR/SOURCES.ZIP/noudar-core/lib/googletest/googletest/test/googletest-param-test-invalid-name1-test.py
/SOURCE/NOUDAR/SOURCES.ZIP/noudar-core/lib/googletest/googletest/test/googletest-param-test-invalid-name1-test_.cc
/SOURCE/NOUDAR/SOURCES.ZIP/noudar-core/lib/googletest/googletest/test/googletest-param-test-invalid-name2-test.py
/SOURCE/NOUDAR/SOURCES.ZIP/noudar-core/lib/googletest/googletest/test/googletest-param-test-invalid-name2-test_.cc
/SOURCE/NOUDAR/SOURCES.ZIP/noudar-core/lib/googletest/googletest/test/googletest-param-test-test.cc
/SOURCE/NOUDAR/SOURCES.ZIP/noudar-core/lib/googletest/googletest/test/googletest-param-test-test.h
/SOURCE/NOUDAR/SOURCES.ZIP/noudar-core/lib/googletest/googletest/test/googletest-param-test2-test.cc
/SOURCE/NOUDAR/SOURCES.ZIP/noudar-core/lib/googletest/googletest/test/googletest-port-test.cc
/SOURCE/NOUDAR/SOURCES.ZIP/noudar-core/lib/googletest/googletest/test/googletest-printers-test.cc
/SOURCE/NOUDAR/SOURCES.ZIP/noudar-core/lib/googletest/googletest/test/googletest-shuffle-test.py
/SOURCE/NOUDAR/SOURCES.ZIP/noudar-core/lib/googletest/googletest/test/googletest-shuffle-test_.cc
/SOURCE/NOUDAR/SOURCES.ZIP/noudar-core/lib/googletest/googletest/test/googletest-test-part-test.cc
/SOURCE/NOUDAR/SOURCES.ZIP/noudar-core/lib/googletest/googletest/test/googletest-test2_test.cc
/SOURCE/NOUDAR/SOURCES.ZIP/noudar-core/lib/googletest/googletest/test/googletest-throw-on-failure-test.py
/SOURCE/NOUDAR/SOURCES.ZIP/noudar-core/lib/googletest/googletest/test/googletest-throw-on-failure-test_.cc
/SOURCE/NOUDAR/SOURCES.ZIP/noudar-core/lib/googletest/googletest/test/googletest-uninitialized-test.py
/SOURCE/NOUDAR/SOURCES.ZIP/noudar-core/lib/googletest/googletest/test/googletest-uninitialized-test_.cc
/SOURCE/NOUDAR/SOURCES.ZIP/noudar-core/lib/googletest/googletest/test/gtest-typed-test2_test.cc
/SOURCE/NOUDAR/SOURCES.ZIP/noudar-core/lib/googletest/googletest/test/gtest-typed-test_test.cc
/SOURCE/NOUDAR/SOURCES.ZIP/noudar-core/lib/googletest/googletest/test/gtest-typed-test_test.h
/SOURCE/NOUDAR/SOURCES.ZIP/noudar-core/lib/googletest/googletest/test/gtest-unittest-api_test.cc
/SOURCE/NOUDAR/SOURCES.ZIP/noudar-core/lib/googletest/googletest/test/gtest_all_test.cc
/SOURCE/NOUDAR/SOURCES.ZIP/noudar-core/lib/googletest/googletest/test/gtest_assert_by_exception_test.cc
/SOURCE/NOUDAR/SOURCES.ZIP/noudar-core/lib/googletest/googletest/test/gtest_environment_test.cc
/SOURCE/NOUDAR/SOURCES.ZIP/noudar-core/lib/googletest/googletest/test/gtest_help_test.py
/SOURCE/NOUDAR/SOURCES.ZIP/noudar-core/lib/googletest/googletest/test/gtest_help_test_.cc
/SOURCE/NOUDAR/SOURCES.ZIP/noudar-core/lib/googletest/googletest/test/gtest_json_test_utils.py
/SOURCE/NOUDAR/SOURCES.ZIP/noudar-core/lib/googletest/googletest/test/gtest_list_output_unittest.py
/SOURCE/NOUDAR/SOURCES.ZIP/noudar-core/lib/googletest/googletest/test/gtest_list_output_unittest_.cc
/SOURCE/NOUDAR/SOURCES.ZIP/noudar-core/lib/googletest/googletest/test/gtest_main_unittest.cc
/SOURCE/NOUDAR/SOURCES.ZIP/noudar-core/lib/googletest/googletest/test/gtest_no_test_unittest.cc
/SOURCE/NOUDAR/SOURCES.ZIP/noudar-core/lib/googletest/googletest/test/gtest_pred_impl_unittest.cc
/SOURCE/NOUDAR/SOURCES.ZIP/noudar-core/lib/googletest/googletest/test/gtest_premature_exit_test.cc
/SOURCE/NOUDAR/SOURCES.ZIP/noudar-core/lib/googletest/googletest/test/gtest_prod_test.cc
/SOURCE/NOUDAR/SOURCES.ZIP/noudar-core/lib/googletest/googletest/test/gtest_repeat_test.cc
/SOURCE/NOUDAR/SOURCES.ZIP/noudar-core/lib/googletest/googletest/test/gtest_skip_environment_check_output_test.py
/SOURCE/NOUDAR/SOURCES.ZIP/noudar-core/lib/googletest/googletest/test/gtest_skip_in_environment_setup_test.cc
/SOURCE/NOUDAR/SOURCES.ZIP/noudar-core/lib/googletest/googletest/test/gtest_skip_test.cc
/SOURCE/NOUDAR/SOURCES.ZIP/noudar-core/lib/googletest/googletest/test/gtest_sole_header_test.cc
/SOURCE/NOUDAR/SOURCES.ZIP/noudar-core/lib/googletest/googletest/test/gtest_stress_test.cc
/SOURCE/NOUDAR/SOURCES.ZIP/noudar-core/lib/googletest/googletest/test/gtest_test_macro_stack_footprint_test.cc
/SOURCE/NOUDAR/SOURCES.ZIP/noudar-core/lib/googletest/googletest/test/gtest_test_utils.py
/SOURCE/NOUDAR/SOURCES.ZIP/noudar-core/lib/googletest/googletest/test/gtest_testbridge_test.py
/SOURCE/NOUDAR/SOURCES.ZIP/noudar-core/lib/googletest/googletest/test/gtest_testbridge_test_.cc
/SOURCE/NOUDAR/SOURCES.ZIP/noudar-core/lib/googletest/googletest/test/gtest_throw_on_failure_ex_test.cc
/SOURCE/NOUDAR/SOURCES.ZIP/noudar-core/lib/googletest/googletest/test/gtest_unittest.cc
/SOURCE/NOUDAR/SOURCES.ZIP/noudar-core/lib/googletest/googletest/test/gtest_xml_outfile1_test_.cc
/SOURCE/NOUDAR/SOURCES.ZIP/noudar-core/lib/googletest/googletest/test/gtest_xml_outfile2_test_.cc
/SOURCE/NOUDAR/SOURCES.ZIP/noudar-core/lib/googletest/googletest/test/gtest_xml_outfiles_test.py
/SOURCE/NOUDAR/SOURCES.ZIP/noudar-core/lib/googletest/googletest/test/gtest_xml_output_unittest.py
/SOURCE/NOUDAR/SOURCES.ZIP/noudar-core/lib/googletest/googletest/test/gtest_xml_output_unittest_.cc
/SOURCE/NOUDAR/SOURCES.ZIP/noudar-core/lib/googletest/googletest/test/gtest_xml_test_utils.py
/SOURCE/NOUDAR/SOURCES.ZIP/noudar-core/lib/googletest/googletest/test/production.cc
/SOURCE/NOUDAR/SOURCES.ZIP/noudar-core/lib/googletest/googletest/test/production.h
/SOURCE/NOUDAR/SOURCES.ZIP/noudar-core/lib/googletest/library.json
/SOURCE/NOUDAR/SOURCES.ZIP/noudar-core/lib/googletest/platformio.ini
/SOURCE/NOUDAR/SOURCES.ZIP/noudar-core/mkdocs.yml
/SOURCE/NOUDAR/SOURCES.ZIP/noudar-core/ncurses-version/
/SOURCE/NOUDAR/SOURCES.ZIP/noudar-core/ncurses-version/BIOSConsoleRenderer.cpp
/SOURCE/NOUDAR/SOURCES.ZIP/noudar-core/ncurses-version/CConsoleRenderer.cpp
/SOURCE/NOUDAR/SOURCES.ZIP/noudar-core/ncurses-version/CConsoleRenderer.h
/SOURCE/NOUDAR/SOURCES.ZIP/noudar-core/ncurses-version/TrivialConsoleRenderer.cpp
/SOURCE/NOUDAR/SOURCES.ZIP/noudar-core/ncurses-version/main.cpp
/SOURCE/NOUDAR/SOURCES.ZIP/noudar-core/noudar-core/
/SOURCE/NOUDAR/SOURCES.ZIP/noudar-core/noudar-core/include/
/SOURCE/NOUDAR/SOURCES.ZIP/noudar-core/noudar-core/include/CActor.h
/SOURCE/NOUDAR/SOURCES.ZIP/noudar-core/noudar-core/include/CCharacter.h
/SOURCE/NOUDAR/SOURCES.ZIP/noudar-core/noudar-core/include/CCharacterArchetype.h
/SOURCE/NOUDAR/SOURCES.ZIP/noudar-core/noudar-core/include/CDoorway.h
/SOURCE/NOUDAR/SOURCES.ZIP/noudar-core/noudar-core/include/CGame.h
/SOURCE/NOUDAR/SOURCES.ZIP/noudar-core/noudar-core/include/CGameDelegate.h
/SOURCE/NOUDAR/SOURCES.ZIP/noudar-core/noudar-core/include/CItem.h
/SOURCE/NOUDAR/SOURCES.ZIP/noudar-core/noudar-core/include/CMap.h
/SOURCE/NOUDAR/SOURCES.ZIP/noudar-core/noudar-core/include/CMonster.h
/SOURCE/NOUDAR/SOURCES.ZIP/noudar-core/noudar-core/include/CMonsterGenerator.h
/SOURCE/NOUDAR/SOURCES.ZIP/noudar-core/noudar-core/include/CPlainFileLoader.h
/SOURCE/NOUDAR/SOURCES.ZIP/noudar-core/noudar-core/include/CStorageItem.h
/SOURCE/NOUDAR/SOURCES.ZIP/noudar-core/noudar-core/include/CTeam.h
/SOURCE/NOUDAR/SOURCES.ZIP/noudar-core/noudar-core/include/Common.h
/SOURCE/NOUDAR/SOURCES.ZIP/noudar-core/noudar-core/include/IFileLoaderDelegate.h
/SOURCE/NOUDAR/SOURCES.ZIP/noudar-core/noudar-core/include/IMapElement.h
/SOURCE/NOUDAR/SOURCES.ZIP/noudar-core/noudar-core/include/IRenderer.h
/SOURCE/NOUDAR/SOURCES.ZIP/noudar-core/noudar-core/include/Vec2i.h
/SOURCE/NOUDAR/SOURCES.ZIP/noudar-core/noudar-core/include/commands/
/SOURCE/NOUDAR/SOURCES.ZIP/noudar-core/noudar-core/include/commands/CCycleNextItemCommand.h
/SOURCE/NOUDAR/SOURCES.ZIP/noudar-core/noudar-core/include/commands/CCyclePreviousItemCommand.h
/SOURCE/NOUDAR/SOURCES.ZIP/noudar-core/noudar-core/include/commands/CDropItemCommand.h
/SOURCE/NOUDAR/SOURCES.ZIP/noudar-core/noudar-core/include/commands/CEndTurnCommand.h
/SOURCE/NOUDAR/SOURCES.ZIP/noudar-core/noudar-core/include/commands/CLoadNewLevelCommand.h
/SOURCE/NOUDAR/SOURCES.ZIP/noudar-core/noudar-core/include/commands/CMoveActorCommand.h
/SOURCE/NOUDAR/SOURCES.ZIP/noudar-core/noudar-core/include/commands/CNullCommand.h
/SOURCE/NOUDAR/SOURCES.ZIP/noudar-core/noudar-core/include/commands/CPickItemCommand.h
/SOURCE/NOUDAR/SOURCES.ZIP/noudar-core/noudar-core/include/commands/CQuitCommand.h
/SOURCE/NOUDAR/SOURCES.ZIP/noudar-core/noudar-core/include/commands/CSuggestItemCommand.h
/SOURCE/NOUDAR/SOURCES.ZIP/noudar-core/noudar-core/include/commands/CTurnActorCommand.h
/SOURCE/NOUDAR/SOURCES.ZIP/noudar-core/noudar-core/include/commands/CUseCurrentItemCommand.h
/SOURCE/NOUDAR/SOURCES.ZIP/noudar-core/noudar-core/include/commands/IGameCommand.h
/SOURCE/NOUDAR/SOURCES.ZIP/noudar-core/noudar-core/src/
/SOURCE/NOUDAR/SOURCES.ZIP/noudar-core/noudar-core/src/CActor.cpp
/SOURCE/NOUDAR/SOURCES.ZIP/noudar-core/noudar-core/src/CCharacter.cpp
/SOURCE/NOUDAR/SOURCES.ZIP/noudar-core/noudar-core/src/CCharacterArchetype.cpp
/SOURCE/NOUDAR/SOURCES.ZIP/noudar-core/noudar-core/src/CDoorway.cpp
/SOURCE/NOUDAR/SOURCES.ZIP/noudar-core/noudar-core/src/CGame.cpp
/SOURCE/NOUDAR/SOURCES.ZIP/noudar-core/noudar-core/src/CGameDelegate.cpp
/SOURCE/NOUDAR/SOURCES.ZIP/noudar-core/noudar-core/src/CItem.cpp
/SOURCE/NOUDAR/SOURCES.ZIP/noudar-core/noudar-core/src/CMap.cpp
/SOURCE/NOUDAR/SOURCES.ZIP/noudar-core/noudar-core/src/CMonster.cpp
/SOURCE/NOUDAR/SOURCES.ZIP/noudar-core/noudar-core/src/CMonsterGenerator.cpp
/SOURCE/NOUDAR/SOURCES.ZIP/noudar-core/noudar-core/src/CPlainFileLoader.cpp
/SOURCE/NOUDAR/SOURCES.ZIP/noudar-core/noudar-core/src/CStorageItem.cpp
/SOURCE/NOUDAR/SOURCES.ZIP/noudar-core/noudar-core/src/CTeam.cpp
/SOURCE/NOUDAR/SOURCES.ZIP/noudar-core/noudar-core/src/Common.cpp
/SOURCE/NOUDAR/SOURCES.ZIP/noudar-core/noudar-core/src/IFileLoaderDelegate.cpp
/SOURCE/NOUDAR/SOURCES.ZIP/noudar-core/noudar-core/src/IMapElement.cpp
/SOURCE/NOUDAR/SOURCES.ZIP/noudar-core/noudar-core/src/Vec2i.cpp
/SOURCE/NOUDAR/SOURCES.ZIP/noudar-core/noudar-core/src/commands/
/SOURCE/NOUDAR/SOURCES.ZIP/noudar-core/noudar-core/src/commands/CCycleNextItemCommand.cpp
/SOURCE/NOUDAR/SOURCES.ZIP/noudar-core/noudar-core/src/commands/CCyclePreviousItemCommand.cpp
/SOURCE/NOUDAR/SOURCES.ZIP/noudar-core/noudar-core/src/commands/CDropItemCommand.cpp
/SOURCE/NOUDAR/SOURCES.ZIP/noudar-core/noudar-core/src/commands/CEndTurnCommand.cpp
/SOURCE/NOUDAR/SOURCES.ZIP/noudar-core/noudar-core/src/commands/CLoadNewLevelCommand.cpp
/SOURCE/NOUDAR/SOURCES.ZIP/noudar-core/noudar-core/src/commands/CMoveActorCommand.cpp
/SOURCE/NOUDAR/SOURCES.ZIP/noudar-core/noudar-core/src/commands/CNullCommand.cpp
/SOURCE/NOUDAR/SOURCES.ZIP/noudar-core/noudar-core/src/commands/CPickItemCommand.cpp
/SOURCE/NOUDAR/SOURCES.ZIP/noudar-core/noudar-core/src/commands/CQuitCommand.cpp
/SOURCE/NOUDAR/SOURCES.ZIP/noudar-core/noudar-core/src/commands/CSuggestItemCommand.cpp
/SOURCE/NOUDAR/SOURCES.ZIP/noudar-core/noudar-core/src/commands/CTurnActorCommand.cpp
/SOURCE/NOUDAR/SOURCES.ZIP/noudar-core/noudar-core/src/commands/CUseCurrentItemCommand.cpp
/SOURCE/NOUDAR/SOURCES.ZIP/noudar-core/noudar-core/src/commands/IGameCommand.cpp
/SOURCE/NOUDAR/SOURCES.ZIP/noudar-core/res/
/SOURCE/NOUDAR/SOURCES.ZIP/noudar-core/res/intro
/SOURCE/NOUDAR/SOURCES.ZIP/noudar-core/res/map0.txt
/SOURCE/NOUDAR/SOURCES.ZIP/noudar-core/res/map1.txt
/SOURCE/NOUDAR/SOURCES.ZIP/noudar-core/res/map2.txt
/SOURCE/NOUDAR/SOURCES.ZIP/noudar-core/res/map3.txt
/SOURCE/NOUDAR/SOURCES.ZIP/noudar-core/res/map4.txt
/SOURCE/NOUDAR/SOURCES.ZIP/noudar-core/res/map5.txt
/SOURCE/NOUDAR/SOURCES.ZIP/noudar-core/res/map6.txt
/SOURCE/NOUDAR/SOURCES.ZIP/noudar-core/res/map7.txt
/SOURCE/NOUDAR/SOURCES.ZIP/noudar-core/res/outro
/SOURCE/NOUDAR/SOURCES.ZIP/noudar-core/screenshot-dos.png
/SOURCE/NOUDAR/SOURCES.ZIP/noudar-core/screenshot.png
/SOURCE/NOUDAR/SOURCES.ZIP/noudar-core/update-coverage.sh
/SOURCE/NOUDAR/SOURCES.ZIP/noudar-rendering/
/SOURCE/NOUDAR/SOURCES.ZIP/noudar-rendering/CLerp.cpp
/SOURCE/NOUDAR/SOURCES.ZIP/noudar-rendering/CLerp.h
/SOURCE/NOUDAR/SOURCES.ZIP/noudar-rendering/CTile3DProperties.cpp
/SOURCE/NOUDAR/SOURCES.ZIP/noudar-rendering/CTile3DProperties.h
/SOURCE/NOUDAR/SOURCES.ZIP/noudar-rendering/Camera.cpp
/SOURCE/NOUDAR/SOURCES.ZIP/noudar-rendering/Camera.h
/SOURCE/NOUDAR/SOURCES.ZIP/noudar-rendering/DungeonGLES2Renderer.cpp
/SOURCE/NOUDAR/SOURCES.ZIP/noudar-rendering/DungeonGLES2Renderer.h
/SOURCE/NOUDAR/SOURCES.ZIP/noudar-rendering/ETextures.h
/SOURCE/NOUDAR/SOURCES.ZIP/noudar-rendering/GameNativeAPI.cpp
/SOURCE/NOUDAR/SOURCES.ZIP/noudar-rendering/GameNativeAPI.h
/SOURCE/NOUDAR/SOURCES.ZIP/noudar-rendering/LightningStrategy.cpp
/SOURCE/NOUDAR/SOURCES.ZIP/noudar-rendering/LightningStrategy.h
/SOURCE/NOUDAR/SOURCES.ZIP/noudar-rendering/LoadPNG.cpp
/SOURCE/NOUDAR/SOURCES.ZIP/noudar-rendering/LoadPNG.h
/SOURCE/NOUDAR/SOURCES.ZIP/noudar-rendering/Logger.cpp
/SOURCE/NOUDAR/SOURCES.ZIP/noudar-rendering/Logger.h
/SOURCE/NOUDAR/SOURCES.ZIP/noudar-rendering/NativeBitmap.cpp
/SOURCE/NOUDAR/SOURCES.ZIP/noudar-rendering/NativeBitmap.h
/SOURCE/NOUDAR/SOURCES.ZIP/noudar-rendering/NoudarDungeonSnapshot.cpp
/SOURCE/NOUDAR/SOURCES.ZIP/noudar-rendering/NoudarDungeonSnapshot.h
/SOURCE/NOUDAR/SOURCES.ZIP/noudar-rendering/NoudarGLES2Bridge.cpp
/SOURCE/NOUDAR/SOURCES.ZIP/noudar-rendering/NoudarGLES2Bridge.h
/SOURCE/NOUDAR/SOURCES.ZIP/noudar-rendering/RenderingJobSnapshotAdapter.cpp
/SOURCE/NOUDAR/SOURCES.ZIP/noudar-rendering/RenderingJobSnapshotAdapter.h
/SOURCE/NOUDAR/SOURCES.ZIP/noudar-rendering/SplatAnimation.cpp
/SOURCE/NOUDAR/SOURCES.ZIP/noudar-rendering/SplatAnimation.h
/SOURCE/NOUDAR/SOURCES.ZIP/noudar-rendering/VBORegister.h
/SOURCE/NOUDAR/SOURCES.ZIP/noudar-rendering/VBORenderingJob.cpp
/SOURCE/NOUDAR/SOURCES.ZIP/noudar-rendering/VBORenderingJob.h
/SOURCE/NOUDAR/SOURCES.ZIP/noudar-rendering/VisibilityStrategy.cpp
/SOURCE/NOUDAR/SOURCES.ZIP/noudar-rendering/VisibilityStrategy.h
/SOURCE/NOUDAR/SOURCES.ZIP/NullSoundSystem/
/SOURCE/NOUDAR/SOURCES.ZIP/NullSoundSystem/AudioSink.h
/SOURCE/NOUDAR/SOURCES.ZIP/NullSoundSystem/SoundClip.cpp
/SOURCE/NOUDAR/SOURCES.ZIP/NullSoundSystem/SoundClip.h
/SOURCE/NOUDAR/SOURCES.ZIP/NullSoundSystem/SoundEmitter.cpp
/SOURCE/NOUDAR/SOURCES.ZIP/NullSoundSystem/SoundEmitter.h
/SOURCE/NOUDAR/SOURCES.ZIP/NullSoundSystem/SoundListener.cpp
/SOURCE/NOUDAR/SOURCES.ZIP/NullSoundSystem/SoundListener.h
/SOURCE/NOUDAR/SOURCES.ZIP/NullSoundSystem/SoundUtils.cpp
/SOURCE/NOUDAR/SOURCES.ZIP/NullSoundSystem/SoundUtils.h
/SOURCE/NOUDAR/SOURCES.ZIP/README.md
/SOURCE/NOUDAR/SOURCES.ZIP/screenshot1.png
/SOURCE/NOUDAR/SOURCES.ZIP/screenshot2.png
/SOURCE/NOUDAR/SOURCES.ZIP/stb/
/SOURCE/NOUDAR/SOURCES.ZIP/stb/README.md
/SOURCE/NOUDAR/SOURCES.ZIP/stb/data/
/SOURCE/NOUDAR/SOURCES.ZIP/stb/data/atari_8bit_font_revised.png
/SOURCE/NOUDAR/SOURCES.ZIP/stb/data/easy_font_raw.png
/SOURCE/NOUDAR/SOURCES.ZIP/stb/data/herringbone/
/SOURCE/NOUDAR/SOURCES.ZIP/stb/data/herringbone/license.txt
/SOURCE/NOUDAR/SOURCES.ZIP/stb/data/herringbone/template_caves_limit_connectivity.png
/SOURCE/NOUDAR/SOURCES.ZIP/stb/data/herringbone/template_caves_tiny_corridors.png
/SOURCE/NOUDAR/SOURCES.ZIP/stb/data/herringbone/template_corner_caves.png
/SOURCE/NOUDAR/SOURCES.ZIP/stb/data/herringbone/template_horizontal_corridors_v1.png
/SOURCE/NOUDAR/SOURCES.ZIP/stb/data/herringbone/template_horizontal_corridors_v2.png
/SOURCE/NOUDAR/SOURCES.ZIP/stb/data/herringbone/template_horizontal_corridors_v3.png
/SOURCE/NOUDAR/SOURCES.ZIP/stb/data/herringbone/template_limit_connectivity_fat.png
/SOURCE/NOUDAR/SOURCES.ZIP/stb/data/herringbone/template_limited_connectivity.png
/SOURCE/NOUDAR/SOURCES.ZIP/stb/data/herringbone/template_maze_2_wide.png
/SOURCE/NOUDAR/SOURCES.ZIP/stb/data/herringbone/template_maze_plus_2_wide.png
/SOURCE/NOUDAR/SOURCES.ZIP/stb/data/herringbone/template_open_areas.png
/SOURCE/NOUDAR/SOURCES.ZIP/stb/data/herringbone/template_ref2_corner_caves.png
/SOURCE/NOUDAR/SOURCES.ZIP/stb/data/herringbone/template_rooms_and_corridors.png
/SOURCE/NOUDAR/SOURCES.ZIP/stb/data/herringbone/template_rooms_and_corridors_2_wide_diagonal_bias.png
/SOURCE/NOUDAR/SOURCES.ZIP/stb/data/herringbone/template_rooms_limit_connectivity.png
/SOURCE/NOUDAR/SOURCES.ZIP/stb/data/herringbone/template_round_rooms_diagonal_corridors.png
/SOURCE/NOUDAR/SOURCES.ZIP/stb/data/herringbone/template_sean_dungeon.png
/SOURCE/NOUDAR/SOURCES.ZIP/stb/data/herringbone/template_simple_caves_2_wide.png
/SOURCE/NOUDAR/SOURCES.ZIP/stb/data/herringbone/template_square_rooms_with_random_rects.png
/SOURCE/NOUDAR/SOURCES.ZIP/stb/data/map_01.png
/SOURCE/NOUDAR/SOURCES.ZIP/stb/data/map_02.png
/SOURCE/NOUDAR/SOURCES.ZIP/stb/data/map_03.png
/SOURCE/NOUDAR/SOURCES.ZIP/stb/deprecated/
/SOURCE/NOUDAR/SOURCES.ZIP/stb/deprecated/stb_image.c
/SOURCE/NOUDAR/SOURCES.ZIP/stb/deprecated/stretchy_buffer.txt
/SOURCE/NOUDAR/SOURCES.ZIP/stb/docs/
/SOURCE/NOUDAR/SOURCES.ZIP/stb/docs/other_libs.md
/SOURCE/NOUDAR/SOURCES.ZIP/stb/docs/stb_howto.txt
/SOURCE/NOUDAR/SOURCES.ZIP/stb/docs/stb_voxel_render_interview.md
/SOURCE/NOUDAR/SOURCES.ZIP/stb/docs/why_public_domain.md
/SOURCE/NOUDAR/SOURCES.ZIP/stb/release_notes.md
/SOURCE/NOUDAR/SOURCES.ZIP/stb/stb.h
/SOURCE/NOUDAR/SOURCES.ZIP/stb/stb_c_lexer.h
/SOURCE/NOUDAR/SOURCES.ZIP/stb/stb_connected_components.h
/SOURCE/NOUDAR/SOURCES.ZIP/stb/stb_divide.h
/SOURCE/NOUDAR/SOURCES.ZIP/stb/stb_dxt.h
/SOURCE/NOUDAR/SOURCES.ZIP/stb/stb_easy_font.h
/SOURCE/NOUDAR/SOURCES.ZIP/stb/stb_herringbone_wang_tile.h
/SOURCE/NOUDAR/SOURCES.ZIP/stb/stb_image.h
/SOURCE/NOUDAR/SOURCES.ZIP/stb/stb_image_resize.h
/SOURCE/NOUDAR/SOURCES.ZIP/stb/stb_image_write.h
/SOURCE/NOUDAR/SOURCES.ZIP/stb/stb_leakcheck.h
/SOURCE/NOUDAR/SOURCES.ZIP/stb/stb_perlin.h
/SOURCE/NOUDAR/SOURCES.ZIP/stb/stb_rect_pack.h
/SOURCE/NOUDAR/SOURCES.ZIP/stb/stb_textedit.h
/SOURCE/NOUDAR/SOURCES.ZIP/stb/stb_tilemap_editor.h
/SOURCE/NOUDAR/SOURCES.ZIP/stb/stb_truetype.h
/SOURCE/NOUDAR/SOURCES.ZIP/stb/stb_vorbis.c
/SOURCE/NOUDAR/SOURCES.ZIP/stb/stb_voxel_render.h
/SOURCE/NOUDAR/SOURCES.ZIP/stb/stretchy_buffer.h
/SOURCE/NOUDAR/SOURCES.ZIP/stb/tests/
/SOURCE/NOUDAR/SOURCES.ZIP/stb/tests/c_lexer_test.c
/SOURCE/NOUDAR/SOURCES.ZIP/stb/tests/c_lexer_test.dsp
/SOURCE/NOUDAR/SOURCES.ZIP/stb/tests/caveview/
/SOURCE/NOUDAR/SOURCES.ZIP/stb/tests/caveview/README.md
/SOURCE/NOUDAR/SOURCES.ZIP/stb/tests/caveview/cave_main.c
/SOURCE/NOUDAR/SOURCES.ZIP/stb/tests/caveview/cave_mesher.c
/SOURCE/NOUDAR/SOURCES.ZIP/stb/tests/caveview/cave_parse.c
/SOURCE/NOUDAR/SOURCES.ZIP/stb/tests/caveview/cave_parse.h
/SOURCE/NOUDAR/SOURCES.ZIP/stb/tests/caveview/cave_render.c
/SOURCE/NOUDAR/SOURCES.ZIP/stb/tests/caveview/caveview.dsp
/SOURCE/NOUDAR/SOURCES.ZIP/stb/tests/caveview/caveview.dsw
/SOURCE/NOUDAR/SOURCES.ZIP/stb/tests/caveview/caveview.h
/SOURCE/NOUDAR/SOURCES.ZIP/stb/tests/caveview/glext.h
/SOURCE/NOUDAR/SOURCES.ZIP/stb/tests/caveview/glext_list.h
/SOURCE/NOUDAR/SOURCES.ZIP/stb/tests/caveview/main.c
/SOURCE/NOUDAR/SOURCES.ZIP/stb/tests/caveview/stb_gl.h
/SOURCE/NOUDAR/SOURCES.ZIP/stb/tests/caveview/stb_glprog.h
/SOURCE/NOUDAR/SOURCES.ZIP/stb/tests/caveview/win32/
/SOURCE/NOUDAR/SOURCES.ZIP/stb/tests/caveview/win32/SDL_windows_main.c
/SOURCE/NOUDAR/SOURCES.ZIP/stb/tests/grid_reachability.c
/SOURCE/NOUDAR/SOURCES.ZIP/stb/tests/herringbone.dsp
/SOURCE/NOUDAR/SOURCES.ZIP/stb/tests/herringbone_generator.c
/SOURCE/NOUDAR/SOURCES.ZIP/stb/tests/herringbone_map.c
/SOURCE/NOUDAR/SOURCES.ZIP/stb/tests/herringbone_map.dsp
/SOURCE/NOUDAR/SOURCES.ZIP/stb/tests/image_test.c
/SOURCE/NOUDAR/SOURCES.ZIP/stb/tests/image_test.dsp
/SOURCE/NOUDAR/SOURCES.ZIP/stb/tests/oversample/
/SOURCE/NOUDAR/SOURCES.ZIP/stb/tests/oversample/README.md
/SOURCE/NOUDAR/SOURCES.ZIP/stb/tests/oversample/main.c
/SOURCE/NOUDAR/SOURCES.ZIP/stb/tests/oversample/oversample.dsp
/SOURCE/NOUDAR/SOURCES.ZIP/stb/tests/oversample/oversample.dsw
/SOURCE/NOUDAR/SOURCES.ZIP/stb/tests/oversample/oversample.exe
/SOURCE/NOUDAR/SOURCES.ZIP/stb/tests/oversample/stb_wingraph.h
/SOURCE/NOUDAR/SOURCES.ZIP/stb/tests/pngsuite/
/SOURCE/NOUDAR/SOURCES.ZIP/stb/tests/pngsuite/16bit/
/SOURCE/NOUDAR/SOURCES.ZIP/stb/tests/pngsuite/16bit/basi0g16.png
/SOURCE/NOUDAR/SOURCES.ZIP/stb/tests/pngsuite/16bit/basi2c16.png
/SOURCE/NOUDAR/SOURCES.ZIP/stb/tests/pngsuite/16bit/basi4a16.png
/SOURCE/NOUDAR/SOURCES.ZIP/stb/tests/pngsuite/16bit/basi6a16.png
/SOURCE/NOUDAR/SOURCES.ZIP/stb/tests/pngsuite/16bit/basn0g16.png
/SOURCE/NOUDAR/SOURCES.ZIP/stb/tests/pngsuite/16bit/basn2c16.png
/SOURCE/NOUDAR/SOURCES.ZIP/stb/tests/pngsuite/16bit/basn4a16.png
/SOURCE/NOUDAR/SOURCES.ZIP/stb/tests/pngsuite/16bit/basn6a16.png
/SOURCE/NOUDAR/SOURCES.ZIP/stb/tests/pngsuite/16bit/bgai4a16.png
/SOURCE/NOUDAR/SOURCES.ZIP/stb/tests/pngsuite/16bit/bgan6a16.png
/SOURCE/NOUDAR/SOURCES.ZIP/stb/tests/pngsuite/16bit/bggn4a16.png
/SOURCE/NOUDAR/SOURCES.ZIP/stb/tests/pngsuite/16bit/bgyn6a16.png
/SOURCE/NOUDAR/SOURCES.ZIP/stb/tests/pngsuite/16bit/oi1n0g16.png
/SOURCE/NOUDAR/SOURCES.ZIP/stb/tests/pngsuite/16bit/oi1n2c16.png
/SOURCE/NOUDAR/SOURCES.ZIP/stb/tests/pngsuite/16bit/oi2n0g16.png
/SOURCE/NOUDAR/SOURCES.ZIP/stb/tests/pngsuite/16bit/oi2n2c16.png
/SOURCE/NOUDAR/SOURCES.ZIP/stb/tests/pngsuite/16bit/oi4n0g16.png
/SOURCE/NOUDAR/SOURCES.ZIP/stb/tests/pngsuite/16bit/oi4n2c16.png
/SOURCE/NOUDAR/SOURCES.ZIP/stb/tests/pngsuite/16bit/oi9n0g16.png
/SOURCE/NOUDAR/SOURCES.ZIP/stb/tests/pngsuite/16bit/oi9n2c16.png
/SOURCE/NOUDAR/SOURCES.ZIP/stb/tests/pngsuite/16bit/tbbn2c16.png
/SOURCE/NOUDAR/SOURCES.ZIP/stb/tests/pngsuite/16bit/tbgn2c16.png
/SOURCE/NOUDAR/SOURCES.ZIP/stb/tests/pngsuite/16bit/tbwn0g16.png
/SOURCE/NOUDAR/SOURCES.ZIP/stb/tests/pngsuite/PngSuite.LICENSE
/SOURCE/NOUDAR/SOURCES.ZIP/stb/tests/pngsuite/corrupt/
/SOURCE/NOUDAR/SOURCES.ZIP/stb/tests/pngsuite/corrupt/xc1n0g08.png
/SOURCE/NOUDAR/SOURCES.ZIP/stb/tests/pngsuite/corrupt/xc9n2c08.png
/SOURCE/NOUDAR/SOURCES.ZIP/stb/tests/pngsuite/corrupt/xcrn0g04.png
/SOURCE/NOUDAR/SOURCES.ZIP/stb/tests/pngsuite/corrupt/xcsn0g01.png
/SOURCE/NOUDAR/SOURCES.ZIP/stb/tests/pngsuite/corrupt/xd0n2c08.png
/SOURCE/NOUDAR/SOURCES.ZIP/stb/tests/pngsuite/corrupt/xd3n2c08.png
/SOURCE/NOUDAR/SOURCES.ZIP/stb/tests/pngsuite/corrupt/xd9n2c08.png
/SOURCE/NOUDAR/SOURCES.ZIP/stb/tests/pngsuite/corrupt/xdtn0g01.png
/SOURCE/NOUDAR/SOURCES.ZIP/stb/tests/pngsuite/corrupt/xhdn0g08.png
/SOURCE/NOUDAR/SOURCES.ZIP/stb/tests/pngsuite/corrupt/xlfn0g04.png
/SOURCE/NOUDAR/SOURCES.ZIP/stb/tests/pngsuite/corrupt/xs1n0g01.png
/SOURCE/NOUDAR/SOURCES.ZIP/stb/tests/pngsuite/corrupt/xs2n0g01.png
/SOURCE/NOUDAR/SOURCES.ZIP/stb/tests/pngsuite/corrupt/xs4n0g01.png
/SOURCE/NOUDAR/SOURCES.ZIP/stb/tests/pngsuite/corrupt/xs7n0g01.png
/SOURCE/NOUDAR/SOURCES.ZIP/stb/tests/pngsuite/primary/
/SOURCE/NOUDAR/SOURCES.ZIP/stb/tests/pngsuite/primary/basi0g01.png
/SOURCE/NOUDAR/SOURCES.ZIP/stb/tests/pngsuite/primary/basi0g02.png
/SOURCE/NOUDAR/SOURCES.ZIP/stb/tests/pngsuite/primary/basi0g04.png
/SOURCE/NOUDAR/SOURCES.ZIP/stb/tests/pngsuite/primary/basi0g08.png
/SOURCE/NOUDAR/SOURCES.ZIP/stb/tests/pngsuite/primary/basi2c08.png
/SOURCE/NOUDAR/SOURCES.ZIP/stb/tests/pngsuite/primary/basi3p01.png
/SOURCE/NOUDAR/SOURCES.ZIP/stb/tests/pngsuite/primary/basi3p02.png
/SOURCE/NOUDAR/SOURCES.ZIP/stb/tests/pngsuite/primary/basi3p04.png
/SOURCE/NOUDAR/SOURCES.ZIP/stb/tests/pngsuite/primary/basi3p08.png
/SOURCE/NOUDAR/SOURCES.ZIP/stb/tests/pngsuite/primary/basi4a08.png
/SOURCE/NOUDAR/SOURCES.ZIP/stb/tests/pngsuite/primary/basi6a08.png
/SOURCE/NOUDAR/SOURCES.ZIP/stb/tests/pngsuite/primary/basn0g01.png
/SOURCE/NOUDAR/SOURCES.ZIP/stb/tests/pngsuite/primary/basn0g02.png
/SOURCE/NOUDAR/SOURCES.ZIP/stb/tests/pngsuite/primary/basn0g04.png
/SOURCE/NOUDAR/SOURCES.ZIP/stb/tests/pngsuite/primary/basn0g08.png
/SOURCE/NOUDAR/SOURCES.ZIP/stb/tests/pngsuite/primary/basn2c08.png
/SOURCE/NOUDAR/SOURCES.ZIP/stb/tests/pngsuite/primary/basn3p01.png
/SOURCE/NOUDAR/SOURCES.ZIP/stb/tests/pngsuite/primary/basn3p02.png
/SOURCE/NOUDAR/SOURCES.ZIP/stb/tests/pngsuite/primary/basn3p04.png
/SOURCE/NOUDAR/SOURCES.ZIP/stb/tests/pngsuite/primary/basn3p08.png
/SOURCE/NOUDAR/SOURCES.ZIP/stb/tests/pngsuite/primary/basn4a08.png
/SOURCE/NOUDAR/SOURCES.ZIP/stb/tests/pngsuite/primary/basn6a08.png
/SOURCE/NOUDAR/SOURCES.ZIP/stb/tests/pngsuite/primary/bgai4a08.png
/SOURCE/NOUDAR/SOURCES.ZIP/stb/tests/pngsuite/primary/bgan6a08.png
/SOURCE/NOUDAR/SOURCES.ZIP/stb/tests/pngsuite/primary/bgbn4a08.png
/SOURCE/NOUDAR/SOURCES.ZIP/stb/tests/pngsuite/primary/bgwn6a08.png
/SOURCE/NOUDAR/SOURCES.ZIP/stb/tests/pngsuite/primary/s01i3p01.png
/SOURCE/NOUDAR/SOURCES.ZIP/stb/tests/pngsuite/primary/s01n3p01.png
/SOURCE/NOUDAR/SOURCES.ZIP/stb/tests/pngsuite/primary/s02i3p01.png
/SOURCE/NOUDAR/SOURCES.ZIP/stb/tests/pngsuite/primary/s02n3p01.png
/SOURCE/NOUDAR/SOURCES.ZIP/stb/tests/pngsuite/primary/s03i3p01.png
/SOURCE/NOUDAR/SOURCES.ZIP/stb/tests/pngsuite/primary/s03n3p01.png
/SOURCE/NOUDAR/SOURCES.ZIP/stb/tests/pngsuite/primary/s04i3p01.png
/SOURCE/NOUDAR/SOURCES.ZIP/stb/tests/pngsuite/primary/s04n3p01.png
/SOURCE/NOUDAR/SOURCES.ZIP/stb/tests/pngsuite/primary/s05i3p02.png
/SOURCE/NOUDAR/SOURCES.ZIP/stb/tests/pngsuite/primary/s05n3p02.png
/SOURCE/NOUDAR/SOURCES.ZIP/stb/tests/pngsuite/primary/s06i3p02.png
/SOURCE/NOUDAR/SOURCES.ZIP/stb/tests/pngsuite/primary/s06n3p02.png
/SOURCE/NOUDAR/SOURCES.ZIP/stb/tests/pngsuite/primary/s07i3p02.png
/SOURCE/NOUDAR/SOURCES.ZIP/stb/tests/pngsuite/primary/s07n3p02.png
/SOURCE/NOUDAR/SOURCES.ZIP/stb/tests/pngsuite/primary/s08i3p02.png
/SOURCE/NOUDAR/SOURCES.ZIP/stb/tests/pngsuite/primary/s08n3p02.png
/SOURCE/NOUDAR/SOURCES.ZIP/stb/tests/pngsuite/primary/s09i3p02.png
/SOURCE/NOUDAR/SOURCES.ZIP/stb/tests/pngsuite/primary/s09n3p02.png
/SOURCE/NOUDAR/SOURCES.ZIP/stb/tests/pngsuite/primary/s32i3p04.png
/SOURCE/NOUDAR/SOURCES.ZIP/stb/tests/pngsuite/primary/s32n3p04.png
/SOURCE/NOUDAR/SOURCES.ZIP/stb/tests/pngsuite/primary/s33i3p04.png
/SOURCE/NOUDAR/SOURCES.ZIP/stb/tests/pngsuite/primary/s33n3p04.png
/SOURCE/NOUDAR/SOURCES.ZIP/stb/tests/pngsuite/primary/s34i3p04.png
/SOURCE/NOUDAR/SOURCES.ZIP/stb/tests/pngsuite/primary/s34n3p04.png
/SOURCE/NOUDAR/SOURCES.ZIP/stb/tests/pngsuite/primary/s35i3p04.png
/SOURCE/NOUDAR/SOURCES.ZIP/stb/tests/pngsuite/primary/s35n3p04.png
/SOURCE/NOUDAR/SOURCES.ZIP/stb/tests/pngsuite/primary/s36i3p04.png
/SOURCE/NOUDAR/SOURCES.ZIP/stb/tests/pngsuite/primary/s36n3p04.png
/SOURCE/NOUDAR/SOURCES.ZIP/stb/tests/pngsuite/primary/s37i3p04.png
/SOURCE/NOUDAR/SOURCES.ZIP/stb/tests/pngsuite/primary/s37n3p04.png
/SOURCE/NOUDAR/SOURCES.ZIP/stb/tests/pngsuite/primary/s38i3p04.png
/SOURCE/NOUDAR/SOURCES.ZIP/stb/tests/pngsuite/primary/s38n3p04.png
/SOURCE/NOUDAR/SOURCES.ZIP/stb/tests/pngsuite/primary/s39i3p04.png
/SOURCE/NOUDAR/SOURCES.ZIP/stb/tests/pngsuite/primary/s39n3p04.png
/SOURCE/NOUDAR/SOURCES.ZIP/stb/tests/pngsuite/primary/s40i3p04.png
/SOURCE/NOUDAR/SOURCES.ZIP/stb/tests/pngsuite/primary/s40n3p04.png
/SOURCE/NOUDAR/SOURCES.ZIP/stb/tests/pngsuite/primary/tbbn0g04.png
/SOURCE/NOUDAR/SOURCES.ZIP/stb/tests/pngsuite/primary/tbbn3p08.png
/SOURCE/NOUDAR/SOURCES.ZIP/stb/tests/pngsuite/primary/tbgn3p08.png
/SOURCE/NOUDAR/SOURCES.ZIP/stb/tests/pngsuite/primary/tbrn2c08.png
/SOURCE/NOUDAR/SOURCES.ZIP/stb/tests/pngsuite/primary/tbwn3p08.png
/SOURCE/NOUDAR/SOURCES.ZIP/stb/tests/pngsuite/primary/tbyn3p08.png
/SOURCE/NOUDAR/SOURCES.ZIP/stb/tests/pngsuite/primary/tm3n3p02.png
/SOURCE/NOUDAR/SOURCES.ZIP/stb/tests/pngsuite/primary/tp0n0g08.png
/SOURCE/NOUDAR/SOURCES.ZIP/stb/tests/pngsuite/primary/tp0n2c08.png
/SOURCE/NOUDAR/SOURCES.ZIP/stb/tests/pngsuite/primary/tp0n3p08.png
/SOURCE/NOUDAR/SOURCES.ZIP/stb/tests/pngsuite/primary/tp1n3p08.png
/SOURCE/NOUDAR/SOURCES.ZIP/stb/tests/pngsuite/primary/z00n2c08.png
/SOURCE/NOUDAR/SOURCES.ZIP/stb/tests/pngsuite/primary/z03n2c08.png
/SOURCE/NOUDAR/SOURCES.ZIP/stb/tests/pngsuite/primary/z06n2c08.png
/SOURCE/NOUDAR/SOURCES.ZIP/stb/tests/pngsuite/primary/z09n2c08.png
/SOURCE/NOUDAR/SOURCES.ZIP/stb/tests/pngsuite/primary_check/
/SOURCE/NOUDAR/SOURCES.ZIP/stb/tests/pngsuite/primary_check/basi0g01.png
/SOURCE/NOUDAR/SOURCES.ZIP/stb/tests/pngsuite/primary_check/basi0g02.png
/SOURCE/NOUDAR/SOURCES.ZIP/stb/tests/pngsuite/primary_check/basi0g04.png
/SOURCE/NOUDAR/SOURCES.ZIP/stb/tests/pngsuite/primary_check/basi0g08.png
/SOURCE/NOUDAR/SOURCES.ZIP/stb/tests/pngsuite/primary_check/basi2c08.png
/SOURCE/NOUDAR/SOURCES.ZIP/stb/tests/pngsuite/primary_check/basi3p01.png
/SOURCE/NOUDAR/SOURCES.ZIP/stb/tests/pngsuite/primary_check/basi3p02.png
/SOURCE/NOUDAR/SOURCES.ZIP/stb/tests/pngsuite/primary_check/basi3p04.png
/SOURCE/NOUDAR/SOURCES.ZIP/stb/tests/pngsuite/primary_check/basi3p08.png
/SOURCE/NOUDAR/SOURCES.ZIP/stb/tests/pngsuite/primary_check/basi4a08.png
/SOURCE/NOUDAR/SOURCES.ZIP/stb/tests/pngsuite/primary_check/basi6a08.png
/SOURCE/NOUDAR/SOURCES.ZIP/stb/tests/pngsuite/primary_check/basn0g01.png
/SOURCE/NOUDAR/SOURCES.ZIP/stb/tests/pngsuite/primary_check/basn0g02.png
/SOURCE/NOUDAR/SOURCES.ZIP/stb/tests/pngsuite/primary_check/basn0g04.png
/SOURCE/NOUDAR/SOURCES.ZIP/stb/tests/pngsuite/primary_check/basn0g08.png
/SOURCE/NOUDAR/SOURCES.ZIP/stb/tests/pngsuite/primary_check/basn2c08.png
/SOURCE/NOUDAR/SOURCES.ZIP/stb/tests/pngsuite/primary_check/basn3p01.png
/SOURCE/NOUDAR/SOURCES.ZIP/stb/tests/pngsuite/primary_check/basn3p02.png
/SOURCE/NOUDAR/SOURCES.ZIP/stb/tests/pngsuite/primary_check/basn3p04.png
/SOURCE/NOUDAR/SOURCES.ZIP/stb/tests/pngsuite/primary_check/basn3p08.png
/SOURCE/NOUDAR/SOURCES.ZIP/stb/tests/pngsuite/primary_check/basn4a08.png
/SOURCE/NOUDAR/SOURCES.ZIP/stb/tests/pngsuite/primary_check/basn6a08.png
/SOURCE/NOUDAR/SOURCES.ZIP/stb/tests/pngsuite/primary_check/bgai4a08.png
/SOURCE/NOUDAR/SOURCES.ZIP/stb/tests/pngsuite/primary_check/bgan6a08.png
/SOURCE/NOUDAR/SOURCES.ZIP/stb/tests/pngsuite/primary_check/bgbn4a08.png
/SOURCE/NOUDAR/SOURCES.ZIP/stb/tests/pngsuite/primary_check/bgwn6a08.png
/SOURCE/NOUDAR/SOURCES.ZIP/stb/tests/pngsuite/primary_check/s01i3p01.png
/SOURCE/NOUDAR/SOURCES.ZIP/stb/tests/pngsuite/primary_check/s01n3p01.png
/SOURCE/NOUDAR/SOURCES.ZIP/stb/tests/pngsuite/primary_check/s02i3p01.png
/SOURCE/NOUDAR/SOURCES.ZIP/stb/tests/pngsuite/primary_check/s02n3p01.png
/SOURCE/NOUDAR/SOURCES.ZIP/stb/tests/pngsuite/primary_check/s03i3p01.png
/SOURCE/NOUDAR/SOURCES.ZIP/stb/tests/pngsuite/primary_check/s03n3p01.png
/SOURCE/NOUDAR/SOURCES.ZIP/stb/tests/pngsuite/primary_check/s04i3p01.png
/SOURCE/NOUDAR/SOURCES.ZIP/stb/tests/pngsuite/primary_check/s04n3p01.png
/SOURCE/NOUDAR/SOURCES.ZIP/stb/tests/pngsuite/primary_check/s05i3p02.png
/SOURCE/NOUDAR/SOURCES.ZIP/stb/tests/pngsuite/primary_check/s05n3p02.png
/SOURCE/NOUDAR/SOURCES.ZIP/stb/tests/pngsuite/primary_check/s06i3p02.png
/SOURCE/NOUDAR/SOURCES.ZIP/stb/tests/pngsuite/primary_check/s06n3p02.png
/SOURCE/NOUDAR/SOURCES.ZIP/stb/tests/pngsuite/primary_check/s07i3p02.png
/SOURCE/NOUDAR/SOURCES.ZIP/stb/tests/pngsuite/primary_check/s07n3p02.png
/SOURCE/NOUDAR/SOURCES.ZIP/stb/tests/pngsuite/primary_check/s08i3p02.png
/SOURCE/NOUDAR/SOURCES.ZIP/stb/tests/pngsuite/primary_check/s08n3p02.png
/SOURCE/NOUDAR/SOURCES.ZIP/stb/tests/pngsuite/primary_check/s09i3p02.png
/SOURCE/NOUDAR/SOURCES.ZIP/stb/tests/pngsuite/primary_check/s09n3p02.png
/SOURCE/NOUDAR/SOURCES.ZIP/stb/tests/pngsuite/primary_check/s32i3p04.png
/SOURCE/NOUDAR/SOURCES.ZIP/stb/tests/pngsuite/primary_check/s32n3p04.png
/SOURCE/NOUDAR/SOURCES.ZIP/stb/tests/pngsuite/primary_check/s33i3p04.png
/SOURCE/NOUDAR/SOURCES.ZIP/stb/tests/pngsuite/primary_check/s33n3p04.png
/SOURCE/NOUDAR/SOURCES.ZIP/stb/tests/pngsuite/primary_check/s34i3p04.png
/SOURCE/NOUDAR/SOURCES.ZIP/stb/tests/pngsuite/primary_check/s34n3p04.png
/SOURCE/NOUDAR/SOURCES.ZIP/stb/tests/pngsuite/primary_check/s35i3p04.png
/SOURCE/NOUDAR/SOURCES.ZIP/stb/tests/pngsuite/primary_check/s35n3p04.png
/SOURCE/NOUDAR/SOURCES.ZIP/stb/tests/pngsuite/primary_check/s36i3p04.png
/SOURCE/NOUDAR/SOURCES.ZIP/stb/tests/pngsuite/primary_check/s36n3p04.png
/SOURCE/NOUDAR/SOURCES.ZIP/stb/tests/pngsuite/primary_check/s37i3p04.png
/SOURCE/NOUDAR/SOURCES.ZIP/stb/tests/pngsuite/primary_check/s37n3p04.png
/SOURCE/NOUDAR/SOURCES.ZIP/stb/tests/pngsuite/primary_check/s38i3p04.png
/SOURCE/NOUDAR/SOURCES.ZIP/stb/tests/pngsuite/primary_check/s38n3p04.png
/SOURCE/NOUDAR/SOURCES.ZIP/stb/tests/pngsuite/primary_check/s39i3p04.png
/SOURCE/NOUDAR/SOURCES.ZIP/stb/tests/pngsuite/primary_check/s39n3p04.png
/SOURCE/NOUDAR/SOURCES.ZIP/stb/tests/pngsuite/primary_check/s40i3p04.png
/SOURCE/NOUDAR/SOURCES.ZIP/stb/tests/pngsuite/primary_check/s40n3p04.png
/SOURCE/NOUDAR/SOURCES.ZIP/stb/tests/pngsuite/primary_check/tbbn0g04.png
/SOURCE/NOUDAR/SOURCES.ZIP/stb/tests/pngsuite/primary_check/tbbn3p08.png
/SOURCE/NOUDAR/SOURCES.ZIP/stb/tests/pngsuite/primary_check/tbgn3p08.png
/SOURCE/NOUDAR/SOURCES.ZIP/stb/tests/pngsuite/primary_check/tbrn2c08.png
/SOURCE/NOUDAR/SOURCES.ZIP/stb/tests/pngsuite/primary_check/tbwn3p08.png
/SOURCE/NOUDAR/SOURCES.ZIP/stb/tests/pngsuite/primary_check/tbyn3p08.png
/SOURCE/NOUDAR/SOURCES.ZIP/stb/tests/pngsuite/primary_check/tm3n3p02.png
/SOURCE/NOUDAR/SOURCES.ZIP/stb/tests/pngsuite/primary_check/tp0n0g08.png
/SOURCE/NOUDAR/SOURCES.ZIP/stb/tests/pngsuite/primary_check/tp0n2c08.png
/SOURCE/NOUDAR/SOURCES.ZIP/stb/tests/pngsuite/primary_check/tp0n3p08.png
/SOURCE/NOUDAR/SOURCES.ZIP/stb/tests/pngsuite/primary_check/tp1n3p08.png
/SOURCE/NOUDAR/SOURCES.ZIP/stb/tests/pngsuite/primary_check/z00n2c08.png
/SOURCE/NOUDAR/SOURCES.ZIP/stb/tests/pngsuite/primary_check/z03n2c08.png
/SOURCE/NOUDAR/SOURCES.ZIP/stb/tests/pngsuite/primary_check/z06n2c08.png
/SOURCE/NOUDAR/SOURCES.ZIP/stb/tests/pngsuite/primary_check/z09n2c08.png
/SOURCE/NOUDAR/SOURCES.ZIP/stb/tests/pngsuite/unused/
/SOURCE/NOUDAR/SOURCES.ZIP/stb/tests/pngsuite/unused/ccwn2c08.png
/SOURCE/NOUDAR/SOURCES.ZIP/stb/tests/pngsuite/unused/ccwn3p08.png
/SOURCE/NOUDAR/SOURCES.ZIP/stb/tests/pngsuite/unused/cdfn2c08.png
/SOURCE/NOUDAR/SOURCES.ZIP/stb/tests/pngsuite/unused/cdhn2c08.png
/SOURCE/NOUDAR/SOURCES.ZIP/stb/tests/pngsuite/unused/cdsn2c08.png
/SOURCE/NOUDAR/SOURCES.ZIP/stb/tests/pngsuite/unused/cdun2c08.png
/SOURCE/NOUDAR/SOURCES.ZIP/stb/tests/pngsuite/unused/ch1n3p04.png
/SOURCE/NOUDAR/SOURCES.ZIP/stb/tests/pngsuite/unused/ch2n3p08.png
/SOURCE/NOUDAR/SOURCES.ZIP/stb/tests/pngsuite/unused/cm0n0g04.png
/SOURCE/NOUDAR/SOURCES.ZIP/stb/tests/pngsuite/unused/cm7n0g04.png
/SOURCE/NOUDAR/SOURCES.ZIP/stb/tests/pngsuite/unused/cm9n0g04.png
/SOURCE/NOUDAR/SOURCES.ZIP/stb/tests/pngsuite/unused/cs3n2c16.png
/SOURCE/NOUDAR/SOURCES.ZIP/stb/tests/pngsuite/unused/cs3n3p08.png
/SOURCE/NOUDAR/SOURCES.ZIP/stb/tests/pngsuite/unused/cs5n2c08.png
/SOURCE/NOUDAR/SOURCES.ZIP/stb/tests/pngsuite/unused/cs5n3p08.png
/SOURCE/NOUDAR/SOURCES.ZIP/stb/tests/pngsuite/unused/cs8n2c08.png
/SOURCE/NOUDAR/SOURCES.ZIP/stb/tests/pngsuite/unused/cs8n3p08.png
/SOURCE/NOUDAR/SOURCES.ZIP/stb/tests/pngsuite/unused/ct0n0g04.png
/SOURCE/NOUDAR/SOURCES.ZIP/stb/tests/pngsuite/unused/ct1n0g04.png
/SOURCE/NOUDAR/SOURCES.ZIP/stb/tests/pngsuite/unused/cten0g04.png
/SOURCE/NOUDAR/SOURCES.ZIP/stb/tests/pngsuite/unused/ctfn0g04.png
/SOURCE/NOUDAR/SOURCES.ZIP/stb/tests/pngsuite/unused/ctgn0g04.png
/SOURCE/NOUDAR/SOURCES.ZIP/stb/tests/pngsuite/unused/cthn0g04.png
/SOURCE/NOUDAR/SOURCES.ZIP/stb/tests/pngsuite/unused/ctjn0g04.png
/SOURCE/NOUDAR/SOURCES.ZIP/stb/tests/pngsuite/unused/ctzn0g04.png
/SOURCE/NOUDAR/SOURCES.ZIP/stb/tests/pngsuite/unused/f00n0g08.png
/SOURCE/NOUDAR/SOURCES.ZIP/stb/tests/pngsuite/unused/f00n2c08.png
/SOURCE/NOUDAR/SOURCES.ZIP/stb/tests/pngsuite/unused/f01n0g08.png
/SOURCE/NOUDAR/SOURCES.ZIP/stb/tests/pngsuite/unused/f01n2c08.png
/SOURCE/NOUDAR/SOURCES.ZIP/stb/tests/pngsuite/unused/f02n0g08.png
/SOURCE/NOUDAR/SOURCES.ZIP/stb/tests/pngsuite/unused/f02n2c08.png
/SOURCE/NOUDAR/SOURCES.ZIP/stb/tests/pngsuite/unused/f03n0g08.png
/SOURCE/NOUDAR/SOURCES.ZIP/stb/tests/pngsuite/unused/f03n2c08.png
/SOURCE/NOUDAR/SOURCES.ZIP/stb/tests/pngsuite/unused/f04n0g08.png
/SOURCE/NOUDAR/SOURCES.ZIP/stb/tests/pngsuite/unused/f04n2c08.png
/SOURCE/NOUDAR/SOURCES.ZIP/stb/tests/pngsuite/unused/f99n0g04.png
/SOURCE/NOUDAR/SOURCES.ZIP/stb/tests/pngsuite/unused/g03n0g16.png
/SOURCE/NOUDAR/SOURCES.ZIP/stb/tests/pngsuite/unused/g03n2c08.png
/SOURCE/NOUDAR/SOURCES.ZIP/stb/tests/pngsuite/unused/g03n3p04.png
/SOURCE/NOUDAR/SOURCES.ZIP/stb/tests/pngsuite/unused/g04n0g16.png
/SOURCE/NOUDAR/SOURCES.ZIP/stb/tests/pngsuite/unused/g04n2c08.png
/SOURCE/NOUDAR/SOURCES.ZIP/stb/tests/pngsuite/unused/g04n3p04.png
/SOURCE/NOUDAR/SOURCES.ZIP/stb/tests/pngsuite/unused/g05n0g16.png
/SOURCE/NOUDAR/SOURCES.ZIP/stb/tests/pngsuite/unused/g05n2c08.png
/SOURCE/NOUDAR/SOURCES.ZIP/stb/tests/pngsuite/unused/g05n3p04.png
/SOURCE/NOUDAR/SOURCES.ZIP/stb/tests/pngsuite/unused/g07n0g16.png
/SOURCE/NOUDAR/SOURCES.ZIP/stb/tests/pngsuite/unused/g07n2c08.png
/SOURCE/NOUDAR/SOURCES.ZIP/stb/tests/pngsuite/unused/g07n3p04.png
/SOURCE/NOUDAR/SOURCES.ZIP/stb/tests/pngsuite/unused/g10n0g16.png
/SOURCE/NOUDAR/SOURCES.ZIP/stb/tests/pngsuite/unused/g10n2c08.png
/SOURCE/NOUDAR/SOURCES.ZIP/stb/tests/pngsuite/unused/g10n3p04.png
/SOURCE/NOUDAR/SOURCES.ZIP/stb/tests/pngsuite/unused/g25n0g16.png
/SOURCE/NOUDAR/SOURCES.ZIP/stb/tests/pngsuite/unused/g25n2c08.png
/SOURCE/NOUDAR/SOURCES.ZIP/stb/tests/pngsuite/unused/g25n3p04.png
/SOURCE/NOUDAR/SOURCES.ZIP/stb/tests/pngsuite/unused/pp0n2c16.png
/SOURCE/NOUDAR/SOURCES.ZIP/stb/tests/pngsuite/unused/pp0n6a08.png
/SOURCE/NOUDAR/SOURCES.ZIP/stb/tests/pngsuite/unused/ps1n0g08.png
/SOURCE/NOUDAR/SOURCES.ZIP/stb/tests/pngsuite/unused/ps1n2c16.png
/SOURCE/NOUDAR/SOURCES.ZIP/stb/tests/pngsuite/unused/ps2n0g08.png
/SOURCE/NOUDAR/SOURCES.ZIP/stb/tests/pngsuite/unused/ps2n2c16.png
/SOURCE/NOUDAR/SOURCES.ZIP/stb/tests/resample_test.cpp
/SOURCE/NOUDAR/SOURCES.ZIP/stb/tests/resample_test_c.c
/SOURCE/NOUDAR/SOURCES.ZIP/stb/tests/resize.dsp
/SOURCE/NOUDAR/SOURCES.ZIP/stb/tests/stb.c
/SOURCE/NOUDAR/SOURCES.ZIP/stb/tests/stb.dsp
/SOURCE/NOUDAR/SOURCES.ZIP/stb/tests/stb.dsw
/SOURCE/NOUDAR/SOURCES.ZIP/stb/tests/stb_cpp.cpp
/SOURCE/NOUDAR/SOURCES.ZIP/stb/tests/stb_cpp.dsp
/SOURCE/NOUDAR/SOURCES.ZIP/stb/tests/stretch_test.c
/SOURCE/NOUDAR/SOURCES.ZIP/stb/tests/stretch_test.dsp
/SOURCE/NOUDAR/SOURCES.ZIP/stb/tests/stretchy_buffer_test.c
/SOURCE/NOUDAR/SOURCES.ZIP/stb/tests/test_c_compilation.c
/SOURCE/NOUDAR/SOURCES.ZIP/stb/tests/test_cpp_compilation.cpp
/SOURCE/NOUDAR/SOURCES.ZIP/stb/tests/test_truetype.c
/SOURCE/NOUDAR/SOURCES.ZIP/stb/tests/test_vorbis.c
/SOURCE/NOUDAR/SOURCES.ZIP/stb/tests/textedit_sample.c
/SOURCE/NOUDAR/SOURCES.ZIP/stb/tests/tilemap_editor_integration_example.c
/SOURCE/NOUDAR/SOURCES.ZIP/stb/tests/vorbseek/
/SOURCE/NOUDAR/SOURCES.ZIP/stb/tests/vorbseek/vorbseek.c
/SOURCE/NOUDAR/SOURCES.ZIP/stb/tests/vorbseek/vorbseek.dsp
/SOURCE/NOUDAR/SOURCES.ZIP/stb/tools/
/SOURCE/NOUDAR/SOURCES.ZIP/stb/tools/README.footer.md
/SOURCE/NOUDAR/SOURCES.ZIP/stb/tools/README.header.md
/SOURCE/NOUDAR/SOURCES.ZIP/stb/tools/README.list
/SOURCE/NOUDAR/SOURCES.ZIP/stb/tools/easy_font_maker.c
/SOURCE/NOUDAR/SOURCES.ZIP/stb/tools/make_readme.c
/SOURCE/NOUDAR/SOURCES.ZIP/stb/tools/make_readme.dsp
/SOURCE/NOUDAR/SOURCES.ZIP/stb/tools/mr.bat
/SOURCE/NOUDAR/SOURCES.ZIP/stb/tools/unicode.c
/SOURCE/NOUDAR/SOURCES.ZIP/stb/tools/unicode/
/SOURCE/NOUDAR/SOURCES.ZIP/stb/tools/unicode/unicode.dsp
