/
/APPINFO/
/APPINFO/NRO.DE
/APPINFO/NRO.FR
/APPINFO/NRO.LSM
/APPINFO/NRO.SV
/APPINFO/NRO.TR
/BIN/
/BIN/NRO.COM
/HELP/
/HELP/NRO
/SOURCE/
/SOURCE/NRO/
/SOURCE/NRO/SOURCES.ZIP/
/SOURCE/NRO/SOURCES.ZIP/1TONRO.C
/SOURCE/NRO/SOURCES.ZIP/AN
/SOURCE/NRO/SOURCES.ZIP/AN.FD
/SOURCE/NRO/SOURCES.ZIP/CLEAN.BAT
/SOURCE/NRO/SOURCES.ZIP/COMPILE.BAT
/SOURCE/NRO/SOURCES.ZIP/ELVIS.RC
/SOURCE/NRO/SOURCES.ZIP/FILE_ID.DIZ
/SOURCE/NRO/SOURCES.ZIP/FILES
/SOURCE/NRO/SOURCES.ZIP/HISTORY
/SOURCE/NRO/SOURCES.ZIP/INTERPRE.C
/SOURCE/NRO/SOURCES.ZIP/MKCMDS.C
/SOURCE/NRO/SOURCES.ZIP/MKCSINC.C
/SOURCE/NRO/SOURCES.ZIP/NRO.C
/SOURCE/NRO/SOURCES.ZIP/NRO.H
/SOURCE/NRO/SOURCES.ZIP/NRO.NRO
/SOURCE/NRO/SOURCES.ZIP/README
