/
/APPINFO/
/APPINFO/OSPIMG.DE
/APPINFO/OSPIMG.FR
/APPINFO/OSPIMG.LSM
/APPINFO/OSPIMG.SV
/APPINFO/OSPIMG.TR
/SOURCE/
/SOURCE/OSPIMG/
/SOURCE/OSPIMG/SOURCES.ZIP/
/SOURCE/OSPIMG/SOURCES.ZIP/ABOUT.CPP
/SOURCE/OSPIMG/SOURCES.ZIP/ABOUT.DLG
/SOURCE/OSPIMG/SOURCES.ZIP/ABOUT.H
/SOURCE/OSPIMG/SOURCES.ZIP/ABOUTOSP.CPP
/SOURCE/OSPIMG/SOURCES.ZIP/ABOUTOSP.DLG
/SOURCE/OSPIMG/SOURCES.ZIP/ABOUTOSP.H
/SOURCE/OSPIMG/SOURCES.ZIP/AUTHORS.TXT
/SOURCE/OSPIMG/SOURCES.ZIP/CHANGES.TXT
/SOURCE/OSPIMG/SOURCES.ZIP/CLEANUP.BAT
/SOURCE/OSPIMG/SOURCES.ZIP/DSKIMAGE.CPP
/SOURCE/OSPIMG/SOURCES.ZIP/DSKIMAGE.DSW
/SOURCE/OSPIMG/SOURCES.ZIP/DSKIMAGE.IDE
/SOURCE/OSPIMG/SOURCES.ZIP/DSKWRITE.H
/SOURCE/OSPIMG/SOURCES.ZIP/MAKEFILE
/SOURCE/OSPIMG/SOURCES.ZIP/QUICKMSG.CPP
/SOURCE/OSPIMG/SOURCES.ZIP/QUICKMSG.H
/SOURCE/OSPIMG/SOURCES.ZIP/RAWREAD.CPP
/SOURCE/OSPIMG/SOURCES.ZIP/READ.CPP
/SOURCE/OSPIMG/SOURCES.ZIP/READ.DLG
/SOURCE/OSPIMG/SOURCES.ZIP/READ.H
/SOURCE/OSPIMG/SOURCES.ZIP/README.TXT
/SOURCE/OSPIMG/SOURCES.ZIP/TPROGBAR.CPP
/SOURCE/OSPIMG/SOURCES.ZIP/TPROGBAR.H
/SOURCE/OSPIMG/SOURCES.ZIP/WINDOW.C
/SOURCE/OSPIMG/SOURCES.ZIP/WRITE.CPP
/SOURCE/OSPIMG/SOURCES.ZIP/WRITE.DLG
/SOURCE/OSPIMG/SOURCES.ZIP/WRITE.H
/UTIL/
/UTIL/OSPIMG/
/UTIL/OSPIMG/AUTHORS.TXT
/UTIL/OSPIMG/CHANGES.TXT
/UTIL/OSPIMG/DSKIMAGE.EXE
/UTIL/OSPIMG/README.TXT
