/
/APPINFO/
/APPINFO/PART.DE
/APPINFO/PART.FR
/APPINFO/PART.LSM
/APPINFO/PART.SV
/APPINFO/PART.TR
/BIN/
/BIN/PART.EXE
/BIN/PARTINST.BAT
/DOC/
/DOC/PART/
/DOC/PART/FAQ.HTM
/DOC/PART/PART.HTM
/DOC/PART/README.TXT
/SOURCE/
/SOURCE/PART/
/SOURCE/PART/SOURCES.ZIP/
/SOURCE/PART/SOURCES.ZIP/COLORS.INC
/SOURCE/PART/SOURCES.ZIP/CONIO.ASM
/SOURCE/PART/SOURCES.ZIP/CONIO.H
/SOURCE/PART/SOURCES.ZIP/DISKIO.ASM
/SOURCE/PART/SOURCES.ZIP/DISKIO.H
/SOURCE/PART/SOURCES.ZIP/FAT_BOOT.ASM
/SOURCE/PART/SOURCES.ZIP/IPL2.ASM
/SOURCE/PART/SOURCES.ZIP/IPL.ASM
/SOURCE/PART/SOURCES.ZIP/KEYCODES.C
/SOURCE/PART/SOURCES.ZIP/MAKEFILE
/SOURCE/PART/SOURCES.ZIP/MANAGER.ASM
/SOURCE/PART/SOURCES.ZIP/MESG.C
/SOURCE/PART/SOURCES.ZIP/PART_AUX.C
/SOURCE/PART/SOURCES.ZIP/PART.C
/SOURCE/PART/SOURCES.ZIP/PART_GEN.C
/SOURCE/PART/SOURCES.ZIP/PART_GUI.C
/SOURCE/PART/SOURCES.ZIP/PART.H
/SOURCE/PART/SOURCES.ZIP/PART_HTM.C
/SOURCE/PART/SOURCES.ZIP/PART_IDE.C
/SOURCE/PART/SOURCES.ZIP/PART_MSG.C
/SOURCE/PART/SOURCES.ZIP/S_FAT16.C
/SOURCE/PART/SOURCES.ZIP/S_FAT32.C
/SOURCE/PART/SOURCES.ZIP/S_UNKNWN.C
