/
/APPINFO/
/APPINFO/PGME.DE
/APPINFO/PGME.FR
/APPINFO/PGME.LSM
/APPINFO/PGME.SV
/APPINFO/PGME.TR
/BIN/
/BIN/PGM.BAT
/PROGS/
/PROGS/PGME/
/PROGS/PGME/ALT812.FNT
/PROGS/PGME/ALT814.FNT
/PROGS/PGME/ATOM.SCR
/PROGS/PGME/BLAHBLAH.EN
/PROGS/PGME/BLAHBLAH.FR
/PROGS/PGME/BLAHBLAH.TR
/PROGS/PGME/BLANKER.SCR
/PROGS/PGME/CAP816.FNT
/PROGS/PGME/CAVEMAN.THM
/PROGS/PGME/CHANGES.BAT
/PROGS/PGME/CLASSIC.THM
/PROGS/PGME/CONWAY.SCR
/PROGS/PGME/DE-EFONT.LNG
/PROGS/PGME/DE-ETERN.LNG
/PROGS/PGME/DE-ETERN.THM
/PROGS/PGME/DE850-16.FNT
/PROGS/PGME/DE858-16.FNT
/PROGS/PGME/DEFAULT.LNG
/PROGS/PGME/DEFAULT.THM
/PROGS/PGME/DEFAULTS/
/PROGS/PGME/DEFAULTS/EFNTDSGN.KMP
/PROGS/PGME/DEFAULTS/EFNTDSGN.LNG
/PROGS/PGME/DEFAULTS/EFNTDSGN.THM
/PROGS/PGME/DEFAULTS/ETERNITY.KMP
/PROGS/PGME/DEFAULTS/ETERNITY.LNG
/PROGS/PGME/DEFAULTS/ETERNITY.THM
/PROGS/PGME/DEFAULTS/INSTALL.KMP
/PROGS/PGME/DEFAULTS/INSTALL.LNG
/PROGS/PGME/DEFAULTS/INSTALL.THM
/PROGS/PGME/EFNTDSGN.CFG
/PROGS/PGME/EFNTDSGN.EXE
/PROGS/PGME/EN_US.LNG
/PROGS/PGME/ES-ETERN.LNG
/PROGS/PGME/ES-ETERN.THM
/PROGS/PGME/ETERNITY.BIN
/PROGS/PGME/ETERNITY.CFG
/PROGS/PGME/ETERNITY.MNU
/PROGS/PGME/FD-APPS.MNU
/PROGS/PGME/FD-EDITR.MNU
/PROGS/PGME/FD-GAMES.MNU
/PROGS/PGME/FD-GUI.MNU
/PROGS/PGME/FD-NET.MNU
/PROGS/PGME/FR-EFONT.LNG
/PROGS/PGME/FR-ETERN.LNG
/PROGS/PGME/FR-ETERN.THM
/PROGS/PGME/FR850-16.FNT
/PROGS/PGME/ICEAGE.THM
/PROGS/PGME/KIOSK.OFF
/PROGS/PGME/KIOSK.ON
/PROGS/PGME/KIOSK.THM
/PROGS/PGME/LICENSE.TXT
/PROGS/PGME/PGM808.FNT
/PROGS/PGME/PGM812.FNT
/PROGS/PGME/PGM814.FNT
/PROGS/PGME/PGM816.FNT
/PROGS/PGME/PGM818.FNT
/PROGS/PGME/PGM820.FNT
/PROGS/PGME/PGM825.FNT
/PROGS/PGME/PGM826.FNT
/PROGS/PGME/PGME.EXE
/PROGS/PGME/QCNFTOOL.EXE
/PROGS/PGME/QDETUNE.EXE
/PROGS/PGME/QFNT2RAW.EXE
/PROGS/PGME/QFNT2TSR.EXE
/PROGS/PGME/QFNTLOAD.EXE
/PROGS/PGME/QKEYS.EXE
/PROGS/PGME/QNOTHING.EXE
/PROGS/PGME/QRESFILE.EN
/PROGS/PGME/QRESFILE.EXE
/PROGS/PGME/QRESFILE.FR
/PROGS/PGME/QRESFILE.TR
/PROGS/PGME/QSCROLL.CFG
/PROGS/PGME/QSCROLL.EXE
/PROGS/PGME/RAW2QFNT.EXE
/PROGS/PGME/README.BAT
/PROGS/PGME/SOMEDAY.EN
/PROGS/PGME/STATIC.SCR
/PROGS/PGME/TIME.CFG
/PROGS/PGME/TIME.SCR
/PROGS/PGME/TODO.BAT
/PROGS/PGME/TR-EFONT.LNG
/PROGS/PGME/TR-ETERN.LNG
/PROGS/PGME/TR-ETERN.THM
/PROGS/PGME/TR857-16.FNT
/PROGS/PGME/WHATSUP.EN
/SOURCE/
/SOURCE/PGME/
/SOURCE/PGME/SOURCES.ZIP/
/SOURCE/PGME/SOURCES.ZIP/BUILD.BAT
/SOURCE/PGME/SOURCES.ZIP/CHANGES.TXT
/SOURCE/PGME/SOURCES.ZIP/CLEAN.BAT
/SOURCE/PGME/SOURCES.ZIP/CONTRIBUTING.md
/SOURCE/PGME/SOURCES.ZIP/CUSTOM/
/SOURCE/PGME/SOURCES.ZIP/CUSTOM/config/
/SOURCE/PGME/SOURCES.ZIP/CUSTOM/config/EFNTDSGN.CFG
/SOURCE/PGME/SOURCES.ZIP/CUSTOM/config/ETERNITY.CFG
/SOURCE/PGME/SOURCES.ZIP/CUSTOM/config/INSTALL.CFG
/SOURCE/PGME/SOURCES.ZIP/CUSTOM/config/QSCROLL.CFG
/SOURCE/PGME/SOURCES.ZIP/CUSTOM/config/TIME.CFG
/SOURCE/PGME/SOURCES.ZIP/CUSTOM/docs/
/SOURCE/PGME/SOURCES.ZIP/CUSTOM/docs/BLAHBLAH.EN
/SOURCE/PGME/SOURCES.ZIP/CUSTOM/docs/BLAHBLAH.FR
/SOURCE/PGME/SOURCES.ZIP/CUSTOM/docs/BLAHBLAH.TR
/SOURCE/PGME/SOURCES.ZIP/CUSTOM/docs/QRESFILE.EN
/SOURCE/PGME/SOURCES.ZIP/CUSTOM/docs/QRESFILE.FR
/SOURCE/PGME/SOURCES.ZIP/CUSTOM/docs/QRESFILE.TR
/SOURCE/PGME/SOURCES.ZIP/CUSTOM/fonts/
/SOURCE/PGME/SOURCES.ZIP/CUSTOM/fonts/ALT812.FNT
/SOURCE/PGME/SOURCES.ZIP/CUSTOM/fonts/ALT814.FNT
/SOURCE/PGME/SOURCES.ZIP/CUSTOM/fonts/CAP816.FNT
/SOURCE/PGME/SOURCES.ZIP/CUSTOM/fonts/DE850-16.FNT
/SOURCE/PGME/SOURCES.ZIP/CUSTOM/fonts/DE858-16.FNT
/SOURCE/PGME/SOURCES.ZIP/CUSTOM/fonts/FR850-16.FNT
/SOURCE/PGME/SOURCES.ZIP/CUSTOM/fonts/PGM808.FNT
/SOURCE/PGME/SOURCES.ZIP/CUSTOM/fonts/PGM812.FNT
/SOURCE/PGME/SOURCES.ZIP/CUSTOM/fonts/PGM814.FNT
/SOURCE/PGME/SOURCES.ZIP/CUSTOM/fonts/PGM816.FNT
/SOURCE/PGME/SOURCES.ZIP/CUSTOM/fonts/PGM818.FNT
/SOURCE/PGME/SOURCES.ZIP/CUSTOM/fonts/PGM820.FNT
/SOURCE/PGME/SOURCES.ZIP/CUSTOM/fonts/PGM825.FNT
/SOURCE/PGME/SOURCES.ZIP/CUSTOM/fonts/PGM826.FNT
/SOURCE/PGME/SOURCES.ZIP/CUSTOM/fonts/TR857-16.FNT
/SOURCE/PGME/SOURCES.ZIP/CUSTOM/language/
/SOURCE/PGME/SOURCES.ZIP/CUSTOM/language/DE-EFONT.LNG
/SOURCE/PGME/SOURCES.ZIP/CUSTOM/language/DE-ETERN.LNG
/SOURCE/PGME/SOURCES.ZIP/CUSTOM/language/DE-INST.LNG
/SOURCE/PGME/SOURCES.ZIP/CUSTOM/language/DEFAULT.LNG
/SOURCE/PGME/SOURCES.ZIP/CUSTOM/language/EN_US.LNG
/SOURCE/PGME/SOURCES.ZIP/CUSTOM/language/ES-ETERN.LNG
/SOURCE/PGME/SOURCES.ZIP/CUSTOM/language/FR-EFONT.LNG
/SOURCE/PGME/SOURCES.ZIP/CUSTOM/language/FR-ETERN.LNG
/SOURCE/PGME/SOURCES.ZIP/CUSTOM/language/FR-INST.LNG
/SOURCE/PGME/SOURCES.ZIP/CUSTOM/language/TR-EFONT.LNG
/SOURCE/PGME/SOURCES.ZIP/CUSTOM/language/TR-ETERN.LNG
/SOURCE/PGME/SOURCES.ZIP/CUSTOM/language/TR-INST.LNG
/SOURCE/PGME/SOURCES.ZIP/CUSTOM/menu/
/SOURCE/PGME/SOURCES.ZIP/CUSTOM/menu/ETERNITY.MNU
/SOURCE/PGME/SOURCES.ZIP/CUSTOM/menu/FD-APPS.MNU
/SOURCE/PGME/SOURCES.ZIP/CUSTOM/menu/FD-EDITR.MNU
/SOURCE/PGME/SOURCES.ZIP/CUSTOM/menu/FD-GAMES.MNU
/SOURCE/PGME/SOURCES.ZIP/CUSTOM/menu/FD-GUI.MNU
/SOURCE/PGME/SOURCES.ZIP/CUSTOM/menu/FD-NET.MNU
/SOURCE/PGME/SOURCES.ZIP/CUSTOM/themes/
/SOURCE/PGME/SOURCES.ZIP/CUSTOM/themes/CAVEMAN.THM
/SOURCE/PGME/SOURCES.ZIP/CUSTOM/themes/CLASSIC.THM
/SOURCE/PGME/SOURCES.ZIP/CUSTOM/themes/DE-ETERN.THM
/SOURCE/PGME/SOURCES.ZIP/CUSTOM/themes/DEFAULT.THM
/SOURCE/PGME/SOURCES.ZIP/CUSTOM/themes/ES-ETERN.THM
/SOURCE/PGME/SOURCES.ZIP/CUSTOM/themes/FR-ETERN.THM
/SOURCE/PGME/SOURCES.ZIP/CUSTOM/themes/ICEAGE.THM
/SOURCE/PGME/SOURCES.ZIP/CUSTOM/themes/KIOSK.THM
/SOURCE/PGME/SOURCES.ZIP/CUSTOM/themes/TR-ETERN.THM
/SOURCE/PGME/SOURCES.ZIP/ESAVER/
/SOURCE/PGME/SOURCES.ZIP/ESAVER/ATOM.PAS
/SOURCE/PGME/SOURCES.ZIP/ESAVER/BLANKER.PAS
/SOURCE/PGME/SOURCES.ZIP/ESAVER/CONWAY.PAS
/SOURCE/PGME/SOURCES.ZIP/ESAVER/ESAVER.DEF
/SOURCE/PGME/SOURCES.ZIP/ESAVER/SNOW.PAS
/SOURCE/PGME/SOURCES.ZIP/ESAVER/STATIC.PAS
/SOURCE/PGME/SOURCES.ZIP/ESAVER/TIME.PAS
/SOURCE/PGME/SOURCES.ZIP/ETERNITY/
/SOURCE/PGME/SOURCES.ZIP/ETERNITY/ADDLIC.PAS
/SOURCE/PGME/SOURCES.ZIP/ETERNITY/ECACHE.PAS
/SOURCE/PGME/SOURCES.ZIP/ETERNITY/ECONST.PAS
/SOURCE/PGME/SOURCES.ZIP/ETERNITY/EDIALOGS.PAS
/SOURCE/PGME/SOURCES.ZIP/ETERNITY/EPGM.PAS
/SOURCE/PGME/SOURCES.ZIP/ETERNITY/ETERNITY.DEF
/SOURCE/PGME/SOURCES.ZIP/ETERNITY/ETERNITY.PAS
/SOURCE/PGME/SOURCES.ZIP/ETERNITY/INSTALL.PAS
/SOURCE/PGME/SOURCES.ZIP/ETERNITY/KIOSK.OFF
/SOURCE/PGME/SOURCES.ZIP/ETERNITY/KIOSK.ON
/SOURCE/PGME/SOURCES.ZIP/ETERNITY/PGME.PAS
/SOURCE/PGME/SOURCES.ZIP/ETERNITY/PGM_CALL.PAS
/SOURCE/PGME/SOURCES.ZIP/ETERNITY/SPLICE.PAS
/SOURCE/PGME/SOURCES.ZIP/ETERNITY/TCACHEIT.INC
/SOURCE/PGME/SOURCES.ZIP/ETERNITY/TDLGABOU.INC
/SOURCE/PGME/SOURCES.ZIP/ETERNITY/TDLGCFG.INC
/SOURCE/PGME/SOURCES.ZIP/ETERNITY/TDLGDOSC.INC
/SOURCE/PGME/SOURCES.ZIP/ETERNITY/TDLGEXEC.INC
/SOURCE/PGME/SOURCES.ZIP/ETERNITY/TDLGLAUN.INC
/SOURCE/PGME/SOURCES.ZIP/ETERNITY/TDLGMADD.INC
/SOURCE/PGME/SOURCES.ZIP/ETERNITY/TDLGMDEL.INC
/SOURCE/PGME/SOURCES.ZIP/ETERNITY/TDLGMEDI.INC
/SOURCE/PGME/SOURCES.ZIP/ETERNITY/TDLGMENU.INC
/SOURCE/PGME/SOURCES.ZIP/ETERNITY/TDLGMOVE.INC
/SOURCE/PGME/SOURCES.ZIP/ETERNITY/TDLGOPTS.INC
/SOURCE/PGME/SOURCES.ZIP/ETERNITY/TDLGPADD.INC
/SOURCE/PGME/SOURCES.ZIP/ETERNITY/TDLGPDEL.INC
/SOURCE/PGME/SOURCES.ZIP/ETERNITY/TDLGPEDI.INC
/SOURCE/PGME/SOURCES.ZIP/ETERNITY/TDLGPROG.INC
/SOURCE/PGME/SOURCES.ZIP/ETERNITY/TMENUCAC.INC
/SOURCE/PGME/SOURCES.ZIP/ETERNITY/TPGME.INC
/SOURCE/PGME/SOURCES.ZIP/ETOOLS/
/SOURCE/PGME/SOURCES.ZIP/ETOOLS/EFNTDSGN.PAS
/SOURCE/PGME/SOURCES.ZIP/ETOOLS/ETOOL.PAS
/SOURCE/PGME/SOURCES.ZIP/ETOOLS/ETOOLS.DEF
/SOURCE/PGME/SOURCES.ZIP/ETOOLS/QCNFTOOL.PAS
/SOURCE/PGME/SOURCES.ZIP/ETOOLS/QDETUNE.PAS
/SOURCE/PGME/SOURCES.ZIP/ETOOLS/QFNT2RAW.PAS
/SOURCE/PGME/SOURCES.ZIP/ETOOLS/QFNT2TSR.PAS
/SOURCE/PGME/SOURCES.ZIP/ETOOLS/QFNTLOAD.PAS
/SOURCE/PGME/SOURCES.ZIP/ETOOLS/QKEYS.PAS
/SOURCE/PGME/SOURCES.ZIP/ETOOLS/QNOTHING.PAS
/SOURCE/PGME/SOURCES.ZIP/ETOOLS/QRESFILE.PAS
/SOURCE/PGME/SOURCES.ZIP/ETOOLS/QSCROLL.PAS
/SOURCE/PGME/SOURCES.ZIP/ETOOLS/RAW2QFNT.PAS
/SOURCE/PGME/SOURCES.ZIP/ETOOLS/TFONTDES.INC
/SOURCE/PGME/SOURCES.ZIP/ETOOLS/TFONTEDI.INC
/SOURCE/PGME/SOURCES.ZIP/ETOOLS/TINFODIA.INC
/SOURCE/PGME/SOURCES.ZIP/ETOOLS/TNEWFONT.INC
/SOURCE/PGME/SOURCES.ZIP/ETOOLS/TRESIZE.INC
/SOURCE/PGME/SOURCES.ZIP/Features.pdf
/SOURCE/PGME/SOURCES.ZIP/HELPERS/
/SOURCE/PGME/SOURCES.ZIP/HELPERS/CHANGES.BAT
/SOURCE/PGME/SOURCES.ZIP/HELPERS/README.BAT
/SOURCE/PGME/SOURCES.ZIP/HELPERS/TODO.BAT
/SOURCE/PGME/SOURCES.ZIP/LANGUP.BAT
/SOURCE/PGME/SOURCES.ZIP/LICENSE.txt
/SOURCE/PGME/SOURCES.ZIP/PGME.LSM
/SOURCE/PGME/SOURCES.ZIP/QUICKCRT/
/SOURCE/PGME/SOURCES.ZIP/QUICKCRT/A_WARN.TXT
/SOURCE/PGME/SOURCES.ZIP/QUICKCRT/DCOMMAND.INC
/SOURCE/PGME/SOURCES.ZIP/QUICKCRT/DCOMMENT.INC
/SOURCE/PGME/SOURCES.ZIP/QUICKCRT/DKEYMAPS.INC
/SOURCE/PGME/SOURCES.ZIP/QUICKCRT/DKEYNAME.INC
/SOURCE/PGME/SOURCES.ZIP/QUICKCRT/ERRCONST.INC
/SOURCE/PGME/SOURCES.ZIP/QUICKCRT/LICENSE.txt
/SOURCE/PGME/SOURCES.ZIP/QUICKCRT/QASCIIZ.PAS
/SOURCE/PGME/SOURCES.ZIP/QUICKCRT/QBIOS.PAS
/SOURCE/PGME/SOURCES.ZIP/QUICKCRT/QCLASS.PAS
/SOURCE/PGME/SOURCES.ZIP/QUICKCRT/QCONTROL.PAS
/SOURCE/PGME/SOURCES.ZIP/QUICKCRT/QCRT.DEF
/SOURCE/PGME/SOURCES.ZIP/QUICKCRT/QCRT.PAS
/SOURCE/PGME/SOURCES.ZIP/QUICKCRT/QDIRCNTL.PAS
/SOURCE/PGME/SOURCES.ZIP/QUICKCRT/QDOS.PAS
/SOURCE/PGME/SOURCES.ZIP/QUICKCRT/QERRORS.PAS
/SOURCE/PGME/SOURCES.ZIP/QUICKCRT/QFILEDLG.PAS
/SOURCE/PGME/SOURCES.ZIP/QUICKCRT/QFILES.PAS
/SOURCE/PGME/SOURCES.ZIP/QUICKCRT/QFMTSTR.PAS
/SOURCE/PGME/SOURCES.ZIP/QUICKCRT/QINFO.PAS
/SOURCE/PGME/SOURCES.ZIP/QUICKCRT/QLOG.PAS
/SOURCE/PGME/SOURCES.ZIP/QUICKCRT/QMORE.PAS
/SOURCE/PGME/SOURCES.ZIP/QUICKCRT/QNLS.PAS
/SOURCE/PGME/SOURCES.ZIP/QUICKCRT/QOBJECTS.PAS
/SOURCE/PGME/SOURCES.ZIP/QUICKCRT/QPATCHES.PAS
/SOURCE/PGME/SOURCES.ZIP/QUICKCRT/QRESRC.PAS
/SOURCE/PGME/SOURCES.ZIP/QUICKCRT/QSCRNSVR.PAS
/SOURCE/PGME/SOURCES.ZIP/QUICKCRT/QSPEAKER.PAS
/SOURCE/PGME/SOURCES.ZIP/QUICKCRT/QSTRINGS.INC
/SOURCE/PGME/SOURCES.ZIP/QUICKCRT/QSTRINGS.PAS
/SOURCE/PGME/SOURCES.ZIP/QUICKCRT/QTEST.PAS
/SOURCE/PGME/SOURCES.ZIP/QUICKCRT/QTIMER.PAS
/SOURCE/PGME/SOURCES.ZIP/QUICKCRT/README.md
/SOURCE/PGME/SOURCES.ZIP/QUICKCRT/TAPPLICA.INC
/SOURCE/PGME/SOURCES.ZIP/QUICKCRT/TBOX.INC
/SOURCE/PGME/SOURCES.ZIP/QUICKCRT/TBUTTON.INC
/SOURCE/PGME/SOURCES.ZIP/QUICKCRT/TCHARACT.INC
/SOURCE/PGME/SOURCES.ZIP/QUICKCRT/TCHECKBO.INC
/SOURCE/PGME/SOURCES.ZIP/QUICKCRT/TCOMPONE.INC
/SOURCE/PGME/SOURCES.ZIP/QUICKCRT/TCONFIGF.INC
/SOURCE/PGME/SOURCES.ZIP/QUICKCRT/TCONTROL.INC
/SOURCE/PGME/SOURCES.ZIP/QUICKCRT/TDIALOG.INC
/SOURCE/PGME/SOURCES.ZIP/QUICKCRT/TDIRDROP.INC
/SOURCE/PGME/SOURCES.ZIP/QUICKCRT/TDIRLIST.INC
/SOURCE/PGME/SOURCES.ZIP/QUICKCRT/TDROPLIS.INC
/SOURCE/PGME/SOURCES.ZIP/QUICKCRT/TEDIT.INC
/SOURCE/PGME/SOURCES.ZIP/QUICKCRT/TEMPLATE.OFF
/SOURCE/PGME/SOURCES.ZIP/QUICKCRT/TEMPLATE.ON
/SOURCE/PGME/SOURCES.ZIP/QUICKCRT/TFILEDIA.INC
/SOURCE/PGME/SOURCES.ZIP/QUICKCRT/TFONT.INC
/SOURCE/PGME/SOURCES.ZIP/QUICKCRT/THELP.INC
/SOURCE/PGME/SOURCES.ZIP/QUICKCRT/TKEYSTRO.INC
/SOURCE/PGME/SOURCES.ZIP/QUICKCRT/TLABEL.INC
/SOURCE/PGME/SOURCES.ZIP/QUICKCRT/TLINE.INC
/SOURCE/PGME/SOURCES.ZIP/QUICKCRT/TLISTITE.INC
/SOURCE/PGME/SOURCES.ZIP/QUICKCRT/TLISTVIE.INC
/SOURCE/PGME/SOURCES.ZIP/QUICKCRT/TMEMO.INC
/SOURCE/PGME/SOURCES.ZIP/QUICKCRT/TMESSAGE.INC
/SOURCE/PGME/SOURCES.ZIP/QUICKCRT/TOBJECT.INC
/SOURCE/PGME/SOURCES.ZIP/QUICKCRT/TODO
/SOURCE/PGME/SOURCES.ZIP/QUICKCRT/TOPENDIA.INC
/SOURCE/PGME/SOURCES.ZIP/QUICKCRT/TPANEL.INC
/SOURCE/PGME/SOURCES.ZIP/QUICKCRT/TPATHDIA.INC
/SOURCE/PGME/SOURCES.ZIP/QUICKCRT/TPERSIST.INC
/SOURCE/PGME/SOURCES.ZIP/QUICKCRT/TPOPUP.INC
/SOURCE/PGME/SOURCES.ZIP/QUICKCRT/TPOPUPLI.INC
/SOURCE/PGME/SOURCES.ZIP/QUICKCRT/TPROGRES.INC
/SOURCE/PGME/SOURCES.ZIP/QUICKCRT/TRADIOBU.INC
/SOURCE/PGME/SOURCES.ZIP/QUICKCRT/TSAVEDIA.INC
/SOURCE/PGME/SOURCES.ZIP/QUICKCRT/TSCROLLB.INC
/SOURCE/PGME/SOURCES.ZIP/QUICKCRT/TSLIDER.INC
/SOURCE/PGME/SOURCES.ZIP/QUICKCRT/TTEXTVIE.INC
/SOURCE/PGME/SOURCES.ZIP/QUICKCRT/TTOGGLE.INC
/SOURCE/PGME/SOURCES.ZIP/QUICKCRT/TWINDOW.INC
/SOURCE/PGME/SOURCES.ZIP/QUICKCRT/VERSION.INC
/SOURCE/PGME/SOURCES.ZIP/README.md
/SOURCE/PGME/SOURCES.ZIP/README.TXT
/SOURCE/PGME/SOURCES.ZIP/TODO
/SOURCE/PGME/SOURCES.ZIP/VERSION.INC
