/
/APPINFO/
/APPINFO/PICOSNTP.DE
/APPINFO/PICOSNTP.FR
/APPINFO/PICOSNTP.LSM
/APPINFO/PICOSNTP.SV
/APPINFO/PICOSNTP.TR
/LINKS/
/LINKS/PICOSNTP.BAT
/NET/
/NET/PICOSNTP/
/NET/PICOSNTP/LICENSE.TXT
/NET/PICOSNTP/PICOSNTP.EXE
/NET/PICOSNTP/PICOSNTP.TXT
/SOURCE/
/SOURCE/PICOSNTP/
/SOURCE/PICOSNTP/SOURCES.ZIP/
/SOURCE/PICOSNTP/SOURCES.ZIP/DOSTIME.C
/SOURCE/PICOSNTP/SOURCES.ZIP/DOSTIME.H
/SOURCE/PICOSNTP/SOURCES.ZIP/HISTORY.TXT
/SOURCE/PICOSNTP/SOURCES.ZIP/LICENSE.TXT
/SOURCE/PICOSNTP/SOURCES.ZIP/MAKEFILE
/SOURCE/PICOSNTP/SOURCES.ZIP/PICOSNTP.C
/SOURCE/PICOSNTP/SOURCES.ZIP/PICOSNTP.TXT
/SOURCE/PICOSNTP/SOURCES.ZIP/PICOTCP/
/SOURCE/PICOSNTP/SOURCES.ZIP/PICOTCP/PICOTCP.H
/SOURCE/PICOSNTP/SOURCES.ZIP/PICOTCP/PICOTCPL.LIB
/SOURCE/PICOSNTP/SOURCES.ZIP/PICOTCP/README.TXT
