/
/APPINFO/
/APPINFO/PICOTCP.DE
/APPINFO/PICOTCP.FR
/APPINFO/PICOTCP.LSM
/APPINFO/PICOTCP.SV
/APPINFO/PICOTCP.TR
/NET/
/NET/PICOTCP/
/NET/PICOTCP/IPCFG.EXE
/NET/PICOTCP/IPCFG.TXT
/NET/PICOTCP/PING.EXE
/NET/PICOTCP/PING.TXT
/SOURCE/
/SOURCE/PICOTCP/
/SOURCE/PICOTCP/SOURCES.ZIP/
/SOURCE/PICOTCP/SOURCES.ZIP/IPCFG/
/SOURCE/PICOTCP/SOURCES.ZIP/IPCFG/DHCP.C
/SOURCE/PICOTCP/SOURCES.ZIP/IPCFG/DHCP.H
/SOURCE/PICOTCP/SOURCES.ZIP/IPCFG/IPCFG.C
/SOURCE/PICOTCP/SOURCES.ZIP/IPCFG/IPCFG.TXT
/SOURCE/PICOTCP/SOURCES.ZIP/IPCFG/MAKEFILE
/SOURCE/PICOTCP/SOURCES.ZIP/IPCFG/PARSECLI.C
/SOURCE/PICOTCP/SOURCES.ZIP/IPCFG/PARSECLI.H
/SOURCE/PICOTCP/SOURCES.ZIP/IPCFG/PICOCONF.C
/SOURCE/PICOTCP/SOURCES.ZIP/IPCFG/PICOCONF.H
/SOURCE/PICOTCP/SOURCES.ZIP/IPCFG/PICOIP.C
/SOURCE/PICOTCP/SOURCES.ZIP/IPCFG/PICOIP.H
/SOURCE/PICOTCP/SOURCES.ZIP/LICENSE.TXT
/SOURCE/PICOTCP/SOURCES.ZIP/MAKEFILE
/SOURCE/PICOTCP/SOURCES.ZIP/PICODOS.H
/SOURCE/PICOTCP/SOURCES.ZIP/PICOINIT.C
/SOURCE/PICOTCP/SOURCES.ZIP/PICOTCP/
/SOURCE/PICOTCP/SOURCES.ZIP/PICOTCP/INCLUDE/
/SOURCE/PICOTCP/SOURCES.ZIP/PICOTCP/INCLUDE/ARCH/
/SOURCE/PICOTCP/SOURCES.ZIP/PICOTCP/INCLUDE/ARCH/PICO_DOS.H
/SOURCE/PICOTCP/SOURCES.ZIP/PICOTCP/MAKEFILE.WCL
/SOURCE/PICOTCP/SOURCES.ZIP/PICOTCP/PICOTCP.PAT
/SOURCE/PICOTCP/SOURCES.ZIP/PICOTCP/README.TXT
/SOURCE/PICOTCP/SOURCES.ZIP/PICOTCP.H
/SOURCE/PICOTCP/SOURCES.ZIP/PICOTCPL.LIB
/SOURCE/PICOTCP/SOURCES.ZIP/PICOTCP.TXT
/SOURCE/PICOTCP/SOURCES.ZIP/PING/
/SOURCE/PICOTCP/SOURCES.ZIP/PING/MAKEFILE
/SOURCE/PICOTCP/SOURCES.ZIP/PING/PING.C
/SOURCE/PICOTCP/SOURCES.ZIP/PING/PING.TXT
/SOURCE/PICOTCP/SOURCES.ZIP/PKTDRV.C
/SOURCE/PICOTCP/SOURCES.ZIP/PKTDRV.H
/SOURCE/PICOTCP/SOURCES.ZIP/TESTS/
/SOURCE/PICOTCP/SOURCES.ZIP/TESTS/MAKEFILE
/SOURCE/PICOTCP/SOURCES.ZIP/TESTS/SOCKTEST.C
/SOURCE/PICOTCP/SOURCES.ZIP/USER_DOC.PDF
/SOURCE/PICOTCP/SOURCES.ZIP/VERSION.H
