/
/APPINFO/
/APPINFO/PKGTOOLS.DE
/APPINFO/PKGTOOLS.FR
/APPINFO/PKGTOOLS.LSM
/APPINFO/PKGTOOLS.SV
/APPINFO/PKGTOOLS.TR
/BIN/
/BIN/PKGINFO.EXE
/BIN/PKGMAKER.CFG
/BIN/PKGMAKER.EXE
/BIN/PKGZIPIT.BAT
/DOC/
/DOC/PKGTOOLS.EN
/DOC/PKGTOOLS.FR
/DOC/PKGTOOLS.TR
/NLS/
/NLS/PKGINFO.DE
/NLS/PKGINFO.EN
/NLS/PKGINFO.ES
/NLS/PKGINFO.FR
/NLS/PKGINFO.TR
/NLS/PKGMAKER.DE
/NLS/PKGMAKER.EN
/NLS/PKGMAKER.FR
/NLS/PKGMAKER.TR
/SOURCE/
/SOURCE/PKGTOOLS/
/SOURCE/PKGTOOLS/SOURCES.ZIP/
/SOURCE/PKGTOOLS/SOURCES.ZIP/APPINFO.LSM
/SOURCE/PKGTOOLS/SOURCES.ZIP/BUILD.BAT
/SOURCE/PKGTOOLS/SOURCES.ZIP/CLEAN.BAT
/SOURCE/PKGTOOLS/SOURCES.ZIP/LICENSE
/SOURCE/PKGTOOLS/SOURCES.ZIP/PKGCOMN.PAS
/SOURCE/PKGTOOLS/SOURCES.ZIP/PKGINFO.PAS
/SOURCE/PKGTOOLS/SOURCES.ZIP/PKGMAKER.PAS
/SOURCE/PKGTOOLS/SOURCES.ZIP/PKGMOVE.PAS
/SOURCE/PKGTOOLS/SOURCES.ZIP/PKGZIPIT.BAT
/SOURCE/PKGTOOLS/SOURCES.ZIP/QCrt/
/SOURCE/PKGTOOLS/SOURCES.ZIP/QCrt/HISTORY
/SOURCE/PKGTOOLS/SOURCES.ZIP/QCrt/LICENSE
/SOURCE/PKGTOOLS/SOURCES.ZIP/QCrt/MKCLEAN.BAT
/SOURCE/PKGTOOLS/SOURCES.ZIP/QCrt/MKDEMOS.BAT
/SOURCE/PKGTOOLS/SOURCES.ZIP/QCrt/PASCAL/
/SOURCE/PKGTOOLS/SOURCES.ZIP/QCrt/PASCAL/MKUNITS.BAT
/SOURCE/PKGTOOLS/SOURCES.ZIP/QCrt/PASCAL/QASCIIZ.PAS
/SOURCE/PKGTOOLS/SOURCES.ZIP/QCrt/PASCAL/QBOXES.INC
/SOURCE/PKGTOOLS/SOURCES.ZIP/QCrt/PASCAL/QBOXES.PAS
/SOURCE/PKGTOOLS/SOURCES.ZIP/QCrt/PASCAL/QCLASS.PAS
/SOURCE/PKGTOOLS/SOURCES.ZIP/QCrt/PASCAL/QCRT.DEF
/SOURCE/PKGTOOLS/SOURCES.ZIP/QCrt/PASCAL/QCRT.PAS
/SOURCE/PKGTOOLS/SOURCES.ZIP/QCrt/PASCAL/QDOS.PAS
/SOURCE/PKGTOOLS/SOURCES.ZIP/QCrt/PASCAL/QEDITLN.PAS
/SOURCE/PKGTOOLS/SOURCES.ZIP/QCrt/PASCAL/QEMS.PAS
/SOURCE/PKGTOOLS/SOURCES.ZIP/QCrt/PASCAL/QEVENTS.PAS
/SOURCE/PKGTOOLS/SOURCES.ZIP/QCrt/PASCAL/QFILES.PAS
/SOURCE/PKGTOOLS/SOURCES.ZIP/QCrt/PASCAL/QLISTS.PAS
/SOURCE/PKGTOOLS/SOURCES.ZIP/QCrt/PASCAL/QNLS.PAS
/SOURCE/PKGTOOLS/SOURCES.ZIP/QCrt/PASCAL/QPKGLSM.PAS
/SOURCE/PKGTOOLS/SOURCES.ZIP/QCrt/PASCAL/QSTRINGS.PAS
/SOURCE/PKGTOOLS/SOURCES.ZIP/QCrt/PASCAL/QXMS.PAS
/SOURCE/PKGTOOLS/SOURCES.ZIP/QCrt/QASCIIZ.ASM
/SOURCE/PKGTOOLS/SOURCES.ZIP/QCrt/QCRT.ASM
/SOURCE/PKGTOOLS/SOURCES.ZIP/QCrt/QDEFINES.INC
/SOURCE/PKGTOOLS/SOURCES.ZIP/QCrt/QDOS.ASM
/SOURCE/PKGTOOLS/SOURCES.ZIP/QCrt/QEMS.ASM
/SOURCE/PKGTOOLS/SOURCES.ZIP/QCrt/QSTRINGS.ASM
/SOURCE/PKGTOOLS/SOURCES.ZIP/QCrt/QXMS.ASM
/SOURCE/PKGTOOLS/SOURCES.ZIP/QCrt/README.md
/SOURCE/PKGTOOLS/SOURCES.ZIP/QCrt/TODO
