/
/APPINFO/
/APPINFO/RCAL.DE
/APPINFO/RCAL.FR
/APPINFO/RCAL.LSM
/APPINFO/RCAL.SV
/APPINFO/RCAL.TR
/LINKS/
/LINKS/RCAL.BAT
/SOURCE/
/SOURCE/RCAL/
/SOURCE/RCAL/SOURCES.ZIP/
/SOURCE/RCAL/SOURCES.ZIP/APM/
/SOURCE/RCAL/SOURCES.ZIP/APM/ADDSUB.C
/SOURCE/RCAL/SOURCES.ZIP/APM/APM.ARF
/SOURCE/RCAL/SOURCES.ZIP/APM/APM.H
/SOURCE/RCAL/SOURCES.ZIP/APM/APMLOCAL.H
/SOURCE/RCAL/SOURCES.ZIP/APM/APM_RCAL.DIF
/SOURCE/RCAL/SOURCES.ZIP/APM/AUTHOR.NOT
/SOURCE/RCAL/SOURCES.ZIP/APM/CALC.C
/SOURCE/RCAL/SOURCES.ZIP/APM/FUNCTION
/SOURCE/RCAL/SOURCES.ZIP/APM/LICENSE
/SOURCE/RCAL/SOURCES.ZIP/APM/MAKEFILE
/SOURCE/RCAL/SOURCES.ZIP/APM/MAKEFILE.MSC
/SOURCE/RCAL/SOURCES.ZIP/APM/MEMORY.C
/SOURCE/RCAL/SOURCES.ZIP/APM/MISC.C
/SOURCE/RCAL/SOURCES.ZIP/APM/MULDIV.C
/SOURCE/RCAL/SOURCES.ZIP/APM/README
/SOURCE/RCAL/SOURCES.ZIP/APM/README.1ST
/SOURCE/RCAL/SOURCES.ZIP/APM/README.2ND
/SOURCE/RCAL/SOURCES.ZIP/APM/UTILS.C
/SOURCE/RCAL/SOURCES.ZIP/IO.C
/SOURCE/RCAL/SOURCES.ZIP/IO.H
/SOURCE/RCAL/SOURCES.ZIP/MAKEFILE
/SOURCE/RCAL/SOURCES.ZIP/RCAL.C
/SOURCE/RCAL/SOURCES.ZIP/RCAL.TXT
/UTIL/
/UTIL/RCAL/
/UTIL/RCAL/RCAL.EXE
/UTIL/RCAL/RCAL.TXT
