/
/APPINFO/
/APPINFO/SENET.DE
/APPINFO/SENET.FR
/APPINFO/SENET.LSM
/APPINFO/SENET.SV
/APPINFO/SENET.TR
/BATLINKS/
/BATLINKS/SENET.BAT
/DOC/
/DOC/SENET/
/DOC/SENET/COPYING
/DOC/SENET/NEWS.TXT
/DOC/SENET/README.TXT
/GAMES/
/GAMES/SENET/
/GAMES/SENET/SENET.EXE
/SOURCE/
/SOURCE/SENET/
/SOURCE/SENET/SOURCES.ZIP/
/SOURCE/SENET/SOURCES.ZIP/DOC/
/SOURCE/SENET/SOURCES.ZIP/DOC/COPYING
/SOURCE/SENET/SOURCES.ZIP/DOC/NEWS.TXT
/SOURCE/SENET/SOURCES.ZIP/DOC/README.TXT
/SOURCE/SENET/SOURCES.ZIP/INCLUDE/
/SOURCE/SENET/SOURCES.ZIP/INCLUDE/BOARD.H
/SOURCE/SENET/SOURCES.ZIP/INCLUDE/PLAY.H
/SOURCE/SENET/SOURCES.ZIP/INCLUDE/STICKS.H
/SOURCE/SENET/SOURCES.ZIP/INCLUDE/WIN.H
/SOURCE/SENET/SOURCES.ZIP/SRC/
/SOURCE/SENET/SOURCES.ZIP/SRC/BOARD.C
/SOURCE/SENET/SOURCES.ZIP/SRC/KEY.C
/SOURCE/SENET/SOURCES.ZIP/SRC/MAKEFILE
/SOURCE/SENET/SOURCES.ZIP/SRC/PLAY.C
/SOURCE/SENET/SOURCES.ZIP/SRC/SENET.C
/SOURCE/SENET/SOURCES.ZIP/SRC/STICKS.C
/SOURCE/SENET/SOURCES.ZIP/SRC/WIN.C
