/
/APPINFO/
/APPINFO/SLOWDOWN.DE
/APPINFO/SLOWDOWN.FR
/APPINFO/SLOWDOWN.LSM
/APPINFO/SLOWDOWN.SV
/APPINFO/SLOWDOWN.TR
/BIN/
/BIN/CPUCACHE.COM
/BIN/SLOWDOWN.COM
/BIN/SLOWINT1.COM
/DOC/
/DOC/SLOWDOWN/
/DOC/SLOWDOWN/CPUCACHE.DOC
/DOC/SLOWDOWN/FILE_ID.DIZ
/DOC/SLOWDOWN/SLOWDOWN.DOC
/DOC/SLOWDOWN/SLOWINT1.DOC
/SOURCE/
/SOURCE/SLOWDOWN/
/SOURCE/SLOWDOWN/SOURCES.ZIP/
/SOURCE/SLOWDOWN/SOURCES.ZIP/CPUCACHE.A86
/SOURCE/SLOWDOWN/SOURCES.ZIP/SLOWDOWN.A86
/SOURCE/SLOWDOWN/SOURCES.ZIP/SLOWINT1.A86
