/
/APPINFO/
/APPINFO/SRDISK.DE
/APPINFO/SRDISK.FR
/APPINFO/SRDISK.LSM
/APPINFO/SRDISK.SV
/APPINFO/SRDISK.TR
/BIN/
/BIN/SRDEMS.SYS
/BIN/SRDEMS3.SYS
/BIN/SRDEMSS.SYS
/BIN/SRDISK.EXE
/BIN/SRDUMMY.SYS
/BIN/SRDXMS.SYS
/BIN/SRDXMSS.SYS
/DOC/
/DOC/SRDISK/
/DOC/SRDISK/READ.ME
/DOC/SRDISK/SRDISK.DOC
/DOC/SRDISK/WHATSNEW.DOC
/SOURCE/
/SOURCE/SRDISK/
/SOURCE/SRDISK/SOURCES.ZIP/
/SOURCE/SRDISK/SOURCES.ZIP/ALLOCATE.C
/SOURCE/SRDISK/SOURCES.ZIP/BETA.DOC
/SOURCE/SRDISK/SOURCES.ZIP/BITMAP.C
/SOURCE/SRDISK/SOURCES.ZIP/BITMAP.H
/SOURCE/SRDISK/SOURCES.ZIP/BOOT.ASM
/SOURCE/SRDISK/SOURCES.ZIP/CMDLINE.C
/SOURCE/SRDISK/SOURCES.ZIP/COPYING
/SOURCE/SRDISK/SOURCES.ZIP/DBLSPACE.C
/SOURCE/SRDISK/SOURCES.ZIP/DEBUG.DOC
/SOURCE/SRDISK/SOURCES.ZIP/DEFINE.INC
/SOURCE/SRDISK/SOURCES.ZIP/DEVICE.DOC
/SOURCE/SRDISK/SOURCES.ZIP/DIRECTOR.C
/SOURCE/SRDISK/SOURCES.ZIP/DIRECTOR.H
/SOURCE/SRDISK/SOURCES.ZIP/DISKINIT.C
/SOURCE/SRDISK/SOURCES.ZIP/DISKIO.C
/SOURCE/SRDISK/SOURCES.ZIP/DOSSTRUC.INC
/SOURCE/SRDISK/SOURCES.ZIP/EMS.INC
/SOURCE/SRDISK/SOURCES.ZIP/ENV.C
/SOURCE/SRDISK/SOURCES.ZIP/ERROR.C
/SOURCE/SRDISK/SOURCES.ZIP/FAT.C
/SOURCE/SRDISK/SOURCES.ZIP/FAT.H
/SOURCE/SRDISK/SOURCES.ZIP/FILE_ID.DIZ
/SOURCE/SRDISK/SOURCES.ZIP/FLOW.DOC
/SOURCE/SRDISK/SOURCES.ZIP/FORMAT.C
/SOURCE/SRDISK/SOURCES.ZIP/FORMUTIL.C
/SOURCE/SRDISK/SOURCES.ZIP/GETOPT.C
/SOURCE/SRDISK/SOURCES.ZIP/GETOPT.H
/SOURCE/SRDISK/SOURCES.ZIP/HISTORY.DOC
/SOURCE/SRDISK/SOURCES.ZIP/MAKEFILE
/SOURCE/SRDISK/SOURCES.ZIP/MAKENEWF.C
/SOURCE/SRDISK/SOURCES.ZIP/MAX.H
/SOURCE/SRDISK/SOURCES.ZIP/PACKDATA.C
/SOURCE/SRDISK/SOURCES.ZIP/READ.ME
/SOURCE/SRDISK/SOURCES.ZIP/REALLOC.C
/SOURCE/SRDISK/SOURCES.ZIP/RESIZE.C
/SOURCE/SRDISK/SOURCES.ZIP/SRDEMS3.ASM
/SOURCE/SRDISK/SOURCES.ZIP/SRDEMS3.INC
/SOURCE/SRDISK/SOURCES.ZIP/SRDEMS.ASM
/SOURCE/SRDISK/SOURCES.ZIP/SRDEMSF.C
/SOURCE/SRDISK/SOURCES.ZIP/SRDEMS.INC
/SOURCE/SRDISK/SOURCES.ZIP/SRDEMSS.ASM
/SOURCE/SRDISK/SOURCES.ZIP/SRDISK.C
/SOURCE/SRDISK/SOURCES.ZIP/SRDISK.DOC
/SOURCE/SRDISK/SOURCES.ZIP/SRDISK.H
/SOURCE/SRDISK/SOURCES.ZIP/SRDISK.INC
/SOURCE/SRDISK/SOURCES.ZIP/SRDUMMY.ASM
/SOURCE/SRDISK/SOURCES.ZIP/SRDUTIL.C
/SOURCE/SRDISK/SOURCES.ZIP/SRDXMS.ASM
/SOURCE/SRDISK/SOURCES.ZIP/SRDXMSF.C
/SOURCE/SRDISK/SOURCES.ZIP/SRDXMS.INC
/SOURCE/SRDISK/SOURCES.ZIP/SRDXMSS.ASM
/SOURCE/SRDISK/SOURCES.ZIP/SUOMI.DOC
/SOURCE/SRDISK/SOURCES.ZIP/TODO.DOC
/SOURCE/SRDISK/SOURCES.ZIP/WHATSNEW.DOC
/SOURCE/SRDISK/SOURCES.ZIP/WHY_USE.DOC
/SOURCE/SRDISK/SOURCES.ZIP/WRITENEW.C
/SOURCE/SRDISK/SOURCES.ZIP/XMSSIZE.ASM
/SOURCE/SRDISK/SOURCES.ZIP/XMSSIZE.DOC
