/
/APPINFO/
/APPINFO/TDE.DE
/APPINFO/TDE.FR
/APPINFO/TDE.LSM
/APPINFO/TDE.SV
/APPINFO/TDE.TR
/BIN/
/BIN/CONFIG/
/BIN/CONFIG/CUA.CFG
/BIN/CONFIG/DE.CFG
/BIN/CONFIG/KEY.TDM
/BIN/CONFIG/MARK.TDM
/BIN/CONFIG/MENU.CFG
/BIN/CONFIG/TDE.CFG
/BIN/CONFIG/TDE.HLP
/BIN/CONFIG/TDECFG
/BIN/CONFIG/TDEHLP
/BIN/CONFIG/WORDSTAR.CFG
/BIN/CONFIG/WORDSTAR.TXT
/BIN/TDE.ICO
/BIN/TDE.SHL
/BIN/TDEP.EXE
/BIN/TDER.EXE
/BIN/TDV.CMD
/BIN/TDV.EXE
/DOC/
/DOC/TDE/
/DOC/TDE/README.TXT
/DOC/TDE/TODO.TXT
/DOC/TDE/UPDATE.TXT
/SOURCE/
/SOURCE/TDE/
/SOURCE/TDE/SOURCES.ZIP/
/SOURCE/TDE/SOURCES.ZIP/BJ_CTYPE.C
/SOURCE/TDE/SOURCES.ZIP/BJ_CTYPE.H
/SOURCE/TDE/SOURCES.ZIP/BLOCK.C
/SOURCE/TDE/SOURCES.ZIP/CFGFILE.C
/SOURCE/TDE/SOURCES.ZIP/COMMON.H
/SOURCE/TDE/SOURCES.ZIP/CONFIG.C
/SOURCE/TDE/SOURCES.ZIP/CONFIG.H
/SOURCE/TDE/SOURCES.ZIP/CONFIG.WSP
/SOURCE/TDE/SOURCES.ZIP/DEFAULT.C
/SOURCE/TDE/SOURCES.ZIP/DEFINE.H
/SOURCE/TDE/SOURCES.ZIP/DIALOGS.C
/SOURCE/TDE/SOURCES.ZIP/DIALOGS.H
/SOURCE/TDE/SOURCES.ZIP/DIFF.BAT
/SOURCE/TDE/SOURCES.ZIP/DIFF.C
/SOURCE/TDE/SOURCES.ZIP/DIRLIST.C
/SOURCE/TDE/SOURCES.ZIP/DJGPP/
/SOURCE/TDE/SOURCES.ZIP/DJGPP/CONSOLE.C
/SOURCE/TDE/SOURCES.ZIP/DJGPP/CRITERR.C
/SOURCE/TDE/SOURCES.ZIP/DJGPP/CRITERR.H
/SOURCE/TDE/SOURCES.ZIP/DJGPP/PORT.C
/SOURCE/TDE/SOURCES.ZIP/DOS/
/SOURCE/TDE/SOURCES.ZIP/DOS/CONSOLE.C
/SOURCE/TDE/SOURCES.ZIP/DOS/CRITERR.C
/SOURCE/TDE/SOURCES.ZIP/DOS/CRITERR.H
/SOURCE/TDE/SOURCES.ZIP/DOS/INT24.ASM
/SOURCE/TDE/SOURCES.ZIP/DOS/KBDINT.ASM
/SOURCE/TDE/SOURCES.ZIP/DOS/PORT.C
/SOURCE/TDE/SOURCES.ZIP/ED.C
/SOURCE/TDE/SOURCES.ZIP/FILE.C
/SOURCE/TDE/SOURCES.ZIP/FILMATCH.C
/SOURCE/TDE/SOURCES.ZIP/FILMATCH.H
/SOURCE/TDE/SOURCES.ZIP/FINDREP.C
/SOURCE/TDE/SOURCES.ZIP/FUNCTION.WSP
/SOURCE/TDE/SOURCES.ZIP/GLOBAL.C
/SOURCE/TDE/SOURCES.ZIP/HELP.C
/SOURCE/TDE/SOURCES.ZIP/HWIND.C
/SOURCE/TDE/SOURCES.ZIP/LETTERS.H
/SOURCE/TDE/SOURCES.ZIP/MACRO.C
/SOURCE/TDE/SOURCES.ZIP/MAIN.C
/SOURCE/TDE/SOURCES.ZIP/MAKEFILE
/SOURCE/TDE/SOURCES.ZIP/MAKEFILE.DOS
/SOURCE/TDE/SOURCES.ZIP/MAKEFILE.LCC
/SOURCE/TDE/SOURCES.ZIP/MEMORY.C
/SOURCE/TDE/SOURCES.ZIP/MENU.C
/SOURCE/TDE/SOURCES.ZIP/MENUCUA.C
/SOURCE/TDE/SOURCES.ZIP/MOVEMENT.C
/SOURCE/TDE/SOURCES.ZIP/PROMPTS.C
/SOURCE/TDE/SOURCES.ZIP/PULL.C
/SOURCE/TDE/SOURCES.ZIP/QUERY.C
/SOURCE/TDE/SOURCES.ZIP/README_S.TXT
/SOURCE/TDE/SOURCES.ZIP/REGX.C
/SOURCE/TDE/SOURCES.ZIP/SORT.C
/SOURCE/TDE/SOURCES.ZIP/SYNTAX.C
/SOURCE/TDE/SOURCES.ZIP/SYNTAX.H
/SOURCE/TDE/SOURCES.ZIP/TAB.C
/SOURCE/TDE/SOURCES.ZIP/TDEDIST.SHL
/SOURCE/TDE/SOURCES.ZIP/TDE.DSP
/SOURCE/TDE/SOURCES.ZIP/TDEFUNC.H
/SOURCE/TDE/SOURCES.ZIP/TDE.RC
/SOURCE/TDE/SOURCES.ZIP/TDESTR.H
/SOURCE/TDE/SOURCES.ZIP/UNDO.C
/SOURCE/TDE/SOURCES.ZIP/UNIX/
/SOURCE/TDE/SOURCES.ZIP/UNIX/CONSOLE.C
/SOURCE/TDE/SOURCES.ZIP/UNIX/CRITERR.C
/SOURCE/TDE/SOURCES.ZIP/UNIX/CRITERR.H
/SOURCE/TDE/SOURCES.ZIP/UNIX/KEYS.H
/SOURCE/TDE/SOURCES.ZIP/UNIX/PORT.C
/SOURCE/TDE/SOURCES.ZIP/UPDATE.TXT
/SOURCE/TDE/SOURCES.ZIP/UTILS.C
/SOURCE/TDE/SOURCES.ZIP/WIN32/
/SOURCE/TDE/SOURCES.ZIP/WIN32/CONSOLE.C
/SOURCE/TDE/SOURCES.ZIP/WIN32/CRITERR.C
/SOURCE/TDE/SOURCES.ZIP/WIN32/CRITERR.H
/SOURCE/TDE/SOURCES.ZIP/WIN32/PORT.C
/SOURCE/TDE/SOURCES.ZIP/WINDOW.C
/SOURCE/TDE/SOURCES.ZIP/WORDWRAP.C
