/
/APPINFO/
/APPINFO/TERMINAL.DE
/APPINFO/TERMINAL.FR
/APPINFO/TERMINAL.LSM
/APPINFO/TERMINAL.SV
/APPINFO/TERMINAL.TR
/NET/
/NET/TERMINAL/
/NET/TERMINAL/COPYING.TXT
/NET/TERMINAL/EECHO.COM
/NET/TERMINAL/TERM.BAT
/NET/TERMINAL/TERMINAL.COM
/NET/TERMINAL/TERMINAL.TXT
/SOURCE/
/SOURCE/TERMINAL/
/SOURCE/TERMINAL/SOURCES.ZIP/
/SOURCE/TERMINAL/SOURCES.ZIP/COPYING.TXT
/SOURCE/TERMINAL/SOURCES.ZIP/EECHO.ASM
/SOURCE/TERMINAL/SOURCES.ZIP/LEER
/SOURCE/TERMINAL/SOURCES.ZIP/PRN-TERM.INF
/SOURCE/TERMINAL/SOURCES.ZIP/TERM-ANS.ASM
/SOURCE/TERMINAL/SOURCES.ZIP/TERM.BAT
/SOURCE/TERMINAL/SOURCES.ZIP/TERM-COM.ASM
/SOURCE/TERMINAL/SOURCES.ZIP/TERM-DAT.ASM
/SOURCE/TERMINAL/SOURCES.ZIP/TERM-DEF.ASM
/SOURCE/TERMINAL/SOURCES.ZIP/TERM-DIS.ASM
/SOURCE/TERMINAL/SOURCES.ZIP/TERMINAL.ASM
/SOURCE/TERMINAL/SOURCES.ZIP/TERMINAL.TXT
/SOURCE/TERMINAL/SOURCES.ZIP/TERM-IRQ.ASM
/SOURCE/TERMINAL/SOURCES.ZIP/TERM-MEN.ASM
/SOURCE/TERMINAL/SOURCES.ZIP/TERM-SET.ASM
/SOURCE/TERMINAL/SOURCES.ZIP/TERM-TTY.ASM
