/
/APPINFO/
/APPINFO/UHEX.DE
/APPINFO/UHEX.FR
/APPINFO/UHEX.LSM
/APPINFO/UHEX.SV
/APPINFO/UHEX.TR
/EDIT/
/EDIT/UHEX/
/EDIT/UHEX/HISTORY.TXT
/EDIT/UHEX/UHEX.COM
/EDIT/UHEX/UHEX.TXT
/LINKS/
/LINKS/UHEX.BAT
/SOURCE/
/SOURCE/UHEX/
/SOURCE/UHEX/SOURCES.ZIP/
/SOURCE/UHEX/SOURCES.ZIP/FILE.C
/SOURCE/UHEX/SOURCES.ZIP/FILE.H
/SOURCE/UHEX/SOURCES.ZIP/HISTORY.TXT
/SOURCE/UHEX/SOURCES.ZIP/IO.C
/SOURCE/UHEX/SOURCES.ZIP/IO-CURSE.C
/SOURCE/UHEX/SOURCES.ZIP/IO.H
/SOURCE/UHEX/SOURCES.ZIP/IO-WIN32.C
/SOURCE/UHEX/SOURCES.ZIP/MAKEFILE
/SOURCE/UHEX/SOURCES.ZIP/MAKEFILE.LIN
/SOURCE/UHEX/SOURCES.ZIP/MAKEFILE.W32
/SOURCE/UHEX/SOURCES.ZIP/MAKEFILE.WCL
/SOURCE/UHEX/SOURCES.ZIP/UHEX.BAT
/SOURCE/UHEX/SOURCES.ZIP/UHEX.C
/SOURCE/UHEX/SOURCES.ZIP/UHEX.LSM
/SOURCE/UHEX/SOURCES.ZIP/UHEX.TXT
