/
/APPINFO/
/APPINFO/UPX.DE
/APPINFO/UPX.FR
/APPINFO/UPX.LSM
/APPINFO/UPX.SV
/APPINFO/UPX.TR
/DEVEL/
/DEVEL/UPX/
/DEVEL/UPX/BUGS
/DEVEL/UPX/COPYING
/DEVEL/UPX/LICENSE
/DEVEL/UPX/NEWS
/DEVEL/UPX/README
/DEVEL/UPX/README.1ST
/DEVEL/UPX/THANKS
/DEVEL/UPX/UPX.1
/DEVEL/UPX/UPX.DOC
/DEVEL/UPX/UPX.EXE
/DEVEL/UPX/
/DEVEL/UPX/BUGS
/DEVEL/UPX/COPYING
/DEVEL/UPX/LICENSE
/DEVEL/UPX/NEWS
/DEVEL/UPX/README
/DEVEL/UPX/README.1ST
/DEVEL/UPX/THANKS
/DEVEL/UPX/UPX.1
/DEVEL/UPX/UPX.DOC
/DEVEL/UPX/UPX.EXE
/DEVEL/UPX/upx.html
/LINKS/
/LINKS/UPX.BAT
/SOURCE/
/SOURCE/UPX/
/SOURCE/UPX/SOURCES.ZIP/
/SOURCE/UPX/SOURCES.ZIP/BUGS
/SOURCE/UPX/SOURCES.ZIP/COPYING
/SOURCE/UPX/SOURCES.ZIP/doc/
/SOURCE/UPX/SOURCES.ZIP/doc/Makefile
/SOURCE/UPX/SOURCES.ZIP/doc/elf-to-mem.txt
/SOURCE/UPX/SOURCES.ZIP/doc/filter.txt
/SOURCE/UPX/SOURCES.ZIP/doc/loader.txt
/SOURCE/UPX/SOURCES.ZIP/doc/selinux.txt
/SOURCE/UPX/SOURCES.ZIP/doc/upx.pod
/SOURCE/UPX/SOURCES.ZIP/LICENSE
/SOURCE/UPX/SOURCES.ZIP/Makefile
/SOURCE/UPX/SOURCES.ZIP/NEWS
/SOURCE/UPX/SOURCES.ZIP/PROJECTS
/SOURCE/UPX/SOURCES.ZIP/README
/SOURCE/UPX/SOURCES.ZIP/README.1ST
/SOURCE/UPX/SOURCES.ZIP/README.SRC
/SOURCE/UPX/SOURCES.ZIP/src/
/SOURCE/UPX/SOURCES.ZIP/src/Makefile
/SOURCE/UPX/SOURCES.ZIP/src/bele.h
/SOURCE/UPX/SOURCES.ZIP/src/bele_policy.h
/SOURCE/UPX/SOURCES.ZIP/src/bptr.h
/SOURCE/UPX/SOURCES.ZIP/src/c_file.cpp
/SOURCE/UPX/SOURCES.ZIP/src/c_init.cpp
/SOURCE/UPX/SOURCES.ZIP/src/c_none.cpp
/SOURCE/UPX/SOURCES.ZIP/src/c_screen.cpp
/SOURCE/UPX/SOURCES.ZIP/src/compress.cpp
/SOURCE/UPX/SOURCES.ZIP/src/compress.h
/SOURCE/UPX/SOURCES.ZIP/src/compress_lzma.cpp
/SOURCE/UPX/SOURCES.ZIP/src/compress_ucl.cpp
/SOURCE/UPX/SOURCES.ZIP/src/compress_zlib.cpp
/SOURCE/UPX/SOURCES.ZIP/src/conf.h
/SOURCE/UPX/SOURCES.ZIP/src/console.h
/SOURCE/UPX/SOURCES.ZIP/src/except.cpp
/SOURCE/UPX/SOURCES.ZIP/src/except.h
/SOURCE/UPX/SOURCES.ZIP/src/file.cpp
/SOURCE/UPX/SOURCES.ZIP/src/file.h
/SOURCE/UPX/SOURCES.ZIP/src/filter.cpp
/SOURCE/UPX/SOURCES.ZIP/src/filter.h
/SOURCE/UPX/SOURCES.ZIP/src/filter/
/SOURCE/UPX/SOURCES.ZIP/src/filter/ct.h
/SOURCE/UPX/SOURCES.ZIP/src/filter/cto.h
/SOURCE/UPX/SOURCES.ZIP/src/filter/ctoj.h
/SOURCE/UPX/SOURCES.ZIP/src/filter/ctojr.h
/SOURCE/UPX/SOURCES.ZIP/src/filter/ctok.h
/SOURCE/UPX/SOURCES.ZIP/src/filter/ctsw.h
/SOURCE/UPX/SOURCES.ZIP/src/filter/getcto.h
/SOURCE/UPX/SOURCES.ZIP/src/filter/ppcbxx.h
/SOURCE/UPX/SOURCES.ZIP/src/filter/sub.hh
/SOURCE/UPX/SOURCES.ZIP/src/filter/sub16.h
/SOURCE/UPX/SOURCES.ZIP/src/filter/sub32.h
/SOURCE/UPX/SOURCES.ZIP/src/filter/sub8.h
/SOURCE/UPX/SOURCES.ZIP/src/filter/sw.h
/SOURCE/UPX/SOURCES.ZIP/src/filteri.cpp
/SOURCE/UPX/SOURCES.ZIP/src/help.cpp
/SOURCE/UPX/SOURCES.ZIP/src/lefile.cpp
/SOURCE/UPX/SOURCES.ZIP/src/lefile.h
/SOURCE/UPX/SOURCES.ZIP/src/linker.cpp
/SOURCE/UPX/SOURCES.ZIP/src/linker.h
/SOURCE/UPX/SOURCES.ZIP/src/main.cpp
/SOURCE/UPX/SOURCES.ZIP/src/mem.cpp
/SOURCE/UPX/SOURCES.ZIP/src/mem.h
/SOURCE/UPX/SOURCES.ZIP/src/miniacc.h
/SOURCE/UPX/SOURCES.ZIP/src/msg.cpp
/SOURCE/UPX/SOURCES.ZIP/src/options.h
/SOURCE/UPX/SOURCES.ZIP/src/p_armpe.cpp
/SOURCE/UPX/SOURCES.ZIP/src/p_armpe.h
/SOURCE/UPX/SOURCES.ZIP/src/p_com.cpp
/SOURCE/UPX/SOURCES.ZIP/src/p_com.h
/SOURCE/UPX/SOURCES.ZIP/src/p_djgpp2.cpp
/SOURCE/UPX/SOURCES.ZIP/src/p_djgpp2.h
/SOURCE/UPX/SOURCES.ZIP/src/p_elf.h
/SOURCE/UPX/SOURCES.ZIP/src/p_elf_enum.h
/SOURCE/UPX/SOURCES.ZIP/src/p_exe.cpp
/SOURCE/UPX/SOURCES.ZIP/src/p_exe.h
/SOURCE/UPX/SOURCES.ZIP/src/p_lx_elf.cpp
/SOURCE/UPX/SOURCES.ZIP/src/p_lx_elf.h
/SOURCE/UPX/SOURCES.ZIP/src/p_lx_exc.cpp
/SOURCE/UPX/SOURCES.ZIP/src/p_lx_exc.h
/SOURCE/UPX/SOURCES.ZIP/src/p_lx_interp.cpp
/SOURCE/UPX/SOURCES.ZIP/src/p_lx_interp.h
/SOURCE/UPX/SOURCES.ZIP/src/p_lx_sh.cpp
/SOURCE/UPX/SOURCES.ZIP/src/p_lx_sh.h
/SOURCE/UPX/SOURCES.ZIP/src/p_mach.cpp
/SOURCE/UPX/SOURCES.ZIP/src/p_mach.h
/SOURCE/UPX/SOURCES.ZIP/src/p_mach_enum.h
/SOURCE/UPX/SOURCES.ZIP/src/p_ps1.cpp
/SOURCE/UPX/SOURCES.ZIP/src/p_ps1.h
/SOURCE/UPX/SOURCES.ZIP/src/p_sys.cpp
/SOURCE/UPX/SOURCES.ZIP/src/p_sys.h
/SOURCE/UPX/SOURCES.ZIP/src/p_tmt.cpp
/SOURCE/UPX/SOURCES.ZIP/src/p_tmt.h
/SOURCE/UPX/SOURCES.ZIP/src/p_tos.cpp
/SOURCE/UPX/SOURCES.ZIP/src/p_tos.h
/SOURCE/UPX/SOURCES.ZIP/src/p_unix.cpp
/SOURCE/UPX/SOURCES.ZIP/src/p_unix.h
/SOURCE/UPX/SOURCES.ZIP/src/p_vmlinx.cpp
/SOURCE/UPX/SOURCES.ZIP/src/p_vmlinx.h
/SOURCE/UPX/SOURCES.ZIP/src/p_vmlinz.cpp
/SOURCE/UPX/SOURCES.ZIP/src/p_vmlinz.h
/SOURCE/UPX/SOURCES.ZIP/src/p_w32pe.cpp
/SOURCE/UPX/SOURCES.ZIP/src/p_w32pe.h
/SOURCE/UPX/SOURCES.ZIP/src/p_w64pep.cpp
/SOURCE/UPX/SOURCES.ZIP/src/p_w64pep.h
/SOURCE/UPX/SOURCES.ZIP/src/p_wcle.cpp
/SOURCE/UPX/SOURCES.ZIP/src/p_wcle.h
/SOURCE/UPX/SOURCES.ZIP/src/packer.cpp
/SOURCE/UPX/SOURCES.ZIP/src/packer.h
/SOURCE/UPX/SOURCES.ZIP/src/packer_c.cpp
/SOURCE/UPX/SOURCES.ZIP/src/packer_f.cpp
/SOURCE/UPX/SOURCES.ZIP/src/packhead.cpp
/SOURCE/UPX/SOURCES.ZIP/src/packmast.cpp
/SOURCE/UPX/SOURCES.ZIP/src/packmast.h
/SOURCE/UPX/SOURCES.ZIP/src/pefile.cpp
/SOURCE/UPX/SOURCES.ZIP/src/pefile.h
/SOURCE/UPX/SOURCES.ZIP/src/s_djgpp2.cpp
/SOURCE/UPX/SOURCES.ZIP/src/s_object.cpp
/SOURCE/UPX/SOURCES.ZIP/src/s_vcsa.cpp
/SOURCE/UPX/SOURCES.ZIP/src/s_win32.cpp
/SOURCE/UPX/SOURCES.ZIP/src/screen.h
/SOURCE/UPX/SOURCES.ZIP/src/snprintf.cpp
/SOURCE/UPX/SOURCES.ZIP/src/snprintf.h
/SOURCE/UPX/SOURCES.ZIP/src/stdcxx.cpp
/SOURCE/UPX/SOURCES.ZIP/src/stdcxx.h
/SOURCE/UPX/SOURCES.ZIP/src/stub/
/SOURCE/UPX/SOURCES.ZIP/src/stub/Makefile
/SOURCE/UPX/SOURCES.ZIP/src/stub/amd64-darwin.dylib-entry.h
/SOURCE/UPX/SOURCES.ZIP/src/stub/amd64-darwin.macho-entry.h
/SOURCE/UPX/SOURCES.ZIP/src/stub/amd64-darwin.macho-fold.h
/SOURCE/UPX/SOURCES.ZIP/src/stub/amd64-darwin.macho-upxmain.exe
/SOURCE/UPX/SOURCES.ZIP/src/stub/amd64-darwin.macho-upxmain.h
/SOURCE/UPX/SOURCES.ZIP/src/stub/amd64-linux.elf-entry.h
/SOURCE/UPX/SOURCES.ZIP/src/stub/amd64-linux.elf-fold.h
/SOURCE/UPX/SOURCES.ZIP/src/stub/amd64-linux.kernel.vmlinux-head.h
/SOURCE/UPX/SOURCES.ZIP/src/stub/amd64-linux.kernel.vmlinux.h
/SOURCE/UPX/SOURCES.ZIP/src/stub/amd64-linux.shlib-init.h
/SOURCE/UPX/SOURCES.ZIP/src/stub/amd64-win64.pep.h
/SOURCE/UPX/SOURCES.ZIP/src/stub/arm.v4a-linux.elf-entry.h
/SOURCE/UPX/SOURCES.ZIP/src/stub/arm.v4a-linux.elf-fold.h
/SOURCE/UPX/SOURCES.ZIP/src/stub/arm.v4a-wince.pe.h
/SOURCE/UPX/SOURCES.ZIP/src/stub/arm.v4t-wince.pe.h
/SOURCE/UPX/SOURCES.ZIP/src/stub/arm.v5a-darwin.macho-entry.h
/SOURCE/UPX/SOURCES.ZIP/src/stub/arm.v5a-darwin.macho-fold.h
/SOURCE/UPX/SOURCES.ZIP/src/stub/arm.v5a-linux.elf-entry.h
/SOURCE/UPX/SOURCES.ZIP/src/stub/arm.v5a-linux.elf-fold.h
/SOURCE/UPX/SOURCES.ZIP/src/stub/arm.v5a-linux.kernel.vmlinux-head.h
/SOURCE/UPX/SOURCES.ZIP/src/stub/arm.v5a-linux.kernel.vmlinux.h
/SOURCE/UPX/SOURCES.ZIP/src/stub/arm.v5a-linux.kernel.vmlinuz-head.h
/SOURCE/UPX/SOURCES.ZIP/src/stub/arm.v5a-linux.kernel.vmlinuz.h
/SOURCE/UPX/SOURCES.ZIP/src/stub/arm.v5a-linux.shlib-init.h
/SOURCE/UPX/SOURCES.ZIP/src/stub/arm.v5t-linux.shlib-init.h
/SOURCE/UPX/SOURCES.ZIP/src/stub/arm64-darwin.macho-entry.h
/SOURCE/UPX/SOURCES.ZIP/src/stub/arm64-darwin.macho-fold.h
/SOURCE/UPX/SOURCES.ZIP/src/stub/arm64-linux.elf-entry.h
/SOURCE/UPX/SOURCES.ZIP/src/stub/arm64-linux.elf-fold.h
/SOURCE/UPX/SOURCES.ZIP/src/stub/arm64-linux.shlib-init.h
/SOURCE/UPX/SOURCES.ZIP/src/stub/armeb.v4a-linux.elf-entry.h
/SOURCE/UPX/SOURCES.ZIP/src/stub/armeb.v4a-linux.elf-fold.h
/SOURCE/UPX/SOURCES.ZIP/src/stub/armeb.v5a-linux.kernel.vmlinux-head.h
/SOURCE/UPX/SOURCES.ZIP/src/stub/armeb.v5a-linux.kernel.vmlinux.h
/SOURCE/UPX/SOURCES.ZIP/src/stub/i086-dos16.com.h
/SOURCE/UPX/SOURCES.ZIP/src/stub/i086-dos16.exe.h
/SOURCE/UPX/SOURCES.ZIP/src/stub/i086-dos16.sys.h
/SOURCE/UPX/SOURCES.ZIP/src/stub/i386-bsd.elf-entry.h
/SOURCE/UPX/SOURCES.ZIP/src/stub/i386-bsd.elf-fold.h
/SOURCE/UPX/SOURCES.ZIP/src/stub/i386-bsd.elf.execve-entry.h
/SOURCE/UPX/SOURCES.ZIP/src/stub/i386-bsd.elf.execve-fold.h
/SOURCE/UPX/SOURCES.ZIP/src/stub/i386-darwin.dylib-entry.h
/SOURCE/UPX/SOURCES.ZIP/src/stub/i386-darwin.macho-entry.h
/SOURCE/UPX/SOURCES.ZIP/src/stub/i386-darwin.macho-fold.h
/SOURCE/UPX/SOURCES.ZIP/src/stub/i386-darwin.macho-upxmain.exe
/SOURCE/UPX/SOURCES.ZIP/src/stub/i386-darwin.macho-upxmain.h
/SOURCE/UPX/SOURCES.ZIP/src/stub/i386-dos32.djgpp2-stubify.h
/SOURCE/UPX/SOURCES.ZIP/src/stub/i386-dos32.djgpp2.h
/SOURCE/UPX/SOURCES.ZIP/src/stub/i386-dos32.tmt.h
/SOURCE/UPX/SOURCES.ZIP/src/stub/i386-dos32.watcom.le.h
/SOURCE/UPX/SOURCES.ZIP/src/stub/i386-linux.elf-entry.h
/SOURCE/UPX/SOURCES.ZIP/src/stub/i386-linux.elf-fold.h
/SOURCE/UPX/SOURCES.ZIP/src/stub/i386-linux.elf.execve-entry.h
/SOURCE/UPX/SOURCES.ZIP/src/stub/i386-linux.elf.execve-fold.h
/SOURCE/UPX/SOURCES.ZIP/src/stub/i386-linux.elf.interp-entry.h
/SOURCE/UPX/SOURCES.ZIP/src/stub/i386-linux.elf.interp-fold.h
/SOURCE/UPX/SOURCES.ZIP/src/stub/i386-linux.elf.shell-entry.h
/SOURCE/UPX/SOURCES.ZIP/src/stub/i386-linux.elf.shell-fold.h
/SOURCE/UPX/SOURCES.ZIP/src/stub/i386-linux.kernel.vmlinux-head.h
/SOURCE/UPX/SOURCES.ZIP/src/stub/i386-linux.kernel.vmlinux.h
/SOURCE/UPX/SOURCES.ZIP/src/stub/i386-linux.kernel.vmlinuz.h
/SOURCE/UPX/SOURCES.ZIP/src/stub/i386-linux.shlib-init.h
/SOURCE/UPX/SOURCES.ZIP/src/stub/i386-netbsd.elf-entry.h
/SOURCE/UPX/SOURCES.ZIP/src/stub/i386-netbsd.elf-fold.h
/SOURCE/UPX/SOURCES.ZIP/src/stub/i386-openbsd.elf-fold.h
/SOURCE/UPX/SOURCES.ZIP/src/stub/i386-win32.pe.h
/SOURCE/UPX/SOURCES.ZIP/src/stub/m68k-atari.tos.h
/SOURCE/UPX/SOURCES.ZIP/src/stub/mips.r3000-linux.elf-entry.h
/SOURCE/UPX/SOURCES.ZIP/src/stub/mips.r3000-linux.elf-fold.h
/SOURCE/UPX/SOURCES.ZIP/src/stub/mips.r3000-linux.shlib-init.h
/SOURCE/UPX/SOURCES.ZIP/src/stub/mipsel.r3000-linux.elf-entry.h
/SOURCE/UPX/SOURCES.ZIP/src/stub/mipsel.r3000-linux.elf-fold.h
/SOURCE/UPX/SOURCES.ZIP/src/stub/mipsel.r3000-linux.shlib-init.h
/SOURCE/UPX/SOURCES.ZIP/src/stub/mipsel.r3000-ps1.h
/SOURCE/UPX/SOURCES.ZIP/src/stub/powerpc-darwin.dylib-entry.h
/SOURCE/UPX/SOURCES.ZIP/src/stub/powerpc-darwin.macho-entry.h
/SOURCE/UPX/SOURCES.ZIP/src/stub/powerpc-darwin.macho-fold.h
/SOURCE/UPX/SOURCES.ZIP/src/stub/powerpc-darwin.macho-upxmain.exe
/SOURCE/UPX/SOURCES.ZIP/src/stub/powerpc-darwin.macho-upxmain.h
/SOURCE/UPX/SOURCES.ZIP/src/stub/powerpc-linux.elf-entry.h
/SOURCE/UPX/SOURCES.ZIP/src/stub/powerpc-linux.elf-fold.h
/SOURCE/UPX/SOURCES.ZIP/src/stub/powerpc-linux.kernel.vmlinux-head.h
/SOURCE/UPX/SOURCES.ZIP/src/stub/powerpc-linux.kernel.vmlinux.h
/SOURCE/UPX/SOURCES.ZIP/src/stub/powerpc64-linux.elf-entry.h
/SOURCE/UPX/SOURCES.ZIP/src/stub/powerpc64-linux.elf-fold.h
/SOURCE/UPX/SOURCES.ZIP/src/stub/powerpc64le-darwin.dylib-entry.h
/SOURCE/UPX/SOURCES.ZIP/src/stub/powerpc64le-darwin.macho-entry.h
/SOURCE/UPX/SOURCES.ZIP/src/stub/powerpc64le-darwin.macho-fold.h
/SOURCE/UPX/SOURCES.ZIP/src/stub/powerpc64le-linux.elf-entry.h
/SOURCE/UPX/SOURCES.ZIP/src/stub/powerpc64le-linux.elf-fold.h
/SOURCE/UPX/SOURCES.ZIP/src/stub/powerpc64le-linux.kernel.vmlinux-head.h
/SOURCE/UPX/SOURCES.ZIP/src/stub/powerpc64le-linux.kernel.vmlinux.h
/SOURCE/UPX/SOURCES.ZIP/src/stub/scripts/
/SOURCE/UPX/SOURCES.ZIP/src/stub/scripts/bin2h.py
/SOURCE/UPX/SOURCES.ZIP/src/stub/scripts/brandelf.py
/SOURCE/UPX/SOURCES.ZIP/src/stub/scripts/check_whitespace.sh
/SOURCE/UPX/SOURCES.ZIP/src/stub/scripts/check_whitespace_git.sh
/SOURCE/UPX/SOURCES.ZIP/src/stub/scripts/gpp_inc.py
/SOURCE/UPX/SOURCES.ZIP/src/stub/scripts/upx-clang-format
/SOURCE/UPX/SOURCES.ZIP/src/stub/scripts/xstrip.py
/SOURCE/UPX/SOURCES.ZIP/src/stub/src/
/SOURCE/UPX/SOURCES.ZIP/src/stub/src/Makefile
/SOURCE/UPX/SOURCES.ZIP/src/stub/src/amd64-darwin.dylib-entry.S
/SOURCE/UPX/SOURCES.ZIP/src/stub/src/amd64-darwin.macho-entry.S
/SOURCE/UPX/SOURCES.ZIP/src/stub/src/amd64-darwin.macho-fold.S
/SOURCE/UPX/SOURCES.ZIP/src/stub/src/amd64-darwin.macho-main.c
/SOURCE/UPX/SOURCES.ZIP/src/stub/src/amd64-darwin.macho-upxhide.txt
/SOURCE/UPX/SOURCES.ZIP/src/stub/src/amd64-darwin.macho-upxmain.c
/SOURCE/UPX/SOURCES.ZIP/src/stub/src/amd64-darwin.macho-upxsubr.S
/SOURCE/UPX/SOURCES.ZIP/src/stub/src/amd64-linux.elf-entry.S
/SOURCE/UPX/SOURCES.ZIP/src/stub/src/amd64-linux.elf-fold.S
/SOURCE/UPX/SOURCES.ZIP/src/stub/src/amd64-linux.elf-fold.lds
/SOURCE/UPX/SOURCES.ZIP/src/stub/src/amd64-linux.elf-main.c
/SOURCE/UPX/SOURCES.ZIP/src/stub/src/amd64-linux.kernel.vmlinux-head.S
/SOURCE/UPX/SOURCES.ZIP/src/stub/src/amd64-linux.kernel.vmlinux.S
/SOURCE/UPX/SOURCES.ZIP/src/stub/src/amd64-linux.shlib-init.S
/SOURCE/UPX/SOURCES.ZIP/src/stub/src/amd64-win64.pep.S
/SOURCE/UPX/SOURCES.ZIP/src/stub/src/arch/
/SOURCE/UPX/SOURCES.ZIP/src/stub/src/arch/Makefile
/SOURCE/UPX/SOURCES.ZIP/src/stub/src/arch/amd64/
/SOURCE/UPX/SOURCES.ZIP/src/stub/src/arch/amd64/Makefile
/SOURCE/UPX/SOURCES.ZIP/src/stub/src/arch/amd64/Makefile.extra
/SOURCE/UPX/SOURCES.ZIP/src/stub/src/arch/amd64/bxx.S
/SOURCE/UPX/SOURCES.ZIP/src/stub/src/arch/amd64/lzma_d.S
/SOURCE/UPX/SOURCES.ZIP/src/stub/src/arch/amd64/lzma_d_cf.S
/SOURCE/UPX/SOURCES.ZIP/src/stub/src/arch/amd64/lzma_d_cs.S
/SOURCE/UPX/SOURCES.ZIP/src/stub/src/arch/amd64/macros.S
/SOURCE/UPX/SOURCES.ZIP/src/stub/src/arch/amd64/nrv2b_d.S
/SOURCE/UPX/SOURCES.ZIP/src/stub/src/arch/amd64/nrv2d_d.S
/SOURCE/UPX/SOURCES.ZIP/src/stub/src/arch/amd64/nrv2e_d.S
/SOURCE/UPX/SOURCES.ZIP/src/stub/src/arch/amd64/regs.h
/SOURCE/UPX/SOURCES.ZIP/src/stub/src/arch/arm/
/SOURCE/UPX/SOURCES.ZIP/src/stub/src/arch/arm/Makefile
/SOURCE/UPX/SOURCES.ZIP/src/stub/src/arch/arm/v4a/
/SOURCE/UPX/SOURCES.ZIP/src/stub/src/arch/arm/v4a/Makefile
/SOURCE/UPX/SOURCES.ZIP/src/stub/src/arch/arm/v4a/Makefile.extra
/SOURCE/UPX/SOURCES.ZIP/src/stub/src/arch/arm/v4a/lzma_d-arm.S
/SOURCE/UPX/SOURCES.ZIP/src/stub/src/arch/arm/v4a/lzma_d.S
/SOURCE/UPX/SOURCES.ZIP/src/stub/src/arch/arm/v4a/lzma_d_cf.S
/SOURCE/UPX/SOURCES.ZIP/src/stub/src/arch/arm/v4a/lzma_d_cs.S
/SOURCE/UPX/SOURCES.ZIP/src/stub/src/arch/arm/v4a/macros.S
/SOURCE/UPX/SOURCES.ZIP/src/stub/src/arch/arm/v4a/nrv2b_d8.S
/SOURCE/UPX/SOURCES.ZIP/src/stub/src/arch/arm/v4a/nrv2d_d8.S
/SOURCE/UPX/SOURCES.ZIP/src/stub/src/arch/arm/v4a/nrv2e_d8.S
/SOURCE/UPX/SOURCES.ZIP/src/stub/src/arch/arm/v4t/
/SOURCE/UPX/SOURCES.ZIP/src/stub/src/arch/arm/v4t/Makefile
/SOURCE/UPX/SOURCES.ZIP/src/stub/src/arch/arm/v4t/Makefile.extra
/SOURCE/UPX/SOURCES.ZIP/src/stub/src/arch/arm/v4t/lzma_d_cf.S
/SOURCE/UPX/SOURCES.ZIP/src/stub/src/arch/arm/v4t/lzma_d_cs.S
/SOURCE/UPX/SOURCES.ZIP/src/stub/src/arch/arm/v4t/macros.S
/SOURCE/UPX/SOURCES.ZIP/src/stub/src/arch/arm/v4t/nrv2b_d32.S
/SOURCE/UPX/SOURCES.ZIP/src/stub/src/arch/arm/v4t/nrv2b_d8.S
/SOURCE/UPX/SOURCES.ZIP/src/stub/src/arch/arm/v4t/nrv2e_d32.S
/SOURCE/UPX/SOURCES.ZIP/src/stub/src/arch/arm/v4t/nrv2e_d8.S
/SOURCE/UPX/SOURCES.ZIP/src/stub/src/arch/arm/v5a/
/SOURCE/UPX/SOURCES.ZIP/src/stub/src/arch/arm/v5a/lzma_d.S
/SOURCE/UPX/SOURCES.ZIP/src/stub/src/arch/arm/v5a/macros.S
/SOURCE/UPX/SOURCES.ZIP/src/stub/src/arch/arm/v5a/nrv2b_d8.S
/SOURCE/UPX/SOURCES.ZIP/src/stub/src/arch/arm/v5a/nrv2d_d8.S
/SOURCE/UPX/SOURCES.ZIP/src/stub/src/arch/arm/v5a/nrv2e_d8.S
/SOURCE/UPX/SOURCES.ZIP/src/stub/src/arch/arm64/
/SOURCE/UPX/SOURCES.ZIP/src/stub/src/arch/arm64/v8/
/SOURCE/UPX/SOURCES.ZIP/src/stub/src/arch/arm64/v8/Makefile.extra
/SOURCE/UPX/SOURCES.ZIP/src/stub/src/arch/arm64/v8/lzma_d-arm.S
/SOURCE/UPX/SOURCES.ZIP/src/stub/src/arch/arm64/v8/lzma_d.S
/SOURCE/UPX/SOURCES.ZIP/src/stub/src/arch/arm64/v8/lzma_d_cf.S
/SOURCE/UPX/SOURCES.ZIP/src/stub/src/arch/arm64/v8/lzma_d_cs.S
/SOURCE/UPX/SOURCES.ZIP/src/stub/src/arch/arm64/v8/macros.S
/SOURCE/UPX/SOURCES.ZIP/src/stub/src/arch/arm64/v8/nrv2b_d32.S
/SOURCE/UPX/SOURCES.ZIP/src/stub/src/arch/arm64/v8/nrv2d_d32.S
/SOURCE/UPX/SOURCES.ZIP/src/stub/src/arch/arm64/v8/nrv2e_d32.S
/SOURCE/UPX/SOURCES.ZIP/src/stub/src/arch/i086/
/SOURCE/UPX/SOURCES.ZIP/src/stub/src/arch/i086/Makefile
/SOURCE/UPX/SOURCES.ZIP/src/stub/src/arch/i086/Makefile.extra
/SOURCE/UPX/SOURCES.ZIP/src/stub/src/arch/i086/cc_test.c
/SOURCE/UPX/SOURCES.ZIP/src/stub/src/arch/i086/cleanasm.py
/SOURCE/UPX/SOURCES.ZIP/src/stub/src/arch/i086/l_test.c
/SOURCE/UPX/SOURCES.ZIP/src/stub/src/arch/i086/lzma_d.S
/SOURCE/UPX/SOURCES.ZIP/src/stub/src/arch/i086/lzma_d_cf.S
/SOURCE/UPX/SOURCES.ZIP/src/stub/src/arch/i086/lzma_d_cs.S
/SOURCE/UPX/SOURCES.ZIP/src/stub/src/arch/i086/lzma_m.h
/SOURCE/UPX/SOURCES.ZIP/src/stub/src/arch/i086/macros.S
/SOURCE/UPX/SOURCES.ZIP/src/stub/src/arch/i086/nrv2b_d16.S
/SOURCE/UPX/SOURCES.ZIP/src/stub/src/arch/i086/nrv2b_d8.S
/SOURCE/UPX/SOURCES.ZIP/src/stub/src/arch/i086/nrv2d_d8.S
/SOURCE/UPX/SOURCES.ZIP/src/stub/src/arch/i086/nrv2e_d8.S
/SOURCE/UPX/SOURCES.ZIP/src/stub/src/arch/i086/wdis2gas.py
/SOURCE/UPX/SOURCES.ZIP/src/stub/src/arch/i386/
/SOURCE/UPX/SOURCES.ZIP/src/stub/src/arch/i386/Makefile
/SOURCE/UPX/SOURCES.ZIP/src/stub/src/arch/i386/Makefile.extra
/SOURCE/UPX/SOURCES.ZIP/src/stub/src/arch/i386/bxx.S
/SOURCE/UPX/SOURCES.ZIP/src/stub/src/arch/i386/cl1_d32.S
/SOURCE/UPX/SOURCES.ZIP/src/stub/src/arch/i386/lzma_d.S
/SOURCE/UPX/SOURCES.ZIP/src/stub/src/arch/i386/lzma_d_cf.S
/SOURCE/UPX/SOURCES.ZIP/src/stub/src/arch/i386/lzma_d_cs.S
/SOURCE/UPX/SOURCES.ZIP/src/stub/src/arch/i386/macros.S
/SOURCE/UPX/SOURCES.ZIP/src/stub/src/arch/i386/nrv2b_d32-easy.S
/SOURCE/UPX/SOURCES.ZIP/src/stub/src/arch/i386/nrv2b_d32.S
/SOURCE/UPX/SOURCES.ZIP/src/stub/src/arch/i386/nrv2d_d32-easy.S
/SOURCE/UPX/SOURCES.ZIP/src/stub/src/arch/i386/nrv2d_d32.S
/SOURCE/UPX/SOURCES.ZIP/src/stub/src/arch/i386/nrv2e_d32-easy.S
/SOURCE/UPX/SOURCES.ZIP/src/stub/src/arch/i386/nrv2e_d32.S
/SOURCE/UPX/SOURCES.ZIP/src/stub/src/arch/i386/upx_itoa.S
/SOURCE/UPX/SOURCES.ZIP/src/stub/src/arch/m68k/
/SOURCE/UPX/SOURCES.ZIP/src/stub/src/arch/m68k/Makefile
/SOURCE/UPX/SOURCES.ZIP/src/stub/src/arch/m68k/bits.ash
/SOURCE/UPX/SOURCES.ZIP/src/stub/src/arch/m68k/lzma_d.S
/SOURCE/UPX/SOURCES.ZIP/src/stub/src/arch/m68k/m68000/
/SOURCE/UPX/SOURCES.ZIP/src/stub/src/arch/m68k/m68000/Makefile.extra
/SOURCE/UPX/SOURCES.ZIP/src/stub/src/arch/m68k/m68000/lzma_d_cf.S
/SOURCE/UPX/SOURCES.ZIP/src/stub/src/arch/m68k/m68000/lzma_d_cs.S
/SOURCE/UPX/SOURCES.ZIP/src/stub/src/arch/m68k/m68020/
/SOURCE/UPX/SOURCES.ZIP/src/stub/src/arch/m68k/m68020/Makefile.extra
/SOURCE/UPX/SOURCES.ZIP/src/stub/src/arch/m68k/m68020/lzma_d_cf.S
/SOURCE/UPX/SOURCES.ZIP/src/stub/src/arch/m68k/m68020/lzma_d_cs.S
/SOURCE/UPX/SOURCES.ZIP/src/stub/src/arch/m68k/macros.S
/SOURCE/UPX/SOURCES.ZIP/src/stub/src/arch/m68k/nrv2b_d.ash
/SOURCE/UPX/SOURCES.ZIP/src/stub/src/arch/m68k/nrv2d_d.ash
/SOURCE/UPX/SOURCES.ZIP/src/stub/src/arch/m68k/nrv2e_d.ash
/SOURCE/UPX/SOURCES.ZIP/src/stub/src/arch/m68k/rename.ash
/SOURCE/UPX/SOURCES.ZIP/src/stub/src/arch/mips/
/SOURCE/UPX/SOURCES.ZIP/src/stub/src/arch/mips/Makefile
/SOURCE/UPX/SOURCES.ZIP/src/stub/src/arch/mips/r3000/
/SOURCE/UPX/SOURCES.ZIP/src/stub/src/arch/mips/r3000/Makefile
/SOURCE/UPX/SOURCES.ZIP/src/stub/src/arch/mips/r3000/Makefile.extra
/SOURCE/UPX/SOURCES.ZIP/src/stub/src/arch/mips/r3000/bits.ash
/SOURCE/UPX/SOURCES.ZIP/src/stub/src/arch/mips/r3000/lzma_d.S
/SOURCE/UPX/SOURCES.ZIP/src/stub/src/arch/mips/r3000/lzma_d_cf.S
/SOURCE/UPX/SOURCES.ZIP/src/stub/src/arch/mips/r3000/lzma_d_cs.S
/SOURCE/UPX/SOURCES.ZIP/src/stub/src/arch/mips/r3000/macros.ash
/SOURCE/UPX/SOURCES.ZIP/src/stub/src/arch/mips/r3000/nrv2b_d.ash
/SOURCE/UPX/SOURCES.ZIP/src/stub/src/arch/mips/r3000/nrv2d_d.ash
/SOURCE/UPX/SOURCES.ZIP/src/stub/src/arch/mips/r3000/nrv2e_d.ash
/SOURCE/UPX/SOURCES.ZIP/src/stub/src/arch/powerpc/
/SOURCE/UPX/SOURCES.ZIP/src/stub/src/arch/powerpc/32/
/SOURCE/UPX/SOURCES.ZIP/src/stub/src/arch/powerpc/32/Makefile
/SOURCE/UPX/SOURCES.ZIP/src/stub/src/arch/powerpc/32/Makefile.extra
/SOURCE/UPX/SOURCES.ZIP/src/stub/src/arch/powerpc/32/bxx.S
/SOURCE/UPX/SOURCES.ZIP/src/stub/src/arch/powerpc/32/lzma_d.S
/SOURCE/UPX/SOURCES.ZIP/src/stub/src/arch/powerpc/32/lzma_d_cf.S
/SOURCE/UPX/SOURCES.ZIP/src/stub/src/arch/powerpc/32/lzma_d_cs.S
/SOURCE/UPX/SOURCES.ZIP/src/stub/src/arch/powerpc/32/macros.S
/SOURCE/UPX/SOURCES.ZIP/src/stub/src/arch/powerpc/32/nrv2b_d.S
/SOURCE/UPX/SOURCES.ZIP/src/stub/src/arch/powerpc/32/nrv2d_d.S
/SOURCE/UPX/SOURCES.ZIP/src/stub/src/arch/powerpc/32/nrv2e_d.S
/SOURCE/UPX/SOURCES.ZIP/src/stub/src/arch/powerpc/32/ppc_regs.h
/SOURCE/UPX/SOURCES.ZIP/src/stub/src/arch/powerpc/64/
/SOURCE/UPX/SOURCES.ZIP/src/stub/src/arch/powerpc/64/Makefile
/SOURCE/UPX/SOURCES.ZIP/src/stub/src/arch/powerpc/64/Makefile.extra
/SOURCE/UPX/SOURCES.ZIP/src/stub/src/arch/powerpc/64/bxx.S
/SOURCE/UPX/SOURCES.ZIP/src/stub/src/arch/powerpc/64/lzma_d.S
/SOURCE/UPX/SOURCES.ZIP/src/stub/src/arch/powerpc/64/lzma_d_cf.S
/SOURCE/UPX/SOURCES.ZIP/src/stub/src/arch/powerpc/64/lzma_d_cs.S
/SOURCE/UPX/SOURCES.ZIP/src/stub/src/arch/powerpc/64/macros.S
/SOURCE/UPX/SOURCES.ZIP/src/stub/src/arch/powerpc/64/nrv2b_d.S
/SOURCE/UPX/SOURCES.ZIP/src/stub/src/arch/powerpc/64/nrv2d_d.S
/SOURCE/UPX/SOURCES.ZIP/src/stub/src/arch/powerpc/64/nrv2e_d.S
/SOURCE/UPX/SOURCES.ZIP/src/stub/src/arch/powerpc/64/ppc_regs.h
/SOURCE/UPX/SOURCES.ZIP/src/stub/src/arch/powerpc/64le/
/SOURCE/UPX/SOURCES.ZIP/src/stub/src/arch/powerpc/64le/Makefile
/SOURCE/UPX/SOURCES.ZIP/src/stub/src/arch/powerpc/64le/Makefile.extra
/SOURCE/UPX/SOURCES.ZIP/src/stub/src/arch/powerpc/64le/bxx.S
/SOURCE/UPX/SOURCES.ZIP/src/stub/src/arch/powerpc/64le/lzma_d-common.S
/SOURCE/UPX/SOURCES.ZIP/src/stub/src/arch/powerpc/64le/lzma_d.S
/SOURCE/UPX/SOURCES.ZIP/src/stub/src/arch/powerpc/64le/lzma_d_cf.S
/SOURCE/UPX/SOURCES.ZIP/src/stub/src/arch/powerpc/64le/lzma_d_cs.S
/SOURCE/UPX/SOURCES.ZIP/src/stub/src/arch/powerpc/64le/macros.S
/SOURCE/UPX/SOURCES.ZIP/src/stub/src/arch/powerpc/64le/nrv2b_d.S
/SOURCE/UPX/SOURCES.ZIP/src/stub/src/arch/powerpc/64le/nrv2d_d.S
/SOURCE/UPX/SOURCES.ZIP/src/stub/src/arch/powerpc/64le/nrv2e_d.S
/SOURCE/UPX/SOURCES.ZIP/src/stub/src/arch/powerpc/64le/ppc_regs.h
/SOURCE/UPX/SOURCES.ZIP/src/stub/src/arch/powerpc/Makefile
/SOURCE/UPX/SOURCES.ZIP/src/stub/src/arm.v4a-linux.elf-entry.S
/SOURCE/UPX/SOURCES.ZIP/src/stub/src/arm.v4a-linux.elf-fold.S
/SOURCE/UPX/SOURCES.ZIP/src/stub/src/arm.v4a-linux.elf-fold.lds
/SOURCE/UPX/SOURCES.ZIP/src/stub/src/arm.v4a-linux.elf-main.c
/SOURCE/UPX/SOURCES.ZIP/src/stub/src/arm.v4a-linux.shlib-init.S
/SOURCE/UPX/SOURCES.ZIP/src/stub/src/arm.v4a-wince.pe.S
/SOURCE/UPX/SOURCES.ZIP/src/stub/src/arm.v4t-linux.shlib-init.S
/SOURCE/UPX/SOURCES.ZIP/src/stub/src/arm.v4t-wince.pe.S
/SOURCE/UPX/SOURCES.ZIP/src/stub/src/arm.v5a-darwin.macho-entry.S
/SOURCE/UPX/SOURCES.ZIP/src/stub/src/arm.v5a-darwin.macho-fold.S
/SOURCE/UPX/SOURCES.ZIP/src/stub/src/arm.v5a-darwin.macho-main.c
/SOURCE/UPX/SOURCES.ZIP/src/stub/src/arm.v5a-linux.elf-entry.S
/SOURCE/UPX/SOURCES.ZIP/src/stub/src/arm.v5a-linux.elf-fold.S
/SOURCE/UPX/SOURCES.ZIP/src/stub/src/arm.v5a-linux.kernel.vmlinux-head.S
/SOURCE/UPX/SOURCES.ZIP/src/stub/src/arm.v5a-linux.kernel.vmlinux.S
/SOURCE/UPX/SOURCES.ZIP/src/stub/src/arm.v5a-linux.kernel.vmlinuz-head.S
/SOURCE/UPX/SOURCES.ZIP/src/stub/src/arm.v5a-linux.kernel.vmlinuz.S
/SOURCE/UPX/SOURCES.ZIP/src/stub/src/arm.v5a-linux.shlib-init.S
/SOURCE/UPX/SOURCES.ZIP/src/stub/src/arm.v5t-linux.shlib-init.S
/SOURCE/UPX/SOURCES.ZIP/src/stub/src/arm64-darwin.macho-entry.S
/SOURCE/UPX/SOURCES.ZIP/src/stub/src/arm64-darwin.macho-fold.S
/SOURCE/UPX/SOURCES.ZIP/src/stub/src/arm64-darwin.macho-main.c
/SOURCE/UPX/SOURCES.ZIP/src/stub/src/arm64-linux.elf-entry.S
/SOURCE/UPX/SOURCES.ZIP/src/stub/src/arm64-linux.elf-fold.S
/SOURCE/UPX/SOURCES.ZIP/src/stub/src/arm64-linux.elf-fold.lds
/SOURCE/UPX/SOURCES.ZIP/src/stub/src/arm64-linux.elf-main.c
/SOURCE/UPX/SOURCES.ZIP/src/stub/src/arm64-linux.shlib-init.S
/SOURCE/UPX/SOURCES.ZIP/src/stub/src/armeb.v4a-linux.elf-entry.S
/SOURCE/UPX/SOURCES.ZIP/src/stub/src/armeb.v4a-linux.elf-fold.S
/SOURCE/UPX/SOURCES.ZIP/src/stub/src/armeb.v4a-linux.elf-fold.lds
/SOURCE/UPX/SOURCES.ZIP/src/stub/src/armeb.v4a-linux.elf-main.c
/SOURCE/UPX/SOURCES.ZIP/src/stub/src/armeb.v5a-linux.kernel.vmlinux-head.S
/SOURCE/UPX/SOURCES.ZIP/src/stub/src/armeb.v5a-linux.kernel.vmlinux.S
/SOURCE/UPX/SOURCES.ZIP/src/stub/src/armel-linux.elf-main.c
/SOURCE/UPX/SOURCES.ZIP/src/stub/src/c/
/SOURCE/UPX/SOURCES.ZIP/src/stub/src/c/Makevars.lzma
/SOURCE/UPX/SOURCES.ZIP/src/stub/src/c/lzma_d_c.c
/SOURCE/UPX/SOURCES.ZIP/src/stub/src/i086-dos16.com.S
/SOURCE/UPX/SOURCES.ZIP/src/stub/src/i086-dos16.exe.S
/SOURCE/UPX/SOURCES.ZIP/src/stub/src/i086-dos16.sys.S
/SOURCE/UPX/SOURCES.ZIP/src/stub/src/i386-bsd.elf-entry.S
/SOURCE/UPX/SOURCES.ZIP/src/stub/src/i386-bsd.elf-fold.S
/SOURCE/UPX/SOURCES.ZIP/src/stub/src/i386-bsd.elf-fold.lds
/SOURCE/UPX/SOURCES.ZIP/src/stub/src/i386-bsd.elf-main.c
/SOURCE/UPX/SOURCES.ZIP/src/stub/src/i386-bsd.elf.execve-entry.S
/SOURCE/UPX/SOURCES.ZIP/src/stub/src/i386-bsd.elf.execve-fold.S
/SOURCE/UPX/SOURCES.ZIP/src/stub/src/i386-bsd.elf.execve-main.c
/SOURCE/UPX/SOURCES.ZIP/src/stub/src/i386-bsd.syscall.S
/SOURCE/UPX/SOURCES.ZIP/src/stub/src/i386-darwin.dylib-entry.S
/SOURCE/UPX/SOURCES.ZIP/src/stub/src/i386-darwin.macho-entry.S
/SOURCE/UPX/SOURCES.ZIP/src/stub/src/i386-darwin.macho-fold.S
/SOURCE/UPX/SOURCES.ZIP/src/stub/src/i386-darwin.macho-main.c
/SOURCE/UPX/SOURCES.ZIP/src/stub/src/i386-darwin.macho-upxmain.c
/SOURCE/UPX/SOURCES.ZIP/src/stub/src/i386-darwin.macho-upxsubr.S
/SOURCE/UPX/SOURCES.ZIP/src/stub/src/i386-dos32.djgpp2-stubify.asm
/SOURCE/UPX/SOURCES.ZIP/src/stub/src/i386-dos32.djgpp2.S
/SOURCE/UPX/SOURCES.ZIP/src/stub/src/i386-dos32.tmt.S
/SOURCE/UPX/SOURCES.ZIP/src/stub/src/i386-dos32.watcom.le.S
/SOURCE/UPX/SOURCES.ZIP/src/stub/src/i386-linux.elf-entry.S
/SOURCE/UPX/SOURCES.ZIP/src/stub/src/i386-linux.elf-fold.S
/SOURCE/UPX/SOURCES.ZIP/src/stub/src/i386-linux.elf-fold.lds
/SOURCE/UPX/SOURCES.ZIP/src/stub/src/i386-linux.elf-main.c
/SOURCE/UPX/SOURCES.ZIP/src/stub/src/i386-linux.elf.execve-entry.S
/SOURCE/UPX/SOURCES.ZIP/src/stub/src/i386-linux.elf.execve-fold.S
/SOURCE/UPX/SOURCES.ZIP/src/stub/src/i386-linux.elf.execve-fold.lds
/SOURCE/UPX/SOURCES.ZIP/src/stub/src/i386-linux.elf.execve-main.c
/SOURCE/UPX/SOURCES.ZIP/src/stub/src/i386-linux.elf.execve-upx_itoa.S
/SOURCE/UPX/SOURCES.ZIP/src/stub/src/i386-linux.elf.interp-entry.S
/SOURCE/UPX/SOURCES.ZIP/src/stub/src/i386-linux.elf.interp-fold.S
/SOURCE/UPX/SOURCES.ZIP/src/stub/src/i386-linux.elf.interp-fold.lds
/SOURCE/UPX/SOURCES.ZIP/src/stub/src/i386-linux.elf.interp-main.c
/SOURCE/UPX/SOURCES.ZIP/src/stub/src/i386-linux.elf.shell-entry.S
/SOURCE/UPX/SOURCES.ZIP/src/stub/src/i386-linux.elf.shell-fold.S
/SOURCE/UPX/SOURCES.ZIP/src/stub/src/i386-linux.elf.shell-fold.lds
/SOURCE/UPX/SOURCES.ZIP/src/stub/src/i386-linux.elf.shell-main.c
/SOURCE/UPX/SOURCES.ZIP/src/stub/src/i386-linux.kernel.vmlinux-head.S
/SOURCE/UPX/SOURCES.ZIP/src/stub/src/i386-linux.kernel.vmlinux.S
/SOURCE/UPX/SOURCES.ZIP/src/stub/src/i386-linux.kernel.vmlinuz.S
/SOURCE/UPX/SOURCES.ZIP/src/stub/src/i386-linux.shlib-init.S
/SOURCE/UPX/SOURCES.ZIP/src/stub/src/i386-netbsd.elf-entry.S
/SOURCE/UPX/SOURCES.ZIP/src/stub/src/i386-openbsd.elf-fold.S
/SOURCE/UPX/SOURCES.ZIP/src/stub/src/i386-openbsd.elf-main.c
/SOURCE/UPX/SOURCES.ZIP/src/stub/src/i386-win32.pe.S
/SOURCE/UPX/SOURCES.ZIP/src/stub/src/include/
/SOURCE/UPX/SOURCES.ZIP/src/stub/src/include/Makefile
/SOURCE/UPX/SOURCES.ZIP/src/stub/src/include/bsd.h
/SOURCE/UPX/SOURCES.ZIP/src/stub/src/include/darwin.h
/SOURCE/UPX/SOURCES.ZIP/src/stub/src/include/header.S
/SOURCE/UPX/SOURCES.ZIP/src/stub/src/include/linux.h
/SOURCE/UPX/SOURCES.ZIP/src/stub/src/m68k-atari.tos.S
/SOURCE/UPX/SOURCES.ZIP/src/stub/src/mips.r3000-linux.elf-entry.S
/SOURCE/UPX/SOURCES.ZIP/src/stub/src/mips.r3000-linux.elf-fold.S
/SOURCE/UPX/SOURCES.ZIP/src/stub/src/mips.r3000-linux.elf-fold.lds
/SOURCE/UPX/SOURCES.ZIP/src/stub/src/mips.r3000-linux.elf-main.c
/SOURCE/UPX/SOURCES.ZIP/src/stub/src/mips.r3000-linux.shlib-init.S
/SOURCE/UPX/SOURCES.ZIP/src/stub/src/mipsel.r3000-linux.elf-entry.S
/SOURCE/UPX/SOURCES.ZIP/src/stub/src/mipsel.r3000-linux.elf-fold.S
/SOURCE/UPX/SOURCES.ZIP/src/stub/src/mipsel.r3000-linux.elf-fold.lds
/SOURCE/UPX/SOURCES.ZIP/src/stub/src/mipsel.r3000-linux.elf-main.c
/SOURCE/UPX/SOURCES.ZIP/src/stub/src/mipsel.r3000-linux.shlib-init.S
/SOURCE/UPX/SOURCES.ZIP/src/stub/src/mipsel.r3000-ps1.S
/SOURCE/UPX/SOURCES.ZIP/src/stub/src/powerpc-darwin.dylib-entry.S
/SOURCE/UPX/SOURCES.ZIP/src/stub/src/powerpc-darwin.macho-entry.S
/SOURCE/UPX/SOURCES.ZIP/src/stub/src/powerpc-darwin.macho-fold.S
/SOURCE/UPX/SOURCES.ZIP/src/stub/src/powerpc-darwin.macho-main.c
/SOURCE/UPX/SOURCES.ZIP/src/stub/src/powerpc-darwin.macho-upxmain.c
/SOURCE/UPX/SOURCES.ZIP/src/stub/src/powerpc-darwin.macho-upxsubr.S
/SOURCE/UPX/SOURCES.ZIP/src/stub/src/powerpc-linux.elf-entry.S
/SOURCE/UPX/SOURCES.ZIP/src/stub/src/powerpc-linux.elf-fold.S
/SOURCE/UPX/SOURCES.ZIP/src/stub/src/powerpc-linux.elf-fold.lds
/SOURCE/UPX/SOURCES.ZIP/src/stub/src/powerpc-linux.elf-main.c
/SOURCE/UPX/SOURCES.ZIP/src/stub/src/powerpc-linux.kernel.vmlinux-head.S
/SOURCE/UPX/SOURCES.ZIP/src/stub/src/powerpc-linux.kernel.vmlinux.S
/SOURCE/UPX/SOURCES.ZIP/src/stub/src/powerpc64-darwin.dylib-entry.S
/SOURCE/UPX/SOURCES.ZIP/src/stub/src/powerpc64-darwin.macho-entry.S
/SOURCE/UPX/SOURCES.ZIP/src/stub/src/powerpc64-darwin.macho-fold.S
/SOURCE/UPX/SOURCES.ZIP/src/stub/src/powerpc64-darwin.macho-main.c
/SOURCE/UPX/SOURCES.ZIP/src/stub/src/powerpc64-linux.elf-entry.S
/SOURCE/UPX/SOURCES.ZIP/src/stub/src/powerpc64-linux.elf-fold.S
/SOURCE/UPX/SOURCES.ZIP/src/stub/src/powerpc64-linux.elf-fold.lds
/SOURCE/UPX/SOURCES.ZIP/src/stub/src/powerpc64-linux.elf-main.c
/SOURCE/UPX/SOURCES.ZIP/src/stub/src/powerpc64-savegpr0.S
/SOURCE/UPX/SOURCES.ZIP/src/stub/src/powerpc64le-darwin.dylib-entry.S
/SOURCE/UPX/SOURCES.ZIP/src/stub/src/powerpc64le-darwin.macho-entry.S
/SOURCE/UPX/SOURCES.ZIP/src/stub/src/powerpc64le-darwin.macho-fold.S
/SOURCE/UPX/SOURCES.ZIP/src/stub/src/powerpc64le-darwin.macho-main.c
/SOURCE/UPX/SOURCES.ZIP/src/stub/src/powerpc64le-linux.elf-entry.S
/SOURCE/UPX/SOURCES.ZIP/src/stub/src/powerpc64le-linux.elf-fold.S
/SOURCE/UPX/SOURCES.ZIP/src/stub/src/powerpc64le-linux.elf-fold.lds
/SOURCE/UPX/SOURCES.ZIP/src/stub/src/powerpc64le-linux.elf-main.c
/SOURCE/UPX/SOURCES.ZIP/src/stub/src/powerpc64le-linux.kernel.vmlinux-head.S
/SOURCE/UPX/SOURCES.ZIP/src/stub/src/powerpc64le-linux.kernel.vmlinux.S
/SOURCE/UPX/SOURCES.ZIP/src/stub/tmp/
/SOURCE/UPX/SOURCES.ZIP/src/stub/tmp/amd64-darwin.dylib-entry.bin.dump
/SOURCE/UPX/SOURCES.ZIP/src/stub/tmp/amd64-darwin.macho-entry.bin.dump
/SOURCE/UPX/SOURCES.ZIP/src/stub/tmp/amd64-darwin.macho-fold.map
/SOURCE/UPX/SOURCES.ZIP/src/stub/tmp/amd64-linux.elf-entry.bin.dump
/SOURCE/UPX/SOURCES.ZIP/src/stub/tmp/amd64-linux.elf-fold.map
/SOURCE/UPX/SOURCES.ZIP/src/stub/tmp/amd64-linux.kernel.vmlinux.bin.dump
/SOURCE/UPX/SOURCES.ZIP/src/stub/tmp/amd64-linux.shlib-init.bin.dump
/SOURCE/UPX/SOURCES.ZIP/src/stub/tmp/amd64-win64.pep.bin.dump
/SOURCE/UPX/SOURCES.ZIP/src/stub/tmp/arm.v4a-linux.elf-entry.bin.dump
/SOURCE/UPX/SOURCES.ZIP/src/stub/tmp/arm.v4a-linux.elf-fold.map
/SOURCE/UPX/SOURCES.ZIP/src/stub/tmp/arm.v4a-wince.pe.bin.dump
/SOURCE/UPX/SOURCES.ZIP/src/stub/tmp/arm.v4t-wince.pe.bin.dump
/SOURCE/UPX/SOURCES.ZIP/src/stub/tmp/arm.v5a-darwin.macho-entry.bin.dump
/SOURCE/UPX/SOURCES.ZIP/src/stub/tmp/arm.v5a-darwin.macho-fold.map
/SOURCE/UPX/SOURCES.ZIP/src/stub/tmp/arm.v5a-linux.elf-entry.bin.dump
/SOURCE/UPX/SOURCES.ZIP/src/stub/tmp/arm.v5a-linux.elf-fold.map
/SOURCE/UPX/SOURCES.ZIP/src/stub/tmp/arm.v5a-linux.kernel.vmlinux.bin.dump
/SOURCE/UPX/SOURCES.ZIP/src/stub/tmp/arm.v5a-linux.kernel.vmlinuz.bin.dump
/SOURCE/UPX/SOURCES.ZIP/src/stub/tmp/arm.v5a-linux.shlib-init.bin.dump
/SOURCE/UPX/SOURCES.ZIP/src/stub/tmp/arm.v5t-linux.shlib-init.bin.dump
/SOURCE/UPX/SOURCES.ZIP/src/stub/tmp/arm64-darwin.macho-entry.bin.dump
/SOURCE/UPX/SOURCES.ZIP/src/stub/tmp/arm64-darwin.macho-fold.map
/SOURCE/UPX/SOURCES.ZIP/src/stub/tmp/arm64-linux.elf-entry.bin.dump
/SOURCE/UPX/SOURCES.ZIP/src/stub/tmp/arm64-linux.elf-fold.map
/SOURCE/UPX/SOURCES.ZIP/src/stub/tmp/arm64-linux.shlib-init.bin.dump
/SOURCE/UPX/SOURCES.ZIP/src/stub/tmp/armeb.v4a-linux.elf-entry.bin.dump
/SOURCE/UPX/SOURCES.ZIP/src/stub/tmp/armeb.v4a-linux.elf-fold.map
/SOURCE/UPX/SOURCES.ZIP/src/stub/tmp/armeb.v5a-linux.kernel.vmlinux.bin.dump
/SOURCE/UPX/SOURCES.ZIP/src/stub/tmp/i086-dos16.com.bin.dump
/SOURCE/UPX/SOURCES.ZIP/src/stub/tmp/i086-dos16.exe.bin.dump
/SOURCE/UPX/SOURCES.ZIP/src/stub/tmp/i086-dos16.sys.bin.dump
/SOURCE/UPX/SOURCES.ZIP/src/stub/tmp/i386-bsd.elf-entry.bin.dump
/SOURCE/UPX/SOURCES.ZIP/src/stub/tmp/i386-bsd.elf-fold.map
/SOURCE/UPX/SOURCES.ZIP/src/stub/tmp/i386-bsd.elf.execve-entry.bin.dump
/SOURCE/UPX/SOURCES.ZIP/src/stub/tmp/i386-bsd.elf.execve-fold.map
/SOURCE/UPX/SOURCES.ZIP/src/stub/tmp/i386-darwin.dylib-entry.bin.dump
/SOURCE/UPX/SOURCES.ZIP/src/stub/tmp/i386-darwin.macho-entry.bin.dump
/SOURCE/UPX/SOURCES.ZIP/src/stub/tmp/i386-darwin.macho-fold.map
/SOURCE/UPX/SOURCES.ZIP/src/stub/tmp/i386-dos32.djgpp2.bin.dump
/SOURCE/UPX/SOURCES.ZIP/src/stub/tmp/i386-dos32.tmt.bin.dump
/SOURCE/UPX/SOURCES.ZIP/src/stub/tmp/i386-dos32.watcom.le.bin.dump
/SOURCE/UPX/SOURCES.ZIP/src/stub/tmp/i386-linux.elf-entry.bin.dump
/SOURCE/UPX/SOURCES.ZIP/src/stub/tmp/i386-linux.elf-fold.map
/SOURCE/UPX/SOURCES.ZIP/src/stub/tmp/i386-linux.elf.execve-entry.bin.dump
/SOURCE/UPX/SOURCES.ZIP/src/stub/tmp/i386-linux.elf.execve-fold.map
/SOURCE/UPX/SOURCES.ZIP/src/stub/tmp/i386-linux.elf.interp-entry.bin.dump
/SOURCE/UPX/SOURCES.ZIP/src/stub/tmp/i386-linux.elf.interp-fold.map
/SOURCE/UPX/SOURCES.ZIP/src/stub/tmp/i386-linux.elf.shell-entry.bin.dump
/SOURCE/UPX/SOURCES.ZIP/src/stub/tmp/i386-linux.elf.shell-fold.map
/SOURCE/UPX/SOURCES.ZIP/src/stub/tmp/i386-linux.kernel.vmlinux.bin.dump
/SOURCE/UPX/SOURCES.ZIP/src/stub/tmp/i386-linux.kernel.vmlinuz.bin.dump
/SOURCE/UPX/SOURCES.ZIP/src/stub/tmp/i386-linux.shlib-init.bin.dump
/SOURCE/UPX/SOURCES.ZIP/src/stub/tmp/i386-netbsd.elf-entry.bin.dump
/SOURCE/UPX/SOURCES.ZIP/src/stub/tmp/i386-netbsd.elf-fold.map
/SOURCE/UPX/SOURCES.ZIP/src/stub/tmp/i386-openbsd.elf-fold.map
/SOURCE/UPX/SOURCES.ZIP/src/stub/tmp/i386-win32.pe.bin.dump
/SOURCE/UPX/SOURCES.ZIP/src/stub/tmp/m68k-atari.tos.bin.dump
/SOURCE/UPX/SOURCES.ZIP/src/stub/tmp/mips.r3000-linux.elf-entry.bin.dump
/SOURCE/UPX/SOURCES.ZIP/src/stub/tmp/mips.r3000-linux.elf-fold.map
/SOURCE/UPX/SOURCES.ZIP/src/stub/tmp/mips.r3000-linux.shlib-init.bin.dump
/SOURCE/UPX/SOURCES.ZIP/src/stub/tmp/mipsel.r3000-linux.elf-entry.bin.dump
/SOURCE/UPX/SOURCES.ZIP/src/stub/tmp/mipsel.r3000-linux.elf-fold.map
/SOURCE/UPX/SOURCES.ZIP/src/stub/tmp/mipsel.r3000-linux.shlib-init.bin.dump
/SOURCE/UPX/SOURCES.ZIP/src/stub/tmp/mipsel.r3000-ps1.bin.dump
/SOURCE/UPX/SOURCES.ZIP/src/stub/tmp/powerpc-darwin.dylib-entry.bin.dump
/SOURCE/UPX/SOURCES.ZIP/src/stub/tmp/powerpc-darwin.macho-entry.bin.dump
/SOURCE/UPX/SOURCES.ZIP/src/stub/tmp/powerpc-darwin.macho-fold.map
/SOURCE/UPX/SOURCES.ZIP/src/stub/tmp/powerpc-linux.elf-entry.bin.dump
/SOURCE/UPX/SOURCES.ZIP/src/stub/tmp/powerpc-linux.elf-fold.map
/SOURCE/UPX/SOURCES.ZIP/src/stub/tmp/powerpc-linux.kernel.vmlinux.bin.dump
/SOURCE/UPX/SOURCES.ZIP/src/stub/tmp/powerpc64-linux.elf-entry.bin.dump
/SOURCE/UPX/SOURCES.ZIP/src/stub/tmp/powerpc64-linux.elf-fold.map
/SOURCE/UPX/SOURCES.ZIP/src/stub/tmp/powerpc64le-darwin.dylib-entry.bin.dump
/SOURCE/UPX/SOURCES.ZIP/src/stub/tmp/powerpc64le-darwin.macho-entry.bin.dump
/SOURCE/UPX/SOURCES.ZIP/src/stub/tmp/powerpc64le-darwin.macho-fold.map
/SOURCE/UPX/SOURCES.ZIP/src/stub/tmp/powerpc64le-linux.elf-entry.bin.dump
/SOURCE/UPX/SOURCES.ZIP/src/stub/tmp/powerpc64le-linux.elf-fold.map
/SOURCE/UPX/SOURCES.ZIP/src/stub/tmp/powerpc64le-linux.kernel.vmlinux.bin.dump
/SOURCE/UPX/SOURCES.ZIP/src/stub/tools/
/SOURCE/UPX/SOURCES.ZIP/src/stub/tools/armpe/
/SOURCE/UPX/SOURCES.ZIP/src/stub/tools/armpe/Makefile
/SOURCE/UPX/SOURCES.ZIP/src/stub/tools/armpe/armpe_tester.c
/SOURCE/UPX/SOURCES.ZIP/src/stub/tools/sstrip/
/SOURCE/UPX/SOURCES.ZIP/src/stub/tools/sstrip/Makefile
/SOURCE/UPX/SOURCES.ZIP/src/stub/tools/sstrip/README
/SOURCE/UPX/SOURCES.ZIP/src/stub/tools/sstrip/README.1ST
/SOURCE/UPX/SOURCES.ZIP/src/stub/tools/sstrip/sstrip.c
/SOURCE/UPX/SOURCES.ZIP/src/ui.cpp
/SOURCE/UPX/SOURCES.ZIP/src/ui.h
/SOURCE/UPX/SOURCES.ZIP/src/util.cpp
/SOURCE/UPX/SOURCES.ZIP/src/util.h
/SOURCE/UPX/SOURCES.ZIP/src/version.h
/SOURCE/UPX/SOURCES.ZIP/src/work.cpp
/SOURCE/UPX/SOURCES.ZIP/THANKS
