/
/APPINFO/
/APPINFO/UTF8TOCP.DE
/APPINFO/UTF8TOCP.FR
/APPINFO/UTF8TOCP.LSM
/APPINFO/UTF8TOCP.SV
/APPINFO/UTF8TOCP.TR
/LINKS/
/LINKS/UTF8TOCP.BAT
/SOURCE/
/SOURCE/UTF8TOCP/
/SOURCE/UTF8TOCP/SOURCES.ZIP/
/SOURCE/UTF8TOCP/SOURCES.ZIP/HISTORY.TXT
/SOURCE/UTF8TOCP/SOURCES.ZIP/LICENSE.TXT
/SOURCE/UTF8TOCP/SOURCES.ZIP/MAKEFILE
/SOURCE/UTF8TOCP/SOURCES.ZIP/MAKEFILE.DOS
/SOURCE/UTF8TOCP/SOURCES.ZIP/UTF8TOCP.BAT
/SOURCE/UTF8TOCP/SOURCES.ZIP/UTF8TOCP.C
/SOURCE/UTF8TOCP/SOURCES.ZIP/UTF8TOCP.LSM
/SOURCE/UTF8TOCP/SOURCES.ZIP/UTF8TOCP.TXT
/UTIL/
/UTIL/UTF8TOCP/
/UTIL/UTF8TOCP/HISTORY.TXT
/UTIL/UTF8TOCP/LICENSE.TXT
/UTIL/UTF8TOCP/UTF8TOCP.COM
/UTIL/UTF8TOCP/UTF8TOCP.TXT
