/
/APPINFO/
/APPINFO/VITETRIS.DE
/APPINFO/VITETRIS.FR
/APPINFO/VITETRIS.LSM
/APPINFO/VITETRIS.SV
/APPINFO/VITETRIS.TR
/GAMES/
/GAMES/VITETRIS/
/GAMES/VITETRIS/CHANGES.TXT
/GAMES/VITETRIS/CWSDPMI.DOC
/GAMES/VITETRIS/CWSDPMI.EXE
/GAMES/VITETRIS/LICENCE.TXT
/GAMES/VITETRIS/README.DOS
/GAMES/VITETRIS/README.TXT
/GAMES/VITETRIS/TETRIS.EXE
/GAMES/VITETRIS/TETRIS16.EXE
/GAMES/VITETRIS/VITETRIS.CFG
/SOURCE/
/SOURCE/VITETRIS/
/SOURCE/VITETRIS/SOURCES.ZIP/
/SOURCE/VITETRIS/SOURCES.ZIP/changes.txt
/SOURCE/VITETRIS/SOURCES.ZIP/conf1.bat
/SOURCE/VITETRIS/SOURCES.ZIP/conf2.bat
/SOURCE/VITETRIS/SOURCES.ZIP/config.mk
/SOURCE/VITETRIS/SOURCES.ZIP/configure
/SOURCE/VITETRIS/SOURCES.ZIP/dosmake.bat
/SOURCE/VITETRIS/SOURCES.ZIP/dos.mk
/SOURCE/VITETRIS/SOURCES.ZIP/INSTALL
/SOURCE/VITETRIS/SOURCES.ZIP/INSTALL.DOS
/SOURCE/VITETRIS/SOURCES.ZIP/licence.txt
/SOURCE/VITETRIS/SOURCES.ZIP/Makefile
/SOURCE/VITETRIS/SOURCES.ZIP/pc8x16.fnt
/SOURCE/VITETRIS/SOURCES.ZIP/pctime13.zip/
/SOURCE/VITETRIS/SOURCES.ZIP/pctime13.zip/PCTIMER.DOC
/SOURCE/VITETRIS/SOURCES.ZIP/pctime13.zip/GCCINT8.H
/SOURCE/VITETRIS/SOURCES.ZIP/pctime13.zip/GCCINT8.C
/SOURCE/VITETRIS/SOURCES.ZIP/pctime13.zip/TCINT8.H
/SOURCE/VITETRIS/SOURCES.ZIP/pctime13.zip/TCINT8.C
/SOURCE/VITETRIS/SOURCES.ZIP/pctime13.zip/TEST8.C
/SOURCE/VITETRIS/SOURCES.ZIP/pctime13.zip/TEST8.EXE
/SOURCE/VITETRIS/SOURCES.ZIP/pctime13.zip/GCCINT70.H
/SOURCE/VITETRIS/SOURCES.ZIP/pctime13.zip/GCCINT70.C
/SOURCE/VITETRIS/SOURCES.ZIP/pctime13.zip/TCINT70.H
/SOURCE/VITETRIS/SOURCES.ZIP/pctime13.zip/TCINT70.C
/SOURCE/VITETRIS/SOURCES.ZIP/pctime13.zip/TEST70.C
/SOURCE/VITETRIS/SOURCES.ZIP/pctime13.zip/TEST70.EXE
/SOURCE/VITETRIS/SOURCES.ZIP/pctime14.zip/
/SOURCE/VITETRIS/SOURCES.ZIP/pctime14.zip/test.c
/SOURCE/VITETRIS/SOURCES.ZIP/pctime14.zip/maketest.bat
/SOURCE/VITETRIS/SOURCES.ZIP/pctime14.zip/readme.txt
/SOURCE/VITETRIS/SOURCES.ZIP/pctime14.zip/gccint8.h
/SOURCE/VITETRIS/SOURCES.ZIP/pctime14.zip/gccint8.c
/SOURCE/VITETRIS/SOURCES.ZIP/README
/SOURCE/VITETRIS/SOURCES.ZIP/src/
/SOURCE/VITETRIS/SOURCES.ZIP/src/Makefile
/SOURCE/VITETRIS/SOURCES.ZIP/src/cfgfile.c
/SOURCE/VITETRIS/SOURCES.ZIP/src/cfgfile.h
/SOURCE/VITETRIS/SOURCES.ZIP/src/cmdline-empty.c
/SOURCE/VITETRIS/SOURCES.ZIP/src/cmdline.c
/SOURCE/VITETRIS/SOURCES.ZIP/src/config.h
/SOURCE/VITETRIS/SOURCES.ZIP/src/config2.h
/SOURCE/VITETRIS/SOURCES.ZIP/src/draw/
/SOURCE/VITETRIS/SOURCES.ZIP/src/draw/Makefile
/SOURCE/VITETRIS/SOURCES.ZIP/src/draw/draw.c
/SOURCE/VITETRIS/SOURCES.ZIP/src/draw/draw.h
/SOURCE/VITETRIS/SOURCES.ZIP/src/draw/draw2p.c
/SOURCE/VITETRIS/SOURCES.ZIP/src/draw/draw2p_menu.c
/SOURCE/VITETRIS/SOURCES.ZIP/src/draw/draw_menu.c
/SOURCE/VITETRIS/SOURCES.ZIP/src/draw/internal.h
/SOURCE/VITETRIS/SOURCES.ZIP/src/draw/tc.mk
/SOURCE/VITETRIS/SOURCES.ZIP/src/draw/tcmake.bat
/SOURCE/VITETRIS/SOURCES.ZIP/src/focus.c
/SOURCE/VITETRIS/SOURCES.ZIP/src/focus.h
/SOURCE/VITETRIS/SOURCES.ZIP/src/game/
/SOURCE/VITETRIS/SOURCES.ZIP/src/game/Makefile
/SOURCE/VITETRIS/SOURCES.ZIP/src/game/game.c
/SOURCE/VITETRIS/SOURCES.ZIP/src/game/game.h
/SOURCE/VITETRIS/SOURCES.ZIP/src/game/tc.mk
/SOURCE/VITETRIS/SOURCES.ZIP/src/game/tcmake.bat
/SOURCE/VITETRIS/SOURCES.ZIP/src/game/tetris.c
/SOURCE/VITETRIS/SOURCES.ZIP/src/game/tetris.h
/SOURCE/VITETRIS/SOURCES.ZIP/src/game/tetris2p.c
/SOURCE/VITETRIS/SOURCES.ZIP/src/game/tetris2p.h
/SOURCE/VITETRIS/SOURCES.ZIP/src/game/wonlost.c
/SOURCE/VITETRIS/SOURCES.ZIP/src/hiscore.c
/SOURCE/VITETRIS/SOURCES.ZIP/src/hiscore.h
/SOURCE/VITETRIS/SOURCES.ZIP/src/input/
/SOURCE/VITETRIS/SOURCES.ZIP/src/input/Makefile
/SOURCE/VITETRIS/SOURCES.ZIP/src/input/escseq.h
/SOURCE/VITETRIS/SOURCES.ZIP/src/input/inp_allegro.c
/SOURCE/VITETRIS/SOURCES.ZIP/src/input/inp_con.c
/SOURCE/VITETRIS/SOURCES.ZIP/src/input/inp_curses.c
/SOURCE/VITETRIS/SOURCES.ZIP/src/input/input.c
/SOURCE/VITETRIS/SOURCES.ZIP/src/input/input.h
/SOURCE/VITETRIS/SOURCES.ZIP/src/input/joystick.c
/SOURCE/VITETRIS/SOURCES.ZIP/src/input/joystick.h
/SOURCE/VITETRIS/SOURCES.ZIP/src/input/keyboard.c
/SOURCE/VITETRIS/SOURCES.ZIP/src/input/keyboard.h
/SOURCE/VITETRIS/SOURCES.ZIP/src/input/playerin.c
/SOURCE/VITETRIS/SOURCES.ZIP/src/input/playerin.h
/SOURCE/VITETRIS/SOURCES.ZIP/src/input/tc.mk
/SOURCE/VITETRIS/SOURCES.ZIP/src/input/tcmake.bat
/SOURCE/VITETRIS/SOURCES.ZIP/src/input/termin.h
/SOURCE/VITETRIS/SOURCES.ZIP/src/int32t.h
/SOURCE/VITETRIS/SOURCES.ZIP/src/lang.c
/SOURCE/VITETRIS/SOURCES.ZIP/src/lang.h
/SOURCE/VITETRIS/SOURCES.ZIP/src/main.c
/SOURCE/VITETRIS/SOURCES.ZIP/src/menu/
/SOURCE/VITETRIS/SOURCES.ZIP/src/menu/Makefile
/SOURCE/VITETRIS/SOURCES.ZIP/src/menu/blockstyle.c
/SOURCE/VITETRIS/SOURCES.ZIP/src/menu/dropdown.c
/SOURCE/VITETRIS/SOURCES.ZIP/src/menu/gamemenu.c
/SOURCE/VITETRIS/SOURCES.ZIP/src/menu/gameover.c
/SOURCE/VITETRIS/SOURCES.ZIP/src/menu/gm_2p.c
/SOURCE/VITETRIS/SOURCES.ZIP/src/menu/gm_sock.c
/SOURCE/VITETRIS/SOURCES.ZIP/src/menu/hslist.c
/SOURCE/VITETRIS/SOURCES.ZIP/src/menu/inputdev.c
/SOURCE/VITETRIS/SOURCES.ZIP/src/menu/inputset.c
/SOURCE/VITETRIS/SOURCES.ZIP/src/menu/internal.h
/SOURCE/VITETRIS/SOURCES.ZIP/src/menu/men_allegro.c
/SOURCE/VITETRIS/SOURCES.ZIP/src/menu/men_ansi.c
/SOURCE/VITETRIS/SOURCES.ZIP/src/menu/men_curses.c
/SOURCE/VITETRIS/SOURCES.ZIP/src/menu/menu.h
/SOURCE/VITETRIS/SOURCES.ZIP/src/menu/menucore.c
/SOURCE/VITETRIS/SOURCES.ZIP/src/menu/menuext.h
/SOURCE/VITETRIS/SOURCES.ZIP/src/menu/netplay.c
/SOURCE/VITETRIS/SOURCES.ZIP/src/menu/optsmenu.c
/SOURCE/VITETRIS/SOURCES.ZIP/src/menu/startup.c
/SOURCE/VITETRIS/SOURCES.ZIP/src/menu/tc.mk
/SOURCE/VITETRIS/SOURCES.ZIP/src/menu/tcmake.bat
/SOURCE/VITETRIS/SOURCES.ZIP/src/netw/
/SOURCE/VITETRIS/SOURCES.ZIP/src/netw/Makefile
/SOURCE/VITETRIS/SOURCES.ZIP/src/netw/comm.c
/SOURCE/VITETRIS/SOURCES.ZIP/src/netw/comm_inet.c
/SOURCE/VITETRIS/SOURCES.ZIP/src/netw/inet.c
/SOURCE/VITETRIS/SOURCES.ZIP/src/netw/internal.h
/SOURCE/VITETRIS/SOURCES.ZIP/src/netw/no_inet.c
/SOURCE/VITETRIS/SOURCES.ZIP/src/netw/sock.h
/SOURCE/VITETRIS/SOURCES.ZIP/src/netw/socket.c
/SOURCE/VITETRIS/SOURCES.ZIP/src/options.c
/SOURCE/VITETRIS/SOURCES.ZIP/src/options.h
/SOURCE/VITETRIS/SOURCES.ZIP/src/pctimer.h
/SOURCE/VITETRIS/SOURCES.ZIP/src/src-conf.mk
/SOURCE/VITETRIS/SOURCES.ZIP/src/tc.mk
/SOURCE/VITETRIS/SOURCES.ZIP/src/tcmake.bat
/SOURCE/VITETRIS/SOURCES.ZIP/src/textgfx/
/SOURCE/VITETRIS/SOURCES.ZIP/src/textgfx/Makefile
/SOURCE/VITETRIS/SOURCES.ZIP/src/textgfx/alleg.h
/SOURCE/VITETRIS/SOURCES.ZIP/src/textgfx/allegro.c
/SOURCE/VITETRIS/SOURCES.ZIP/src/textgfx/allegro_icon.h
/SOURCE/VITETRIS/SOURCES.ZIP/src/textgfx/allegro_win.c
/SOURCE/VITETRIS/SOURCES.ZIP/src/textgfx/ansi.c
/SOURCE/VITETRIS/SOURCES.ZIP/src/textgfx/ansi_win.c
/SOURCE/VITETRIS/SOURCES.ZIP/src/textgfx/ansivt.h
/SOURCE/VITETRIS/SOURCES.ZIP/src/textgfx/block.c
/SOURCE/VITETRIS/SOURCES.ZIP/src/textgfx/curs.h
/SOURCE/VITETRIS/SOURCES.ZIP/src/textgfx/curses.c
/SOURCE/VITETRIS/SOURCES.ZIP/src/textgfx/curses_win.c
/SOURCE/VITETRIS/SOURCES.ZIP/src/textgfx/ibmgfx.c
/SOURCE/VITETRIS/SOURCES.ZIP/src/textgfx/print.c
/SOURCE/VITETRIS/SOURCES.ZIP/src/textgfx/resize.c
/SOURCE/VITETRIS/SOURCES.ZIP/src/textgfx/tc.mk
/SOURCE/VITETRIS/SOURCES.ZIP/src/textgfx/tcmake.bat
/SOURCE/VITETRIS/SOURCES.ZIP/src/textgfx/term.c
/SOURCE/VITETRIS/SOURCES.ZIP/src/textgfx/textgfx.h
/SOURCE/VITETRIS/SOURCES.ZIP/src/textgfx/win.c
/SOURCE/VITETRIS/SOURCES.ZIP/src/timer.c
/SOURCE/VITETRIS/SOURCES.ZIP/src/timer.h
/SOURCE/VITETRIS/SOURCES.ZIP/src/version.h
/SOURCE/VITETRIS/SOURCES.ZIP/src-conf.bat
/SOURCE/VITETRIS/SOURCES.ZIP/src-conf.sh
/SOURCE/VITETRIS/SOURCES.ZIP/systest.c
/SOURCE/VITETRIS/SOURCES.ZIP/systest.mk
