/
/APPINFO/
/APPINFO/VMSMOUNT.DE
/APPINFO/VMSMOUNT.FR
/APPINFO/VMSMOUNT.LSM
/APPINFO/VMSMOUNT.SV
/APPINFO/VMSMOUNT.TR
/NET/
/NET/VMSMOUNT/
/NET/VMSMOUNT/C1258UNI.TBL
/NET/VMSMOUNT/CP437UNI.TBL
/NET/VMSMOUNT/CP720UNI.TBL
/NET/VMSMOUNT/CP737UNI.TBL
/NET/VMSMOUNT/CP775UNI.TBL
/NET/VMSMOUNT/CP850UNI.TBL
/NET/VMSMOUNT/CP852UNI.TBL
/NET/VMSMOUNT/CP855UNI.TBL
/NET/VMSMOUNT/CP857UNI.TBL
/NET/VMSMOUNT/CP858UNI.TBL
/NET/VMSMOUNT/CP861UNI.TBL
/NET/VMSMOUNT/CP862UNI.TBL
/NET/VMSMOUNT/CP863UNI.TBL
/NET/VMSMOUNT/CP864UNI.TBL
/NET/VMSMOUNT/CP865UNI.TBL
/NET/VMSMOUNT/CP866UNI.TBL
/NET/VMSMOUNT/CP869UNI.TBL
/NET/VMSMOUNT/CP874UNI.TBL
/NET/VMSMOUNT/HISTORY.TXT
/NET/VMSMOUNT/LICENSE.TXT
/NET/VMSMOUNT/README.TXT
/NET/VMSMOUNT/VMSMOUNT.EXE
/NLS/
/NLS/VMSMOUNT.DE
/NLS/VMSMOUNT.EN
/NLS/VMSMOUNT.ES
/NLS/VMSMOUNT.FR
/NLS/VMSMOUNT.NL
/NLS/VMSMOUNT.SV
/NLS/VMSMOUNT.TR
/SOURCE/
/SOURCE/VMSMOUNT/
/SOURCE/VMSMOUNT/SOURCES.ZIP/
/SOURCE/VMSMOUNT/SOURCES.ZIP/C1258UNI.TBL
/SOURCE/VMSMOUNT/SOURCES.ZIP/CP437UNI.TBL
/SOURCE/VMSMOUNT/SOURCES.ZIP/CP720UNI.TBL
/SOURCE/VMSMOUNT/SOURCES.ZIP/CP737UNI.TBL
/SOURCE/VMSMOUNT/SOURCES.ZIP/CP775UNI.TBL
/SOURCE/VMSMOUNT/SOURCES.ZIP/CP850UNI.TBL
/SOURCE/VMSMOUNT/SOURCES.ZIP/CP852UNI.TBL
/SOURCE/VMSMOUNT/SOURCES.ZIP/CP855UNI.TBL
/SOURCE/VMSMOUNT/SOURCES.ZIP/CP857UNI.TBL
/SOURCE/VMSMOUNT/SOURCES.ZIP/CP858UNI.TBL
/SOURCE/VMSMOUNT/SOURCES.ZIP/CP861UNI.TBL
/SOURCE/VMSMOUNT/SOURCES.ZIP/CP862UNI.TBL
/SOURCE/VMSMOUNT/SOURCES.ZIP/CP863UNI.TBL
/SOURCE/VMSMOUNT/SOURCES.ZIP/CP864UNI.TBL
/SOURCE/VMSMOUNT/SOURCES.ZIP/CP865UNI.TBL
/SOURCE/VMSMOUNT/SOURCES.ZIP/CP866UNI.TBL
/SOURCE/VMSMOUNT/SOURCES.ZIP/CP869UNI.TBL
/SOURCE/VMSMOUNT/SOURCES.ZIP/CP874UNI.TBL
/SOURCE/VMSMOUNT/SOURCES.ZIP/DOSDEFS.H
/SOURCE/VMSMOUNT/SOURCES.ZIP/ENDTEXT.C
/SOURCE/VMSMOUNT/SOURCES.ZIP/ENDTEXT.H
/SOURCE/VMSMOUNT/SOURCES.ZIP/GLOBALS.H
/SOURCE/VMSMOUNT/SOURCES.ZIP/HISTORY.TXT
/SOURCE/VMSMOUNT/SOURCES.ZIP/KITTEN.C
/SOURCE/VMSMOUNT/SOURCES.ZIP/KITTEN.H
/SOURCE/VMSMOUNT/SOURCES.ZIP/LFN.C
/SOURCE/VMSMOUNT/SOURCES.ZIP/LFN.H
/SOURCE/VMSMOUNT/SOURCES.ZIP/LICENSE.TXT
/SOURCE/VMSMOUNT/SOURCES.ZIP/MAIN.C
/SOURCE/VMSMOUNT/SOURCES.ZIP/MAKEFILE
/SOURCE/VMSMOUNT/SOURCES.ZIP/MESSAGES.H
/SOURCE/VMSMOUNT/SOURCES.ZIP/MINICLIB.C
/SOURCE/VMSMOUNT/SOURCES.ZIP/MINICLIB.H
/SOURCE/VMSMOUNT/SOURCES.ZIP/README.TXT
/SOURCE/VMSMOUNT/SOURCES.ZIP/REDIR.C
/SOURCE/VMSMOUNT/SOURCES.ZIP/REDIR.H
/SOURCE/VMSMOUNT/SOURCES.ZIP/UNICODE.C
/SOURCE/VMSMOUNT/SOURCES.ZIP/UNICODE.H
/SOURCE/VMSMOUNT/SOURCES.ZIP/VMAUX.C
/SOURCE/VMSMOUNT/SOURCES.ZIP/VMAUX.H
/SOURCE/VMSMOUNT/SOURCES.ZIP/VMCALL.C
/SOURCE/VMSMOUNT/SOURCES.ZIP/VMCALL.H
/SOURCE/VMSMOUNT/SOURCES.ZIP/VMDOS.C
/SOURCE/VMSMOUNT/SOURCES.ZIP/VMDOS.H
/SOURCE/VMSMOUNT/SOURCES.ZIP/VMINT.ASM
/SOURCE/VMSMOUNT/SOURCES.ZIP/VMINT.H
/SOURCE/VMSMOUNT/SOURCES.ZIP/VMSHF.C
/SOURCE/VMSMOUNT/SOURCES.ZIP/VMSHF.H
/SOURCE/VMSMOUNT/SOURCES.ZIP/VMSMOUNT.EN
/SOURCE/VMSMOUNT/SOURCES.ZIP/VMSMOUNT.ES
/SOURCE/VMSMOUNT/SOURCES.ZIP/VMSMOUNT.NL
/SOURCE/VMSMOUNT/SOURCES.ZIP/VMTOOL.C
/SOURCE/VMSMOUNT/SOURCES.ZIP/VMTOOL.H
