/
/APPINFO/
/APPINFO/VNCVIEW.DE
/APPINFO/VNCVIEW.FR
/APPINFO/VNCVIEW.LSM
/APPINFO/VNCVIEW.SV
/APPINFO/VNCVIEW.TR
/NET/
/NET/VNCVIEW/
/NET/VNCVIEW/EGAVGA.BGI
/NET/VNCVIEW/TCP.CFG
/NET/VNCVIEW/VNCVIEWR.EXE
/SOURCE/
/SOURCE/VNCVIEW/
/SOURCE/VNCVIEW/SOURCES.ZIP/
/SOURCE/VNCVIEW/SOURCES.ZIP/ARGSRES.C
/SOURCE/VNCVIEW/SOURCES.ZIP/BLDTIME.C
/SOURCE/VNCVIEW/SOURCES.ZIP/COLOUR.C
/SOURCE/VNCVIEW/SOURCES.ZIP/DESKTOP.C
/SOURCE/VNCVIEW/SOURCES.ZIP/HEXTILE.C
/SOURCE/VNCVIEW/SOURCES.ZIP/LICENCE.TXT
/SOURCE/VNCVIEW/SOURCES.ZIP/MAKEFILE
/SOURCE/VNCVIEW/SOURCES.ZIP/RFB/
/SOURCE/VNCVIEW/SOURCES.ZIP/RFB/CONVTYPE.H
/SOURCE/VNCVIEW/SOURCES.ZIP/RFB/D3DES.C
/SOURCE/VNCVIEW/SOURCES.ZIP/RFB/D3DES.H
/SOURCE/VNCVIEW/SOURCES.ZIP/RFB/RFBPROTO.H
/SOURCE/VNCVIEW/SOURCES.ZIP/RFB/VNCAUTH.C
/SOURCE/VNCVIEW/SOURCES.ZIP/RFB/VNCAUTH.H
/SOURCE/VNCVIEW/SOURCES.ZIP/RFB/ZRLEDEC.H
/SOURCE/VNCVIEW/SOURCES.ZIP/RFB/ZRLEENC.H
/SOURCE/VNCVIEW/SOURCES.ZIP/RFBPROTO.C
/SOURCE/VNCVIEW/SOURCES.ZIP/SOCKETS.C
/SOURCE/VNCVIEW/SOURCES.ZIP/TCP.CFG
/SOURCE/VNCVIEW/SOURCES.ZIP/TURBOC.CFG
/SOURCE/VNCVIEW/SOURCES.ZIP/VIEWER.C
/SOURCE/VNCVIEW/SOURCES.ZIP/VIEWER.H
/SOURCE/VNCVIEW/SOURCES.ZIP/WATTCP/
/SOURCE/VNCVIEW/SOURCES.ZIP/WATTCP/APPS/
/SOURCE/VNCVIEW/SOURCES.ZIP/WATTCP/APPS/COOKIE.C
/SOURCE/VNCVIEW/SOURCES.ZIP/WATTCP/APPS/DAYTIME.C
/SOURCE/VNCVIEW/SOURCES.ZIP/WATTCP/APPS/FINGER.C
/SOURCE/VNCVIEW/SOURCES.ZIP/WATTCP/APPS/HOST.C
/SOURCE/VNCVIEW/SOURCES.ZIP/WATTCP/APPS/LPQ.C
/SOURCE/VNCVIEW/SOURCES.ZIP/WATTCP/APPS/LPR.C
/SOURCE/VNCVIEW/SOURCES.ZIP/WATTCP/APPS/MAKEFILE
/SOURCE/VNCVIEW/SOURCES.ZIP/WATTCP/APPS/NTIME.C
/SOURCE/VNCVIEW/SOURCES.ZIP/WATTCP/APPS/PH.C
/SOURCE/VNCVIEW/SOURCES.ZIP/WATTCP/APPS/PING.C
/SOURCE/VNCVIEW/SOURCES.ZIP/WATTCP/APPS/POPDUMP.C
/SOURCE/VNCVIEW/SOURCES.ZIP/WATTCP/APPS/REXEC.C
/SOURCE/VNCVIEW/SOURCES.ZIP/WATTCP/APPS/TCP.CFG
/SOURCE/VNCVIEW/SOURCES.ZIP/WATTCP/APPS/TCPINFO.C
/SOURCE/VNCVIEW/SOURCES.ZIP/WATTCP/APPS/TCPPORT.C
/SOURCE/VNCVIEW/SOURCES.ZIP/WATTCP/APPS/TCPTALK.C
/SOURCE/VNCVIEW/SOURCES.ZIP/WATTCP/BIN/
/SOURCE/VNCVIEW/SOURCES.ZIP/WATTCP/BIN/CLEAN.BAT
/SOURCE/VNCVIEW/SOURCES.ZIP/WATTCP/BIN/REZIP.BAT
/SOURCE/VNCVIEW/SOURCES.ZIP/WATTCP/BIN/UNZIP.EXE
/SOURCE/VNCVIEW/SOURCES.ZIP/WATTCP/BIN/ZIP.EXE
/SOURCE/VNCVIEW/SOURCES.ZIP/WATTCP/BIN/_CLEAN.BAT
/SOURCE/VNCVIEW/SOURCES.ZIP/WATTCP/BIN/_RUN.BAK
/SOURCE/VNCVIEW/SOURCES.ZIP/WATTCP/BIN/_RUN.BAT
/SOURCE/VNCVIEW/SOURCES.ZIP/WATTCP/CHANGES
/SOURCE/VNCVIEW/SOURCES.ZIP/WATTCP/ELIB/
/SOURCE/VNCVIEW/SOURCES.ZIP/WATTCP/ELIB/BACKGRND.ASM
/SOURCE/VNCVIEW/SOURCES.ZIP/WATTCP/ELIB/BACKGRND.OBJ
/SOURCE/VNCVIEW/SOURCES.ZIP/WATTCP/ELIB/DOSLIST.ASM
/SOURCE/VNCVIEW/SOURCES.ZIP/WATTCP/ELIB/DOSLIST.OBJ
/SOURCE/VNCVIEW/SOURCES.ZIP/WATTCP/ELIB/INCHKSUM.ASM
/SOURCE/VNCVIEW/SOURCES.ZIP/WATTCP/ELIB/INCHKSUM.OBJ
/SOURCE/VNCVIEW/SOURCES.ZIP/WATTCP/ELIB/INTEL.ASM
/SOURCE/VNCVIEW/SOURCES.ZIP/WATTCP/ELIB/INTEL.OBJ
/SOURCE/VNCVIEW/SOURCES.ZIP/WATTCP/ELIB/ISSTRING.C
/SOURCE/VNCVIEW/SOURCES.ZIP/WATTCP/ELIB/ISSTRING.OBJ
/SOURCE/VNCVIEW/SOURCES.ZIP/WATTCP/ELIB/KEEP.ASM
/SOURCE/VNCVIEW/SOURCES.ZIP/WATTCP/ELIB/KEEP.OBJ
/SOURCE/VNCVIEW/SOURCES.ZIP/WATTCP/ELIB/LIBTMPAA.AAA
/SOURCE/VNCVIEW/SOURCES.ZIP/WATTCP/ELIB/MACROS.HSM
/SOURCE/VNCVIEW/SOURCES.ZIP/WATTCP/ELIB/MAKEFILE
/SOURCE/VNCVIEW/SOURCES.ZIP/WATTCP/ELIB/MASMDEFS.HSM
/SOURCE/VNCVIEW/SOURCES.ZIP/WATTCP/ELIB/MODEL.HSM
/SOURCE/VNCVIEW/SOURCES.ZIP/WATTCP/ELIB/OUTCH.ASM
/SOURCE/VNCVIEW/SOURCES.ZIP/WATTCP/ELIB/OUTCH.OBJ
/SOURCE/VNCVIEW/SOURCES.ZIP/WATTCP/ELIB/OUTHEX.ASM
/SOURCE/VNCVIEW/SOURCES.ZIP/WATTCP/ELIB/OUTHEX.OBJ
/SOURCE/VNCVIEW/SOURCES.ZIP/WATTCP/ELIB/OUTHEXES.C
/SOURCE/VNCVIEW/SOURCES.ZIP/WATTCP/ELIB/OUTHEXES.OBJ
/SOURCE/VNCVIEW/SOURCES.ZIP/WATTCP/ELIB/OUTS.ASM
/SOURCE/VNCVIEW/SOURCES.ZIP/WATTCP/ELIB/OUTS.OBJ
/SOURCE/VNCVIEW/SOURCES.ZIP/WATTCP/ELIB/OUTSN.ASM
/SOURCE/VNCVIEW/SOURCES.ZIP/WATTCP/ELIB/OUTSN.OBJ
/SOURCE/VNCVIEW/SOURCES.ZIP/WATTCP/ELIB/QCMP.ASM
/SOURCE/VNCVIEW/SOURCES.ZIP/WATTCP/ELIB/QCMP.OBJ
/SOURCE/VNCVIEW/SOURCES.ZIP/WATTCP/ELIB/QMOVE.ASM
/SOURCE/VNCVIEW/SOURCES.ZIP/WATTCP/ELIB/QMOVE.OBJ
/SOURCE/VNCVIEW/SOURCES.ZIP/WATTCP/ELIB/QMSG.C
/SOURCE/VNCVIEW/SOURCES.ZIP/WATTCP/ELIB/QMSG.OBJ
/SOURCE/VNCVIEW/SOURCES.ZIP/WATTCP/ELIB/SEMAPHOR.ASM
/SOURCE/VNCVIEW/SOURCES.ZIP/WATTCP/ELIB/SEMAPHOR.OBJ
/SOURCE/VNCVIEW/SOURCES.ZIP/WATTCP/ELIB/STRINGS.ASM
/SOURCE/VNCVIEW/SOURCES.ZIP/WATTCP/ELIB/STRINGS.OBJ
/SOURCE/VNCVIEW/SOURCES.ZIP/WATTCP/ELIB/TIMEOUT.ASM
/SOURCE/VNCVIEW/SOURCES.ZIP/WATTCP/ELIB/TIMEOUT.OBJ
/SOURCE/VNCVIEW/SOURCES.ZIP/WATTCP/ERTOS.TXT
/SOURCE/VNCVIEW/SOURCES.ZIP/WATTCP/INCLUDE/
/SOURCE/VNCVIEW/SOURCES.ZIP/WATTCP/INCLUDE/BOOTP.H
/SOURCE/VNCVIEW/SOURCES.ZIP/WATTCP/INCLUDE/COPYRIGH.H
/SOURCE/VNCVIEW/SOURCES.ZIP/WATTCP/INCLUDE/ELIB.H
/SOURCE/VNCVIEW/SOURCES.ZIP/WATTCP/INCLUDE/ETHDEV.H
/SOURCE/VNCVIEW/SOURCES.ZIP/WATTCP/INCLUDE/ICMP.H
/SOURCE/VNCVIEW/SOURCES.ZIP/WATTCP/INCLUDE/TCP.H
/SOURCE/VNCVIEW/SOURCES.ZIP/WATTCP/INCLUDE/WATTCP.H
/SOURCE/VNCVIEW/SOURCES.ZIP/WATTCP/LIB/
/SOURCE/VNCVIEW/SOURCES.ZIP/WATTCP/LIB/WATTCPHG.LIB
/SOURCE/VNCVIEW/SOURCES.ZIP/WATTCP/LIB/WATTCPLG.LIB
/SOURCE/VNCVIEW/SOURCES.ZIP/WATTCP/LIB/WATTCPSM.LIB
/SOURCE/VNCVIEW/SOURCES.ZIP/WATTCP/MAKEFILE
/SOURCE/VNCVIEW/SOURCES.ZIP/WATTCP/MANUAL.TXT
/SOURCE/VNCVIEW/SOURCES.ZIP/WATTCP/README
/SOURCE/VNCVIEW/SOURCES.ZIP/WATTCP/README.2ND
/SOURCE/VNCVIEW/SOURCES.ZIP/WATTCP/SRC/
/SOURCE/VNCVIEW/SOURCES.ZIP/WATTCP/SRC/ASMPKT.ASM
/SOURCE/VNCVIEW/SOURCES.ZIP/WATTCP/SRC/BSDNAME.C
/SOURCE/VNCVIEW/SOURCES.ZIP/WATTCP/SRC/CONSTANT.C
/SOURCE/VNCVIEW/SOURCES.ZIP/WATTCP/SRC/FRAGMENT.C
/SOURCE/VNCVIEW/SOURCES.ZIP/WATTCP/SRC/MAKEFILE
/SOURCE/VNCVIEW/SOURCES.ZIP/WATTCP/SRC/NETBACK.C
/SOURCE/VNCVIEW/SOURCES.ZIP/WATTCP/SRC/PCARP.C
/SOURCE/VNCVIEW/SOURCES.ZIP/WATTCP/SRC/PCBOOTP.C
/SOURCE/VNCVIEW/SOURCES.ZIP/WATTCP/SRC/PCBSD.C
/SOURCE/VNCVIEW/SOURCES.ZIP/WATTCP/SRC/PCBUF.C
/SOURCE/VNCVIEW/SOURCES.ZIP/WATTCP/SRC/PCCONFIG.C
/SOURCE/VNCVIEW/SOURCES.ZIP/WATTCP/SRC/PCDBUG.C
/SOURCE/VNCVIEW/SOURCES.ZIP/WATTCP/SRC/PCICMP.C
/SOURCE/VNCVIEW/SOURCES.ZIP/WATTCP/SRC/PCINTR.C
/SOURCE/VNCVIEW/SOURCES.ZIP/WATTCP/SRC/PCPING.C
/SOURCE/VNCVIEW/SOURCES.ZIP/WATTCP/SRC/PCPKT.C
/SOURCE/VNCVIEW/SOURCES.ZIP/WATTCP/SRC/PCRECV.C
/SOURCE/VNCVIEW/SOURCES.ZIP/WATTCP/SRC/PCSED.C
/SOURCE/VNCVIEW/SOURCES.ZIP/WATTCP/SRC/PCSTAT.C
/SOURCE/VNCVIEW/SOURCES.ZIP/WATTCP/SRC/PCTCP.C
/SOURCE/VNCVIEW/SOURCES.ZIP/WATTCP/SRC/PC_CBRK.C
/SOURCE/VNCVIEW/SOURCES.ZIP/WATTCP/SRC/SELECT.C
/SOURCE/VNCVIEW/SOURCES.ZIP/WATTCP/SRC/SOCK_DBU.C
/SOURCE/VNCVIEW/SOURCES.ZIP/WATTCP/SRC/SOCK_INI.C
/SOURCE/VNCVIEW/SOURCES.ZIP/WATTCP/SRC/SOCK_PRN.C
/SOURCE/VNCVIEW/SOURCES.ZIP/WATTCP/SRC/TEST.C
/SOURCE/VNCVIEW/SOURCES.ZIP/WATTCP/SRC/UDP_DOM.C
/SOURCE/VNCVIEW/SOURCES.ZIP/WATTCP/SRC/UDP_NDS.C
/SOURCE/VNCVIEW/SOURCES.ZIP/WATTCP/SRC/WATTCPD.C
