/
/APPINFO/
/APPINFO/WCD.DE
/APPINFO/WCD.FR
/APPINFO/WCD.LSM
/APPINFO/WCD.SV
/APPINFO/WCD.TR
/BIN/
/BIN/WCD.EXE
/DOC/
/DOC/WCD/
/DOC/WCD/COPYING.TXT
/DOC/WCD/FAQ.TXT
/DOC/WCD/INSTALL.TXT
/DOC/WCD/INST_DOS.TXT
/DOC/WCD/PROBLEMS.TXT
/DOC/WCD/README.TXT
/DOC/WCD/TODO.TXT
/DOC/WCD/WCD.HTM
/DOC/WCD/WCD.TXT
/DOC/WCD/WHATSNEW.TXT
/SOURCE/
/SOURCE/WCD/
/SOURCE/WCD/SOURCES.ZIP/
/SOURCE/WCD/SOURCES.ZIP/DOC/
/SOURCE/WCD/SOURCES.ZIP/DOC/COPYING.DJ
/SOURCE/WCD/SOURCES.ZIP/DOC/COPYING.TXT
/SOURCE/WCD/SOURCES.ZIP/DOC/DOSDIR.TXT
/SOURCE/WCD/SOURCES.ZIP/DOC/FAQ.TXT
/SOURCE/WCD/SOURCES.ZIP/DOC/GCC_DOS.TXT
/SOURCE/WCD/SOURCES.ZIP/DOC/INSTALL.TXT
/SOURCE/WCD/SOURCES.ZIP/DOC/INST_DOS.TXT
/SOURCE/WCD/SOURCES.ZIP/DOC/PROBLEMS.TXT
/SOURCE/WCD/SOURCES.ZIP/DOC/README.TXT
/SOURCE/WCD/SOURCES.ZIP/DOC/TODO.TXT
/SOURCE/WCD/SOURCES.ZIP/DOC/UNIX.TXT
/SOURCE/WCD/SOURCES.ZIP/DOC/VISUALC.TXT
/SOURCE/WCD/SOURCES.ZIP/DOC/WATCOMC.TXT
/SOURCE/WCD/SOURCES.ZIP/DOC/WHATSNEW.TXT
/SOURCE/WCD/SOURCES.ZIP/DOS16/
/SOURCE/WCD/SOURCES.ZIP/DOS16/MAKEFILE
/SOURCE/WCD/SOURCES.ZIP/DOS32/
/SOURCE/WCD/SOURCES.ZIP/DOS32/MAKEFILE
/SOURCE/WCD/SOURCES.ZIP/DOS32/WATCOM/
/SOURCE/WCD/SOURCES.ZIP/DOS32/WATCOM/MAKEFILE
/SOURCE/WCD/SOURCES.ZIP/DOS32BSH/
/SOURCE/WCD/SOURCES.ZIP/DOS32BSH/MAKEFILE
/SOURCE/WCD/SOURCES.ZIP/DOS32BSH/WATCOM/
/SOURCE/WCD/SOURCES.ZIP/DOS32BSH/WATCOM/MAKEFILE
/SOURCE/WCD/SOURCES.ZIP/FILE_ID.DIZ
/SOURCE/WCD/SOURCES.ZIP/MAKEFILE
/SOURCE/WCD/SOURCES.ZIP/MISC/
/SOURCE/WCD/SOURCES.ZIP/MISC/BLDWIN32.SH
/SOURCE/WCD/SOURCES.ZIP/MISC/BLDWIN64.SH
/SOURCE/WCD/SOURCES.ZIP/MISC/UNIX2DOS.MK
/SOURCE/WCD/SOURCES.ZIP/OS2/
/SOURCE/WCD/SOURCES.ZIP/OS2/MAKEFILE
/SOURCE/WCD/SOURCES.ZIP/OS2/WATCOM/
/SOURCE/WCD/SOURCES.ZIP/OS2/WATCOM/MAKEFILE
/SOURCE/WCD/SOURCES.ZIP/OS2/WCD.CMD
/SOURCE/WCD/SOURCES.ZIP/OS2BASH/
/SOURCE/WCD/SOURCES.ZIP/OS2BASH/MAKEFILE
/SOURCE/WCD/SOURCES.ZIP/README.TXT
/SOURCE/WCD/SOURCES.ZIP/SRC/
/SOURCE/WCD/SOURCES.ZIP/SRC/C3PO/
/SOURCE/WCD/SOURCES.ZIP/SRC/C3PO/ADVANCE.H
/SOURCE/WCD/SOURCES.ZIP/SRC/C3PO/COMMAND.C
/SOURCE/WCD/SOURCES.ZIP/SRC/C3PO/COMMAND.H
/SOURCE/WCD/SOURCES.ZIP/SRC/C3PO/CONFIG.H
/SOURCE/WCD/SOURCES.ZIP/SRC/C3PO/CONSTANT.H
/SOURCE/WCD/SOURCES.ZIP/SRC/C3PO/DIRNODE.C
/SOURCE/WCD/SOURCES.ZIP/SRC/C3PO/DIRNODE.H
/SOURCE/WCD/SOURCES.ZIP/SRC/C3PO/ERROR.C
/SOURCE/WCD/SOURCES.ZIP/SRC/C3PO/ERROR.H
/SOURCE/WCD/SOURCES.ZIP/SRC/C3PO/FILE.C
/SOURCE/WCD/SOURCES.ZIP/SRC/C3PO/FILE.H
/SOURCE/WCD/SOURCES.ZIP/SRC/C3PO/GENERATE
/SOURCE/WCD/SOURCES.ZIP/SRC/C3PO/IMAKEFIL
/SOURCE/WCD/SOURCES.ZIP/SRC/C3PO/INTSET.C
/SOURCE/WCD/SOURCES.ZIP/SRC/C3PO/INTSET.H
/SOURCE/WCD/SOURCES.ZIP/SRC/C3PO/NAMESET.C
/SOURCE/WCD/SOURCES.ZIP/SRC/C3PO/NAMESET.H
/SOURCE/WCD/SOURCES.ZIP/SRC/C3PO/NAMESETW.C
/SOURCE/WCD/SOURCES.ZIP/SRC/C3PO/NAMESETW.H
/SOURCE/WCD/SOURCES.ZIP/SRC/C3PO/README
/SOURCE/WCD/SOURCES.ZIP/SRC/C3PO/STD_MACR.H
/SOURCE/WCD/SOURCES.ZIP/SRC/C3PO/STRUCTUR.H
/SOURCE/WCD/SOURCES.ZIP/SRC/C3PO/TEXT.C
/SOURCE/WCD/SOURCES.ZIP/SRC/C3PO/TEXT.H
/SOURCE/WCD/SOURCES.ZIP/SRC/C3PO/TEXTW.C
/SOURCE/WCD/SOURCES.ZIP/SRC/C3PO/TEXTW.H
/SOURCE/WCD/SOURCES.ZIP/SRC/C3PO/USAGE.C
/SOURCE/WCD/SOURCES.ZIP/SRC/C3PO/USAGE.H
/SOURCE/WCD/SOURCES.ZIP/SRC/C3PO/WCD.G
/SOURCE/WCD/SOURCES.ZIP/SRC/C3PO/WCDSTACK.C
/SOURCE/WCD/SOURCES.ZIP/SRC/C3PO/WCDSTACK.H
/SOURCE/WCD/SOURCES.ZIP/SRC/CHK_LOC.SH
/SOURCE/WCD/SOURCES.ZIP/SRC/COLORS.C
/SOURCE/WCD/SOURCES.ZIP/SRC/COLORS.H
/SOURCE/WCD/SOURCES.ZIP/SRC/CONFIG.H
/SOURCE/WCD/SOURCES.ZIP/SRC/DISPLAY.C
/SOURCE/WCD/SOURCES.ZIP/SRC/DISPLAY.H
/SOURCE/WCD/SOURCES.ZIP/SRC/ETC/
/SOURCE/WCD/SOURCES.ZIP/SRC/ETC/PROFILE.D/
/SOURCE/WCD/SOURCES.ZIP/SRC/ETC/PROFILE.D/WCD.CSH
/SOURCE/WCD/SOURCES.ZIP/SRC/ETC/PROFILE.D/WCD.SH
/SOURCE/WCD/SOURCES.ZIP/SRC/FINDDIRS.C
/SOURCE/WCD/SOURCES.ZIP/SRC/FINDDIRS.H
/SOURCE/WCD/SOURCES.ZIP/SRC/GRAPHICS.C
/SOURCE/WCD/SOURCES.ZIP/SRC/GRAPHICS.H
/SOURCE/WCD/SOURCES.ZIP/SRC/MAKEFILE
/SOURCE/WCD/SOURCES.ZIP/SRC/MAN/
/SOURCE/WCD/SOURCES.ZIP/SRC/MAN/DE/
/SOURCE/WCD/SOURCES.ZIP/SRC/MAN/DE/MAN1/
/SOURCE/WCD/SOURCES.ZIP/SRC/MAN/DE/MAN1/WCD.1
/SOURCE/WCD/SOURCES.ZIP/SRC/MAN/DE/MAN1/WCD.HTM
/SOURCE/WCD/SOURCES.ZIP/SRC/MAN/DE/MAN1/WCD.TXT
/SOURCE/WCD/SOURCES.ZIP/SRC/MAN/MAN1/
/SOURCE/WCD/SOURCES.ZIP/SRC/MAN/MAN1/MAKEFILE
/SOURCE/WCD/SOURCES.ZIP/SRC/MAN/MAN1/WCD.1
/SOURCE/WCD/SOURCES.ZIP/SRC/MAN/MAN1/WCD.HTM
/SOURCE/WCD/SOURCES.ZIP/SRC/MAN/MAN1/WCD.POD
/SOURCE/WCD/SOURCES.ZIP/SRC/MAN/MAN1/WCD.TXT
/SOURCE/WCD/SOURCES.ZIP/SRC/MAN/NL/
/SOURCE/WCD/SOURCES.ZIP/SRC/MAN/NL/MAN1/
/SOURCE/WCD/SOURCES.ZIP/SRC/MAN/NL/MAN1/WCD.1
/SOURCE/WCD/SOURCES.ZIP/SRC/MAN/NL/MAN1/WCD.HTM
/SOURCE/WCD/SOURCES.ZIP/SRC/MAN/NL/MAN1/WCD.TXT
/SOURCE/WCD/SOURCES.ZIP/SRC/MAN/PT_BR/
/SOURCE/WCD/SOURCES.ZIP/SRC/MAN/PT_BR/MAN1/
/SOURCE/WCD/SOURCES.ZIP/SRC/MAN/PT_BR/MAN1/WCD.1
/SOURCE/WCD/SOURCES.ZIP/SRC/MAN/PT_BR/MAN1/WCD.HTM
/SOURCE/WCD/SOURCES.ZIP/SRC/MAN/PT_BR/MAN1/WCD.TXT
/SOURCE/WCD/SOURCES.ZIP/SRC/MAN/UK/
/SOURCE/WCD/SOURCES.ZIP/SRC/MAN/UK/MAN1/
/SOURCE/WCD/SOURCES.ZIP/SRC/MAN/UK/MAN1/WCD.1
/SOURCE/WCD/SOURCES.ZIP/SRC/MAN/UK/MAN1/WCD.HTM
/SOURCE/WCD/SOURCES.ZIP/SRC/MAN/UK/MAN1/WCD.POD
/SOURCE/WCD/SOURCES.ZIP/SRC/MAN/UK/MAN1/WCD.TXT
/SOURCE/WCD/SOURCES.ZIP/SRC/MATCH.C
/SOURCE/WCD/SOURCES.ZIP/SRC/MATCH.H
/SOURCE/WCD/SOURCES.ZIP/SRC/MATCHL.C
/SOURCE/WCD/SOURCES.ZIP/SRC/MATCHL.H
/SOURCE/WCD/SOURCES.ZIP/SRC/MATCHW.C
/SOURCE/WCD/SOURCES.ZIP/SRC/MATCHW.H
/SOURCE/WCD/SOURCES.ZIP/SRC/PATCH/
/SOURCE/WCD/SOURCES.ZIP/SRC/PATCH/WCD_BOOL.DIF
/SOURCE/WCD/SOURCES.ZIP/SRC/PO-MAN/
/SOURCE/WCD/SOURCES.ZIP/SRC/PO-MAN/DE.PO
/SOURCE/WCD/SOURCES.ZIP/SRC/PO-MAN/NL.PO
/SOURCE/WCD/SOURCES.ZIP/SRC/PO-MAN/PT_BR.PO
/SOURCE/WCD/SOURCES.ZIP/SRC/PO-MAN/UK.PO
/SOURCE/WCD/SOURCES.ZIP/SRC/PO-MAN/WCD-MAN.POT
/SOURCE/WCD/SOURCES.ZIP/SRC/PO/
/SOURCE/WCD/SOURCES.ZIP/SRC/PO/DA.PO
/SOURCE/WCD/SOURCES.ZIP/SRC/PO/DE.PO
/SOURCE/WCD/SOURCES.ZIP/SRC/PO/EO.PO
/SOURCE/WCD/SOURCES.ZIP/SRC/PO/ES.PO
/SOURCE/WCD/SOURCES.ZIP/SRC/PO/FI.PO
/SOURCE/WCD/SOURCES.ZIP/SRC/PO/FUR.PO
/SOURCE/WCD/SOURCES.ZIP/SRC/PO/NL.PO
/SOURCE/WCD/SOURCES.ZIP/SRC/PO/PT_BR.PO
/SOURCE/WCD/SOURCES.ZIP/SRC/PO/SR.PO
/SOURCE/WCD/SOURCES.ZIP/SRC/PO/UK.PO
/SOURCE/WCD/SOURCES.ZIP/SRC/PO/VI.PO
/SOURCE/WCD/SOURCES.ZIP/SRC/PO/WCD.POT
/SOURCE/WCD/SOURCES.ZIP/SRC/PO/ZH_CN.PO
/SOURCE/WCD/SOURCES.ZIP/SRC/QUERYCP.C
/SOURCE/WCD/SOURCES.ZIP/SRC/QUERYCP.H
/SOURCE/WCD/SOURCES.ZIP/SRC/STACK.C
/SOURCE/WCD/SOURCES.ZIP/SRC/STACK.H
/SOURCE/WCD/SOURCES.ZIP/SRC/TAILOR.H
/SOURCE/WCD/SOURCES.ZIP/SRC/VC.MAK
/SOURCE/WCD/SOURCES.ZIP/SRC/VERSION.MK
/SOURCE/WCD/SOURCES.ZIP/SRC/WATCOM.MIF
/SOURCE/WCD/SOURCES.ZIP/SRC/WCD.C
/SOURCE/WCD/SOURCES.ZIP/SRC/WCD.H
/SOURCE/WCD/SOURCES.ZIP/SRC/WCDDIR.C
/SOURCE/WCD/SOURCES.ZIP/SRC/WCDDIR.H
/SOURCE/WCD/SOURCES.ZIP/SRC/WCWIDTH.C
/SOURCE/WCD/SOURCES.ZIP/SRC/WCWIDTH.H
/SOURCE/WCD/SOURCES.ZIP/SRC/WFIXPATH.C
/SOURCE/WCD/SOURCES.ZIP/SRC/WFIXPATH.H
/SOURCE/WCD/SOURCES.ZIP/TEST/
/SOURCE/WCD/SOURCES.ZIP/TEST/UTF16.WCD
/SOURCE/WCD/SOURCES.ZIP/TEST/UTF8.WCD
/SOURCE/WCD/SOURCES.ZIP/WIN32/
/SOURCE/WCD/SOURCES.ZIP/WIN32/MAKEFILE
/SOURCE/WCD/SOURCES.ZIP/WIN32/VC/
/SOURCE/WCD/SOURCES.ZIP/WIN32/VC/MAKEFILE
/SOURCE/WCD/SOURCES.ZIP/WIN32/WATCOM/
/SOURCE/WCD/SOURCES.ZIP/WIN32/WATCOM/MAKEFILE
/SOURCE/WCD/SOURCES.ZIP/WIN32/WCD.BAT
/SOURCE/WCD/SOURCES.ZIP/WIN32/WCD_WIN9.BAT
/SOURCE/WCD/SOURCES.ZIP/WIN32PSH/
/SOURCE/WCD/SOURCES.ZIP/WIN32PSH/MAKEFILE
/SOURCE/WCD/SOURCES.ZIP/WIN32PSH/VC/
/SOURCE/WCD/SOURCES.ZIP/WIN32PSH/VC/MAKEFILE
/SOURCE/WCD/SOURCES.ZIP/WIN32PSH/WATCOM/
/SOURCE/WCD/SOURCES.ZIP/WIN32PSH/WATCOM/MAKEFILE
/SOURCE/WCD/SOURCES.ZIP/WIN32ZSH/
/SOURCE/WCD/SOURCES.ZIP/WIN32ZSH/MAKEFILE
/SOURCE/WCD/SOURCES.ZIP/WIN32ZSH/VC/
/SOURCE/WCD/SOURCES.ZIP/WIN32ZSH/VC/MAKEFILE
/SOURCE/WCD/SOURCES.ZIP/WIN32ZSH/WATCOM/
/SOURCE/WCD/SOURCES.ZIP/WIN32ZSH/WATCOM/MAKEFILE
/SOURCE/WCD/SOURCES.ZIP/WIN64/
/SOURCE/WCD/SOURCES.ZIP/WIN64/MAKEFILE
/SOURCE/WCD/SOURCES.ZIP/WIN64/VC/
/SOURCE/WCD/SOURCES.ZIP/WIN64/VC/MAKEFILE
/SOURCE/WCD/SOURCES.ZIP/WIN64/WCD.BAT
/SOURCE/WCD/SOURCES.ZIP/WIN64PSH/
/SOURCE/WCD/SOURCES.ZIP/WIN64PSH/MAKEFILE
/SOURCE/WCD/SOURCES.ZIP/WIN64PSH/VC/
/SOURCE/WCD/SOURCES.ZIP/WIN64PSH/VC/MAKEFILE
/SOURCE/WCD/SOURCES.ZIP/WIN64ZSH/
/SOURCE/WCD/SOURCES.ZIP/WIN64ZSH/MAKEFILE
/SOURCE/WCD/SOURCES.ZIP/WIN64ZSH/VC/
/SOURCE/WCD/SOURCES.ZIP/WIN64ZSH/VC/MAKEFILE
