/
/APPINFO/
/APPINFO/XKEYB.DE
/APPINFO/XKEYB.FR
/APPINFO/XKEYB.LSM
/APPINFO/XKEYB.SV
/APPINFO/XKEYB.TR
/BIN/
/BIN/KEY/
/BIN/KEY/BE-CP437.KEY
/BIN/KEY/BE.KEY
/BIN/KEY/BEPO_437.KEY
/BIN/KEY/BEPO_850.KEY
/BIN/KEY/BEPO_863.KEY
/BIN/KEY/BR274.KEY
/BIN/KEY/BR274437.KEY
/BIN/KEY/BR275.KEY
/BIN/KEY/BR850.KEY
/BIN/KEY/CF-CP863.KEY
/BIN/KEY/CF.KEY
/BIN/KEY/CZ.KEY
/BIN/KEY/DK-CP865.KEY
/BIN/KEY/DK.KEY
/BIN/KEY/DVORAK.KEY
/BIN/KEY/ECMA.KEY
/BIN/KEY/FR-CP437.KEY
/BIN/KEY/FR.KEY
/BIN/KEY/GR-CP437.KEY
/BIN/KEY/GR.KEY
/BIN/KEY/GR2.KEY
/BIN/KEY/HU.KEY
/BIN/KEY/HU208.KEY
/BIN/KEY/IT-CP437.KEY
/BIN/KEY/IT.KEY
/BIN/KEY/IT142.KEY
/BIN/KEY/IT142437.KEY
/BIN/KEY/JP106.KEY
/BIN/KEY/LA-CP437.KEY
/BIN/KEY/LA.KEY
/BIN/KEY/LDVORAK.KEY
/BIN/KEY/NL-CP437.KEY
/BIN/KEY/NL.KEY
/BIN/KEY/NO-CP865.KEY
/BIN/KEY/NO.KEY
/BIN/KEY/PC437.KEY
/BIN/KEY/PC850.KEY
/BIN/KEY/PC860.KEY
/BIN/KEY/PL.KEY
/BIN/KEY/PO-CP860.KEY
/BIN/KEY/PO.KEY
/BIN/KEY/RDVORAK.KEY
/BIN/KEY/RU.KEY
/BIN/KEY/SF-CP437.KEY
/BIN/KEY/SF.KEY
/BIN/KEY/SG-CP437.KEY
/BIN/KEY/SG.KEY
/BIN/KEY/SK.KEY
/BIN/KEY/SP-CP437.KEY
/BIN/KEY/SP.KEY
/BIN/KEY/SU-CP437.KEY
/BIN/KEY/SU.KEY
/BIN/KEY/SV-CP437.KEY
/BIN/KEY/SV.KEY
/BIN/KEY/TR.KEY
/BIN/KEY/UK-CP437.KEY
/BIN/KEY/UK.KEY
/BIN/KEY/UK168.KEY
/BIN/KEY/UK168437.KEY
/BIN/KEY/US-LV.KEY
/BIN/KEY/US.KEY
/BIN/KEY/YU.KEY
/BIN/KEYB.BAT
/BIN/KEYMAN.EXE
/BIN/LISTXDEF.EXE
/BIN/PC437.KEY
/BIN/SCANKBD.EXE
/BIN/XKEYB.EXE
/BIN/XKEYBRES.EXE
/DOC/
/DOC/KEYPACKS/
/DOC/KEYPACKS/REDUCED/
/DOC/KEYPACKS/REDUCED/COPYING.TXT
/DOC/KEYPACKS/REDUCED/HISTORY.TXT
/DOC/KEYPACKS/REDUCED/LAYOUTS.TXT
/DOC/KEYPACKS/REDUCED/README.TXT
/DOC/XKEYB/
/DOC/XKEYB/COPYING.TXT
/DOC/XKEYB/HISTORY.TXT
/DOC/XKEYB/XKEYB.TXT
/HELP/
/HELP/KEYMAN
/HELP/LISTXDEF
/HELP/XKEYB
/HELP/XKEYBRES
/SOURCE/
/SOURCE/XKEYB/
/SOURCE/XKEYB/SOURCES.ZIP/
/SOURCE/XKEYB/SOURCES.ZIP/CALLINT2.ASM
/SOURCE/XKEYB/SOURCES.ZIP/CHANGES.TXT
/SOURCE/XKEYB/SOURCES.ZIP/CONVCOPY.PAS
/SOURCE/XKEYB/SOURCES.ZIP/COPYING.TXT
/SOURCE/XKEYB/SOURCES.ZIP/GLOBAL.PAS
/SOURCE/XKEYB/SOURCES.ZIP/INTER2.PAS
/SOURCE/XKEYB/SOURCES.ZIP/INTR.ASM
/SOURCE/XKEYB/SOURCES.ZIP/KEYMAN.PAS
/SOURCE/XKEYB/SOURCES.ZIP/LISTXDEF.PAS
/SOURCE/XKEYB/SOURCES.ZIP/MAKEFILE
/SOURCE/XKEYB/SOURCES.ZIP/NOTES.TXT
/SOURCE/XKEYB/SOURCES.ZIP/SCANKBD.PAS
/SOURCE/XKEYB/SOURCES.ZIP/XKEYB.FHL
/SOURCE/XKEYB/SOURCES.ZIP/XKEYB.PAS
/SOURCE/XKEYB/SOURCES.ZIP/XKEYB_PI.PAS
